#
# A fatal error has been detected by the Java Runtime Environment:
#
#  SIGSEGV (0xb) at pc=0x00007fa41dd84ef7, pid=19262, tid=19268
#
# JRE version: Java(TM) SE Runtime Environment (9.0+11) (build 9.0.4+11)
# Java VM: Java HotSpot(TM) 64-Bit Server VM (9.0.4+11, mixed mode, tiered, compressed oops, g1 gc, linux-amd64)
# Problematic frame:
# C  [liblwjgl_opengl.so+0x45ef7]  Java_org_lwjgl_opengl_GL20_glCreateProgram+0x7
#
# Core dump will be written. Default location: Core dumps may be processed with "/usr/share/apport/apport %p %s %c %d %P" (or dumping to /home/oliver/git/Master_thesis_java/Masterthesis_IK/core.19262)
#
# If you would like to submit a bug report, please visit:
#   http://bugreport.java.com/bugreport/crash.jsp
# The crash happened outside the Java Virtual Machine in native code.
# See problematic frame for where to report the bug.
#

---------------  S U M M A R Y ------------

Command Line: -Dorg.lwjgl.util.Debug=true -Djava.library.path=nope -Dfile.encoding=UTF-8 base.IkSolver

Host: Intel(R) Core(TM) i7-2630QM CPU @ 2.00GHz, 8 cores, 7G, Ubuntu 16.04.4 LTS
Time: Wed May  9 15:03:12 2018 CEST elapsed time: 0 seconds (0d 0h 0m 0s)

---------------  T H R E A D  ---------------

Current thread (0x00007fa494013000):  JavaThread "main" [_thread_in_native, id=19268, stack(0x00007fa49ae48000,0x00007fa49af48000)]

Stack: [0x00007fa49ae48000,0x00007fa49af48000],  sp=0x00007fa49af46278,  free space=1016k
Native frames: (J=compiled Java code, A=aot compiled Java code, j=interpreted, Vv=VM code, C=native code)
C  [liblwjgl_opengl.so+0x45ef7]  Java_org_lwjgl_opengl_GL20_glCreateProgram+0x7
j  au.edu.federation.caliko.visualisation.ShaderProgram.<init>()V+10
j  au.edu.federation.caliko.visualisation.FabrikModel3D.<clinit>()V+174
v  ~StubRoutines::call_stub
V  [libjvm.so+0x83d60a]  JavaCalls::call_helper(JavaValue*, methodHandle const&, JavaCallArguments*, Thread*)+0x47a
V  [libjvm.so+0x815870]  InstanceKlass::call_class_initializer_impl(instanceKlassHandle, Thread*)+0x1d0
V  [libjvm.so+0x816627]  InstanceKlass::initialize(Thread*)+0x487
V  [libjvm.so+0x82b3e1]  InterpreterRuntime::_new(JavaThread*, ConstantPool*, int)+0x281
j  base.IkSolver.init()V+65
j  base.IkSolver.run()V+1364
j  base.IkSolver.main([Ljava/lang/String;)V+7
v  ~StubRoutines::call_stub
V  [libjvm.so+0x83d60a]  JavaCalls::call_helper(JavaValue*, methodHandle const&, JavaCallArguments*, Thread*)+0x47a
V  [libjvm.so+0x89a67f]  jni_invoke_static(JNIEnv_*, JavaValue*, _jobject*, JNICallType, _jmethodID*, JNI_ArgumentPusher*, Thread*) [clone .isra.90]+0x21f
V  [libjvm.so+0x8ab5ce]  jni_CallStaticVoidMethod+0x14e
C  [libjli.so+0x4397]  JavaMain+0xa17
C  [libpthread.so.0+0x76ba]  start_thread+0xca

Java frames: (J=compiled Java code, j=interpreted, Vv=VM code)
j  org.lwjgl.opengl.GL20.glCreateProgram()I+0
j  au.edu.federation.caliko.visualisation.ShaderProgram.<init>()V+10
j  au.edu.federation.caliko.visualisation.FabrikModel3D.<clinit>()V+174
v  ~StubRoutines::call_stub
j  base.IkSolver.init()V+65
j  base.IkSolver.run()V+1364
j  base.IkSolver.main([Ljava/lang/String;)V+7
v  ~StubRoutines::call_stub

siginfo: si_signo: 11 (SIGSEGV), si_code: 1 (SEGV_MAPERR), si_addr: 0x0000000000000878

Register to memory mapping:

RAX=0x0000000000000000 is an unknown value
RBX={method} {0x00007fa41fd40440} 'glCreateProgram' '()I' in 'org/lwjgl/opengl/GL20'
RCX=0x0000000000000002 is an unknown value
RDX=0x00007fa49a1014d8: <offset 0x00000000013494d8> in /usr/lib/jvm/java-9-oracle/lib/server/libjvm.so at 0x00007fa498db8000
RSP=0x00007fa49af46278 is pointing into the stack for thread: 0x00007fa494013000
RBP=0x00007fa49af462c8 is pointing into the stack for thread: 0x00007fa494013000
RSI=0x00007fa49af462d8 is pointing into the stack for thread: 0x00007fa494013000
RDI=0x00007fa494013218 is an unknown value
R8 ={method} {0x00007fa41fd40440} 'glCreateProgram' '()I' in 'org/lwjgl/opengl/GL20'
R9 =0x0000000000000010 is an unknown value
R10=0x00007fa479309d09 is at code_begin+873 in an Interpreter codelet
method entry point (kind = native)  [0x00007fa4793099a0, 0x00007fa47930a3e0]  2624 bytes
R11=0x000000008c7b5848 is an oop
java.lang.Class 
{0x000000008c7b5848} - klass: 'java/lang/Class'
R12=0x0000000000000000 is an unknown value
R13=0x00007fa41fd40438 is pointing into metadata
R14=0x00007fa49af462e0 is pointing into the stack for thread: 0x00007fa494013000
R15=0x00007fa494013000 is a thread


Registers:
RAX=0x0000000000000000, RBX=0x00007fa41fd40440, RCX=0x0000000000000002, RDX=0x00007fa49a1014d8
RSP=0x00007fa49af46278, RBP=0x00007fa49af462c8, RSI=0x00007fa49af462d8, RDI=0x00007fa494013218
R8 =0x00007fa41fd40440, R9 =0x0000000000000010, R10=0x00007fa479309d09, R11=0x000000008c7b5848
R12=0x0000000000000000, R13=0x00007fa41fd40438, R14=0x00007fa49af462e0, R15=0x00007fa494013000
RIP=0x00007fa41dd84ef7, EFLAGS=0x0000000000010283, CSGSFS=0x002b000000000033, ERR=0x0000000000000004
  TRAPNO=0x000000000000000e

Top of Stack: (sp=0x00007fa49af46278)
0x00007fa49af46278:   00007fa479309d35 00007fa49af46280
0x00007fa49af46288:   00007fa41fd40438 00007fa49af462e0
0x00007fa49af46298:   00007fa41fd53ab0 0000000000000000
0x00007fa49af462a8:   000000008c7b5848 00007fa41fd40440 

Instructions: (pc=0x00007fa41dd84ef7)
0x00007fa41dd84ed7:   40 18 48 8b 80 b0 09 00 00 ff e0 66 66 66 66 66
0x00007fa41dd84ee7:   2e 0f 1f 84 00 00 00 00 00 48 8b 07 48 8b 40 18
0x00007fa41dd84ef7:   ff a0 78 08 00 00 0f 1f 00 48 8b 07 41 89 d1 89
0x00007fa41dd84f07:   ce 4c 89 c2 44 89 cf 48 8b 40 18 48 8b 80 b8 15 


---------------  P R O C E S S  ---------------

Java Threads: ( => current thread )
  0x00007fa49421e000 JavaThread "Service Thread" daemon [_thread_blocked, id=19299, stack(0x00007fa41e300000,0x00007fa41e401000)]
  0x00007fa494186000 JavaThread "Common-Cleaner" daemon [_thread_blocked, id=19298, stack(0x00007fa41e401000,0x00007fa41e502000)]
  0x00007fa494179800 JavaThread "Sweeper thread" daemon [_thread_blocked, id=19297, stack(0x00007fa41e92a000,0x00007fa41ea2b000)]
  0x00007fa494177800 JavaThread "C1 CompilerThread3" daemon [_thread_blocked, id=19296, stack(0x00007fa41ea2b000,0x00007fa41eb2c000)]
  0x00007fa494175800 JavaThread "C2 CompilerThread2" daemon [_thread_blocked, id=19295, stack(0x00007fa41eb2c000,0x00007fa41ec2d000)]
  0x00007fa494173800 JavaThread "C2 CompilerThread1" daemon [_thread_blocked, id=19294, stack(0x00007fa41ec2d000,0x00007fa41ed2e000)]
  0x00007fa494171800 JavaThread "C2 CompilerThread0" daemon [_thread_blocked, id=19293, stack(0x00007fa41ed2e000,0x00007fa41ee2f000)]
  0x00007fa49416f800 JavaThread "Signal Dispatcher" daemon [_thread_blocked, id=19292, stack(0x00007fa41ee2f000,0x00007fa41ef30000)]
  0x00007fa494154000 JavaThread "Finalizer" daemon [_thread_blocked, id=19291, stack(0x00007fa41f386000,0x00007fa41f487000)]
  0x00007fa49414b800 JavaThread "Reference Handler" daemon [_thread_blocked, id=19290, stack(0x00007fa41f487000,0x00007fa41f588000)]
=>0x00007fa494013000 JavaThread "main" [_thread_in_native, id=19268, stack(0x00007fa49ae48000,0x00007fa49af48000)]

Other Threads:
  0x00007fa494142000 VMThread "VM Thread" [stack: 0x00007fa41f589000,0x00007fa41f689000] [id=19289]
  0x00007fa494221000 WatcherThread [stack: 0x00007fa41e200000,0x00007fa41e300000] [id=19300]
  0x00007fa49402a800 GCTaskThread "GC Thread#0" [stack: 0x00007fa47901b000,0x00007fa47911b000] [id=19269]
  0x00007fa49402c000 GCTaskThread "GC Thread#1" [stack: 0x00007fa478f1a000,0x00007fa47901a000] [id=19270]
  0x00007fa49402d800 GCTaskThread "GC Thread#2" [stack: 0x00007fa478e19000,0x00007fa478f19000] [id=19271]
  0x00007fa49402f800 GCTaskThread "GC Thread#3" [stack: 0x00007fa478d18000,0x00007fa478e18000] [id=19272]
  0x00007fa494031000 GCTaskThread "GC Thread#4" [stack: 0x00007fa478c17000,0x00007fa478d17000] [id=19273]
  0x00007fa494032800 GCTaskThread "GC Thread#5" [stack: 0x00007fa478b16000,0x00007fa478c16000] [id=19274]
  0x00007fa494034800 GCTaskThread "GC Thread#6" [stack: 0x00007fa478a15000,0x00007fa478b15000] [id=19275]
  0x00007fa494036000 GCTaskThread "GC Thread#7" [stack: 0x00007fa478914000,0x00007fa478a14000] [id=19276]
  0x00007fa49406c000 ConcurrentGCThread "G1 Main Marker" [stack: 0x00007fa4508d8000,0x00007fa4509d8000] [id=19286]
  0x00007fa49406d800 ConcurrentGCThread "G1 Marker#0" [stack: 0x00007fa4507d7000,0x00007fa4508d7000] [id=19287]
  0x00007fa49406f800 ConcurrentGCThread "G1 Marker#1" [stack: 0x00007fa4506d6000,0x00007fa4507d6000] [id=19288]
  0x00007fa494045000 ConcurrentGCThread "G1 Refine#0" [stack: 0x00007fa4538fa000,0x00007fa4539fa000] [id=19284]
  0x00007fa494043000 ConcurrentGCThread "G1 Refine#1" [stack: 0x00007fa4539fb000,0x00007fa453afb000] [id=19283]
  0x00007fa494041000 ConcurrentGCThread "G1 Refine#2" [stack: 0x00007fa453afc000,0x00007fa453bfc000] [id=19282]
  0x00007fa49403f800 ConcurrentGCThread "G1 Refine#3" [stack: 0x00007fa453bfd000,0x00007fa453cfd000] [id=19281]
  0x00007fa49403d800 ConcurrentGCThread "G1 Refine#4" [stack: 0x00007fa453cfe000,0x00007fa453dfe000] [id=19280]
  0x00007fa49403c000 ConcurrentGCThread "G1 Refine#5" [stack: 0x00007fa453dff000,0x00007fa453eff000] [id=19279]
  0x00007fa49403a000 ConcurrentGCThread "G1 Refine#6" [stack: 0x00007fa453f00000,0x00007fa454000000] [id=19278]
  0x00007fa494038800 ConcurrentGCThread "G1 Refine#7" [stack: 0x00007fa47800b000,0x00007fa47810b000] [id=19277]
  0x00007fa494046800 ConcurrentGCThread "G1 Young RemSet Sampling" [stack: 0x00007fa4537f9000,0x00007fa4538f9000] [id=19285]

Threads with active compile tasks:

VM state:not at safepoint (normal execution)

VM Mutex/Monitor currently owned by a thread: None

Heap address: 0x0000000085000000, size: 1968 MB, Compressed Oops mode: 32-bit
Narrow klass base: 0x0000000000000000, Narrow klass shift: 3
Compressed class space size: 1073741824 Address: 0x0000000100000000

Heap:
 garbage-first heap   total 126976K, used 6144K [0x0000000085000000, 0x00000000851003e0, 0x0000000100000000)
  region size 1024K, 7 young (7168K), 0 survivors (0K)
 Metaspace       used 8499K, capacity 8684K, committed 8832K, reserved 1056768K
  class space    used 731K, capacity 799K, committed 896K, reserved 1048576K
Heap Regions: E=young(eden), S=young(survivor), O=old, HS=humongous(starts), HC=humongous(continues), CS=collection set, F=free, A=archive, TS=gc time stamp, AC=allocation context, TAMS=top-at-mark-start (previous, next)
|   0|0x0000000085000000, 0x0000000085000000, 0x0000000085100000|  0%| F|  |TS  0|AC  0|TAMS 0x0000000085000000, 0x0000000085000000|
|   1|0x0000000085100000, 0x0000000085100000, 0x0000000085200000|  0%| F|  |TS  0|AC  0|TAMS 0x0000000085100000, 0x0000000085100000|
|   2|0x0000000085200000, 0x0000000085200000, 0x0000000085300000|  0%| F|  |TS  0|AC  0|TAMS 0x0000000085200000, 0x0000000085200000|
|   3|0x0000000085300000, 0x0000000085300000, 0x0000000085400000|  0%| F|  |TS  0|AC  0|TAMS 0x0000000085300000, 0x0000000085300000|
|   4|0x0000000085400000, 0x0000000085400000, 0x0000000085500000|  0%| F|  |TS  0|AC  0|TAMS 0x0000000085400000, 0x0000000085400000|
|   5|0x0000000085500000, 0x0000000085500000, 0x0000000085600000|  0%| F|  |TS  0|AC  0|TAMS 0x0000000085500000, 0x0000000085500000|
|   6|0x0000000085600000, 0x0000000085600000, 0x0000000085700000|  0%| F|  |TS  0|AC  0|TAMS 0x0000000085600000, 0x0000000085600000|
|   7|0x0000000085700000, 0x0000000085700000, 0x0000000085800000|  0%| F|  |TS  0|AC  0|TAMS 0x0000000085700000, 0x0000000085700000|
|   8|0x0000000085800000, 0x0000000085800000, 0x0000000085900000|  0%| F|  |TS  0|AC  0|TAMS 0x0000000085800000, 0x0000000085800000|
|   9|0x0000000085900000, 0x0000000085900000, 0x0000000085a00000|  0%| F|  |TS  0|AC  0|TAMS 0x0000000085900000, 0x0000000085900000|
|  10|0x0000000085a00000, 0x0000000085a00000, 0x0000000085b00000|  0%| F|  |TS  0|AC  0|TAMS 0x0000000085a00000, 0x0000000085a00000|
|  11|0x0000000085b00000, 0x0000000085b00000, 0x0000000085c00000|  0%| F|  |TS  0|AC  0|TAMS 0x0000000085b00000, 0x0000000085b00000|
|  12|0x0000000085c00000, 0x0000000085c00000, 0x0000000085d00000|  0%| F|  |TS  0|AC  0|TAMS 0x0000000085c00000, 0x0000000085c00000|
|  13|0x0000000085d00000, 0x0000000085d00000, 0x0000000085e00000|  0%| F|  |TS  0|AC  0|TAMS 0x0000000085d00000, 0x0000000085d00000|
|  14|0x0000000085e00000, 0x0000000085e00000, 0x0000000085f00000|  0%| F|  |TS  0|AC  0|TAMS 0x0000000085e00000, 0x0000000085e00000|
|  15|0x0000000085f00000, 0x0000000085f00000, 0x0000000086000000|  0%| F|  |TS  0|AC  0|TAMS 0x0000000085f00000, 0x0000000085f00000|
|  16|0x0000000086000000, 0x0000000086000000, 0x0000000086100000|  0%| F|  |TS  0|AC  0|TAMS 0x0000000086000000, 0x0000000086000000|
|  17|0x0000000086100000, 0x0000000086100000, 0x0000000086200000|  0%| F|  |TS  0|AC  0|TAMS 0x0000000086100000, 0x0000000086100000|
|  18|0x0000000086200000, 0x0000000086200000, 0x0000000086300000|  0%| F|  |TS  0|AC  0|TAMS 0x0000000086200000, 0x0000000086200000|
|  19|0x0000000086300000, 0x0000000086300000, 0x0000000086400000|  0%| F|  |TS  0|AC  0|TAMS 0x0000000086300000, 0x0000000086300000|
|  20|0x0000000086400000, 0x0000000086400000, 0x0000000086500000|  0%| F|  |TS  0|AC  0|TAMS 0x0000000086400000, 0x0000000086400000|
|  21|0x0000000086500000, 0x0000000086500000, 0x0000000086600000|  0%| F|  |TS  0|AC  0|TAMS 0x0000000086500000, 0x0000000086500000|
|  22|0x0000000086600000, 0x0000000086600000, 0x0000000086700000|  0%| F|  |TS  0|AC  0|TAMS 0x0000000086600000, 0x0000000086600000|
|  23|0x0000000086700000, 0x0000000086700000, 0x0000000086800000|  0%| F|  |TS  0|AC  0|TAMS 0x0000000086700000, 0x0000000086700000|
|  24|0x0000000086800000, 0x0000000086800000, 0x0000000086900000|  0%| F|  |TS  0|AC  0|TAMS 0x0000000086800000, 0x0000000086800000|
|  25|0x0000000086900000, 0x0000000086900000, 0x0000000086a00000|  0%| F|  |TS  0|AC  0|TAMS 0x0000000086900000, 0x0000000086900000|
|  26|0x0000000086a00000, 0x0000000086a00000, 0x0000000086b00000|  0%| F|  |TS  0|AC  0|TAMS 0x0000000086a00000, 0x0000000086a00000|
|  27|0x0000000086b00000, 0x0000000086b00000, 0x0000000086c00000|  0%| F|  |TS  0|AC  0|TAMS 0x0000000086b00000, 0x0000000086b00000|
|  28|0x0000000086c00000, 0x0000000086c00000, 0x0000000086d00000|  0%| F|  |TS  0|AC  0|TAMS 0x0000000086c00000, 0x0000000086c00000|
|  29|0x0000000086d00000, 0x0000000086d00000, 0x0000000086e00000|  0%| F|  |TS  0|AC  0|TAMS 0x0000000086d00000, 0x0000000086d00000|
|  30|0x0000000086e00000, 0x0000000086e00000, 0x0000000086f00000|  0%| F|  |TS  0|AC  0|TAMS 0x0000000086e00000, 0x0000000086e00000|
|  31|0x0000000086f00000, 0x0000000086f00000, 0x0000000087000000|  0%| F|  |TS  0|AC  0|TAMS 0x0000000086f00000, 0x0000000086f00000|
|  32|0x0000000087000000, 0x0000000087000000, 0x0000000087100000|  0%| F|  |TS  0|AC  0|TAMS 0x0000000087000000, 0x0000000087000000|
|  33|0x0000000087100000, 0x0000000087100000, 0x0000000087200000|  0%| F|  |TS  0|AC  0|TAMS 0x0000000087100000, 0x0000000087100000|
|  34|0x0000000087200000, 0x0000000087200000, 0x0000000087300000|  0%| F|  |TS  0|AC  0|TAMS 0x0000000087200000, 0x0000000087200000|
|  35|0x0000000087300000, 0x0000000087300000, 0x0000000087400000|  0%| F|  |TS  0|AC  0|TAMS 0x0000000087300000, 0x0000000087300000|
|  36|0x0000000087400000, 0x0000000087400000, 0x0000000087500000|  0%| F|  |TS  0|AC  0|TAMS 0x0000000087400000, 0x0000000087400000|
|  37|0x0000000087500000, 0x0000000087500000, 0x0000000087600000|  0%| F|  |TS  0|AC  0|TAMS 0x0000000087500000, 0x0000000087500000|
|  38|0x0000000087600000, 0x0000000087600000, 0x0000000087700000|  0%| F|  |TS  0|AC  0|TAMS 0x0000000087600000, 0x0000000087600000|
|  39|0x0000000087700000, 0x0000000087700000, 0x0000000087800000|  0%| F|  |TS  0|AC  0|TAMS 0x0000000087700000, 0x0000000087700000|
|  40|0x0000000087800000, 0x0000000087800000, 0x0000000087900000|  0%| F|  |TS  0|AC  0|TAMS 0x0000000087800000, 0x0000000087800000|
|  41|0x0000000087900000, 0x0000000087900000, 0x0000000087a00000|  0%| F|  |TS  0|AC  0|TAMS 0x0000000087900000, 0x0000000087900000|
|  42|0x0000000087a00000, 0x0000000087a00000, 0x0000000087b00000|  0%| F|  |TS  0|AC  0|TAMS 0x0000000087a00000, 0x0000000087a00000|
|  43|0x0000000087b00000, 0x0000000087b00000, 0x0000000087c00000|  0%| F|  |TS  0|AC  0|TAMS 0x0000000087b00000, 0x0000000087b00000|
|  44|0x0000000087c00000, 0x0000000087c00000, 0x0000000087d00000|  0%| F|  |TS  0|AC  0|TAMS 0x0000000087c00000, 0x0000000087c00000|
|  45|0x0000000087d00000, 0x0000000087d00000, 0x0000000087e00000|  0%| F|  |TS  0|AC  0|TAMS 0x0000000087d00000, 0x0000000087d00000|
|  46|0x0000000087e00000, 0x0000000087e00000, 0x0000000087f00000|  0%| F|  |TS  0|AC  0|TAMS 0x0000000087e00000, 0x0000000087e00000|
|  47|0x0000000087f00000, 0x0000000087f00000, 0x0000000088000000|  0%| F|  |TS  0|AC  0|TAMS 0x0000000087f00000, 0x0000000087f00000|
|  48|0x0000000088000000, 0x0000000088000000, 0x0000000088100000|  0%| F|  |TS  0|AC  0|TAMS 0x0000000088000000, 0x0000000088000000|
|  49|0x0000000088100000, 0x0000000088100000, 0x0000000088200000|  0%| F|  |TS  0|AC  0|TAMS 0x0000000088100000, 0x0000000088100000|
|  50|0x0000000088200000, 0x0000000088200000, 0x0000000088300000|  0%| F|  |TS  0|AC  0|TAMS 0x0000000088200000, 0x0000000088200000|
|  51|0x0000000088300000, 0x0000000088300000, 0x0000000088400000|  0%| F|  |TS  0|AC  0|TAMS 0x0000000088300000, 0x0000000088300000|
|  52|0x0000000088400000, 0x0000000088400000, 0x0000000088500000|  0%| F|  |TS  0|AC  0|TAMS 0x0000000088400000, 0x0000000088400000|
|  53|0x0000000088500000, 0x0000000088500000, 0x0000000088600000|  0%| F|  |TS  0|AC  0|TAMS 0x0000000088500000, 0x0000000088500000|
|  54|0x0000000088600000, 0x0000000088600000, 0x0000000088700000|  0%| F|  |TS  0|AC  0|TAMS 0x0000000088600000, 0x0000000088600000|
|  55|0x0000000088700000, 0x0000000088700000, 0x0000000088800000|  0%| F|  |TS  0|AC  0|TAMS 0x0000000088700000, 0x0000000088700000|
|  56|0x0000000088800000, 0x0000000088800000, 0x0000000088900000|  0%| F|  |TS  0|AC  0|TAMS 0x0000000088800000, 0x0000000088800000|
|  57|0x0000000088900000, 0x0000000088900000, 0x0000000088a00000|  0%| F|  |TS  0|AC  0|TAMS 0x0000000088900000, 0x0000000088900000|
|  58|0x0000000088a00000, 0x0000000088a00000, 0x0000000088b00000|  0%| F|  |TS  0|AC  0|TAMS 0x0000000088a00000, 0x0000000088a00000|
|  59|0x0000000088b00000, 0x0000000088b00000, 0x0000000088c00000|  0%| F|  |TS  0|AC  0|TAMS 0x0000000088b00000, 0x0000000088b00000|
|  60|0x0000000088c00000, 0x0000000088c00000, 0x0000000088d00000|  0%| F|  |TS  0|AC  0|TAMS 0x0000000088c00000, 0x0000000088c00000|
|  61|0x0000000088d00000, 0x0000000088d00000, 0x0000000088e00000|  0%| F|  |TS  0|AC  0|TAMS 0x0000000088d00000, 0x0000000088d00000|
|  62|0x0000000088e00000, 0x0000000088e00000, 0x0000000088f00000|  0%| F|  |TS  0|AC  0|TAMS 0x0000000088e00000, 0x0000000088e00000|
|  63|0x0000000088f00000, 0x0000000088f00000, 0x0000000089000000|  0%| F|  |TS  0|AC  0|TAMS 0x0000000088f00000, 0x0000000088f00000|
|  64|0x0000000089000000, 0x0000000089000000, 0x0000000089100000|  0%| F|  |TS  0|AC  0|TAMS 0x0000000089000000, 0x0000000089000000|
|  65|0x0000000089100000, 0x0000000089100000, 0x0000000089200000|  0%| F|  |TS  0|AC  0|TAMS 0x0000000089100000, 0x0000000089100000|
|  66|0x0000000089200000, 0x0000000089200000, 0x0000000089300000|  0%| F|  |TS  0|AC  0|TAMS 0x0000000089200000, 0x0000000089200000|
|  67|0x0000000089300000, 0x0000000089300000, 0x0000000089400000|  0%| F|  |TS  0|AC  0|TAMS 0x0000000089300000, 0x0000000089300000|
|  68|0x0000000089400000, 0x0000000089400000, 0x0000000089500000|  0%| F|  |TS  0|AC  0|TAMS 0x0000000089400000, 0x0000000089400000|
|  69|0x0000000089500000, 0x0000000089500000, 0x0000000089600000|  0%| F|  |TS  0|AC  0|TAMS 0x0000000089500000, 0x0000000089500000|
|  70|0x0000000089600000, 0x0000000089600000, 0x0000000089700000|  0%| F|  |TS  0|AC  0|TAMS 0x0000000089600000, 0x0000000089600000|
|  71|0x0000000089700000, 0x0000000089700000, 0x0000000089800000|  0%| F|  |TS  0|AC  0|TAMS 0x0000000089700000, 0x0000000089700000|
|  72|0x0000000089800000, 0x0000000089800000, 0x0000000089900000|  0%| F|  |TS  0|AC  0|TAMS 0x0000000089800000, 0x0000000089800000|
|  73|0x0000000089900000, 0x0000000089900000, 0x0000000089a00000|  0%| F|  |TS  0|AC  0|TAMS 0x0000000089900000, 0x0000000089900000|
|  74|0x0000000089a00000, 0x0000000089a00000, 0x0000000089b00000|  0%| F|  |TS  0|AC  0|TAMS 0x0000000089a00000, 0x0000000089a00000|
|  75|0x0000000089b00000, 0x0000000089b00000, 0x0000000089c00000|  0%| F|  |TS  0|AC  0|TAMS 0x0000000089b00000, 0x0000000089b00000|
|  76|0x0000000089c00000, 0x0000000089c00000, 0x0000000089d00000|  0%| F|  |TS  0|AC  0|TAMS 0x0000000089c00000, 0x0000000089c00000|
|  77|0x0000000089d00000, 0x0000000089d00000, 0x0000000089e00000|  0%| F|  |TS  0|AC  0|TAMS 0x0000000089d00000, 0x0000000089d00000|
|  78|0x0000000089e00000, 0x0000000089e00000, 0x0000000089f00000|  0%| F|  |TS  0|AC  0|TAMS 0x0000000089e00000, 0x0000000089e00000|
|  79|0x0000000089f00000, 0x0000000089f00000, 0x000000008a000000|  0%| F|  |TS  0|AC  0|TAMS 0x0000000089f00000, 0x0000000089f00000|
|  80|0x000000008a000000, 0x000000008a000000, 0x000000008a100000|  0%| F|  |TS  0|AC  0|TAMS 0x000000008a000000, 0x000000008a000000|
|  81|0x000000008a100000, 0x000000008a100000, 0x000000008a200000|  0%| F|  |TS  0|AC  0|TAMS 0x000000008a100000, 0x000000008a100000|
|  82|0x000000008a200000, 0x000000008a200000, 0x000000008a300000|  0%| F|  |TS  0|AC  0|TAMS 0x000000008a200000, 0x000000008a200000|
|  83|0x000000008a300000, 0x000000008a300000, 0x000000008a400000|  0%| F|  |TS  0|AC  0|TAMS 0x000000008a300000, 0x000000008a300000|
|  84|0x000000008a400000, 0x000000008a400000, 0x000000008a500000|  0%| F|  |TS  0|AC  0|TAMS 0x000000008a400000, 0x000000008a400000|
|  85|0x000000008a500000, 0x000000008a500000, 0x000000008a600000|  0%| F|  |TS  0|AC  0|TAMS 0x000000008a500000, 0x000000008a500000|
|  86|0x000000008a600000, 0x000000008a600000, 0x000000008a700000|  0%| F|  |TS  0|AC  0|TAMS 0x000000008a600000, 0x000000008a600000|
|  87|0x000000008a700000, 0x000000008a700000, 0x000000008a800000|  0%| F|  |TS  0|AC  0|TAMS 0x000000008a700000, 0x000000008a700000|
|  88|0x000000008a800000, 0x000000008a800000, 0x000000008a900000|  0%| F|  |TS  0|AC  0|TAMS 0x000000008a800000, 0x000000008a800000|
|  89|0x000000008a900000, 0x000000008a900000, 0x000000008aa00000|  0%| F|  |TS  0|AC  0|TAMS 0x000000008a900000, 0x000000008a900000|
|  90|0x000000008aa00000, 0x000000008aa00000, 0x000000008ab00000|  0%| F|  |TS  0|AC  0|TAMS 0x000000008aa00000, 0x000000008aa00000|
|  91|0x000000008ab00000, 0x000000008ab00000, 0x000000008ac00000|  0%| F|  |TS  0|AC  0|TAMS 0x000000008ab00000, 0x000000008ab00000|
|  92|0x000000008ac00000, 0x000000008ac00000, 0x000000008ad00000|  0%| F|  |TS  0|AC  0|TAMS 0x000000008ac00000, 0x000000008ac00000|
|  93|0x000000008ad00000, 0x000000008ad00000, 0x000000008ae00000|  0%| F|  |TS  0|AC  0|TAMS 0x000000008ad00000, 0x000000008ad00000|
|  94|0x000000008ae00000, 0x000000008ae00000, 0x000000008af00000|  0%| F|  |TS  0|AC  0|TAMS 0x000000008ae00000, 0x000000008ae00000|
|  95|0x000000008af00000, 0x000000008af00000, 0x000000008b000000|  0%| F|  |TS  0|AC  0|TAMS 0x000000008af00000, 0x000000008af00000|
|  96|0x000000008b000000, 0x000000008b000000, 0x000000008b100000|  0%| F|  |TS  0|AC  0|TAMS 0x000000008b000000, 0x000000008b000000|
|  97|0x000000008b100000, 0x000000008b100000, 0x000000008b200000|  0%| F|  |TS  0|AC  0|TAMS 0x000000008b100000, 0x000000008b100000|
|  98|0x000000008b200000, 0x000000008b200000, 0x000000008b300000|  0%| F|  |TS  0|AC  0|TAMS 0x000000008b200000, 0x000000008b200000|
|  99|0x000000008b300000, 0x000000008b300000, 0x000000008b400000|  0%| F|  |TS  0|AC  0|TAMS 0x000000008b300000, 0x000000008b300000|
| 100|0x000000008b400000, 0x000000008b400000, 0x000000008b500000|  0%| F|  |TS  0|AC  0|TAMS 0x000000008b400000, 0x000000008b400000|
| 101|0x000000008b500000, 0x000000008b500000, 0x000000008b600000|  0%| F|  |TS  0|AC  0|TAMS 0x000000008b500000, 0x000000008b500000|
| 102|0x000000008b600000, 0x000000008b600000, 0x000000008b700000|  0%| F|  |TS  0|AC  0|TAMS 0x000000008b600000, 0x000000008b600000|
| 103|0x000000008b700000, 0x000000008b700000, 0x000000008b800000|  0%| F|  |TS  0|AC  0|TAMS 0x000000008b700000, 0x000000008b700000|
| 104|0x000000008b800000, 0x000000008b800000, 0x000000008b900000|  0%| F|  |TS  0|AC  0|TAMS 0x000000008b800000, 0x000000008b800000|
| 105|0x000000008b900000, 0x000000008b900000, 0x000000008ba00000|  0%| F|  |TS  0|AC  0|TAMS 0x000000008b900000, 0x000000008b900000|
| 106|0x000000008ba00000, 0x000000008ba00000, 0x000000008bb00000|  0%| F|  |TS  0|AC  0|TAMS 0x000000008ba00000, 0x000000008ba00000|
| 107|0x000000008bb00000, 0x000000008bb00000, 0x000000008bc00000|  0%| F|  |TS  0|AC  0|TAMS 0x000000008bb00000, 0x000000008bb00000|
| 108|0x000000008bc00000, 0x000000008bc00000, 0x000000008bd00000|  0%| F|  |TS  0|AC  0|TAMS 0x000000008bc00000, 0x000000008bc00000|
| 109|0x000000008bd00000, 0x000000008bd00000, 0x000000008be00000|  0%| F|  |TS  0|AC  0|TAMS 0x000000008bd00000, 0x000000008bd00000|
| 110|0x000000008be00000, 0x000000008be00000, 0x000000008bf00000|  0%| F|  |TS  0|AC  0|TAMS 0x000000008be00000, 0x000000008be00000|
| 111|0x000000008bf00000, 0x000000008bf00000, 0x000000008c000000|  0%| F|  |TS  0|AC  0|TAMS 0x000000008bf00000, 0x000000008bf00000|
| 112|0x000000008c000000, 0x000000008c000000, 0x000000008c100000|  0%| F|  |TS  0|AC  0|TAMS 0x000000008c000000, 0x000000008c000000|
| 113|0x000000008c100000, 0x000000008c100000, 0x000000008c200000|  0%| F|  |TS  0|AC  0|TAMS 0x000000008c100000, 0x000000008c100000|
| 114|0x000000008c200000, 0x000000008c200000, 0x000000008c300000|  0%| F|  |TS  0|AC  0|TAMS 0x000000008c200000, 0x000000008c200000|
| 115|0x000000008c300000, 0x000000008c300000, 0x000000008c400000|  0%| F|  |TS  0|AC  0|TAMS 0x000000008c300000, 0x000000008c300000|
| 116|0x000000008c400000, 0x000000008c400000, 0x000000008c500000|  0%| F|  |TS  0|AC  0|TAMS 0x000000008c400000, 0x000000008c400000|
| 117|0x000000008c500000, 0x000000008c5f84c8, 0x000000008c600000| 96%| E|  |TS  0|AC  0|TAMS 0x000000008c500000, 0x000000008c500000|
| 118|0x000000008c600000, 0x000000008c700000, 0x000000008c700000|100%| E|CS|TS  0|AC  0|TAMS 0x000000008c600000, 0x000000008c600000|
| 119|0x000000008c700000, 0x000000008c800000, 0x000000008c800000|100%| E|CS|TS  0|AC  0|TAMS 0x000000008c700000, 0x000000008c700000|
| 120|0x000000008c800000, 0x000000008c900000, 0x000000008c900000|100%| E|CS|TS  0|AC  0|TAMS 0x000000008c800000, 0x000000008c800000|
| 121|0x000000008c900000, 0x000000008ca00000, 0x000000008ca00000|100%| E|CS|TS  0|AC  0|TAMS 0x000000008c900000, 0x000000008c900000|
| 122|0x000000008ca00000, 0x000000008cb00000, 0x000000008cb00000|100%| E|CS|TS  0|AC  0|TAMS 0x000000008ca00000, 0x000000008ca00000|
| 123|0x000000008cb00000, 0x000000008cc00000, 0x000000008cc00000|100%| E|CS|TS  0|AC  0|TAMS 0x000000008cb00000, 0x000000008cb00000|

Card table byte_map: [0x00007fa452c70000,0x00007fa453048000] byte_map_base: 0x00007fa452848000

Marking Bits (Prev, Next): (CMBitMap*) 0x00007fa49406b030, (CMBitMap*) 0x00007fa49406b068
 Prev Bits: [0x00007fa4509d8000, 0x00007fa452898000)
 Next Bits: [0x00007fa432140000, 0x00007fa434000000)

Polling page: 0x00007fa49af75000

CodeHeap 'non-profiled nmethods': size=120032Kb used=145Kb max_used=145Kb free=119886Kb
 bounds [0x00007fa480db9000, 0x00007fa481029000, 0x00007fa4882f1000]
CodeHeap 'profiled nmethods': size=120028Kb used=835Kb max_used=835Kb free=119192Kb
 bounds [0x00007fa479882000, 0x00007fa479af2000, 0x00007fa480db9000]
CodeHeap 'non-nmethods': size=5700Kb used=1211Kb max_used=1233Kb free=4488Kb
 bounds [0x00007fa4792f1000, 0x00007fa479561000, 0x00007fa479882000]
 total_blobs=1039 nmethods=533 adapters=302
 compilation: enabled

Compilation events (10 events):
Event: 0,380 Thread 0x00007fa494177800  525       1       java.lang.invoke.MethodTypeForm::basicType (5 bytes)
Event: 0,380 Thread 0x00007fa494177800 nmethod 525 0x00007fa480ddd090 code [0x00007fa480ddd240, 0x00007fa480ddd350]
Event: 0,381 Thread 0x00007fa494177800  530       3       java.lang.invoke.LambdaForm::parameterType (9 bytes)
Event: 0,381 Thread 0x00007fa494177800 nmethod 530 0x00007fa479951b90 code [0x00007fa479951d40, 0x00007fa479951ee8]
Event: 0,381 Thread 0x00007fa494177800  531       3       sun.invoke.util.Wrapper::forBasicType (16 bytes)
Event: 0,381 Thread 0x00007fa494177800 nmethod 531 0x00007fa479952010 code [0x00007fa4799521c0, 0x00007fa479952428]
Event: 0,383 Thread 0x00007fa494177800  532       3       java.nio.charset.CoderResult::isUnderflow (13 bytes)
Event: 0,383 Thread 0x00007fa494177800 nmethod 532 0x00007fa479952510 code [0x00007fa4799526c0, 0x00007fa479952870]
Event: 0,383 Thread 0x00007fa494177800  533       3       java.net.URL::<init> (8 bytes)
Event: 0,383 Thread 0x00007fa494177800 nmethod 533 0x00007fa479952910 code [0x00007fa479952ac0, 0x00007fa479952c48]

GC Heap History (0 events):
No events

Deoptimization events (1 events):
Event: 0,235 Thread 0x00007fa494013000 Uncommon trap: reason=unstable_if action=reinterpret pc=0x00007fa480dbbf94 method=java.lang.String.charAt(I)C @ 4 c2

Classes redefined (0 events):
No events

Internal exceptions (9 events):
Event: 0,262 Thread 0x00007fa494013000 Exception <a 'java/lang/NoSuchMethodError'{0x000000008c7e5410}: java.lang.invoke.DirectMethodHandle$Holder.invokeStatic(Ljava/lang/Object;Ljava/lang/Object;)I> (0x000000008c7e5410) thrown at [/scratch/opt/mach5/mesos/work_dir/slaves/5af44a71-976a-41b7-81d
Event: 0,266 Thread 0x00007fa494013000 Exception <a 'java/lang/NoSuchMethodError'{0x000000008c7f3528}: method resolution failed> (0x000000008c7f3528) thrown at [/scratch/opt/mach5/mesos/work_dir/slaves/5af44a71-976a-41b7-81de-5773b84ec572-S39643/frameworks/1735e8a2-a1db-478c-8104-60c8b0af87dd-
Event: 0,267 Thread 0x00007fa494013000 Exception <a 'java/lang/NoSuchMethodError'{0x000000008c7f76f0}: method resolution failed> (0x000000008c7f76f0) thrown at [/scratch/opt/mach5/mesos/work_dir/slaves/5af44a71-976a-41b7-81de-5773b84ec572-S39643/frameworks/1735e8a2-a1db-478c-8104-60c8b0af87dd-
Event: 0,267 Thread 0x00007fa494013000 Exception <a 'java/lang/NoSuchMethodError'{0x000000008c7fabf0}: java.lang.invoke.DelegatingMethodHandle$Holder.delegate(Ljava/lang/Object;Ljava/lang/Object;ILjava/lang/Object;)V> (0x000000008c7fabf0) thrown at [/scratch/opt/mach5/mesos/work_dir/slaves/5af
Event: 0,268 Thread 0x00007fa494013000 Exception <a 'java/lang/NoSuchMethodError'{0x000000008c7fe968}: java.lang.invoke.DirectMethodHandle$Holder.invokeSpecial(Ljava/lang/Object;Ljava/lang/Object;Ljava/lang/Object;)I> (0x000000008c7fe968) thrown at [/scratch/opt/mach5/mesos/work_dir/slaves/5af
Event: 0,269 Thread 0x00007fa494013000 Exception <a 'java/lang/NoSuchMethodError'{0x000000008c606400}: java.lang.invoke.DirectMethodHandle$Holder.invokeStaticInit(Ljava/lang/Object;Ljava/lang/Object;Ljava/lang/Object;)Ljava/lang/Object;> (0x000000008c606400) thrown at [/scratch/opt/mach5/mesos
Event: 0,282 Thread 0x00007fa494013000 Exception <a 'java/lang/NoSuchMethodError'{0x000000008c650ce8}: java.lang.Object.lambda$static$0(Ljava/lang/String;)Ljava/lang/Boolean;> (0x000000008c650ce8) thrown at [/scratch/opt/mach5/mesos/work_dir/slaves/5af44a71-976a-41b7-81de-5773b84ec572-S39643/f
Event: 0,284 Thread 0x00007fa494013000 Exception <a 'java/lang/NoSuchMethodError'{0x000000008c65abd8}: java.lang.Object.lambda$union$2(Ljava/util/regex/Pattern$CharPredicate;I)Z> (0x000000008c65abd8) thrown at [/scratch/opt/mach5/mesos/work_dir/slaves/5af44a71-976a-41b7-81de-5773b84ec572-S3964
Event: 0,366 Thread 0x00007fa494013000 Exception <a 'sun/nio/fs/UnixException'{0x000000008c50bdf0}> (0x000000008c50bdf0) thrown at [/scratch/opt/mach5/mesos/work_dir/slaves/5af44a71-976a-41b7-81de-5773b84ec572-S39643/frameworks/1735e8a2-a1db-478c-8104-60c8b0af87dd-0196/executors/a3f74ad9-294f-

Events (10 events):
Event: 0,383 loading class org/lwjgl/system/MathUtil
Event: 0,383 loading class org/lwjgl/system/MathUtil done
Event: 0,383 loading class org/lwjgl/system/linux/DynamicLinkLoader
Event: 0,383 loading class org/lwjgl/system/linux/DynamicLinkLoader done
Event: 0,392 loading class org/lwjgl/opengl/GL$2
Event: 0,392 loading class org/lwjgl/opengl/GL$2 done
Event: 0,393 loading class org/lwjgl/opengl/GL$SharedLibraryGL
Event: 0,393 loading class org/lwjgl/opengl/GL$SharedLibraryGL done
Event: 0,393 loading class org/lwjgl/system/SharedLibrary$Delegate
Event: 0,393 loading class org/lwjgl/system/SharedLibrary$Delegate done


Dynamic libraries:
00400000-00401000 r-xp 00000000 08:01 3807052                            /usr/lib/jvm/java-9-oracle/bin/java
00600000-00601000 rw-p 00000000 08:01 3807052                            /usr/lib/jvm/java-9-oracle/bin/java
00a02000-00a23000 rw-p 00000000 00:00 0                                  [heap]
85000000-8cc00000 rw-p 00000000 00:00 0 
8cc00000-100000000 ---p 00000000 00:00 0 
100000000-1000e0000 rw-p 00000000 00:00 0 
1000e0000-140000000 ---p 00000000 00:00 0 
7fa3e8000000-7fa3e8021000 rw-p 00000000 00:00 0 
7fa3e8021000-7fa3ec000000 ---p 00000000 00:00 0 
7fa3ee200000-7fa3ef61e000 r-xp 00000000 08:01 3411185                    /usr/lib/nvidia-390/libnvidia-glcore.so.390.48
7fa3ef61e000-7fa3ef63f000 rwxp 0141e000 08:01 3411185                    /usr/lib/nvidia-390/libnvidia-glcore.so.390.48
7fa3ef63f000-7fa3efa74000 r-xp 0143f000 08:01 3411185                    /usr/lib/nvidia-390/libnvidia-glcore.so.390.48
7fa3efa74000-7fa3efc74000 ---p 01874000 08:01 3411185                    /usr/lib/nvidia-390/libnvidia-glcore.so.390.48
7fa3efc74000-7fa3effe7000 rw-p 01874000 08:01 3411185                    /usr/lib/nvidia-390/libnvidia-glcore.so.390.48
7fa3effe7000-7fa3f0000000 rw-p 00000000 00:00 0 
7fa3f0000000-7fa3f0021000 rw-p 00000000 00:00 0 
7fa3f0021000-7fa3f4000000 ---p 00000000 00:00 0 
7fa3f4000000-7fa3f4021000 rw-p 00000000 00:00 0 
7fa3f4021000-7fa3f8000000 ---p 00000000 00:00 0 
7fa3f8000000-7fa3f8187000 rw-p 00000000 00:00 0 
7fa3f8187000-7fa3fc000000 ---p 00000000 00:00 0 
7fa3fc000000-7fa3fc021000 rw-p 00000000 00:00 0 
7fa3fc021000-7fa400000000 ---p 00000000 00:00 0 
7fa400000000-7fa400021000 rw-p 00000000 00:00 0 
7fa400021000-7fa404000000 ---p 00000000 00:00 0 
7fa404000000-7fa40407f000 rw-p 00000000 00:00 0 
7fa40407f000-7fa408000000 ---p 00000000 00:00 0 
7fa408000000-7fa408021000 rw-p 00000000 00:00 0 
7fa408021000-7fa40c000000 ---p 00000000 00:00 0 
7fa40c000000-7fa40c1c7000 rw-p 00000000 00:00 0 
7fa40c1c7000-7fa410000000 ---p 00000000 00:00 0 
7fa410000000-7fa410021000 rw-p 00000000 00:00 0 
7fa410021000-7fa414000000 ---p 00000000 00:00 0 
7fa414000000-7fa414021000 rw-p 00000000 00:00 0 
7fa414021000-7fa418000000 ---p 00000000 00:00 0 
7fa418000000-7fa418021000 rw-p 00000000 00:00 0 
7fa418021000-7fa41c000000 ---p 00000000 00:00 0 
7fa41ca87000-7fa41cc86000 rw-p 00000000 00:00 0 
7fa41cc86000-7fa41cc8b000 r-xp 00000000 08:01 3415809                    /usr/lib/x86_64-linux-gnu/libXdmcp.so.6.0.0
7fa41cc8b000-7fa41ce8a000 ---p 00005000 08:01 3415809                    /usr/lib/x86_64-linux-gnu/libXdmcp.so.6.0.0
7fa41ce8a000-7fa41ce8b000 r--p 00004000 08:01 3415809                    /usr/lib/x86_64-linux-gnu/libXdmcp.so.6.0.0
7fa41ce8b000-7fa41ce8c000 rw-p 00005000 08:01 3415809                    /usr/lib/x86_64-linux-gnu/libXdmcp.so.6.0.0
7fa41ce8c000-7fa41ce8e000 r-xp 00000000 08:01 3415798                    /usr/lib/x86_64-linux-gnu/libXau.so.6.0.0
7fa41ce8e000-7fa41d08e000 ---p 00002000 08:01 3415798                    /usr/lib/x86_64-linux-gnu/libXau.so.6.0.0
7fa41d08e000-7fa41d08f000 r--p 00002000 08:01 3415798                    /usr/lib/x86_64-linux-gnu/libXau.so.6.0.0
7fa41d08f000-7fa41d090000 rw-p 00003000 08:01 3415798                    /usr/lib/x86_64-linux-gnu/libXau.so.6.0.0
7fa41d090000-7fa41d0b1000 r-xp 00000000 08:01 3417216                    /usr/lib/x86_64-linux-gnu/libxcb.so.1.1.0
7fa41d0b1000-7fa41d2b0000 ---p 00021000 08:01 3417216                    /usr/lib/x86_64-linux-gnu/libxcb.so.1.1.0
7fa41d2b0000-7fa41d2b1000 r--p 00020000 08:01 3417216                    /usr/lib/x86_64-linux-gnu/libxcb.so.1.1.0
7fa41d2b1000-7fa41d2b2000 rw-p 00021000 08:01 3417216                    /usr/lib/x86_64-linux-gnu/libxcb.so.1.1.0
7fa41d2b2000-7fa41d2c3000 r-xp 00000000 08:01 3415811                    /usr/lib/x86_64-linux-gnu/libXext.so.6.4.0
7fa41d2c3000-7fa41d4c2000 ---p 00011000 08:01 3415811                    /usr/lib/x86_64-linux-gnu/libXext.so.6.4.0
7fa41d4c2000-7fa41d4c3000 r--p 00010000 08:01 3415811                    /usr/lib/x86_64-linux-gnu/libXext.so.6.4.0
7fa41d4c3000-7fa41d4c4000 rw-p 00011000 08:01 3415811                    /usr/lib/x86_64-linux-gnu/libXext.so.6.4.0
7fa41d4c4000-7fa41d5f9000 r-xp 00000000 08:01 3415794                    /usr/lib/x86_64-linux-gnu/libX11.so.6.3.0
7fa41d5f9000-7fa41d7f9000 ---p 00135000 08:01 3415794                    /usr/lib/x86_64-linux-gnu/libX11.so.6.3.0
7fa41d7f9000-7fa41d7fa000 r--p 00135000 08:01 3415794                    /usr/lib/x86_64-linux-gnu/libX11.so.6.3.0
7fa41d7fa000-7fa41d7fe000 rw-p 00136000 08:01 3415794                    /usr/lib/x86_64-linux-gnu/libX11.so.6.3.0
7fa41d7fe000-7fa41d801000 r-xp 00000000 08:01 3411189                    /usr/lib/nvidia-390/tls/libnvidia-tls.so.390.48
7fa41d801000-7fa41da01000 ---p 00003000 08:01 3411189                    /usr/lib/nvidia-390/tls/libnvidia-tls.so.390.48
7fa41da01000-7fa41da02000 rw-p 00003000 08:01 3411189                    /usr/lib/nvidia-390/tls/libnvidia-tls.so.390.48
7fa41da02000-7fa41dacb000 r-xp 00000000 08:01 3411194                    /usr/lib/nvidia-390/libGL.so.390.48
7fa41dacb000-7fa41daff000 rwxp 000c9000 08:01 3411194                    /usr/lib/nvidia-390/libGL.so.390.48
7fa41daff000-7fa41db13000 r-xp 000fd000 08:01 3411194                    /usr/lib/nvidia-390/libGL.so.390.48
7fa41db13000-7fa41dd13000 ---p 00111000 08:01 3411194                    /usr/lib/nvidia-390/libGL.so.390.48
7fa41dd13000-7fa41dd38000 rw-p 00111000 08:01 3411194                    /usr/lib/nvidia-390/libGL.so.390.48
7fa41dd38000-7fa41dd3f000 rw-p 00000000 00:00 0 
7fa41dd3f000-7fa41ddaa000 r-xp 00000000 08:01 23724423                   /tmp/lwjgloliver/3.1.5-build-1/liblwjgl_opengl.so
7fa41ddaa000-7fa41dfa9000 ---p 0006b000 08:01 23724423                   /tmp/lwjgloliver/3.1.5-build-1/liblwjgl_opengl.so
7fa41dfa9000-7fa41dfaa000 r--p 0006a000 08:01 23724423                   /tmp/lwjgloliver/3.1.5-build-1/liblwjgl_opengl.so
7fa41dfaa000-7fa41dfab000 rw-p 0006b000 08:01 23724423                   /tmp/lwjgloliver/3.1.5-build-1/liblwjgl_opengl.so
7fa41dfab000-7fa41dffe000 r-xp 00000000 08:01 23724420                   /tmp/lwjgloliver/3.1.5-build-1/liblwjgl.so
7fa41dffe000-7fa41e1fd000 ---p 00053000 08:01 23724420                   /tmp/lwjgloliver/3.1.5-build-1/liblwjgl.so
7fa41e1fd000-7fa41e1fe000 r--p 00052000 08:01 23724420                   /tmp/lwjgloliver/3.1.5-build-1/liblwjgl.so
7fa41e1fe000-7fa41e1ff000 rw-p 00053000 08:01 23724420                   /tmp/lwjgloliver/3.1.5-build-1/liblwjgl.so
7fa41e1ff000-7fa41e200000 ---p 00000000 00:00 0 
7fa41e200000-7fa41e300000 rw-p 00000000 00:00 0 
7fa41e300000-7fa41e304000 ---p 00000000 00:00 0 
7fa41e304000-7fa41e401000 rw-p 00000000 00:00 0 
7fa41e401000-7fa41e405000 ---p 00000000 00:00 0 
7fa41e405000-7fa41e502000 rw-p 00000000 00:00 0 
7fa41e502000-7fa41e518000 r-xp 00000000 08:01 5641750                    /usr/lib/jvm/java-9-oracle/lib/libnet.so
7fa41e518000-7fa41e718000 ---p 00016000 08:01 5641750                    /usr/lib/jvm/java-9-oracle/lib/libnet.so
7fa41e718000-7fa41e719000 rw-p 00016000 08:01 5641750                    /usr/lib/jvm/java-9-oracle/lib/libnet.so
7fa41e719000-7fa41e729000 r-xp 00000000 08:01 5641814                    /usr/lib/jvm/java-9-oracle/lib/libnio.so
7fa41e729000-7fa41e929000 ---p 00010000 08:01 5641814                    /usr/lib/jvm/java-9-oracle/lib/libnio.so
7fa41e929000-7fa41e92a000 rw-p 00010000 08:01 5641814                    /usr/lib/jvm/java-9-oracle/lib/libnio.so
7fa41e92a000-7fa41e92e000 ---p 00000000 00:00 0 
7fa41e92e000-7fa41ea2b000 rw-p 00000000 00:00 0 
7fa41ea2b000-7fa41ea2f000 ---p 00000000 00:00 0 
7fa41ea2f000-7fa41eb2c000 rw-p 00000000 00:00 0 
7fa41eb2c000-7fa41eb30000 ---p 00000000 00:00 0 
7fa41eb30000-7fa41ec2d000 rw-p 00000000 00:00 0 
7fa41ec2d000-7fa41ec31000 ---p 00000000 00:00 0 
7fa41ec31000-7fa41ed2e000 rw-p 00000000 00:00 0 
7fa41ed2e000-7fa41ed32000 ---p 00000000 00:00 0 
7fa41ed32000-7fa41ee2f000 rw-p 00000000 00:00 0 
7fa41ee2f000-7fa41ee33000 ---p 00000000 00:00 0 
7fa41ee33000-7fa41ef30000 rw-p 00000000 00:00 0 
7fa41ef30000-7fa41f386000 r--p 00000000 08:01 3409364                    /usr/lib/locale/locale-archive
7fa41f386000-7fa41f38a000 ---p 00000000 00:00 0 
7fa41f38a000-7fa41f487000 rw-p 00000000 00:00 0 
7fa41f487000-7fa41f48b000 ---p 00000000 00:00 0 
7fa41f48b000-7fa41f588000 rw-p 00000000 00:00 0 
7fa41f588000-7fa41f589000 ---p 00000000 00:00 0 
7fa41f589000-7fa41febf000 rw-p 00000000 00:00 0 
7fa41febf000-7fa41feff000 ---p 00000000 00:00 0 
7fa41feff000-7fa420000000 rw-p 00000000 00:00 0 
7fa420000000-7fa420021000 rw-p 00000000 00:00 0 
7fa420021000-7fa424000000 ---p 00000000 00:00 0 
7fa424000000-7fa424021000 rw-p 00000000 00:00 0 
7fa424021000-7fa428000000 ---p 00000000 00:00 0 
7fa428000000-7fa428021000 rw-p 00000000 00:00 0 
7fa428021000-7fa42c000000 ---p 00000000 00:00 0 
7fa42c000000-7fa42c021000 rw-p 00000000 00:00 0 
7fa42c021000-7fa430000000 ---p 00000000 00:00 0 
7fa43003f000-7fa430140000 rw-p 00000000 00:00 0 
7fa430140000-7fa432140000 rwxp 00000000 00:00 0 
7fa432140000-7fa432330000 rw-p 00000000 00:00 0 
7fa432330000-7fa434000000 ---p 00000000 00:00 0 
7fa434000000-7fa434021000 rw-p 00000000 00:00 0 
7fa434021000-7fa438000000 ---p 00000000 00:00 0 
7fa438000000-7fa438021000 rw-p 00000000 00:00 0 
7fa438021000-7fa43c000000 ---p 00000000 00:00 0 
7fa43c000000-7fa43c021000 rw-p 00000000 00:00 0 
7fa43c021000-7fa440000000 ---p 00000000 00:00 0 
7fa440000000-7fa440021000 rw-p 00000000 00:00 0 
7fa440021000-7fa444000000 ---p 00000000 00:00 0 
7fa444000000-7fa444021000 rw-p 00000000 00:00 0 
7fa444021000-7fa448000000 ---p 00000000 00:00 0 
7fa448000000-7fa448021000 rw-p 00000000 00:00 0 
7fa448021000-7fa44c000000 ---p 00000000 00:00 0 
7fa44c000000-7fa44c021000 rw-p 00000000 00:00 0 
7fa44c021000-7fa450000000 ---p 00000000 00:00 0 
7fa450043000-7fa4506d5000 rw-p 00000000 00:00 0 
7fa4506d5000-7fa4506d6000 ---p 00000000 00:00 0 
7fa4506d6000-7fa4507d6000 rw-p 00000000 00:00 0 
7fa4507d6000-7fa4507d7000 ---p 00000000 00:00 0 
7fa4507d7000-7fa4508d7000 rw-p 00000000 00:00 0 
7fa4508d7000-7fa4508d8000 ---p 00000000 00:00 0 
7fa4508d8000-7fa450bc8000 rw-p 00000000 00:00 0 
7fa450bc8000-7fa452898000 ---p 00000000 00:00 0 
7fa452898000-7fa4528d6000 rw-p 00000000 00:00 0 
7fa4528d6000-7fa452c70000 ---p 00000000 00:00 0 
7fa452c70000-7fa452cae000 rw-p 00000000 00:00 0 
7fa452cae000-7fa453420000 ---p 00000000 00:00 0 
7fa453420000-7fa45345e000 rw-p 00000000 00:00 0 
7fa45345e000-7fa4537f8000 ---p 00000000 00:00 0 
7fa4537f8000-7fa4537f9000 ---p 00000000 00:00 0 
7fa4537f9000-7fa4538f9000 rw-p 00000000 00:00 0 
7fa4538f9000-7fa4538fa000 ---p 00000000 00:00 0 
7fa4538fa000-7fa4539fa000 rw-p 00000000 00:00 0 
7fa4539fa000-7fa4539fb000 ---p 00000000 00:00 0 
7fa4539fb000-7fa453afb000 rw-p 00000000 00:00 0 
7fa453afb000-7fa453afc000 ---p 00000000 00:00 0 
7fa453afc000-7fa453bfc000 rw-p 00000000 00:00 0 
7fa453bfc000-7fa453bfd000 ---p 00000000 00:00 0 
7fa453bfd000-7fa453cfd000 rw-p 00000000 00:00 0 
7fa453cfd000-7fa453cfe000 ---p 00000000 00:00 0 
7fa453cfe000-7fa453dfe000 rw-p 00000000 00:00 0 
7fa453dfe000-7fa453dff000 ---p 00000000 00:00 0 
7fa453dff000-7fa453eff000 rw-p 00000000 00:00 0 
7fa453eff000-7fa453f00000 ---p 00000000 00:00 0 
7fa453f00000-7fa454000000 rw-p 00000000 00:00 0 
7fa454000000-7fa454021000 rw-p 00000000 00:00 0 
7fa454021000-7fa458000000 ---p 00000000 00:00 0 
7fa458000000-7fa458021000 rw-p 00000000 00:00 0 
7fa458021000-7fa45c000000 ---p 00000000 00:00 0 
7fa45c000000-7fa45c021000 rw-p 00000000 00:00 0 
7fa45c021000-7fa460000000 ---p 00000000 00:00 0 
7fa460000000-7fa460021000 rw-p 00000000 00:00 0 
7fa460021000-7fa464000000 ---p 00000000 00:00 0 
7fa464000000-7fa464021000 rw-p 00000000 00:00 0 
7fa464021000-7fa468000000 ---p 00000000 00:00 0 
7fa468000000-7fa468021000 rw-p 00000000 00:00 0 
7fa468021000-7fa46c000000 ---p 00000000 00:00 0 
7fa46c000000-7fa46c021000 rw-p 00000000 00:00 0 
7fa46c021000-7fa470000000 ---p 00000000 00:00 0 
7fa470000000-7fa470021000 rw-p 00000000 00:00 0 
7fa470021000-7fa474000000 ---p 00000000 00:00 0 
7fa474000000-7fa474021000 rw-p 00000000 00:00 0 
7fa474021000-7fa478000000 ---p 00000000 00:00 0 
7fa47800a000-7fa47800b000 ---p 00000000 00:00 0 
7fa47800b000-7fa478913000 rw-p 00000000 00:00 0 
7fa478913000-7fa478914000 ---p 00000000 00:00 0 
7fa478914000-7fa478a14000 rw-p 00000000 00:00 0 
7fa478a14000-7fa478a15000 ---p 00000000 00:00 0 
7fa478a15000-7fa478b15000 rw-p 00000000 00:00 0 
7fa478b15000-7fa478b16000 ---p 00000000 00:00 0 
7fa478b16000-7fa478c16000 rw-p 00000000 00:00 0 
7fa478c16000-7fa478c17000 ---p 00000000 00:00 0 
7fa478c17000-7fa478d17000 rw-p 00000000 00:00 0 
7fa478d17000-7fa478d18000 ---p 00000000 00:00 0 
7fa478d18000-7fa478e18000 rw-p 00000000 00:00 0 
7fa478e18000-7fa478e19000 ---p 00000000 00:00 0 
7fa478e19000-7fa478f19000 rw-p 00000000 00:00 0 
7fa478f19000-7fa478f1a000 ---p 00000000 00:00 0 
7fa478f1a000-7fa47901a000 rw-p 00000000 00:00 0 
7fa47901a000-7fa47901b000 ---p 00000000 00:00 0 
7fa47901b000-7fa479120000 rw-p 00000000 00:00 0 
7fa479120000-7fa479206000 ---p 00000000 00:00 0 
7fa479206000-7fa47920b000 rw-p 00000000 00:00 0 
7fa47920b000-7fa4792f1000 ---p 00000000 00:00 0 
7fa4792f1000-7fa479561000 rwxp 00000000 00:00 0 
7fa479561000-7fa479882000 ---p 00000000 00:00 0 
7fa479882000-7fa479af2000 rwxp 00000000 00:00 0 
7fa479af2000-7fa480db9000 ---p 00000000 00:00 0 
7fa480db9000-7fa481029000 rwxp 00000000 00:00 0 
7fa481029000-7fa4882f1000 ---p 00000000 00:00 0 
7fa4882f1000-7fa4937ae000 r--s 00000000 08:01 5641785                    /usr/lib/jvm/java-9-oracle/lib/modules
7fa4937ae000-7fa4937c8000 r-xp 00000000 08:01 5641707                    /usr/lib/jvm/java-9-oracle/lib/libjimage.so
7fa4937c8000-7fa4939c7000 ---p 0001a000 08:01 5641707                    /usr/lib/jvm/java-9-oracle/lib/libjimage.so
7fa4939c7000-7fa4939c9000 rw-p 00019000 08:01 5641707                    /usr/lib/jvm/java-9-oracle/lib/libjimage.so
7fa4939c9000-7fa4939db000 rw-p 00000000 00:00 0 
7fa4939db000-7fa4939e2000 r-xp 00000000 08:01 5641822                    /usr/lib/jvm/java-9-oracle/lib/libzip.so
7fa4939e2000-7fa493be1000 ---p 00007000 08:01 5641822                    /usr/lib/jvm/java-9-oracle/lib/libzip.so
7fa493be1000-7fa493be2000 rw-p 00006000 08:01 5641822                    /usr/lib/jvm/java-9-oracle/lib/libzip.so
7fa493be2000-7fa493bed000 r-xp 00000000 08:01 24642406                   /lib/x86_64-linux-gnu/libnss_files-2.23.so
7fa493bed000-7fa493dec000 ---p 0000b000 08:01 24642406                   /lib/x86_64-linux-gnu/libnss_files-2.23.so
7fa493dec000-7fa493ded000 r--p 0000a000 08:01 24642406                   /lib/x86_64-linux-gnu/libnss_files-2.23.so
7fa493ded000-7fa493dee000 rw-p 0000b000 08:01 24642406                   /lib/x86_64-linux-gnu/libnss_files-2.23.so
7fa493dee000-7fa493df4000 rw-p 00000000 00:00 0 
7fa493df4000-7fa493dff000 r-xp 00000000 08:01 24642410                   /lib/x86_64-linux-gnu/libnss_nis-2.23.so
7fa493dff000-7fa493ffe000 ---p 0000b000 08:01 24642410                   /lib/x86_64-linux-gnu/libnss_nis-2.23.so
7fa493ffe000-7fa493fff000 r--p 0000a000 08:01 24642410                   /lib/x86_64-linux-gnu/libnss_nis-2.23.so
7fa493fff000-7fa494000000 rw-p 0000b000 08:01 24642410                   /lib/x86_64-linux-gnu/libnss_nis-2.23.so
7fa494000000-7fa4946e0000 rw-p 00000000 00:00 0 
7fa4946e0000-7fa498000000 ---p 00000000 00:00 0 
7fa498023000-7fa49804b000 rw-p 00000000 00:00 0 
7fa49804b000-7fa498061000 r-xp 00000000 08:01 24642390                   /lib/x86_64-linux-gnu/libnsl-2.23.so
7fa498061000-7fa498260000 ---p 00016000 08:01 24642390                   /lib/x86_64-linux-gnu/libnsl-2.23.so
7fa498260000-7fa498261000 r--p 00015000 08:01 24642390                   /lib/x86_64-linux-gnu/libnsl-2.23.so
7fa498261000-7fa498262000 rw-p 00016000 08:01 24642390                   /lib/x86_64-linux-gnu/libnsl-2.23.so
7fa498262000-7fa498264000 rw-p 00000000 00:00 0 
7fa498264000-7fa49826c000 r-xp 00000000 08:01 24642401                   /lib/x86_64-linux-gnu/libnss_compat-2.23.so
7fa49826c000-7fa49846b000 ---p 00008000 08:01 24642401                   /lib/x86_64-linux-gnu/libnss_compat-2.23.so
7fa49846b000-7fa49846c000 r--p 00007000 08:01 24642401                   /lib/x86_64-linux-gnu/libnss_compat-2.23.so
7fa49846c000-7fa49846d000 rw-p 00008000 08:01 24642401                   /lib/x86_64-linux-gnu/libnss_compat-2.23.so
7fa49846d000-7fa498498000 r-xp 00000000 08:01 5641743                    /usr/lib/jvm/java-9-oracle/lib/libjava.so
7fa498498000-7fa498697000 ---p 0002b000 08:01 5641743                    /usr/lib/jvm/java-9-oracle/lib/libjava.so
7fa498697000-7fa498699000 rw-p 0002a000 08:01 5641743                    /usr/lib/jvm/java-9-oracle/lib/libjava.so
7fa498699000-7fa4986a6000 r-xp 00000000 08:01 5641768                    /usr/lib/jvm/java-9-oracle/lib/libverify.so
7fa4986a6000-7fa4988a5000 ---p 0000d000 08:01 5641768                    /usr/lib/jvm/java-9-oracle/lib/libverify.so
7fa4988a5000-7fa4988a7000 rw-p 0000c000 08:01 5641768                    /usr/lib/jvm/java-9-oracle/lib/libverify.so
7fa4988a7000-7fa4988ae000 r-xp 00000000 08:01 24642411                   /lib/x86_64-linux-gnu/librt-2.23.so
7fa4988ae000-7fa498aad000 ---p 00007000 08:01 24642411                   /lib/x86_64-linux-gnu/librt-2.23.so
7fa498aad000-7fa498aae000 r--p 00006000 08:01 24642411                   /lib/x86_64-linux-gnu/librt-2.23.so
7fa498aae000-7fa498aaf000 rw-p 00007000 08:01 24642411                   /lib/x86_64-linux-gnu/librt-2.23.so
7fa498aaf000-7fa498bb7000 r-xp 00000000 08:01 24642389                   /lib/x86_64-linux-gnu/libm-2.23.so
7fa498bb7000-7fa498db6000 ---p 00108000 08:01 24642389                   /lib/x86_64-linux-gnu/libm-2.23.so
7fa498db6000-7fa498db7000 r--p 00107000 08:01 24642389                   /lib/x86_64-linux-gnu/libm-2.23.so
7fa498db7000-7fa498db8000 rw-p 00108000 08:01 24642389                   /lib/x86_64-linux-gnu/libm-2.23.so
7fa498db8000-7fa499dcd000 r-xp 00000000 08:01 6951024                    /usr/lib/jvm/java-9-oracle/lib/server/libjvm.so
7fa499dcd000-7fa499fcc000 ---p 01015000 08:01 6951024                    /usr/lib/jvm/java-9-oracle/lib/server/libjvm.so
7fa499fcc000-7fa49a09d000 r--p 01014000 08:01 6951024                    /usr/lib/jvm/java-9-oracle/lib/server/libjvm.so
7fa49a09d000-7fa49a0d4000 rw-p 010e5000 08:01 6951024                    /usr/lib/jvm/java-9-oracle/lib/server/libjvm.so
7fa49a0d4000-7fa49a13d000 rw-p 00000000 00:00 0 
7fa49a13d000-7fa49a2fd000 r-xp 00000000 08:01 24642393                   /lib/x86_64-linux-gnu/libc-2.23.so
7fa49a2fd000-7fa49a4fd000 ---p 001c0000 08:01 24642393                   /lib/x86_64-linux-gnu/libc-2.23.so
7fa49a4fd000-7fa49a501000 r--p 001c0000 08:01 24642393                   /lib/x86_64-linux-gnu/libc-2.23.so
7fa49a501000-7fa49a503000 rw-p 001c4000 08:01 24642393                   /lib/x86_64-linux-gnu/libc-2.23.so
7fa49a503000-7fa49a507000 rw-p 00000000 00:00 0 
7fa49a507000-7fa49a50a000 r-xp 00000000 08:01 24642395                   /lib/x86_64-linux-gnu/libdl-2.23.so
7fa49a50a000-7fa49a709000 ---p 00003000 08:01 24642395                   /lib/x86_64-linux-gnu/libdl-2.23.so
7fa49a709000-7fa49a70a000 r--p 00002000 08:01 24642395                   /lib/x86_64-linux-gnu/libdl-2.23.so
7fa49a70a000-7fa49a70b000 rw-p 00003000 08:01 24642395                   /lib/x86_64-linux-gnu/libdl-2.23.so
7fa49a70b000-7fa49a719000 r-xp 00000000 08:01 6951026                    /usr/lib/jvm/java-9-oracle/lib/jli/libjli.so
7fa49a719000-7fa49a919000 ---p 0000e000 08:01 6951026                    /usr/lib/jvm/java-9-oracle/lib/jli/libjli.so
7fa49a919000-7fa49a91a000 rw-p 0000e000 08:01 6951026                    /usr/lib/jvm/java-9-oracle/lib/jli/libjli.so
7fa49a91a000-7fa49a932000 r-xp 00000000 08:01 24642392                   /lib/x86_64-linux-gnu/libpthread-2.23.so
7fa49a932000-7fa49ab31000 ---p 00018000 08:01 24642392                   /lib/x86_64-linux-gnu/libpthread-2.23.so
7fa49ab31000-7fa49ab32000 r--p 00017000 08:01 24642392                   /lib/x86_64-linux-gnu/libpthread-2.23.so
7fa49ab32000-7fa49ab33000 rw-p 00018000 08:01 24642392                   /lib/x86_64-linux-gnu/libpthread-2.23.so
7fa49ab33000-7fa49ab37000 rw-p 00000000 00:00 0 
7fa49ab37000-7fa49ab50000 r-xp 00000000 08:01 24646264                   /lib/x86_64-linux-gnu/libz.so.1.2.8
7fa49ab50000-7fa49ad4f000 ---p 00019000 08:01 24646264                   /lib/x86_64-linux-gnu/libz.so.1.2.8
7fa49ad4f000-7fa49ad50000 r--p 00018000 08:01 24646264                   /lib/x86_64-linux-gnu/libz.so.1.2.8
7fa49ad50000-7fa49ad51000 rw-p 00019000 08:01 24646264                   /lib/x86_64-linux-gnu/libz.so.1.2.8
7fa49ad51000-7fa49ad77000 r-xp 00000000 08:01 24642391                   /lib/x86_64-linux-gnu/ld-2.23.so
7fa49ad8a000-7fa49ae47000 rw-p 00000000 00:00 0 
7fa49ae47000-7fa49ae4c000 ---p 00000000 00:00 0 
7fa49ae4c000-7fa49af4d000 rw-p 00000000 00:00 0 
7fa49af5f000-7fa49af65000 rw-p 00000000 00:00 0 
7fa49af65000-7fa49af6c000 ---p 00000000 00:00 0 
7fa49af6c000-7fa49af74000 rw-s 00000000 08:01 23724406                   /tmp/hsperfdata_oliver/19262
7fa49af74000-7fa49af75000 rw-p 00000000 00:00 0 
7fa49af75000-7fa49af76000 r--p 00000000 00:00 0 
7fa49af76000-7fa49af77000 r--p 00025000 08:01 24642391                   /lib/x86_64-linux-gnu/ld-2.23.so
7fa49af77000-7fa49af78000 rw-p 00026000 08:01 24642391                   /lib/x86_64-linux-gnu/ld-2.23.so
7fa49af78000-7fa49af79000 rw-p 00000000 00:00 0 
7ffcd92ba000-7ffcd92dc000 rw-p 00000000 00:00 0                          [stack]
7ffcd9373000-7ffcd9376000 r--p 00000000 00:00 0                          [vvar]
7ffcd9376000-7ffcd9378000 r-xp 00000000 00:00 0                          [vdso]
ffffffffff600000-ffffffffff601000 r-xp 00000000 00:00 0                  [vsyscall]

VM Arguments:
jvm_args: -Dorg.lwjgl.util.Debug=true -Djava.library.path=nope -Dfile.encoding=UTF-8 
java_command: base.IkSolver
java_class_path (initial): /home/oliver/git/Master_thesis_java/Masterthesis_IK/target/classes:/home/oliver/git/Master_thesis_java/Masterthesis_IK/libs/Caliko-v1.3.3/jar/caliko-1.3.3.jar:/home/oliver/git/Master_thesis_java/Masterthesis_IK/libs/Caliko-v1.3.3/jar/caliko-demo-1.3.3.jar:/home/oliver/git/Master_thesis_java/Masterthesis_IK/libs/Caliko-v1.3.3/jar/caliko-visualisation-1.3.3.jar:/home/oliver/.m2/repository/org/lwjgl/lwjgl/3.1.5/lwjgl-3.1.5.jar:/home/oliver/.m2/repository/org/lwjgl/lwjgl-assimp/3.1.5/lwjgl-assimp-3.1.5.jar:/home/oliver/.m2/repository/org/lwjgl/lwjgl-bgfx/3.1.5/lwjgl-bgfx-3.1.5.jar:/home/oliver/.m2/repository/org/lwjgl/lwjgl-glfw/3.1.5/lwjgl-glfw-3.1.5.jar:/home/oliver/.m2/repository/org/lwjgl/lwjgl-nanovg/3.1.5/lwjgl-nanovg-3.1.5.jar:/home/oliver/.m2/repository/org/lwjgl/lwjgl-nuklear/3.1.5/lwjgl-nuklear-3.1.5.jar:/home/oliver/.m2/repository/org/lwjgl/lwjgl-openal/3.1.5/lwjgl-openal-3.1.5.jar:/home/oliver/.m2/repository/org/lwjgl/lwjgl-opengl/3.1.5/lwjgl-opengl-3.1.5.jar:/home/oliver/.m2/repository/org/lwjgl/lwjgl-openvr/3.1.5/lwjgl-openvr-3.1.5.jar:/home/oliver/.m2/repository/org/lwjgl/lwjgl-par/3.1.5/lwjgl-par-3.1.5.jar:/home/oliver/.m2/repository/org/lwjgl/lwjgl-stb/3.1.5/lwjgl-stb-3.1.5.jar:/home/oliver/.m2/repository/org/lwjgl/lwjgl-vulkan/3.1.5/lwjgl-vulkan-3.1.5.jar:/home/oliver/.m2/repository/org/lwjgl/lwjgl/3.1.5/lwjgl-3.1.5-natives-linux.jar:/home/oliver/.m2/repository/org/lwjgl/lwjgl-assimp/3.1.5/lwjgl-assimp-3.1.5-natives-linux.jar:/home/oliver/.m2/repository/org/lwjgl/lwjgl-bgfx/3.1.5/lwjgl-bgfx-3.1.5-natives-linux.jar:/home/oliver/.m2/repository/org/lwjgl/lwjgl-glfw/3.1.5/lwjgl-glfw-3.1.5-natives-linux.jar:/home/oliver/.m2/repository/org/lwjgl/lwjgl-nanovg/3.1.5/lwjgl-nanovg-3.1.5-natives-linux.jar:/home/oliver/.m2/repository/org/lwjgl/lwjgl-nuklear/3.1.5/lwjgl-nuklear-3.1.5-natives-linux.jar:/home/oliver/.m2/repository/org/lwjgl/lwjgl-openal/3.1.5/lwjgl-openal-3.1.5-natives-linux.jar:/home/oliver/.m2/repository/org/lwjgl/lwjgl
Launcher Type: SUN_STANDARD

Logging:
Log output configuration:
#0: stdout all=warning uptime,level,tags
#1: stderr all=off uptime,level,tags

Environment Variables:
JAVA_HOME=/usr/lib/jvm/java-9-oracle
PATH=/home/oliver/bin:/home/oliver/.local/bin:/usr/local/sbin:/usr/local/bin:/usr/sbin:/usr/bin:/sbin:/bin:/usr/games:/usr/local/games:/snap/bin:/usr/lib/jvm/java-9-oracle/bin:/usr/lib/jvm/java-9-oracle/db/bin
SHELL=/bin/bash
DISPLAY=:0

Signal Handlers:
SIGSEGV: [libjvm.so+0xd4d370], sa_mask[0]=11111111011111111101111111111110, sa_flags=SA_RESTART|SA_SIGINFO
SIGBUS: [libjvm.so+0xd4d370], sa_mask[0]=11111111011111111101111111111110, sa_flags=SA_RESTART|SA_SIGINFO
SIGFPE: [libjvm.so+0xd4d370], sa_mask[0]=11111111011111111101111111111110, sa_flags=SA_RESTART|SA_SIGINFO
SIGPIPE: [libjvm.so+0xb64780], sa_mask[0]=11111111011111111101111111111110, sa_flags=SA_RESTART|SA_SIGINFO
SIGXFSZ: [libjvm.so+0xb64780], sa_mask[0]=11111111011111111101111111111110, sa_flags=SA_RESTART|SA_SIGINFO
SIGILL: [libjvm.so+0xd4d370], sa_mask[0]=11111111011111111101111111111110, sa_flags=SA_RESTART|SA_SIGINFO
SIGUSR2: [libjvm.so+0xb64640], sa_mask[0]=00100000000000000000000000000000, sa_flags=SA_RESTART|SA_SIGINFO
SIGHUP: [libjvm.so+0xb64850], sa_mask[0]=11111111011111111101111111111110, sa_flags=SA_RESTART|SA_SIGINFO
SIGINT: [libjvm.so+0xb64850], sa_mask[0]=11111111011111111101111111111110, sa_flags=SA_RESTART|SA_SIGINFO
SIGTERM: [libjvm.so+0xb64850], sa_mask[0]=11111111011111111101111111111110, sa_flags=SA_RESTART|SA_SIGINFO
SIGQUIT: [libjvm.so+0xb64850], sa_mask[0]=11111111011111111101111111111110, sa_flags=SA_RESTART|SA_SIGINFO


---------------  S Y S T E M  ---------------

OS:DISTRIB_ID=Ubuntu
DISTRIB_RELEASE=16.04
DISTRIB_CODENAME=xenial
DISTRIB_DESCRIPTION="Ubuntu 16.04.4 LTS"
uname:Linux 4.13.0-41-generic #46~16.04.1-Ubuntu SMP Thu May 3 10:06:43 UTC 2018 x86_64
libc:glibc 2.23 NPTL 2.23 
rlimit: STACK 8192k, CORE 0k, NPROC 31243, NOFILE 1048576, AS infinity
load average:0,81 0,65 0,61

/proc/meminfo:
MemTotal:        8059524 kB
MemFree:         1503040 kB
MemAvailable:    4360776 kB
Buffers:          547880 kB
Cached:          2447452 kB
SwapCached:            0 kB
Active:          4206492 kB
Inactive:        1730620 kB
Active(anon):    2886628 kB
Inactive(anon):   194216 kB
Active(file):    1319864 kB
Inactive(file):  1536404 kB
Unevictable:          80 kB
Mlocked:              80 kB
SwapTotal:       8278012 kB
SwapFree:        8278012 kB
Dirty:               400 kB
Writeback:             0 kB
AnonPages:       2941948 kB
Mapped:           910028 kB
Shmem:            198660 kB
Slab:             374684 kB
SReclaimable:     306684 kB
SUnreclaim:        68000 kB
KernelStack:       17024 kB
PageTables:        55272 kB
NFS_Unstable:          0 kB
Bounce:                0 kB
WritebackTmp:          0 kB
CommitLimit:    12307772 kB
Committed_AS:   10360308 kB
VmallocTotal:   34359738367 kB
VmallocUsed:           0 kB
VmallocChunk:          0 kB
HardwareCorrupted:     0 kB
AnonHugePages:         0 kB
ShmemHugePages:        0 kB
ShmemPmdMapped:        0 kB
CmaTotal:              0 kB
CmaFree:               0 kB
HugePages_Total:       0
HugePages_Free:        0
HugePages_Rsvd:        0
HugePages_Surp:        0
Hugepagesize:       2048 kB
DirectMap4k:      354876 kB
DirectMap2M:     7925760 kB


CPU:total 8 (initial active 8) (4 cores per cpu, 2 threads per core) family 6 model 42 stepping 7, cmov, cx8, fxsr, mmx, sse, sse2, sse3, ssse3, sse4.1, sse4.2, popcnt, avx, aes, clmul, ht, tsc, tscinvbit
CPU Model and flags from /proc/cpuinfo:
model name	: Intel(R) Core(TM) i7-2630QM CPU @ 2.00GHz
flags		: fpu vme de pse tsc msr pae mce cx8 apic sep mtrr pge mca cmov pat pse36 clflush dts acpi mmx fxsr sse sse2 ss ht tm pbe syscall nx rdtscp lm constant_tsc arch_perfmon pebs bts nopl xtopology nonstop_tsc cpuid aperfmperf pni pclmulqdq dtes64 monitor ds_cpl vmx est tm2 ssse3 cx16 xtpr pdcm pcid sse4_1 sse4_2 x2apic popcnt tsc_deadline_timer aes xsave avx lahf_lm epb pti retpoline spec_ctrl tpr_shadow vnmi flexpriority ept vpid xsaveopt dtherm ida arat pln pts

Memory: 4k page, physical 8059524k(1503040k free), swap 8278012k(8278012k free)

vm_info: Java HotSpot(TM) 64-Bit Server VM (9.0.4+11) for linux-amd64 JRE (9.0.4+11), built on Dec 19 2017 18:12:19 by "mach5one" with gcc 4.9.2

END.
