#
# A fatal error has been detected by the Java Runtime Environment:
#
#  SIGSEGV (0xb) at pc=0x00007fc679fdcc09, pid=19151, tid=19156
#
# JRE version: Java(TM) SE Runtime Environment (9.0+11) (build 9.0.4+11)
# Java VM: Java HotSpot(TM) 64-Bit Server VM (9.0.4+11, mixed mode, tiered, compressed oops, g1 gc, linux-amd64)
# Problematic frame:
# C  [liblwjgl_opengl.so+0x48c09]  Java_org_lwjgl_opengl_GL11_glGenLists+0x9
#
# Core dump will be written. Default location: Core dumps may be processed with "/usr/share/apport/apport %p %s %c %d %P" (or dumping to /home/oliver/eclipse-workspace/Masterthesis_IK/core.19151)
#
# If you would like to submit a bug report, please visit:
#   http://bugreport.java.com/bugreport/crash.jsp
# The crash happened outside the Java Virtual Machine in native code.
# See problematic frame for where to report the bug.
#

---------------  S U M M A R Y ------------

Command Line: -Dfile.encoding=UTF-8 base.LWJGLTest

Host: Intel(R) Core(TM) i7-2630QM CPU @ 2.00GHz, 8 cores, 7G, Ubuntu 16.04.4 LTS
Time: Thu Apr 19 12:35:46 2018 CEST elapsed time: 0 seconds (0d 0h 0m 0s)

---------------  T H R E A D  ---------------

Current thread (0x00007fc720013000):  JavaThread "main" [_thread_in_native, id=19156, stack(0x00007fc72777f000,0x00007fc72787f000)]

Stack: [0x00007fc72777f000,0x00007fc72787f000],  sp=0x00007fc72787d8d8,  free space=1018k
Native frames: (J=compiled Java code, A=aot compiled Java code, j=interpreted, Vv=VM code, C=native code)
C  [liblwjgl_opengl.so+0x48c09]  Java_org_lwjgl_opengl_GL11_glGenLists+0x9
j  base.LWJGLTest.init()V+181
j  base.LWJGLTest.run()V+1
j  base.LWJGLTest.main([Ljava/lang/String;)V+7
v  ~StubRoutines::call_stub
V  [libjvm.so+0x83d60a]  JavaCalls::call_helper(JavaValue*, methodHandle const&, JavaCallArguments*, Thread*)+0x47a
V  [libjvm.so+0x89a67f]  jni_invoke_static(JNIEnv_*, JavaValue*, _jobject*, JNICallType, _jmethodID*, JNI_ArgumentPusher*, Thread*) [clone .isra.90]+0x21f
V  [libjvm.so+0x8ab5ce]  jni_CallStaticVoidMethod+0x14e
C  [libjli.so+0x4397]  JavaMain+0xa17
C  [libpthread.so.0+0x76ba]  start_thread+0xca

Java frames: (J=compiled Java code, j=interpreted, Vv=VM code)
j  org.lwjgl.opengl.GL11.glGenLists(I)I+0
j  base.LWJGLTest.init()V+181
j  base.LWJGLTest.run()V+1
j  base.LWJGLTest.main([Ljava/lang/String;)V+7
v  ~StubRoutines::call_stub

siginfo: si_signo: 11 (SIGSEGV), si_code: 1 (SEGV_MAPERR), si_addr: 0x0000000000000ef8

Register to memory mapping:

RAX=0x0000000000000000 is an unknown value
RBX={method} {0x00007fc6b88b9f30} 'glGenLists' '(I)I' in 'org/lwjgl/opengl/GL11'
RCX=0x0000000000000001 is an unknown value
RDX=0x0000000000000001 is an unknown value
RSP=0x00007fc72787d8d8 is pointing into the stack for thread: 0x00007fc720013000
RBP=0x00007fc72787d930 is pointing into the stack for thread: 0x00007fc720013000
RSI=0x00007fc72787d940 is pointing into the stack for thread: 0x00007fc720013000
RDI=0x0000000000000001 is an unknown value
R8 ={method} {0x00007fc6b88b9f30} 'glGenLists' '(I)I' in 'org/lwjgl/opengl/GL11'
R9 =0x0000000000000008 is an unknown value
R10=0x00007fc705b5bd09 is at code_begin+873 in an Interpreter codelet
method entry point (kind = native)  [0x00007fc705b5b9a0, 0x00007fc705b5c3e0]  2624 bytes
R11=0x000000008c5cf058 is an oop
java.lang.Class 
{0x000000008c5cf058} - klass: 'java/lang/Class'
R12=0x0000000000000000 is an unknown value
R13=0x00007fc6b88b9f20 is pointing into metadata
R14=0x00007fc72787d950 is pointing into the stack for thread: 0x00007fc720013000
R15=0x00007fc720013000 is a thread


Registers:
RAX=0x0000000000000000, RBX=0x00007fc6b88b9f30, RCX=0x0000000000000001, RDX=0x0000000000000001
RSP=0x00007fc72787d8d8, RBP=0x00007fc72787d930, RSI=0x00007fc72787d940, RDI=0x0000000000000001
R8 =0x00007fc6b88b9f30, R9 =0x0000000000000008, R10=0x00007fc705b5bd09, R11=0x000000008c5cf058
R12=0x0000000000000000, R13=0x00007fc6b88b9f20, R14=0x00007fc72787d950, R15=0x00007fc720013000
RIP=0x00007fc679fdcc09, EFLAGS=0x0000000000010287, CSGSFS=0x002b000000000033, ERR=0x0000000000000004
  TRAPNO=0x000000000000000e

Top of Stack: (sp=0x00007fc72787d8d8)
0x00007fc72787d8d8:   00007fc705b5bd35 00007fc705b5ba53
0x00007fc72787d8e8:   00007fc72787d8e8 00007fc6b88b9f20
0x00007fc72787d8f8:   00007fc72787d950 00007fc6b88df110
0x00007fc72787d908:   0000000000000000 000000008c5cf058 

Instructions: (pc=0x00007fc679fdcc09)
0x00007fc679fdcbe9:   8b 40 18 48 8b 80 58 0f 00 00 ff e0 66 66 2e 0f
0x00007fc679fdcbf9:   1f 84 00 00 00 00 00 48 8b 07 89 d7 48 8b 40 18
0x00007fc679fdcc09:   48 8b 80 f8 0e 00 00 ff e0 66 66 66 66 66 2e 0f
0x00007fc679fdcc19:   1f 84 00 00 00 00 00 48 8b 07 89 d7 48 8b 40 18 


---------------  P R O C E S S  ---------------

Java Threads: ( => current thread )
  0x00007fc720246000 JavaThread "Service Thread" daemon [_thread_blocked, id=19187, stack(0x00007fc6aac77000,0x00007fc6aad78000)]
  0x00007fc7201ae000 JavaThread "Common-Cleaner" daemon [_thread_blocked, id=19186, stack(0x00007fc6aad78000,0x00007fc6aae79000)]
  0x00007fc720179800 JavaThread "Sweeper thread" daemon [_thread_blocked, id=19185, stack(0x00007fc6ab2a1000,0x00007fc6ab3a2000)]
  0x00007fc720177800 JavaThread "C1 CompilerThread3" daemon [_thread_blocked, id=19184, stack(0x00007fc6ab3a2000,0x00007fc6ab4a3000)]
  0x00007fc720175800 JavaThread "C2 CompilerThread2" daemon [_thread_blocked, id=19183, stack(0x00007fc6ab4a3000,0x00007fc6ab5a4000)]
  0x00007fc720173800 JavaThread "C2 CompilerThread1" daemon [_thread_blocked, id=19182, stack(0x00007fc6ab5a4000,0x00007fc6ab6a5000)]
  0x00007fc720171800 JavaThread "C2 CompilerThread0" daemon [_thread_blocked, id=19181, stack(0x00007fc6ab6a5000,0x00007fc6ab7a6000)]
  0x00007fc72016f800 JavaThread "Signal Dispatcher" daemon [_thread_blocked, id=19180, stack(0x00007fc6ab7a6000,0x00007fc6ab8a7000)]
  0x00007fc720154000 JavaThread "Finalizer" daemon [_thread_blocked, id=19179, stack(0x00007fc6abcfd000,0x00007fc6abdfe000)]
  0x00007fc72014b800 JavaThread "Reference Handler" daemon [_thread_blocked, id=19178, stack(0x00007fc6abdfe000,0x00007fc6abeff000)]
=>0x00007fc720013000 JavaThread "main" [_thread_in_native, id=19156, stack(0x00007fc72777f000,0x00007fc72787f000)]

Other Threads:
  0x00007fc720141800 VMThread "VM Thread" [stack: 0x00007fc6abf00000,0x00007fc6ac000000] [id=19177]
  0x00007fc720249000 WatcherThread [stack: 0x00007fc6aab77000,0x00007fc6aac77000] [id=19188]
  0x00007fc72002a800 GCTaskThread "GC Thread#0" [stack: 0x00007fc705958000,0x00007fc705a58000] [id=19157]
  0x00007fc72002c000 GCTaskThread "GC Thread#1" [stack: 0x00007fc705857000,0x00007fc705957000] [id=19158]
  0x00007fc72002d800 GCTaskThread "GC Thread#2" [stack: 0x00007fc705756000,0x00007fc705856000] [id=19159]
  0x00007fc72002f000 GCTaskThread "GC Thread#3" [stack: 0x00007fc705655000,0x00007fc705755000] [id=19160]
  0x00007fc720031000 GCTaskThread "GC Thread#4" [stack: 0x00007fc705554000,0x00007fc705654000] [id=19161]
  0x00007fc720032800 GCTaskThread "GC Thread#5" [stack: 0x00007fc705453000,0x00007fc705553000] [id=19162]
  0x00007fc720034800 GCTaskThread "GC Thread#6" [stack: 0x00007fc705352000,0x00007fc705452000] [id=19163]
  0x00007fc720036000 GCTaskThread "GC Thread#7" [stack: 0x00007fc705251000,0x00007fc705351000] [id=19164]
  0x00007fc72006c000 ConcurrentGCThread "G1 Main Marker" [stack: 0x00007fc70403f000,0x00007fc70413f000] [id=19174]
  0x00007fc72006d800 ConcurrentGCThread "G1 Marker#0" [stack: 0x00007fc6bb220000,0x00007fc6bb320000] [id=19175]
  0x00007fc72006f800 ConcurrentGCThread "G1 Marker#1" [stack: 0x00007fc6bb11f000,0x00007fc6bb21f000] [id=19176]
  0x00007fc720044800 ConcurrentGCThread "G1 Refine#0" [stack: 0x00007fc704241000,0x00007fc704341000] [id=19172]
  0x00007fc720043000 ConcurrentGCThread "G1 Refine#1" [stack: 0x00007fc704342000,0x00007fc704442000] [id=19171]
  0x00007fc720041000 ConcurrentGCThread "G1 Refine#2" [stack: 0x00007fc704443000,0x00007fc704543000] [id=19170]
  0x00007fc72003f800 ConcurrentGCThread "G1 Refine#3" [stack: 0x00007fc704544000,0x00007fc704644000] [id=19169]
  0x00007fc72003d800 ConcurrentGCThread "G1 Refine#4" [stack: 0x00007fc704645000,0x00007fc704745000] [id=19168]
  0x00007fc72003c000 ConcurrentGCThread "G1 Refine#5" [stack: 0x00007fc704746000,0x00007fc704846000] [id=19167]
  0x00007fc72003a000 ConcurrentGCThread "G1 Refine#6" [stack: 0x00007fc704847000,0x00007fc704947000] [id=19166]
  0x00007fc720038800 ConcurrentGCThread "G1 Refine#7" [stack: 0x00007fc704948000,0x00007fc704a48000] [id=19165]
  0x00007fc720046800 ConcurrentGCThread "G1 Young RemSet Sampling" [stack: 0x00007fc704140000,0x00007fc704240000] [id=19173]

Threads with active compile tasks:

VM state:not at safepoint (normal execution)

VM Mutex/Monitor currently owned by a thread: None

Heap address: 0x0000000085000000, size: 1968 MB, Compressed Oops mode: 32-bit
Narrow klass base: 0x0000000000000000, Narrow klass shift: 3
Compressed class space size: 1073741824 Address: 0x0000000100000000

Heap:
 garbage-first heap   total 126976K, used 7168K [0x0000000085000000, 0x00000000851003e0, 0x0000000100000000)
  region size 1024K, 8 young (8192K), 0 survivors (0K)
 Metaspace       used 8666K, capacity 8864K, committed 8960K, reserved 1056768K
  class space    used 697K, capacity 730K, committed 768K, reserved 1048576K
Heap Regions: E=young(eden), S=young(survivor), O=old, HS=humongous(starts), HC=humongous(continues), CS=collection set, F=free, A=archive, TS=gc time stamp, AC=allocation context, TAMS=top-at-mark-start (previous, next)
|   0|0x0000000085000000, 0x0000000085000000, 0x0000000085100000|  0%| F|  |TS  0|AC  0|TAMS 0x0000000085000000, 0x0000000085000000|
|   1|0x0000000085100000, 0x0000000085100000, 0x0000000085200000|  0%| F|  |TS  0|AC  0|TAMS 0x0000000085100000, 0x0000000085100000|
|   2|0x0000000085200000, 0x0000000085200000, 0x0000000085300000|  0%| F|  |TS  0|AC  0|TAMS 0x0000000085200000, 0x0000000085200000|
|   3|0x0000000085300000, 0x0000000085300000, 0x0000000085400000|  0%| F|  |TS  0|AC  0|TAMS 0x0000000085300000, 0x0000000085300000|
|   4|0x0000000085400000, 0x0000000085400000, 0x0000000085500000|  0%| F|  |TS  0|AC  0|TAMS 0x0000000085400000, 0x0000000085400000|
|   5|0x0000000085500000, 0x0000000085500000, 0x0000000085600000|  0%| F|  |TS  0|AC  0|TAMS 0x0000000085500000, 0x0000000085500000|
|   6|0x0000000085600000, 0x0000000085600000, 0x0000000085700000|  0%| F|  |TS  0|AC  0|TAMS 0x0000000085600000, 0x0000000085600000|
|   7|0x0000000085700000, 0x0000000085700000, 0x0000000085800000|  0%| F|  |TS  0|AC  0|TAMS 0x0000000085700000, 0x0000000085700000|
|   8|0x0000000085800000, 0x0000000085800000, 0x0000000085900000|  0%| F|  |TS  0|AC  0|TAMS 0x0000000085800000, 0x0000000085800000|
|   9|0x0000000085900000, 0x0000000085900000, 0x0000000085a00000|  0%| F|  |TS  0|AC  0|TAMS 0x0000000085900000, 0x0000000085900000|
|  10|0x0000000085a00000, 0x0000000085a00000, 0x0000000085b00000|  0%| F|  |TS  0|AC  0|TAMS 0x0000000085a00000, 0x0000000085a00000|
|  11|0x0000000085b00000, 0x0000000085b00000, 0x0000000085c00000|  0%| F|  |TS  0|AC  0|TAMS 0x0000000085b00000, 0x0000000085b00000|
|  12|0x0000000085c00000, 0x0000000085c00000, 0x0000000085d00000|  0%| F|  |TS  0|AC  0|TAMS 0x0000000085c00000, 0x0000000085c00000|
|  13|0x0000000085d00000, 0x0000000085d00000, 0x0000000085e00000|  0%| F|  |TS  0|AC  0|TAMS 0x0000000085d00000, 0x0000000085d00000|
|  14|0x0000000085e00000, 0x0000000085e00000, 0x0000000085f00000|  0%| F|  |TS  0|AC  0|TAMS 0x0000000085e00000, 0x0000000085e00000|
|  15|0x0000000085f00000, 0x0000000085f00000, 0x0000000086000000|  0%| F|  |TS  0|AC  0|TAMS 0x0000000085f00000, 0x0000000085f00000|
|  16|0x0000000086000000, 0x0000000086000000, 0x0000000086100000|  0%| F|  |TS  0|AC  0|TAMS 0x0000000086000000, 0x0000000086000000|
|  17|0x0000000086100000, 0x0000000086100000, 0x0000000086200000|  0%| F|  |TS  0|AC  0|TAMS 0x0000000086100000, 0x0000000086100000|
|  18|0x0000000086200000, 0x0000000086200000, 0x0000000086300000|  0%| F|  |TS  0|AC  0|TAMS 0x0000000086200000, 0x0000000086200000|
|  19|0x0000000086300000, 0x0000000086300000, 0x0000000086400000|  0%| F|  |TS  0|AC  0|TAMS 0x0000000086300000, 0x0000000086300000|
|  20|0x0000000086400000, 0x0000000086400000, 0x0000000086500000|  0%| F|  |TS  0|AC  0|TAMS 0x0000000086400000, 0x0000000086400000|
|  21|0x0000000086500000, 0x0000000086500000, 0x0000000086600000|  0%| F|  |TS  0|AC  0|TAMS 0x0000000086500000, 0x0000000086500000|
|  22|0x0000000086600000, 0x0000000086600000, 0x0000000086700000|  0%| F|  |TS  0|AC  0|TAMS 0x0000000086600000, 0x0000000086600000|
|  23|0x0000000086700000, 0x0000000086700000, 0x0000000086800000|  0%| F|  |TS  0|AC  0|TAMS 0x0000000086700000, 0x0000000086700000|
|  24|0x0000000086800000, 0x0000000086800000, 0x0000000086900000|  0%| F|  |TS  0|AC  0|TAMS 0x0000000086800000, 0x0000000086800000|
|  25|0x0000000086900000, 0x0000000086900000, 0x0000000086a00000|  0%| F|  |TS  0|AC  0|TAMS 0x0000000086900000, 0x0000000086900000|
|  26|0x0000000086a00000, 0x0000000086a00000, 0x0000000086b00000|  0%| F|  |TS  0|AC  0|TAMS 0x0000000086a00000, 0x0000000086a00000|
|  27|0x0000000086b00000, 0x0000000086b00000, 0x0000000086c00000|  0%| F|  |TS  0|AC  0|TAMS 0x0000000086b00000, 0x0000000086b00000|
|  28|0x0000000086c00000, 0x0000000086c00000, 0x0000000086d00000|  0%| F|  |TS  0|AC  0|TAMS 0x0000000086c00000, 0x0000000086c00000|
|  29|0x0000000086d00000, 0x0000000086d00000, 0x0000000086e00000|  0%| F|  |TS  0|AC  0|TAMS 0x0000000086d00000, 0x0000000086d00000|
|  30|0x0000000086e00000, 0x0000000086e00000, 0x0000000086f00000|  0%| F|  |TS  0|AC  0|TAMS 0x0000000086e00000, 0x0000000086e00000|
|  31|0x0000000086f00000, 0x0000000086f00000, 0x0000000087000000|  0%| F|  |TS  0|AC  0|TAMS 0x0000000086f00000, 0x0000000086f00000|
|  32|0x0000000087000000, 0x0000000087000000, 0x0000000087100000|  0%| F|  |TS  0|AC  0|TAMS 0x0000000087000000, 0x0000000087000000|
|  33|0x0000000087100000, 0x0000000087100000, 0x0000000087200000|  0%| F|  |TS  0|AC  0|TAMS 0x0000000087100000, 0x0000000087100000|
|  34|0x0000000087200000, 0x0000000087200000, 0x0000000087300000|  0%| F|  |TS  0|AC  0|TAMS 0x0000000087200000, 0x0000000087200000|
|  35|0x0000000087300000, 0x0000000087300000, 0x0000000087400000|  0%| F|  |TS  0|AC  0|TAMS 0x0000000087300000, 0x0000000087300000|
|  36|0x0000000087400000, 0x0000000087400000, 0x0000000087500000|  0%| F|  |TS  0|AC  0|TAMS 0x0000000087400000, 0x0000000087400000|
|  37|0x0000000087500000, 0x0000000087500000, 0x0000000087600000|  0%| F|  |TS  0|AC  0|TAMS 0x0000000087500000, 0x0000000087500000|
|  38|0x0000000087600000, 0x0000000087600000, 0x0000000087700000|  0%| F|  |TS  0|AC  0|TAMS 0x0000000087600000, 0x0000000087600000|
|  39|0x0000000087700000, 0x0000000087700000, 0x0000000087800000|  0%| F|  |TS  0|AC  0|TAMS 0x0000000087700000, 0x0000000087700000|
|  40|0x0000000087800000, 0x0000000087800000, 0x0000000087900000|  0%| F|  |TS  0|AC  0|TAMS 0x0000000087800000, 0x0000000087800000|
|  41|0x0000000087900000, 0x0000000087900000, 0x0000000087a00000|  0%| F|  |TS  0|AC  0|TAMS 0x0000000087900000, 0x0000000087900000|
|  42|0x0000000087a00000, 0x0000000087a00000, 0x0000000087b00000|  0%| F|  |TS  0|AC  0|TAMS 0x0000000087a00000, 0x0000000087a00000|
|  43|0x0000000087b00000, 0x0000000087b00000, 0x0000000087c00000|  0%| F|  |TS  0|AC  0|TAMS 0x0000000087b00000, 0x0000000087b00000|
|  44|0x0000000087c00000, 0x0000000087c00000, 0x0000000087d00000|  0%| F|  |TS  0|AC  0|TAMS 0x0000000087c00000, 0x0000000087c00000|
|  45|0x0000000087d00000, 0x0000000087d00000, 0x0000000087e00000|  0%| F|  |TS  0|AC  0|TAMS 0x0000000087d00000, 0x0000000087d00000|
|  46|0x0000000087e00000, 0x0000000087e00000, 0x0000000087f00000|  0%| F|  |TS  0|AC  0|TAMS 0x0000000087e00000, 0x0000000087e00000|
|  47|0x0000000087f00000, 0x0000000087f00000, 0x0000000088000000|  0%| F|  |TS  0|AC  0|TAMS 0x0000000087f00000, 0x0000000087f00000|
|  48|0x0000000088000000, 0x0000000088000000, 0x0000000088100000|  0%| F|  |TS  0|AC  0|TAMS 0x0000000088000000, 0x0000000088000000|
|  49|0x0000000088100000, 0x0000000088100000, 0x0000000088200000|  0%| F|  |TS  0|AC  0|TAMS 0x0000000088100000, 0x0000000088100000|
|  50|0x0000000088200000, 0x0000000088200000, 0x0000000088300000|  0%| F|  |TS  0|AC  0|TAMS 0x0000000088200000, 0x0000000088200000|
|  51|0x0000000088300000, 0x0000000088300000, 0x0000000088400000|  0%| F|  |TS  0|AC  0|TAMS 0x0000000088300000, 0x0000000088300000|
|  52|0x0000000088400000, 0x0000000088400000, 0x0000000088500000|  0%| F|  |TS  0|AC  0|TAMS 0x0000000088400000, 0x0000000088400000|
|  53|0x0000000088500000, 0x0000000088500000, 0x0000000088600000|  0%| F|  |TS  0|AC  0|TAMS 0x0000000088500000, 0x0000000088500000|
|  54|0x0000000088600000, 0x0000000088600000, 0x0000000088700000|  0%| F|  |TS  0|AC  0|TAMS 0x0000000088600000, 0x0000000088600000|
|  55|0x0000000088700000, 0x0000000088700000, 0x0000000088800000|  0%| F|  |TS  0|AC  0|TAMS 0x0000000088700000, 0x0000000088700000|
|  56|0x0000000088800000, 0x0000000088800000, 0x0000000088900000|  0%| F|  |TS  0|AC  0|TAMS 0x0000000088800000, 0x0000000088800000|
|  57|0x0000000088900000, 0x0000000088900000, 0x0000000088a00000|  0%| F|  |TS  0|AC  0|TAMS 0x0000000088900000, 0x0000000088900000|
|  58|0x0000000088a00000, 0x0000000088a00000, 0x0000000088b00000|  0%| F|  |TS  0|AC  0|TAMS 0x0000000088a00000, 0x0000000088a00000|
|  59|0x0000000088b00000, 0x0000000088b00000, 0x0000000088c00000|  0%| F|  |TS  0|AC  0|TAMS 0x0000000088b00000, 0x0000000088b00000|
|  60|0x0000000088c00000, 0x0000000088c00000, 0x0000000088d00000|  0%| F|  |TS  0|AC  0|TAMS 0x0000000088c00000, 0x0000000088c00000|
|  61|0x0000000088d00000, 0x0000000088d00000, 0x0000000088e00000|  0%| F|  |TS  0|AC  0|TAMS 0x0000000088d00000, 0x0000000088d00000|
|  62|0x0000000088e00000, 0x0000000088e00000, 0x0000000088f00000|  0%| F|  |TS  0|AC  0|TAMS 0x0000000088e00000, 0x0000000088e00000|
|  63|0x0000000088f00000, 0x0000000088f00000, 0x0000000089000000|  0%| F|  |TS  0|AC  0|TAMS 0x0000000088f00000, 0x0000000088f00000|
|  64|0x0000000089000000, 0x0000000089000000, 0x0000000089100000|  0%| F|  |TS  0|AC  0|TAMS 0x0000000089000000, 0x0000000089000000|
|  65|0x0000000089100000, 0x0000000089100000, 0x0000000089200000|  0%| F|  |TS  0|AC  0|TAMS 0x0000000089100000, 0x0000000089100000|
|  66|0x0000000089200000, 0x0000000089200000, 0x0000000089300000|  0%| F|  |TS  0|AC  0|TAMS 0x0000000089200000, 0x0000000089200000|
|  67|0x0000000089300000, 0x0000000089300000, 0x0000000089400000|  0%| F|  |TS  0|AC  0|TAMS 0x0000000089300000, 0x0000000089300000|
|  68|0x0000000089400000, 0x0000000089400000, 0x0000000089500000|  0%| F|  |TS  0|AC  0|TAMS 0x0000000089400000, 0x0000000089400000|
|  69|0x0000000089500000, 0x0000000089500000, 0x0000000089600000|  0%| F|  |TS  0|AC  0|TAMS 0x0000000089500000, 0x0000000089500000|
|  70|0x0000000089600000, 0x0000000089600000, 0x0000000089700000|  0%| F|  |TS  0|AC  0|TAMS 0x0000000089600000, 0x0000000089600000|
|  71|0x0000000089700000, 0x0000000089700000, 0x0000000089800000|  0%| F|  |TS  0|AC  0|TAMS 0x0000000089700000, 0x0000000089700000|
|  72|0x0000000089800000, 0x0000000089800000, 0x0000000089900000|  0%| F|  |TS  0|AC  0|TAMS 0x0000000089800000, 0x0000000089800000|
|  73|0x0000000089900000, 0x0000000089900000, 0x0000000089a00000|  0%| F|  |TS  0|AC  0|TAMS 0x0000000089900000, 0x0000000089900000|
|  74|0x0000000089a00000, 0x0000000089a00000, 0x0000000089b00000|  0%| F|  |TS  0|AC  0|TAMS 0x0000000089a00000, 0x0000000089a00000|
|  75|0x0000000089b00000, 0x0000000089b00000, 0x0000000089c00000|  0%| F|  |TS  0|AC  0|TAMS 0x0000000089b00000, 0x0000000089b00000|
|  76|0x0000000089c00000, 0x0000000089c00000, 0x0000000089d00000|  0%| F|  |TS  0|AC  0|TAMS 0x0000000089c00000, 0x0000000089c00000|
|  77|0x0000000089d00000, 0x0000000089d00000, 0x0000000089e00000|  0%| F|  |TS  0|AC  0|TAMS 0x0000000089d00000, 0x0000000089d00000|
|  78|0x0000000089e00000, 0x0000000089e00000, 0x0000000089f00000|  0%| F|  |TS  0|AC  0|TAMS 0x0000000089e00000, 0x0000000089e00000|
|  79|0x0000000089f00000, 0x0000000089f00000, 0x000000008a000000|  0%| F|  |TS  0|AC  0|TAMS 0x0000000089f00000, 0x0000000089f00000|
|  80|0x000000008a000000, 0x000000008a000000, 0x000000008a100000|  0%| F|  |TS  0|AC  0|TAMS 0x000000008a000000, 0x000000008a000000|
|  81|0x000000008a100000, 0x000000008a100000, 0x000000008a200000|  0%| F|  |TS  0|AC  0|TAMS 0x000000008a100000, 0x000000008a100000|
|  82|0x000000008a200000, 0x000000008a200000, 0x000000008a300000|  0%| F|  |TS  0|AC  0|TAMS 0x000000008a200000, 0x000000008a200000|
|  83|0x000000008a300000, 0x000000008a300000, 0x000000008a400000|  0%| F|  |TS  0|AC  0|TAMS 0x000000008a300000, 0x000000008a300000|
|  84|0x000000008a400000, 0x000000008a400000, 0x000000008a500000|  0%| F|  |TS  0|AC  0|TAMS 0x000000008a400000, 0x000000008a400000|
|  85|0x000000008a500000, 0x000000008a500000, 0x000000008a600000|  0%| F|  |TS  0|AC  0|TAMS 0x000000008a500000, 0x000000008a500000|
|  86|0x000000008a600000, 0x000000008a600000, 0x000000008a700000|  0%| F|  |TS  0|AC  0|TAMS 0x000000008a600000, 0x000000008a600000|
|  87|0x000000008a700000, 0x000000008a700000, 0x000000008a800000|  0%| F|  |TS  0|AC  0|TAMS 0x000000008a700000, 0x000000008a700000|
|  88|0x000000008a800000, 0x000000008a800000, 0x000000008a900000|  0%| F|  |TS  0|AC  0|TAMS 0x000000008a800000, 0x000000008a800000|
|  89|0x000000008a900000, 0x000000008a900000, 0x000000008aa00000|  0%| F|  |TS  0|AC  0|TAMS 0x000000008a900000, 0x000000008a900000|
|  90|0x000000008aa00000, 0x000000008aa00000, 0x000000008ab00000|  0%| F|  |TS  0|AC  0|TAMS 0x000000008aa00000, 0x000000008aa00000|
|  91|0x000000008ab00000, 0x000000008ab00000, 0x000000008ac00000|  0%| F|  |TS  0|AC  0|TAMS 0x000000008ab00000, 0x000000008ab00000|
|  92|0x000000008ac00000, 0x000000008ac00000, 0x000000008ad00000|  0%| F|  |TS  0|AC  0|TAMS 0x000000008ac00000, 0x000000008ac00000|
|  93|0x000000008ad00000, 0x000000008ad00000, 0x000000008ae00000|  0%| F|  |TS  0|AC  0|TAMS 0x000000008ad00000, 0x000000008ad00000|
|  94|0x000000008ae00000, 0x000000008ae00000, 0x000000008af00000|  0%| F|  |TS  0|AC  0|TAMS 0x000000008ae00000, 0x000000008ae00000|
|  95|0x000000008af00000, 0x000000008af00000, 0x000000008b000000|  0%| F|  |TS  0|AC  0|TAMS 0x000000008af00000, 0x000000008af00000|
|  96|0x000000008b000000, 0x000000008b000000, 0x000000008b100000|  0%| F|  |TS  0|AC  0|TAMS 0x000000008b000000, 0x000000008b000000|
|  97|0x000000008b100000, 0x000000008b100000, 0x000000008b200000|  0%| F|  |TS  0|AC  0|TAMS 0x000000008b100000, 0x000000008b100000|
|  98|0x000000008b200000, 0x000000008b200000, 0x000000008b300000|  0%| F|  |TS  0|AC  0|TAMS 0x000000008b200000, 0x000000008b200000|
|  99|0x000000008b300000, 0x000000008b300000, 0x000000008b400000|  0%| F|  |TS  0|AC  0|TAMS 0x000000008b300000, 0x000000008b300000|
| 100|0x000000008b400000, 0x000000008b400000, 0x000000008b500000|  0%| F|  |TS  0|AC  0|TAMS 0x000000008b400000, 0x000000008b400000|
| 101|0x000000008b500000, 0x000000008b500000, 0x000000008b600000|  0%| F|  |TS  0|AC  0|TAMS 0x000000008b500000, 0x000000008b500000|
| 102|0x000000008b600000, 0x000000008b600000, 0x000000008b700000|  0%| F|  |TS  0|AC  0|TAMS 0x000000008b600000, 0x000000008b600000|
| 103|0x000000008b700000, 0x000000008b700000, 0x000000008b800000|  0%| F|  |TS  0|AC  0|TAMS 0x000000008b700000, 0x000000008b700000|
| 104|0x000000008b800000, 0x000000008b800000, 0x000000008b900000|  0%| F|  |TS  0|AC  0|TAMS 0x000000008b800000, 0x000000008b800000|
| 105|0x000000008b900000, 0x000000008b900000, 0x000000008ba00000|  0%| F|  |TS  0|AC  0|TAMS 0x000000008b900000, 0x000000008b900000|
| 106|0x000000008ba00000, 0x000000008ba00000, 0x000000008bb00000|  0%| F|  |TS  0|AC  0|TAMS 0x000000008ba00000, 0x000000008ba00000|
| 107|0x000000008bb00000, 0x000000008bb00000, 0x000000008bc00000|  0%| F|  |TS  0|AC  0|TAMS 0x000000008bb00000, 0x000000008bb00000|
| 108|0x000000008bc00000, 0x000000008bc00000, 0x000000008bd00000|  0%| F|  |TS  0|AC  0|TAMS 0x000000008bc00000, 0x000000008bc00000|
| 109|0x000000008bd00000, 0x000000008bd00000, 0x000000008be00000|  0%| F|  |TS  0|AC  0|TAMS 0x000000008bd00000, 0x000000008bd00000|
| 110|0x000000008be00000, 0x000000008be00000, 0x000000008bf00000|  0%| F|  |TS  0|AC  0|TAMS 0x000000008be00000, 0x000000008be00000|
| 111|0x000000008bf00000, 0x000000008bf00000, 0x000000008c000000|  0%| F|  |TS  0|AC  0|TAMS 0x000000008bf00000, 0x000000008bf00000|
| 112|0x000000008c000000, 0x000000008c000000, 0x000000008c100000|  0%| F|  |TS  0|AC  0|TAMS 0x000000008c000000, 0x000000008c000000|
| 113|0x000000008c100000, 0x000000008c100000, 0x000000008c200000|  0%| F|  |TS  0|AC  0|TAMS 0x000000008c100000, 0x000000008c100000|
| 114|0x000000008c200000, 0x000000008c200000, 0x000000008c300000|  0%| F|  |TS  0|AC  0|TAMS 0x000000008c200000, 0x000000008c200000|
| 115|0x000000008c300000, 0x000000008c300000, 0x000000008c400000|  0%| F|  |TS  0|AC  0|TAMS 0x000000008c300000, 0x000000008c300000|
| 116|0x000000008c400000, 0x000000008c47b630, 0x000000008c500000| 48%| E|  |TS  0|AC  0|TAMS 0x000000008c400000, 0x000000008c400000|
| 117|0x000000008c500000, 0x000000008c600000, 0x000000008c600000|100%| E|CS|TS  0|AC  0|TAMS 0x000000008c500000, 0x000000008c500000|
| 118|0x000000008c600000, 0x000000008c700000, 0x000000008c700000|100%| E|CS|TS  0|AC  0|TAMS 0x000000008c600000, 0x000000008c600000|
| 119|0x000000008c700000, 0x000000008c800000, 0x000000008c800000|100%| E|CS|TS  0|AC  0|TAMS 0x000000008c700000, 0x000000008c700000|
| 120|0x000000008c800000, 0x000000008c900000, 0x000000008c900000|100%| E|CS|TS  0|AC  0|TAMS 0x000000008c800000, 0x000000008c800000|
| 121|0x000000008c900000, 0x000000008ca00000, 0x000000008ca00000|100%| E|CS|TS  0|AC  0|TAMS 0x000000008c900000, 0x000000008c900000|
| 122|0x000000008ca00000, 0x000000008cb00000, 0x000000008cb00000|100%| E|CS|TS  0|AC  0|TAMS 0x000000008ca00000, 0x000000008ca00000|
| 123|0x000000008cb00000, 0x000000008cc00000, 0x000000008cc00000|100%| E|CS|TS  0|AC  0|TAMS 0x000000008cb00000, 0x000000008cb00000|

Card table byte_map: [0x00007fc6bf478000,0x00007fc6bf850000] byte_map_base: 0x00007fc6bf050000

Marking Bits (Prev, Next): (CMBitMap*) 0x00007fc72006af60, (CMBitMap*) 0x00007fc72006af98
 Prev Bits: [0x00007fc6bd1e0000, 0x00007fc6bf0a0000)
 Next Bits: [0x00007fc6bb320000, 0x00007fc6bd1e0000)

Polling page: 0x00007fc7278ac000

CodeHeap 'non-profiled nmethods': size=120032Kb used=162Kb max_used=162Kb free=119869Kb
 bounds [0x00007fc70d60b000, 0x00007fc70d87b000, 0x00007fc714b43000]
CodeHeap 'profiled nmethods': size=120028Kb used=880Kb max_used=880Kb free=119147Kb
 bounds [0x00007fc7060d4000, 0x00007fc706344000, 0x00007fc70d60b000]
CodeHeap 'non-nmethods': size=5700Kb used=1465Kb max_used=1478Kb free=4234Kb
 bounds [0x00007fc705b43000, 0x00007fc705db3000, 0x00007fc7060d4000]
 total_blobs=1498 nmethods=567 adapters=721
 compilation: enabled

Compilation events (10 events):
Event: 0,446 Thread 0x00007fc720173800  565       4       java.lang.StringLatin1::indexOf (121 bytes)
Event: 0,447 Thread 0x00007fc720177800 nmethod 562 0x00007fc7061a7e90 code [0x00007fc7061a8340, 0x00007fc7061aa6c8]
Event: 0,447 Thread 0x00007fc720177800  567  s!   3       jdk.internal.loader.URLClassPath::getLoader (200 bytes)
Event: 0,450 Thread 0x00007fc720177800 nmethod 567 0x00007fc7061aba10 code [0x00007fc7061abe80, 0x00007fc7061aeb48]
Event: 0,450 Thread 0x00007fc720177800  563       3       java.lang.String::<init> (10 bytes)
Event: 0,450 Thread 0x00007fc720177800 nmethod 563 0x00007fc7061afa90 code [0x00007fc7061afc40, 0x00007fc7061afde8]
Event: 0,450 Thread 0x00007fc720177800  566       3       java.nio.charset.Charset::isSupported (13 bytes)
Event: 0,450 Thread 0x00007fc720177800 nmethod 566 0x00007fc7061afe90 code [0x00007fc7061b0040, 0x00007fc7061b0208]
Event: 0,452 Thread 0x00007fc720175800 nmethod 560 0x00007fc70d632590 code [0x00007fc70d632740, 0x00007fc70d633038]
Event: 0,455 Thread 0x00007fc720173800 nmethod 565 0x00007fc70d633210 code [0x00007fc70d6333c0, 0x00007fc70d6337f8]

GC Heap History (0 events):
No events

Deoptimization events (0 events):
No events

Classes redefined (0 events):
No events

Internal exceptions (9 events):
Event: 0,203 Thread 0x00007fc720013000 Exception <a 'java/lang/NoSuchMethodError'{0x000000008c722ce8}: java.lang.Object.lambda$static$0(Ljava/lang/String;)Ljava/lang/Boolean;> (0x000000008c722ce8) thrown at [/scratch/opt/mach5/mesos/work_dir/slaves/5af44a71-976a-41b7-81de-5773b84ec572-S39643/f
Event: 0,235 Thread 0x00007fc720013000 Exception <a 'java/lang/NoSuchMethodError'{0x000000008c7c68d0}: java.lang.Object.lambda$union$2(Ljava/util/regex/Pattern$CharPredicate;I)Z> (0x000000008c7c68d0) thrown at [/scratch/opt/mach5/mesos/work_dir/slaves/5af44a71-976a-41b7-81de-5773b84ec572-S3964
Event: 0,238 Thread 0x00007fc720013000 Exception <a 'java/lang/NoSuchMethodError'{0x000000008c7d06b8}: java.lang.invoke.DirectMethodHandle$Holder.invokeStatic(Ljava/lang/Object;Ljava/lang/Object;)I> (0x000000008c7d06b8) thrown at [/scratch/opt/mach5/mesos/work_dir/slaves/5af44a71-976a-41b7-81d
Event: 0,241 Thread 0x00007fc720013000 Exception <a 'java/lang/NoSuchMethodError'{0x000000008c7de460}: method resolution failed> (0x000000008c7de460) thrown at [/scratch/opt/mach5/mesos/work_dir/slaves/5af44a71-976a-41b7-81de-5773b84ec572-S39643/frameworks/1735e8a2-a1db-478c-8104-60c8b0af87dd-
Event: 0,241 Thread 0x00007fc720013000 Exception <a 'java/lang/NoSuchMethodError'{0x000000008c7e2118}: method resolution failed> (0x000000008c7e2118) thrown at [/scratch/opt/mach5/mesos/work_dir/slaves/5af44a71-976a-41b7-81de-5773b84ec572-S39643/frameworks/1735e8a2-a1db-478c-8104-60c8b0af87dd-
Event: 0,242 Thread 0x00007fc720013000 Exception <a 'java/lang/NoSuchMethodError'{0x000000008c7e5618}: java.lang.invoke.DelegatingMethodHandle$Holder.delegate(Ljava/lang/Object;Ljava/lang/Object;ILjava/lang/Object;)V> (0x000000008c7e5618) thrown at [/scratch/opt/mach5/mesos/work_dir/slaves/5af
Event: 0,242 Thread 0x00007fc720013000 Exception <a 'java/lang/NoSuchMethodError'{0x000000008c7e9320}: java.lang.invoke.DirectMethodHandle$Holder.invokeSpecial(Ljava/lang/Object;Ljava/lang/Object;Ljava/lang/Object;)I> (0x000000008c7e9320) thrown at [/scratch/opt/mach5/mesos/work_dir/slaves/5af
Event: 0,243 Thread 0x00007fc720013000 Exception <a 'java/lang/NoSuchMethodError'{0x000000008c7f0380}: java.lang.invoke.DirectMethodHandle$Holder.invokeStaticInit(Ljava/lang/Object;Ljava/lang/Object;Ljava/lang/Object;)Ljava/lang/Object;> (0x000000008c7f0380) thrown at [/scratch/opt/mach5/mesos
Event: 0,445 Thread 0x00007fc720013000 Exception <a 'sun/nio/fs/UnixException'{0x000000008c411420}> (0x000000008c411420) thrown at [/scratch/opt/mach5/mesos/work_dir/slaves/5af44a71-976a-41b7-81de-5773b84ec572-S39643/frameworks/1735e8a2-a1db-478c-8104-60c8b0af87dd-0196/executors/a3f74ad9-294f-

Events (10 events):
Event: 0,446 loading class java/nio/file/FileSystemException done
Event: 0,446 Executing VM operation: Deoptimize
Event: 0,446 Executing VM operation: Deoptimize done
Event: 0,446 loading class java/nio/file/NoSuchFileException done
Event: 0,446 loading class org/lwjgl/opengl/GL$2
Event: 0,446 loading class org/lwjgl/opengl/GL$2 done
Event: 0,446 loading class org/lwjgl/opengl/GL$SharedLibraryGL
Event: 0,446 loading class org/lwjgl/opengl/GL$SharedLibraryGL done
Event: 0,447 loading class org/lwjgl/system/SharedLibrary$Delegate
Event: 0,447 loading class org/lwjgl/system/SharedLibrary$Delegate done


Dynamic libraries:
00400000-00401000 r-xp 00000000 08:01 3807052                            /usr/lib/jvm/java-9-oracle/bin/java
00600000-00601000 rw-p 00000000 08:01 3807052                            /usr/lib/jvm/java-9-oracle/bin/java
024c9000-024ea000 rw-p 00000000 00:00 0                                  [heap]
40d09000-40daa000 rw-p 00000000 00:00 0 
4188a000-4188c000 r-xs 00000000 08:01 23724408                           /tmp/.glK64xIF (deleted)
85000000-8cc00000 rw-p 00000000 00:00 0 
8cc00000-100000000 ---p 00000000 00:00 0 
100000000-1000c0000 rw-p 00000000 00:00 0 
1000c0000-140000000 ---p 00000000 00:00 0 
7fc674000000-7fc674021000 rw-p 00000000 00:00 0 
7fc674021000-7fc678000000 ---p 00000000 00:00 0 
7fc679c66000-7fc679f94000 rw-p 00000000 00:00 0 
7fc679f94000-7fc679fff000 r-xp 00000000 08:01 23724611                   /tmp/lwjgloliver/3.1.5-build-1/liblwjgl_opengl.so
7fc679fff000-7fc67a1fe000 ---p 0006b000 08:01 23724611                   /tmp/lwjgloliver/3.1.5-build-1/liblwjgl_opengl.so
7fc67a1fe000-7fc67a1ff000 r--p 0006a000 08:01 23724611                   /tmp/lwjgloliver/3.1.5-build-1/liblwjgl_opengl.so
7fc67a1ff000-7fc67a200000 rw-p 0006b000 08:01 23724611                   /tmp/lwjgloliver/3.1.5-build-1/liblwjgl_opengl.so
7fc67a200000-7fc67b61e000 r-xp 00000000 08:01 3411185                    /usr/lib/nvidia-390/libnvidia-glcore.so.390.48
7fc67b61e000-7fc67b63f000 rwxp 0141e000 08:01 3411185                    /usr/lib/nvidia-390/libnvidia-glcore.so.390.48
7fc67b63f000-7fc67ba74000 r-xp 0143f000 08:01 3411185                    /usr/lib/nvidia-390/libnvidia-glcore.so.390.48
7fc67ba74000-7fc67bc74000 ---p 01874000 08:01 3411185                    /usr/lib/nvidia-390/libnvidia-glcore.so.390.48
7fc67bc74000-7fc67bfe7000 rw-p 01874000 08:01 3411185                    /usr/lib/nvidia-390/libnvidia-glcore.so.390.48
7fc67bfe7000-7fc67c000000 rw-p 00000000 00:00 0 
7fc67c000000-7fc67c021000 rw-p 00000000 00:00 0 
7fc67c021000-7fc680000000 ---p 00000000 00:00 0 
7fc680000000-7fc680021000 rw-p 00000000 00:00 0 
7fc680021000-7fc684000000 ---p 00000000 00:00 0 
7fc684000000-7fc6841e9000 rw-p 00000000 00:00 0 
7fc6841e9000-7fc688000000 ---p 00000000 00:00 0 
7fc688000000-7fc688021000 rw-p 00000000 00:00 0 
7fc688021000-7fc68c000000 ---p 00000000 00:00 0 
7fc68c000000-7fc68c04f000 rw-p 00000000 00:00 0 
7fc68c04f000-7fc690000000 ---p 00000000 00:00 0 
7fc690000000-7fc6900d7000 rw-p 00000000 00:00 0 
7fc6900d7000-7fc694000000 ---p 00000000 00:00 0 
7fc694000000-7fc694021000 rw-p 00000000 00:00 0 
7fc694021000-7fc698000000 ---p 00000000 00:00 0 
7fc698000000-7fc69819a000 rw-p 00000000 00:00 0 
7fc69819a000-7fc69c000000 ---p 00000000 00:00 0 
7fc69c000000-7fc69c021000 rw-p 00000000 00:00 0 
7fc69c021000-7fc6a0000000 ---p 00000000 00:00 0 
7fc6a0000000-7fc6a0021000 rw-p 00000000 00:00 0 
7fc6a0021000-7fc6a4000000 ---p 00000000 00:00 0 
7fc6a4000000-7fc6a4021000 rw-p 00000000 00:00 0 
7fc6a4021000-7fc6a8000000 ---p 00000000 00:00 0 
7fc6a812b000-7fc6a81ab000 rw-s 00000000 00:06 510                        /dev/nvidiactl
7fc6a81ab000-7fc6a822b000 rw-s 00000000 00:06 510                        /dev/nvidiactl
7fc6a822b000-7fc6a82ab000 rw-s 00000000 00:06 510                        /dev/nvidiactl
7fc6a82ab000-7fc6a83ab000 rw-s 00000000 00:06 510                        /dev/nvidiactl
7fc6a83ab000-7fc6a83eb000 rw-s 00000000 00:06 510                        /dev/nvidiactl
7fc6a83eb000-7fc6a84d3000 rw-p 00000000 00:00 0 
7fc6a84d3000-7fc6a85d8000 rw-s 00000000 00:06 510                        /dev/nvidiactl
7fc6a85d8000-7fc6a85db000 r-xp 00000000 08:01 3411189                    /usr/lib/nvidia-390/tls/libnvidia-tls.so.390.48
7fc6a85db000-7fc6a87db000 ---p 00003000 08:01 3411189                    /usr/lib/nvidia-390/tls/libnvidia-tls.so.390.48
7fc6a87db000-7fc6a87dc000 rw-p 00003000 08:01 3411189                    /usr/lib/nvidia-390/tls/libnvidia-tls.so.390.48
7fc6a87dc000-7fc6a88a5000 r-xp 00000000 08:01 3411194                    /usr/lib/nvidia-390/libGL.so.390.48
7fc6a88a5000-7fc6a88d9000 rwxp 000c9000 08:01 3411194                    /usr/lib/nvidia-390/libGL.so.390.48
7fc6a88d9000-7fc6a88ed000 r-xp 000fd000 08:01 3411194                    /usr/lib/nvidia-390/libGL.so.390.48
7fc6a88ed000-7fc6a8aed000 ---p 00111000 08:01 3411194                    /usr/lib/nvidia-390/libGL.so.390.48
7fc6a8aed000-7fc6a8b12000 rw-p 00111000 08:01 3411194                    /usr/lib/nvidia-390/libGL.so.390.48
7fc6a8b12000-7fc6a8b19000 rw-p 00000000 00:00 0 
7fc6a8b19000-7fc6a8b1a000 r-xp 00000000 08:01 3415792                    /usr/lib/x86_64-linux-gnu/libX11-xcb.so.1.0.0
7fc6a8b1a000-7fc6a8d19000 ---p 00001000 08:01 3415792                    /usr/lib/x86_64-linux-gnu/libX11-xcb.so.1.0.0
7fc6a8d19000-7fc6a8d1a000 r--p 00000000 08:01 3415792                    /usr/lib/x86_64-linux-gnu/libX11-xcb.so.1.0.0
7fc6a8d1a000-7fc6a8d1b000 rw-p 00001000 08:01 3415792                    /usr/lib/x86_64-linux-gnu/libX11-xcb.so.1.0.0
7fc6a8d1b000-7fc6a8d1d000 r-xp 00000000 08:01 3415823                    /usr/lib/x86_64-linux-gnu/libXinerama.so.1.0.0
7fc6a8d1d000-7fc6a8f1c000 ---p 00002000 08:01 3415823                    /usr/lib/x86_64-linux-gnu/libXinerama.so.1.0.0
7fc6a8f1c000-7fc6a8f1d000 r--p 00001000 08:01 3415823                    /usr/lib/x86_64-linux-gnu/libXinerama.so.1.0.0
7fc6a8f1d000-7fc6a8f1e000 rw-p 00002000 08:01 3415823                    /usr/lib/x86_64-linux-gnu/libXinerama.so.1.0.0
7fc6a8f1e000-7fc6a8f23000 r-xp 00000000 08:01 3415813                    /usr/lib/x86_64-linux-gnu/libXfixes.so.3.1.0
7fc6a8f23000-7fc6a9122000 ---p 00005000 08:01 3415813                    /usr/lib/x86_64-linux-gnu/libXfixes.so.3.1.0
7fc6a9122000-7fc6a9123000 r--p 00004000 08:01 3415813                    /usr/lib/x86_64-linux-gnu/libXfixes.so.3.1.0
7fc6a9123000-7fc6a9124000 rw-p 00005000 08:01 3415813                    /usr/lib/x86_64-linux-gnu/libXfixes.so.3.1.0
7fc6a9124000-7fc6a912d000 r-xp 00000000 08:01 3413243                    /usr/lib/x86_64-linux-gnu/libXcursor.so.1.0.2
7fc6a912d000-7fc6a932c000 ---p 00009000 08:01 3413243                    /usr/lib/x86_64-linux-gnu/libXcursor.so.1.0.2
7fc6a932c000-7fc6a932d000 r--p 00008000 08:01 3413243                    /usr/lib/x86_64-linux-gnu/libXcursor.so.1.0.2
7fc6a932d000-7fc6a932e000 rw-p 00009000 08:01 3413243                    /usr/lib/x86_64-linux-gnu/libXcursor.so.1.0.2
7fc6a932e000-7fc6a9337000 r-xp 00000000 08:01 3415833                    /usr/lib/x86_64-linux-gnu/libXrender.so.1.3.0
7fc6a9337000-7fc6a9536000 ---p 00009000 08:01 3415833                    /usr/lib/x86_64-linux-gnu/libXrender.so.1.3.0
7fc6a9536000-7fc6a9537000 r--p 00008000 08:01 3415833                    /usr/lib/x86_64-linux-gnu/libXrender.so.1.3.0
7fc6a9537000-7fc6a9538000 rw-p 00009000 08:01 3415833                    /usr/lib/x86_64-linux-gnu/libXrender.so.1.3.0
7fc6a9538000-7fc6a9542000 r-xp 00000000 08:01 3415831                    /usr/lib/x86_64-linux-gnu/libXrandr.so.2.2.0
7fc6a9542000-7fc6a9741000 ---p 0000a000 08:01 3415831                    /usr/lib/x86_64-linux-gnu/libXrandr.so.2.2.0
7fc6a9741000-7fc6a9742000 r--p 00009000 08:01 3415831                    /usr/lib/x86_64-linux-gnu/libXrandr.so.2.2.0
7fc6a9742000-7fc6a9743000 rw-p 0000a000 08:01 3415831                    /usr/lib/x86_64-linux-gnu/libXrandr.so.2.2.0
7fc6a9743000-7fc6a9752000 r-xp 00000000 08:01 3415821                    /usr/lib/x86_64-linux-gnu/libXi.so.6.1.0
7fc6a9752000-7fc6a9951000 ---p 0000f000 08:01 3415821                    /usr/lib/x86_64-linux-gnu/libXi.so.6.1.0
7fc6a9951000-7fc6a9952000 r--p 0000e000 08:01 3415821                    /usr/lib/x86_64-linux-gnu/libXi.so.6.1.0
7fc6a9952000-7fc6a9953000 rw-p 0000f000 08:01 3415821                    /usr/lib/x86_64-linux-gnu/libXi.so.6.1.0
7fc6a9953000-7fc6a9964000 r-xp 00000000 08:01 3415811                    /usr/lib/x86_64-linux-gnu/libXext.so.6.4.0
7fc6a9964000-7fc6a9b63000 ---p 00011000 08:01 3415811                    /usr/lib/x86_64-linux-gnu/libXext.so.6.4.0
7fc6a9b63000-7fc6a9b64000 r--p 00010000 08:01 3415811                    /usr/lib/x86_64-linux-gnu/libXext.so.6.4.0
7fc6a9b64000-7fc6a9b65000 rw-p 00011000 08:01 3415811                    /usr/lib/x86_64-linux-gnu/libXext.so.6.4.0
7fc6a9b65000-7fc6a9b6a000 r-xp 00000000 08:01 3415849                    /usr/lib/x86_64-linux-gnu/libXxf86vm.so.1.0.0
7fc6a9b6a000-7fc6a9d69000 ---p 00005000 08:01 3415849                    /usr/lib/x86_64-linux-gnu/libXxf86vm.so.1.0.0
7fc6a9d69000-7fc6a9d6a000 r--p 00004000 08:01 3415849                    /usr/lib/x86_64-linux-gnu/libXxf86vm.so.1.0.0
7fc6a9d6a000-7fc6a9d6b000 rw-p 00005000 08:01 3415849                    /usr/lib/x86_64-linux-gnu/libXxf86vm.so.1.0.0
7fc6a9d6b000-7fc6a9d70000 r-xp 00000000 08:01 3415809                    /usr/lib/x86_64-linux-gnu/libXdmcp.so.6.0.0
7fc6a9d70000-7fc6a9f6f000 ---p 00005000 08:01 3415809                    /usr/lib/x86_64-linux-gnu/libXdmcp.so.6.0.0
7fc6a9f6f000-7fc6a9f70000 r--p 00004000 08:01 3415809                    /usr/lib/x86_64-linux-gnu/libXdmcp.so.6.0.0
7fc6a9f70000-7fc6a9f71000 rw-p 00005000 08:01 3415809                    /usr/lib/x86_64-linux-gnu/libXdmcp.so.6.0.0
7fc6a9f71000-7fc6a9f73000 r-xp 00000000 08:01 3415798                    /usr/lib/x86_64-linux-gnu/libXau.so.6.0.0
7fc6a9f73000-7fc6aa173000 ---p 00002000 08:01 3415798                    /usr/lib/x86_64-linux-gnu/libXau.so.6.0.0
7fc6aa173000-7fc6aa174000 r--p 00002000 08:01 3415798                    /usr/lib/x86_64-linux-gnu/libXau.so.6.0.0
7fc6aa174000-7fc6aa175000 rw-p 00003000 08:01 3415798                    /usr/lib/x86_64-linux-gnu/libXau.so.6.0.0
7fc6aa175000-7fc6aa196000 r-xp 00000000 08:01 3417216                    /usr/lib/x86_64-linux-gnu/libxcb.so.1.1.0
7fc6aa196000-7fc6aa395000 ---p 00021000 08:01 3417216                    /usr/lib/x86_64-linux-gnu/libxcb.so.1.1.0
7fc6aa395000-7fc6aa396000 r--p 00020000 08:01 3417216                    /usr/lib/x86_64-linux-gnu/libxcb.so.1.1.0
7fc6aa396000-7fc6aa397000 rw-p 00021000 08:01 3417216                    /usr/lib/x86_64-linux-gnu/libxcb.so.1.1.0
7fc6aa397000-7fc6aa4cc000 r-xp 00000000 08:01 3415794                    /usr/lib/x86_64-linux-gnu/libX11.so.6.3.0
7fc6aa4cc000-7fc6aa6cc000 ---p 00135000 08:01 3415794                    /usr/lib/x86_64-linux-gnu/libX11.so.6.3.0
7fc6aa6cc000-7fc6aa6cd000 r--p 00135000 08:01 3415794                    /usr/lib/x86_64-linux-gnu/libX11.so.6.3.0
7fc6aa6cd000-7fc6aa6d1000 rw-p 00136000 08:01 3415794                    /usr/lib/x86_64-linux-gnu/libX11.so.6.3.0
7fc6aa6d1000-7fc6aa700000 r-xp 00000000 08:01 23724609                   /tmp/lwjgloliver/3.1.5-build-1/libglfw.so
7fc6aa700000-7fc6aa8ff000 ---p 0002f000 08:01 23724609                   /tmp/lwjgloliver/3.1.5-build-1/libglfw.so
7fc6aa8ff000-7fc6aa900000 r--p 0002e000 08:01 23724609                   /tmp/lwjgloliver/3.1.5-build-1/libglfw.so
7fc6aa900000-7fc6aa901000 rw-p 0002f000 08:01 23724609                   /tmp/lwjgloliver/3.1.5-build-1/libglfw.so
7fc6aa901000-7fc6aa922000 rw-p 00000000 00:00 0 
7fc6aa922000-7fc6aa975000 r-xp 00000000 08:01 23724608                   /tmp/lwjgloliver/3.1.5-build-1/liblwjgl.so
7fc6aa975000-7fc6aab74000 ---p 00053000 08:01 23724608                   /tmp/lwjgloliver/3.1.5-build-1/liblwjgl.so
7fc6aab74000-7fc6aab75000 r--p 00052000 08:01 23724608                   /tmp/lwjgloliver/3.1.5-build-1/liblwjgl.so
7fc6aab75000-7fc6aab76000 rw-p 00053000 08:01 23724608                   /tmp/lwjgloliver/3.1.5-build-1/liblwjgl.so
7fc6aab76000-7fc6aab77000 ---p 00000000 00:00 0 
7fc6aab77000-7fc6aac77000 rw-p 00000000 00:00 0 
7fc6aac77000-7fc6aac7b000 ---p 00000000 00:00 0 
7fc6aac7b000-7fc6aad78000 rw-p 00000000 00:00 0 
7fc6aad78000-7fc6aad7c000 ---p 00000000 00:00 0 
7fc6aad7c000-7fc6aae79000 rw-p 00000000 00:00 0 
7fc6aae79000-7fc6aae8f000 r-xp 00000000 08:01 5641750                    /usr/lib/jvm/java-9-oracle/lib/libnet.so
7fc6aae8f000-7fc6ab08f000 ---p 00016000 08:01 5641750                    /usr/lib/jvm/java-9-oracle/lib/libnet.so
7fc6ab08f000-7fc6ab090000 rw-p 00016000 08:01 5641750                    /usr/lib/jvm/java-9-oracle/lib/libnet.so
7fc6ab090000-7fc6ab0a0000 r-xp 00000000 08:01 5641814                    /usr/lib/jvm/java-9-oracle/lib/libnio.so
7fc6ab0a0000-7fc6ab2a0000 ---p 00010000 08:01 5641814                    /usr/lib/jvm/java-9-oracle/lib/libnio.so
7fc6ab2a0000-7fc6ab2a1000 rw-p 00010000 08:01 5641814                    /usr/lib/jvm/java-9-oracle/lib/libnio.so
7fc6ab2a1000-7fc6ab2a5000 ---p 00000000 00:00 0 
7fc6ab2a5000-7fc6ab3a2000 rw-p 00000000 00:00 0 
7fc6ab3a2000-7fc6ab3a6000 ---p 00000000 00:00 0 
7fc6ab3a6000-7fc6ab4a3000 rw-p 00000000 00:00 0 
7fc6ab4a3000-7fc6ab4a7000 ---p 00000000 00:00 0 
7fc6ab4a7000-7fc6ab5a4000 rw-p 00000000 00:00 0 
7fc6ab5a4000-7fc6ab5a8000 ---p 00000000 00:00 0 
7fc6ab5a8000-7fc6ab6a5000 rw-p 00000000 00:00 0 
7fc6ab6a5000-7fc6ab6a9000 ---p 00000000 00:00 0 
7fc6ab6a9000-7fc6ab7a6000 rw-p 00000000 00:00 0 
7fc6ab7a6000-7fc6ab7aa000 ---p 00000000 00:00 0 
7fc6ab7aa000-7fc6ab8a7000 rw-p 00000000 00:00 0 
7fc6ab8a7000-7fc6abcfd000 r--p 00000000 08:01 3409364                    /usr/lib/locale/locale-archive
7fc6abcfd000-7fc6abd01000 ---p 00000000 00:00 0 
7fc6abd01000-7fc6abdfe000 rw-p 00000000 00:00 0 
7fc6abdfe000-7fc6abe02000 ---p 00000000 00:00 0 
7fc6abe02000-7fc6abeff000 rw-p 00000000 00:00 0 
7fc6abeff000-7fc6abf00000 ---p 00000000 00:00 0 
7fc6abf00000-7fc6ac000000 rw-p 00000000 00:00 0 
7fc6ac000000-7fc6ac021000 rw-p 00000000 00:00 0 
7fc6ac021000-7fc6b0000000 ---p 00000000 00:00 0 
7fc6b0000000-7fc6b0021000 rw-p 00000000 00:00 0 
7fc6b0021000-7fc6b4000000 ---p 00000000 00:00 0 
7fc6b4000000-7fc6b4021000 rw-p 00000000 00:00 0 
7fc6b4021000-7fc6b8000000 ---p 00000000 00:00 0 
7fc6b8005000-7fc6b8025000 rw-s 00000000 00:06 511                        /dev/nvidia0
7fc6b8025000-7fc6b8045000 rw-s 00000000 00:06 510                        /dev/nvidiactl
7fc6b8045000-7fc6b8916000 rw-p 00000000 00:00 0 
7fc6b8916000-7fc6b911e000 rw-p 00000000 00:00 0 
7fc6b911e000-7fc6bb11e000 rwxp 00000000 00:00 0 
7fc6bb11e000-7fc6bb11f000 ---p 00000000 00:00 0 
7fc6bb11f000-7fc6bb21f000 rw-p 00000000 00:00 0 
7fc6bb21f000-7fc6bb220000 ---p 00000000 00:00 0 
7fc6bb220000-7fc6bb510000 rw-p 00000000 00:00 0 
7fc6bb510000-7fc6bd1e0000 ---p 00000000 00:00 0 
7fc6bd1e0000-7fc6bd3d0000 rw-p 00000000 00:00 0 
7fc6bd3d0000-7fc6bf0a0000 ---p 00000000 00:00 0 
7fc6bf0a0000-7fc6bf0de000 rw-p 00000000 00:00 0 
7fc6bf0de000-7fc6bf478000 ---p 00000000 00:00 0 
7fc6bf478000-7fc6bf4b6000 rw-p 00000000 00:00 0 
7fc6bf4b6000-7fc6bfc28000 ---p 00000000 00:00 0 
7fc6bfc28000-7fc6bfc66000 rw-p 00000000 00:00 0 
7fc6bfc66000-7fc6c0000000 ---p 00000000 00:00 0 
7fc6c0000000-7fc6c0021000 rw-p 00000000 00:00 0 
7fc6c0021000-7fc6c4000000 ---p 00000000 00:00 0 
7fc6c4000000-7fc6c4021000 rw-p 00000000 00:00 0 
7fc6c4021000-7fc6c8000000 ---p 00000000 00:00 0 
7fc6c8000000-7fc6c8021000 rw-p 00000000 00:00 0 
7fc6c8021000-7fc6cc000000 ---p 00000000 00:00 0 
7fc6cc000000-7fc6cc021000 rw-p 00000000 00:00 0 
7fc6cc021000-7fc6d0000000 ---p 00000000 00:00 0 
7fc6d0000000-7fc6d0021000 rw-p 00000000 00:00 0 
7fc6d0021000-7fc6d4000000 ---p 00000000 00:00 0 
7fc6d4000000-7fc6d4021000 rw-p 00000000 00:00 0 
7fc6d4021000-7fc6d8000000 ---p 00000000 00:00 0 
7fc6d8000000-7fc6d8021000 rw-p 00000000 00:00 0 
7fc6d8021000-7fc6dc000000 ---p 00000000 00:00 0 
7fc6dc000000-7fc6dc021000 rw-p 00000000 00:00 0 
7fc6dc021000-7fc6e0000000 ---p 00000000 00:00 0 
7fc6e0000000-7fc6e0021000 rw-p 00000000 00:00 0 
7fc6e0021000-7fc6e4000000 ---p 00000000 00:00 0 
7fc6e4000000-7fc6e4021000 rw-p 00000000 00:00 0 
7fc6e4021000-7fc6e8000000 ---p 00000000 00:00 0 
7fc6e8000000-7fc6e8021000 rw-p 00000000 00:00 0 
7fc6e8021000-7fc6ec000000 ---p 00000000 00:00 0 
7fc6ec000000-7fc6ec021000 rw-p 00000000 00:00 0 
7fc6ec021000-7fc6f0000000 ---p 00000000 00:00 0 
7fc6f0000000-7fc6f0021000 rw-p 00000000 00:00 0 
7fc6f0021000-7fc6f4000000 ---p 00000000 00:00 0 
7fc6f4000000-7fc6f4021000 rw-p 00000000 00:00 0 
7fc6f4021000-7fc6f8000000 ---p 00000000 00:00 0 
7fc6f8000000-7fc6f8021000 rw-p 00000000 00:00 0 
7fc6f8021000-7fc6fc000000 ---p 00000000 00:00 0 
7fc6fc000000-7fc6fc021000 rw-p 00000000 00:00 0 
7fc6fc021000-7fc700000000 ---p 00000000 00:00 0 
7fc700000000-7fc700021000 rw-p 00000000 00:00 0 
7fc700021000-7fc704000000 ---p 00000000 00:00 0 
7fc70400d000-7fc70403e000 rw-p 00000000 00:00 0 
7fc70403e000-7fc70403f000 ---p 00000000 00:00 0 
7fc70403f000-7fc70413f000 rw-p 00000000 00:00 0 
7fc70413f000-7fc704140000 ---p 00000000 00:00 0 
7fc704140000-7fc704240000 rw-p 00000000 00:00 0 
7fc704240000-7fc704241000 ---p 00000000 00:00 0 
7fc704241000-7fc704341000 rw-p 00000000 00:00 0 
7fc704341000-7fc704342000 ---p 00000000 00:00 0 
7fc704342000-7fc704442000 rw-p 00000000 00:00 0 
7fc704442000-7fc704443000 ---p 00000000 00:00 0 
7fc704443000-7fc704543000 rw-p 00000000 00:00 0 
7fc704543000-7fc704544000 ---p 00000000 00:00 0 
7fc704544000-7fc704644000 rw-p 00000000 00:00 0 
7fc704644000-7fc704645000 ---p 00000000 00:00 0 
7fc704645000-7fc704745000 rw-p 00000000 00:00 0 
7fc704745000-7fc704746000 ---p 00000000 00:00 0 
7fc704746000-7fc704846000 rw-p 00000000 00:00 0 
7fc704846000-7fc704847000 ---p 00000000 00:00 0 
7fc704847000-7fc704947000 rw-p 00000000 00:00 0 
7fc704947000-7fc704948000 ---p 00000000 00:00 0 
7fc704948000-7fc705250000 rw-p 00000000 00:00 0 
7fc705250000-7fc705251000 ---p 00000000 00:00 0 
7fc705251000-7fc705351000 rw-p 00000000 00:00 0 
7fc705351000-7fc705352000 ---p 00000000 00:00 0 
7fc705352000-7fc705452000 rw-p 00000000 00:00 0 
7fc705452000-7fc705453000 ---p 00000000 00:00 0 
7fc705453000-7fc705553000 rw-p 00000000 00:00 0 
7fc705553000-7fc705554000 ---p 00000000 00:00 0 
7fc705554000-7fc705654000 rw-p 00000000 00:00 0 
7fc705654000-7fc705655000 ---p 00000000 00:00 0 
7fc705655000-7fc705755000 rw-p 00000000 00:00 0 
7fc705755000-7fc705756000 ---p 00000000 00:00 0 
7fc705756000-7fc705856000 rw-p 00000000 00:00 0 
7fc705856000-7fc705857000 ---p 00000000 00:00 0 
7fc705857000-7fc705957000 rw-p 00000000 00:00 0 
7fc705957000-7fc705958000 ---p 00000000 00:00 0 
7fc705958000-7fc705a5d000 rw-p 00000000 00:00 0 
7fc705a5d000-7fc705b43000 ---p 00000000 00:00 0 
7fc705b43000-7fc705db3000 rwxp 00000000 00:00 0 
7fc705db3000-7fc7060d4000 ---p 00000000 00:00 0 
7fc7060d4000-7fc706344000 rwxp 00000000 00:00 0 
7fc706344000-7fc70d60b000 ---p 00000000 00:00 0 
7fc70d60b000-7fc70d87b000 rwxp 00000000 00:00 0 
7fc70d87b000-7fc714b43000 ---p 00000000 00:00 0 
7fc714b43000-7fc720000000 r--s 00000000 08:01 5641785                    /usr/lib/jvm/java-9-oracle/lib/modules
7fc720000000-7fc72081f000 rw-p 00000000 00:00 0 
7fc72081f000-7fc724000000 ---p 00000000 00:00 0 
7fc72401b000-7fc72401d000 r-xp 00000000 00:00 0 
7fc72401d000-7fc72404a000 rw-p 00000000 00:00 0 
7fc72404a000-7fc724130000 ---p 00000000 00:00 0 
7fc724130000-7fc72414a000 r-xp 00000000 08:01 5641707                    /usr/lib/jvm/java-9-oracle/lib/libjimage.so
7fc72414a000-7fc724349000 ---p 0001a000 08:01 5641707                    /usr/lib/jvm/java-9-oracle/lib/libjimage.so
7fc724349000-7fc72434b000 rw-p 00019000 08:01 5641707                    /usr/lib/jvm/java-9-oracle/lib/libjimage.so
7fc72434b000-7fc72435d000 rw-p 00000000 00:00 0 
7fc72435d000-7fc724364000 r-xp 00000000 08:01 5641822                    /usr/lib/jvm/java-9-oracle/lib/libzip.so
7fc724364000-7fc724563000 ---p 00007000 08:01 5641822                    /usr/lib/jvm/java-9-oracle/lib/libzip.so
7fc724563000-7fc724564000 rw-p 00006000 08:01 5641822                    /usr/lib/jvm/java-9-oracle/lib/libzip.so
7fc724564000-7fc72456f000 r-xp 00000000 08:01 24642406                   /lib/x86_64-linux-gnu/libnss_files-2.23.so
7fc72456f000-7fc72476e000 ---p 0000b000 08:01 24642406                   /lib/x86_64-linux-gnu/libnss_files-2.23.so
7fc72476e000-7fc72476f000 r--p 0000a000 08:01 24642406                   /lib/x86_64-linux-gnu/libnss_files-2.23.so
7fc72476f000-7fc724770000 rw-p 0000b000 08:01 24642406                   /lib/x86_64-linux-gnu/libnss_files-2.23.so
7fc724770000-7fc724776000 rw-p 00000000 00:00 0 
7fc724776000-7fc724781000 r-xp 00000000 08:01 24642410                   /lib/x86_64-linux-gnu/libnss_nis-2.23.so
7fc724781000-7fc724980000 ---p 0000b000 08:01 24642410                   /lib/x86_64-linux-gnu/libnss_nis-2.23.so
7fc724980000-7fc724981000 r--p 0000a000 08:01 24642410                   /lib/x86_64-linux-gnu/libnss_nis-2.23.so
7fc724981000-7fc724982000 rw-p 0000b000 08:01 24642410                   /lib/x86_64-linux-gnu/libnss_nis-2.23.so
7fc724982000-7fc724998000 r-xp 00000000 08:01 24642390                   /lib/x86_64-linux-gnu/libnsl-2.23.so
7fc724998000-7fc724b97000 ---p 00016000 08:01 24642390                   /lib/x86_64-linux-gnu/libnsl-2.23.so
7fc724b97000-7fc724b98000 r--p 00015000 08:01 24642390                   /lib/x86_64-linux-gnu/libnsl-2.23.so
7fc724b98000-7fc724b99000 rw-p 00016000 08:01 24642390                   /lib/x86_64-linux-gnu/libnsl-2.23.so
7fc724b99000-7fc724b9b000 rw-p 00000000 00:00 0 
7fc724b9b000-7fc724ba3000 r-xp 00000000 08:01 24642401                   /lib/x86_64-linux-gnu/libnss_compat-2.23.so
7fc724ba3000-7fc724da2000 ---p 00008000 08:01 24642401                   /lib/x86_64-linux-gnu/libnss_compat-2.23.so
7fc724da2000-7fc724da3000 r--p 00007000 08:01 24642401                   /lib/x86_64-linux-gnu/libnss_compat-2.23.so
7fc724da3000-7fc724da4000 rw-p 00008000 08:01 24642401                   /lib/x86_64-linux-gnu/libnss_compat-2.23.so
7fc724da4000-7fc724dcf000 r-xp 00000000 08:01 5641743                    /usr/lib/jvm/java-9-oracle/lib/libjava.so
7fc724dcf000-7fc724fce000 ---p 0002b000 08:01 5641743                    /usr/lib/jvm/java-9-oracle/lib/libjava.so
7fc724fce000-7fc724fd0000 rw-p 0002a000 08:01 5641743                    /usr/lib/jvm/java-9-oracle/lib/libjava.so
7fc724fd0000-7fc724fdd000 r-xp 00000000 08:01 5641768                    /usr/lib/jvm/java-9-oracle/lib/libverify.so
7fc724fdd000-7fc7251dc000 ---p 0000d000 08:01 5641768                    /usr/lib/jvm/java-9-oracle/lib/libverify.so
7fc7251dc000-7fc7251de000 rw-p 0000c000 08:01 5641768                    /usr/lib/jvm/java-9-oracle/lib/libverify.so
7fc7251de000-7fc7251e5000 r-xp 00000000 08:01 24642411                   /lib/x86_64-linux-gnu/librt-2.23.so
7fc7251e5000-7fc7253e4000 ---p 00007000 08:01 24642411                   /lib/x86_64-linux-gnu/librt-2.23.so
7fc7253e4000-7fc7253e5000 r--p 00006000 08:01 24642411                   /lib/x86_64-linux-gnu/librt-2.23.so
7fc7253e5000-7fc7253e6000 rw-p 00007000 08:01 24642411                   /lib/x86_64-linux-gnu/librt-2.23.so
7fc7253e6000-7fc7254ee000 r-xp 00000000 08:01 24642389                   /lib/x86_64-linux-gnu/libm-2.23.so
7fc7254ee000-7fc7256ed000 ---p 00108000 08:01 24642389                   /lib/x86_64-linux-gnu/libm-2.23.so
7fc7256ed000-7fc7256ee000 r--p 00107000 08:01 24642389                   /lib/x86_64-linux-gnu/libm-2.23.so
7fc7256ee000-7fc7256ef000 rw-p 00108000 08:01 24642389                   /lib/x86_64-linux-gnu/libm-2.23.so
7fc7256ef000-7fc726704000 r-xp 00000000 08:01 6951024                    /usr/lib/jvm/java-9-oracle/lib/server/libjvm.so
7fc726704000-7fc726903000 ---p 01015000 08:01 6951024                    /usr/lib/jvm/java-9-oracle/lib/server/libjvm.so
7fc726903000-7fc7269d4000 r--p 01014000 08:01 6951024                    /usr/lib/jvm/java-9-oracle/lib/server/libjvm.so
7fc7269d4000-7fc726a0b000 rw-p 010e5000 08:01 6951024                    /usr/lib/jvm/java-9-oracle/lib/server/libjvm.so
7fc726a0b000-7fc726a74000 rw-p 00000000 00:00 0 
7fc726a74000-7fc726c34000 r-xp 00000000 08:01 24642393                   /lib/x86_64-linux-gnu/libc-2.23.so
7fc726c34000-7fc726e34000 ---p 001c0000 08:01 24642393                   /lib/x86_64-linux-gnu/libc-2.23.so
7fc726e34000-7fc726e38000 r--p 001c0000 08:01 24642393                   /lib/x86_64-linux-gnu/libc-2.23.so
7fc726e38000-7fc726e3a000 rw-p 001c4000 08:01 24642393                   /lib/x86_64-linux-gnu/libc-2.23.so
7fc726e3a000-7fc726e3e000 rw-p 00000000 00:00 0 
7fc726e3e000-7fc726e41000 r-xp 00000000 08:01 24642395                   /lib/x86_64-linux-gnu/libdl-2.23.so
7fc726e41000-7fc727040000 ---p 00003000 08:01 24642395                   /lib/x86_64-linux-gnu/libdl-2.23.so
7fc727040000-7fc727041000 r--p 00002000 08:01 24642395                   /lib/x86_64-linux-gnu/libdl-2.23.so
7fc727041000-7fc727042000 rw-p 00003000 08:01 24642395                   /lib/x86_64-linux-gnu/libdl-2.23.so
7fc727042000-7fc727050000 r-xp 00000000 08:01 6951026                    /usr/lib/jvm/java-9-oracle/lib/jli/libjli.so
7fc727050000-7fc727250000 ---p 0000e000 08:01 6951026                    /usr/lib/jvm/java-9-oracle/lib/jli/libjli.so
7fc727250000-7fc727251000 rw-p 0000e000 08:01 6951026                    /usr/lib/jvm/java-9-oracle/lib/jli/libjli.so
7fc727251000-7fc727269000 r-xp 00000000 08:01 24642392                   /lib/x86_64-linux-gnu/libpthread-2.23.so
7fc727269000-7fc727468000 ---p 00018000 08:01 24642392                   /lib/x86_64-linux-gnu/libpthread-2.23.so
7fc727468000-7fc727469000 r--p 00017000 08:01 24642392                   /lib/x86_64-linux-gnu/libpthread-2.23.so
7fc727469000-7fc72746a000 rw-p 00018000 08:01 24642392                   /lib/x86_64-linux-gnu/libpthread-2.23.so
7fc72746a000-7fc72746e000 rw-p 00000000 00:00 0 
7fc72746e000-7fc727487000 r-xp 00000000 08:01 24646264                   /lib/x86_64-linux-gnu/libz.so.1.2.8
7fc727487000-7fc727686000 ---p 00019000 08:01 24646264                   /lib/x86_64-linux-gnu/libz.so.1.2.8
7fc727686000-7fc727687000 r--p 00018000 08:01 24646264                   /lib/x86_64-linux-gnu/libz.so.1.2.8
7fc727687000-7fc727688000 rw-p 00019000 08:01 24646264                   /lib/x86_64-linux-gnu/libz.so.1.2.8
7fc727688000-7fc7276ae000 r-xp 00000000 08:01 24642391                   /lib/x86_64-linux-gnu/ld-2.23.so
7fc7276ae000-7fc7276c1000 rw-s 00000000 00:06 510                        /dev/nvidiactl
7fc7276c1000-7fc72777e000 rw-p 00000000 00:00 0 
7fc72777e000-7fc727783000 ---p 00000000 00:00 0 
7fc727783000-7fc727884000 rw-p 00000000 00:00 0 
7fc727884000-7fc727886000 rw-s 00000000 08:01 23724408                   /tmp/.glK64xIF (deleted)
7fc727886000-7fc727887000 rw-s 00000000 00:06 510                        /dev/nvidiactl
7fc727887000-7fc72788b000 rw-s 00000000 00:06 510                        /dev/nvidiactl
7fc72788b000-7fc72788c000 rw-s 00000000 00:06 511                        /dev/nvidia0
7fc72788c000-7fc72788d000 rw-s 00000000 00:06 510                        /dev/nvidiactl
7fc72788d000-7fc72788e000 rw-s 00000000 00:06 510                        /dev/nvidiactl
7fc72788e000-7fc727895000 r--s 00000000 08:01 3676651                    /usr/lib/x86_64-linux-gnu/gconv/gconv-modules.cache
7fc727895000-7fc727896000 r-xp 00000000 00:00 0 
7fc727896000-7fc72789c000 rw-p 00000000 00:00 0 
7fc72789c000-7fc7278a3000 ---p 00000000 00:00 0 
7fc7278a3000-7fc7278ab000 rw-s 00000000 08:01 23724407                   /tmp/hsperfdata_oliver/19151
7fc7278ab000-7fc7278ac000 rw-p 00000000 00:00 0 
7fc7278ac000-7fc7278ad000 r--p 00000000 00:00 0 
7fc7278ad000-7fc7278ae000 r--p 00025000 08:01 24642391                   /lib/x86_64-linux-gnu/ld-2.23.so
7fc7278ae000-7fc7278af000 rw-p 00026000 08:01 24642391                   /lib/x86_64-linux-gnu/ld-2.23.so
7fc7278af000-7fc7278b0000 rw-p 00000000 00:00 0 
7fffc6e65000-7fffc6e87000 rw-p 00000000 00:00 0                          [stack]
7fffc6fa3000-7fffc6fa6000 r--p 00000000 00:00 0                          [vvar]
7fffc6fa6000-7fffc6fa8000 r-xp 00000000 00:00 0                          [vdso]
ffffffffff600000-ffffffffff601000 r-xp 00000000 00:00 0                  [vsyscall]

VM Arguments:
jvm_args: -Dfile.encoding=UTF-8 
java_command: base.LWJGLTest
java_class_path (initial): /home/oliver/eclipse-workspace/Masterthesis_IK/target/classes:/home/oliver/eclipse-workspace/Masterthesis_IK/libs/Caliko-v1.3.3/jar/caliko-1.3.3.jar:/home/oliver/eclipse-workspace/Masterthesis_IK/libs/Caliko-v1.3.3/jar/caliko-demo-1.3.3.jar:/home/oliver/eclipse-workspace/Masterthesis_IK/libs/Caliko-v1.3.3/jar/caliko-visualisation-1.3.3.jar:/home/oliver/.m2/repository/org/lwjgl/lwjgl/3.1.5/lwjgl-3.1.5.jar:/home/oliver/.m2/repository/org/lwjgl/lwjgl-assimp/3.1.5/lwjgl-assimp-3.1.5.jar:/home/oliver/.m2/repository/org/lwjgl/lwjgl-bgfx/3.1.5/lwjgl-bgfx-3.1.5.jar:/home/oliver/.m2/repository/org/lwjgl/lwjgl-glfw/3.1.5/lwjgl-glfw-3.1.5.jar:/home/oliver/.m2/repository/org/lwjgl/lwjgl-nanovg/3.1.5/lwjgl-nanovg-3.1.5.jar:/home/oliver/.m2/repository/org/lwjgl/lwjgl-nuklear/3.1.5/lwjgl-nuklear-3.1.5.jar:/home/oliver/.m2/repository/org/lwjgl/lwjgl-openal/3.1.5/lwjgl-openal-3.1.5.jar:/home/oliver/.m2/repository/org/lwjgl/lwjgl-opengl/3.1.5/lwjgl-opengl-3.1.5.jar:/home/oliver/.m2/repository/org/lwjgl/lwjgl-openvr/3.1.5/lwjgl-openvr-3.1.5.jar:/home/oliver/.m2/repository/org/lwjgl/lwjgl-par/3.1.5/lwjgl-par-3.1.5.jar:/home/oliver/.m2/repository/org/lwjgl/lwjgl-stb/3.1.5/lwjgl-stb-3.1.5.jar:/home/oliver/.m2/repository/org/lwjgl/lwjgl-vulkan/3.1.5/lwjgl-vulkan-3.1.5.jar:/home/oliver/.m2/repository/org/lwjgl/lwjgl/3.1.5/lwjgl-3.1.5-natives-linux.jar:/home/oliver/.m2/repository/org/lwjgl/lwjgl-assimp/3.1.5/lwjgl-assimp-3.1.5-natives-linux.jar:/home/oliver/.m2/repository/org/lwjgl/lwjgl-bgfx/3.1.5/lwjgl-bgfx-3.1.5-natives-linux.jar:/home/oliver/.m2/repository/org/lwjgl/lwjgl-glfw/3.1.5/lwjgl-glfw-3.1.5-natives-linux.jar:/home/oliver/.m2/repository/org/lwjgl/lwjgl-nanovg/3.1.5/lwjgl-nanovg-3.1.5-natives-linux.jar:/home/oliver/.m2/repository/org/lwjgl/lwjgl-nuklear/3.1.5/lwjgl-nuklear-3.1.5-natives-linux.jar:/home/oliver/.m2/repository/org/lwjgl/lwjgl-openal/3.1.5/lwjgl-openal-3.1.5-natives-linux.jar:/home/oliver/.m2/repository/org/lwjgl/lwjgl-opengl/3.1.5/lwjgl-
Launcher Type: SUN_STANDARD

Logging:
Log output configuration:
#0: stdout all=warning uptime,level,tags
#1: stderr all=off uptime,level,tags

Environment Variables:
JAVA_HOME=/usr/lib/jvm/java-9-oracle
PATH=/home/oliver/bin:/home/oliver/.local/bin:/usr/local/sbin:/usr/local/bin:/usr/sbin:/usr/bin:/sbin:/bin:/usr/games:/usr/local/games:/snap/bin:/usr/lib/jvm/java-9-oracle/bin:/usr/lib/jvm/java-9-oracle/db/bin
SHELL=/bin/bash
DISPLAY=:0

Signal Handlers:
SIGSEGV: [libjvm.so+0xd4d370], sa_mask[0]=11111111011111111101111111111110, sa_flags=SA_RESTART|SA_SIGINFO
SIGBUS: [libjvm.so+0xd4d370], sa_mask[0]=11111111011111111101111111111110, sa_flags=SA_RESTART|SA_SIGINFO
SIGFPE: [libjvm.so+0xd4d370], sa_mask[0]=11111111011111111101111111111110, sa_flags=SA_RESTART|SA_SIGINFO
SIGPIPE: [libjvm.so+0xb64780], sa_mask[0]=11111111011111111101111111111110, sa_flags=SA_RESTART|SA_SIGINFO
SIGXFSZ: [libjvm.so+0xb64780], sa_mask[0]=11111111011111111101111111111110, sa_flags=SA_RESTART|SA_SIGINFO
SIGILL: [libjvm.so+0xd4d370], sa_mask[0]=11111111011111111101111111111110, sa_flags=SA_RESTART|SA_SIGINFO
SIGUSR2: [libjvm.so+0xb64640], sa_mask[0]=00100000000000000000000000000000, sa_flags=SA_RESTART|SA_SIGINFO
SIGHUP: [libjvm.so+0xb64850], sa_mask[0]=11111111011111111101111111111110, sa_flags=SA_RESTART|SA_SIGINFO
SIGINT: [libjvm.so+0xb64850], sa_mask[0]=11111111011111111101111111111110, sa_flags=SA_RESTART|SA_SIGINFO
SIGTERM: [libjvm.so+0xb64850], sa_mask[0]=11111111011111111101111111111110, sa_flags=SA_RESTART|SA_SIGINFO
SIGQUIT: [libjvm.so+0xb64850], sa_mask[0]=11111111011111111101111111111110, sa_flags=SA_RESTART|SA_SIGINFO


---------------  S Y S T E M  ---------------

OS:DISTRIB_ID=Ubuntu
DISTRIB_RELEASE=16.04
DISTRIB_CODENAME=xenial
DISTRIB_DESCRIPTION="Ubuntu 16.04.4 LTS"
uname:Linux 4.13.0-38-generic #43~16.04.1-Ubuntu SMP Wed Mar 14 17:48:43 UTC 2018 x86_64
libc:glibc 2.23 NPTL 2.23 
rlimit: STACK 8192k, CORE 0k, NPROC 31243, NOFILE 1048576, AS infinity
load average:0,53 0,61 0,80

/proc/meminfo:
MemTotal:        8059524 kB
MemFree:          139012 kB
MemAvailable:    3747684 kB
Buffers:          359620 kB
Cached:          3414600 kB
SwapCached:            0 kB
Active:          5454384 kB
Inactive:        1900560 kB
Active(anon):    3336468 kB
Inactive(anon):   369056 kB
Active(file):    2117916 kB
Inactive(file):  1531504 kB
Unevictable:          80 kB
Mlocked:              80 kB
SwapTotal:       8278012 kB
SwapFree:        8278012 kB
Dirty:               172 kB
Writeback:             0 kB
AnonPages:       3580980 kB
Mapped:           826364 kB
Shmem:            141656 kB
Slab:             337112 kB
SReclaimable:     264468 kB
SUnreclaim:        72644 kB
KernelStack:       17944 kB
PageTables:        57060 kB
NFS_Unstable:          0 kB
Bounce:                0 kB
WritebackTmp:          0 kB
CommitLimit:    12307772 kB
Committed_AS:   11607920 kB
VmallocTotal:   34359738367 kB
VmallocUsed:           0 kB
VmallocChunk:          0 kB
HardwareCorrupted:     0 kB
AnonHugePages:         0 kB
ShmemHugePages:        0 kB
ShmemPmdMapped:        0 kB
CmaTotal:              0 kB
CmaFree:               0 kB
HugePages_Total:       0
HugePages_Free:        0
HugePages_Rsvd:        0
HugePages_Surp:        0
Hugepagesize:       2048 kB
DirectMap4k:      385596 kB
DirectMap2M:     7895040 kB


CPU:total 8 (initial active 8) (4 cores per cpu, 2 threads per core) family 6 model 42 stepping 7, cmov, cx8, fxsr, mmx, sse, sse2, sse3, ssse3, sse4.1, sse4.2, popcnt, avx, aes, clmul, ht, tsc, tscinvbit
CPU Model and flags from /proc/cpuinfo:
model name	: Intel(R) Core(TM) i7-2630QM CPU @ 2.00GHz
flags		: fpu vme de pse tsc msr pae mce cx8 apic sep mtrr pge mca cmov pat pse36 clflush dts acpi mmx fxsr sse sse2 ss ht tm pbe syscall nx rdtscp lm constant_tsc arch_perfmon pebs bts nopl xtopology nonstop_tsc cpuid aperfmperf pni pclmulqdq dtes64 monitor ds_cpl vmx est tm2 ssse3 cx16 xtpr pdcm pcid sse4_1 sse4_2 x2apic popcnt tsc_deadline_timer aes xsave avx lahf_lm epb pti retpoline spec_ctrl tpr_shadow vnmi flexpriority ept vpid xsaveopt dtherm ida arat pln pts

Memory: 4k page, physical 8059524k(139012k free), swap 8278012k(8278012k free)

vm_info: Java HotSpot(TM) 64-Bit Server VM (9.0.4+11) for linux-amd64 JRE (9.0.4+11), built on Dec 19 2017 18:12:19 by "mach5one" with gcc 4.9.2

END.
