#
# A fatal error has been detected by the Java Runtime Environment:
#
#  SIGSEGV (0xb) at pc=0x00007f293f359ef7, pid=20985, tid=20990
#
# JRE version: Java(TM) SE Runtime Environment (9.0+11) (build 9.0.4+11)
# Java VM: Java HotSpot(TM) 64-Bit Server VM (9.0.4+11, mixed mode, tiered, compressed oops, g1 gc, linux-amd64)
# Problematic frame:
# C  [liblwjgl_opengl.so+0x45ef7]  Java_org_lwjgl_opengl_GL20_glCreateProgram+0x7
#
# Core dump will be written. Default location: Core dumps may be processed with "/usr/share/apport/apport %p %s %c %d %P" (or dumping to /home/oliver/git/Master_thesis_java/Masterthesis_IK/core.20985)
#
# If you would like to submit a bug report, please visit:
#   http://bugreport.java.com/bugreport/crash.jsp
# The crash happened outside the Java Virtual Machine in native code.
# See problematic frame for where to report the bug.
#

---------------  S U M M A R Y ------------

Command Line: -Dorg.lwjgl.util.Debug=true -Djava.library.path=nope -Dfile.encoding=UTF-8 base.IkSolver

Host: Intel(R) Core(TM) i7-2630QM CPU @ 2.00GHz, 8 cores, 7G, Ubuntu 16.04.4 LTS
Time: Wed May  9 15:17:27 2018 CEST elapsed time: 0 seconds (0d 0h 0m 0s)

---------------  T H R E A D  ---------------

Current thread (0x00007f29d4013000):  JavaThread "main" [_thread_in_native, id=20990, stack(0x00007f29dc3bb000,0x00007f29dc4bb000)]

Stack: [0x00007f29dc3bb000,0x00007f29dc4bb000],  sp=0x00007f29dc4b9278,  free space=1016k
Native frames: (J=compiled Java code, A=aot compiled Java code, j=interpreted, Vv=VM code, C=native code)
C  [liblwjgl_opengl.so+0x45ef7]  Java_org_lwjgl_opengl_GL20_glCreateProgram+0x7
j  au.edu.federation.caliko.visualisation.ShaderProgram.<init>()V+10
j  au.edu.federation.caliko.visualisation.Grid.<clinit>()V+155
v  ~StubRoutines::call_stub
V  [libjvm.so+0x83d60a]  JavaCalls::call_helper(JavaValue*, methodHandle const&, JavaCallArguments*, Thread*)+0x47a
V  [libjvm.so+0x815870]  InstanceKlass::call_class_initializer_impl(instanceKlassHandle, Thread*)+0x1d0
V  [libjvm.so+0x816627]  InstanceKlass::initialize(Thread*)+0x487
V  [libjvm.so+0x82b3e1]  InterpreterRuntime::_new(JavaThread*, ConstantPool*, int)+0x281
j  base.IkSolver.init()V+64
j  base.IkSolver.run()V+1364
j  base.IkSolver.main([Ljava/lang/String;)V+7
v  ~StubRoutines::call_stub
V  [libjvm.so+0x83d60a]  JavaCalls::call_helper(JavaValue*, methodHandle const&, JavaCallArguments*, Thread*)+0x47a
V  [libjvm.so+0x89a67f]  jni_invoke_static(JNIEnv_*, JavaValue*, _jobject*, JNICallType, _jmethodID*, JNI_ArgumentPusher*, Thread*) [clone .isra.90]+0x21f
V  [libjvm.so+0x8ab5ce]  jni_CallStaticVoidMethod+0x14e
C  [libjli.so+0x4397]  JavaMain+0xa17
C  [libpthread.so.0+0x76ba]  start_thread+0xca

Java frames: (J=compiled Java code, j=interpreted, Vv=VM code)
j  org.lwjgl.opengl.GL20.glCreateProgram()I+0
j  au.edu.federation.caliko.visualisation.ShaderProgram.<init>()V+10
j  au.edu.federation.caliko.visualisation.Grid.<clinit>()V+155
v  ~StubRoutines::call_stub
j  base.IkSolver.init()V+64
j  base.IkSolver.run()V+1364
j  base.IkSolver.main([Ljava/lang/String;)V+7
v  ~StubRoutines::call_stub

siginfo: si_signo: 11 (SIGSEGV), si_code: 1 (SEGV_MAPERR), si_addr: 0x0000000000000878

Register to memory mapping:

RAX=0x0000000000000000 is an unknown value
RBX={method} {0x00007f296d2dd358} 'glCreateProgram' '()I' in 'org/lwjgl/opengl/GL20'
RCX=0x0000000000000002 is an unknown value
RDX=0x00007f29db6744d8: <offset 0x00000000013494d8> in /usr/lib/jvm/java-9-oracle/lib/server/libjvm.so at 0x00007f29da32b000
RSP=0x00007f29dc4b9278 is pointing into the stack for thread: 0x00007f29d4013000
RBP=0x00007f29dc4b92c8 is pointing into the stack for thread: 0x00007f29d4013000
RSI=0x00007f29dc4b92d8 is pointing into the stack for thread: 0x00007f29d4013000
RDI=0x00007f29d4013218 is an unknown value
R8 ={method} {0x00007f296d2dd358} 'glCreateProgram' '()I' in 'org/lwjgl/opengl/GL20'
R9 =0x0000000000000010 is an unknown value
R10=0x00007f29b9b5bd09 is at code_begin+873 in an Interpreter codelet
method entry point (kind = native)  [0x00007f29b9b5b9a0, 0x00007f29b9b5c3e0]  2624 bytes
R11=0x000000008c7b27a0 is an oop
java.lang.Class 
{0x000000008c7b27a0} - klass: 'java/lang/Class'
R12=0x0000000000000000 is an unknown value
R13=0x00007f296d2dd350 is pointing into metadata
R14=0x00007f29dc4b92e0 is pointing into the stack for thread: 0x00007f29d4013000
R15=0x00007f29d4013000 is a thread


Registers:
RAX=0x0000000000000000, RBX=0x00007f296d2dd358, RCX=0x0000000000000002, RDX=0x00007f29db6744d8
RSP=0x00007f29dc4b9278, RBP=0x00007f29dc4b92c8, RSI=0x00007f29dc4b92d8, RDI=0x00007f29d4013218
R8 =0x00007f296d2dd358, R9 =0x0000000000000010, R10=0x00007f29b9b5bd09, R11=0x000000008c7b27a0
R12=0x0000000000000000, R13=0x00007f296d2dd350, R14=0x00007f29dc4b92e0, R15=0x00007f29d4013000
RIP=0x00007f293f359ef7, EFLAGS=0x0000000000010283, CSGSFS=0x002b000000000033, ERR=0x0000000000000004
  TRAPNO=0x000000000000000e

Top of Stack: (sp=0x00007f29dc4b9278)
0x00007f29dc4b9278:   00007f29b9b5bd35 00007f29dc4b9280
0x00007f29dc4b9288:   00007f296d2dd350 00007f29dc4b92e0
0x00007f29dc4b9298:   00007f296d3009f8 0000000000000000
0x00007f29dc4b92a8:   000000008c7b27a0 00007f296d2dd358 

Instructions: (pc=0x00007f293f359ef7)
0x00007f293f359ed7:   40 18 48 8b 80 b0 09 00 00 ff e0 66 66 66 66 66
0x00007f293f359ee7:   2e 0f 1f 84 00 00 00 00 00 48 8b 07 48 8b 40 18
0x00007f293f359ef7:   ff a0 78 08 00 00 0f 1f 00 48 8b 07 41 89 d1 89
0x00007f293f359f07:   ce 4c 89 c2 44 89 cf 48 8b 40 18 48 8b 80 b8 15 


---------------  P R O C E S S  ---------------

Java Threads: ( => current thread )
  0x00007f29d421e000 JavaThread "Service Thread" daemon [_thread_blocked, id=21021, stack(0x00007f293f8d5000,0x00007f293f9d6000)]
  0x00007f29d4186000 JavaThread "Common-Cleaner" daemon [_thread_blocked, id=21020, stack(0x00007f293f9d6000,0x00007f293fad7000)]
  0x00007f29d4179800 JavaThread "Sweeper thread" daemon [_thread_blocked, id=21019, stack(0x00007f293feff000,0x00007f2940000000)]
  0x00007f29d4177800 JavaThread "C1 CompilerThread3" daemon [_thread_blocked, id=21018, stack(0x00007f296c040000,0x00007f296c141000)]
  0x00007f29d4175800 JavaThread "C2 CompilerThread2" daemon [_thread_blocked, id=21017, stack(0x00007f296c141000,0x00007f296c242000)]
  0x00007f29d4173800 JavaThread "C2 CompilerThread1" daemon [_thread_blocked, id=21016, stack(0x00007f296c242000,0x00007f296c343000)]
  0x00007f29d4171800 JavaThread "C2 CompilerThread0" daemon [_thread_blocked, id=21015, stack(0x00007f296c343000,0x00007f296c444000)]
  0x00007f29d416f800 JavaThread "Signal Dispatcher" daemon [_thread_blocked, id=21014, stack(0x00007f296c444000,0x00007f296c545000)]
  0x00007f29d4154000 JavaThread "Finalizer" daemon [_thread_blocked, id=21013, stack(0x00007f296c99b000,0x00007f296ca9c000)]
  0x00007f29d414b800 JavaThread "Reference Handler" daemon [_thread_blocked, id=21012, stack(0x00007f296ca9c000,0x00007f296cb9d000)]
=>0x00007f29d4013000 JavaThread "main" [_thread_in_native, id=20990, stack(0x00007f29dc3bb000,0x00007f29dc4bb000)]

Other Threads:
  0x00007f29d4142000 VMThread "VM Thread" [stack: 0x00007f296cb9e000,0x00007f296cc9e000] [id=21011]
  0x00007f29d4220800 WatcherThread [stack: 0x00007f293f7d5000,0x00007f293f8d5000] [id=21022]
  0x00007f29d402a800 GCTaskThread "GC Thread#0" [stack: 0x00007f29d8a96000,0x00007f29d8b96000] [id=20991]
  0x00007f29d402c000 GCTaskThread "GC Thread#1" [stack: 0x00007f29d8995000,0x00007f29d8a95000] [id=20992]
  0x00007f29d402d800 GCTaskThread "GC Thread#2" [stack: 0x00007f29d8894000,0x00007f29d8994000] [id=20993]
  0x00007f29d402f800 GCTaskThread "GC Thread#3" [stack: 0x00007f29d8793000,0x00007f29d8893000] [id=20994]
  0x00007f29d4031000 GCTaskThread "GC Thread#4" [stack: 0x00007f29d8692000,0x00007f29d8792000] [id=20995]
  0x00007f29d4032800 GCTaskThread "GC Thread#5" [stack: 0x00007f29d8591000,0x00007f29d8691000] [id=20996]
  0x00007f29d4034800 GCTaskThread "GC Thread#6" [stack: 0x00007f29d8490000,0x00007f29d8590000] [id=20997]
  0x00007f29d4036000 GCTaskThread "GC Thread#7" [stack: 0x00007f29d838f000,0x00007f29d848f000] [id=20998]
  0x00007f29d406c000 ConcurrentGCThread "G1 Main Marker" [stack: 0x00007f29b80ad000,0x00007f29b81ad000] [id=21008]
  0x00007f29d406d800 ConcurrentGCThread "G1 Marker#0" [stack: 0x00007f296fda8000,0x00007f296fea8000] [id=21009]
  0x00007f29d406f800 ConcurrentGCThread "G1 Marker#1" [stack: 0x00007f296fca7000,0x00007f296fda7000] [id=21010]
  0x00007f29d4045000 ConcurrentGCThread "G1 Refine#0" [stack: 0x00007f29b8e37000,0x00007f29b8f37000] [id=21006]
  0x00007f29d4043000 ConcurrentGCThread "G1 Refine#1" [stack: 0x00007f29b8f38000,0x00007f29b9038000] [id=21005]
  0x00007f29d4041000 ConcurrentGCThread "G1 Refine#2" [stack: 0x00007f29b9039000,0x00007f29b9139000] [id=21004]
  0x00007f29d403f800 ConcurrentGCThread "G1 Refine#3" [stack: 0x00007f29b913a000,0x00007f29b923a000] [id=21003]
  0x00007f29d403d800 ConcurrentGCThread "G1 Refine#4" [stack: 0x00007f29b923b000,0x00007f29b933b000] [id=21002]
  0x00007f29d403c000 ConcurrentGCThread "G1 Refine#5" [stack: 0x00007f29b933c000,0x00007f29b943c000] [id=21001]
  0x00007f29d403a000 ConcurrentGCThread "G1 Refine#6" [stack: 0x00007f29b943d000,0x00007f29b953d000] [id=21000]
  0x00007f29d4038800 ConcurrentGCThread "G1 Refine#7" [stack: 0x00007f29b953e000,0x00007f29b963e000] [id=20999]
  0x00007f29d4046800 ConcurrentGCThread "G1 Young RemSet Sampling" [stack: 0x00007f29b8d36000,0x00007f29b8e36000] [id=21007]

Threads with active compile tasks:

VM state:not at safepoint (normal execution)

VM Mutex/Monitor currently owned by a thread: None

Heap address: 0x0000000085000000, size: 1968 MB, Compressed Oops mode: 32-bit
Narrow klass base: 0x0000000000000000, Narrow klass shift: 3
Compressed class space size: 1073741824 Address: 0x0000000100000000

Heap:
 garbage-first heap   total 126976K, used 6144K [0x0000000085000000, 0x00000000851003e0, 0x0000000100000000)
  region size 1024K, 7 young (7168K), 0 survivors (0K)
 Metaspace       used 8476K, capacity 8680K, committed 8832K, reserved 1056768K
  class space    used 733K, capacity 799K, committed 896K, reserved 1048576K
Heap Regions: E=young(eden), S=young(survivor), O=old, HS=humongous(starts), HC=humongous(continues), CS=collection set, F=free, A=archive, TS=gc time stamp, AC=allocation context, TAMS=top-at-mark-start (previous, next)
|   0|0x0000000085000000, 0x0000000085000000, 0x0000000085100000|  0%| F|  |TS  0|AC  0|TAMS 0x0000000085000000, 0x0000000085000000|
|   1|0x0000000085100000, 0x0000000085100000, 0x0000000085200000|  0%| F|  |TS  0|AC  0|TAMS 0x0000000085100000, 0x0000000085100000|
|   2|0x0000000085200000, 0x0000000085200000, 0x0000000085300000|  0%| F|  |TS  0|AC  0|TAMS 0x0000000085200000, 0x0000000085200000|
|   3|0x0000000085300000, 0x0000000085300000, 0x0000000085400000|  0%| F|  |TS  0|AC  0|TAMS 0x0000000085300000, 0x0000000085300000|
|   4|0x0000000085400000, 0x0000000085400000, 0x0000000085500000|  0%| F|  |TS  0|AC  0|TAMS 0x0000000085400000, 0x0000000085400000|
|   5|0x0000000085500000, 0x0000000085500000, 0x0000000085600000|  0%| F|  |TS  0|AC  0|TAMS 0x0000000085500000, 0x0000000085500000|
|   6|0x0000000085600000, 0x0000000085600000, 0x0000000085700000|  0%| F|  |TS  0|AC  0|TAMS 0x0000000085600000, 0x0000000085600000|
|   7|0x0000000085700000, 0x0000000085700000, 0x0000000085800000|  0%| F|  |TS  0|AC  0|TAMS 0x0000000085700000, 0x0000000085700000|
|   8|0x0000000085800000, 0x0000000085800000, 0x0000000085900000|  0%| F|  |TS  0|AC  0|TAMS 0x0000000085800000, 0x0000000085800000|
|   9|0x0000000085900000, 0x0000000085900000, 0x0000000085a00000|  0%| F|  |TS  0|AC  0|TAMS 0x0000000085900000, 0x0000000085900000|
|  10|0x0000000085a00000, 0x0000000085a00000, 0x0000000085b00000|  0%| F|  |TS  0|AC  0|TAMS 0x0000000085a00000, 0x0000000085a00000|
|  11|0x0000000085b00000, 0x0000000085b00000, 0x0000000085c00000|  0%| F|  |TS  0|AC  0|TAMS 0x0000000085b00000, 0x0000000085b00000|
|  12|0x0000000085c00000, 0x0000000085c00000, 0x0000000085d00000|  0%| F|  |TS  0|AC  0|TAMS 0x0000000085c00000, 0x0000000085c00000|
|  13|0x0000000085d00000, 0x0000000085d00000, 0x0000000085e00000|  0%| F|  |TS  0|AC  0|TAMS 0x0000000085d00000, 0x0000000085d00000|
|  14|0x0000000085e00000, 0x0000000085e00000, 0x0000000085f00000|  0%| F|  |TS  0|AC  0|TAMS 0x0000000085e00000, 0x0000000085e00000|
|  15|0x0000000085f00000, 0x0000000085f00000, 0x0000000086000000|  0%| F|  |TS  0|AC  0|TAMS 0x0000000085f00000, 0x0000000085f00000|
|  16|0x0000000086000000, 0x0000000086000000, 0x0000000086100000|  0%| F|  |TS  0|AC  0|TAMS 0x0000000086000000, 0x0000000086000000|
|  17|0x0000000086100000, 0x0000000086100000, 0x0000000086200000|  0%| F|  |TS  0|AC  0|TAMS 0x0000000086100000, 0x0000000086100000|
|  18|0x0000000086200000, 0x0000000086200000, 0x0000000086300000|  0%| F|  |TS  0|AC  0|TAMS 0x0000000086200000, 0x0000000086200000|
|  19|0x0000000086300000, 0x0000000086300000, 0x0000000086400000|  0%| F|  |TS  0|AC  0|TAMS 0x0000000086300000, 0x0000000086300000|
|  20|0x0000000086400000, 0x0000000086400000, 0x0000000086500000|  0%| F|  |TS  0|AC  0|TAMS 0x0000000086400000, 0x0000000086400000|
|  21|0x0000000086500000, 0x0000000086500000, 0x0000000086600000|  0%| F|  |TS  0|AC  0|TAMS 0x0000000086500000, 0x0000000086500000|
|  22|0x0000000086600000, 0x0000000086600000, 0x0000000086700000|  0%| F|  |TS  0|AC  0|TAMS 0x0000000086600000, 0x0000000086600000|
|  23|0x0000000086700000, 0x0000000086700000, 0x0000000086800000|  0%| F|  |TS  0|AC  0|TAMS 0x0000000086700000, 0x0000000086700000|
|  24|0x0000000086800000, 0x0000000086800000, 0x0000000086900000|  0%| F|  |TS  0|AC  0|TAMS 0x0000000086800000, 0x0000000086800000|
|  25|0x0000000086900000, 0x0000000086900000, 0x0000000086a00000|  0%| F|  |TS  0|AC  0|TAMS 0x0000000086900000, 0x0000000086900000|
|  26|0x0000000086a00000, 0x0000000086a00000, 0x0000000086b00000|  0%| F|  |TS  0|AC  0|TAMS 0x0000000086a00000, 0x0000000086a00000|
|  27|0x0000000086b00000, 0x0000000086b00000, 0x0000000086c00000|  0%| F|  |TS  0|AC  0|TAMS 0x0000000086b00000, 0x0000000086b00000|
|  28|0x0000000086c00000, 0x0000000086c00000, 0x0000000086d00000|  0%| F|  |TS  0|AC  0|TAMS 0x0000000086c00000, 0x0000000086c00000|
|  29|0x0000000086d00000, 0x0000000086d00000, 0x0000000086e00000|  0%| F|  |TS  0|AC  0|TAMS 0x0000000086d00000, 0x0000000086d00000|
|  30|0x0000000086e00000, 0x0000000086e00000, 0x0000000086f00000|  0%| F|  |TS  0|AC  0|TAMS 0x0000000086e00000, 0x0000000086e00000|
|  31|0x0000000086f00000, 0x0000000086f00000, 0x0000000087000000|  0%| F|  |TS  0|AC  0|TAMS 0x0000000086f00000, 0x0000000086f00000|
|  32|0x0000000087000000, 0x0000000087000000, 0x0000000087100000|  0%| F|  |TS  0|AC  0|TAMS 0x0000000087000000, 0x0000000087000000|
|  33|0x0000000087100000, 0x0000000087100000, 0x0000000087200000|  0%| F|  |TS  0|AC  0|TAMS 0x0000000087100000, 0x0000000087100000|
|  34|0x0000000087200000, 0x0000000087200000, 0x0000000087300000|  0%| F|  |TS  0|AC  0|TAMS 0x0000000087200000, 0x0000000087200000|
|  35|0x0000000087300000, 0x0000000087300000, 0x0000000087400000|  0%| F|  |TS  0|AC  0|TAMS 0x0000000087300000, 0x0000000087300000|
|  36|0x0000000087400000, 0x0000000087400000, 0x0000000087500000|  0%| F|  |TS  0|AC  0|TAMS 0x0000000087400000, 0x0000000087400000|
|  37|0x0000000087500000, 0x0000000087500000, 0x0000000087600000|  0%| F|  |TS  0|AC  0|TAMS 0x0000000087500000, 0x0000000087500000|
|  38|0x0000000087600000, 0x0000000087600000, 0x0000000087700000|  0%| F|  |TS  0|AC  0|TAMS 0x0000000087600000, 0x0000000087600000|
|  39|0x0000000087700000, 0x0000000087700000, 0x0000000087800000|  0%| F|  |TS  0|AC  0|TAMS 0x0000000087700000, 0x0000000087700000|
|  40|0x0000000087800000, 0x0000000087800000, 0x0000000087900000|  0%| F|  |TS  0|AC  0|TAMS 0x0000000087800000, 0x0000000087800000|
|  41|0x0000000087900000, 0x0000000087900000, 0x0000000087a00000|  0%| F|  |TS  0|AC  0|TAMS 0x0000000087900000, 0x0000000087900000|
|  42|0x0000000087a00000, 0x0000000087a00000, 0x0000000087b00000|  0%| F|  |TS  0|AC  0|TAMS 0x0000000087a00000, 0x0000000087a00000|
|  43|0x0000000087b00000, 0x0000000087b00000, 0x0000000087c00000|  0%| F|  |TS  0|AC  0|TAMS 0x0000000087b00000, 0x0000000087b00000|
|  44|0x0000000087c00000, 0x0000000087c00000, 0x0000000087d00000|  0%| F|  |TS  0|AC  0|TAMS 0x0000000087c00000, 0x0000000087c00000|
|  45|0x0000000087d00000, 0x0000000087d00000, 0x0000000087e00000|  0%| F|  |TS  0|AC  0|TAMS 0x0000000087d00000, 0x0000000087d00000|
|  46|0x0000000087e00000, 0x0000000087e00000, 0x0000000087f00000|  0%| F|  |TS  0|AC  0|TAMS 0x0000000087e00000, 0x0000000087e00000|
|  47|0x0000000087f00000, 0x0000000087f00000, 0x0000000088000000|  0%| F|  |TS  0|AC  0|TAMS 0x0000000087f00000, 0x0000000087f00000|
|  48|0x0000000088000000, 0x0000000088000000, 0x0000000088100000|  0%| F|  |TS  0|AC  0|TAMS 0x0000000088000000, 0x0000000088000000|
|  49|0x0000000088100000, 0x0000000088100000, 0x0000000088200000|  0%| F|  |TS  0|AC  0|TAMS 0x0000000088100000, 0x0000000088100000|
|  50|0x0000000088200000, 0x0000000088200000, 0x0000000088300000|  0%| F|  |TS  0|AC  0|TAMS 0x0000000088200000, 0x0000000088200000|
|  51|0x0000000088300000, 0x0000000088300000, 0x0000000088400000|  0%| F|  |TS  0|AC  0|TAMS 0x0000000088300000, 0x0000000088300000|
|  52|0x0000000088400000, 0x0000000088400000, 0x0000000088500000|  0%| F|  |TS  0|AC  0|TAMS 0x0000000088400000, 0x0000000088400000|
|  53|0x0000000088500000, 0x0000000088500000, 0x0000000088600000|  0%| F|  |TS  0|AC  0|TAMS 0x0000000088500000, 0x0000000088500000|
|  54|0x0000000088600000, 0x0000000088600000, 0x0000000088700000|  0%| F|  |TS  0|AC  0|TAMS 0x0000000088600000, 0x0000000088600000|
|  55|0x0000000088700000, 0x0000000088700000, 0x0000000088800000|  0%| F|  |TS  0|AC  0|TAMS 0x0000000088700000, 0x0000000088700000|
|  56|0x0000000088800000, 0x0000000088800000, 0x0000000088900000|  0%| F|  |TS  0|AC  0|TAMS 0x0000000088800000, 0x0000000088800000|
|  57|0x0000000088900000, 0x0000000088900000, 0x0000000088a00000|  0%| F|  |TS  0|AC  0|TAMS 0x0000000088900000, 0x0000000088900000|
|  58|0x0000000088a00000, 0x0000000088a00000, 0x0000000088b00000|  0%| F|  |TS  0|AC  0|TAMS 0x0000000088a00000, 0x0000000088a00000|
|  59|0x0000000088b00000, 0x0000000088b00000, 0x0000000088c00000|  0%| F|  |TS  0|AC  0|TAMS 0x0000000088b00000, 0x0000000088b00000|
|  60|0x0000000088c00000, 0x0000000088c00000, 0x0000000088d00000|  0%| F|  |TS  0|AC  0|TAMS 0x0000000088c00000, 0x0000000088c00000|
|  61|0x0000000088d00000, 0x0000000088d00000, 0x0000000088e00000|  0%| F|  |TS  0|AC  0|TAMS 0x0000000088d00000, 0x0000000088d00000|
|  62|0x0000000088e00000, 0x0000000088e00000, 0x0000000088f00000|  0%| F|  |TS  0|AC  0|TAMS 0x0000000088e00000, 0x0000000088e00000|
|  63|0x0000000088f00000, 0x0000000088f00000, 0x0000000089000000|  0%| F|  |TS  0|AC  0|TAMS 0x0000000088f00000, 0x0000000088f00000|
|  64|0x0000000089000000, 0x0000000089000000, 0x0000000089100000|  0%| F|  |TS  0|AC  0|TAMS 0x0000000089000000, 0x0000000089000000|
|  65|0x0000000089100000, 0x0000000089100000, 0x0000000089200000|  0%| F|  |TS  0|AC  0|TAMS 0x0000000089100000, 0x0000000089100000|
|  66|0x0000000089200000, 0x0000000089200000, 0x0000000089300000|  0%| F|  |TS  0|AC  0|TAMS 0x0000000089200000, 0x0000000089200000|
|  67|0x0000000089300000, 0x0000000089300000, 0x0000000089400000|  0%| F|  |TS  0|AC  0|TAMS 0x0000000089300000, 0x0000000089300000|
|  68|0x0000000089400000, 0x0000000089400000, 0x0000000089500000|  0%| F|  |TS  0|AC  0|TAMS 0x0000000089400000, 0x0000000089400000|
|  69|0x0000000089500000, 0x0000000089500000, 0x0000000089600000|  0%| F|  |TS  0|AC  0|TAMS 0x0000000089500000, 0x0000000089500000|
|  70|0x0000000089600000, 0x0000000089600000, 0x0000000089700000|  0%| F|  |TS  0|AC  0|TAMS 0x0000000089600000, 0x0000000089600000|
|  71|0x0000000089700000, 0x0000000089700000, 0x0000000089800000|  0%| F|  |TS  0|AC  0|TAMS 0x0000000089700000, 0x0000000089700000|
|  72|0x0000000089800000, 0x0000000089800000, 0x0000000089900000|  0%| F|  |TS  0|AC  0|TAMS 0x0000000089800000, 0x0000000089800000|
|  73|0x0000000089900000, 0x0000000089900000, 0x0000000089a00000|  0%| F|  |TS  0|AC  0|TAMS 0x0000000089900000, 0x0000000089900000|
|  74|0x0000000089a00000, 0x0000000089a00000, 0x0000000089b00000|  0%| F|  |TS  0|AC  0|TAMS 0x0000000089a00000, 0x0000000089a00000|
|  75|0x0000000089b00000, 0x0000000089b00000, 0x0000000089c00000|  0%| F|  |TS  0|AC  0|TAMS 0x0000000089b00000, 0x0000000089b00000|
|  76|0x0000000089c00000, 0x0000000089c00000, 0x0000000089d00000|  0%| F|  |TS  0|AC  0|TAMS 0x0000000089c00000, 0x0000000089c00000|
|  77|0x0000000089d00000, 0x0000000089d00000, 0x0000000089e00000|  0%| F|  |TS  0|AC  0|TAMS 0x0000000089d00000, 0x0000000089d00000|
|  78|0x0000000089e00000, 0x0000000089e00000, 0x0000000089f00000|  0%| F|  |TS  0|AC  0|TAMS 0x0000000089e00000, 0x0000000089e00000|
|  79|0x0000000089f00000, 0x0000000089f00000, 0x000000008a000000|  0%| F|  |TS  0|AC  0|TAMS 0x0000000089f00000, 0x0000000089f00000|
|  80|0x000000008a000000, 0x000000008a000000, 0x000000008a100000|  0%| F|  |TS  0|AC  0|TAMS 0x000000008a000000, 0x000000008a000000|
|  81|0x000000008a100000, 0x000000008a100000, 0x000000008a200000|  0%| F|  |TS  0|AC  0|TAMS 0x000000008a100000, 0x000000008a100000|
|  82|0x000000008a200000, 0x000000008a200000, 0x000000008a300000|  0%| F|  |TS  0|AC  0|TAMS 0x000000008a200000, 0x000000008a200000|
|  83|0x000000008a300000, 0x000000008a300000, 0x000000008a400000|  0%| F|  |TS  0|AC  0|TAMS 0x000000008a300000, 0x000000008a300000|
|  84|0x000000008a400000, 0x000000008a400000, 0x000000008a500000|  0%| F|  |TS  0|AC  0|TAMS 0x000000008a400000, 0x000000008a400000|
|  85|0x000000008a500000, 0x000000008a500000, 0x000000008a600000|  0%| F|  |TS  0|AC  0|TAMS 0x000000008a500000, 0x000000008a500000|
|  86|0x000000008a600000, 0x000000008a600000, 0x000000008a700000|  0%| F|  |TS  0|AC  0|TAMS 0x000000008a600000, 0x000000008a600000|
|  87|0x000000008a700000, 0x000000008a700000, 0x000000008a800000|  0%| F|  |TS  0|AC  0|TAMS 0x000000008a700000, 0x000000008a700000|
|  88|0x000000008a800000, 0x000000008a800000, 0x000000008a900000|  0%| F|  |TS  0|AC  0|TAMS 0x000000008a800000, 0x000000008a800000|
|  89|0x000000008a900000, 0x000000008a900000, 0x000000008aa00000|  0%| F|  |TS  0|AC  0|TAMS 0x000000008a900000, 0x000000008a900000|
|  90|0x000000008aa00000, 0x000000008aa00000, 0x000000008ab00000|  0%| F|  |TS  0|AC  0|TAMS 0x000000008aa00000, 0x000000008aa00000|
|  91|0x000000008ab00000, 0x000000008ab00000, 0x000000008ac00000|  0%| F|  |TS  0|AC  0|TAMS 0x000000008ab00000, 0x000000008ab00000|
|  92|0x000000008ac00000, 0x000000008ac00000, 0x000000008ad00000|  0%| F|  |TS  0|AC  0|TAMS 0x000000008ac00000, 0x000000008ac00000|
|  93|0x000000008ad00000, 0x000000008ad00000, 0x000000008ae00000|  0%| F|  |TS  0|AC  0|TAMS 0x000000008ad00000, 0x000000008ad00000|
|  94|0x000000008ae00000, 0x000000008ae00000, 0x000000008af00000|  0%| F|  |TS  0|AC  0|TAMS 0x000000008ae00000, 0x000000008ae00000|
|  95|0x000000008af00000, 0x000000008af00000, 0x000000008b000000|  0%| F|  |TS  0|AC  0|TAMS 0x000000008af00000, 0x000000008af00000|
|  96|0x000000008b000000, 0x000000008b000000, 0x000000008b100000|  0%| F|  |TS  0|AC  0|TAMS 0x000000008b000000, 0x000000008b000000|
|  97|0x000000008b100000, 0x000000008b100000, 0x000000008b200000|  0%| F|  |TS  0|AC  0|TAMS 0x000000008b100000, 0x000000008b100000|
|  98|0x000000008b200000, 0x000000008b200000, 0x000000008b300000|  0%| F|  |TS  0|AC  0|TAMS 0x000000008b200000, 0x000000008b200000|
|  99|0x000000008b300000, 0x000000008b300000, 0x000000008b400000|  0%| F|  |TS  0|AC  0|TAMS 0x000000008b300000, 0x000000008b300000|
| 100|0x000000008b400000, 0x000000008b400000, 0x000000008b500000|  0%| F|  |TS  0|AC  0|TAMS 0x000000008b400000, 0x000000008b400000|
| 101|0x000000008b500000, 0x000000008b500000, 0x000000008b600000|  0%| F|  |TS  0|AC  0|TAMS 0x000000008b500000, 0x000000008b500000|
| 102|0x000000008b600000, 0x000000008b600000, 0x000000008b700000|  0%| F|  |TS  0|AC  0|TAMS 0x000000008b600000, 0x000000008b600000|
| 103|0x000000008b700000, 0x000000008b700000, 0x000000008b800000|  0%| F|  |TS  0|AC  0|TAMS 0x000000008b700000, 0x000000008b700000|
| 104|0x000000008b800000, 0x000000008b800000, 0x000000008b900000|  0%| F|  |TS  0|AC  0|TAMS 0x000000008b800000, 0x000000008b800000|
| 105|0x000000008b900000, 0x000000008b900000, 0x000000008ba00000|  0%| F|  |TS  0|AC  0|TAMS 0x000000008b900000, 0x000000008b900000|
| 106|0x000000008ba00000, 0x000000008ba00000, 0x000000008bb00000|  0%| F|  |TS  0|AC  0|TAMS 0x000000008ba00000, 0x000000008ba00000|
| 107|0x000000008bb00000, 0x000000008bb00000, 0x000000008bc00000|  0%| F|  |TS  0|AC  0|TAMS 0x000000008bb00000, 0x000000008bb00000|
| 108|0x000000008bc00000, 0x000000008bc00000, 0x000000008bd00000|  0%| F|  |TS  0|AC  0|TAMS 0x000000008bc00000, 0x000000008bc00000|
| 109|0x000000008bd00000, 0x000000008bd00000, 0x000000008be00000|  0%| F|  |TS  0|AC  0|TAMS 0x000000008bd00000, 0x000000008bd00000|
| 110|0x000000008be00000, 0x000000008be00000, 0x000000008bf00000|  0%| F|  |TS  0|AC  0|TAMS 0x000000008be00000, 0x000000008be00000|
| 111|0x000000008bf00000, 0x000000008bf00000, 0x000000008c000000|  0%| F|  |TS  0|AC  0|TAMS 0x000000008bf00000, 0x000000008bf00000|
| 112|0x000000008c000000, 0x000000008c000000, 0x000000008c100000|  0%| F|  |TS  0|AC  0|TAMS 0x000000008c000000, 0x000000008c000000|
| 113|0x000000008c100000, 0x000000008c100000, 0x000000008c200000|  0%| F|  |TS  0|AC  0|TAMS 0x000000008c100000, 0x000000008c100000|
| 114|0x000000008c200000, 0x000000008c200000, 0x000000008c300000|  0%| F|  |TS  0|AC  0|TAMS 0x000000008c200000, 0x000000008c200000|
| 115|0x000000008c300000, 0x000000008c300000, 0x000000008c400000|  0%| F|  |TS  0|AC  0|TAMS 0x000000008c300000, 0x000000008c300000|
| 116|0x000000008c400000, 0x000000008c400000, 0x000000008c500000|  0%| F|  |TS  0|AC  0|TAMS 0x000000008c400000, 0x000000008c400000|
| 117|0x000000008c500000, 0x000000008c5f6670, 0x000000008c600000| 96%| E|  |TS  0|AC  0|TAMS 0x000000008c500000, 0x000000008c500000|
| 118|0x000000008c600000, 0x000000008c700000, 0x000000008c700000|100%| E|CS|TS  0|AC  0|TAMS 0x000000008c600000, 0x000000008c600000|
| 119|0x000000008c700000, 0x000000008c800000, 0x000000008c800000|100%| E|CS|TS  0|AC  0|TAMS 0x000000008c700000, 0x000000008c700000|
| 120|0x000000008c800000, 0x000000008c900000, 0x000000008c900000|100%| E|CS|TS  0|AC  0|TAMS 0x000000008c800000, 0x000000008c800000|
| 121|0x000000008c900000, 0x000000008ca00000, 0x000000008ca00000|100%| E|CS|TS  0|AC  0|TAMS 0x000000008c900000, 0x000000008c900000|
| 122|0x000000008ca00000, 0x000000008cb00000, 0x000000008cb00000|100%| E|CS|TS  0|AC  0|TAMS 0x000000008ca00000, 0x000000008ca00000|
| 123|0x000000008cb00000, 0x000000008cc00000, 0x000000008cc00000|100%| E|CS|TS  0|AC  0|TAMS 0x000000008cb00000, 0x000000008cb00000|

Card table byte_map: [0x00007f29b81ad000,0x00007f29b8585000] byte_map_base: 0x00007f29b7d85000

Marking Bits (Prev, Next): (CMBitMap*) 0x00007f29d406b030, (CMBitMap*) 0x00007f29d406b068
 Prev Bits: [0x00007f2971d68000, 0x00007f2973c28000)
 Next Bits: [0x00007f296fea8000, 0x00007f2971d68000)

Polling page: 0x00007f29dc4e8000

CodeHeap 'non-profiled nmethods': size=120032Kb used=148Kb max_used=148Kb free=119883Kb
 bounds [0x00007f29c160b000, 0x00007f29c187b000, 0x00007f29c8b43000]
CodeHeap 'profiled nmethods': size=120028Kb used=797Kb max_used=797Kb free=119230Kb
 bounds [0x00007f29ba0d4000, 0x00007f29ba344000, 0x00007f29c160b000]
CodeHeap 'non-nmethods': size=5700Kb used=1211Kb max_used=1223Kb free=4488Kb
 bounds [0x00007f29b9b43000, 0x00007f29b9db3000, 0x00007f29ba0d4000]
 total_blobs=1039 nmethods=530 adapters=303
 compilation: enabled

Compilation events (10 events):
Event: 0,340 Thread 0x00007f29d4177800  525       3       java.util.Arrays::copyOf (40 bytes)
Event: 0,341 Thread 0x00007f29d4177800 nmethod 525 0x00007f29ba19a490 code [0x00007f29ba19a6a0, 0x00007f29ba19ae68]
Event: 0,341 Thread 0x00007f29d4177800  524       1       java.lang.invoke.MethodTypeForm::basicType (5 bytes)
Event: 0,341 Thread 0x00007f29d4177800 nmethod 524 0x00007f29c162f890 code [0x00007f29c162fa40, 0x00007f29c162fb50]
Event: 0,341 Thread 0x00007f29d4177800  527       1       java.net.URLStreamHandler::getDefaultPort (2 bytes)
Event: 0,341 Thread 0x00007f29d4177800 nmethod 527 0x00007f29c162fb90 code [0x00007f29c162fd40, 0x00007f29c162fe50]
Event: 0,341 Thread 0x00007f29d4177800  526       1       java.util.zip.ZipFile$Source::access$1100 (5 bytes)
Event: 0,341 Thread 0x00007f29d4177800 nmethod 526 0x00007f29c162fe90 code [0x00007f29c1630040, 0x00007f29c1630130]
Event: 0,342 Thread 0x00007f29d4177800  530       3       java.net.URL::<init> (8 bytes)
Event: 0,342 Thread 0x00007f29d4177800 nmethod 530 0x00007f29ba19b090 code [0x00007f29ba19b240, 0x00007f29ba19b3c8]

GC Heap History (0 events):
No events

Deoptimization events (1 events):
Event: 0,217 Thread 0x00007f29d4013000 Uncommon trap: reason=unstable_if action=reinterpret pc=0x00007f29c160df94 method=java.lang.String.charAt(I)C @ 4 c2

Classes redefined (0 events):
No events

Internal exceptions (9 events):
Event: 0,241 Thread 0x00007f29d4013000 Exception <a 'java/lang/NoSuchMethodError'{0x000000008c7e2368}: java.lang.invoke.DirectMethodHandle$Holder.invokeStatic(Ljava/lang/Object;Ljava/lang/Object;)I> (0x000000008c7e2368) thrown at [/scratch/opt/mach5/mesos/work_dir/slaves/5af44a71-976a-41b7-81d
Event: 0,244 Thread 0x00007f29d4013000 Exception <a 'java/lang/NoSuchMethodError'{0x000000008c7f0480}: method resolution failed> (0x000000008c7f0480) thrown at [/scratch/opt/mach5/mesos/work_dir/slaves/5af44a71-976a-41b7-81de-5773b84ec572-S39643/frameworks/1735e8a2-a1db-478c-8104-60c8b0af87dd-
Event: 0,244 Thread 0x00007f29d4013000 Exception <a 'java/lang/NoSuchMethodError'{0x000000008c7f4138}: method resolution failed> (0x000000008c7f4138) thrown at [/scratch/opt/mach5/mesos/work_dir/slaves/5af44a71-976a-41b7-81de-5773b84ec572-S39643/frameworks/1735e8a2-a1db-478c-8104-60c8b0af87dd-
Event: 0,245 Thread 0x00007f29d4013000 Exception <a 'java/lang/NoSuchMethodError'{0x000000008c7f78b0}: java.lang.invoke.DelegatingMethodHandle$Holder.delegate(Ljava/lang/Object;Ljava/lang/Object;ILjava/lang/Object;)V> (0x000000008c7f78b0) thrown at [/scratch/opt/mach5/mesos/work_dir/slaves/5af
Event: 0,245 Thread 0x00007f29d4013000 Exception <a 'java/lang/NoSuchMethodError'{0x000000008c7fb628}: java.lang.invoke.DirectMethodHandle$Holder.invokeSpecial(Ljava/lang/Object;Ljava/lang/Object;Ljava/lang/Object;)I> (0x000000008c7fb628) thrown at [/scratch/opt/mach5/mesos/work_dir/slaves/5af
Event: 0,247 Thread 0x00007f29d4013000 Exception <a 'java/lang/NoSuchMethodError'{0x000000008c603170}: java.lang.invoke.DirectMethodHandle$Holder.invokeStaticInit(Ljava/lang/Object;Ljava/lang/Object;Ljava/lang/Object;)Ljava/lang/Object;> (0x000000008c603170) thrown at [/scratch/opt/mach5/mesos
Event: 0,259 Thread 0x00007f29d4013000 Exception <a 'java/lang/NoSuchMethodError'{0x000000008c64da58}: java.lang.Object.lambda$static$0(Ljava/lang/String;)Ljava/lang/Boolean;> (0x000000008c64da58) thrown at [/scratch/opt/mach5/mesos/work_dir/slaves/5af44a71-976a-41b7-81de-5773b84ec572-S39643/f
Event: 0,261 Thread 0x00007f29d4013000 Exception <a 'java/lang/NoSuchMethodError'{0x000000008c657948}: java.lang.Object.lambda$union$2(Ljava/util/regex/Pattern$CharPredicate;I)Z> (0x000000008c657948) thrown at [/scratch/opt/mach5/mesos/work_dir/slaves/5af44a71-976a-41b7-81de-5773b84ec572-S3964
Event: 0,329 Thread 0x00007f29d4013000 Exception <a 'sun/nio/fs/UnixException'{0x000000008c508b78}> (0x000000008c508b78) thrown at [/scratch/opt/mach5/mesos/work_dir/slaves/5af44a71-976a-41b7-81de-5773b84ec572-S39643/frameworks/1735e8a2-a1db-478c-8104-60c8b0af87dd-0196/executors/a3f74ad9-294f-

Events (10 events):
Event: 0,342 loading class org/lwjgl/system/MathUtil
Event: 0,342 loading class org/lwjgl/system/MathUtil done
Event: 0,343 loading class org/lwjgl/system/linux/DynamicLinkLoader
Event: 0,343 loading class org/lwjgl/system/linux/DynamicLinkLoader done
Event: 0,351 loading class org/lwjgl/opengl/GL$2
Event: 0,351 loading class org/lwjgl/opengl/GL$2 done
Event: 0,351 loading class org/lwjgl/opengl/GL$SharedLibraryGL
Event: 0,351 loading class org/lwjgl/opengl/GL$SharedLibraryGL done
Event: 0,352 loading class org/lwjgl/system/SharedLibrary$Delegate
Event: 0,352 loading class org/lwjgl/system/SharedLibrary$Delegate done


Dynamic libraries:
00400000-00401000 r-xp 00000000 08:01 3807052                            /usr/lib/jvm/java-9-oracle/bin/java
00600000-00601000 rw-p 00000000 08:01 3807052                            /usr/lib/jvm/java-9-oracle/bin/java
00ce4000-00d05000 rw-p 00000000 00:00 0                                  [heap]
85000000-8cc00000 rw-p 00000000 00:00 0 
8cc00000-100000000 ---p 00000000 00:00 0 
100000000-1000e0000 rw-p 00000000 00:00 0 
1000e0000-140000000 ---p 00000000 00:00 0 
7f2928000000-7f2928021000 rw-p 00000000 00:00 0 
7f2928021000-7f292c000000 ---p 00000000 00:00 0 
7f2930000000-7f2930021000 rw-p 00000000 00:00 0 
7f2930021000-7f2934000000 ---p 00000000 00:00 0 
7f2934000000-7f2934021000 rw-p 00000000 00:00 0 
7f2934021000-7f2938000000 ---p 00000000 00:00 0 
7f2938000000-7f2938021000 rw-p 00000000 00:00 0 
7f2938021000-7f293c000000 ---p 00000000 00:00 0 
7f293c25c000-7f293c45b000 rw-p 00000000 00:00 0 
7f293c45b000-7f293c460000 r-xp 00000000 08:01 3415809                    /usr/lib/x86_64-linux-gnu/libXdmcp.so.6.0.0
7f293c460000-7f293c65f000 ---p 00005000 08:01 3415809                    /usr/lib/x86_64-linux-gnu/libXdmcp.so.6.0.0
7f293c65f000-7f293c660000 r--p 00004000 08:01 3415809                    /usr/lib/x86_64-linux-gnu/libXdmcp.so.6.0.0
7f293c660000-7f293c661000 rw-p 00005000 08:01 3415809                    /usr/lib/x86_64-linux-gnu/libXdmcp.so.6.0.0
7f293c661000-7f293c663000 r-xp 00000000 08:01 3415798                    /usr/lib/x86_64-linux-gnu/libXau.so.6.0.0
7f293c663000-7f293c863000 ---p 00002000 08:01 3415798                    /usr/lib/x86_64-linux-gnu/libXau.so.6.0.0
7f293c863000-7f293c864000 r--p 00002000 08:01 3415798                    /usr/lib/x86_64-linux-gnu/libXau.so.6.0.0
7f293c864000-7f293c865000 rw-p 00003000 08:01 3415798                    /usr/lib/x86_64-linux-gnu/libXau.so.6.0.0
7f293c865000-7f293c886000 r-xp 00000000 08:01 3417216                    /usr/lib/x86_64-linux-gnu/libxcb.so.1.1.0
7f293c886000-7f293ca85000 ---p 00021000 08:01 3417216                    /usr/lib/x86_64-linux-gnu/libxcb.so.1.1.0
7f293ca85000-7f293ca86000 r--p 00020000 08:01 3417216                    /usr/lib/x86_64-linux-gnu/libxcb.so.1.1.0
7f293ca86000-7f293ca87000 rw-p 00021000 08:01 3417216                    /usr/lib/x86_64-linux-gnu/libxcb.so.1.1.0
7f293ca87000-7f293ca98000 r-xp 00000000 08:01 3415811                    /usr/lib/x86_64-linux-gnu/libXext.so.6.4.0
7f293ca98000-7f293cc97000 ---p 00011000 08:01 3415811                    /usr/lib/x86_64-linux-gnu/libXext.so.6.4.0
7f293cc97000-7f293cc98000 r--p 00010000 08:01 3415811                    /usr/lib/x86_64-linux-gnu/libXext.so.6.4.0
7f293cc98000-7f293cc99000 rw-p 00011000 08:01 3415811                    /usr/lib/x86_64-linux-gnu/libXext.so.6.4.0
7f293cc99000-7f293cdce000 r-xp 00000000 08:01 3415794                    /usr/lib/x86_64-linux-gnu/libX11.so.6.3.0
7f293cdce000-7f293cfce000 ---p 00135000 08:01 3415794                    /usr/lib/x86_64-linux-gnu/libX11.so.6.3.0
7f293cfce000-7f293cfcf000 r--p 00135000 08:01 3415794                    /usr/lib/x86_64-linux-gnu/libX11.so.6.3.0
7f293cfcf000-7f293cfd3000 rw-p 00136000 08:01 3415794                    /usr/lib/x86_64-linux-gnu/libX11.so.6.3.0
7f293cfd3000-7f293e3f1000 r-xp 00000000 08:01 3411185                    /usr/lib/nvidia-390/libnvidia-glcore.so.390.48
7f293e3f1000-7f293e412000 rwxp 0141e000 08:01 3411185                    /usr/lib/nvidia-390/libnvidia-glcore.so.390.48
7f293e412000-7f293e847000 r-xp 0143f000 08:01 3411185                    /usr/lib/nvidia-390/libnvidia-glcore.so.390.48
7f293e847000-7f293ea47000 ---p 01874000 08:01 3411185                    /usr/lib/nvidia-390/libnvidia-glcore.so.390.48
7f293ea47000-7f293edba000 rw-p 01874000 08:01 3411185                    /usr/lib/nvidia-390/libnvidia-glcore.so.390.48
7f293edba000-7f293edd3000 rw-p 00000000 00:00 0 
7f293edd3000-7f293edd6000 r-xp 00000000 08:01 3411189                    /usr/lib/nvidia-390/tls/libnvidia-tls.so.390.48
7f293edd6000-7f293efd6000 ---p 00003000 08:01 3411189                    /usr/lib/nvidia-390/tls/libnvidia-tls.so.390.48
7f293efd6000-7f293efd7000 rw-p 00003000 08:01 3411189                    /usr/lib/nvidia-390/tls/libnvidia-tls.so.390.48
7f293efd7000-7f293f0a0000 r-xp 00000000 08:01 3411194                    /usr/lib/nvidia-390/libGL.so.390.48
7f293f0a0000-7f293f0d4000 rwxp 000c9000 08:01 3411194                    /usr/lib/nvidia-390/libGL.so.390.48
7f293f0d4000-7f293f0e8000 r-xp 000fd000 08:01 3411194                    /usr/lib/nvidia-390/libGL.so.390.48
7f293f0e8000-7f293f2e8000 ---p 00111000 08:01 3411194                    /usr/lib/nvidia-390/libGL.so.390.48
7f293f2e8000-7f293f30d000 rw-p 00111000 08:01 3411194                    /usr/lib/nvidia-390/libGL.so.390.48
7f293f30d000-7f293f314000 rw-p 00000000 00:00 0 
7f293f314000-7f293f37f000 r-xp 00000000 08:01 23724423                   /tmp/lwjgloliver/3.1.5-build-1/liblwjgl_opengl.so
7f293f37f000-7f293f57e000 ---p 0006b000 08:01 23724423                   /tmp/lwjgloliver/3.1.5-build-1/liblwjgl_opengl.so
7f293f57e000-7f293f57f000 r--p 0006a000 08:01 23724423                   /tmp/lwjgloliver/3.1.5-build-1/liblwjgl_opengl.so
7f293f57f000-7f293f580000 rw-p 0006b000 08:01 23724423                   /tmp/lwjgloliver/3.1.5-build-1/liblwjgl_opengl.so
7f293f580000-7f293f5d3000 r-xp 00000000 08:01 23724420                   /tmp/lwjgloliver/3.1.5-build-1/liblwjgl.so
7f293f5d3000-7f293f7d2000 ---p 00053000 08:01 23724420                   /tmp/lwjgloliver/3.1.5-build-1/liblwjgl.so
7f293f7d2000-7f293f7d3000 r--p 00052000 08:01 23724420                   /tmp/lwjgloliver/3.1.5-build-1/liblwjgl.so
7f293f7d3000-7f293f7d4000 rw-p 00053000 08:01 23724420                   /tmp/lwjgloliver/3.1.5-build-1/liblwjgl.so
7f293f7d4000-7f293f7d5000 ---p 00000000 00:00 0 
7f293f7d5000-7f293f8d5000 rw-p 00000000 00:00 0 
7f293f8d5000-7f293f8d9000 ---p 00000000 00:00 0 
7f293f8d9000-7f293f9d6000 rw-p 00000000 00:00 0 
7f293f9d6000-7f293f9da000 ---p 00000000 00:00 0 
7f293f9da000-7f293fad7000 rw-p 00000000 00:00 0 
7f293fad7000-7f293faed000 r-xp 00000000 08:01 5641750                    /usr/lib/jvm/java-9-oracle/lib/libnet.so
7f293faed000-7f293fced000 ---p 00016000 08:01 5641750                    /usr/lib/jvm/java-9-oracle/lib/libnet.so
7f293fced000-7f293fcee000 rw-p 00016000 08:01 5641750                    /usr/lib/jvm/java-9-oracle/lib/libnet.so
7f293fcee000-7f293fcfe000 r-xp 00000000 08:01 5641814                    /usr/lib/jvm/java-9-oracle/lib/libnio.so
7f293fcfe000-7f293fefe000 ---p 00010000 08:01 5641814                    /usr/lib/jvm/java-9-oracle/lib/libnio.so
7f293fefe000-7f293feff000 rw-p 00010000 08:01 5641814                    /usr/lib/jvm/java-9-oracle/lib/libnio.so
7f293feff000-7f293ff03000 ---p 00000000 00:00 0 
7f293ff03000-7f2940000000 rw-p 00000000 00:00 0 
7f2940000000-7f294003f000 rw-p 00000000 00:00 0 
7f294003f000-7f2944000000 ---p 00000000 00:00 0 
7f2944000000-7f2944156000 rw-p 00000000 00:00 0 
7f2944156000-7f2948000000 ---p 00000000 00:00 0 
7f2948000000-7f2948242000 rw-p 00000000 00:00 0 
7f2948242000-7f294c000000 ---p 00000000 00:00 0 
7f294c000000-7f294c0ba000 rw-p 00000000 00:00 0 
7f294c0ba000-7f2950000000 ---p 00000000 00:00 0 
7f2950000000-7f2950021000 rw-p 00000000 00:00 0 
7f2950021000-7f2954000000 ---p 00000000 00:00 0 
7f2954000000-7f2954021000 rw-p 00000000 00:00 0 
7f2954021000-7f2958000000 ---p 00000000 00:00 0 
7f2958000000-7f2958021000 rw-p 00000000 00:00 0 
7f2958021000-7f295c000000 ---p 00000000 00:00 0 
7f295c000000-7f295c021000 rw-p 00000000 00:00 0 
7f295c021000-7f2960000000 ---p 00000000 00:00 0 
7f2960000000-7f2960021000 rw-p 00000000 00:00 0 
7f2960021000-7f2964000000 ---p 00000000 00:00 0 
7f2964000000-7f2964021000 rw-p 00000000 00:00 0 
7f2964021000-7f2968000000 ---p 00000000 00:00 0 
7f2968000000-7f2968021000 rw-p 00000000 00:00 0 
7f2968021000-7f296c000000 ---p 00000000 00:00 0 
7f296c040000-7f296c044000 ---p 00000000 00:00 0 
7f296c044000-7f296c141000 rw-p 00000000 00:00 0 
7f296c141000-7f296c145000 ---p 00000000 00:00 0 
7f296c145000-7f296c242000 rw-p 00000000 00:00 0 
7f296c242000-7f296c246000 ---p 00000000 00:00 0 
7f296c246000-7f296c343000 rw-p 00000000 00:00 0 
7f296c343000-7f296c347000 ---p 00000000 00:00 0 
7f296c347000-7f296c444000 rw-p 00000000 00:00 0 
7f296c444000-7f296c448000 ---p 00000000 00:00 0 
7f296c448000-7f296c545000 rw-p 00000000 00:00 0 
7f296c545000-7f296c99b000 r--p 00000000 08:01 3409364                    /usr/lib/locale/locale-archive
7f296c99b000-7f296c99f000 ---p 00000000 00:00 0 
7f296c99f000-7f296ca9c000 rw-p 00000000 00:00 0 
7f296ca9c000-7f296caa0000 ---p 00000000 00:00 0 
7f296caa0000-7f296cb9d000 rw-p 00000000 00:00 0 
7f296cb9d000-7f296cb9e000 ---p 00000000 00:00 0 
7f296cb9e000-7f296d45e000 rw-p 00000000 00:00 0 
7f296d45e000-7f296d49e000 ---p 00000000 00:00 0 
7f296d49e000-7f296dca6000 rw-p 00000000 00:00 0 
7f296dca6000-7f296fca6000 rwxp 00000000 00:00 0 
7f296fca6000-7f296fca7000 ---p 00000000 00:00 0 
7f296fca7000-7f296fda7000 rw-p 00000000 00:00 0 
7f296fda7000-7f296fda8000 ---p 00000000 00:00 0 
7f296fda8000-7f2970098000 rw-p 00000000 00:00 0 
7f2970098000-7f2971d68000 ---p 00000000 00:00 0 
7f2971d68000-7f2971f58000 rw-p 00000000 00:00 0 
7f2971f58000-7f2973c28000 ---p 00000000 00:00 0 
7f2973c28000-7f2973c66000 rw-p 00000000 00:00 0 
7f2973c66000-7f2974000000 ---p 00000000 00:00 0 
7f2974000000-7f2974021000 rw-p 00000000 00:00 0 
7f2974021000-7f2978000000 ---p 00000000 00:00 0 
7f2978000000-7f2978021000 rw-p 00000000 00:00 0 
7f2978021000-7f297c000000 ---p 00000000 00:00 0 
7f297c000000-7f297c021000 rw-p 00000000 00:00 0 
7f297c021000-7f2980000000 ---p 00000000 00:00 0 
7f2980000000-7f2980021000 rw-p 00000000 00:00 0 
7f2980021000-7f2984000000 ---p 00000000 00:00 0 
7f2984000000-7f2984021000 rw-p 00000000 00:00 0 
7f2984021000-7f2988000000 ---p 00000000 00:00 0 
7f2988000000-7f2988021000 rw-p 00000000 00:00 0 
7f2988021000-7f298c000000 ---p 00000000 00:00 0 
7f298c000000-7f298c021000 rw-p 00000000 00:00 0 
7f298c021000-7f2990000000 ---p 00000000 00:00 0 
7f2990000000-7f2990021000 rw-p 00000000 00:00 0 
7f2990021000-7f2994000000 ---p 00000000 00:00 0 
7f2994000000-7f2994021000 rw-p 00000000 00:00 0 
7f2994021000-7f2998000000 ---p 00000000 00:00 0 
7f2998000000-7f2998021000 rw-p 00000000 00:00 0 
7f2998021000-7f299c000000 ---p 00000000 00:00 0 
7f299c000000-7f299c021000 rw-p 00000000 00:00 0 
7f299c021000-7f29a0000000 ---p 00000000 00:00 0 
7f29a0000000-7f29a0021000 rw-p 00000000 00:00 0 
7f29a0021000-7f29a4000000 ---p 00000000 00:00 0 
7f29a4000000-7f29a4021000 rw-p 00000000 00:00 0 
7f29a4021000-7f29a8000000 ---p 00000000 00:00 0 
7f29a8000000-7f29a8021000 rw-p 00000000 00:00 0 
7f29a8021000-7f29ac000000 ---p 00000000 00:00 0 
7f29ac000000-7f29ac021000 rw-p 00000000 00:00 0 
7f29ac021000-7f29b0000000 ---p 00000000 00:00 0 
7f29b0000000-7f29b0021000 rw-p 00000000 00:00 0 
7f29b0021000-7f29b4000000 ---p 00000000 00:00 0 
7f29b4000000-7f29b4021000 rw-p 00000000 00:00 0 
7f29b4021000-7f29b8000000 ---p 00000000 00:00 0 
7f29b8005000-7f29b80ac000 rw-p 00000000 00:00 0 
7f29b80ac000-7f29b80ad000 ---p 00000000 00:00 0 
7f29b80ad000-7f29b81eb000 rw-p 00000000 00:00 0 
7f29b81eb000-7f29b895d000 ---p 00000000 00:00 0 
7f29b895d000-7f29b899b000 rw-p 00000000 00:00 0 
7f29b899b000-7f29b8d35000 ---p 00000000 00:00 0 
7f29b8d35000-7f29b8d36000 ---p 00000000 00:00 0 
7f29b8d36000-7f29b8e36000 rw-p 00000000 00:00 0 
7f29b8e36000-7f29b8e37000 ---p 00000000 00:00 0 
7f29b8e37000-7f29b8f37000 rw-p 00000000 00:00 0 
7f29b8f37000-7f29b8f38000 ---p 00000000 00:00 0 
7f29b8f38000-7f29b9038000 rw-p 00000000 00:00 0 
7f29b9038000-7f29b9039000 ---p 00000000 00:00 0 
7f29b9039000-7f29b9139000 rw-p 00000000 00:00 0 
7f29b9139000-7f29b913a000 ---p 00000000 00:00 0 
7f29b913a000-7f29b923a000 rw-p 00000000 00:00 0 
7f29b923a000-7f29b923b000 ---p 00000000 00:00 0 
7f29b923b000-7f29b933b000 rw-p 00000000 00:00 0 
7f29b933b000-7f29b933c000 ---p 00000000 00:00 0 
7f29b933c000-7f29b943c000 rw-p 00000000 00:00 0 
7f29b943c000-7f29b943d000 ---p 00000000 00:00 0 
7f29b943d000-7f29b953d000 rw-p 00000000 00:00 0 
7f29b953d000-7f29b953e000 ---p 00000000 00:00 0 
7f29b953e000-7f29b9b43000 rw-p 00000000 00:00 0 
7f29b9b43000-7f29b9db3000 rwxp 00000000 00:00 0 
7f29b9db3000-7f29ba0d4000 ---p 00000000 00:00 0 
7f29ba0d4000-7f29ba344000 rwxp 00000000 00:00 0 
7f29ba344000-7f29c160b000 ---p 00000000 00:00 0 
7f29c160b000-7f29c187b000 rwxp 00000000 00:00 0 
7f29c187b000-7f29c8b43000 ---p 00000000 00:00 0 
7f29c8b43000-7f29d4000000 r--s 00000000 08:01 5641785                    /usr/lib/jvm/java-9-oracle/lib/modules
7f29d4000000-7f29d4687000 rw-p 00000000 00:00 0 
7f29d4687000-7f29d8000000 ---p 00000000 00:00 0 
7f29d8008000-7f29d838e000 rw-p 00000000 00:00 0 
7f29d838e000-7f29d838f000 ---p 00000000 00:00 0 
7f29d838f000-7f29d848f000 rw-p 00000000 00:00 0 
7f29d848f000-7f29d8490000 ---p 00000000 00:00 0 
7f29d8490000-7f29d8590000 rw-p 00000000 00:00 0 
7f29d8590000-7f29d8591000 ---p 00000000 00:00 0 
7f29d8591000-7f29d8691000 rw-p 00000000 00:00 0 
7f29d8691000-7f29d8692000 ---p 00000000 00:00 0 
7f29d8692000-7f29d8792000 rw-p 00000000 00:00 0 
7f29d8792000-7f29d8793000 ---p 00000000 00:00 0 
7f29d8793000-7f29d8893000 rw-p 00000000 00:00 0 
7f29d8893000-7f29d8894000 ---p 00000000 00:00 0 
7f29d8894000-7f29d8994000 rw-p 00000000 00:00 0 
7f29d8994000-7f29d8995000 ---p 00000000 00:00 0 
7f29d8995000-7f29d8a95000 rw-p 00000000 00:00 0 
7f29d8a95000-7f29d8a96000 ---p 00000000 00:00 0 
7f29d8a96000-7f29d8b9b000 rw-p 00000000 00:00 0 
7f29d8b9b000-7f29d8c81000 ---p 00000000 00:00 0 
7f29d8c81000-7f29d8c86000 rw-p 00000000 00:00 0 
7f29d8c86000-7f29d8d6c000 ---p 00000000 00:00 0 
7f29d8d6c000-7f29d8d86000 r-xp 00000000 08:01 5641707                    /usr/lib/jvm/java-9-oracle/lib/libjimage.so
7f29d8d86000-7f29d8f85000 ---p 0001a000 08:01 5641707                    /usr/lib/jvm/java-9-oracle/lib/libjimage.so
7f29d8f85000-7f29d8f87000 rw-p 00019000 08:01 5641707                    /usr/lib/jvm/java-9-oracle/lib/libjimage.so
7f29d8f87000-7f29d8f99000 rw-p 00000000 00:00 0 
7f29d8f99000-7f29d8fa0000 r-xp 00000000 08:01 5641822                    /usr/lib/jvm/java-9-oracle/lib/libzip.so
7f29d8fa0000-7f29d919f000 ---p 00007000 08:01 5641822                    /usr/lib/jvm/java-9-oracle/lib/libzip.so
7f29d919f000-7f29d91a0000 rw-p 00006000 08:01 5641822                    /usr/lib/jvm/java-9-oracle/lib/libzip.so
7f29d91a0000-7f29d91ab000 r-xp 00000000 08:01 24642406                   /lib/x86_64-linux-gnu/libnss_files-2.23.so
7f29d91ab000-7f29d93aa000 ---p 0000b000 08:01 24642406                   /lib/x86_64-linux-gnu/libnss_files-2.23.so
7f29d93aa000-7f29d93ab000 r--p 0000a000 08:01 24642406                   /lib/x86_64-linux-gnu/libnss_files-2.23.so
7f29d93ab000-7f29d93ac000 rw-p 0000b000 08:01 24642406                   /lib/x86_64-linux-gnu/libnss_files-2.23.so
7f29d93ac000-7f29d93b2000 rw-p 00000000 00:00 0 
7f29d93b2000-7f29d93bd000 r-xp 00000000 08:01 24642410                   /lib/x86_64-linux-gnu/libnss_nis-2.23.so
7f29d93bd000-7f29d95bc000 ---p 0000b000 08:01 24642410                   /lib/x86_64-linux-gnu/libnss_nis-2.23.so
7f29d95bc000-7f29d95bd000 r--p 0000a000 08:01 24642410                   /lib/x86_64-linux-gnu/libnss_nis-2.23.so
7f29d95bd000-7f29d95be000 rw-p 0000b000 08:01 24642410                   /lib/x86_64-linux-gnu/libnss_nis-2.23.so
7f29d95be000-7f29d95d4000 r-xp 00000000 08:01 24642390                   /lib/x86_64-linux-gnu/libnsl-2.23.so
7f29d95d4000-7f29d97d3000 ---p 00016000 08:01 24642390                   /lib/x86_64-linux-gnu/libnsl-2.23.so
7f29d97d3000-7f29d97d4000 r--p 00015000 08:01 24642390                   /lib/x86_64-linux-gnu/libnsl-2.23.so
7f29d97d4000-7f29d97d5000 rw-p 00016000 08:01 24642390                   /lib/x86_64-linux-gnu/libnsl-2.23.so
7f29d97d5000-7f29d97d7000 rw-p 00000000 00:00 0 
7f29d97d7000-7f29d97df000 r-xp 00000000 08:01 24642401                   /lib/x86_64-linux-gnu/libnss_compat-2.23.so
7f29d97df000-7f29d99de000 ---p 00008000 08:01 24642401                   /lib/x86_64-linux-gnu/libnss_compat-2.23.so
7f29d99de000-7f29d99df000 r--p 00007000 08:01 24642401                   /lib/x86_64-linux-gnu/libnss_compat-2.23.so
7f29d99df000-7f29d99e0000 rw-p 00008000 08:01 24642401                   /lib/x86_64-linux-gnu/libnss_compat-2.23.so
7f29d99e0000-7f29d9a0b000 r-xp 00000000 08:01 5641743                    /usr/lib/jvm/java-9-oracle/lib/libjava.so
7f29d9a0b000-7f29d9c0a000 ---p 0002b000 08:01 5641743                    /usr/lib/jvm/java-9-oracle/lib/libjava.so
7f29d9c0a000-7f29d9c0c000 rw-p 0002a000 08:01 5641743                    /usr/lib/jvm/java-9-oracle/lib/libjava.so
7f29d9c0c000-7f29d9c19000 r-xp 00000000 08:01 5641768                    /usr/lib/jvm/java-9-oracle/lib/libverify.so
7f29d9c19000-7f29d9e18000 ---p 0000d000 08:01 5641768                    /usr/lib/jvm/java-9-oracle/lib/libverify.so
7f29d9e18000-7f29d9e1a000 rw-p 0000c000 08:01 5641768                    /usr/lib/jvm/java-9-oracle/lib/libverify.so
7f29d9e1a000-7f29d9e21000 r-xp 00000000 08:01 24642411                   /lib/x86_64-linux-gnu/librt-2.23.so
7f29d9e21000-7f29da020000 ---p 00007000 08:01 24642411                   /lib/x86_64-linux-gnu/librt-2.23.so
7f29da020000-7f29da021000 r--p 00006000 08:01 24642411                   /lib/x86_64-linux-gnu/librt-2.23.so
7f29da021000-7f29da022000 rw-p 00007000 08:01 24642411                   /lib/x86_64-linux-gnu/librt-2.23.so
7f29da022000-7f29da12a000 r-xp 00000000 08:01 24642389                   /lib/x86_64-linux-gnu/libm-2.23.so
7f29da12a000-7f29da329000 ---p 00108000 08:01 24642389                   /lib/x86_64-linux-gnu/libm-2.23.so
7f29da329000-7f29da32a000 r--p 00107000 08:01 24642389                   /lib/x86_64-linux-gnu/libm-2.23.so
7f29da32a000-7f29da32b000 rw-p 00108000 08:01 24642389                   /lib/x86_64-linux-gnu/libm-2.23.so
7f29da32b000-7f29db340000 r-xp 00000000 08:01 6951024                    /usr/lib/jvm/java-9-oracle/lib/server/libjvm.so
7f29db340000-7f29db53f000 ---p 01015000 08:01 6951024                    /usr/lib/jvm/java-9-oracle/lib/server/libjvm.so
7f29db53f000-7f29db610000 r--p 01014000 08:01 6951024                    /usr/lib/jvm/java-9-oracle/lib/server/libjvm.so
7f29db610000-7f29db647000 rw-p 010e5000 08:01 6951024                    /usr/lib/jvm/java-9-oracle/lib/server/libjvm.so
7f29db647000-7f29db6b0000 rw-p 00000000 00:00 0 
7f29db6b0000-7f29db870000 r-xp 00000000 08:01 24642393                   /lib/x86_64-linux-gnu/libc-2.23.so
7f29db870000-7f29dba70000 ---p 001c0000 08:01 24642393                   /lib/x86_64-linux-gnu/libc-2.23.so
7f29dba70000-7f29dba74000 r--p 001c0000 08:01 24642393                   /lib/x86_64-linux-gnu/libc-2.23.so
7f29dba74000-7f29dba76000 rw-p 001c4000 08:01 24642393                   /lib/x86_64-linux-gnu/libc-2.23.so
7f29dba76000-7f29dba7a000 rw-p 00000000 00:00 0 
7f29dba7a000-7f29dba7d000 r-xp 00000000 08:01 24642395                   /lib/x86_64-linux-gnu/libdl-2.23.so
7f29dba7d000-7f29dbc7c000 ---p 00003000 08:01 24642395                   /lib/x86_64-linux-gnu/libdl-2.23.so
7f29dbc7c000-7f29dbc7d000 r--p 00002000 08:01 24642395                   /lib/x86_64-linux-gnu/libdl-2.23.so
7f29dbc7d000-7f29dbc7e000 rw-p 00003000 08:01 24642395                   /lib/x86_64-linux-gnu/libdl-2.23.so
7f29dbc7e000-7f29dbc8c000 r-xp 00000000 08:01 6951026                    /usr/lib/jvm/java-9-oracle/lib/jli/libjli.so
7f29dbc8c000-7f29dbe8c000 ---p 0000e000 08:01 6951026                    /usr/lib/jvm/java-9-oracle/lib/jli/libjli.so
7f29dbe8c000-7f29dbe8d000 rw-p 0000e000 08:01 6951026                    /usr/lib/jvm/java-9-oracle/lib/jli/libjli.so
7f29dbe8d000-7f29dbea5000 r-xp 00000000 08:01 24642392                   /lib/x86_64-linux-gnu/libpthread-2.23.so
7f29dbea5000-7f29dc0a4000 ---p 00018000 08:01 24642392                   /lib/x86_64-linux-gnu/libpthread-2.23.so
7f29dc0a4000-7f29dc0a5000 r--p 00017000 08:01 24642392                   /lib/x86_64-linux-gnu/libpthread-2.23.so
7f29dc0a5000-7f29dc0a6000 rw-p 00018000 08:01 24642392                   /lib/x86_64-linux-gnu/libpthread-2.23.so
7f29dc0a6000-7f29dc0aa000 rw-p 00000000 00:00 0 
7f29dc0aa000-7f29dc0c3000 r-xp 00000000 08:01 24646264                   /lib/x86_64-linux-gnu/libz.so.1.2.8
7f29dc0c3000-7f29dc2c2000 ---p 00019000 08:01 24646264                   /lib/x86_64-linux-gnu/libz.so.1.2.8
7f29dc2c2000-7f29dc2c3000 r--p 00018000 08:01 24646264                   /lib/x86_64-linux-gnu/libz.so.1.2.8
7f29dc2c3000-7f29dc2c4000 rw-p 00019000 08:01 24646264                   /lib/x86_64-linux-gnu/libz.so.1.2.8
7f29dc2c4000-7f29dc2ea000 r-xp 00000000 08:01 24642391                   /lib/x86_64-linux-gnu/ld-2.23.so
7f29dc2fd000-7f29dc3ba000 rw-p 00000000 00:00 0 
7f29dc3ba000-7f29dc3bf000 ---p 00000000 00:00 0 
7f29dc3bf000-7f29dc4c0000 rw-p 00000000 00:00 0 
7f29dc4d2000-7f29dc4d8000 rw-p 00000000 00:00 0 
7f29dc4d8000-7f29dc4df000 ---p 00000000 00:00 0 
7f29dc4df000-7f29dc4e7000 rw-s 00000000 08:01 23724406                   /tmp/hsperfdata_oliver/20985
7f29dc4e7000-7f29dc4e8000 rw-p 00000000 00:00 0 
7f29dc4e8000-7f29dc4e9000 r--p 00000000 00:00 0 
7f29dc4e9000-7f29dc4ea000 r--p 00025000 08:01 24642391                   /lib/x86_64-linux-gnu/ld-2.23.so
7f29dc4ea000-7f29dc4eb000 rw-p 00026000 08:01 24642391                   /lib/x86_64-linux-gnu/ld-2.23.so
7f29dc4eb000-7f29dc4ec000 rw-p 00000000 00:00 0 
7ffcc1c56000-7ffcc1c78000 rw-p 00000000 00:00 0                          [stack]
7ffcc1cec000-7ffcc1cef000 r--p 00000000 00:00 0                          [vvar]
7ffcc1cef000-7ffcc1cf1000 r-xp 00000000 00:00 0                          [vdso]
ffffffffff600000-ffffffffff601000 r-xp 00000000 00:00 0                  [vsyscall]

VM Arguments:
jvm_args: -Dorg.lwjgl.util.Debug=true -Djava.library.path=nope -Dfile.encoding=UTF-8 
java_command: base.IkSolver
java_class_path (initial): /home/oliver/git/Master_thesis_java/Masterthesis_IK/target/classes:/home/oliver/git/Master_thesis_java/Masterthesis_IK/libs/Caliko-v1.3.3/jar/caliko-1.3.3.jar:/home/oliver/git/Master_thesis_java/Masterthesis_IK/libs/Caliko-v1.3.3/jar/caliko-demo-1.3.3.jar:/home/oliver/git/Master_thesis_java/Masterthesis_IK/libs/Caliko-v1.3.3/jar/caliko-visualisation-1.3.3.jar:/home/oliver/.m2/repository/org/lwjgl/lwjgl/3.1.5/lwjgl-3.1.5.jar:/home/oliver/.m2/repository/org/lwjgl/lwjgl-assimp/3.1.5/lwjgl-assimp-3.1.5.jar:/home/oliver/.m2/repository/org/lwjgl/lwjgl-bgfx/3.1.5/lwjgl-bgfx-3.1.5.jar:/home/oliver/.m2/repository/org/lwjgl/lwjgl-glfw/3.1.5/lwjgl-glfw-3.1.5.jar:/home/oliver/.m2/repository/org/lwjgl/lwjgl-nanovg/3.1.5/lwjgl-nanovg-3.1.5.jar:/home/oliver/.m2/repository/org/lwjgl/lwjgl-nuklear/3.1.5/lwjgl-nuklear-3.1.5.jar:/home/oliver/.m2/repository/org/lwjgl/lwjgl-openal/3.1.5/lwjgl-openal-3.1.5.jar:/home/oliver/.m2/repository/org/lwjgl/lwjgl-opengl/3.1.5/lwjgl-opengl-3.1.5.jar:/home/oliver/.m2/repository/org/lwjgl/lwjgl-openvr/3.1.5/lwjgl-openvr-3.1.5.jar:/home/oliver/.m2/repository/org/lwjgl/lwjgl-par/3.1.5/lwjgl-par-3.1.5.jar:/home/oliver/.m2/repository/org/lwjgl/lwjgl-stb/3.1.5/lwjgl-stb-3.1.5.jar:/home/oliver/.m2/repository/org/lwjgl/lwjgl-vulkan/3.1.5/lwjgl-vulkan-3.1.5.jar:/home/oliver/.m2/repository/org/lwjgl/lwjgl/3.1.5/lwjgl-3.1.5-natives-linux.jar:/home/oliver/.m2/repository/org/lwjgl/lwjgl-assimp/3.1.5/lwjgl-assimp-3.1.5-natives-linux.jar:/home/oliver/.m2/repository/org/lwjgl/lwjgl-bgfx/3.1.5/lwjgl-bgfx-3.1.5-natives-linux.jar:/home/oliver/.m2/repository/org/lwjgl/lwjgl-glfw/3.1.5/lwjgl-glfw-3.1.5-natives-linux.jar:/home/oliver/.m2/repository/org/lwjgl/lwjgl-nanovg/3.1.5/lwjgl-nanovg-3.1.5-natives-linux.jar:/home/oliver/.m2/repository/org/lwjgl/lwjgl-nuklear/3.1.5/lwjgl-nuklear-3.1.5-natives-linux.jar:/home/oliver/.m2/repository/org/lwjgl/lwjgl-openal/3.1.5/lwjgl-openal-3.1.5-natives-linux.jar:/home/oliver/.m2/repository/org/lwjgl/lwjgl
Launcher Type: SUN_STANDARD

Logging:
Log output configuration:
#0: stdout all=warning uptime,level,tags
#1: stderr all=off uptime,level,tags

Environment Variables:
JAVA_HOME=/usr/lib/jvm/java-9-oracle
PATH=/home/oliver/bin:/home/oliver/.local/bin:/usr/local/sbin:/usr/local/bin:/usr/sbin:/usr/bin:/sbin:/bin:/usr/games:/usr/local/games:/snap/bin:/usr/lib/jvm/java-9-oracle/bin:/usr/lib/jvm/java-9-oracle/db/bin
SHELL=/bin/bash
DISPLAY=:0

Signal Handlers:
SIGSEGV: [libjvm.so+0xd4d370], sa_mask[0]=11111111011111111101111111111110, sa_flags=SA_RESTART|SA_SIGINFO
SIGBUS: [libjvm.so+0xd4d370], sa_mask[0]=11111111011111111101111111111110, sa_flags=SA_RESTART|SA_SIGINFO
SIGFPE: [libjvm.so+0xd4d370], sa_mask[0]=11111111011111111101111111111110, sa_flags=SA_RESTART|SA_SIGINFO
SIGPIPE: [libjvm.so+0xb64780], sa_mask[0]=11111111011111111101111111111110, sa_flags=SA_RESTART|SA_SIGINFO
SIGXFSZ: [libjvm.so+0xb64780], sa_mask[0]=11111111011111111101111111111110, sa_flags=SA_RESTART|SA_SIGINFO
SIGILL: [libjvm.so+0xd4d370], sa_mask[0]=11111111011111111101111111111110, sa_flags=SA_RESTART|SA_SIGINFO
SIGUSR2: [libjvm.so+0xb64640], sa_mask[0]=00100000000000000000000000000000, sa_flags=SA_RESTART|SA_SIGINFO
SIGHUP: [libjvm.so+0xb64850], sa_mask[0]=11111111011111111101111111111110, sa_flags=SA_RESTART|SA_SIGINFO
SIGINT: [libjvm.so+0xb64850], sa_mask[0]=11111111011111111101111111111110, sa_flags=SA_RESTART|SA_SIGINFO
SIGTERM: [libjvm.so+0xb64850], sa_mask[0]=11111111011111111101111111111110, sa_flags=SA_RESTART|SA_SIGINFO
SIGQUIT: [libjvm.so+0xb64850], sa_mask[0]=11111111011111111101111111111110, sa_flags=SA_RESTART|SA_SIGINFO


---------------  S Y S T E M  ---------------

OS:DISTRIB_ID=Ubuntu
DISTRIB_RELEASE=16.04
DISTRIB_CODENAME=xenial
DISTRIB_DESCRIPTION="Ubuntu 16.04.4 LTS"
uname:Linux 4.13.0-41-generic #46~16.04.1-Ubuntu SMP Thu May 3 10:06:43 UTC 2018 x86_64
libc:glibc 2.23 NPTL 2.23 
rlimit: STACK 8192k, CORE 0k, NPROC 31243, NOFILE 1048576, AS infinity
load average:0,49 0,79 0,95

/proc/meminfo:
MemTotal:        8059524 kB
MemFree:         1375408 kB
MemAvailable:    4273348 kB
Buffers:          549344 kB
Cached:          2485676 kB
SwapCached:            0 kB
Active:          4361604 kB
Inactive:        1700144 kB
Active(anon):    2973448 kB
Inactive(anon):   192744 kB
Active(file):    1388156 kB
Inactive(file):  1507400 kB
Unevictable:          80 kB
Mlocked:              80 kB
SwapTotal:       8278012 kB
SwapFree:        8278012 kB
Dirty:              5244 kB
Writeback:             4 kB
AnonPages:       3027148 kB
Mapped:           911744 kB
Shmem:            199060 kB
Slab:             376036 kB
SReclaimable:     307600 kB
SUnreclaim:        68436 kB
KernelStack:       16944 kB
PageTables:        55360 kB
NFS_Unstable:          0 kB
Bounce:                0 kB
WritebackTmp:          0 kB
CommitLimit:    12307772 kB
Committed_AS:   10373736 kB
VmallocTotal:   34359738367 kB
VmallocUsed:           0 kB
VmallocChunk:          0 kB
HardwareCorrupted:     0 kB
AnonHugePages:         0 kB
ShmemHugePages:        0 kB
ShmemPmdMapped:        0 kB
CmaTotal:              0 kB
CmaFree:               0 kB
HugePages_Total:       0
HugePages_Free:        0
HugePages_Rsvd:        0
HugePages_Surp:        0
Hugepagesize:       2048 kB
DirectMap4k:      358972 kB
DirectMap2M:     7921664 kB


CPU:total 8 (initial active 8) (4 cores per cpu, 2 threads per core) family 6 model 42 stepping 7, cmov, cx8, fxsr, mmx, sse, sse2, sse3, ssse3, sse4.1, sse4.2, popcnt, avx, aes, clmul, ht, tsc, tscinvbit
CPU Model and flags from /proc/cpuinfo:
model name	: Intel(R) Core(TM) i7-2630QM CPU @ 2.00GHz
flags		: fpu vme de pse tsc msr pae mce cx8 apic sep mtrr pge mca cmov pat pse36 clflush dts acpi mmx fxsr sse sse2 ss ht tm pbe syscall nx rdtscp lm constant_tsc arch_perfmon pebs bts nopl xtopology nonstop_tsc cpuid aperfmperf pni pclmulqdq dtes64 monitor ds_cpl vmx est tm2 ssse3 cx16 xtpr pdcm pcid sse4_1 sse4_2 x2apic popcnt tsc_deadline_timer aes xsave avx lahf_lm epb pti retpoline spec_ctrl tpr_shadow vnmi flexpriority ept vpid xsaveopt dtherm ida arat pln pts

Memory: 4k page, physical 8059524k(1375408k free), swap 8278012k(8278012k free)

vm_info: Java HotSpot(TM) 64-Bit Server VM (9.0.4+11) for linux-amd64 JRE (9.0.4+11), built on Dec 19 2017 18:12:19 by "mach5one" with gcc 4.9.2

END.
