#
# A fatal error has been detected by the Java Runtime Environment:
#
#  SIGSEGV (0xb) at pc=0x00007f7568703ef7, pid=19842, tid=19848
#
# JRE version: Java(TM) SE Runtime Environment (9.0+11) (build 9.0.4+11)
# Java VM: Java HotSpot(TM) 64-Bit Server VM (9.0.4+11, mixed mode, tiered, compressed oops, g1 gc, linux-amd64)
# Problematic frame:
# C  [liblwjgl_opengl.so+0x45ef7]  Java_org_lwjgl_opengl_GL20_glCreateProgram+0x7
#
# Core dump will be written. Default location: Core dumps may be processed with "/usr/share/apport/apport %p %s %c %d %P" (or dumping to /home/oliver/git/Master_thesis_java/Masterthesis_IK/core.19842)
#
# If you would like to submit a bug report, please visit:
#   http://bugreport.java.com/bugreport/crash.jsp
# The crash happened outside the Java Virtual Machine in native code.
# See problematic frame for where to report the bug.
#

---------------  S U M M A R Y ------------

Command Line: -Dorg.lwjgl.util.Debug=true -Djava.library.path=nope -Dfile.encoding=UTF-8 base.IkSolver

Host: Intel(R) Core(TM) i7-2630QM CPU @ 2.00GHz, 8 cores, 7G, Ubuntu 16.04.4 LTS
Time: Wed May  9 15:07:16 2018 CEST elapsed time: 0 seconds (0d 0h 0m 0s)

---------------  T H R E A D  ---------------

Current thread (0x00007f75dc013000):  JavaThread "main" [_thread_in_native, id=19848, stack(0x00007f75e5841000,0x00007f75e5941000)]

Stack: [0x00007f75e5841000,0x00007f75e5941000],  sp=0x00007f75e593f278,  free space=1016k
Native frames: (J=compiled Java code, A=aot compiled Java code, j=interpreted, Vv=VM code, C=native code)
C  [liblwjgl_opengl.so+0x45ef7]  Java_org_lwjgl_opengl_GL20_glCreateProgram+0x7
j  au.edu.federation.caliko.visualisation.ShaderProgram.<init>()V+10
j  au.edu.federation.caliko.visualisation.FabrikModel3D.<clinit>()V+174
v  ~StubRoutines::call_stub
V  [libjvm.so+0x83d60a]  JavaCalls::call_helper(JavaValue*, methodHandle const&, JavaCallArguments*, Thread*)+0x47a
V  [libjvm.so+0x815870]  InstanceKlass::call_class_initializer_impl(instanceKlassHandle, Thread*)+0x1d0
V  [libjvm.so+0x816627]  InstanceKlass::initialize(Thread*)+0x487
V  [libjvm.so+0x82b3e1]  InterpreterRuntime::_new(JavaThread*, ConstantPool*, int)+0x281
j  base.IkSolver.init()V+65
j  base.IkSolver.run()V+1364
j  base.IkSolver.main([Ljava/lang/String;)V+7
v  ~StubRoutines::call_stub
V  [libjvm.so+0x83d60a]  JavaCalls::call_helper(JavaValue*, methodHandle const&, JavaCallArguments*, Thread*)+0x47a
V  [libjvm.so+0x89a67f]  jni_invoke_static(JNIEnv_*, JavaValue*, _jobject*, JNICallType, _jmethodID*, JNI_ArgumentPusher*, Thread*) [clone .isra.90]+0x21f
V  [libjvm.so+0x8ab5ce]  jni_CallStaticVoidMethod+0x14e
C  [libjli.so+0x4397]  JavaMain+0xa17
C  [libpthread.so.0+0x76ba]  start_thread+0xca

Java frames: (J=compiled Java code, j=interpreted, Vv=VM code)
j  org.lwjgl.opengl.GL20.glCreateProgram()I+0
j  au.edu.federation.caliko.visualisation.ShaderProgram.<init>()V+10
j  au.edu.federation.caliko.visualisation.FabrikModel3D.<clinit>()V+174
v  ~StubRoutines::call_stub
j  base.IkSolver.init()V+65
j  base.IkSolver.run()V+1364
j  base.IkSolver.main([Ljava/lang/String;)V+7
v  ~StubRoutines::call_stub

siginfo: si_signo: 11 (SIGSEGV), si_code: 1 (SEGV_MAPERR), si_addr: 0x0000000000000878

Register to memory mapping:

RAX=0x0000000000000000 is an unknown value
RBX={method} {0x00007f7569e40440} 'glCreateProgram' '()I' in 'org/lwjgl/opengl/GL20'
RCX=0x0000000000000002 is an unknown value
RDX=0x00007f75e4afa4d8: <offset 0x00000000013494d8> in /usr/lib/jvm/java-9-oracle/lib/server/libjvm.so at 0x00007f75e37b1000
RSP=0x00007f75e593f278 is pointing into the stack for thread: 0x00007f75dc013000
RBP=0x00007f75e593f2c8 is pointing into the stack for thread: 0x00007f75dc013000
RSI=0x00007f75e593f2d8 is pointing into the stack for thread: 0x00007f75dc013000
RDI=0x00007f75dc013218 is an unknown value
R8 ={method} {0x00007f7569e40440} 'glCreateProgram' '()I' in 'org/lwjgl/opengl/GL20'
R9 =0x0000000000000010 is an unknown value
R10=0x00007f75c1b5bd09 is at code_begin+873 in an Interpreter codelet
method entry point (kind = native)  [0x00007f75c1b5b9a0, 0x00007f75c1b5c3e0]  2624 bytes
R11=0x000000008c7b58b8 is an oop
java.lang.Class 
{0x000000008c7b58b8} - klass: 'java/lang/Class'
R12=0x0000000000000000 is an unknown value
R13=0x00007f7569e40438 is pointing into metadata
R14=0x00007f75e593f2e0 is pointing into the stack for thread: 0x00007f75dc013000
R15=0x00007f75dc013000 is a thread


Registers:
RAX=0x0000000000000000, RBX=0x00007f7569e40440, RCX=0x0000000000000002, RDX=0x00007f75e4afa4d8
RSP=0x00007f75e593f278, RBP=0x00007f75e593f2c8, RSI=0x00007f75e593f2d8, RDI=0x00007f75dc013218
R8 =0x00007f7569e40440, R9 =0x0000000000000010, R10=0x00007f75c1b5bd09, R11=0x000000008c7b58b8
R12=0x0000000000000000, R13=0x00007f7569e40438, R14=0x00007f75e593f2e0, R15=0x00007f75dc013000
RIP=0x00007f7568703ef7, EFLAGS=0x0000000000010283, CSGSFS=0x002b000000000033, ERR=0x0000000000000004
  TRAPNO=0x000000000000000e

Top of Stack: (sp=0x00007f75e593f278)
0x00007f75e593f278:   00007f75c1b5bd35 00007f75e593f280
0x00007f75e593f288:   00007f7569e40438 00007f75e593f2e0
0x00007f75e593f298:   00007f7569e53ab0 0000000000000000
0x00007f75e593f2a8:   000000008c7b58b8 00007f7569e40440 

Instructions: (pc=0x00007f7568703ef7)
0x00007f7568703ed7:   40 18 48 8b 80 b0 09 00 00 ff e0 66 66 66 66 66
0x00007f7568703ee7:   2e 0f 1f 84 00 00 00 00 00 48 8b 07 48 8b 40 18
0x00007f7568703ef7:   ff a0 78 08 00 00 0f 1f 00 48 8b 07 41 89 d1 89
0x00007f7568703f07:   ce 4c 89 c2 44 89 cf 48 8b 40 18 48 8b 80 b8 15 


---------------  P R O C E S S  ---------------

Java Threads: ( => current thread )
  0x00007f75dc246000 JavaThread "Service Thread" daemon [_thread_blocked, id=19879, stack(0x00007f7568c7f000,0x00007f7568d80000)]
  0x00007f75dc186800 JavaThread "Common-Cleaner" daemon [_thread_blocked, id=19878, stack(0x00007f7568d80000,0x00007f7568e81000)]
  0x00007f75dc179800 JavaThread "Sweeper thread" daemon [_thread_blocked, id=19877, stack(0x00007f75692a9000,0x00007f75693aa000)]
  0x00007f75dc177800 JavaThread "C1 CompilerThread3" daemon [_thread_blocked, id=19876, stack(0x00007f757807e000,0x00007f757817f000)]
  0x00007f75dc175800 JavaThread "C2 CompilerThread2" daemon [_thread_blocked, id=19875, stack(0x00007f757817f000,0x00007f7578280000)]
  0x00007f75dc173800 JavaThread "C2 CompilerThread1" daemon [_thread_blocked, id=19874, stack(0x00007f75c00dc000,0x00007f75c01dd000)]
  0x00007f75dc171800 JavaThread "C2 CompilerThread0" daemon [_thread_blocked, id=19873, stack(0x00007f75c01dd000,0x00007f75c02de000)]
  0x00007f75dc16f800 JavaThread "Signal Dispatcher" daemon [_thread_blocked, id=19872, stack(0x00007f75c02de000,0x00007f75c03df000)]
  0x00007f75dc154000 JavaThread "Finalizer" daemon [_thread_blocked, id=19871, stack(0x00007f75c03df000,0x00007f75c04e0000)]
  0x00007f75dc14b800 JavaThread "Reference Handler" daemon [_thread_blocked, id=19870, stack(0x00007f75c04e0000,0x00007f75c05e1000)]
=>0x00007f75dc013000 JavaThread "main" [_thread_in_native, id=19848, stack(0x00007f75e5841000,0x00007f75e5941000)]

Other Threads:
  0x00007f75dc142000 VMThread "VM Thread" [stack: 0x00007f75c05e2000,0x00007f75c06e2000] [id=19869]
  0x00007f75dc249000 WatcherThread [stack: 0x00007f7568b7f000,0x00007f7568c7f000] [id=19880]
  0x00007f75dc02a800 GCTaskThread "GC Thread#0" [stack: 0x00007f75e1f1c000,0x00007f75e201c000] [id=19849]
  0x00007f75dc02c000 GCTaskThread "GC Thread#1" [stack: 0x00007f75e1e1b000,0x00007f75e1f1b000] [id=19850]
  0x00007f75dc02d800 GCTaskThread "GC Thread#2" [stack: 0x00007f75e1d1a000,0x00007f75e1e1a000] [id=19851]
  0x00007f75dc02f800 GCTaskThread "GC Thread#3" [stack: 0x00007f75e1c19000,0x00007f75e1d19000] [id=19852]
  0x00007f75dc031000 GCTaskThread "GC Thread#4" [stack: 0x00007f75e1b18000,0x00007f75e1c18000] [id=19853]
  0x00007f75dc032800 GCTaskThread "GC Thread#5" [stack: 0x00007f75e1a17000,0x00007f75e1b17000] [id=19854]
  0x00007f75dc034800 GCTaskThread "GC Thread#6" [stack: 0x00007f75e1916000,0x00007f75e1a16000] [id=19855]
  0x00007f75dc036000 GCTaskThread "GC Thread#7" [stack: 0x00007f75e1815000,0x00007f75e1915000] [id=19856]
  0x00007f75dc06c000 ConcurrentGCThread "G1 Main Marker" [stack: 0x00007f75e022b000,0x00007f75e032b000] [id=19866]
  0x00007f75dc06d800 ConcurrentGCThread "G1 Marker#0" [stack: 0x00007f75e012a000,0x00007f75e022a000] [id=19867]
  0x00007f75dc06f800 ConcurrentGCThread "G1 Marker#1" [stack: 0x00007f75e0029000,0x00007f75e0129000] [id=19868]
  0x00007f75dc045000 ConcurrentGCThread "G1 Refine#0" [stack: 0x00007f75e0805000,0x00007f75e0905000] [id=19864]
  0x00007f75dc043000 ConcurrentGCThread "G1 Refine#1" [stack: 0x00007f75e0906000,0x00007f75e0a06000] [id=19863]
  0x00007f75dc041000 ConcurrentGCThread "G1 Refine#2" [stack: 0x00007f75e0a07000,0x00007f75e0b07000] [id=19862]
  0x00007f75dc03f800 ConcurrentGCThread "G1 Refine#3" [stack: 0x00007f75e0b08000,0x00007f75e0c08000] [id=19861]
  0x00007f75dc03d800 ConcurrentGCThread "G1 Refine#4" [stack: 0x00007f75e0c09000,0x00007f75e0d09000] [id=19860]
  0x00007f75dc03c000 ConcurrentGCThread "G1 Refine#5" [stack: 0x00007f75e0d0a000,0x00007f75e0e0a000] [id=19859]
  0x00007f75dc03a000 ConcurrentGCThread "G1 Refine#6" [stack: 0x00007f75e0e0b000,0x00007f75e0f0b000] [id=19858]
  0x00007f75dc038800 ConcurrentGCThread "G1 Refine#7" [stack: 0x00007f75e0f0c000,0x00007f75e100c000] [id=19857]
  0x00007f75dc046800 ConcurrentGCThread "G1 Young RemSet Sampling" [stack: 0x00007f75e0704000,0x00007f75e0804000] [id=19865]

Threads with active compile tasks:

VM state:not at safepoint (normal execution)

VM Mutex/Monitor currently owned by a thread: None

Heap address: 0x0000000085000000, size: 1968 MB, Compressed Oops mode: 32-bit
Narrow klass base: 0x0000000000000000, Narrow klass shift: 3
Compressed class space size: 1073741824 Address: 0x0000000100000000

Heap:
 garbage-first heap   total 126976K, used 6144K [0x0000000085000000, 0x00000000851003e0, 0x0000000100000000)
  region size 1024K, 7 young (7168K), 0 survivors (0K)
 Metaspace       used 8494K, capacity 8680K, committed 8832K, reserved 1056768K
  class space    used 731K, capacity 799K, committed 896K, reserved 1048576K
Heap Regions: E=young(eden), S=young(survivor), O=old, HS=humongous(starts), HC=humongous(continues), CS=collection set, F=free, A=archive, TS=gc time stamp, AC=allocation context, TAMS=top-at-mark-start (previous, next)
|   0|0x0000000085000000, 0x0000000085000000, 0x0000000085100000|  0%| F|  |TS  0|AC  0|TAMS 0x0000000085000000, 0x0000000085000000|
|   1|0x0000000085100000, 0x0000000085100000, 0x0000000085200000|  0%| F|  |TS  0|AC  0|TAMS 0x0000000085100000, 0x0000000085100000|
|   2|0x0000000085200000, 0x0000000085200000, 0x0000000085300000|  0%| F|  |TS  0|AC  0|TAMS 0x0000000085200000, 0x0000000085200000|
|   3|0x0000000085300000, 0x0000000085300000, 0x0000000085400000|  0%| F|  |TS  0|AC  0|TAMS 0x0000000085300000, 0x0000000085300000|
|   4|0x0000000085400000, 0x0000000085400000, 0x0000000085500000|  0%| F|  |TS  0|AC  0|TAMS 0x0000000085400000, 0x0000000085400000|
|   5|0x0000000085500000, 0x0000000085500000, 0x0000000085600000|  0%| F|  |TS  0|AC  0|TAMS 0x0000000085500000, 0x0000000085500000|
|   6|0x0000000085600000, 0x0000000085600000, 0x0000000085700000|  0%| F|  |TS  0|AC  0|TAMS 0x0000000085600000, 0x0000000085600000|
|   7|0x0000000085700000, 0x0000000085700000, 0x0000000085800000|  0%| F|  |TS  0|AC  0|TAMS 0x0000000085700000, 0x0000000085700000|
|   8|0x0000000085800000, 0x0000000085800000, 0x0000000085900000|  0%| F|  |TS  0|AC  0|TAMS 0x0000000085800000, 0x0000000085800000|
|   9|0x0000000085900000, 0x0000000085900000, 0x0000000085a00000|  0%| F|  |TS  0|AC  0|TAMS 0x0000000085900000, 0x0000000085900000|
|  10|0x0000000085a00000, 0x0000000085a00000, 0x0000000085b00000|  0%| F|  |TS  0|AC  0|TAMS 0x0000000085a00000, 0x0000000085a00000|
|  11|0x0000000085b00000, 0x0000000085b00000, 0x0000000085c00000|  0%| F|  |TS  0|AC  0|TAMS 0x0000000085b00000, 0x0000000085b00000|
|  12|0x0000000085c00000, 0x0000000085c00000, 0x0000000085d00000|  0%| F|  |TS  0|AC  0|TAMS 0x0000000085c00000, 0x0000000085c00000|
|  13|0x0000000085d00000, 0x0000000085d00000, 0x0000000085e00000|  0%| F|  |TS  0|AC  0|TAMS 0x0000000085d00000, 0x0000000085d00000|
|  14|0x0000000085e00000, 0x0000000085e00000, 0x0000000085f00000|  0%| F|  |TS  0|AC  0|TAMS 0x0000000085e00000, 0x0000000085e00000|
|  15|0x0000000085f00000, 0x0000000085f00000, 0x0000000086000000|  0%| F|  |TS  0|AC  0|TAMS 0x0000000085f00000, 0x0000000085f00000|
|  16|0x0000000086000000, 0x0000000086000000, 0x0000000086100000|  0%| F|  |TS  0|AC  0|TAMS 0x0000000086000000, 0x0000000086000000|
|  17|0x0000000086100000, 0x0000000086100000, 0x0000000086200000|  0%| F|  |TS  0|AC  0|TAMS 0x0000000086100000, 0x0000000086100000|
|  18|0x0000000086200000, 0x0000000086200000, 0x0000000086300000|  0%| F|  |TS  0|AC  0|TAMS 0x0000000086200000, 0x0000000086200000|
|  19|0x0000000086300000, 0x0000000086300000, 0x0000000086400000|  0%| F|  |TS  0|AC  0|TAMS 0x0000000086300000, 0x0000000086300000|
|  20|0x0000000086400000, 0x0000000086400000, 0x0000000086500000|  0%| F|  |TS  0|AC  0|TAMS 0x0000000086400000, 0x0000000086400000|
|  21|0x0000000086500000, 0x0000000086500000, 0x0000000086600000|  0%| F|  |TS  0|AC  0|TAMS 0x0000000086500000, 0x0000000086500000|
|  22|0x0000000086600000, 0x0000000086600000, 0x0000000086700000|  0%| F|  |TS  0|AC  0|TAMS 0x0000000086600000, 0x0000000086600000|
|  23|0x0000000086700000, 0x0000000086700000, 0x0000000086800000|  0%| F|  |TS  0|AC  0|TAMS 0x0000000086700000, 0x0000000086700000|
|  24|0x0000000086800000, 0x0000000086800000, 0x0000000086900000|  0%| F|  |TS  0|AC  0|TAMS 0x0000000086800000, 0x0000000086800000|
|  25|0x0000000086900000, 0x0000000086900000, 0x0000000086a00000|  0%| F|  |TS  0|AC  0|TAMS 0x0000000086900000, 0x0000000086900000|
|  26|0x0000000086a00000, 0x0000000086a00000, 0x0000000086b00000|  0%| F|  |TS  0|AC  0|TAMS 0x0000000086a00000, 0x0000000086a00000|
|  27|0x0000000086b00000, 0x0000000086b00000, 0x0000000086c00000|  0%| F|  |TS  0|AC  0|TAMS 0x0000000086b00000, 0x0000000086b00000|
|  28|0x0000000086c00000, 0x0000000086c00000, 0x0000000086d00000|  0%| F|  |TS  0|AC  0|TAMS 0x0000000086c00000, 0x0000000086c00000|
|  29|0x0000000086d00000, 0x0000000086d00000, 0x0000000086e00000|  0%| F|  |TS  0|AC  0|TAMS 0x0000000086d00000, 0x0000000086d00000|
|  30|0x0000000086e00000, 0x0000000086e00000, 0x0000000086f00000|  0%| F|  |TS  0|AC  0|TAMS 0x0000000086e00000, 0x0000000086e00000|
|  31|0x0000000086f00000, 0x0000000086f00000, 0x0000000087000000|  0%| F|  |TS  0|AC  0|TAMS 0x0000000086f00000, 0x0000000086f00000|
|  32|0x0000000087000000, 0x0000000087000000, 0x0000000087100000|  0%| F|  |TS  0|AC  0|TAMS 0x0000000087000000, 0x0000000087000000|
|  33|0x0000000087100000, 0x0000000087100000, 0x0000000087200000|  0%| F|  |TS  0|AC  0|TAMS 0x0000000087100000, 0x0000000087100000|
|  34|0x0000000087200000, 0x0000000087200000, 0x0000000087300000|  0%| F|  |TS  0|AC  0|TAMS 0x0000000087200000, 0x0000000087200000|
|  35|0x0000000087300000, 0x0000000087300000, 0x0000000087400000|  0%| F|  |TS  0|AC  0|TAMS 0x0000000087300000, 0x0000000087300000|
|  36|0x0000000087400000, 0x0000000087400000, 0x0000000087500000|  0%| F|  |TS  0|AC  0|TAMS 0x0000000087400000, 0x0000000087400000|
|  37|0x0000000087500000, 0x0000000087500000, 0x0000000087600000|  0%| F|  |TS  0|AC  0|TAMS 0x0000000087500000, 0x0000000087500000|
|  38|0x0000000087600000, 0x0000000087600000, 0x0000000087700000|  0%| F|  |TS  0|AC  0|TAMS 0x0000000087600000, 0x0000000087600000|
|  39|0x0000000087700000, 0x0000000087700000, 0x0000000087800000|  0%| F|  |TS  0|AC  0|TAMS 0x0000000087700000, 0x0000000087700000|
|  40|0x0000000087800000, 0x0000000087800000, 0x0000000087900000|  0%| F|  |TS  0|AC  0|TAMS 0x0000000087800000, 0x0000000087800000|
|  41|0x0000000087900000, 0x0000000087900000, 0x0000000087a00000|  0%| F|  |TS  0|AC  0|TAMS 0x0000000087900000, 0x0000000087900000|
|  42|0x0000000087a00000, 0x0000000087a00000, 0x0000000087b00000|  0%| F|  |TS  0|AC  0|TAMS 0x0000000087a00000, 0x0000000087a00000|
|  43|0x0000000087b00000, 0x0000000087b00000, 0x0000000087c00000|  0%| F|  |TS  0|AC  0|TAMS 0x0000000087b00000, 0x0000000087b00000|
|  44|0x0000000087c00000, 0x0000000087c00000, 0x0000000087d00000|  0%| F|  |TS  0|AC  0|TAMS 0x0000000087c00000, 0x0000000087c00000|
|  45|0x0000000087d00000, 0x0000000087d00000, 0x0000000087e00000|  0%| F|  |TS  0|AC  0|TAMS 0x0000000087d00000, 0x0000000087d00000|
|  46|0x0000000087e00000, 0x0000000087e00000, 0x0000000087f00000|  0%| F|  |TS  0|AC  0|TAMS 0x0000000087e00000, 0x0000000087e00000|
|  47|0x0000000087f00000, 0x0000000087f00000, 0x0000000088000000|  0%| F|  |TS  0|AC  0|TAMS 0x0000000087f00000, 0x0000000087f00000|
|  48|0x0000000088000000, 0x0000000088000000, 0x0000000088100000|  0%| F|  |TS  0|AC  0|TAMS 0x0000000088000000, 0x0000000088000000|
|  49|0x0000000088100000, 0x0000000088100000, 0x0000000088200000|  0%| F|  |TS  0|AC  0|TAMS 0x0000000088100000, 0x0000000088100000|
|  50|0x0000000088200000, 0x0000000088200000, 0x0000000088300000|  0%| F|  |TS  0|AC  0|TAMS 0x0000000088200000, 0x0000000088200000|
|  51|0x0000000088300000, 0x0000000088300000, 0x0000000088400000|  0%| F|  |TS  0|AC  0|TAMS 0x0000000088300000, 0x0000000088300000|
|  52|0x0000000088400000, 0x0000000088400000, 0x0000000088500000|  0%| F|  |TS  0|AC  0|TAMS 0x0000000088400000, 0x0000000088400000|
|  53|0x0000000088500000, 0x0000000088500000, 0x0000000088600000|  0%| F|  |TS  0|AC  0|TAMS 0x0000000088500000, 0x0000000088500000|
|  54|0x0000000088600000, 0x0000000088600000, 0x0000000088700000|  0%| F|  |TS  0|AC  0|TAMS 0x0000000088600000, 0x0000000088600000|
|  55|0x0000000088700000, 0x0000000088700000, 0x0000000088800000|  0%| F|  |TS  0|AC  0|TAMS 0x0000000088700000, 0x0000000088700000|
|  56|0x0000000088800000, 0x0000000088800000, 0x0000000088900000|  0%| F|  |TS  0|AC  0|TAMS 0x0000000088800000, 0x0000000088800000|
|  57|0x0000000088900000, 0x0000000088900000, 0x0000000088a00000|  0%| F|  |TS  0|AC  0|TAMS 0x0000000088900000, 0x0000000088900000|
|  58|0x0000000088a00000, 0x0000000088a00000, 0x0000000088b00000|  0%| F|  |TS  0|AC  0|TAMS 0x0000000088a00000, 0x0000000088a00000|
|  59|0x0000000088b00000, 0x0000000088b00000, 0x0000000088c00000|  0%| F|  |TS  0|AC  0|TAMS 0x0000000088b00000, 0x0000000088b00000|
|  60|0x0000000088c00000, 0x0000000088c00000, 0x0000000088d00000|  0%| F|  |TS  0|AC  0|TAMS 0x0000000088c00000, 0x0000000088c00000|
|  61|0x0000000088d00000, 0x0000000088d00000, 0x0000000088e00000|  0%| F|  |TS  0|AC  0|TAMS 0x0000000088d00000, 0x0000000088d00000|
|  62|0x0000000088e00000, 0x0000000088e00000, 0x0000000088f00000|  0%| F|  |TS  0|AC  0|TAMS 0x0000000088e00000, 0x0000000088e00000|
|  63|0x0000000088f00000, 0x0000000088f00000, 0x0000000089000000|  0%| F|  |TS  0|AC  0|TAMS 0x0000000088f00000, 0x0000000088f00000|
|  64|0x0000000089000000, 0x0000000089000000, 0x0000000089100000|  0%| F|  |TS  0|AC  0|TAMS 0x0000000089000000, 0x0000000089000000|
|  65|0x0000000089100000, 0x0000000089100000, 0x0000000089200000|  0%| F|  |TS  0|AC  0|TAMS 0x0000000089100000, 0x0000000089100000|
|  66|0x0000000089200000, 0x0000000089200000, 0x0000000089300000|  0%| F|  |TS  0|AC  0|TAMS 0x0000000089200000, 0x0000000089200000|
|  67|0x0000000089300000, 0x0000000089300000, 0x0000000089400000|  0%| F|  |TS  0|AC  0|TAMS 0x0000000089300000, 0x0000000089300000|
|  68|0x0000000089400000, 0x0000000089400000, 0x0000000089500000|  0%| F|  |TS  0|AC  0|TAMS 0x0000000089400000, 0x0000000089400000|
|  69|0x0000000089500000, 0x0000000089500000, 0x0000000089600000|  0%| F|  |TS  0|AC  0|TAMS 0x0000000089500000, 0x0000000089500000|
|  70|0x0000000089600000, 0x0000000089600000, 0x0000000089700000|  0%| F|  |TS  0|AC  0|TAMS 0x0000000089600000, 0x0000000089600000|
|  71|0x0000000089700000, 0x0000000089700000, 0x0000000089800000|  0%| F|  |TS  0|AC  0|TAMS 0x0000000089700000, 0x0000000089700000|
|  72|0x0000000089800000, 0x0000000089800000, 0x0000000089900000|  0%| F|  |TS  0|AC  0|TAMS 0x0000000089800000, 0x0000000089800000|
|  73|0x0000000089900000, 0x0000000089900000, 0x0000000089a00000|  0%| F|  |TS  0|AC  0|TAMS 0x0000000089900000, 0x0000000089900000|
|  74|0x0000000089a00000, 0x0000000089a00000, 0x0000000089b00000|  0%| F|  |TS  0|AC  0|TAMS 0x0000000089a00000, 0x0000000089a00000|
|  75|0x0000000089b00000, 0x0000000089b00000, 0x0000000089c00000|  0%| F|  |TS  0|AC  0|TAMS 0x0000000089b00000, 0x0000000089b00000|
|  76|0x0000000089c00000, 0x0000000089c00000, 0x0000000089d00000|  0%| F|  |TS  0|AC  0|TAMS 0x0000000089c00000, 0x0000000089c00000|
|  77|0x0000000089d00000, 0x0000000089d00000, 0x0000000089e00000|  0%| F|  |TS  0|AC  0|TAMS 0x0000000089d00000, 0x0000000089d00000|
|  78|0x0000000089e00000, 0x0000000089e00000, 0x0000000089f00000|  0%| F|  |TS  0|AC  0|TAMS 0x0000000089e00000, 0x0000000089e00000|
|  79|0x0000000089f00000, 0x0000000089f00000, 0x000000008a000000|  0%| F|  |TS  0|AC  0|TAMS 0x0000000089f00000, 0x0000000089f00000|
|  80|0x000000008a000000, 0x000000008a000000, 0x000000008a100000|  0%| F|  |TS  0|AC  0|TAMS 0x000000008a000000, 0x000000008a000000|
|  81|0x000000008a100000, 0x000000008a100000, 0x000000008a200000|  0%| F|  |TS  0|AC  0|TAMS 0x000000008a100000, 0x000000008a100000|
|  82|0x000000008a200000, 0x000000008a200000, 0x000000008a300000|  0%| F|  |TS  0|AC  0|TAMS 0x000000008a200000, 0x000000008a200000|
|  83|0x000000008a300000, 0x000000008a300000, 0x000000008a400000|  0%| F|  |TS  0|AC  0|TAMS 0x000000008a300000, 0x000000008a300000|
|  84|0x000000008a400000, 0x000000008a400000, 0x000000008a500000|  0%| F|  |TS  0|AC  0|TAMS 0x000000008a400000, 0x000000008a400000|
|  85|0x000000008a500000, 0x000000008a500000, 0x000000008a600000|  0%| F|  |TS  0|AC  0|TAMS 0x000000008a500000, 0x000000008a500000|
|  86|0x000000008a600000, 0x000000008a600000, 0x000000008a700000|  0%| F|  |TS  0|AC  0|TAMS 0x000000008a600000, 0x000000008a600000|
|  87|0x000000008a700000, 0x000000008a700000, 0x000000008a800000|  0%| F|  |TS  0|AC  0|TAMS 0x000000008a700000, 0x000000008a700000|
|  88|0x000000008a800000, 0x000000008a800000, 0x000000008a900000|  0%| F|  |TS  0|AC  0|TAMS 0x000000008a800000, 0x000000008a800000|
|  89|0x000000008a900000, 0x000000008a900000, 0x000000008aa00000|  0%| F|  |TS  0|AC  0|TAMS 0x000000008a900000, 0x000000008a900000|
|  90|0x000000008aa00000, 0x000000008aa00000, 0x000000008ab00000|  0%| F|  |TS  0|AC  0|TAMS 0x000000008aa00000, 0x000000008aa00000|
|  91|0x000000008ab00000, 0x000000008ab00000, 0x000000008ac00000|  0%| F|  |TS  0|AC  0|TAMS 0x000000008ab00000, 0x000000008ab00000|
|  92|0x000000008ac00000, 0x000000008ac00000, 0x000000008ad00000|  0%| F|  |TS  0|AC  0|TAMS 0x000000008ac00000, 0x000000008ac00000|
|  93|0x000000008ad00000, 0x000000008ad00000, 0x000000008ae00000|  0%| F|  |TS  0|AC  0|TAMS 0x000000008ad00000, 0x000000008ad00000|
|  94|0x000000008ae00000, 0x000000008ae00000, 0x000000008af00000|  0%| F|  |TS  0|AC  0|TAMS 0x000000008ae00000, 0x000000008ae00000|
|  95|0x000000008af00000, 0x000000008af00000, 0x000000008b000000|  0%| F|  |TS  0|AC  0|TAMS 0x000000008af00000, 0x000000008af00000|
|  96|0x000000008b000000, 0x000000008b000000, 0x000000008b100000|  0%| F|  |TS  0|AC  0|TAMS 0x000000008b000000, 0x000000008b000000|
|  97|0x000000008b100000, 0x000000008b100000, 0x000000008b200000|  0%| F|  |TS  0|AC  0|TAMS 0x000000008b100000, 0x000000008b100000|
|  98|0x000000008b200000, 0x000000008b200000, 0x000000008b300000|  0%| F|  |TS  0|AC  0|TAMS 0x000000008b200000, 0x000000008b200000|
|  99|0x000000008b300000, 0x000000008b300000, 0x000000008b400000|  0%| F|  |TS  0|AC  0|TAMS 0x000000008b300000, 0x000000008b300000|
| 100|0x000000008b400000, 0x000000008b400000, 0x000000008b500000|  0%| F|  |TS  0|AC  0|TAMS 0x000000008b400000, 0x000000008b400000|
| 101|0x000000008b500000, 0x000000008b500000, 0x000000008b600000|  0%| F|  |TS  0|AC  0|TAMS 0x000000008b500000, 0x000000008b500000|
| 102|0x000000008b600000, 0x000000008b600000, 0x000000008b700000|  0%| F|  |TS  0|AC  0|TAMS 0x000000008b600000, 0x000000008b600000|
| 103|0x000000008b700000, 0x000000008b700000, 0x000000008b800000|  0%| F|  |TS  0|AC  0|TAMS 0x000000008b700000, 0x000000008b700000|
| 104|0x000000008b800000, 0x000000008b800000, 0x000000008b900000|  0%| F|  |TS  0|AC  0|TAMS 0x000000008b800000, 0x000000008b800000|
| 105|0x000000008b900000, 0x000000008b900000, 0x000000008ba00000|  0%| F|  |TS  0|AC  0|TAMS 0x000000008b900000, 0x000000008b900000|
| 106|0x000000008ba00000, 0x000000008ba00000, 0x000000008bb00000|  0%| F|  |TS  0|AC  0|TAMS 0x000000008ba00000, 0x000000008ba00000|
| 107|0x000000008bb00000, 0x000000008bb00000, 0x000000008bc00000|  0%| F|  |TS  0|AC  0|TAMS 0x000000008bb00000, 0x000000008bb00000|
| 108|0x000000008bc00000, 0x000000008bc00000, 0x000000008bd00000|  0%| F|  |TS  0|AC  0|TAMS 0x000000008bc00000, 0x000000008bc00000|
| 109|0x000000008bd00000, 0x000000008bd00000, 0x000000008be00000|  0%| F|  |TS  0|AC  0|TAMS 0x000000008bd00000, 0x000000008bd00000|
| 110|0x000000008be00000, 0x000000008be00000, 0x000000008bf00000|  0%| F|  |TS  0|AC  0|TAMS 0x000000008be00000, 0x000000008be00000|
| 111|0x000000008bf00000, 0x000000008bf00000, 0x000000008c000000|  0%| F|  |TS  0|AC  0|TAMS 0x000000008bf00000, 0x000000008bf00000|
| 112|0x000000008c000000, 0x000000008c000000, 0x000000008c100000|  0%| F|  |TS  0|AC  0|TAMS 0x000000008c000000, 0x000000008c000000|
| 113|0x000000008c100000, 0x000000008c100000, 0x000000008c200000|  0%| F|  |TS  0|AC  0|TAMS 0x000000008c100000, 0x000000008c100000|
| 114|0x000000008c200000, 0x000000008c200000, 0x000000008c300000|  0%| F|  |TS  0|AC  0|TAMS 0x000000008c200000, 0x000000008c200000|
| 115|0x000000008c300000, 0x000000008c300000, 0x000000008c400000|  0%| F|  |TS  0|AC  0|TAMS 0x000000008c300000, 0x000000008c300000|
| 116|0x000000008c400000, 0x000000008c400000, 0x000000008c500000|  0%| F|  |TS  0|AC  0|TAMS 0x000000008c400000, 0x000000008c400000|
| 117|0x000000008c500000, 0x000000008c5f84c8, 0x000000008c600000| 96%| E|  |TS  0|AC  0|TAMS 0x000000008c500000, 0x000000008c500000|
| 118|0x000000008c600000, 0x000000008c700000, 0x000000008c700000|100%| E|CS|TS  0|AC  0|TAMS 0x000000008c600000, 0x000000008c600000|
| 119|0x000000008c700000, 0x000000008c800000, 0x000000008c800000|100%| E|CS|TS  0|AC  0|TAMS 0x000000008c700000, 0x000000008c700000|
| 120|0x000000008c800000, 0x000000008c900000, 0x000000008c900000|100%| E|CS|TS  0|AC  0|TAMS 0x000000008c800000, 0x000000008c800000|
| 121|0x000000008c900000, 0x000000008ca00000, 0x000000008ca00000|100%| E|CS|TS  0|AC  0|TAMS 0x000000008c900000, 0x000000008c900000|
| 122|0x000000008ca00000, 0x000000008cb00000, 0x000000008cb00000|100%| E|CS|TS  0|AC  0|TAMS 0x000000008ca00000, 0x000000008ca00000|
| 123|0x000000008cb00000, 0x000000008cc00000, 0x000000008cc00000|100%| E|CS|TS  0|AC  0|TAMS 0x000000008cb00000, 0x000000008cb00000|

Card table byte_map: [0x00007f75c1393000,0x00007f75c176b000] byte_map_base: 0x00007f75c0f6b000

Marking Bits (Prev, Next): (CMBitMap*) 0x00007f75dc06b030, (CMBitMap*) 0x00007f75dc06b068
 Prev Bits: [0x00007f757a140000, 0x00007f757c000000)
 Next Bits: [0x00007f7578280000, 0x00007f757a140000)

Polling page: 0x00007f75e596e000

CodeHeap 'non-profiled nmethods': size=120032Kb used=142Kb max_used=142Kb free=119889Kb
 bounds [0x00007f75c960b000, 0x00007f75c987b000, 0x00007f75d0b43000]
CodeHeap 'profiled nmethods': size=120028Kb used=826Kb max_used=826Kb free=119201Kb
 bounds [0x00007f75c20d4000, 0x00007f75c2344000, 0x00007f75c960b000]
CodeHeap 'non-nmethods': size=5700Kb used=1211Kb max_used=1222Kb free=4488Kb
 bounds [0x00007f75c1b43000, 0x00007f75c1db3000, 0x00007f75c20d4000]
 total_blobs=1032 nmethods=524 adapters=302
 compilation: enabled

Compilation events (10 events):
Event: 0,413 Thread 0x00007f75dc177800  514       1       java.lang.invoke.MethodTypeForm::basicType (5 bytes)
Event: 0,413 Thread 0x00007f75dc177800 nmethod 514 0x00007f75c962e490 code [0x00007f75c962e640, 0x00007f75c962e750]
Event: 0,413 Thread 0x00007f75dc177800  521       3       java.lang.invoke.LambdaForm::parameterType (9 bytes)
Event: 0,414 Thread 0x00007f75dc177800 nmethod 521 0x00007f75c21a1910 code [0x00007f75c21a1ac0, 0x00007f75c21a1c68]
Event: 0,414 Thread 0x00007f75dc177800  522       3       sun.invoke.util.Wrapper::forBasicType (16 bytes)
Event: 0,414 Thread 0x00007f75dc177800 nmethod 522 0x00007f75c21a1d90 code [0x00007f75c21a1f40, 0x00007f75c21a21a8]
Event: 0,415 Thread 0x00007f75dc177800  523       3       java.nio.charset.CoderResult::isUnderflow (13 bytes)
Event: 0,416 Thread 0x00007f75dc177800 nmethod 523 0x00007f75c21a2290 code [0x00007f75c21a2440, 0x00007f75c21a25f0]
Event: 0,416 Thread 0x00007f75dc177800  524       3       java.net.URL::<init> (8 bytes)
Event: 0,416 Thread 0x00007f75dc177800 nmethod 524 0x00007f75c21a2690 code [0x00007f75c21a2840, 0x00007f75c21a29c8]

GC Heap History (0 events):
No events

Deoptimization events (1 events):
Event: 0,280 Thread 0x00007f75dc013000 Uncommon trap: reason=unstable_if action=reinterpret pc=0x00007f75c960df94 method=java.lang.String.charAt(I)C @ 4 c2

Classes redefined (0 events):
No events

Internal exceptions (9 events):
Event: 0,307 Thread 0x00007f75dc013000 Exception <a 'java/lang/NoSuchMethodError'{0x000000008c7e5480}: java.lang.invoke.DirectMethodHandle$Holder.invokeStatic(Ljava/lang/Object;Ljava/lang/Object;)I> (0x000000008c7e5480) thrown at [/scratch/opt/mach5/mesos/work_dir/slaves/5af44a71-976a-41b7-81d
Event: 0,310 Thread 0x00007f75dc013000 Exception <a 'java/lang/NoSuchMethodError'{0x000000008c7f3598}: method resolution failed> (0x000000008c7f3598) thrown at [/scratch/opt/mach5/mesos/work_dir/slaves/5af44a71-976a-41b7-81de-5773b84ec572-S39643/frameworks/1735e8a2-a1db-478c-8104-60c8b0af87dd-
Event: 0,311 Thread 0x00007f75dc013000 Exception <a 'java/lang/NoSuchMethodError'{0x000000008c7f7700}: method resolution failed> (0x000000008c7f7700) thrown at [/scratch/opt/mach5/mesos/work_dir/slaves/5af44a71-976a-41b7-81de-5773b84ec572-S39643/frameworks/1735e8a2-a1db-478c-8104-60c8b0af87dd-
Event: 0,311 Thread 0x00007f75dc013000 Exception <a 'java/lang/NoSuchMethodError'{0x000000008c7fac00}: java.lang.invoke.DelegatingMethodHandle$Holder.delegate(Ljava/lang/Object;Ljava/lang/Object;ILjava/lang/Object;)V> (0x000000008c7fac00) thrown at [/scratch/opt/mach5/mesos/work_dir/slaves/5af
Event: 0,312 Thread 0x00007f75dc013000 Exception <a 'java/lang/NoSuchMethodError'{0x000000008c7fe908}: java.lang.invoke.DirectMethodHandle$Holder.invokeSpecial(Ljava/lang/Object;Ljava/lang/Object;Ljava/lang/Object;)I> (0x000000008c7fe908) thrown at [/scratch/opt/mach5/mesos/work_dir/slaves/5af
Event: 0,313 Thread 0x00007f75dc013000 Exception <a 'java/lang/NoSuchMethodError'{0x000000008c606358}: java.lang.invoke.DirectMethodHandle$Holder.invokeStaticInit(Ljava/lang/Object;Ljava/lang/Object;Ljava/lang/Object;)Ljava/lang/Object;> (0x000000008c606358) thrown at [/scratch/opt/mach5/mesos
Event: 0,326 Thread 0x00007f75dc013000 Exception <a 'java/lang/NoSuchMethodError'{0x000000008c650c40}: java.lang.Object.lambda$static$0(Ljava/lang/String;)Ljava/lang/Boolean;> (0x000000008c650c40) thrown at [/scratch/opt/mach5/mesos/work_dir/slaves/5af44a71-976a-41b7-81de-5773b84ec572-S39643/f
Event: 0,328 Thread 0x00007f75dc013000 Exception <a 'java/lang/NoSuchMethodError'{0x000000008c65ab30}: java.lang.Object.lambda$union$2(Ljava/util/regex/Pattern$CharPredicate;I)Z> (0x000000008c65ab30) thrown at [/scratch/opt/mach5/mesos/work_dir/slaves/5af44a71-976a-41b7-81de-5773b84ec572-S3964
Event: 0,401 Thread 0x00007f75dc013000 Exception <a 'sun/nio/fs/UnixException'{0x000000008c50bdf0}> (0x000000008c50bdf0) thrown at [/scratch/opt/mach5/mesos/work_dir/slaves/5af44a71-976a-41b7-81de-5773b84ec572-S39643/frameworks/1735e8a2-a1db-478c-8104-60c8b0af87dd-0196/executors/a3f74ad9-294f-

Events (10 events):
Event: 0,415 loading class org/lwjgl/system/MathUtil
Event: 0,415 loading class org/lwjgl/system/MathUtil done
Event: 0,416 loading class org/lwjgl/system/linux/DynamicLinkLoader
Event: 0,416 loading class org/lwjgl/system/linux/DynamicLinkLoader done
Event: 0,426 loading class org/lwjgl/opengl/GL$2
Event: 0,426 loading class org/lwjgl/opengl/GL$2 done
Event: 0,427 loading class org/lwjgl/opengl/GL$SharedLibraryGL
Event: 0,427 loading class org/lwjgl/opengl/GL$SharedLibraryGL done
Event: 0,427 loading class org/lwjgl/system/SharedLibrary$Delegate
Event: 0,427 loading class org/lwjgl/system/SharedLibrary$Delegate done


Dynamic libraries:
00400000-00401000 r-xp 00000000 08:01 3807052                            /usr/lib/jvm/java-9-oracle/bin/java
00600000-00601000 rw-p 00000000 08:01 3807052                            /usr/lib/jvm/java-9-oracle/bin/java
00884000-008a5000 rw-p 00000000 00:00 0                                  [heap]
85000000-8cc00000 rw-p 00000000 00:00 0 
8cc00000-100000000 ---p 00000000 00:00 0 
100000000-1000e0000 rw-p 00000000 00:00 0 
1000e0000-140000000 ---p 00000000 00:00 0 
7f7534000000-7f7534021000 rw-p 00000000 00:00 0 
7f7534021000-7f7538000000 ---p 00000000 00:00 0 
7f7539489000-7f7539688000 rw-p 00000000 00:00 0 
7f7539688000-7f753968d000 r-xp 00000000 08:01 3415809                    /usr/lib/x86_64-linux-gnu/libXdmcp.so.6.0.0
7f753968d000-7f753988c000 ---p 00005000 08:01 3415809                    /usr/lib/x86_64-linux-gnu/libXdmcp.so.6.0.0
7f753988c000-7f753988d000 r--p 00004000 08:01 3415809                    /usr/lib/x86_64-linux-gnu/libXdmcp.so.6.0.0
7f753988d000-7f753988e000 rw-p 00005000 08:01 3415809                    /usr/lib/x86_64-linux-gnu/libXdmcp.so.6.0.0
7f753988e000-7f7539890000 r-xp 00000000 08:01 3415798                    /usr/lib/x86_64-linux-gnu/libXau.so.6.0.0
7f7539890000-7f7539a90000 ---p 00002000 08:01 3415798                    /usr/lib/x86_64-linux-gnu/libXau.so.6.0.0
7f7539a90000-7f7539a91000 r--p 00002000 08:01 3415798                    /usr/lib/x86_64-linux-gnu/libXau.so.6.0.0
7f7539a91000-7f7539a92000 rw-p 00003000 08:01 3415798                    /usr/lib/x86_64-linux-gnu/libXau.so.6.0.0
7f7539a92000-7f7539ab3000 r-xp 00000000 08:01 3417216                    /usr/lib/x86_64-linux-gnu/libxcb.so.1.1.0
7f7539ab3000-7f7539cb2000 ---p 00021000 08:01 3417216                    /usr/lib/x86_64-linux-gnu/libxcb.so.1.1.0
7f7539cb2000-7f7539cb3000 r--p 00020000 08:01 3417216                    /usr/lib/x86_64-linux-gnu/libxcb.so.1.1.0
7f7539cb3000-7f7539cb4000 rw-p 00021000 08:01 3417216                    /usr/lib/x86_64-linux-gnu/libxcb.so.1.1.0
7f7539cb4000-7f7539cc5000 r-xp 00000000 08:01 3415811                    /usr/lib/x86_64-linux-gnu/libXext.so.6.4.0
7f7539cc5000-7f7539ec4000 ---p 00011000 08:01 3415811                    /usr/lib/x86_64-linux-gnu/libXext.so.6.4.0
7f7539ec4000-7f7539ec5000 r--p 00010000 08:01 3415811                    /usr/lib/x86_64-linux-gnu/libXext.so.6.4.0
7f7539ec5000-7f7539ec6000 rw-p 00011000 08:01 3415811                    /usr/lib/x86_64-linux-gnu/libXext.so.6.4.0
7f7539ec6000-7f7539ffb000 r-xp 00000000 08:01 3415794                    /usr/lib/x86_64-linux-gnu/libX11.so.6.3.0
7f7539ffb000-7f753a1fb000 ---p 00135000 08:01 3415794                    /usr/lib/x86_64-linux-gnu/libX11.so.6.3.0
7f753a1fb000-7f753a1fc000 r--p 00135000 08:01 3415794                    /usr/lib/x86_64-linux-gnu/libX11.so.6.3.0
7f753a1fc000-7f753a200000 rw-p 00136000 08:01 3415794                    /usr/lib/x86_64-linux-gnu/libX11.so.6.3.0
7f753a200000-7f753b61e000 r-xp 00000000 08:01 3411185                    /usr/lib/nvidia-390/libnvidia-glcore.so.390.48
7f753b61e000-7f753b63f000 rwxp 0141e000 08:01 3411185                    /usr/lib/nvidia-390/libnvidia-glcore.so.390.48
7f753b63f000-7f753ba74000 r-xp 0143f000 08:01 3411185                    /usr/lib/nvidia-390/libnvidia-glcore.so.390.48
7f753ba74000-7f753bc74000 ---p 01874000 08:01 3411185                    /usr/lib/nvidia-390/libnvidia-glcore.so.390.48
7f753bc74000-7f753bfe7000 rw-p 01874000 08:01 3411185                    /usr/lib/nvidia-390/libnvidia-glcore.so.390.48
7f753bfe7000-7f753c000000 rw-p 00000000 00:00 0 
7f753c000000-7f753c021000 rw-p 00000000 00:00 0 
7f753c021000-7f7540000000 ---p 00000000 00:00 0 
7f7540000000-7f7540021000 rw-p 00000000 00:00 0 
7f7540021000-7f7544000000 ---p 00000000 00:00 0 
7f7544000000-7f75441bf000 rw-p 00000000 00:00 0 
7f75441bf000-7f7548000000 ---p 00000000 00:00 0 
7f7548000000-7f7548021000 rw-p 00000000 00:00 0 
7f7548021000-7f754c000000 ---p 00000000 00:00 0 
7f754c000000-7f754c034000 rw-p 00000000 00:00 0 
7f754c034000-7f7550000000 ---p 00000000 00:00 0 
7f7550000000-7f755008b000 rw-p 00000000 00:00 0 
7f755008b000-7f7554000000 ---p 00000000 00:00 0 
7f7554000000-7f7554021000 rw-p 00000000 00:00 0 
7f7554021000-7f7558000000 ---p 00000000 00:00 0 
7f7558000000-7f7558137000 rw-p 00000000 00:00 0 
7f7558137000-7f755c000000 ---p 00000000 00:00 0 
7f755c000000-7f755c021000 rw-p 00000000 00:00 0 
7f755c021000-7f7560000000 ---p 00000000 00:00 0 
7f7560000000-7f7560021000 rw-p 00000000 00:00 0 
7f7560021000-7f7564000000 ---p 00000000 00:00 0 
7f7564000000-7f7564021000 rw-p 00000000 00:00 0 
7f7564021000-7f7568000000 ---p 00000000 00:00 0 
7f756817d000-7f7568180000 r-xp 00000000 08:01 3411189                    /usr/lib/nvidia-390/tls/libnvidia-tls.so.390.48
7f7568180000-7f7568380000 ---p 00003000 08:01 3411189                    /usr/lib/nvidia-390/tls/libnvidia-tls.so.390.48
7f7568380000-7f7568381000 rw-p 00003000 08:01 3411189                    /usr/lib/nvidia-390/tls/libnvidia-tls.so.390.48
7f7568381000-7f756844a000 r-xp 00000000 08:01 3411194                    /usr/lib/nvidia-390/libGL.so.390.48
7f756844a000-7f756847e000 rwxp 000c9000 08:01 3411194                    /usr/lib/nvidia-390/libGL.so.390.48
7f756847e000-7f7568492000 r-xp 000fd000 08:01 3411194                    /usr/lib/nvidia-390/libGL.so.390.48
7f7568492000-7f7568692000 ---p 00111000 08:01 3411194                    /usr/lib/nvidia-390/libGL.so.390.48
7f7568692000-7f75686b7000 rw-p 00111000 08:01 3411194                    /usr/lib/nvidia-390/libGL.so.390.48
7f75686b7000-7f75686be000 rw-p 00000000 00:00 0 
7f75686be000-7f7568729000 r-xp 00000000 08:01 23724423                   /tmp/lwjgloliver/3.1.5-build-1/liblwjgl_opengl.so
7f7568729000-7f7568928000 ---p 0006b000 08:01 23724423                   /tmp/lwjgloliver/3.1.5-build-1/liblwjgl_opengl.so
7f7568928000-7f7568929000 r--p 0006a000 08:01 23724423                   /tmp/lwjgloliver/3.1.5-build-1/liblwjgl_opengl.so
7f7568929000-7f756892a000 rw-p 0006b000 08:01 23724423                   /tmp/lwjgloliver/3.1.5-build-1/liblwjgl_opengl.so
7f756892a000-7f756897d000 r-xp 00000000 08:01 23724420                   /tmp/lwjgloliver/3.1.5-build-1/liblwjgl.so
7f756897d000-7f7568b7c000 ---p 00053000 08:01 23724420                   /tmp/lwjgloliver/3.1.5-build-1/liblwjgl.so
7f7568b7c000-7f7568b7d000 r--p 00052000 08:01 23724420                   /tmp/lwjgloliver/3.1.5-build-1/liblwjgl.so
7f7568b7d000-7f7568b7e000 rw-p 00053000 08:01 23724420                   /tmp/lwjgloliver/3.1.5-build-1/liblwjgl.so
7f7568b7e000-7f7568b7f000 ---p 00000000 00:00 0 
7f7568b7f000-7f7568c7f000 rw-p 00000000 00:00 0 
7f7568c7f000-7f7568c83000 ---p 00000000 00:00 0 
7f7568c83000-7f7568d80000 rw-p 00000000 00:00 0 
7f7568d80000-7f7568d84000 ---p 00000000 00:00 0 
7f7568d84000-7f7568e81000 rw-p 00000000 00:00 0 
7f7568e81000-7f7568e97000 r-xp 00000000 08:01 5641750                    /usr/lib/jvm/java-9-oracle/lib/libnet.so
7f7568e97000-7f7569097000 ---p 00016000 08:01 5641750                    /usr/lib/jvm/java-9-oracle/lib/libnet.so
7f7569097000-7f7569098000 rw-p 00016000 08:01 5641750                    /usr/lib/jvm/java-9-oracle/lib/libnet.so
7f7569098000-7f75690a8000 r-xp 00000000 08:01 5641814                    /usr/lib/jvm/java-9-oracle/lib/libnio.so
7f75690a8000-7f75692a8000 ---p 00010000 08:01 5641814                    /usr/lib/jvm/java-9-oracle/lib/libnio.so
7f75692a8000-7f75692a9000 rw-p 00010000 08:01 5641814                    /usr/lib/jvm/java-9-oracle/lib/libnio.so
7f75692a9000-7f75692ad000 ---p 00000000 00:00 0 
7f75692ad000-7f75693aa000 rw-p 00000000 00:00 0 
7f75693aa000-7f7569800000 r--p 00000000 08:01 3409364                    /usr/lib/locale/locale-archive
7f7569800000-7f7569fc0000 rw-p 00000000 00:00 0 
7f7569fc0000-7f756a000000 ---p 00000000 00:00 0 
7f756a000000-7f756c000000 rwxp 00000000 00:00 0 
7f756c000000-7f756c021000 rw-p 00000000 00:00 0 
7f756c021000-7f7570000000 ---p 00000000 00:00 0 
7f7570000000-7f7570021000 rw-p 00000000 00:00 0 
7f7570021000-7f7574000000 ---p 00000000 00:00 0 
7f7574000000-7f7574021000 rw-p 00000000 00:00 0 
7f7574021000-7f7578000000 ---p 00000000 00:00 0 
7f757807e000-7f7578082000 ---p 00000000 00:00 0 
7f7578082000-7f757817f000 rw-p 00000000 00:00 0 
7f757817f000-7f7578183000 ---p 00000000 00:00 0 
7f7578183000-7f7578470000 rw-p 00000000 00:00 0 
7f7578470000-7f757a140000 ---p 00000000 00:00 0 
7f757a140000-7f757a330000 rw-p 00000000 00:00 0 
7f757a330000-7f757c000000 ---p 00000000 00:00 0 
7f757c000000-7f757c021000 rw-p 00000000 00:00 0 
7f757c021000-7f7580000000 ---p 00000000 00:00 0 
7f7580000000-7f7580021000 rw-p 00000000 00:00 0 
7f7580021000-7f7584000000 ---p 00000000 00:00 0 
7f7584000000-7f7584021000 rw-p 00000000 00:00 0 
7f7584021000-7f7588000000 ---p 00000000 00:00 0 
7f7588000000-7f7588021000 rw-p 00000000 00:00 0 
7f7588021000-7f758c000000 ---p 00000000 00:00 0 
7f758c000000-7f758c021000 rw-p 00000000 00:00 0 
7f758c021000-7f7590000000 ---p 00000000 00:00 0 
7f7590000000-7f7590021000 rw-p 00000000 00:00 0 
7f7590021000-7f7594000000 ---p 00000000 00:00 0 
7f7594000000-7f7594021000 rw-p 00000000 00:00 0 
7f7594021000-7f7598000000 ---p 00000000 00:00 0 
7f7598000000-7f7598021000 rw-p 00000000 00:00 0 
7f7598021000-7f759c000000 ---p 00000000 00:00 0 
7f759c000000-7f759c021000 rw-p 00000000 00:00 0 
7f759c021000-7f75a0000000 ---p 00000000 00:00 0 
7f75a0000000-7f75a0021000 rw-p 00000000 00:00 0 
7f75a0021000-7f75a4000000 ---p 00000000 00:00 0 
7f75a4000000-7f75a4021000 rw-p 00000000 00:00 0 
7f75a4021000-7f75a8000000 ---p 00000000 00:00 0 
7f75a8000000-7f75a8021000 rw-p 00000000 00:00 0 
7f75a8021000-7f75ac000000 ---p 00000000 00:00 0 
7f75ac000000-7f75ac021000 rw-p 00000000 00:00 0 
7f75ac021000-7f75b0000000 ---p 00000000 00:00 0 
7f75b0000000-7f75b0021000 rw-p 00000000 00:00 0 
7f75b0021000-7f75b4000000 ---p 00000000 00:00 0 
7f75b4000000-7f75b4021000 rw-p 00000000 00:00 0 
7f75b4021000-7f75b8000000 ---p 00000000 00:00 0 
7f75b8000000-7f75b8021000 rw-p 00000000 00:00 0 
7f75b8021000-7f75bc000000 ---p 00000000 00:00 0 
7f75bc000000-7f75bc021000 rw-p 00000000 00:00 0 
7f75bc021000-7f75c0000000 ---p 00000000 00:00 0 
7f75c00ab000-7f75c00dc000 rw-p 00000000 00:00 0 
7f75c00dc000-7f75c00e0000 ---p 00000000 00:00 0 
7f75c00e0000-7f75c01dd000 rw-p 00000000 00:00 0 
7f75c01dd000-7f75c01e1000 ---p 00000000 00:00 0 
7f75c01e1000-7f75c02de000 rw-p 00000000 00:00 0 
7f75c02de000-7f75c02e2000 ---p 00000000 00:00 0 
7f75c02e2000-7f75c03df000 rw-p 00000000 00:00 0 
7f75c03df000-7f75c03e3000 ---p 00000000 00:00 0 
7f75c03e3000-7f75c04e0000 rw-p 00000000 00:00 0 
7f75c04e0000-7f75c04e4000 ---p 00000000 00:00 0 
7f75c04e4000-7f75c05e1000 rw-p 00000000 00:00 0 
7f75c05e1000-7f75c05e2000 ---p 00000000 00:00 0 
7f75c05e2000-7f75c0ff9000 rw-p 00000000 00:00 0 
7f75c0ff9000-7f75c1393000 ---p 00000000 00:00 0 
7f75c1393000-7f75c13d1000 rw-p 00000000 00:00 0 
7f75c13d1000-7f75c1b43000 ---p 00000000 00:00 0 
7f75c1b43000-7f75c1db3000 rwxp 00000000 00:00 0 
7f75c1db3000-7f75c20d4000 ---p 00000000 00:00 0 
7f75c20d4000-7f75c2344000 rwxp 00000000 00:00 0 
7f75c2344000-7f75c960b000 ---p 00000000 00:00 0 
7f75c960b000-7f75c987b000 rwxp 00000000 00:00 0 
7f75c987b000-7f75d0b43000 ---p 00000000 00:00 0 
7f75d0b43000-7f75dc000000 r--s 00000000 08:01 5641785                    /usr/lib/jvm/java-9-oracle/lib/modules
7f75dc000000-7f75dc6e8000 rw-p 00000000 00:00 0 
7f75dc6e8000-7f75e0000000 ---p 00000000 00:00 0 
7f75e0000000-7f75e0028000 rw-p 00000000 00:00 0 
7f75e0028000-7f75e0029000 ---p 00000000 00:00 0 
7f75e0029000-7f75e0129000 rw-p 00000000 00:00 0 
7f75e0129000-7f75e012a000 ---p 00000000 00:00 0 
7f75e012a000-7f75e022a000 rw-p 00000000 00:00 0 
7f75e022a000-7f75e022b000 ---p 00000000 00:00 0 
7f75e022b000-7f75e0369000 rw-p 00000000 00:00 0 
7f75e0369000-7f75e0703000 ---p 00000000 00:00 0 
7f75e0703000-7f75e0704000 ---p 00000000 00:00 0 
7f75e0704000-7f75e0804000 rw-p 00000000 00:00 0 
7f75e0804000-7f75e0805000 ---p 00000000 00:00 0 
7f75e0805000-7f75e0905000 rw-p 00000000 00:00 0 
7f75e0905000-7f75e0906000 ---p 00000000 00:00 0 
7f75e0906000-7f75e0a06000 rw-p 00000000 00:00 0 
7f75e0a06000-7f75e0a07000 ---p 00000000 00:00 0 
7f75e0a07000-7f75e0b07000 rw-p 00000000 00:00 0 
7f75e0b07000-7f75e0b08000 ---p 00000000 00:00 0 
7f75e0b08000-7f75e0c08000 rw-p 00000000 00:00 0 
7f75e0c08000-7f75e0c09000 ---p 00000000 00:00 0 
7f75e0c09000-7f75e0d09000 rw-p 00000000 00:00 0 
7f75e0d09000-7f75e0d0a000 ---p 00000000 00:00 0 
7f75e0d0a000-7f75e0e0a000 rw-p 00000000 00:00 0 
7f75e0e0a000-7f75e0e0b000 ---p 00000000 00:00 0 
7f75e0e0b000-7f75e0f0b000 rw-p 00000000 00:00 0 
7f75e0f0b000-7f75e0f0c000 ---p 00000000 00:00 0 
7f75e0f0c000-7f75e1814000 rw-p 00000000 00:00 0 
7f75e1814000-7f75e1815000 ---p 00000000 00:00 0 
7f75e1815000-7f75e1915000 rw-p 00000000 00:00 0 
7f75e1915000-7f75e1916000 ---p 00000000 00:00 0 
7f75e1916000-7f75e1a16000 rw-p 00000000 00:00 0 
7f75e1a16000-7f75e1a17000 ---p 00000000 00:00 0 
7f75e1a17000-7f75e1b17000 rw-p 00000000 00:00 0 
7f75e1b17000-7f75e1b18000 ---p 00000000 00:00 0 
7f75e1b18000-7f75e1c18000 rw-p 00000000 00:00 0 
7f75e1c18000-7f75e1c19000 ---p 00000000 00:00 0 
7f75e1c19000-7f75e1d19000 rw-p 00000000 00:00 0 
7f75e1d19000-7f75e1d1a000 ---p 00000000 00:00 0 
7f75e1d1a000-7f75e1e1a000 rw-p 00000000 00:00 0 
7f75e1e1a000-7f75e1e1b000 ---p 00000000 00:00 0 
7f75e1e1b000-7f75e1f1b000 rw-p 00000000 00:00 0 
7f75e1f1b000-7f75e1f1c000 ---p 00000000 00:00 0 
7f75e1f1c000-7f75e2021000 rw-p 00000000 00:00 0 
7f75e2021000-7f75e2107000 ---p 00000000 00:00 0 
7f75e2107000-7f75e210c000 rw-p 00000000 00:00 0 
7f75e210c000-7f75e21f2000 ---p 00000000 00:00 0 
7f75e21f2000-7f75e220c000 r-xp 00000000 08:01 5641707                    /usr/lib/jvm/java-9-oracle/lib/libjimage.so
7f75e220c000-7f75e240b000 ---p 0001a000 08:01 5641707                    /usr/lib/jvm/java-9-oracle/lib/libjimage.so
7f75e240b000-7f75e240d000 rw-p 00019000 08:01 5641707                    /usr/lib/jvm/java-9-oracle/lib/libjimage.so
7f75e240d000-7f75e241f000 rw-p 00000000 00:00 0 
7f75e241f000-7f75e2426000 r-xp 00000000 08:01 5641822                    /usr/lib/jvm/java-9-oracle/lib/libzip.so
7f75e2426000-7f75e2625000 ---p 00007000 08:01 5641822                    /usr/lib/jvm/java-9-oracle/lib/libzip.so
7f75e2625000-7f75e2626000 rw-p 00006000 08:01 5641822                    /usr/lib/jvm/java-9-oracle/lib/libzip.so
7f75e2626000-7f75e2631000 r-xp 00000000 08:01 24642406                   /lib/x86_64-linux-gnu/libnss_files-2.23.so
7f75e2631000-7f75e2830000 ---p 0000b000 08:01 24642406                   /lib/x86_64-linux-gnu/libnss_files-2.23.so
7f75e2830000-7f75e2831000 r--p 0000a000 08:01 24642406                   /lib/x86_64-linux-gnu/libnss_files-2.23.so
7f75e2831000-7f75e2832000 rw-p 0000b000 08:01 24642406                   /lib/x86_64-linux-gnu/libnss_files-2.23.so
7f75e2832000-7f75e2838000 rw-p 00000000 00:00 0 
7f75e2838000-7f75e2843000 r-xp 00000000 08:01 24642410                   /lib/x86_64-linux-gnu/libnss_nis-2.23.so
7f75e2843000-7f75e2a42000 ---p 0000b000 08:01 24642410                   /lib/x86_64-linux-gnu/libnss_nis-2.23.so
7f75e2a42000-7f75e2a43000 r--p 0000a000 08:01 24642410                   /lib/x86_64-linux-gnu/libnss_nis-2.23.so
7f75e2a43000-7f75e2a44000 rw-p 0000b000 08:01 24642410                   /lib/x86_64-linux-gnu/libnss_nis-2.23.so
7f75e2a44000-7f75e2a5a000 r-xp 00000000 08:01 24642390                   /lib/x86_64-linux-gnu/libnsl-2.23.so
7f75e2a5a000-7f75e2c59000 ---p 00016000 08:01 24642390                   /lib/x86_64-linux-gnu/libnsl-2.23.so
7f75e2c59000-7f75e2c5a000 r--p 00015000 08:01 24642390                   /lib/x86_64-linux-gnu/libnsl-2.23.so
7f75e2c5a000-7f75e2c5b000 rw-p 00016000 08:01 24642390                   /lib/x86_64-linux-gnu/libnsl-2.23.so
7f75e2c5b000-7f75e2c5d000 rw-p 00000000 00:00 0 
7f75e2c5d000-7f75e2c65000 r-xp 00000000 08:01 24642401                   /lib/x86_64-linux-gnu/libnss_compat-2.23.so
7f75e2c65000-7f75e2e64000 ---p 00008000 08:01 24642401                   /lib/x86_64-linux-gnu/libnss_compat-2.23.so
7f75e2e64000-7f75e2e65000 r--p 00007000 08:01 24642401                   /lib/x86_64-linux-gnu/libnss_compat-2.23.so
7f75e2e65000-7f75e2e66000 rw-p 00008000 08:01 24642401                   /lib/x86_64-linux-gnu/libnss_compat-2.23.so
7f75e2e66000-7f75e2e91000 r-xp 00000000 08:01 5641743                    /usr/lib/jvm/java-9-oracle/lib/libjava.so
7f75e2e91000-7f75e3090000 ---p 0002b000 08:01 5641743                    /usr/lib/jvm/java-9-oracle/lib/libjava.so
7f75e3090000-7f75e3092000 rw-p 0002a000 08:01 5641743                    /usr/lib/jvm/java-9-oracle/lib/libjava.so
7f75e3092000-7f75e309f000 r-xp 00000000 08:01 5641768                    /usr/lib/jvm/java-9-oracle/lib/libverify.so
7f75e309f000-7f75e329e000 ---p 0000d000 08:01 5641768                    /usr/lib/jvm/java-9-oracle/lib/libverify.so
7f75e329e000-7f75e32a0000 rw-p 0000c000 08:01 5641768                    /usr/lib/jvm/java-9-oracle/lib/libverify.so
7f75e32a0000-7f75e32a7000 r-xp 00000000 08:01 24642411                   /lib/x86_64-linux-gnu/librt-2.23.so
7f75e32a7000-7f75e34a6000 ---p 00007000 08:01 24642411                   /lib/x86_64-linux-gnu/librt-2.23.so
7f75e34a6000-7f75e34a7000 r--p 00006000 08:01 24642411                   /lib/x86_64-linux-gnu/librt-2.23.so
7f75e34a7000-7f75e34a8000 rw-p 00007000 08:01 24642411                   /lib/x86_64-linux-gnu/librt-2.23.so
7f75e34a8000-7f75e35b0000 r-xp 00000000 08:01 24642389                   /lib/x86_64-linux-gnu/libm-2.23.so
7f75e35b0000-7f75e37af000 ---p 00108000 08:01 24642389                   /lib/x86_64-linux-gnu/libm-2.23.so
7f75e37af000-7f75e37b0000 r--p 00107000 08:01 24642389                   /lib/x86_64-linux-gnu/libm-2.23.so
7f75e37b0000-7f75e37b1000 rw-p 00108000 08:01 24642389                   /lib/x86_64-linux-gnu/libm-2.23.so
7f75e37b1000-7f75e47c6000 r-xp 00000000 08:01 6951024                    /usr/lib/jvm/java-9-oracle/lib/server/libjvm.so
7f75e47c6000-7f75e49c5000 ---p 01015000 08:01 6951024                    /usr/lib/jvm/java-9-oracle/lib/server/libjvm.so
7f75e49c5000-7f75e4a96000 r--p 01014000 08:01 6951024                    /usr/lib/jvm/java-9-oracle/lib/server/libjvm.so
7f75e4a96000-7f75e4acd000 rw-p 010e5000 08:01 6951024                    /usr/lib/jvm/java-9-oracle/lib/server/libjvm.so
7f75e4acd000-7f75e4b36000 rw-p 00000000 00:00 0 
7f75e4b36000-7f75e4cf6000 r-xp 00000000 08:01 24642393                   /lib/x86_64-linux-gnu/libc-2.23.so
7f75e4cf6000-7f75e4ef6000 ---p 001c0000 08:01 24642393                   /lib/x86_64-linux-gnu/libc-2.23.so
7f75e4ef6000-7f75e4efa000 r--p 001c0000 08:01 24642393                   /lib/x86_64-linux-gnu/libc-2.23.so
7f75e4efa000-7f75e4efc000 rw-p 001c4000 08:01 24642393                   /lib/x86_64-linux-gnu/libc-2.23.so
7f75e4efc000-7f75e4f00000 rw-p 00000000 00:00 0 
7f75e4f00000-7f75e4f03000 r-xp 00000000 08:01 24642395                   /lib/x86_64-linux-gnu/libdl-2.23.so
7f75e4f03000-7f75e5102000 ---p 00003000 08:01 24642395                   /lib/x86_64-linux-gnu/libdl-2.23.so
7f75e5102000-7f75e5103000 r--p 00002000 08:01 24642395                   /lib/x86_64-linux-gnu/libdl-2.23.so
7f75e5103000-7f75e5104000 rw-p 00003000 08:01 24642395                   /lib/x86_64-linux-gnu/libdl-2.23.so
7f75e5104000-7f75e5112000 r-xp 00000000 08:01 6951026                    /usr/lib/jvm/java-9-oracle/lib/jli/libjli.so
7f75e5112000-7f75e5312000 ---p 0000e000 08:01 6951026                    /usr/lib/jvm/java-9-oracle/lib/jli/libjli.so
7f75e5312000-7f75e5313000 rw-p 0000e000 08:01 6951026                    /usr/lib/jvm/java-9-oracle/lib/jli/libjli.so
7f75e5313000-7f75e532b000 r-xp 00000000 08:01 24642392                   /lib/x86_64-linux-gnu/libpthread-2.23.so
7f75e532b000-7f75e552a000 ---p 00018000 08:01 24642392                   /lib/x86_64-linux-gnu/libpthread-2.23.so
7f75e552a000-7f75e552b000 r--p 00017000 08:01 24642392                   /lib/x86_64-linux-gnu/libpthread-2.23.so
7f75e552b000-7f75e552c000 rw-p 00018000 08:01 24642392                   /lib/x86_64-linux-gnu/libpthread-2.23.so
7f75e552c000-7f75e5530000 rw-p 00000000 00:00 0 
7f75e5530000-7f75e5549000 r-xp 00000000 08:01 24646264                   /lib/x86_64-linux-gnu/libz.so.1.2.8
7f75e5549000-7f75e5748000 ---p 00019000 08:01 24646264                   /lib/x86_64-linux-gnu/libz.so.1.2.8
7f75e5748000-7f75e5749000 r--p 00018000 08:01 24646264                   /lib/x86_64-linux-gnu/libz.so.1.2.8
7f75e5749000-7f75e574a000 rw-p 00019000 08:01 24646264                   /lib/x86_64-linux-gnu/libz.so.1.2.8
7f75e574a000-7f75e5770000 r-xp 00000000 08:01 24642391                   /lib/x86_64-linux-gnu/ld-2.23.so
7f75e5783000-7f75e5840000 rw-p 00000000 00:00 0 
7f75e5840000-7f75e5845000 ---p 00000000 00:00 0 
7f75e5845000-7f75e5946000 rw-p 00000000 00:00 0 
7f75e5958000-7f75e595e000 rw-p 00000000 00:00 0 
7f75e595e000-7f75e5965000 ---p 00000000 00:00 0 
7f75e5965000-7f75e596d000 rw-s 00000000 08:01 23724406                   /tmp/hsperfdata_oliver/19842
7f75e596d000-7f75e596e000 rw-p 00000000 00:00 0 
7f75e596e000-7f75e596f000 r--p 00000000 00:00 0 
7f75e596f000-7f75e5970000 r--p 00025000 08:01 24642391                   /lib/x86_64-linux-gnu/ld-2.23.so
7f75e5970000-7f75e5971000 rw-p 00026000 08:01 24642391                   /lib/x86_64-linux-gnu/ld-2.23.so
7f75e5971000-7f75e5972000 rw-p 00000000 00:00 0 
7ffd52f78000-7ffd52f9a000 rw-p 00000000 00:00 0                          [stack]
7ffd52fad000-7ffd52fb0000 r--p 00000000 00:00 0                          [vvar]
7ffd52fb0000-7ffd52fb2000 r-xp 00000000 00:00 0                          [vdso]
ffffffffff600000-ffffffffff601000 r-xp 00000000 00:00 0                  [vsyscall]

VM Arguments:
jvm_args: -Dorg.lwjgl.util.Debug=true -Djava.library.path=nope -Dfile.encoding=UTF-8 
java_command: base.IkSolver
java_class_path (initial): /home/oliver/git/Master_thesis_java/Masterthesis_IK/target/classes:/home/oliver/git/Master_thesis_java/Masterthesis_IK/libs/Caliko-v1.3.3/jar/caliko-1.3.3.jar:/home/oliver/git/Master_thesis_java/Masterthesis_IK/libs/Caliko-v1.3.3/jar/caliko-demo-1.3.3.jar:/home/oliver/git/Master_thesis_java/Masterthesis_IK/libs/Caliko-v1.3.3/jar/caliko-visualisation-1.3.3.jar:/home/oliver/.m2/repository/org/lwjgl/lwjgl/3.1.5/lwjgl-3.1.5.jar:/home/oliver/.m2/repository/org/lwjgl/lwjgl-assimp/3.1.5/lwjgl-assimp-3.1.5.jar:/home/oliver/.m2/repository/org/lwjgl/lwjgl-bgfx/3.1.5/lwjgl-bgfx-3.1.5.jar:/home/oliver/.m2/repository/org/lwjgl/lwjgl-glfw/3.1.5/lwjgl-glfw-3.1.5.jar:/home/oliver/.m2/repository/org/lwjgl/lwjgl-nanovg/3.1.5/lwjgl-nanovg-3.1.5.jar:/home/oliver/.m2/repository/org/lwjgl/lwjgl-nuklear/3.1.5/lwjgl-nuklear-3.1.5.jar:/home/oliver/.m2/repository/org/lwjgl/lwjgl-openal/3.1.5/lwjgl-openal-3.1.5.jar:/home/oliver/.m2/repository/org/lwjgl/lwjgl-opengl/3.1.5/lwjgl-opengl-3.1.5.jar:/home/oliver/.m2/repository/org/lwjgl/lwjgl-openvr/3.1.5/lwjgl-openvr-3.1.5.jar:/home/oliver/.m2/repository/org/lwjgl/lwjgl-par/3.1.5/lwjgl-par-3.1.5.jar:/home/oliver/.m2/repository/org/lwjgl/lwjgl-stb/3.1.5/lwjgl-stb-3.1.5.jar:/home/oliver/.m2/repository/org/lwjgl/lwjgl-vulkan/3.1.5/lwjgl-vulkan-3.1.5.jar:/home/oliver/.m2/repository/org/lwjgl/lwjgl/3.1.5/lwjgl-3.1.5-natives-linux.jar:/home/oliver/.m2/repository/org/lwjgl/lwjgl-assimp/3.1.5/lwjgl-assimp-3.1.5-natives-linux.jar:/home/oliver/.m2/repository/org/lwjgl/lwjgl-bgfx/3.1.5/lwjgl-bgfx-3.1.5-natives-linux.jar:/home/oliver/.m2/repository/org/lwjgl/lwjgl-glfw/3.1.5/lwjgl-glfw-3.1.5-natives-linux.jar:/home/oliver/.m2/repository/org/lwjgl/lwjgl-nanovg/3.1.5/lwjgl-nanovg-3.1.5-natives-linux.jar:/home/oliver/.m2/repository/org/lwjgl/lwjgl-nuklear/3.1.5/lwjgl-nuklear-3.1.5-natives-linux.jar:/home/oliver/.m2/repository/org/lwjgl/lwjgl-openal/3.1.5/lwjgl-openal-3.1.5-natives-linux.jar:/home/oliver/.m2/repository/org/lwjgl/lwjgl
Launcher Type: SUN_STANDARD

Logging:
Log output configuration:
#0: stdout all=warning uptime,level,tags
#1: stderr all=off uptime,level,tags

Environment Variables:
JAVA_HOME=/usr/lib/jvm/java-9-oracle
PATH=/home/oliver/bin:/home/oliver/.local/bin:/usr/local/sbin:/usr/local/bin:/usr/sbin:/usr/bin:/sbin:/bin:/usr/games:/usr/local/games:/snap/bin:/usr/lib/jvm/java-9-oracle/bin:/usr/lib/jvm/java-9-oracle/db/bin
SHELL=/bin/bash
DISPLAY=:0

Signal Handlers:
SIGSEGV: [libjvm.so+0xd4d370], sa_mask[0]=11111111011111111101111111111110, sa_flags=SA_RESTART|SA_SIGINFO
SIGBUS: [libjvm.so+0xd4d370], sa_mask[0]=11111111011111111101111111111110, sa_flags=SA_RESTART|SA_SIGINFO
SIGFPE: [libjvm.so+0xd4d370], sa_mask[0]=11111111011111111101111111111110, sa_flags=SA_RESTART|SA_SIGINFO
SIGPIPE: [libjvm.so+0xb64780], sa_mask[0]=11111111011111111101111111111110, sa_flags=SA_RESTART|SA_SIGINFO
SIGXFSZ: [libjvm.so+0xb64780], sa_mask[0]=11111111011111111101111111111110, sa_flags=SA_RESTART|SA_SIGINFO
SIGILL: [libjvm.so+0xd4d370], sa_mask[0]=11111111011111111101111111111110, sa_flags=SA_RESTART|SA_SIGINFO
SIGUSR2: [libjvm.so+0xb64640], sa_mask[0]=00100000000000000000000000000000, sa_flags=SA_RESTART|SA_SIGINFO
SIGHUP: [libjvm.so+0xb64850], sa_mask[0]=11111111011111111101111111111110, sa_flags=SA_RESTART|SA_SIGINFO
SIGINT: [libjvm.so+0xb64850], sa_mask[0]=11111111011111111101111111111110, sa_flags=SA_RESTART|SA_SIGINFO
SIGTERM: [libjvm.so+0xb64850], sa_mask[0]=11111111011111111101111111111110, sa_flags=SA_RESTART|SA_SIGINFO
SIGQUIT: [libjvm.so+0xb64850], sa_mask[0]=11111111011111111101111111111110, sa_flags=SA_RESTART|SA_SIGINFO


---------------  S Y S T E M  ---------------

OS:DISTRIB_ID=Ubuntu
DISTRIB_RELEASE=16.04
DISTRIB_CODENAME=xenial
DISTRIB_DESCRIPTION="Ubuntu 16.04.4 LTS"
uname:Linux 4.13.0-41-generic #46~16.04.1-Ubuntu SMP Thu May 3 10:06:43 UTC 2018 x86_64
libc:glibc 2.23 NPTL 2.23 
rlimit: STACK 8192k, CORE 0k, NPROC 31243, NOFILE 1048576, AS infinity
load average:1,09 1,81 1,22

/proc/meminfo:
MemTotal:        8059524 kB
MemFree:         1502840 kB
MemAvailable:    4380412 kB
Buffers:          548508 kB
Cached:          2466044 kB
SwapCached:            0 kB
Active:          4246668 kB
Inactive:        1691260 kB
Active(anon):    2870104 kB
Inactive(anon):   192360 kB
Active(file):    1376564 kB
Inactive(file):  1498900 kB
Unevictable:          80 kB
Mlocked:              80 kB
SwapTotal:       8278012 kB
SwapFree:        8278012 kB
Dirty:               344 kB
Writeback:             0 kB
AnonPages:       2923328 kB
Mapped:           910700 kB
Shmem:            198680 kB
Slab:             375448 kB
SReclaimable:     307324 kB
SUnreclaim:        68124 kB
KernelStack:       16832 kB
PageTables:        55324 kB
NFS_Unstable:          0 kB
Bounce:                0 kB
WritebackTmp:          0 kB
CommitLimit:    12307772 kB
Committed_AS:   10344436 kB
VmallocTotal:   34359738367 kB
VmallocUsed:           0 kB
VmallocChunk:          0 kB
HardwareCorrupted:     0 kB
AnonHugePages:         0 kB
ShmemHugePages:        0 kB
ShmemPmdMapped:        0 kB
CmaTotal:              0 kB
CmaFree:               0 kB
HugePages_Total:       0
HugePages_Free:        0
HugePages_Rsvd:        0
HugePages_Surp:        0
Hugepagesize:       2048 kB
DirectMap4k:      354876 kB
DirectMap2M:     7925760 kB


CPU:total 8 (initial active 8) (4 cores per cpu, 2 threads per core) family 6 model 42 stepping 7, cmov, cx8, fxsr, mmx, sse, sse2, sse3, ssse3, sse4.1, sse4.2, popcnt, avx, aes, clmul, ht, tsc, tscinvbit
CPU Model and flags from /proc/cpuinfo:
model name	: Intel(R) Core(TM) i7-2630QM CPU @ 2.00GHz
flags		: fpu vme de pse tsc msr pae mce cx8 apic sep mtrr pge mca cmov pat pse36 clflush dts acpi mmx fxsr sse sse2 ss ht tm pbe syscall nx rdtscp lm constant_tsc arch_perfmon pebs bts nopl xtopology nonstop_tsc cpuid aperfmperf pni pclmulqdq dtes64 monitor ds_cpl vmx est tm2 ssse3 cx16 xtpr pdcm pcid sse4_1 sse4_2 x2apic popcnt tsc_deadline_timer aes xsave avx lahf_lm epb pti retpoline spec_ctrl tpr_shadow vnmi flexpriority ept vpid xsaveopt dtherm ida arat pln pts

Memory: 4k page, physical 8059524k(1502840k free), swap 8278012k(8278012k free)

vm_info: Java HotSpot(TM) 64-Bit Server VM (9.0.4+11) for linux-amd64 JRE (9.0.4+11), built on Dec 19 2017 18:12:19 by "mach5one" with gcc 4.9.2

END.
