#
# A fatal error has been detected by the Java Runtime Environment:
#
#  SIGSEGV (0xb) at pc=0x00007f2527b89527, pid=8533, tid=8538
#
# JRE version: Java(TM) SE Runtime Environment (9.0+11) (build 9.0.4+11)
# Java VM: Java HotSpot(TM) 64-Bit Server VM (9.0.4+11, mixed mode, tiered, compressed oops, g1 gc, linux-amd64)
# Problematic frame:
# C  [liblwjgl_opengl.so+0x49527]  Java_org_lwjgl_opengl_GL11_glClearColor+0x7
#
# Core dump will be written. Default location: Core dumps may be processed with "/usr/share/apport/apport %p %s %c %d %P" (or dumping to /home/oliver/git/Master_thesis_java/Masterthesis_IK/core.8533)
#
# If you would like to submit a bug report, please visit:
#   http://bugreport.java.com/bugreport/crash.jsp
# The crash happened outside the Java Virtual Machine in native code.
# See problematic frame for where to report the bug.
#

---------------  S U M M A R Y ------------

Command Line: -Dorg.lwjgl.util.Debug=true -Djava.library.path=nope -Dfile.encoding=UTF-8 base.IkSolver

Host: Intel(R) Core(TM) i7-2630QM CPU @ 2.00GHz, 8 cores, 7G, Ubuntu 16.04.4 LTS
Time: Sat May 26 11:04:55 2018 CEST elapsed time: 0 seconds (0d 0h 0m 0s)

---------------  T H R E A D  ---------------

Current thread (0x00007f25c8013000):  JavaThread "main" [_thread_in_native, id=8538, stack(0x00007f25d0d9c000,0x00007f25d0e9c000)]

Stack: [0x00007f25d0d9c000,0x00007f25d0e9c000],  sp=0x00007f25d0e9a8a8,  free space=1018k
Native frames: (J=compiled Java code, A=aot compiled Java code, j=interpreted, Vv=VM code, C=native code)
C  [liblwjgl_opengl.so+0x49527]  Java_org_lwjgl_opengl_GL11_glClearColor+0x7
j  base.IkSolver.loop()V+4
j  base.IkSolver.run()V+5
j  base.IkSolver.main([Ljava/lang/String;)V+7
v  ~StubRoutines::call_stub
V  [libjvm.so+0x83d60a]  JavaCalls::call_helper(JavaValue*, methodHandle const&, JavaCallArguments*, Thread*)+0x47a
V  [libjvm.so+0x89a67f]  jni_invoke_static(JNIEnv_*, JavaValue*, _jobject*, JNICallType, _jmethodID*, JNI_ArgumentPusher*, Thread*) [clone .isra.90]+0x21f
V  [libjvm.so+0x8ab5ce]  jni_CallStaticVoidMethod+0x14e
C  [libjli.so+0x4397]  JavaMain+0xa17
C  [libpthread.so.0+0x76ba]  start_thread+0xca

Java frames: (J=compiled Java code, j=interpreted, Vv=VM code)
j  org.lwjgl.opengl.GL11.glClearColor(FFFF)V+0
j  base.IkSolver.loop()V+4
j  base.IkSolver.run()V+5
j  base.IkSolver.main([Ljava/lang/String;)V+7
v  ~StubRoutines::call_stub

siginfo: si_signo: 11 (SIGSEGV), si_code: 1 (SEGV_MAPERR), si_addr: 0x00000000000003b0

Register to memory mapping:

RAX=0x0000000000000000 is an unknown value
RBX={method} {0x00007f2555c472d8} 'glClearColor' '(FFFF)V' in 'org/lwjgl/opengl/GL11'
RCX=0x0000000000000001 is an unknown value
RDX=0x00007f25d00554d8: <offset 0x00000000013494d8> in /usr/lib/jvm/java-9-oracle/lib/server/libjvm.so at 0x00007f25ced0c000
RSP=0x00007f25d0e9a8a8 is pointing into the stack for thread: 0x00007f25c8013000
RBP=0x00007f25d0e9a918 is pointing into the stack for thread: 0x00007f25c8013000
RSI=0x00007f25d0e9a928 is pointing into the stack for thread: 0x00007f25c8013000
RDI=0x00007f25c8013218 is an unknown value
R8 ={method} {0x00007f2555c472d8} 'glClearColor' '(FFFF)V' in 'org/lwjgl/opengl/GL11'
R9 =0x0000000000000008 is an unknown value
R10=0x00007f25adb5bd09 is at code_begin+873 in an Interpreter codelet
method entry point (kind = native)  [0x00007f25adb5b9a0, 0x00007f25adb5c3e0]  2624 bytes
R11=0x000000008c7bce90 is an oop
java.lang.Class 
{0x000000008c7bce90} - klass: 'java/lang/Class'
R12=0x0000000000000000 is an unknown value
R13=0x00007f2555c472d0 is pointing into metadata
R14=0x00007f25d0e9a950 is pointing into the stack for thread: 0x00007f25c8013000
R15=0x00007f25c8013000 is a thread


Registers:
RAX=0x0000000000000000, RBX=0x00007f2555c472d8, RCX=0x0000000000000001, RDX=0x00007f25d00554d8
RSP=0x00007f25d0e9a8a8, RBP=0x00007f25d0e9a918, RSI=0x00007f25d0e9a928, RDI=0x00007f25c8013218
R8 =0x00007f2555c472d8, R9 =0x0000000000000008, R10=0x00007f25adb5bd09, R11=0x000000008c7bce90
R12=0x0000000000000000, R13=0x00007f2555c472d0, R14=0x00007f25d0e9a950, R15=0x00007f25c8013000
RIP=0x00007f2527b89527, EFLAGS=0x0000000000010283, CSGSFS=0x002b000000000033, ERR=0x0000000000000004
  TRAPNO=0x000000000000000e

Top of Stack: (sp=0x00007f25d0e9a8a8)
0x00007f25d0e9a8a8:   00007f25adb5bd35 00007f25d0e9a918
0x00007f25d0e9a8b8:   00007f25adb5ba8a 00007f2555a03228
0x00007f25d0e9a8c8:   00007f25adb5ba53 00007f25d0e9a8d0
0x00007f25d0e9a8d8:   00007f2555c472d0 00007f25d0e9a950 

Instructions: (pc=0x00007f2527b89527)
0x00007f2527b89507:   ff a0 e0 03 00 00 0f 1f 00 48 8b 07 48 8b 40 18
0x00007f2527b89517:   ff a0 c8 03 00 00 0f 1f 00 48 8b 07 48 8b 40 18
0x00007f2527b89527:   ff a0 b0 03 00 00 0f 1f 00 48 8b 07 48 8b 40 18
0x00007f2527b89537:   ff a0 78 03 00 00 0f 1f 00 48 8b 07 89 d7 48 8b 


---------------  P R O C E S S  ---------------

Java Threads: ( => current thread )
  0x00007f25c823e000 JavaThread "Service Thread" daemon [_thread_blocked, id=8569, stack(0x00007f2554275000,0x00007f2554376000)]
  0x00007f25c8186800 JavaThread "Common-Cleaner" daemon [_thread_blocked, id=8568, stack(0x00007f2554376000,0x00007f2554477000)]
  0x00007f25c8179800 JavaThread "Sweeper thread" daemon [_thread_blocked, id=8567, stack(0x00007f255489f000,0x00007f25549a0000)]
  0x00007f25c8177800 JavaThread "C1 CompilerThread3" daemon [_thread_blocked, id=8566, stack(0x00007f25549a0000,0x00007f2554aa1000)]
  0x00007f25c8175800 JavaThread "C2 CompilerThread2" daemon [_thread_blocked, id=8565, stack(0x00007f2554aa1000,0x00007f2554ba2000)]
  0x00007f25c8173800 JavaThread "C2 CompilerThread1" daemon [_thread_blocked, id=8564, stack(0x00007f2554ba2000,0x00007f2554ca3000)]
  0x00007f25c8171800 JavaThread "C2 CompilerThread0" daemon [_thread_blocked, id=8563, stack(0x00007f2554ca3000,0x00007f2554da4000)]
  0x00007f25c816f800 JavaThread "Signal Dispatcher" daemon [_thread_blocked, id=8562, stack(0x00007f2554da4000,0x00007f2554ea5000)]
  0x00007f25c8154000 JavaThread "Finalizer" daemon [_thread_blocked, id=8561, stack(0x00007f25552fb000,0x00007f25553fc000)]
  0x00007f25c814b800 JavaThread "Reference Handler" daemon [_thread_blocked, id=8560, stack(0x00007f25553fc000,0x00007f25554fd000)]
=>0x00007f25c8013000 JavaThread "main" [_thread_in_native, id=8538, stack(0x00007f25d0d9c000,0x00007f25d0e9c000)]

Other Threads:
  0x00007f25c8142000 VMThread "VM Thread" [stack: 0x00007f25554fe000,0x00007f25555fe000] [id=8559]
  0x00007f25c8241000 WatcherThread [stack: 0x00007f2554175000,0x00007f2554275000] [id=8570]
  0x00007f25c802a800 GCTaskThread "GC Thread#0" [stack: 0x00007f25cd477000,0x00007f25cd577000] [id=8539]
  0x00007f25c802c000 GCTaskThread "GC Thread#1" [stack: 0x00007f25cd376000,0x00007f25cd476000] [id=8540]
  0x00007f25c802d800 GCTaskThread "GC Thread#2" [stack: 0x00007f25cd275000,0x00007f25cd375000] [id=8541]
  0x00007f25c802f800 GCTaskThread "GC Thread#3" [stack: 0x00007f25cd174000,0x00007f25cd274000] [id=8542]
  0x00007f25c8031000 GCTaskThread "GC Thread#4" [stack: 0x00007f25cd073000,0x00007f25cd173000] [id=8543]
  0x00007f25c8032800 GCTaskThread "GC Thread#5" [stack: 0x00007f25ccf72000,0x00007f25cd072000] [id=8544]
  0x00007f25c8034800 GCTaskThread "GC Thread#6" [stack: 0x00007f25cce71000,0x00007f25ccf71000] [id=8545]
  0x00007f25c8036000 GCTaskThread "GC Thread#7" [stack: 0x00007f25ccd70000,0x00007f25cce70000] [id=8546]
  0x00007f25c806c000 ConcurrentGCThread "G1 Main Marker" [stack: 0x00007f25ac6df000,0x00007f25ac7df000] [id=8556]
  0x00007f25c806d800 ConcurrentGCThread "G1 Marker#0" [stack: 0x00007f25ac5de000,0x00007f25ac6de000] [id=8557]
  0x00007f25c806f800 ConcurrentGCThread "G1 Marker#1" [stack: 0x00007f25ac4dd000,0x00007f25ac5dd000] [id=8558]
  0x00007f25c8045000 ConcurrentGCThread "G1 Refine#0" [stack: 0x00007f25ad841000,0x00007f25ad941000] [id=8554]
  0x00007f25c8043000 ConcurrentGCThread "G1 Refine#1" [stack: 0x00007f25ad942000,0x00007f25ada42000] [id=8553]
  0x00007f25c8041000 ConcurrentGCThread "G1 Refine#2" [stack: 0x00007f25ada43000,0x00007f25adb43000] [id=8552]
  0x00007f25c803f800 ConcurrentGCThread "G1 Refine#3" [stack: 0x00007f25cc063000,0x00007f25cc163000] [id=8551]
  0x00007f25c803d800 ConcurrentGCThread "G1 Refine#4" [stack: 0x00007f25cc164000,0x00007f25cc264000] [id=8550]
  0x00007f25c803c000 ConcurrentGCThread "G1 Refine#5" [stack: 0x00007f25cc265000,0x00007f25cc365000] [id=8549]
  0x00007f25c803a000 ConcurrentGCThread "G1 Refine#6" [stack: 0x00007f25cc366000,0x00007f25cc466000] [id=8548]
  0x00007f25c8038800 ConcurrentGCThread "G1 Refine#7" [stack: 0x00007f25cc467000,0x00007f25cc567000] [id=8547]
  0x00007f25c8046800 ConcurrentGCThread "G1 Young RemSet Sampling" [stack: 0x00007f25ad740000,0x00007f25ad840000] [id=8555]

Threads with active compile tasks:

VM state:not at safepoint (normal execution)

VM Mutex/Monitor currently owned by a thread: None

Heap address: 0x0000000085000000, size: 1968 MB, Compressed Oops mode: 32-bit
Narrow klass base: 0x0000000000000000, Narrow klass shift: 3
Compressed class space size: 1073741824 Address: 0x0000000100000000

Heap:
 garbage-first heap   total 126976K, used 6144K [0x0000000085000000, 0x00000000851003e0, 0x0000000100000000)
  region size 1024K, 7 young (7168K), 0 survivors (0K)
 Metaspace       used 8677K, capacity 8884K, committed 9088K, reserved 1056768K
  class space    used 730K, capacity 799K, committed 896K, reserved 1048576K
Heap Regions: E=young(eden), S=young(survivor), O=old, HS=humongous(starts), HC=humongous(continues), CS=collection set, F=free, A=archive, TS=gc time stamp, AC=allocation context, TAMS=top-at-mark-start (previous, next)
|   0|0x0000000085000000, 0x0000000085000000, 0x0000000085100000|  0%| F|  |TS  0|AC  0|TAMS 0x0000000085000000, 0x0000000085000000|
|   1|0x0000000085100000, 0x0000000085100000, 0x0000000085200000|  0%| F|  |TS  0|AC  0|TAMS 0x0000000085100000, 0x0000000085100000|
|   2|0x0000000085200000, 0x0000000085200000, 0x0000000085300000|  0%| F|  |TS  0|AC  0|TAMS 0x0000000085200000, 0x0000000085200000|
|   3|0x0000000085300000, 0x0000000085300000, 0x0000000085400000|  0%| F|  |TS  0|AC  0|TAMS 0x0000000085300000, 0x0000000085300000|
|   4|0x0000000085400000, 0x0000000085400000, 0x0000000085500000|  0%| F|  |TS  0|AC  0|TAMS 0x0000000085400000, 0x0000000085400000|
|   5|0x0000000085500000, 0x0000000085500000, 0x0000000085600000|  0%| F|  |TS  0|AC  0|TAMS 0x0000000085500000, 0x0000000085500000|
|   6|0x0000000085600000, 0x0000000085600000, 0x0000000085700000|  0%| F|  |TS  0|AC  0|TAMS 0x0000000085600000, 0x0000000085600000|
|   7|0x0000000085700000, 0x0000000085700000, 0x0000000085800000|  0%| F|  |TS  0|AC  0|TAMS 0x0000000085700000, 0x0000000085700000|
|   8|0x0000000085800000, 0x0000000085800000, 0x0000000085900000|  0%| F|  |TS  0|AC  0|TAMS 0x0000000085800000, 0x0000000085800000|
|   9|0x0000000085900000, 0x0000000085900000, 0x0000000085a00000|  0%| F|  |TS  0|AC  0|TAMS 0x0000000085900000, 0x0000000085900000|
|  10|0x0000000085a00000, 0x0000000085a00000, 0x0000000085b00000|  0%| F|  |TS  0|AC  0|TAMS 0x0000000085a00000, 0x0000000085a00000|
|  11|0x0000000085b00000, 0x0000000085b00000, 0x0000000085c00000|  0%| F|  |TS  0|AC  0|TAMS 0x0000000085b00000, 0x0000000085b00000|
|  12|0x0000000085c00000, 0x0000000085c00000, 0x0000000085d00000|  0%| F|  |TS  0|AC  0|TAMS 0x0000000085c00000, 0x0000000085c00000|
|  13|0x0000000085d00000, 0x0000000085d00000, 0x0000000085e00000|  0%| F|  |TS  0|AC  0|TAMS 0x0000000085d00000, 0x0000000085d00000|
|  14|0x0000000085e00000, 0x0000000085e00000, 0x0000000085f00000|  0%| F|  |TS  0|AC  0|TAMS 0x0000000085e00000, 0x0000000085e00000|
|  15|0x0000000085f00000, 0x0000000085f00000, 0x0000000086000000|  0%| F|  |TS  0|AC  0|TAMS 0x0000000085f00000, 0x0000000085f00000|
|  16|0x0000000086000000, 0x0000000086000000, 0x0000000086100000|  0%| F|  |TS  0|AC  0|TAMS 0x0000000086000000, 0x0000000086000000|
|  17|0x0000000086100000, 0x0000000086100000, 0x0000000086200000|  0%| F|  |TS  0|AC  0|TAMS 0x0000000086100000, 0x0000000086100000|
|  18|0x0000000086200000, 0x0000000086200000, 0x0000000086300000|  0%| F|  |TS  0|AC  0|TAMS 0x0000000086200000, 0x0000000086200000|
|  19|0x0000000086300000, 0x0000000086300000, 0x0000000086400000|  0%| F|  |TS  0|AC  0|TAMS 0x0000000086300000, 0x0000000086300000|
|  20|0x0000000086400000, 0x0000000086400000, 0x0000000086500000|  0%| F|  |TS  0|AC  0|TAMS 0x0000000086400000, 0x0000000086400000|
|  21|0x0000000086500000, 0x0000000086500000, 0x0000000086600000|  0%| F|  |TS  0|AC  0|TAMS 0x0000000086500000, 0x0000000086500000|
|  22|0x0000000086600000, 0x0000000086600000, 0x0000000086700000|  0%| F|  |TS  0|AC  0|TAMS 0x0000000086600000, 0x0000000086600000|
|  23|0x0000000086700000, 0x0000000086700000, 0x0000000086800000|  0%| F|  |TS  0|AC  0|TAMS 0x0000000086700000, 0x0000000086700000|
|  24|0x0000000086800000, 0x0000000086800000, 0x0000000086900000|  0%| F|  |TS  0|AC  0|TAMS 0x0000000086800000, 0x0000000086800000|
|  25|0x0000000086900000, 0x0000000086900000, 0x0000000086a00000|  0%| F|  |TS  0|AC  0|TAMS 0x0000000086900000, 0x0000000086900000|
|  26|0x0000000086a00000, 0x0000000086a00000, 0x0000000086b00000|  0%| F|  |TS  0|AC  0|TAMS 0x0000000086a00000, 0x0000000086a00000|
|  27|0x0000000086b00000, 0x0000000086b00000, 0x0000000086c00000|  0%| F|  |TS  0|AC  0|TAMS 0x0000000086b00000, 0x0000000086b00000|
|  28|0x0000000086c00000, 0x0000000086c00000, 0x0000000086d00000|  0%| F|  |TS  0|AC  0|TAMS 0x0000000086c00000, 0x0000000086c00000|
|  29|0x0000000086d00000, 0x0000000086d00000, 0x0000000086e00000|  0%| F|  |TS  0|AC  0|TAMS 0x0000000086d00000, 0x0000000086d00000|
|  30|0x0000000086e00000, 0x0000000086e00000, 0x0000000086f00000|  0%| F|  |TS  0|AC  0|TAMS 0x0000000086e00000, 0x0000000086e00000|
|  31|0x0000000086f00000, 0x0000000086f00000, 0x0000000087000000|  0%| F|  |TS  0|AC  0|TAMS 0x0000000086f00000, 0x0000000086f00000|
|  32|0x0000000087000000, 0x0000000087000000, 0x0000000087100000|  0%| F|  |TS  0|AC  0|TAMS 0x0000000087000000, 0x0000000087000000|
|  33|0x0000000087100000, 0x0000000087100000, 0x0000000087200000|  0%| F|  |TS  0|AC  0|TAMS 0x0000000087100000, 0x0000000087100000|
|  34|0x0000000087200000, 0x0000000087200000, 0x0000000087300000|  0%| F|  |TS  0|AC  0|TAMS 0x0000000087200000, 0x0000000087200000|
|  35|0x0000000087300000, 0x0000000087300000, 0x0000000087400000|  0%| F|  |TS  0|AC  0|TAMS 0x0000000087300000, 0x0000000087300000|
|  36|0x0000000087400000, 0x0000000087400000, 0x0000000087500000|  0%| F|  |TS  0|AC  0|TAMS 0x0000000087400000, 0x0000000087400000|
|  37|0x0000000087500000, 0x0000000087500000, 0x0000000087600000|  0%| F|  |TS  0|AC  0|TAMS 0x0000000087500000, 0x0000000087500000|
|  38|0x0000000087600000, 0x0000000087600000, 0x0000000087700000|  0%| F|  |TS  0|AC  0|TAMS 0x0000000087600000, 0x0000000087600000|
|  39|0x0000000087700000, 0x0000000087700000, 0x0000000087800000|  0%| F|  |TS  0|AC  0|TAMS 0x0000000087700000, 0x0000000087700000|
|  40|0x0000000087800000, 0x0000000087800000, 0x0000000087900000|  0%| F|  |TS  0|AC  0|TAMS 0x0000000087800000, 0x0000000087800000|
|  41|0x0000000087900000, 0x0000000087900000, 0x0000000087a00000|  0%| F|  |TS  0|AC  0|TAMS 0x0000000087900000, 0x0000000087900000|
|  42|0x0000000087a00000, 0x0000000087a00000, 0x0000000087b00000|  0%| F|  |TS  0|AC  0|TAMS 0x0000000087a00000, 0x0000000087a00000|
|  43|0x0000000087b00000, 0x0000000087b00000, 0x0000000087c00000|  0%| F|  |TS  0|AC  0|TAMS 0x0000000087b00000, 0x0000000087b00000|
|  44|0x0000000087c00000, 0x0000000087c00000, 0x0000000087d00000|  0%| F|  |TS  0|AC  0|TAMS 0x0000000087c00000, 0x0000000087c00000|
|  45|0x0000000087d00000, 0x0000000087d00000, 0x0000000087e00000|  0%| F|  |TS  0|AC  0|TAMS 0x0000000087d00000, 0x0000000087d00000|
|  46|0x0000000087e00000, 0x0000000087e00000, 0x0000000087f00000|  0%| F|  |TS  0|AC  0|TAMS 0x0000000087e00000, 0x0000000087e00000|
|  47|0x0000000087f00000, 0x0000000087f00000, 0x0000000088000000|  0%| F|  |TS  0|AC  0|TAMS 0x0000000087f00000, 0x0000000087f00000|
|  48|0x0000000088000000, 0x0000000088000000, 0x0000000088100000|  0%| F|  |TS  0|AC  0|TAMS 0x0000000088000000, 0x0000000088000000|
|  49|0x0000000088100000, 0x0000000088100000, 0x0000000088200000|  0%| F|  |TS  0|AC  0|TAMS 0x0000000088100000, 0x0000000088100000|
|  50|0x0000000088200000, 0x0000000088200000, 0x0000000088300000|  0%| F|  |TS  0|AC  0|TAMS 0x0000000088200000, 0x0000000088200000|
|  51|0x0000000088300000, 0x0000000088300000, 0x0000000088400000|  0%| F|  |TS  0|AC  0|TAMS 0x0000000088300000, 0x0000000088300000|
|  52|0x0000000088400000, 0x0000000088400000, 0x0000000088500000|  0%| F|  |TS  0|AC  0|TAMS 0x0000000088400000, 0x0000000088400000|
|  53|0x0000000088500000, 0x0000000088500000, 0x0000000088600000|  0%| F|  |TS  0|AC  0|TAMS 0x0000000088500000, 0x0000000088500000|
|  54|0x0000000088600000, 0x0000000088600000, 0x0000000088700000|  0%| F|  |TS  0|AC  0|TAMS 0x0000000088600000, 0x0000000088600000|
|  55|0x0000000088700000, 0x0000000088700000, 0x0000000088800000|  0%| F|  |TS  0|AC  0|TAMS 0x0000000088700000, 0x0000000088700000|
|  56|0x0000000088800000, 0x0000000088800000, 0x0000000088900000|  0%| F|  |TS  0|AC  0|TAMS 0x0000000088800000, 0x0000000088800000|
|  57|0x0000000088900000, 0x0000000088900000, 0x0000000088a00000|  0%| F|  |TS  0|AC  0|TAMS 0x0000000088900000, 0x0000000088900000|
|  58|0x0000000088a00000, 0x0000000088a00000, 0x0000000088b00000|  0%| F|  |TS  0|AC  0|TAMS 0x0000000088a00000, 0x0000000088a00000|
|  59|0x0000000088b00000, 0x0000000088b00000, 0x0000000088c00000|  0%| F|  |TS  0|AC  0|TAMS 0x0000000088b00000, 0x0000000088b00000|
|  60|0x0000000088c00000, 0x0000000088c00000, 0x0000000088d00000|  0%| F|  |TS  0|AC  0|TAMS 0x0000000088c00000, 0x0000000088c00000|
|  61|0x0000000088d00000, 0x0000000088d00000, 0x0000000088e00000|  0%| F|  |TS  0|AC  0|TAMS 0x0000000088d00000, 0x0000000088d00000|
|  62|0x0000000088e00000, 0x0000000088e00000, 0x0000000088f00000|  0%| F|  |TS  0|AC  0|TAMS 0x0000000088e00000, 0x0000000088e00000|
|  63|0x0000000088f00000, 0x0000000088f00000, 0x0000000089000000|  0%| F|  |TS  0|AC  0|TAMS 0x0000000088f00000, 0x0000000088f00000|
|  64|0x0000000089000000, 0x0000000089000000, 0x0000000089100000|  0%| F|  |TS  0|AC  0|TAMS 0x0000000089000000, 0x0000000089000000|
|  65|0x0000000089100000, 0x0000000089100000, 0x0000000089200000|  0%| F|  |TS  0|AC  0|TAMS 0x0000000089100000, 0x0000000089100000|
|  66|0x0000000089200000, 0x0000000089200000, 0x0000000089300000|  0%| F|  |TS  0|AC  0|TAMS 0x0000000089200000, 0x0000000089200000|
|  67|0x0000000089300000, 0x0000000089300000, 0x0000000089400000|  0%| F|  |TS  0|AC  0|TAMS 0x0000000089300000, 0x0000000089300000|
|  68|0x0000000089400000, 0x0000000089400000, 0x0000000089500000|  0%| F|  |TS  0|AC  0|TAMS 0x0000000089400000, 0x0000000089400000|
|  69|0x0000000089500000, 0x0000000089500000, 0x0000000089600000|  0%| F|  |TS  0|AC  0|TAMS 0x0000000089500000, 0x0000000089500000|
|  70|0x0000000089600000, 0x0000000089600000, 0x0000000089700000|  0%| F|  |TS  0|AC  0|TAMS 0x0000000089600000, 0x0000000089600000|
|  71|0x0000000089700000, 0x0000000089700000, 0x0000000089800000|  0%| F|  |TS  0|AC  0|TAMS 0x0000000089700000, 0x0000000089700000|
|  72|0x0000000089800000, 0x0000000089800000, 0x0000000089900000|  0%| F|  |TS  0|AC  0|TAMS 0x0000000089800000, 0x0000000089800000|
|  73|0x0000000089900000, 0x0000000089900000, 0x0000000089a00000|  0%| F|  |TS  0|AC  0|TAMS 0x0000000089900000, 0x0000000089900000|
|  74|0x0000000089a00000, 0x0000000089a00000, 0x0000000089b00000|  0%| F|  |TS  0|AC  0|TAMS 0x0000000089a00000, 0x0000000089a00000|
|  75|0x0000000089b00000, 0x0000000089b00000, 0x0000000089c00000|  0%| F|  |TS  0|AC  0|TAMS 0x0000000089b00000, 0x0000000089b00000|
|  76|0x0000000089c00000, 0x0000000089c00000, 0x0000000089d00000|  0%| F|  |TS  0|AC  0|TAMS 0x0000000089c00000, 0x0000000089c00000|
|  77|0x0000000089d00000, 0x0000000089d00000, 0x0000000089e00000|  0%| F|  |TS  0|AC  0|TAMS 0x0000000089d00000, 0x0000000089d00000|
|  78|0x0000000089e00000, 0x0000000089e00000, 0x0000000089f00000|  0%| F|  |TS  0|AC  0|TAMS 0x0000000089e00000, 0x0000000089e00000|
|  79|0x0000000089f00000, 0x0000000089f00000, 0x000000008a000000|  0%| F|  |TS  0|AC  0|TAMS 0x0000000089f00000, 0x0000000089f00000|
|  80|0x000000008a000000, 0x000000008a000000, 0x000000008a100000|  0%| F|  |TS  0|AC  0|TAMS 0x000000008a000000, 0x000000008a000000|
|  81|0x000000008a100000, 0x000000008a100000, 0x000000008a200000|  0%| F|  |TS  0|AC  0|TAMS 0x000000008a100000, 0x000000008a100000|
|  82|0x000000008a200000, 0x000000008a200000, 0x000000008a300000|  0%| F|  |TS  0|AC  0|TAMS 0x000000008a200000, 0x000000008a200000|
|  83|0x000000008a300000, 0x000000008a300000, 0x000000008a400000|  0%| F|  |TS  0|AC  0|TAMS 0x000000008a300000, 0x000000008a300000|
|  84|0x000000008a400000, 0x000000008a400000, 0x000000008a500000|  0%| F|  |TS  0|AC  0|TAMS 0x000000008a400000, 0x000000008a400000|
|  85|0x000000008a500000, 0x000000008a500000, 0x000000008a600000|  0%| F|  |TS  0|AC  0|TAMS 0x000000008a500000, 0x000000008a500000|
|  86|0x000000008a600000, 0x000000008a600000, 0x000000008a700000|  0%| F|  |TS  0|AC  0|TAMS 0x000000008a600000, 0x000000008a600000|
|  87|0x000000008a700000, 0x000000008a700000, 0x000000008a800000|  0%| F|  |TS  0|AC  0|TAMS 0x000000008a700000, 0x000000008a700000|
|  88|0x000000008a800000, 0x000000008a800000, 0x000000008a900000|  0%| F|  |TS  0|AC  0|TAMS 0x000000008a800000, 0x000000008a800000|
|  89|0x000000008a900000, 0x000000008a900000, 0x000000008aa00000|  0%| F|  |TS  0|AC  0|TAMS 0x000000008a900000, 0x000000008a900000|
|  90|0x000000008aa00000, 0x000000008aa00000, 0x000000008ab00000|  0%| F|  |TS  0|AC  0|TAMS 0x000000008aa00000, 0x000000008aa00000|
|  91|0x000000008ab00000, 0x000000008ab00000, 0x000000008ac00000|  0%| F|  |TS  0|AC  0|TAMS 0x000000008ab00000, 0x000000008ab00000|
|  92|0x000000008ac00000, 0x000000008ac00000, 0x000000008ad00000|  0%| F|  |TS  0|AC  0|TAMS 0x000000008ac00000, 0x000000008ac00000|
|  93|0x000000008ad00000, 0x000000008ad00000, 0x000000008ae00000|  0%| F|  |TS  0|AC  0|TAMS 0x000000008ad00000, 0x000000008ad00000|
|  94|0x000000008ae00000, 0x000000008ae00000, 0x000000008af00000|  0%| F|  |TS  0|AC  0|TAMS 0x000000008ae00000, 0x000000008ae00000|
|  95|0x000000008af00000, 0x000000008af00000, 0x000000008b000000|  0%| F|  |TS  0|AC  0|TAMS 0x000000008af00000, 0x000000008af00000|
|  96|0x000000008b000000, 0x000000008b000000, 0x000000008b100000|  0%| F|  |TS  0|AC  0|TAMS 0x000000008b000000, 0x000000008b000000|
|  97|0x000000008b100000, 0x000000008b100000, 0x000000008b200000|  0%| F|  |TS  0|AC  0|TAMS 0x000000008b100000, 0x000000008b100000|
|  98|0x000000008b200000, 0x000000008b200000, 0x000000008b300000|  0%| F|  |TS  0|AC  0|TAMS 0x000000008b200000, 0x000000008b200000|
|  99|0x000000008b300000, 0x000000008b300000, 0x000000008b400000|  0%| F|  |TS  0|AC  0|TAMS 0x000000008b300000, 0x000000008b300000|
| 100|0x000000008b400000, 0x000000008b400000, 0x000000008b500000|  0%| F|  |TS  0|AC  0|TAMS 0x000000008b400000, 0x000000008b400000|
| 101|0x000000008b500000, 0x000000008b500000, 0x000000008b600000|  0%| F|  |TS  0|AC  0|TAMS 0x000000008b500000, 0x000000008b500000|
| 102|0x000000008b600000, 0x000000008b600000, 0x000000008b700000|  0%| F|  |TS  0|AC  0|TAMS 0x000000008b600000, 0x000000008b600000|
| 103|0x000000008b700000, 0x000000008b700000, 0x000000008b800000|  0%| F|  |TS  0|AC  0|TAMS 0x000000008b700000, 0x000000008b700000|
| 104|0x000000008b800000, 0x000000008b800000, 0x000000008b900000|  0%| F|  |TS  0|AC  0|TAMS 0x000000008b800000, 0x000000008b800000|
| 105|0x000000008b900000, 0x000000008b900000, 0x000000008ba00000|  0%| F|  |TS  0|AC  0|TAMS 0x000000008b900000, 0x000000008b900000|
| 106|0x000000008ba00000, 0x000000008ba00000, 0x000000008bb00000|  0%| F|  |TS  0|AC  0|TAMS 0x000000008ba00000, 0x000000008ba00000|
| 107|0x000000008bb00000, 0x000000008bb00000, 0x000000008bc00000|  0%| F|  |TS  0|AC  0|TAMS 0x000000008bb00000, 0x000000008bb00000|
| 108|0x000000008bc00000, 0x000000008bc00000, 0x000000008bd00000|  0%| F|  |TS  0|AC  0|TAMS 0x000000008bc00000, 0x000000008bc00000|
| 109|0x000000008bd00000, 0x000000008bd00000, 0x000000008be00000|  0%| F|  |TS  0|AC  0|TAMS 0x000000008bd00000, 0x000000008bd00000|
| 110|0x000000008be00000, 0x000000008be00000, 0x000000008bf00000|  0%| F|  |TS  0|AC  0|TAMS 0x000000008be00000, 0x000000008be00000|
| 111|0x000000008bf00000, 0x000000008bf00000, 0x000000008c000000|  0%| F|  |TS  0|AC  0|TAMS 0x000000008bf00000, 0x000000008bf00000|
| 112|0x000000008c000000, 0x000000008c000000, 0x000000008c100000|  0%| F|  |TS  0|AC  0|TAMS 0x000000008c000000, 0x000000008c000000|
| 113|0x000000008c100000, 0x000000008c100000, 0x000000008c200000|  0%| F|  |TS  0|AC  0|TAMS 0x000000008c100000, 0x000000008c100000|
| 114|0x000000008c200000, 0x000000008c200000, 0x000000008c300000|  0%| F|  |TS  0|AC  0|TAMS 0x000000008c200000, 0x000000008c200000|
| 115|0x000000008c300000, 0x000000008c300000, 0x000000008c400000|  0%| F|  |TS  0|AC  0|TAMS 0x000000008c300000, 0x000000008c300000|
| 116|0x000000008c400000, 0x000000008c400000, 0x000000008c500000|  0%| F|  |TS  0|AC  0|TAMS 0x000000008c400000, 0x000000008c400000|
| 117|0x000000008c500000, 0x000000008c5fb918, 0x000000008c600000| 98%| E|  |TS  0|AC  0|TAMS 0x000000008c500000, 0x000000008c500000|
| 118|0x000000008c600000, 0x000000008c700000, 0x000000008c700000|100%| E|CS|TS  0|AC  0|TAMS 0x000000008c600000, 0x000000008c600000|
| 119|0x000000008c700000, 0x000000008c800000, 0x000000008c800000|100%| E|CS|TS  0|AC  0|TAMS 0x000000008c700000, 0x000000008c700000|
| 120|0x000000008c800000, 0x000000008c900000, 0x000000008c900000|100%| E|CS|TS  0|AC  0|TAMS 0x000000008c800000, 0x000000008c800000|
| 121|0x000000008c900000, 0x000000008ca00000, 0x000000008ca00000|100%| E|CS|TS  0|AC  0|TAMS 0x000000008c900000, 0x000000008c900000|
| 122|0x000000008ca00000, 0x000000008cb00000, 0x000000008cb00000|100%| E|CS|TS  0|AC  0|TAMS 0x000000008ca00000, 0x000000008ca00000|
| 123|0x000000008cb00000, 0x000000008cc00000, 0x000000008cc00000|100%| E|CS|TS  0|AC  0|TAMS 0x000000008cb00000, 0x000000008cb00000|

Card table byte_map: [0x00007f25acbb7000,0x00007f25acf8f000] byte_map_base: 0x00007f25ac78f000

Marking Bits (Prev, Next): (CMBitMap*) 0x00007f25c806b030, (CMBitMap*) 0x00007f25c806b068
 Prev Bits: [0x00007f2566140000, 0x00007f2568000000)
 Next Bits: [0x00007f2564280000, 0x00007f2566140000)

Polling page: 0x00007f25d0ec9000

CodeHeap 'non-profiled nmethods': size=120032Kb used=145Kb max_used=145Kb free=119886Kb
 bounds [0x00007f25b560b000, 0x00007f25b587b000, 0x00007f25bcb43000]
CodeHeap 'profiled nmethods': size=120028Kb used=886Kb max_used=886Kb free=119141Kb
 bounds [0x00007f25ae0d4000, 0x00007f25ae344000, 0x00007f25b560b000]
CodeHeap 'non-nmethods': size=5700Kb used=1221Kb max_used=1234Kb free=4478Kb
 bounds [0x00007f25adb43000, 0x00007f25addb3000, 0x00007f25ae0d4000]
 total_blobs=1063 nmethods=547 adapters=316
 compilation: enabled

Compilation events (10 events):
Event: 0,437 Thread 0x00007f25c8177800 nmethod 543 0x00007f25ae1ae710 code [0x00007f25ae1ae8c0, 0x00007f25ae1aea68]
Event: 0,437 Thread 0x00007f25c8177800  544   !   3       java.util.WeakHashMap::expungeStaleEntries (139 bytes)
Event: 0,438 Thread 0x00007f25c8177800 nmethod 544 0x00007f25ae1aeb10 code [0x00007f25ae1aed40, 0x00007f25ae1af8e8]
Event: 0,438 Thread 0x00007f25c8177800  545       3       java.util.WeakHashMap::indexFor (6 bytes)
Event: 0,438 Thread 0x00007f25c8177800 nmethod 545 0x00007f25ae1afd90 code [0x00007f25ae1aff40, 0x00007f25ae1b0070]
Event: 0,438 Thread 0x00007f25c8175800 nmethod 509 0x00007f25b562eb10 code [0x00007f25b562ecc0, 0x00007f25b562f5b8]
Event: 0,439 Thread 0x00007f25c8177800  546       3       java.util.zip.ZipFile$Source::getEntryPos (206 bytes)
Event: 0,440 Thread 0x00007f25c8177800 nmethod 546 0x00007f25ae1b0110 code [0x00007f25ae1b0380, 0x00007f25ae1b1018]
Event: 0,448 Thread 0x00007f25c8177800  547       3       java.net.URL::<init> (8 bytes)
Event: 0,448 Thread 0x00007f25c8177800 nmethod 547 0x00007f25ae1b1610 code [0x00007f25ae1b17c0, 0x00007f25ae1b1948]

GC Heap History (0 events):
No events

Deoptimization events (1 events):
Event: 0,294 Thread 0x00007f25c8013000 Uncommon trap: reason=unstable_if action=reinterpret pc=0x00007f25b560df94 method=java.lang.String.charAt(I)C @ 4 c2

Classes redefined (0 events):
No events

Internal exceptions (9 events):
Event: 0,322 Thread 0x00007f25c8013000 Exception <a 'java/lang/NoSuchMethodError'{0x000000008c7ed2d0}: java.lang.invoke.DirectMethodHandle$Holder.invokeStatic(Ljava/lang/Object;Ljava/lang/Object;)I> (0x000000008c7ed2d0) thrown at [/scratch/opt/mach5/mesos/work_dir/slaves/5af44a71-976a-41b7-81d
Event: 0,326 Thread 0x00007f25c8013000 Exception <a 'java/lang/NoSuchMethodError'{0x000000008c7fb6b8}: method resolution failed> (0x000000008c7fb6b8) thrown at [/scratch/opt/mach5/mesos/work_dir/slaves/5af44a71-976a-41b7-81de-5773b84ec572-S39643/frameworks/1735e8a2-a1db-478c-8104-60c8b0af87dd-
Event: 0,327 Thread 0x00007f25c8013000 Exception <a 'java/lang/NoSuchMethodError'{0x000000008c7ff370}: method resolution failed> (0x000000008c7ff370) thrown at [/scratch/opt/mach5/mesos/work_dir/slaves/5af44a71-976a-41b7-81de-5773b84ec572-S39643/frameworks/1735e8a2-a1db-478c-8104-60c8b0af87dd-
Event: 0,327 Thread 0x00007f25c8013000 Exception <a 'java/lang/NoSuchMethodError'{0x000000008c603018}: java.lang.invoke.DelegatingMethodHandle$Holder.delegate(Ljava/lang/Object;Ljava/lang/Object;ILjava/lang/Object;)V> (0x000000008c603018) thrown at [/scratch/opt/mach5/mesos/work_dir/slaves/5af
Event: 0,328 Thread 0x00007f25c8013000 Exception <a 'java/lang/NoSuchMethodError'{0x000000008c606d20}: java.lang.invoke.DirectMethodHandle$Holder.invokeSpecial(Ljava/lang/Object;Ljava/lang/Object;Ljava/lang/Object;)I> (0x000000008c606d20) thrown at [/scratch/opt/mach5/mesos/work_dir/slaves/5af
Event: 0,330 Thread 0x00007f25c8013000 Exception <a 'java/lang/NoSuchMethodError'{0x000000008c60e2e8}: java.lang.invoke.DirectMethodHandle$Holder.invokeStaticInit(Ljava/lang/Object;Ljava/lang/Object;Ljava/lang/Object;)Ljava/lang/Object;> (0x000000008c60e2e8) thrown at [/scratch/opt/mach5/mesos
Event: 0,345 Thread 0x00007f25c8013000 Exception <a 'java/lang/NoSuchMethodError'{0x000000008c658bf0}: java.lang.Object.lambda$static$0(Ljava/lang/String;)Ljava/lang/Boolean;> (0x000000008c658bf0) thrown at [/scratch/opt/mach5/mesos/work_dir/slaves/5af44a71-976a-41b7-81de-5773b84ec572-S39643/f
Event: 0,347 Thread 0x00007f25c8013000 Exception <a 'java/lang/NoSuchMethodError'{0x000000008c662ae0}: java.lang.Object.lambda$union$2(Ljava/util/regex/Pattern$CharPredicate;I)Z> (0x000000008c662ae0) thrown at [/scratch/opt/mach5/mesos/work_dir/slaves/5af44a71-976a-41b7-81de-5773b84ec572-S3964
Event: 0,420 Thread 0x00007f25c8013000 Exception <a 'sun/nio/fs/UnixException'{0x000000008c512ca0}> (0x000000008c512ca0) thrown at [/scratch/opt/mach5/mesos/work_dir/slaves/5af44a71-976a-41b7-81de-5773b84ec572-S39643/frameworks/1735e8a2-a1db-478c-8104-60c8b0af87dd-0196/executors/a3f74ad9-294f-

Events (10 events):
Event: 0,439 loading class org/lwjgl/system/linux/DynamicLinkLoader
Event: 0,439 loading class org/lwjgl/system/linux/DynamicLinkLoader done
Event: 0,439 Thread 0x00007f25c8013000 DEOPT PACKING pc=0x00007f25ae126406 sp=0x00007f25d0e98820
Event: 0,439 Thread 0x00007f25c8013000 DEOPT UNPACKING pc=0x00007f25adb90aab sp=0x00007f25d0e97c98 mode 0
Event: 0,448 loading class org/lwjgl/opengl/GL$2
Event: 0,448 loading class org/lwjgl/opengl/GL$2 done
Event: 0,448 loading class org/lwjgl/opengl/GL$SharedLibraryGL
Event: 0,448 loading class org/lwjgl/opengl/GL$SharedLibraryGL done
Event: 0,449 loading class org/lwjgl/system/SharedLibrary$Delegate
Event: 0,449 loading class org/lwjgl/system/SharedLibrary$Delegate done


Dynamic libraries:
00400000-00401000 r-xp 00000000 08:01 3807052                            /usr/lib/jvm/java-9-oracle/bin/java
00600000-00601000 rw-p 00000000 08:01 3807052                            /usr/lib/jvm/java-9-oracle/bin/java
021d1000-021f2000 rw-p 00000000 00:00 0                                  [heap]
85000000-8cc00000 rw-p 00000000 00:00 0 
8cc00000-100000000 ---p 00000000 00:00 0 
100000000-1000e0000 rw-p 00000000 00:00 0 
1000e0000-140000000 ---p 00000000 00:00 0 
7f2520000000-7f2520021000 rw-p 00000000 00:00 0 
7f2520021000-7f2524000000 ---p 00000000 00:00 0 
7f2524a87000-7f2524c86000 rw-p 00000000 00:00 0 
7f2524c86000-7f2524c8b000 r-xp 00000000 08:01 3415809                    /usr/lib/x86_64-linux-gnu/libXdmcp.so.6.0.0
7f2524c8b000-7f2524e8a000 ---p 00005000 08:01 3415809                    /usr/lib/x86_64-linux-gnu/libXdmcp.so.6.0.0
7f2524e8a000-7f2524e8b000 r--p 00004000 08:01 3415809                    /usr/lib/x86_64-linux-gnu/libXdmcp.so.6.0.0
7f2524e8b000-7f2524e8c000 rw-p 00005000 08:01 3415809                    /usr/lib/x86_64-linux-gnu/libXdmcp.so.6.0.0
7f2524e8c000-7f2524e8e000 r-xp 00000000 08:01 3415798                    /usr/lib/x86_64-linux-gnu/libXau.so.6.0.0
7f2524e8e000-7f252508e000 ---p 00002000 08:01 3415798                    /usr/lib/x86_64-linux-gnu/libXau.so.6.0.0
7f252508e000-7f252508f000 r--p 00002000 08:01 3415798                    /usr/lib/x86_64-linux-gnu/libXau.so.6.0.0
7f252508f000-7f2525090000 rw-p 00003000 08:01 3415798                    /usr/lib/x86_64-linux-gnu/libXau.so.6.0.0
7f2525090000-7f25250b1000 r-xp 00000000 08:01 3417216                    /usr/lib/x86_64-linux-gnu/libxcb.so.1.1.0
7f25250b1000-7f25252b0000 ---p 00021000 08:01 3417216                    /usr/lib/x86_64-linux-gnu/libxcb.so.1.1.0
7f25252b0000-7f25252b1000 r--p 00020000 08:01 3417216                    /usr/lib/x86_64-linux-gnu/libxcb.so.1.1.0
7f25252b1000-7f25252b2000 rw-p 00021000 08:01 3417216                    /usr/lib/x86_64-linux-gnu/libxcb.so.1.1.0
7f25252b2000-7f25252c3000 r-xp 00000000 08:01 3415811                    /usr/lib/x86_64-linux-gnu/libXext.so.6.4.0
7f25252c3000-7f25254c2000 ---p 00011000 08:01 3415811                    /usr/lib/x86_64-linux-gnu/libXext.so.6.4.0
7f25254c2000-7f25254c3000 r--p 00010000 08:01 3415811                    /usr/lib/x86_64-linux-gnu/libXext.so.6.4.0
7f25254c3000-7f25254c4000 rw-p 00011000 08:01 3415811                    /usr/lib/x86_64-linux-gnu/libXext.so.6.4.0
7f25254c4000-7f25255f9000 r-xp 00000000 08:01 3415794                    /usr/lib/x86_64-linux-gnu/libX11.so.6.3.0
7f25255f9000-7f25257f9000 ---p 00135000 08:01 3415794                    /usr/lib/x86_64-linux-gnu/libX11.so.6.3.0
7f25257f9000-7f25257fa000 r--p 00135000 08:01 3415794                    /usr/lib/x86_64-linux-gnu/libX11.so.6.3.0
7f25257fa000-7f25257fe000 rw-p 00136000 08:01 3415794                    /usr/lib/x86_64-linux-gnu/libX11.so.6.3.0
7f25257fe000-7f2526c1d000 r-xp 00000000 08:01 3427105                    /usr/lib/nvidia-390/libnvidia-glcore.so.390.59
7f2526c1d000-7f2526c3e000 rwxp 0141f000 08:01 3427105                    /usr/lib/nvidia-390/libnvidia-glcore.so.390.59
7f2526c3e000-7f2527073000 r-xp 01440000 08:01 3427105                    /usr/lib/nvidia-390/libnvidia-glcore.so.390.59
7f2527073000-7f2527272000 ---p 01875000 08:01 3427105                    /usr/lib/nvidia-390/libnvidia-glcore.so.390.59
7f2527272000-7f25275e6000 rw-p 01874000 08:01 3427105                    /usr/lib/nvidia-390/libnvidia-glcore.so.390.59
7f25275e6000-7f25275ff000 rw-p 00000000 00:00 0 
7f25275ff000-7f2527602000 r-xp 00000000 08:01 3427112                    /usr/lib/nvidia-390/tls/libnvidia-tls.so.390.59
7f2527602000-7f2527802000 ---p 00003000 08:01 3427112                    /usr/lib/nvidia-390/tls/libnvidia-tls.so.390.59
7f2527802000-7f2527803000 rw-p 00003000 08:01 3427112                    /usr/lib/nvidia-390/tls/libnvidia-tls.so.390.59
7f2527803000-7f25278cc000 r-xp 00000000 08:01 3427088                    /usr/lib/nvidia-390/libGL.so.390.59
7f25278cc000-7f2527900000 rwxp 000c9000 08:01 3427088                    /usr/lib/nvidia-390/libGL.so.390.59
7f2527900000-7f2527914000 r-xp 000fd000 08:01 3427088                    /usr/lib/nvidia-390/libGL.so.390.59
7f2527914000-7f2527b14000 ---p 00111000 08:01 3427088                    /usr/lib/nvidia-390/libGL.so.390.59
7f2527b14000-7f2527b39000 rw-p 00111000 08:01 3427088                    /usr/lib/nvidia-390/libGL.so.390.59
7f2527b39000-7f2527b40000 rw-p 00000000 00:00 0 
7f2527b40000-7f2527bab000 r-xp 00000000 08:01 23724402                   /tmp/lwjgloliver/3.1.5-build-1/liblwjgl_opengl.so
7f2527bab000-7f2527daa000 ---p 0006b000 08:01 23724402                   /tmp/lwjgloliver/3.1.5-build-1/liblwjgl_opengl.so
7f2527daa000-7f2527dab000 r--p 0006a000 08:01 23724402                   /tmp/lwjgloliver/3.1.5-build-1/liblwjgl_opengl.so
7f2527dab000-7f2527dac000 rw-p 0006b000 08:01 23724402                   /tmp/lwjgloliver/3.1.5-build-1/liblwjgl_opengl.so
7f2527dac000-7f2527dff000 r-xp 00000000 08:01 23724399                   /tmp/lwjgloliver/3.1.5-build-1/liblwjgl.so
7f2527dff000-7f2527ffe000 ---p 00053000 08:01 23724399                   /tmp/lwjgloliver/3.1.5-build-1/liblwjgl.so
7f2527ffe000-7f2527fff000 r--p 00052000 08:01 23724399                   /tmp/lwjgloliver/3.1.5-build-1/liblwjgl.so
7f2527fff000-7f2528000000 rw-p 00053000 08:01 23724399                   /tmp/lwjgloliver/3.1.5-build-1/liblwjgl.so
7f2528000000-7f2528021000 rw-p 00000000 00:00 0 
7f2528021000-7f252c000000 ---p 00000000 00:00 0 
7f252c000000-7f252c021000 rw-p 00000000 00:00 0 
7f252c021000-7f2530000000 ---p 00000000 00:00 0 
7f2530000000-7f2530168000 rw-p 00000000 00:00 0 
7f2530168000-7f2534000000 ---p 00000000 00:00 0 
7f2534000000-7f2534021000 rw-p 00000000 00:00 0 
7f2534021000-7f2538000000 ---p 00000000 00:00 0 
7f2538000000-7f2538049000 rw-p 00000000 00:00 0 
7f2538049000-7f253c000000 ---p 00000000 00:00 0 
7f253c000000-7f253c166000 rw-p 00000000 00:00 0 
7f253c166000-7f2540000000 ---p 00000000 00:00 0 
7f2540000000-7f2540021000 rw-p 00000000 00:00 0 
7f2540021000-7f2544000000 ---p 00000000 00:00 0 
7f2544000000-7f25441cb000 rw-p 00000000 00:00 0 
7f25441cb000-7f2548000000 ---p 00000000 00:00 0 
7f2548000000-7f2548021000 rw-p 00000000 00:00 0 
7f2548021000-7f254c000000 ---p 00000000 00:00 0 
7f254c000000-7f254c021000 rw-p 00000000 00:00 0 
7f254c021000-7f2550000000 ---p 00000000 00:00 0 
7f2550000000-7f2550021000 rw-p 00000000 00:00 0 
7f2550021000-7f2554000000 ---p 00000000 00:00 0 
7f2554174000-7f2554175000 ---p 00000000 00:00 0 
7f2554175000-7f2554275000 rw-p 00000000 00:00 0 
7f2554275000-7f2554279000 ---p 00000000 00:00 0 
7f2554279000-7f2554376000 rw-p 00000000 00:00 0 
7f2554376000-7f255437a000 ---p 00000000 00:00 0 
7f255437a000-7f2554477000 rw-p 00000000 00:00 0 
7f2554477000-7f255448d000 r-xp 00000000 08:01 5641750                    /usr/lib/jvm/java-9-oracle/lib/libnet.so
7f255448d000-7f255468d000 ---p 00016000 08:01 5641750                    /usr/lib/jvm/java-9-oracle/lib/libnet.so
7f255468d000-7f255468e000 rw-p 00016000 08:01 5641750                    /usr/lib/jvm/java-9-oracle/lib/libnet.so
7f255468e000-7f255469e000 r-xp 00000000 08:01 5641814                    /usr/lib/jvm/java-9-oracle/lib/libnio.so
7f255469e000-7f255489e000 ---p 00010000 08:01 5641814                    /usr/lib/jvm/java-9-oracle/lib/libnio.so
7f255489e000-7f255489f000 rw-p 00010000 08:01 5641814                    /usr/lib/jvm/java-9-oracle/lib/libnio.so
7f255489f000-7f25548a3000 ---p 00000000 00:00 0 
7f25548a3000-7f25549a0000 rw-p 00000000 00:00 0 
7f25549a0000-7f25549a4000 ---p 00000000 00:00 0 
7f25549a4000-7f2554aa1000 rw-p 00000000 00:00 0 
7f2554aa1000-7f2554aa5000 ---p 00000000 00:00 0 
7f2554aa5000-7f2554ba2000 rw-p 00000000 00:00 0 
7f2554ba2000-7f2554ba6000 ---p 00000000 00:00 0 
7f2554ba6000-7f2554ca3000 rw-p 00000000 00:00 0 
7f2554ca3000-7f2554ca7000 ---p 00000000 00:00 0 
7f2554ca7000-7f2554da4000 rw-p 00000000 00:00 0 
7f2554da4000-7f2554da8000 ---p 00000000 00:00 0 
7f2554da8000-7f2554ea5000 rw-p 00000000 00:00 0 
7f2554ea5000-7f25552fb000 r--p 00000000 08:01 3409364                    /usr/lib/locale/locale-archive
7f25552fb000-7f25552ff000 ---p 00000000 00:00 0 
7f25552ff000-7f25553fc000 rw-p 00000000 00:00 0 
7f25553fc000-7f2555400000 ---p 00000000 00:00 0 
7f2555400000-7f25554fd000 rw-p 00000000 00:00 0 
7f25554fd000-7f25554fe000 ---p 00000000 00:00 0 
7f25554fe000-7f2555dfe000 rw-p 00000000 00:00 0 
7f2555dfe000-7f2556000000 rw-p 00000000 00:00 0 
7f2556000000-7f2558000000 rwxp 00000000 00:00 0 
7f2558000000-7f2558021000 rw-p 00000000 00:00 0 
7f2558021000-7f255c000000 ---p 00000000 00:00 0 
7f255c000000-7f255c021000 rw-p 00000000 00:00 0 
7f255c021000-7f2560000000 ---p 00000000 00:00 0 
7f2560000000-7f2560021000 rw-p 00000000 00:00 0 
7f2560021000-7f2564000000 ---p 00000000 00:00 0 
7f256407e000-7f2564470000 rw-p 00000000 00:00 0 
7f2564470000-7f2566140000 ---p 00000000 00:00 0 
7f2566140000-7f2566330000 rw-p 00000000 00:00 0 
7f2566330000-7f2568000000 ---p 00000000 00:00 0 
7f2568000000-7f2568021000 rw-p 00000000 00:00 0 
7f2568021000-7f256c000000 ---p 00000000 00:00 0 
7f256c000000-7f256c021000 rw-p 00000000 00:00 0 
7f256c021000-7f2570000000 ---p 00000000 00:00 0 
7f2570000000-7f2570021000 rw-p 00000000 00:00 0 
7f2570021000-7f2574000000 ---p 00000000 00:00 0 
7f2574000000-7f2574021000 rw-p 00000000 00:00 0 
7f2574021000-7f2578000000 ---p 00000000 00:00 0 
7f2578000000-7f2578021000 rw-p 00000000 00:00 0 
7f2578021000-7f257c000000 ---p 00000000 00:00 0 
7f257c000000-7f257c021000 rw-p 00000000 00:00 0 
7f257c021000-7f2580000000 ---p 00000000 00:00 0 
7f2580000000-7f2580021000 rw-p 00000000 00:00 0 
7f2580021000-7f2584000000 ---p 00000000 00:00 0 
7f2584000000-7f2584021000 rw-p 00000000 00:00 0 
7f2584021000-7f2588000000 ---p 00000000 00:00 0 
7f2588000000-7f2588021000 rw-p 00000000 00:00 0 
7f2588021000-7f258c000000 ---p 00000000 00:00 0 
7f258c000000-7f258c021000 rw-p 00000000 00:00 0 
7f258c021000-7f2590000000 ---p 00000000 00:00 0 
7f2590000000-7f2590021000 rw-p 00000000 00:00 0 
7f2590021000-7f2594000000 ---p 00000000 00:00 0 
7f2594000000-7f2594021000 rw-p 00000000 00:00 0 
7f2594021000-7f2598000000 ---p 00000000 00:00 0 
7f2598000000-7f2598021000 rw-p 00000000 00:00 0 
7f2598021000-7f259c000000 ---p 00000000 00:00 0 
7f259c000000-7f259c021000 rw-p 00000000 00:00 0 
7f259c021000-7f25a0000000 ---p 00000000 00:00 0 
7f25a0000000-7f25a0021000 rw-p 00000000 00:00 0 
7f25a0021000-7f25a4000000 ---p 00000000 00:00 0 
7f25a4000000-7f25a4021000 rw-p 00000000 00:00 0 
7f25a4021000-7f25a8000000 ---p 00000000 00:00 0 
7f25a8000000-7f25a8021000 rw-p 00000000 00:00 0 
7f25a8021000-7f25ac000000 ---p 00000000 00:00 0 
7f25ac007000-7f25ac4dc000 rw-p 00000000 00:00 0 
7f25ac4dc000-7f25ac4dd000 ---p 00000000 00:00 0 
7f25ac4dd000-7f25ac5dd000 rw-p 00000000 00:00 0 
7f25ac5dd000-7f25ac5de000 ---p 00000000 00:00 0 
7f25ac5de000-7f25ac6de000 rw-p 00000000 00:00 0 
7f25ac6de000-7f25ac6df000 ---p 00000000 00:00 0 
7f25ac6df000-7f25ac81d000 rw-p 00000000 00:00 0 
7f25ac81d000-7f25acbb7000 ---p 00000000 00:00 0 
7f25acbb7000-7f25acbf5000 rw-p 00000000 00:00 0 
7f25acbf5000-7f25ad367000 ---p 00000000 00:00 0 
7f25ad367000-7f25ad3a5000 rw-p 00000000 00:00 0 
7f25ad3a5000-7f25ad73f000 ---p 00000000 00:00 0 
7f25ad73f000-7f25ad740000 ---p 00000000 00:00 0 
7f25ad740000-7f25ad840000 rw-p 00000000 00:00 0 
7f25ad840000-7f25ad841000 ---p 00000000 00:00 0 
7f25ad841000-7f25ad941000 rw-p 00000000 00:00 0 
7f25ad941000-7f25ad942000 ---p 00000000 00:00 0 
7f25ad942000-7f25ada42000 rw-p 00000000 00:00 0 
7f25ada42000-7f25ada43000 ---p 00000000 00:00 0 
7f25ada43000-7f25adb43000 rw-p 00000000 00:00 0 
7f25adb43000-7f25addb3000 rwxp 00000000 00:00 0 
7f25addb3000-7f25ae0d4000 ---p 00000000 00:00 0 
7f25ae0d4000-7f25ae344000 rwxp 00000000 00:00 0 
7f25ae344000-7f25b560b000 ---p 00000000 00:00 0 
7f25b560b000-7f25b587b000 rwxp 00000000 00:00 0 
7f25b587b000-7f25bcb43000 ---p 00000000 00:00 0 
7f25bcb43000-7f25c8000000 r--s 00000000 08:01 5641785                    /usr/lib/jvm/java-9-oracle/lib/modules
7f25c8000000-7f25c8698000 rw-p 00000000 00:00 0 
7f25c8698000-7f25cc000000 ---p 00000000 00:00 0 
7f25cc009000-7f25cc062000 rw-p 00000000 00:00 0 
7f25cc062000-7f25cc063000 ---p 00000000 00:00 0 
7f25cc063000-7f25cc163000 rw-p 00000000 00:00 0 
7f25cc163000-7f25cc164000 ---p 00000000 00:00 0 
7f25cc164000-7f25cc264000 rw-p 00000000 00:00 0 
7f25cc264000-7f25cc265000 ---p 00000000 00:00 0 
7f25cc265000-7f25cc365000 rw-p 00000000 00:00 0 
7f25cc365000-7f25cc366000 ---p 00000000 00:00 0 
7f25cc366000-7f25cc466000 rw-p 00000000 00:00 0 
7f25cc466000-7f25cc467000 ---p 00000000 00:00 0 
7f25cc467000-7f25ccd6f000 rw-p 00000000 00:00 0 
7f25ccd6f000-7f25ccd70000 ---p 00000000 00:00 0 
7f25ccd70000-7f25cce70000 rw-p 00000000 00:00 0 
7f25cce70000-7f25cce71000 ---p 00000000 00:00 0 
7f25cce71000-7f25ccf71000 rw-p 00000000 00:00 0 
7f25ccf71000-7f25ccf72000 ---p 00000000 00:00 0 
7f25ccf72000-7f25cd072000 rw-p 00000000 00:00 0 
7f25cd072000-7f25cd073000 ---p 00000000 00:00 0 
7f25cd073000-7f25cd173000 rw-p 00000000 00:00 0 
7f25cd173000-7f25cd174000 ---p 00000000 00:00 0 
7f25cd174000-7f25cd274000 rw-p 00000000 00:00 0 
7f25cd274000-7f25cd275000 ---p 00000000 00:00 0 
7f25cd275000-7f25cd375000 rw-p 00000000 00:00 0 
7f25cd375000-7f25cd376000 ---p 00000000 00:00 0 
7f25cd376000-7f25cd476000 rw-p 00000000 00:00 0 
7f25cd476000-7f25cd477000 ---p 00000000 00:00 0 
7f25cd477000-7f25cd57c000 rw-p 00000000 00:00 0 
7f25cd57c000-7f25cd662000 ---p 00000000 00:00 0 
7f25cd662000-7f25cd667000 rw-p 00000000 00:00 0 
7f25cd667000-7f25cd74d000 ---p 00000000 00:00 0 
7f25cd74d000-7f25cd767000 r-xp 00000000 08:01 5641707                    /usr/lib/jvm/java-9-oracle/lib/libjimage.so
7f25cd767000-7f25cd966000 ---p 0001a000 08:01 5641707                    /usr/lib/jvm/java-9-oracle/lib/libjimage.so
7f25cd966000-7f25cd968000 rw-p 00019000 08:01 5641707                    /usr/lib/jvm/java-9-oracle/lib/libjimage.so
7f25cd968000-7f25cd97a000 rw-p 00000000 00:00 0 
7f25cd97a000-7f25cd981000 r-xp 00000000 08:01 5641822                    /usr/lib/jvm/java-9-oracle/lib/libzip.so
7f25cd981000-7f25cdb80000 ---p 00007000 08:01 5641822                    /usr/lib/jvm/java-9-oracle/lib/libzip.so
7f25cdb80000-7f25cdb81000 rw-p 00006000 08:01 5641822                    /usr/lib/jvm/java-9-oracle/lib/libzip.so
7f25cdb81000-7f25cdb8c000 r-xp 00000000 08:01 24642406                   /lib/x86_64-linux-gnu/libnss_files-2.23.so
7f25cdb8c000-7f25cdd8b000 ---p 0000b000 08:01 24642406                   /lib/x86_64-linux-gnu/libnss_files-2.23.so
7f25cdd8b000-7f25cdd8c000 r--p 0000a000 08:01 24642406                   /lib/x86_64-linux-gnu/libnss_files-2.23.so
7f25cdd8c000-7f25cdd8d000 rw-p 0000b000 08:01 24642406                   /lib/x86_64-linux-gnu/libnss_files-2.23.so
7f25cdd8d000-7f25cdd93000 rw-p 00000000 00:00 0 
7f25cdd93000-7f25cdd9e000 r-xp 00000000 08:01 24642410                   /lib/x86_64-linux-gnu/libnss_nis-2.23.so
7f25cdd9e000-7f25cdf9d000 ---p 0000b000 08:01 24642410                   /lib/x86_64-linux-gnu/libnss_nis-2.23.so
7f25cdf9d000-7f25cdf9e000 r--p 0000a000 08:01 24642410                   /lib/x86_64-linux-gnu/libnss_nis-2.23.so
7f25cdf9e000-7f25cdf9f000 rw-p 0000b000 08:01 24642410                   /lib/x86_64-linux-gnu/libnss_nis-2.23.so
7f25cdf9f000-7f25cdfb5000 r-xp 00000000 08:01 24642390                   /lib/x86_64-linux-gnu/libnsl-2.23.so
7f25cdfb5000-7f25ce1b4000 ---p 00016000 08:01 24642390                   /lib/x86_64-linux-gnu/libnsl-2.23.so
7f25ce1b4000-7f25ce1b5000 r--p 00015000 08:01 24642390                   /lib/x86_64-linux-gnu/libnsl-2.23.so
7f25ce1b5000-7f25ce1b6000 rw-p 00016000 08:01 24642390                   /lib/x86_64-linux-gnu/libnsl-2.23.so
7f25ce1b6000-7f25ce1b8000 rw-p 00000000 00:00 0 
7f25ce1b8000-7f25ce1c0000 r-xp 00000000 08:01 24642401                   /lib/x86_64-linux-gnu/libnss_compat-2.23.so
7f25ce1c0000-7f25ce3bf000 ---p 00008000 08:01 24642401                   /lib/x86_64-linux-gnu/libnss_compat-2.23.so
7f25ce3bf000-7f25ce3c0000 r--p 00007000 08:01 24642401                   /lib/x86_64-linux-gnu/libnss_compat-2.23.so
7f25ce3c0000-7f25ce3c1000 rw-p 00008000 08:01 24642401                   /lib/x86_64-linux-gnu/libnss_compat-2.23.so
7f25ce3c1000-7f25ce3ec000 r-xp 00000000 08:01 5641743                    /usr/lib/jvm/java-9-oracle/lib/libjava.so
7f25ce3ec000-7f25ce5eb000 ---p 0002b000 08:01 5641743                    /usr/lib/jvm/java-9-oracle/lib/libjava.so
7f25ce5eb000-7f25ce5ed000 rw-p 0002a000 08:01 5641743                    /usr/lib/jvm/java-9-oracle/lib/libjava.so
7f25ce5ed000-7f25ce5fa000 r-xp 00000000 08:01 5641768                    /usr/lib/jvm/java-9-oracle/lib/libverify.so
7f25ce5fa000-7f25ce7f9000 ---p 0000d000 08:01 5641768                    /usr/lib/jvm/java-9-oracle/lib/libverify.so
7f25ce7f9000-7f25ce7fb000 rw-p 0000c000 08:01 5641768                    /usr/lib/jvm/java-9-oracle/lib/libverify.so
7f25ce7fb000-7f25ce802000 r-xp 00000000 08:01 24642411                   /lib/x86_64-linux-gnu/librt-2.23.so
7f25ce802000-7f25cea01000 ---p 00007000 08:01 24642411                   /lib/x86_64-linux-gnu/librt-2.23.so
7f25cea01000-7f25cea02000 r--p 00006000 08:01 24642411                   /lib/x86_64-linux-gnu/librt-2.23.so
7f25cea02000-7f25cea03000 rw-p 00007000 08:01 24642411                   /lib/x86_64-linux-gnu/librt-2.23.so
7f25cea03000-7f25ceb0b000 r-xp 00000000 08:01 24642389                   /lib/x86_64-linux-gnu/libm-2.23.so
7f25ceb0b000-7f25ced0a000 ---p 00108000 08:01 24642389                   /lib/x86_64-linux-gnu/libm-2.23.so
7f25ced0a000-7f25ced0b000 r--p 00107000 08:01 24642389                   /lib/x86_64-linux-gnu/libm-2.23.so
7f25ced0b000-7f25ced0c000 rw-p 00108000 08:01 24642389                   /lib/x86_64-linux-gnu/libm-2.23.so
7f25ced0c000-7f25cfd21000 r-xp 00000000 08:01 6951024                    /usr/lib/jvm/java-9-oracle/lib/server/libjvm.so
7f25cfd21000-7f25cff20000 ---p 01015000 08:01 6951024                    /usr/lib/jvm/java-9-oracle/lib/server/libjvm.so
7f25cff20000-7f25cfff1000 r--p 01014000 08:01 6951024                    /usr/lib/jvm/java-9-oracle/lib/server/libjvm.so
7f25cfff1000-7f25d0028000 rw-p 010e5000 08:01 6951024                    /usr/lib/jvm/java-9-oracle/lib/server/libjvm.so
7f25d0028000-7f25d0091000 rw-p 00000000 00:00 0 
7f25d0091000-7f25d0251000 r-xp 00000000 08:01 24642393                   /lib/x86_64-linux-gnu/libc-2.23.so
7f25d0251000-7f25d0451000 ---p 001c0000 08:01 24642393                   /lib/x86_64-linux-gnu/libc-2.23.so
7f25d0451000-7f25d0455000 r--p 001c0000 08:01 24642393                   /lib/x86_64-linux-gnu/libc-2.23.so
7f25d0455000-7f25d0457000 rw-p 001c4000 08:01 24642393                   /lib/x86_64-linux-gnu/libc-2.23.so
7f25d0457000-7f25d045b000 rw-p 00000000 00:00 0 
7f25d045b000-7f25d045e000 r-xp 00000000 08:01 24642395                   /lib/x86_64-linux-gnu/libdl-2.23.so
7f25d045e000-7f25d065d000 ---p 00003000 08:01 24642395                   /lib/x86_64-linux-gnu/libdl-2.23.so
7f25d065d000-7f25d065e000 r--p 00002000 08:01 24642395                   /lib/x86_64-linux-gnu/libdl-2.23.so
7f25d065e000-7f25d065f000 rw-p 00003000 08:01 24642395                   /lib/x86_64-linux-gnu/libdl-2.23.so
7f25d065f000-7f25d066d000 r-xp 00000000 08:01 6951026                    /usr/lib/jvm/java-9-oracle/lib/jli/libjli.so
7f25d066d000-7f25d086d000 ---p 0000e000 08:01 6951026                    /usr/lib/jvm/java-9-oracle/lib/jli/libjli.so
7f25d086d000-7f25d086e000 rw-p 0000e000 08:01 6951026                    /usr/lib/jvm/java-9-oracle/lib/jli/libjli.so
7f25d086e000-7f25d0886000 r-xp 00000000 08:01 24642392                   /lib/x86_64-linux-gnu/libpthread-2.23.so
7f25d0886000-7f25d0a85000 ---p 00018000 08:01 24642392                   /lib/x86_64-linux-gnu/libpthread-2.23.so
7f25d0a85000-7f25d0a86000 r--p 00017000 08:01 24642392                   /lib/x86_64-linux-gnu/libpthread-2.23.so
7f25d0a86000-7f25d0a87000 rw-p 00018000 08:01 24642392                   /lib/x86_64-linux-gnu/libpthread-2.23.so
7f25d0a87000-7f25d0a8b000 rw-p 00000000 00:00 0 
7f25d0a8b000-7f25d0aa4000 r-xp 00000000 08:01 24646264                   /lib/x86_64-linux-gnu/libz.so.1.2.8
7f25d0aa4000-7f25d0ca3000 ---p 00019000 08:01 24646264                   /lib/x86_64-linux-gnu/libz.so.1.2.8
7f25d0ca3000-7f25d0ca4000 r--p 00018000 08:01 24646264                   /lib/x86_64-linux-gnu/libz.so.1.2.8
7f25d0ca4000-7f25d0ca5000 rw-p 00019000 08:01 24646264                   /lib/x86_64-linux-gnu/libz.so.1.2.8
7f25d0ca5000-7f25d0ccb000 r-xp 00000000 08:01 24642391                   /lib/x86_64-linux-gnu/ld-2.23.so
7f25d0cde000-7f25d0d9b000 rw-p 00000000 00:00 0 
7f25d0d9b000-7f25d0da0000 ---p 00000000 00:00 0 
7f25d0da0000-7f25d0ea1000 rw-p 00000000 00:00 0 
7f25d0eb3000-7f25d0eb9000 rw-p 00000000 00:00 0 
7f25d0eb9000-7f25d0ec0000 ---p 00000000 00:00 0 
7f25d0ec0000-7f25d0ec8000 rw-s 00000000 08:01 23724080                   /tmp/hsperfdata_oliver/8533
7f25d0ec8000-7f25d0ec9000 rw-p 00000000 00:00 0 
7f25d0ec9000-7f25d0eca000 r--p 00000000 00:00 0 
7f25d0eca000-7f25d0ecb000 r--p 00025000 08:01 24642391                   /lib/x86_64-linux-gnu/ld-2.23.so
7f25d0ecb000-7f25d0ecc000 rw-p 00026000 08:01 24642391                   /lib/x86_64-linux-gnu/ld-2.23.so
7f25d0ecc000-7f25d0ecd000 rw-p 00000000 00:00 0 
7ffd15fe4000-7ffd16006000 rw-p 00000000 00:00 0                          [stack]
7ffd1600c000-7ffd1600f000 r--p 00000000 00:00 0                          [vvar]
7ffd1600f000-7ffd16011000 r-xp 00000000 00:00 0                          [vdso]
ffffffffff600000-ffffffffff601000 r-xp 00000000 00:00 0                  [vsyscall]

VM Arguments:
jvm_args: -Dorg.lwjgl.util.Debug=true -Djava.library.path=nope -Dfile.encoding=UTF-8 
java_command: base.IkSolver
java_class_path (initial): /home/oliver/git/Master_thesis_java/Masterthesis_IK/target/classes:/home/oliver/git/Master_thesis_java/Masterthesis_IK/libs/Caliko-v1.3.3/jar/caliko-1.3.3.jar:/home/oliver/git/Master_thesis_java/Masterthesis_IK/libs/Caliko-v1.3.3/jar/caliko-demo-1.3.3.jar:/home/oliver/git/Master_thesis_java/Masterthesis_IK/libs/Caliko-v1.3.3/jar/caliko-visualisation-1.3.3.jar:/home/oliver/.m2/repository/org/lwjgl/lwjgl/3.1.5/lwjgl-3.1.5.jar:/home/oliver/.m2/repository/org/lwjgl/lwjgl-assimp/3.1.5/lwjgl-assimp-3.1.5.jar:/home/oliver/.m2/repository/org/lwjgl/lwjgl-bgfx/3.1.5/lwjgl-bgfx-3.1.5.jar:/home/oliver/.m2/repository/org/lwjgl/lwjgl-glfw/3.1.5/lwjgl-glfw-3.1.5.jar:/home/oliver/.m2/repository/org/lwjgl/lwjgl-nanovg/3.1.5/lwjgl-nanovg-3.1.5.jar:/home/oliver/.m2/repository/org/lwjgl/lwjgl-nuklear/3.1.5/lwjgl-nuklear-3.1.5.jar:/home/oliver/.m2/repository/org/lwjgl/lwjgl-openal/3.1.5/lwjgl-openal-3.1.5.jar:/home/oliver/.m2/repository/org/lwjgl/lwjgl-opengl/3.1.5/lwjgl-opengl-3.1.5.jar:/home/oliver/.m2/repository/org/lwjgl/lwjgl-openvr/3.1.5/lwjgl-openvr-3.1.5.jar:/home/oliver/.m2/repository/org/lwjgl/lwjgl-par/3.1.5/lwjgl-par-3.1.5.jar:/home/oliver/.m2/repository/org/lwjgl/lwjgl-stb/3.1.5/lwjgl-stb-3.1.5.jar:/home/oliver/.m2/repository/org/lwjgl/lwjgl-vulkan/3.1.5/lwjgl-vulkan-3.1.5.jar:/home/oliver/.m2/repository/org/lwjgl/lwjgl/3.1.5/lwjgl-3.1.5-natives-linux.jar:/home/oliver/.m2/repository/org/lwjgl/lwjgl-assimp/3.1.5/lwjgl-assimp-3.1.5-natives-linux.jar:/home/oliver/.m2/repository/org/lwjgl/lwjgl-bgfx/3.1.5/lwjgl-bgfx-3.1.5-natives-linux.jar:/home/oliver/.m2/repository/org/lwjgl/lwjgl-glfw/3.1.5/lwjgl-glfw-3.1.5-natives-linux.jar:/home/oliver/.m2/repository/org/lwjgl/lwjgl-nanovg/3.1.5/lwjgl-nanovg-3.1.5-natives-linux.jar:/home/oliver/.m2/repository/org/lwjgl/lwjgl-nuklear/3.1.5/lwjgl-nuklear-3.1.5-natives-linux.jar:/home/oliver/.m2/repository/org/lwjgl/lwjgl-openal/3.1.5/lwjgl-openal-3.1.5-natives-linux.jar:/home/oliver/.m2/repository/org/lwjgl/lwjgl
Launcher Type: SUN_STANDARD

Logging:
Log output configuration:
#0: stdout all=warning uptime,level,tags
#1: stderr all=off uptime,level,tags

Environment Variables:
JAVA_HOME=/usr/lib/jvm/java-9-oracle
PATH=/home/oliver/bin:/home/oliver/.local/bin:/usr/local/sbin:/usr/local/bin:/usr/sbin:/usr/bin:/sbin:/bin:/usr/games:/usr/local/games:/snap/bin:/usr/lib/jvm/java-9-oracle/bin:/usr/lib/jvm/java-9-oracle/db/bin
SHELL=/bin/bash
DISPLAY=:0

Signal Handlers:
SIGSEGV: [libjvm.so+0xd4d370], sa_mask[0]=11111111011111111101111111111110, sa_flags=SA_RESTART|SA_SIGINFO
SIGBUS: [libjvm.so+0xd4d370], sa_mask[0]=11111111011111111101111111111110, sa_flags=SA_RESTART|SA_SIGINFO
SIGFPE: [libjvm.so+0xd4d370], sa_mask[0]=11111111011111111101111111111110, sa_flags=SA_RESTART|SA_SIGINFO
SIGPIPE: [libjvm.so+0xb64780], sa_mask[0]=11111111011111111101111111111110, sa_flags=SA_RESTART|SA_SIGINFO
SIGXFSZ: [libjvm.so+0xb64780], sa_mask[0]=11111111011111111101111111111110, sa_flags=SA_RESTART|SA_SIGINFO
SIGILL: [libjvm.so+0xd4d370], sa_mask[0]=11111111011111111101111111111110, sa_flags=SA_RESTART|SA_SIGINFO
SIGUSR2: [libjvm.so+0xb64640], sa_mask[0]=00100000000000000000000000000000, sa_flags=SA_RESTART|SA_SIGINFO
SIGHUP: [libjvm.so+0xb64850], sa_mask[0]=11111111011111111101111111111110, sa_flags=SA_RESTART|SA_SIGINFO
SIGINT: [libjvm.so+0xb64850], sa_mask[0]=11111111011111111101111111111110, sa_flags=SA_RESTART|SA_SIGINFO
SIGTERM: [libjvm.so+0xb64850], sa_mask[0]=11111111011111111101111111111110, sa_flags=SA_RESTART|SA_SIGINFO
SIGQUIT: [libjvm.so+0xb64850], sa_mask[0]=11111111011111111101111111111110, sa_flags=SA_RESTART|SA_SIGINFO


---------------  S Y S T E M  ---------------

OS:DISTRIB_ID=Ubuntu
DISTRIB_RELEASE=16.04
DISTRIB_CODENAME=xenial
DISTRIB_DESCRIPTION="Ubuntu 16.04.4 LTS"
uname:Linux 4.13.0-43-generic #48~16.04.1-Ubuntu SMP Thu May 17 12:56:46 UTC 2018 x86_64
libc:glibc 2.23 NPTL 2.23 
rlimit: STACK 8192k, CORE 0k, NPROC 31242, NOFILE 1048576, AS infinity
load average:5,87 2,06 1,71

/proc/meminfo:
MemTotal:        8059520 kB
MemFree:         2660116 kB
MemAvailable:    4740172 kB
Buffers:          492372 kB
Cached:          1685124 kB
SwapCached:            0 kB
Active:          3571456 kB
Inactive:        1265864 kB
Active(anon):    2612896 kB
Inactive(anon):   117008 kB
Active(file):     958560 kB
Inactive(file):  1148856 kB
Unevictable:          80 kB
Mlocked:              80 kB
SwapTotal:       8278012 kB
SwapFree:        8278012 kB
Dirty:             10984 kB
Writeback:             0 kB
AnonPages:       2660064 kB
Mapped:           787444 kB
Shmem:            118220 kB
Slab:             344028 kB
SReclaimable:     277884 kB
SUnreclaim:        66144 kB
KernelStack:       15760 kB
PageTables:        50332 kB
NFS_Unstable:          0 kB
Bounce:                0 kB
WritebackTmp:          0 kB
CommitLimit:    12307772 kB
Committed_AS:    9118720 kB
VmallocTotal:   34359738367 kB
VmallocUsed:           0 kB
VmallocChunk:          0 kB
HardwareCorrupted:     0 kB
AnonHugePages:         0 kB
ShmemHugePages:        0 kB
ShmemPmdMapped:        0 kB
CmaTotal:              0 kB
CmaFree:               0 kB
HugePages_Total:       0
HugePages_Free:        0
HugePages_Rsvd:        0
HugePages_Surp:        0
Hugepagesize:       2048 kB
DirectMap4k:      336444 kB
DirectMap2M:     7944192 kB


CPU:total 8 (initial active 8) (4 cores per cpu, 2 threads per core) family 6 model 42 stepping 7, cmov, cx8, fxsr, mmx, sse, sse2, sse3, ssse3, sse4.1, sse4.2, popcnt, avx, aes, clmul, ht, tsc, tscinvbit
CPU Model and flags from /proc/cpuinfo:
model name	: Intel(R) Core(TM) i7-2630QM CPU @ 2.00GHz
flags		: fpu vme de pse tsc msr pae mce cx8 apic sep mtrr pge mca cmov pat pse36 clflush dts acpi mmx fxsr sse sse2 ss ht tm pbe syscall nx rdtscp lm constant_tsc arch_perfmon pebs bts nopl xtopology nonstop_tsc cpuid aperfmperf pni pclmulqdq dtes64 monitor ds_cpl vmx est tm2 ssse3 cx16 xtpr pdcm pcid sse4_1 sse4_2 x2apic popcnt tsc_deadline_timer aes xsave avx lahf_lm epb pti retpoline spec_ctrl tpr_shadow vnmi flexpriority ept vpid xsaveopt dtherm ida arat pln pts

Memory: 4k page, physical 8059520k(2660116k free), swap 8278012k(8278012k free)

vm_info: Java HotSpot(TM) 64-Bit Server VM (9.0.4+11) for linux-amd64 JRE (9.0.4+11), built on Dec 19 2017 18:12:19 by "mach5one" with gcc 4.9.2

END.
