#
# A fatal error has been detected by the Java Runtime Environment:
#
#  SIGSEGV (0xb) at pc=0x00007f82f7cdd527, pid=21292, tid=21297
#
# JRE version: Java(TM) SE Runtime Environment (9.0+11) (build 9.0.4+11)
# Java VM: Java HotSpot(TM) 64-Bit Server VM (9.0.4+11, mixed mode, tiered, compressed oops, g1 gc, linux-amd64)
# Problematic frame:
# C  [liblwjgl_opengl.so+0x49527]  Java_org_lwjgl_opengl_GL11_glClearColor+0x7
#
# Core dump will be written. Default location: Core dumps may be processed with "/usr/share/apport/apport %p %s %c %d %P" (or dumping to /home/oliver/git/Master_thesis_java/Masterthesis_IK/core.21292)
#
# If you would like to submit a bug report, please visit:
#   http://bugreport.java.com/bugreport/crash.jsp
# The crash happened outside the Java Virtual Machine in native code.
# See problematic frame for where to report the bug.
#

---------------  S U M M A R Y ------------

Command Line: -Dorg.lwjgl.util.Debug=true -Djava.library.path=nope -Dfile.encoding=UTF-8 base.IkSolver

Host: Intel(R) Core(TM) i7-2630QM CPU @ 2.00GHz, 8 cores, 7G, Ubuntu 16.04.4 LTS
Time: Wed May  9 15:19:36 2018 CEST elapsed time: 0 seconds (0d 0h 0m 0s)

---------------  T H R E A D  ---------------

Current thread (0x00007f83a8013000):  JavaThread "main" [_thread_in_native, id=21297, stack(0x00007f83b1695000,0x00007f83b1795000)]

Stack: [0x00007f83b1695000,0x00007f83b1795000],  sp=0x00007f83b1793728,  free space=1017k
Native frames: (J=compiled Java code, A=aot compiled Java code, j=interpreted, Vv=VM code, C=native code)
C  [liblwjgl_opengl.so+0x49527]  Java_org_lwjgl_opengl_GL11_glClearColor+0x7
j  base.IkSolver.loop()V+4
j  base.IkSolver.run()V+1368
j  base.IkSolver.main([Ljava/lang/String;)V+7
v  ~StubRoutines::call_stub
V  [libjvm.so+0x83d60a]  JavaCalls::call_helper(JavaValue*, methodHandle const&, JavaCallArguments*, Thread*)+0x47a
V  [libjvm.so+0x89a67f]  jni_invoke_static(JNIEnv_*, JavaValue*, _jobject*, JNICallType, _jmethodID*, JNI_ArgumentPusher*, Thread*) [clone .isra.90]+0x21f
V  [libjvm.so+0x8ab5ce]  jni_CallStaticVoidMethod+0x14e
C  [libjli.so+0x4397]  JavaMain+0xa17
C  [libpthread.so.0+0x76ba]  start_thread+0xca

Java frames: (J=compiled Java code, j=interpreted, Vv=VM code)
j  org.lwjgl.opengl.GL11.glClearColor(FFFF)V+0
j  base.IkSolver.loop()V+4
j  base.IkSolver.run()V+1368
j  base.IkSolver.main([Ljava/lang/String;)V+7
v  ~StubRoutines::call_stub

siginfo: si_signo: 11 (SIGSEGV), si_code: 1 (SEGV_MAPERR), si_addr: 0x00000000000003b0

Register to memory mapping:

RAX=0x0000000000000000 is an unknown value
RBX={method} {0x00007f83344842d8} 'glClearColor' '(FFFF)V' in 'org/lwjgl/opengl/GL11'
RCX=0x0000000000000001 is an unknown value
RDX=0x00007f83b09534d8: <offset 0x00000000013494d8> in /usr/lib/jvm/java-9-oracle/lib/server/libjvm.so at 0x00007f83af60a000
RSP=0x00007f83b1793728 is pointing into the stack for thread: 0x00007f83a8013000
RBP=0x00007f83b17937a0 is pointing into the stack for thread: 0x00007f83a8013000
RSI=0x00007f83b17937b0 is pointing into the stack for thread: 0x00007f83a8013000
RDI=0x00007f83a8013218 is an unknown value
R8 ={method} {0x00007f83344842d8} 'glClearColor' '(FFFF)V' in 'org/lwjgl/opengl/GL11'
R9 =0x0000000000000008 is an unknown value
R10=0x00007f838db5bd09 is at code_begin+873 in an Interpreter codelet
method entry point (kind = native)  [0x00007f838db5b9a0, 0x00007f838db5c3e0]  2624 bytes
R11=0x000000008c462430 is an oop
java.lang.Class 
{0x000000008c462430} - klass: 'java/lang/Class'
R12=0x0000000000000000 is an unknown value
R13=0x00007f83344842d0 is pointing into metadata
R14=0x00007f83b17937d8 is pointing into the stack for thread: 0x00007f83a8013000
R15=0x00007f83a8013000 is a thread


Registers:
RAX=0x0000000000000000, RBX=0x00007f83344842d8, RCX=0x0000000000000001, RDX=0x00007f83b09534d8
RSP=0x00007f83b1793728, RBP=0x00007f83b17937a0, RSI=0x00007f83b17937b0, RDI=0x00007f83a8013218
R8 =0x00007f83344842d8, R9 =0x0000000000000008, R10=0x00007f838db5bd09, R11=0x000000008c462430
R12=0x0000000000000000, R13=0x00007f83344842d0, R14=0x00007f83b17937d8, R15=0x00007f83a8013000
RIP=0x00007f82f7cdd527, EFLAGS=0x0000000000010283, CSGSFS=0x002b000000000033, ERR=0x0000000000000004
  TRAPNO=0x000000000000000e

Top of Stack: (sp=0x00007f83b1793728)
0x00007f83b1793728:   00007f838db5bd35 00007f83344842d0
0x00007f83b1793738:   00007f83b17937d8 00007f83b17937a0
0x00007f83b1793748:   00007f838db5ba98 00007f838db5ba53
0x00007f83b1793758:   00007f83b1793758 00007f83344842d0 

Instructions: (pc=0x00007f82f7cdd527)
0x00007f82f7cdd507:   ff a0 e0 03 00 00 0f 1f 00 48 8b 07 48 8b 40 18
0x00007f82f7cdd517:   ff a0 c8 03 00 00 0f 1f 00 48 8b 07 48 8b 40 18
0x00007f82f7cdd527:   ff a0 b0 03 00 00 0f 1f 00 48 8b 07 48 8b 40 18
0x00007f82f7cdd537:   ff a0 78 03 00 00 0f 1f 00 48 8b 07 89 d7 48 8b 


---------------  P R O C E S S  ---------------

Java Threads: ( => current thread )
  0x00007f83a83ec800 JavaThread "Thread-1" [_thread_in_native, id=21331, stack(0x00007f833487b000,0x00007f833497c000)]
  0x00007f83a83eb000 JavaThread "Thread-0" [_thread_in_native, id=21330, stack(0x00007f833497c000,0x00007f8334a7d000)]
  0x00007f83a8236000 JavaThread "Service Thread" daemon [_thread_blocked, id=21328, stack(0x00007f8334b7e000,0x00007f8334c7f000)]
  0x00007f83a81a6000 JavaThread "Common-Cleaner" daemon [_thread_blocked, id=21327, stack(0x00007f8334c7f000,0x00007f8334d80000)]
  0x00007f83a8179800 JavaThread "Sweeper thread" daemon [_thread_blocked, id=21326, stack(0x00007f83351a8000,0x00007f83352a9000)]
  0x00007f83a8177800 JavaThread "C1 CompilerThread3" daemon [_thread_blocked, id=21325, stack(0x00007f83352a9000,0x00007f83353aa000)]
  0x00007f83a8175800 JavaThread "C2 CompilerThread2" daemon [_thread_blocked, id=21324, stack(0x00007f834407e000,0x00007f834417f000)]
  0x00007f83a8173800 JavaThread "C2 CompilerThread1" daemon [_thread_blocked, id=21323, stack(0x00007f834417f000,0x00007f8344280000)]
  0x00007f83a8171800 JavaThread "C2 CompilerThread0" daemon [_thread_blocked, id=21322, stack(0x00007f838c036000,0x00007f838c137000)]
  0x00007f83a816f800 JavaThread "Signal Dispatcher" daemon [_thread_blocked, id=21321, stack(0x00007f838c137000,0x00007f838c238000)]
  0x00007f83a8154000 JavaThread "Finalizer" daemon [_thread_blocked, id=21320, stack(0x00007f838c238000,0x00007f838c339000)]
  0x00007f83a814b800 JavaThread "Reference Handler" daemon [_thread_blocked, id=21319, stack(0x00007f838c339000,0x00007f838c43a000)]
=>0x00007f83a8013000 JavaThread "main" [_thread_in_native, id=21297, stack(0x00007f83b1695000,0x00007f83b1795000)]

Other Threads:
  0x00007f83a8142000 VMThread "VM Thread" [stack: 0x00007f838c43b000,0x00007f838c53b000] [id=21318]
  0x00007f83a8238800 WatcherThread [stack: 0x00007f8334a7e000,0x00007f8334b7e000] [id=21329]
  0x00007f83a802a800 GCTaskThread "GC Thread#0" [stack: 0x00007f83add75000,0x00007f83ade75000] [id=21298]
  0x00007f83a802c000 GCTaskThread "GC Thread#1" [stack: 0x00007f83adc74000,0x00007f83add74000] [id=21299]
  0x00007f83a802d800 GCTaskThread "GC Thread#2" [stack: 0x00007f83adb73000,0x00007f83adc73000] [id=21300]
  0x00007f83a802f800 GCTaskThread "GC Thread#3" [stack: 0x00007f83ada72000,0x00007f83adb72000] [id=21301]
  0x00007f83a8031000 GCTaskThread "GC Thread#4" [stack: 0x00007f83ad971000,0x00007f83ada71000] [id=21302]
  0x00007f83a8032800 GCTaskThread "GC Thread#5" [stack: 0x00007f83ad870000,0x00007f83ad970000] [id=21303]
  0x00007f83a8034800 GCTaskThread "GC Thread#6" [stack: 0x00007f83ad76f000,0x00007f83ad86f000] [id=21304]
  0x00007f83a8036000 GCTaskThread "GC Thread#7" [stack: 0x00007f83ad66e000,0x00007f83ad76e000] [id=21305]
  0x00007f83a806c000 ConcurrentGCThread "G1 Main Marker" [stack: 0x00007f83ac084000,0x00007f83ac184000] [id=21315]
  0x00007f83a806d800 ConcurrentGCThread "G1 Marker#0" [stack: 0x00007f838cebb000,0x00007f838cfbb000] [id=21316]
  0x00007f83a806f800 ConcurrentGCThread "G1 Marker#1" [stack: 0x00007f838cdba000,0x00007f838ceba000] [id=21317]
  0x00007f83a8045000 ConcurrentGCThread "G1 Refine#0" [stack: 0x00007f83ac65e000,0x00007f83ac75e000] [id=21313]
  0x00007f83a8043000 ConcurrentGCThread "G1 Refine#1" [stack: 0x00007f83ac75f000,0x00007f83ac85f000] [id=21312]
  0x00007f83a8041000 ConcurrentGCThread "G1 Refine#2" [stack: 0x00007f83ac860000,0x00007f83ac960000] [id=21311]
  0x00007f83a803f800 ConcurrentGCThread "G1 Refine#3" [stack: 0x00007f83ac961000,0x00007f83aca61000] [id=21310]
  0x00007f83a803d800 ConcurrentGCThread "G1 Refine#4" [stack: 0x00007f83aca62000,0x00007f83acb62000] [id=21309]
  0x00007f83a803c000 ConcurrentGCThread "G1 Refine#5" [stack: 0x00007f83acb63000,0x00007f83acc63000] [id=21308]
  0x00007f83a803a000 ConcurrentGCThread "G1 Refine#6" [stack: 0x00007f83acc64000,0x00007f83acd64000] [id=21307]
  0x00007f83a8038800 ConcurrentGCThread "G1 Refine#7" [stack: 0x00007f83acd65000,0x00007f83ace65000] [id=21306]
  0x00007f83a8046800 ConcurrentGCThread "G1 Young RemSet Sampling" [stack: 0x00007f83ac55d000,0x00007f83ac65d000] [id=21314]

Threads with active compile tasks:

VM state:not at safepoint (normal execution)

VM Mutex/Monitor currently owned by a thread: None

Heap address: 0x0000000085000000, size: 1968 MB, Compressed Oops mode: 32-bit
Narrow klass base: 0x0000000000000000, Narrow klass shift: 3
Compressed class space size: 1073741824 Address: 0x0000000100000000

Heap:
 garbage-first heap   total 126976K, used 7168K [0x0000000085000000, 0x00000000851003e0, 0x0000000100000000)
  region size 1024K, 8 young (8192K), 0 survivors (0K)
 Metaspace       used 9532K, capacity 9774K, committed 9856K, reserved 1058816K
  class space    used 795K, capacity 864K, committed 896K, reserved 1048576K
Heap Regions: E=young(eden), S=young(survivor), O=old, HS=humongous(starts), HC=humongous(continues), CS=collection set, F=free, A=archive, TS=gc time stamp, AC=allocation context, TAMS=top-at-mark-start (previous, next)
|   0|0x0000000085000000, 0x0000000085000000, 0x0000000085100000|  0%| F|  |TS  0|AC  0|TAMS 0x0000000085000000, 0x0000000085000000|
|   1|0x0000000085100000, 0x0000000085100000, 0x0000000085200000|  0%| F|  |TS  0|AC  0|TAMS 0x0000000085100000, 0x0000000085100000|
|   2|0x0000000085200000, 0x0000000085200000, 0x0000000085300000|  0%| F|  |TS  0|AC  0|TAMS 0x0000000085200000, 0x0000000085200000|
|   3|0x0000000085300000, 0x0000000085300000, 0x0000000085400000|  0%| F|  |TS  0|AC  0|TAMS 0x0000000085300000, 0x0000000085300000|
|   4|0x0000000085400000, 0x0000000085400000, 0x0000000085500000|  0%| F|  |TS  0|AC  0|TAMS 0x0000000085400000, 0x0000000085400000|
|   5|0x0000000085500000, 0x0000000085500000, 0x0000000085600000|  0%| F|  |TS  0|AC  0|TAMS 0x0000000085500000, 0x0000000085500000|
|   6|0x0000000085600000, 0x0000000085600000, 0x0000000085700000|  0%| F|  |TS  0|AC  0|TAMS 0x0000000085600000, 0x0000000085600000|
|   7|0x0000000085700000, 0x0000000085700000, 0x0000000085800000|  0%| F|  |TS  0|AC  0|TAMS 0x0000000085700000, 0x0000000085700000|
|   8|0x0000000085800000, 0x0000000085800000, 0x0000000085900000|  0%| F|  |TS  0|AC  0|TAMS 0x0000000085800000, 0x0000000085800000|
|   9|0x0000000085900000, 0x0000000085900000, 0x0000000085a00000|  0%| F|  |TS  0|AC  0|TAMS 0x0000000085900000, 0x0000000085900000|
|  10|0x0000000085a00000, 0x0000000085a00000, 0x0000000085b00000|  0%| F|  |TS  0|AC  0|TAMS 0x0000000085a00000, 0x0000000085a00000|
|  11|0x0000000085b00000, 0x0000000085b00000, 0x0000000085c00000|  0%| F|  |TS  0|AC  0|TAMS 0x0000000085b00000, 0x0000000085b00000|
|  12|0x0000000085c00000, 0x0000000085c00000, 0x0000000085d00000|  0%| F|  |TS  0|AC  0|TAMS 0x0000000085c00000, 0x0000000085c00000|
|  13|0x0000000085d00000, 0x0000000085d00000, 0x0000000085e00000|  0%| F|  |TS  0|AC  0|TAMS 0x0000000085d00000, 0x0000000085d00000|
|  14|0x0000000085e00000, 0x0000000085e00000, 0x0000000085f00000|  0%| F|  |TS  0|AC  0|TAMS 0x0000000085e00000, 0x0000000085e00000|
|  15|0x0000000085f00000, 0x0000000085f00000, 0x0000000086000000|  0%| F|  |TS  0|AC  0|TAMS 0x0000000085f00000, 0x0000000085f00000|
|  16|0x0000000086000000, 0x0000000086000000, 0x0000000086100000|  0%| F|  |TS  0|AC  0|TAMS 0x0000000086000000, 0x0000000086000000|
|  17|0x0000000086100000, 0x0000000086100000, 0x0000000086200000|  0%| F|  |TS  0|AC  0|TAMS 0x0000000086100000, 0x0000000086100000|
|  18|0x0000000086200000, 0x0000000086200000, 0x0000000086300000|  0%| F|  |TS  0|AC  0|TAMS 0x0000000086200000, 0x0000000086200000|
|  19|0x0000000086300000, 0x0000000086300000, 0x0000000086400000|  0%| F|  |TS  0|AC  0|TAMS 0x0000000086300000, 0x0000000086300000|
|  20|0x0000000086400000, 0x0000000086400000, 0x0000000086500000|  0%| F|  |TS  0|AC  0|TAMS 0x0000000086400000, 0x0000000086400000|
|  21|0x0000000086500000, 0x0000000086500000, 0x0000000086600000|  0%| F|  |TS  0|AC  0|TAMS 0x0000000086500000, 0x0000000086500000|
|  22|0x0000000086600000, 0x0000000086600000, 0x0000000086700000|  0%| F|  |TS  0|AC  0|TAMS 0x0000000086600000, 0x0000000086600000|
|  23|0x0000000086700000, 0x0000000086700000, 0x0000000086800000|  0%| F|  |TS  0|AC  0|TAMS 0x0000000086700000, 0x0000000086700000|
|  24|0x0000000086800000, 0x0000000086800000, 0x0000000086900000|  0%| F|  |TS  0|AC  0|TAMS 0x0000000086800000, 0x0000000086800000|
|  25|0x0000000086900000, 0x0000000086900000, 0x0000000086a00000|  0%| F|  |TS  0|AC  0|TAMS 0x0000000086900000, 0x0000000086900000|
|  26|0x0000000086a00000, 0x0000000086a00000, 0x0000000086b00000|  0%| F|  |TS  0|AC  0|TAMS 0x0000000086a00000, 0x0000000086a00000|
|  27|0x0000000086b00000, 0x0000000086b00000, 0x0000000086c00000|  0%| F|  |TS  0|AC  0|TAMS 0x0000000086b00000, 0x0000000086b00000|
|  28|0x0000000086c00000, 0x0000000086c00000, 0x0000000086d00000|  0%| F|  |TS  0|AC  0|TAMS 0x0000000086c00000, 0x0000000086c00000|
|  29|0x0000000086d00000, 0x0000000086d00000, 0x0000000086e00000|  0%| F|  |TS  0|AC  0|TAMS 0x0000000086d00000, 0x0000000086d00000|
|  30|0x0000000086e00000, 0x0000000086e00000, 0x0000000086f00000|  0%| F|  |TS  0|AC  0|TAMS 0x0000000086e00000, 0x0000000086e00000|
|  31|0x0000000086f00000, 0x0000000086f00000, 0x0000000087000000|  0%| F|  |TS  0|AC  0|TAMS 0x0000000086f00000, 0x0000000086f00000|
|  32|0x0000000087000000, 0x0000000087000000, 0x0000000087100000|  0%| F|  |TS  0|AC  0|TAMS 0x0000000087000000, 0x0000000087000000|
|  33|0x0000000087100000, 0x0000000087100000, 0x0000000087200000|  0%| F|  |TS  0|AC  0|TAMS 0x0000000087100000, 0x0000000087100000|
|  34|0x0000000087200000, 0x0000000087200000, 0x0000000087300000|  0%| F|  |TS  0|AC  0|TAMS 0x0000000087200000, 0x0000000087200000|
|  35|0x0000000087300000, 0x0000000087300000, 0x0000000087400000|  0%| F|  |TS  0|AC  0|TAMS 0x0000000087300000, 0x0000000087300000|
|  36|0x0000000087400000, 0x0000000087400000, 0x0000000087500000|  0%| F|  |TS  0|AC  0|TAMS 0x0000000087400000, 0x0000000087400000|
|  37|0x0000000087500000, 0x0000000087500000, 0x0000000087600000|  0%| F|  |TS  0|AC  0|TAMS 0x0000000087500000, 0x0000000087500000|
|  38|0x0000000087600000, 0x0000000087600000, 0x0000000087700000|  0%| F|  |TS  0|AC  0|TAMS 0x0000000087600000, 0x0000000087600000|
|  39|0x0000000087700000, 0x0000000087700000, 0x0000000087800000|  0%| F|  |TS  0|AC  0|TAMS 0x0000000087700000, 0x0000000087700000|
|  40|0x0000000087800000, 0x0000000087800000, 0x0000000087900000|  0%| F|  |TS  0|AC  0|TAMS 0x0000000087800000, 0x0000000087800000|
|  41|0x0000000087900000, 0x0000000087900000, 0x0000000087a00000|  0%| F|  |TS  0|AC  0|TAMS 0x0000000087900000, 0x0000000087900000|
|  42|0x0000000087a00000, 0x0000000087a00000, 0x0000000087b00000|  0%| F|  |TS  0|AC  0|TAMS 0x0000000087a00000, 0x0000000087a00000|
|  43|0x0000000087b00000, 0x0000000087b00000, 0x0000000087c00000|  0%| F|  |TS  0|AC  0|TAMS 0x0000000087b00000, 0x0000000087b00000|
|  44|0x0000000087c00000, 0x0000000087c00000, 0x0000000087d00000|  0%| F|  |TS  0|AC  0|TAMS 0x0000000087c00000, 0x0000000087c00000|
|  45|0x0000000087d00000, 0x0000000087d00000, 0x0000000087e00000|  0%| F|  |TS  0|AC  0|TAMS 0x0000000087d00000, 0x0000000087d00000|
|  46|0x0000000087e00000, 0x0000000087e00000, 0x0000000087f00000|  0%| F|  |TS  0|AC  0|TAMS 0x0000000087e00000, 0x0000000087e00000|
|  47|0x0000000087f00000, 0x0000000087f00000, 0x0000000088000000|  0%| F|  |TS  0|AC  0|TAMS 0x0000000087f00000, 0x0000000087f00000|
|  48|0x0000000088000000, 0x0000000088000000, 0x0000000088100000|  0%| F|  |TS  0|AC  0|TAMS 0x0000000088000000, 0x0000000088000000|
|  49|0x0000000088100000, 0x0000000088100000, 0x0000000088200000|  0%| F|  |TS  0|AC  0|TAMS 0x0000000088100000, 0x0000000088100000|
|  50|0x0000000088200000, 0x0000000088200000, 0x0000000088300000|  0%| F|  |TS  0|AC  0|TAMS 0x0000000088200000, 0x0000000088200000|
|  51|0x0000000088300000, 0x0000000088300000, 0x0000000088400000|  0%| F|  |TS  0|AC  0|TAMS 0x0000000088300000, 0x0000000088300000|
|  52|0x0000000088400000, 0x0000000088400000, 0x0000000088500000|  0%| F|  |TS  0|AC  0|TAMS 0x0000000088400000, 0x0000000088400000|
|  53|0x0000000088500000, 0x0000000088500000, 0x0000000088600000|  0%| F|  |TS  0|AC  0|TAMS 0x0000000088500000, 0x0000000088500000|
|  54|0x0000000088600000, 0x0000000088600000, 0x0000000088700000|  0%| F|  |TS  0|AC  0|TAMS 0x0000000088600000, 0x0000000088600000|
|  55|0x0000000088700000, 0x0000000088700000, 0x0000000088800000|  0%| F|  |TS  0|AC  0|TAMS 0x0000000088700000, 0x0000000088700000|
|  56|0x0000000088800000, 0x0000000088800000, 0x0000000088900000|  0%| F|  |TS  0|AC  0|TAMS 0x0000000088800000, 0x0000000088800000|
|  57|0x0000000088900000, 0x0000000088900000, 0x0000000088a00000|  0%| F|  |TS  0|AC  0|TAMS 0x0000000088900000, 0x0000000088900000|
|  58|0x0000000088a00000, 0x0000000088a00000, 0x0000000088b00000|  0%| F|  |TS  0|AC  0|TAMS 0x0000000088a00000, 0x0000000088a00000|
|  59|0x0000000088b00000, 0x0000000088b00000, 0x0000000088c00000|  0%| F|  |TS  0|AC  0|TAMS 0x0000000088b00000, 0x0000000088b00000|
|  60|0x0000000088c00000, 0x0000000088c00000, 0x0000000088d00000|  0%| F|  |TS  0|AC  0|TAMS 0x0000000088c00000, 0x0000000088c00000|
|  61|0x0000000088d00000, 0x0000000088d00000, 0x0000000088e00000|  0%| F|  |TS  0|AC  0|TAMS 0x0000000088d00000, 0x0000000088d00000|
|  62|0x0000000088e00000, 0x0000000088e00000, 0x0000000088f00000|  0%| F|  |TS  0|AC  0|TAMS 0x0000000088e00000, 0x0000000088e00000|
|  63|0x0000000088f00000, 0x0000000088f00000, 0x0000000089000000|  0%| F|  |TS  0|AC  0|TAMS 0x0000000088f00000, 0x0000000088f00000|
|  64|0x0000000089000000, 0x0000000089000000, 0x0000000089100000|  0%| F|  |TS  0|AC  0|TAMS 0x0000000089000000, 0x0000000089000000|
|  65|0x0000000089100000, 0x0000000089100000, 0x0000000089200000|  0%| F|  |TS  0|AC  0|TAMS 0x0000000089100000, 0x0000000089100000|
|  66|0x0000000089200000, 0x0000000089200000, 0x0000000089300000|  0%| F|  |TS  0|AC  0|TAMS 0x0000000089200000, 0x0000000089200000|
|  67|0x0000000089300000, 0x0000000089300000, 0x0000000089400000|  0%| F|  |TS  0|AC  0|TAMS 0x0000000089300000, 0x0000000089300000|
|  68|0x0000000089400000, 0x0000000089400000, 0x0000000089500000|  0%| F|  |TS  0|AC  0|TAMS 0x0000000089400000, 0x0000000089400000|
|  69|0x0000000089500000, 0x0000000089500000, 0x0000000089600000|  0%| F|  |TS  0|AC  0|TAMS 0x0000000089500000, 0x0000000089500000|
|  70|0x0000000089600000, 0x0000000089600000, 0x0000000089700000|  0%| F|  |TS  0|AC  0|TAMS 0x0000000089600000, 0x0000000089600000|
|  71|0x0000000089700000, 0x0000000089700000, 0x0000000089800000|  0%| F|  |TS  0|AC  0|TAMS 0x0000000089700000, 0x0000000089700000|
|  72|0x0000000089800000, 0x0000000089800000, 0x0000000089900000|  0%| F|  |TS  0|AC  0|TAMS 0x0000000089800000, 0x0000000089800000|
|  73|0x0000000089900000, 0x0000000089900000, 0x0000000089a00000|  0%| F|  |TS  0|AC  0|TAMS 0x0000000089900000, 0x0000000089900000|
|  74|0x0000000089a00000, 0x0000000089a00000, 0x0000000089b00000|  0%| F|  |TS  0|AC  0|TAMS 0x0000000089a00000, 0x0000000089a00000|
|  75|0x0000000089b00000, 0x0000000089b00000, 0x0000000089c00000|  0%| F|  |TS  0|AC  0|TAMS 0x0000000089b00000, 0x0000000089b00000|
|  76|0x0000000089c00000, 0x0000000089c00000, 0x0000000089d00000|  0%| F|  |TS  0|AC  0|TAMS 0x0000000089c00000, 0x0000000089c00000|
|  77|0x0000000089d00000, 0x0000000089d00000, 0x0000000089e00000|  0%| F|  |TS  0|AC  0|TAMS 0x0000000089d00000, 0x0000000089d00000|
|  78|0x0000000089e00000, 0x0000000089e00000, 0x0000000089f00000|  0%| F|  |TS  0|AC  0|TAMS 0x0000000089e00000, 0x0000000089e00000|
|  79|0x0000000089f00000, 0x0000000089f00000, 0x000000008a000000|  0%| F|  |TS  0|AC  0|TAMS 0x0000000089f00000, 0x0000000089f00000|
|  80|0x000000008a000000, 0x000000008a000000, 0x000000008a100000|  0%| F|  |TS  0|AC  0|TAMS 0x000000008a000000, 0x000000008a000000|
|  81|0x000000008a100000, 0x000000008a100000, 0x000000008a200000|  0%| F|  |TS  0|AC  0|TAMS 0x000000008a100000, 0x000000008a100000|
|  82|0x000000008a200000, 0x000000008a200000, 0x000000008a300000|  0%| F|  |TS  0|AC  0|TAMS 0x000000008a200000, 0x000000008a200000|
|  83|0x000000008a300000, 0x000000008a300000, 0x000000008a400000|  0%| F|  |TS  0|AC  0|TAMS 0x000000008a300000, 0x000000008a300000|
|  84|0x000000008a400000, 0x000000008a400000, 0x000000008a500000|  0%| F|  |TS  0|AC  0|TAMS 0x000000008a400000, 0x000000008a400000|
|  85|0x000000008a500000, 0x000000008a500000, 0x000000008a600000|  0%| F|  |TS  0|AC  0|TAMS 0x000000008a500000, 0x000000008a500000|
|  86|0x000000008a600000, 0x000000008a600000, 0x000000008a700000|  0%| F|  |TS  0|AC  0|TAMS 0x000000008a600000, 0x000000008a600000|
|  87|0x000000008a700000, 0x000000008a700000, 0x000000008a800000|  0%| F|  |TS  0|AC  0|TAMS 0x000000008a700000, 0x000000008a700000|
|  88|0x000000008a800000, 0x000000008a800000, 0x000000008a900000|  0%| F|  |TS  0|AC  0|TAMS 0x000000008a800000, 0x000000008a800000|
|  89|0x000000008a900000, 0x000000008a900000, 0x000000008aa00000|  0%| F|  |TS  0|AC  0|TAMS 0x000000008a900000, 0x000000008a900000|
|  90|0x000000008aa00000, 0x000000008aa00000, 0x000000008ab00000|  0%| F|  |TS  0|AC  0|TAMS 0x000000008aa00000, 0x000000008aa00000|
|  91|0x000000008ab00000, 0x000000008ab00000, 0x000000008ac00000|  0%| F|  |TS  0|AC  0|TAMS 0x000000008ab00000, 0x000000008ab00000|
|  92|0x000000008ac00000, 0x000000008ac00000, 0x000000008ad00000|  0%| F|  |TS  0|AC  0|TAMS 0x000000008ac00000, 0x000000008ac00000|
|  93|0x000000008ad00000, 0x000000008ad00000, 0x000000008ae00000|  0%| F|  |TS  0|AC  0|TAMS 0x000000008ad00000, 0x000000008ad00000|
|  94|0x000000008ae00000, 0x000000008ae00000, 0x000000008af00000|  0%| F|  |TS  0|AC  0|TAMS 0x000000008ae00000, 0x000000008ae00000|
|  95|0x000000008af00000, 0x000000008af00000, 0x000000008b000000|  0%| F|  |TS  0|AC  0|TAMS 0x000000008af00000, 0x000000008af00000|
|  96|0x000000008b000000, 0x000000008b000000, 0x000000008b100000|  0%| F|  |TS  0|AC  0|TAMS 0x000000008b000000, 0x000000008b000000|
|  97|0x000000008b100000, 0x000000008b100000, 0x000000008b200000|  0%| F|  |TS  0|AC  0|TAMS 0x000000008b100000, 0x000000008b100000|
|  98|0x000000008b200000, 0x000000008b200000, 0x000000008b300000|  0%| F|  |TS  0|AC  0|TAMS 0x000000008b200000, 0x000000008b200000|
|  99|0x000000008b300000, 0x000000008b300000, 0x000000008b400000|  0%| F|  |TS  0|AC  0|TAMS 0x000000008b300000, 0x000000008b300000|
| 100|0x000000008b400000, 0x000000008b400000, 0x000000008b500000|  0%| F|  |TS  0|AC  0|TAMS 0x000000008b400000, 0x000000008b400000|
| 101|0x000000008b500000, 0x000000008b500000, 0x000000008b600000|  0%| F|  |TS  0|AC  0|TAMS 0x000000008b500000, 0x000000008b500000|
| 102|0x000000008b600000, 0x000000008b600000, 0x000000008b700000|  0%| F|  |TS  0|AC  0|TAMS 0x000000008b600000, 0x000000008b600000|
| 103|0x000000008b700000, 0x000000008b700000, 0x000000008b800000|  0%| F|  |TS  0|AC  0|TAMS 0x000000008b700000, 0x000000008b700000|
| 104|0x000000008b800000, 0x000000008b800000, 0x000000008b900000|  0%| F|  |TS  0|AC  0|TAMS 0x000000008b800000, 0x000000008b800000|
| 105|0x000000008b900000, 0x000000008b900000, 0x000000008ba00000|  0%| F|  |TS  0|AC  0|TAMS 0x000000008b900000, 0x000000008b900000|
| 106|0x000000008ba00000, 0x000000008ba00000, 0x000000008bb00000|  0%| F|  |TS  0|AC  0|TAMS 0x000000008ba00000, 0x000000008ba00000|
| 107|0x000000008bb00000, 0x000000008bb00000, 0x000000008bc00000|  0%| F|  |TS  0|AC  0|TAMS 0x000000008bb00000, 0x000000008bb00000|
| 108|0x000000008bc00000, 0x000000008bc00000, 0x000000008bd00000|  0%| F|  |TS  0|AC  0|TAMS 0x000000008bc00000, 0x000000008bc00000|
| 109|0x000000008bd00000, 0x000000008bd00000, 0x000000008be00000|  0%| F|  |TS  0|AC  0|TAMS 0x000000008bd00000, 0x000000008bd00000|
| 110|0x000000008be00000, 0x000000008be00000, 0x000000008bf00000|  0%| F|  |TS  0|AC  0|TAMS 0x000000008be00000, 0x000000008be00000|
| 111|0x000000008bf00000, 0x000000008bf00000, 0x000000008c000000|  0%| F|  |TS  0|AC  0|TAMS 0x000000008bf00000, 0x000000008bf00000|
| 112|0x000000008c000000, 0x000000008c000000, 0x000000008c100000|  0%| F|  |TS  0|AC  0|TAMS 0x000000008c000000, 0x000000008c000000|
| 113|0x000000008c100000, 0x000000008c100000, 0x000000008c200000|  0%| F|  |TS  0|AC  0|TAMS 0x000000008c100000, 0x000000008c100000|
| 114|0x000000008c200000, 0x000000008c200000, 0x000000008c300000|  0%| F|  |TS  0|AC  0|TAMS 0x000000008c200000, 0x000000008c200000|
| 115|0x000000008c300000, 0x000000008c300000, 0x000000008c400000|  0%| F|  |TS  0|AC  0|TAMS 0x000000008c300000, 0x000000008c300000|
| 116|0x000000008c400000, 0x000000008c500000, 0x000000008c500000|100%| E|  |TS  0|AC  0|TAMS 0x000000008c400000, 0x000000008c400000|
| 117|0x000000008c500000, 0x000000008c600000, 0x000000008c600000|100%| E|CS|TS  0|AC  0|TAMS 0x000000008c500000, 0x000000008c500000|
| 118|0x000000008c600000, 0x000000008c700000, 0x000000008c700000|100%| E|CS|TS  0|AC  0|TAMS 0x000000008c600000, 0x000000008c600000|
| 119|0x000000008c700000, 0x000000008c800000, 0x000000008c800000|100%| E|CS|TS  0|AC  0|TAMS 0x000000008c700000, 0x000000008c700000|
| 120|0x000000008c800000, 0x000000008c900000, 0x000000008c900000|100%| E|CS|TS  0|AC  0|TAMS 0x000000008c800000, 0x000000008c800000|
| 121|0x000000008c900000, 0x000000008ca00000, 0x000000008ca00000|100%| E|CS|TS  0|AC  0|TAMS 0x000000008c900000, 0x000000008c900000|
| 122|0x000000008ca00000, 0x000000008cb00000, 0x000000008cb00000|100%| E|CS|TS  0|AC  0|TAMS 0x000000008ca00000, 0x000000008ca00000|
| 123|0x000000008cb00000, 0x000000008cc00000, 0x000000008cc00000|100%| E|CS|TS  0|AC  0|TAMS 0x000000008cb00000, 0x000000008cb00000|

Card table byte_map: [0x00007f838d393000,0x00007f838d76b000] byte_map_base: 0x00007f838cf6b000

Marking Bits (Prev, Next): (CMBitMap*) 0x00007f83a806b030, (CMBitMap*) 0x00007f83a806b068
 Prev Bits: [0x00007f8346140000, 0x00007f8348000000)
 Next Bits: [0x00007f8344280000, 0x00007f8346140000)

Polling page: 0x00007f83b17c2000

CodeHeap 'non-profiled nmethods': size=120032Kb used=165Kb max_used=165Kb free=119866Kb
 bounds [0x00007f839560b000, 0x00007f839587b000, 0x00007f839cb43000]
CodeHeap 'profiled nmethods': size=120028Kb used=982Kb max_used=982Kb free=119045Kb
 bounds [0x00007f838e0d4000, 0x00007f838e344000, 0x00007f839560b000]
CodeHeap 'non-nmethods': size=5700Kb used=1462Kb max_used=1475Kb free=4237Kb
 bounds [0x00007f838db43000, 0x00007f838ddb3000, 0x00007f838e0d4000]
 total_blobs=1526 nmethods=599 adapters=717
 compilation: enabled

Compilation events (10 events):
Event: 0,518 Thread 0x00007f83a8177800 nmethod 591 0x00007f838e1bc190 code [0x00007f838e1bc380, 0x00007f838e1bc828]
Event: 0,518 Thread 0x00007f83a8177800  592       3       jdk.internal.module.SystemModuleFinder$ImageModuleReader::find (54 bytes)
Event: 0,518 Thread 0x00007f83a8175800 nmethod 593 0x00007f8395632b90 code [0x00007f8395632d20, 0x00007f8395632ed8]
Event: 0,520 Thread 0x00007f83a8177800 nmethod 592 0x00007f838e1bc990 code [0x00007f838e1bcca0, 0x00007f838e1bdf18]
Event: 0,520 Thread 0x00007f83a8177800  582       3       jdk.internal.misc.Unsafe::copyMemoryChecks (21 bytes)
Event: 0,521 Thread 0x00007f83a8177800 nmethod 582 0x00007f838e1be510 code [0x00007f838e1be7e0, 0x00007f838e1bf928]
Event: 0,526 Thread 0x00007f83a8177800  595       3       sun.security.provider.DigestBase::implCompressMultiBlock0 (23 bytes)
Event: 0,526 Thread 0x00007f83a8177800 nmethod 595 0x00007f838e1bfe90 code [0x00007f838e1c0060, 0x00007f838e1c0348]
Event: 0,529 Thread 0x00007f83a8173800  596       4       java.lang.AbstractStringBuilder::ensureCapacityInternal (39 bytes)
Event: 0,530 Thread 0x00007f83a8177800  597   !   3       jdk.internal.loader.URLClassPath$JarLoader::getResource (353 bytes)

GC Heap History (0 events):
No events

Deoptimization events (1 events):
Event: 0,231 Thread 0x00007f83a8013000 Uncommon trap: reason=unstable_if action=reinterpret pc=0x00007f839560dd14 method=java.lang.String.charAt(I)C @ 4 c2

Classes redefined (0 events):
No events

Internal exceptions (9 events):
Event: 0,262 Thread 0x00007f83a8013000 Exception <a 'java/lang/NoSuchMethodError'{0x000000008c7c2e40}: java.lang.Object.lambda$static$0(Ljava/lang/String;)Ljava/lang/Boolean;> (0x000000008c7c2e40) thrown at [/scratch/opt/mach5/mesos/work_dir/slaves/5af44a71-976a-41b7-81de-5773b84ec572-S39643/f
Event: 0,275 Thread 0x00007f83a8013000 Exception <a 'java/lang/NoSuchMethodError'{0x000000008c62a610}: java.lang.Object.lambda$union$2(Ljava/util/regex/Pattern$CharPredicate;I)Z> (0x000000008c62a610) thrown at [/scratch/opt/mach5/mesos/work_dir/slaves/5af44a71-976a-41b7-81de-5773b84ec572-S3964
Event: 0,287 Thread 0x00007f83a8013000 Exception <a 'java/lang/NoSuchMethodError'{0x000000008c6662d8}: java.lang.invoke.DirectMethodHandle$Holder.invokeStatic(Ljava/lang/Object;Ljava/lang/Object;)I> (0x000000008c6662d8) thrown at [/scratch/opt/mach5/mesos/work_dir/slaves/5af44a71-976a-41b7-81d
Event: 0,291 Thread 0x00007f83a8013000 Exception <a 'java/lang/NoSuchMethodError'{0x000000008c674010}: method resolution failed> (0x000000008c674010) thrown at [/scratch/opt/mach5/mesos/work_dir/slaves/5af44a71-976a-41b7-81de-5773b84ec572-S39643/frameworks/1735e8a2-a1db-478c-8104-60c8b0af87dd-
Event: 0,291 Thread 0x00007f83a8013000 Exception <a 'java/lang/NoSuchMethodError'{0x000000008c677cc8}: method resolution failed> (0x000000008c677cc8) thrown at [/scratch/opt/mach5/mesos/work_dir/slaves/5af44a71-976a-41b7-81de-5773b84ec572-S39643/frameworks/1735e8a2-a1db-478c-8104-60c8b0af87dd-
Event: 0,291 Thread 0x00007f83a8013000 Exception <a 'java/lang/NoSuchMethodError'{0x000000008c67b1c8}: java.lang.invoke.DelegatingMethodHandle$Holder.delegate(Ljava/lang/Object;Ljava/lang/Object;ILjava/lang/Object;)V> (0x000000008c67b1c8) thrown at [/scratch/opt/mach5/mesos/work_dir/slaves/5af
Event: 0,292 Thread 0x00007f83a8013000 Exception <a 'java/lang/NoSuchMethodError'{0x000000008c67ed70}: java.lang.invoke.DirectMethodHandle$Holder.invokeSpecial(Ljava/lang/Object;Ljava/lang/Object;Ljava/lang/Object;)I> (0x000000008c67ed70) thrown at [/scratch/opt/mach5/mesos/work_dir/slaves/5af
Event: 0,293 Thread 0x00007f83a8013000 Exception <a 'java/lang/NoSuchMethodError'{0x000000008c686030}: java.lang.invoke.DirectMethodHandle$Holder.invokeStaticInit(Ljava/lang/Object;Ljava/lang/Object;Ljava/lang/Object;)Ljava/lang/Object;> (0x000000008c686030) thrown at [/scratch/opt/mach5/mesos
Event: 0,531 Thread 0x00007f83a8013000 Exception <a 'sun/nio/fs/UnixException'{0x000000008c4a6388}> (0x000000008c4a6388) thrown at [/scratch/opt/mach5/mesos/work_dir/slaves/5af44a71-976a-41b7-81de-5773b84ec572-S39643/frameworks/1735e8a2-a1db-478c-8104-60c8b0af87dd-0196/executors/a3f74ad9-294f-

Events (10 events):
Event: 0,531 loading class java/nio/file/NoSuchFileException
Event: 0,531 loading class java/nio/file/FileSystemException
Event: 0,531 loading class java/nio/file/FileSystemException done
Event: 0,531 loading class java/nio/file/NoSuchFileException done
Event: 0,532 loading class org/lwjgl/opengl/GL$2
Event: 0,532 loading class org/lwjgl/opengl/GL$2 done
Event: 0,532 loading class org/lwjgl/opengl/GL$SharedLibraryGL
Event: 0,532 loading class org/lwjgl/opengl/GL$SharedLibraryGL done
Event: 0,532 loading class org/lwjgl/system/SharedLibrary$Delegate
Event: 0,532 loading class org/lwjgl/system/SharedLibrary$Delegate done


Dynamic libraries:
00400000-00401000 r-xp 00000000 08:01 3807052                            /usr/lib/jvm/java-9-oracle/bin/java
00600000-00601000 rw-p 00000000 08:01 3807052                            /usr/lib/jvm/java-9-oracle/bin/java
0212b000-0214c000 rw-p 00000000 00:00 0                                  [heap]
40ae4000-40ae6000 r-xs 00000000 08:01 23724407                           /tmp/.glb3aJpI (deleted)
41421000-414c2000 rw-p 00000000 00:00 0 
85000000-8cc00000 rw-p 00000000 00:00 0 
8cc00000-100000000 ---p 00000000 00:00 0 
100000000-1000e0000 rw-p 00000000 00:00 0 
1000e0000-140000000 ---p 00000000 00:00 0 
7f82f7a95000-7f82f7c94000 rw-p 00000000 00:00 0 
7f82f7c94000-7f82f7cff000 r-xp 00000000 08:01 23724423                   /tmp/lwjgloliver/3.1.5-build-1/liblwjgl_opengl.so
7f82f7cff000-7f82f7efe000 ---p 0006b000 08:01 23724423                   /tmp/lwjgloliver/3.1.5-build-1/liblwjgl_opengl.so
7f82f7efe000-7f82f7eff000 r--p 0006a000 08:01 23724423                   /tmp/lwjgloliver/3.1.5-build-1/liblwjgl_opengl.so
7f82f7eff000-7f82f7f00000 rw-p 0006b000 08:01 23724423                   /tmp/lwjgloliver/3.1.5-build-1/liblwjgl_opengl.so
7f82f7f00000-7f82f7f80000 rw-s 00000000 00:06 466                        /dev/nvidiactl
7f82f7f80000-7f82f8000000 rw-s 00000000 00:06 466                        /dev/nvidiactl
7f82f8000000-7f82f8021000 rw-p 00000000 00:00 0 
7f82f8021000-7f82fc000000 ---p 00000000 00:00 0 
7f82fc007000-7f82fc107000 rw-s 00000000 00:06 466                        /dev/nvidiactl
7f82fc107000-7f82fd525000 r-xp 00000000 08:01 3411185                    /usr/lib/nvidia-390/libnvidia-glcore.so.390.48
7f82fd525000-7f82fd546000 rwxp 0141e000 08:01 3411185                    /usr/lib/nvidia-390/libnvidia-glcore.so.390.48
7f82fd546000-7f82fd97b000 r-xp 0143f000 08:01 3411185                    /usr/lib/nvidia-390/libnvidia-glcore.so.390.48
7f82fd97b000-7f82fdb7b000 ---p 01874000 08:01 3411185                    /usr/lib/nvidia-390/libnvidia-glcore.so.390.48
7f82fdb7b000-7f82fdeee000 rw-p 01874000 08:01 3411185                    /usr/lib/nvidia-390/libnvidia-glcore.so.390.48
7f82fdeee000-7f82fdf07000 rw-p 00000000 00:00 0 
7f82fdf07000-7f82fdf0a000 r-xp 00000000 08:01 3411189                    /usr/lib/nvidia-390/tls/libnvidia-tls.so.390.48
7f82fdf0a000-7f82fe10a000 ---p 00003000 08:01 3411189                    /usr/lib/nvidia-390/tls/libnvidia-tls.so.390.48
7f82fe10a000-7f82fe10b000 rw-p 00003000 08:01 3411189                    /usr/lib/nvidia-390/tls/libnvidia-tls.so.390.48
7f82fe10b000-7f82fe1d4000 r-xp 00000000 08:01 3411194                    /usr/lib/nvidia-390/libGL.so.390.48
7f82fe1d4000-7f82fe208000 rwxp 000c9000 08:01 3411194                    /usr/lib/nvidia-390/libGL.so.390.48
7f82fe208000-7f82fe21c000 r-xp 000fd000 08:01 3411194                    /usr/lib/nvidia-390/libGL.so.390.48
7f82fe21c000-7f82fe41c000 ---p 00111000 08:01 3411194                    /usr/lib/nvidia-390/libGL.so.390.48
7f82fe41c000-7f82fe441000 rw-p 00111000 08:01 3411194                    /usr/lib/nvidia-390/libGL.so.390.48
7f82fe441000-7f82fe448000 rw-p 00000000 00:00 0 
7f82fe448000-7f82fe449000 r-xp 00000000 08:01 3415792                    /usr/lib/x86_64-linux-gnu/libX11-xcb.so.1.0.0
7f82fe449000-7f82fe648000 ---p 00001000 08:01 3415792                    /usr/lib/x86_64-linux-gnu/libX11-xcb.so.1.0.0
7f82fe648000-7f82fe649000 r--p 00000000 08:01 3415792                    /usr/lib/x86_64-linux-gnu/libX11-xcb.so.1.0.0
7f82fe649000-7f82fe64a000 rw-p 00001000 08:01 3415792                    /usr/lib/x86_64-linux-gnu/libX11-xcb.so.1.0.0
7f82fe64a000-7f82fe64c000 r-xp 00000000 08:01 3415823                    /usr/lib/x86_64-linux-gnu/libXinerama.so.1.0.0
7f82fe64c000-7f82fe84b000 ---p 00002000 08:01 3415823                    /usr/lib/x86_64-linux-gnu/libXinerama.so.1.0.0
7f82fe84b000-7f82fe84c000 r--p 00001000 08:01 3415823                    /usr/lib/x86_64-linux-gnu/libXinerama.so.1.0.0
7f82fe84c000-7f82fe84d000 rw-p 00002000 08:01 3415823                    /usr/lib/x86_64-linux-gnu/libXinerama.so.1.0.0
7f82fe84d000-7f82fe852000 r-xp 00000000 08:01 3415813                    /usr/lib/x86_64-linux-gnu/libXfixes.so.3.1.0
7f82fe852000-7f82fea51000 ---p 00005000 08:01 3415813                    /usr/lib/x86_64-linux-gnu/libXfixes.so.3.1.0
7f82fea51000-7f82fea52000 r--p 00004000 08:01 3415813                    /usr/lib/x86_64-linux-gnu/libXfixes.so.3.1.0
7f82fea52000-7f82fea53000 rw-p 00005000 08:01 3415813                    /usr/lib/x86_64-linux-gnu/libXfixes.so.3.1.0
7f82fea53000-7f82fea5c000 r-xp 00000000 08:01 3413243                    /usr/lib/x86_64-linux-gnu/libXcursor.so.1.0.2
7f82fea5c000-7f82fec5b000 ---p 00009000 08:01 3413243                    /usr/lib/x86_64-linux-gnu/libXcursor.so.1.0.2
7f82fec5b000-7f82fec5c000 r--p 00008000 08:01 3413243                    /usr/lib/x86_64-linux-gnu/libXcursor.so.1.0.2
7f82fec5c000-7f82fec5d000 rw-p 00009000 08:01 3413243                    /usr/lib/x86_64-linux-gnu/libXcursor.so.1.0.2
7f82fec5d000-7f82fec66000 r-xp 00000000 08:01 3415833                    /usr/lib/x86_64-linux-gnu/libXrender.so.1.3.0
7f82fec66000-7f82fee65000 ---p 00009000 08:01 3415833                    /usr/lib/x86_64-linux-gnu/libXrender.so.1.3.0
7f82fee65000-7f82fee66000 r--p 00008000 08:01 3415833                    /usr/lib/x86_64-linux-gnu/libXrender.so.1.3.0
7f82fee66000-7f82fee67000 rw-p 00009000 08:01 3415833                    /usr/lib/x86_64-linux-gnu/libXrender.so.1.3.0
7f82fee67000-7f82fee71000 r-xp 00000000 08:01 3415831                    /usr/lib/x86_64-linux-gnu/libXrandr.so.2.2.0
7f82fee71000-7f82ff070000 ---p 0000a000 08:01 3415831                    /usr/lib/x86_64-linux-gnu/libXrandr.so.2.2.0
7f82ff070000-7f82ff071000 r--p 00009000 08:01 3415831                    /usr/lib/x86_64-linux-gnu/libXrandr.so.2.2.0
7f82ff071000-7f82ff072000 rw-p 0000a000 08:01 3415831                    /usr/lib/x86_64-linux-gnu/libXrandr.so.2.2.0
7f82ff072000-7f82ff081000 r-xp 00000000 08:01 3415821                    /usr/lib/x86_64-linux-gnu/libXi.so.6.1.0
7f82ff081000-7f82ff280000 ---p 0000f000 08:01 3415821                    /usr/lib/x86_64-linux-gnu/libXi.so.6.1.0
7f82ff280000-7f82ff281000 r--p 0000e000 08:01 3415821                    /usr/lib/x86_64-linux-gnu/libXi.so.6.1.0
7f82ff281000-7f82ff282000 rw-p 0000f000 08:01 3415821                    /usr/lib/x86_64-linux-gnu/libXi.so.6.1.0
7f82ff282000-7f82ff293000 r-xp 00000000 08:01 3415811                    /usr/lib/x86_64-linux-gnu/libXext.so.6.4.0
7f82ff293000-7f82ff492000 ---p 00011000 08:01 3415811                    /usr/lib/x86_64-linux-gnu/libXext.so.6.4.0
7f82ff492000-7f82ff493000 r--p 00010000 08:01 3415811                    /usr/lib/x86_64-linux-gnu/libXext.so.6.4.0
7f82ff493000-7f82ff494000 rw-p 00011000 08:01 3415811                    /usr/lib/x86_64-linux-gnu/libXext.so.6.4.0
7f82ff494000-7f82ff499000 r-xp 00000000 08:01 3415849                    /usr/lib/x86_64-linux-gnu/libXxf86vm.so.1.0.0
7f82ff499000-7f82ff698000 ---p 00005000 08:01 3415849                    /usr/lib/x86_64-linux-gnu/libXxf86vm.so.1.0.0
7f82ff698000-7f82ff699000 r--p 00004000 08:01 3415849                    /usr/lib/x86_64-linux-gnu/libXxf86vm.so.1.0.0
7f82ff699000-7f82ff69a000 rw-p 00005000 08:01 3415849                    /usr/lib/x86_64-linux-gnu/libXxf86vm.so.1.0.0
7f82ff69a000-7f82ff69f000 r-xp 00000000 08:01 3415809                    /usr/lib/x86_64-linux-gnu/libXdmcp.so.6.0.0
7f82ff69f000-7f82ff89e000 ---p 00005000 08:01 3415809                    /usr/lib/x86_64-linux-gnu/libXdmcp.so.6.0.0
7f82ff89e000-7f82ff89f000 r--p 00004000 08:01 3415809                    /usr/lib/x86_64-linux-gnu/libXdmcp.so.6.0.0
7f82ff89f000-7f82ff8a0000 rw-p 00005000 08:01 3415809                    /usr/lib/x86_64-linux-gnu/libXdmcp.so.6.0.0
7f82ff8a0000-7f82ff8a2000 r-xp 00000000 08:01 3415798                    /usr/lib/x86_64-linux-gnu/libXau.so.6.0.0
7f82ff8a2000-7f82ffaa2000 ---p 00002000 08:01 3415798                    /usr/lib/x86_64-linux-gnu/libXau.so.6.0.0
7f82ffaa2000-7f82ffaa3000 r--p 00002000 08:01 3415798                    /usr/lib/x86_64-linux-gnu/libXau.so.6.0.0
7f82ffaa3000-7f82ffaa4000 rw-p 00003000 08:01 3415798                    /usr/lib/x86_64-linux-gnu/libXau.so.6.0.0
7f82ffaa4000-7f82ffac5000 r-xp 00000000 08:01 3417216                    /usr/lib/x86_64-linux-gnu/libxcb.so.1.1.0
7f82ffac5000-7f82ffcc4000 ---p 00021000 08:01 3417216                    /usr/lib/x86_64-linux-gnu/libxcb.so.1.1.0
7f82ffcc4000-7f82ffcc5000 r--p 00020000 08:01 3417216                    /usr/lib/x86_64-linux-gnu/libxcb.so.1.1.0
7f82ffcc5000-7f82ffcc6000 rw-p 00021000 08:01 3417216                    /usr/lib/x86_64-linux-gnu/libxcb.so.1.1.0
7f82ffcc6000-7f82ffdfb000 r-xp 00000000 08:01 3415794                    /usr/lib/x86_64-linux-gnu/libX11.so.6.3.0
7f82ffdfb000-7f82ffffb000 ---p 00135000 08:01 3415794                    /usr/lib/x86_64-linux-gnu/libX11.so.6.3.0
7f82ffffb000-7f82ffffc000 r--p 00135000 08:01 3415794                    /usr/lib/x86_64-linux-gnu/libX11.so.6.3.0
7f82ffffc000-7f8300000000 rw-p 00136000 08:01 3415794                    /usr/lib/x86_64-linux-gnu/libX11.so.6.3.0
7f8300000000-7f8300021000 rw-p 00000000 00:00 0 
7f8300021000-7f8304000000 ---p 00000000 00:00 0 
7f8304000000-7f8304021000 rw-p 00000000 00:00 0 
7f8304021000-7f8308000000 ---p 00000000 00:00 0 
7f8308000000-7f8308021000 rw-p 00000000 00:00 0 
7f8308021000-7f830c000000 ---p 00000000 00:00 0 
7f830c000000-7f830c021000 rw-p 00000000 00:00 0 
7f830c021000-7f8310000000 ---p 00000000 00:00 0 
7f8310000000-7f831016a000 rw-p 00000000 00:00 0 
7f831016a000-7f8314000000 ---p 00000000 00:00 0 
7f8314000000-7f8314021000 rw-p 00000000 00:00 0 
7f8314021000-7f8318000000 ---p 00000000 00:00 0 
7f8318000000-7f83181d6000 rw-p 00000000 00:00 0 
7f83181d6000-7f831c000000 ---p 00000000 00:00 0 
7f831c000000-7f831c0d9000 rw-p 00000000 00:00 0 
7f831c0d9000-7f8320000000 ---p 00000000 00:00 0 
7f8320000000-7f8320021000 rw-p 00000000 00:00 0 
7f8320021000-7f8324000000 ---p 00000000 00:00 0 
7f8324000000-7f8324147000 rw-p 00000000 00:00 0 
7f8324147000-7f8328000000 ---p 00000000 00:00 0 
7f8328000000-7f8328021000 rw-p 00000000 00:00 0 
7f8328021000-7f832c000000 ---p 00000000 00:00 0 
7f832c000000-7f832c021000 rw-p 00000000 00:00 0 
7f832c021000-7f8330000000 ---p 00000000 00:00 0 
7f8330000000-7f8330021000 rw-p 00000000 00:00 0 
7f8330021000-7f8334000000 ---p 00000000 00:00 0 
7f8334031000-7f83340b1000 rw-s 00000000 00:06 466                        /dev/nvidiactl
7f83340b1000-7f83340d1000 rw-s 00000000 00:06 467                        /dev/nvidia0
7f83340d1000-7f83341d6000 rw-s 00000000 00:06 466                        /dev/nvidiactl
7f83341d6000-7f8334205000 r-xp 00000000 08:01 23724421                   /tmp/lwjgloliver/3.1.5-build-1/libglfw.so
7f8334205000-7f8334404000 ---p 0002f000 08:01 23724421                   /tmp/lwjgloliver/3.1.5-build-1/libglfw.so
7f8334404000-7f8334405000 r--p 0002e000 08:01 23724421                   /tmp/lwjgloliver/3.1.5-build-1/libglfw.so
7f8334405000-7f8334406000 rw-p 0002f000 08:01 23724421                   /tmp/lwjgloliver/3.1.5-build-1/libglfw.so
7f8334406000-7f83344e7000 rw-p 00000000 00:00 0 
7f83344e7000-7f8334627000 ---p 00000000 00:00 0 
7f8334627000-7f833467a000 r-xp 00000000 08:01 23724420                   /tmp/lwjgloliver/3.1.5-build-1/liblwjgl.so
7f833467a000-7f8334879000 ---p 00053000 08:01 23724420                   /tmp/lwjgloliver/3.1.5-build-1/liblwjgl.so
7f8334879000-7f833487a000 r--p 00052000 08:01 23724420                   /tmp/lwjgloliver/3.1.5-build-1/liblwjgl.so
7f833487a000-7f833487b000 rw-p 00053000 08:01 23724420                   /tmp/lwjgloliver/3.1.5-build-1/liblwjgl.so
7f833487b000-7f833487f000 ---p 00000000 00:00 0 
7f833487f000-7f833497c000 rw-p 00000000 00:00 0 
7f833497c000-7f8334980000 ---p 00000000 00:00 0 
7f8334980000-7f8334a7d000 rw-p 00000000 00:00 0 
7f8334a7d000-7f8334a7e000 ---p 00000000 00:00 0 
7f8334a7e000-7f8334b7e000 rw-p 00000000 00:00 0 
7f8334b7e000-7f8334b82000 ---p 00000000 00:00 0 
7f8334b82000-7f8334c7f000 rw-p 00000000 00:00 0 
7f8334c7f000-7f8334c83000 ---p 00000000 00:00 0 
7f8334c83000-7f8334d80000 rw-p 00000000 00:00 0 
7f8334d80000-7f8334d96000 r-xp 00000000 08:01 5641750                    /usr/lib/jvm/java-9-oracle/lib/libnet.so
7f8334d96000-7f8334f96000 ---p 00016000 08:01 5641750                    /usr/lib/jvm/java-9-oracle/lib/libnet.so
7f8334f96000-7f8334f97000 rw-p 00016000 08:01 5641750                    /usr/lib/jvm/java-9-oracle/lib/libnet.so
7f8334f97000-7f8334fa7000 r-xp 00000000 08:01 5641814                    /usr/lib/jvm/java-9-oracle/lib/libnio.so
7f8334fa7000-7f83351a7000 ---p 00010000 08:01 5641814                    /usr/lib/jvm/java-9-oracle/lib/libnio.so
7f83351a7000-7f83351a8000 rw-p 00010000 08:01 5641814                    /usr/lib/jvm/java-9-oracle/lib/libnio.so
7f83351a8000-7f83351ac000 ---p 00000000 00:00 0 
7f83351ac000-7f83352a9000 rw-p 00000000 00:00 0 
7f83352a9000-7f83352ad000 ---p 00000000 00:00 0 
7f83352ad000-7f83353aa000 rw-p 00000000 00:00 0 
7f83353aa000-7f8335800000 r--p 00000000 08:01 3409364                    /usr/lib/locale/locale-archive
7f8335800000-7f8336000000 rw-p 00000000 00:00 0 
7f8336000000-7f8338000000 rwxp 00000000 00:00 0 
7f8338000000-7f8338021000 rw-p 00000000 00:00 0 
7f8338021000-7f833c000000 ---p 00000000 00:00 0 
7f833c000000-7f833c021000 rw-p 00000000 00:00 0 
7f833c021000-7f8340000000 ---p 00000000 00:00 0 
7f8340000000-7f8340021000 rw-p 00000000 00:00 0 
7f8340021000-7f8344000000 ---p 00000000 00:00 0 
7f834400b000-7f834401e000 rw-s 00000000 00:06 466                        /dev/nvidiactl
7f834401e000-7f834405e000 rw-s 00000000 00:06 466                        /dev/nvidiactl
7f834405e000-7f834407e000 rw-s 00000000 00:06 466                        /dev/nvidiactl
7f834407e000-7f8344082000 ---p 00000000 00:00 0 
7f8344082000-7f834417f000 rw-p 00000000 00:00 0 
7f834417f000-7f8344183000 ---p 00000000 00:00 0 
7f8344183000-7f8344470000 rw-p 00000000 00:00 0 
7f8344470000-7f8346140000 ---p 00000000 00:00 0 
7f8346140000-7f8346330000 rw-p 00000000 00:00 0 
7f8346330000-7f8348000000 ---p 00000000 00:00 0 
7f8348000000-7f8348021000 rw-p 00000000 00:00 0 
7f8348021000-7f834c000000 ---p 00000000 00:00 0 
7f834c000000-7f834c021000 rw-p 00000000 00:00 0 
7f834c021000-7f8350000000 ---p 00000000 00:00 0 
7f8350000000-7f8350021000 rw-p 00000000 00:00 0 
7f8350021000-7f8354000000 ---p 00000000 00:00 0 
7f8354000000-7f8354021000 rw-p 00000000 00:00 0 
7f8354021000-7f8358000000 ---p 00000000 00:00 0 
7f8358000000-7f8358021000 rw-p 00000000 00:00 0 
7f8358021000-7f835c000000 ---p 00000000 00:00 0 
7f835c000000-7f835c021000 rw-p 00000000 00:00 0 
7f835c021000-7f8360000000 ---p 00000000 00:00 0 
7f8360000000-7f8360021000 rw-p 00000000 00:00 0 
7f8360021000-7f8364000000 ---p 00000000 00:00 0 
7f8364000000-7f8364021000 rw-p 00000000 00:00 0 
7f8364021000-7f8368000000 ---p 00000000 00:00 0 
7f8368000000-7f8368021000 rw-p 00000000 00:00 0 
7f8368021000-7f836c000000 ---p 00000000 00:00 0 
7f836c000000-7f836c021000 rw-p 00000000 00:00 0 
7f836c021000-7f8370000000 ---p 00000000 00:00 0 
7f8370000000-7f8370021000 rw-p 00000000 00:00 0 
7f8370021000-7f8374000000 ---p 00000000 00:00 0 
7f8374000000-7f8374021000 rw-p 00000000 00:00 0 
7f8374021000-7f8378000000 ---p 00000000 00:00 0 
7f8378000000-7f8378021000 rw-p 00000000 00:00 0 
7f8378021000-7f837c000000 ---p 00000000 00:00 0 
7f837c000000-7f837c021000 rw-p 00000000 00:00 0 
7f837c021000-7f8380000000 ---p 00000000 00:00 0 
7f8380000000-7f8380021000 rw-p 00000000 00:00 0 
7f8380021000-7f8384000000 ---p 00000000 00:00 0 
7f8384000000-7f8384021000 rw-p 00000000 00:00 0 
7f8384021000-7f8388000000 ---p 00000000 00:00 0 
7f8388000000-7f8388021000 rw-p 00000000 00:00 0 
7f8388021000-7f838c000000 ---p 00000000 00:00 0 
7f838c005000-7f838c036000 rw-p 00000000 00:00 0 
7f838c036000-7f838c03a000 ---p 00000000 00:00 0 
7f838c03a000-7f838c137000 rw-p 00000000 00:00 0 
7f838c137000-7f838c13b000 ---p 00000000 00:00 0 
7f838c13b000-7f838c238000 rw-p 00000000 00:00 0 
7f838c238000-7f838c23c000 ---p 00000000 00:00 0 
7f838c23c000-7f838c339000 rw-p 00000000 00:00 0 
7f838c339000-7f838c33d000 ---p 00000000 00:00 0 
7f838c33d000-7f838c43a000 rw-p 00000000 00:00 0 
7f838c43a000-7f838c43b000 ---p 00000000 00:00 0 
7f838c43b000-7f838cdb9000 rw-p 00000000 00:00 0 
7f838cdb9000-7f838cdba000 ---p 00000000 00:00 0 
7f838cdba000-7f838ceba000 rw-p 00000000 00:00 0 
7f838ceba000-7f838cebb000 ---p 00000000 00:00 0 
7f838cebb000-7f838cff9000 rw-p 00000000 00:00 0 
7f838cff9000-7f838d393000 ---p 00000000 00:00 0 
7f838d393000-7f838d3d1000 rw-p 00000000 00:00 0 
7f838d3d1000-7f838db43000 ---p 00000000 00:00 0 
7f838db43000-7f838ddb3000 rwxp 00000000 00:00 0 
7f838ddb3000-7f838e0d4000 ---p 00000000 00:00 0 
7f838e0d4000-7f838e344000 rwxp 00000000 00:00 0 
7f838e344000-7f839560b000 ---p 00000000 00:00 0 
7f839560b000-7f839587b000 rwxp 00000000 00:00 0 
7f839587b000-7f839cb43000 ---p 00000000 00:00 0 
7f839cb43000-7f83a8000000 r--s 00000000 08:01 5641785                    /usr/lib/jvm/java-9-oracle/lib/modules
7f83a8000000-7f83a89f7000 rw-p 00000000 00:00 0 
7f83a89f7000-7f83ac000000 ---p 00000000 00:00 0 
7f83ac000000-7f83ac083000 rw-p 00000000 00:00 0 
7f83ac083000-7f83ac084000 ---p 00000000 00:00 0 
7f83ac084000-7f83ac1c2000 rw-p 00000000 00:00 0 
7f83ac1c2000-7f83ac55c000 ---p 00000000 00:00 0 
7f83ac55c000-7f83ac55d000 ---p 00000000 00:00 0 
7f83ac55d000-7f83ac65d000 rw-p 00000000 00:00 0 
7f83ac65d000-7f83ac65e000 ---p 00000000 00:00 0 
7f83ac65e000-7f83ac75e000 rw-p 00000000 00:00 0 
7f83ac75e000-7f83ac75f000 ---p 00000000 00:00 0 
7f83ac75f000-7f83ac85f000 rw-p 00000000 00:00 0 
7f83ac85f000-7f83ac860000 ---p 00000000 00:00 0 
7f83ac860000-7f83ac960000 rw-p 00000000 00:00 0 
7f83ac960000-7f83ac961000 ---p 00000000 00:00 0 
7f83ac961000-7f83aca61000 rw-p 00000000 00:00 0 
7f83aca61000-7f83aca62000 ---p 00000000 00:00 0 
7f83aca62000-7f83acb62000 rw-p 00000000 00:00 0 
7f83acb62000-7f83acb63000 ---p 00000000 00:00 0 
7f83acb63000-7f83acc63000 rw-p 00000000 00:00 0 
7f83acc63000-7f83acc64000 ---p 00000000 00:00 0 
7f83acc64000-7f83acd64000 rw-p 00000000 00:00 0 
7f83acd64000-7f83acd65000 ---p 00000000 00:00 0 
7f83acd65000-7f83ad66d000 rw-p 00000000 00:00 0 
7f83ad66d000-7f83ad66e000 ---p 00000000 00:00 0 
7f83ad66e000-7f83ad76e000 rw-p 00000000 00:00 0 
7f83ad76e000-7f83ad76f000 ---p 00000000 00:00 0 
7f83ad76f000-7f83ad86f000 rw-p 00000000 00:00 0 
7f83ad86f000-7f83ad870000 ---p 00000000 00:00 0 
7f83ad870000-7f83ad970000 rw-p 00000000 00:00 0 
7f83ad970000-7f83ad971000 ---p 00000000 00:00 0 
7f83ad971000-7f83ada71000 rw-p 00000000 00:00 0 
7f83ada71000-7f83ada72000 ---p 00000000 00:00 0 
7f83ada72000-7f83adb72000 rw-p 00000000 00:00 0 
7f83adb72000-7f83adb73000 ---p 00000000 00:00 0 
7f83adb73000-7f83adc73000 rw-p 00000000 00:00 0 
7f83adc73000-7f83adc74000 ---p 00000000 00:00 0 
7f83adc74000-7f83add74000 rw-p 00000000 00:00 0 
7f83add74000-7f83add75000 ---p 00000000 00:00 0 
7f83add75000-7f83ade7a000 rw-p 00000000 00:00 0 
7f83ade7a000-7f83adf60000 ---p 00000000 00:00 0 
7f83adf60000-7f83adf65000 rw-p 00000000 00:00 0 
7f83adf65000-7f83ae04b000 ---p 00000000 00:00 0 
7f83ae04b000-7f83ae065000 r-xp 00000000 08:01 5641707                    /usr/lib/jvm/java-9-oracle/lib/libjimage.so
7f83ae065000-7f83ae264000 ---p 0001a000 08:01 5641707                    /usr/lib/jvm/java-9-oracle/lib/libjimage.so
7f83ae264000-7f83ae266000 rw-p 00019000 08:01 5641707                    /usr/lib/jvm/java-9-oracle/lib/libjimage.so
7f83ae266000-7f83ae278000 rw-p 00000000 00:00 0 
7f83ae278000-7f83ae27f000 r-xp 00000000 08:01 5641822                    /usr/lib/jvm/java-9-oracle/lib/libzip.so
7f83ae27f000-7f83ae47e000 ---p 00007000 08:01 5641822                    /usr/lib/jvm/java-9-oracle/lib/libzip.so
7f83ae47e000-7f83ae47f000 rw-p 00006000 08:01 5641822                    /usr/lib/jvm/java-9-oracle/lib/libzip.so
7f83ae47f000-7f83ae48a000 r-xp 00000000 08:01 24642406                   /lib/x86_64-linux-gnu/libnss_files-2.23.so
7f83ae48a000-7f83ae689000 ---p 0000b000 08:01 24642406                   /lib/x86_64-linux-gnu/libnss_files-2.23.so
7f83ae689000-7f83ae68a000 r--p 0000a000 08:01 24642406                   /lib/x86_64-linux-gnu/libnss_files-2.23.so
7f83ae68a000-7f83ae68b000 rw-p 0000b000 08:01 24642406                   /lib/x86_64-linux-gnu/libnss_files-2.23.so
7f83ae68b000-7f83ae691000 rw-p 00000000 00:00 0 
7f83ae691000-7f83ae69c000 r-xp 00000000 08:01 24642410                   /lib/x86_64-linux-gnu/libnss_nis-2.23.so
7f83ae69c000-7f83ae89b000 ---p 0000b000 08:01 24642410                   /lib/x86_64-linux-gnu/libnss_nis-2.23.so
7f83ae89b000-7f83ae89c000 r--p 0000a000 08:01 24642410                   /lib/x86_64-linux-gnu/libnss_nis-2.23.so
7f83ae89c000-7f83ae89d000 rw-p 0000b000 08:01 24642410                   /lib/x86_64-linux-gnu/libnss_nis-2.23.so
7f83ae89d000-7f83ae8b3000 r-xp 00000000 08:01 24642390                   /lib/x86_64-linux-gnu/libnsl-2.23.so
7f83ae8b3000-7f83aeab2000 ---p 00016000 08:01 24642390                   /lib/x86_64-linux-gnu/libnsl-2.23.so
7f83aeab2000-7f83aeab3000 r--p 00015000 08:01 24642390                   /lib/x86_64-linux-gnu/libnsl-2.23.so
7f83aeab3000-7f83aeab4000 rw-p 00016000 08:01 24642390                   /lib/x86_64-linux-gnu/libnsl-2.23.so
7f83aeab4000-7f83aeab6000 rw-p 00000000 00:00 0 
7f83aeab6000-7f83aeabe000 r-xp 00000000 08:01 24642401                   /lib/x86_64-linux-gnu/libnss_compat-2.23.so
7f83aeabe000-7f83aecbd000 ---p 00008000 08:01 24642401                   /lib/x86_64-linux-gnu/libnss_compat-2.23.so
7f83aecbd000-7f83aecbe000 r--p 00007000 08:01 24642401                   /lib/x86_64-linux-gnu/libnss_compat-2.23.so
7f83aecbe000-7f83aecbf000 rw-p 00008000 08:01 24642401                   /lib/x86_64-linux-gnu/libnss_compat-2.23.so
7f83aecbf000-7f83aecea000 r-xp 00000000 08:01 5641743                    /usr/lib/jvm/java-9-oracle/lib/libjava.so
7f83aecea000-7f83aeee9000 ---p 0002b000 08:01 5641743                    /usr/lib/jvm/java-9-oracle/lib/libjava.so
7f83aeee9000-7f83aeeeb000 rw-p 0002a000 08:01 5641743                    /usr/lib/jvm/java-9-oracle/lib/libjava.so
7f83aeeeb000-7f83aeef8000 r-xp 00000000 08:01 5641768                    /usr/lib/jvm/java-9-oracle/lib/libverify.so
7f83aeef8000-7f83af0f7000 ---p 0000d000 08:01 5641768                    /usr/lib/jvm/java-9-oracle/lib/libverify.so
7f83af0f7000-7f83af0f9000 rw-p 0000c000 08:01 5641768                    /usr/lib/jvm/java-9-oracle/lib/libverify.so
7f83af0f9000-7f83af100000 r-xp 00000000 08:01 24642411                   /lib/x86_64-linux-gnu/librt-2.23.so
7f83af100000-7f83af2ff000 ---p 00007000 08:01 24642411                   /lib/x86_64-linux-gnu/librt-2.23.so
7f83af2ff000-7f83af300000 r--p 00006000 08:01 24642411                   /lib/x86_64-linux-gnu/librt-2.23.so
7f83af300000-7f83af301000 rw-p 00007000 08:01 24642411                   /lib/x86_64-linux-gnu/librt-2.23.so
7f83af301000-7f83af409000 r-xp 00000000 08:01 24642389                   /lib/x86_64-linux-gnu/libm-2.23.so
7f83af409000-7f83af608000 ---p 00108000 08:01 24642389                   /lib/x86_64-linux-gnu/libm-2.23.so
7f83af608000-7f83af609000 r--p 00107000 08:01 24642389                   /lib/x86_64-linux-gnu/libm-2.23.so
7f83af609000-7f83af60a000 rw-p 00108000 08:01 24642389                   /lib/x86_64-linux-gnu/libm-2.23.so
7f83af60a000-7f83b061f000 r-xp 00000000 08:01 6951024                    /usr/lib/jvm/java-9-oracle/lib/server/libjvm.so
7f83b061f000-7f83b081e000 ---p 01015000 08:01 6951024                    /usr/lib/jvm/java-9-oracle/lib/server/libjvm.so
7f83b081e000-7f83b08ef000 r--p 01014000 08:01 6951024                    /usr/lib/jvm/java-9-oracle/lib/server/libjvm.so
7f83b08ef000-7f83b0926000 rw-p 010e5000 08:01 6951024                    /usr/lib/jvm/java-9-oracle/lib/server/libjvm.so
7f83b0926000-7f83b098f000 rw-p 00000000 00:00 0 
7f83b098f000-7f83b0b4f000 r-xp 00000000 08:01 24642393                   /lib/x86_64-linux-gnu/libc-2.23.so
7f83b0b4f000-7f83b0d4f000 ---p 001c0000 08:01 24642393                   /lib/x86_64-linux-gnu/libc-2.23.so
7f83b0d4f000-7f83b0d53000 r--p 001c0000 08:01 24642393                   /lib/x86_64-linux-gnu/libc-2.23.so
7f83b0d53000-7f83b0d55000 rw-p 001c4000 08:01 24642393                   /lib/x86_64-linux-gnu/libc-2.23.so
7f83b0d55000-7f83b0d59000 rw-p 00000000 00:00 0 
7f83b0d59000-7f83b0d5c000 r-xp 00000000 08:01 24642395                   /lib/x86_64-linux-gnu/libdl-2.23.so
7f83b0d5c000-7f83b0f5b000 ---p 00003000 08:01 24642395                   /lib/x86_64-linux-gnu/libdl-2.23.so
7f83b0f5b000-7f83b0f5c000 r--p 00002000 08:01 24642395                   /lib/x86_64-linux-gnu/libdl-2.23.so
7f83b0f5c000-7f83b0f5d000 rw-p 00003000 08:01 24642395                   /lib/x86_64-linux-gnu/libdl-2.23.so
7f83b0f5d000-7f83b0f6b000 r-xp 00000000 08:01 6951026                    /usr/lib/jvm/java-9-oracle/lib/jli/libjli.so
7f83b0f6b000-7f83b116b000 ---p 0000e000 08:01 6951026                    /usr/lib/jvm/java-9-oracle/lib/jli/libjli.so
7f83b116b000-7f83b116c000 rw-p 0000e000 08:01 6951026                    /usr/lib/jvm/java-9-oracle/lib/jli/libjli.so
7f83b116c000-7f83b1184000 r-xp 00000000 08:01 24642392                   /lib/x86_64-linux-gnu/libpthread-2.23.so
7f83b1184000-7f83b1383000 ---p 00018000 08:01 24642392                   /lib/x86_64-linux-gnu/libpthread-2.23.so
7f83b1383000-7f83b1384000 r--p 00017000 08:01 24642392                   /lib/x86_64-linux-gnu/libpthread-2.23.so
7f83b1384000-7f83b1385000 rw-p 00018000 08:01 24642392                   /lib/x86_64-linux-gnu/libpthread-2.23.so
7f83b1385000-7f83b1389000 rw-p 00000000 00:00 0 
7f83b1389000-7f83b13a2000 r-xp 00000000 08:01 24646264                   /lib/x86_64-linux-gnu/libz.so.1.2.8
7f83b13a2000-7f83b15a1000 ---p 00019000 08:01 24646264                   /lib/x86_64-linux-gnu/libz.so.1.2.8
7f83b15a1000-7f83b15a2000 r--p 00018000 08:01 24646264                   /lib/x86_64-linux-gnu/libz.so.1.2.8
7f83b15a2000-7f83b15a3000 rw-p 00019000 08:01 24646264                   /lib/x86_64-linux-gnu/libz.so.1.2.8
7f83b15a3000-7f83b15c9000 r-xp 00000000 08:01 24642391                   /lib/x86_64-linux-gnu/ld-2.23.so
7f83b15d6000-7f83b15d7000 r-xp 00000000 00:00 0 
7f83b15d7000-7f83b1694000 rw-p 00000000 00:00 0 
7f83b1694000-7f83b1699000 ---p 00000000 00:00 0 
7f83b1699000-7f83b179a000 rw-p 00000000 00:00 0 
7f83b179a000-7f83b179c000 rw-s 00000000 08:01 23724407                   /tmp/.glb3aJpI (deleted)
7f83b179c000-7f83b179d000 rw-s 00000000 00:06 466                        /dev/nvidiactl
7f83b179d000-7f83b17a1000 rw-s 00000000 00:06 466                        /dev/nvidiactl
7f83b17a1000-7f83b17a2000 rw-s 00000000 00:06 467                        /dev/nvidia0
7f83b17a2000-7f83b17a3000 rw-s 00000000 00:06 466                        /dev/nvidiactl
7f83b17a3000-7f83b17a4000 rw-s 00000000 00:06 466                        /dev/nvidiactl
7f83b17a4000-7f83b17ab000 r--s 00000000 08:01 3676651                    /usr/lib/x86_64-linux-gnu/gconv/gconv-modules.cache
7f83b17ab000-7f83b17ac000 r-xp 00000000 00:00 0 
7f83b17ac000-7f83b17b2000 rw-p 00000000 00:00 0 
7f83b17b2000-7f83b17b9000 ---p 00000000 00:00 0 
7f83b17b9000-7f83b17c1000 rw-s 00000000 08:01 23724406                   /tmp/hsperfdata_oliver/21292
7f83b17c1000-7f83b17c2000 rw-p 00000000 00:00 0 
7f83b17c2000-7f83b17c3000 r--p 00000000 00:00 0 
7f83b17c3000-7f83b17c6000 r--p 00000000 00:00 0                          [vvar]
7f83b17c6000-7f83b17c8000 r-xp 00000000 00:00 0                          [vdso]
7f83b17c8000-7f83b17c9000 r--p 00025000 08:01 24642391                   /lib/x86_64-linux-gnu/ld-2.23.so
7f83b17c9000-7f83b17ca000 rw-p 00026000 08:01 24642391                   /lib/x86_64-linux-gnu/ld-2.23.so
7f83b17ca000-7f83b17cb000 rw-p 00000000 00:00 0 
7ffd96dd1000-7ffd96df3000 rw-p 00000000 00:00 0                          [stack]
ffffffffff600000-ffffffffff601000 r-xp 00000000 00:00 0                  [vsyscall]

VM Arguments:
jvm_args: -Dorg.lwjgl.util.Debug=true -Djava.library.path=nope -Dfile.encoding=UTF-8 
java_command: base.IkSolver
java_class_path (initial): /home/oliver/git/Master_thesis_java/Masterthesis_IK/target/classes:/home/oliver/git/Master_thesis_java/Masterthesis_IK/libs/Caliko-v1.3.3/jar/caliko-1.3.3.jar:/home/oliver/git/Master_thesis_java/Masterthesis_IK/libs/Caliko-v1.3.3/jar/caliko-demo-1.3.3.jar:/home/oliver/git/Master_thesis_java/Masterthesis_IK/libs/Caliko-v1.3.3/jar/caliko-visualisation-1.3.3.jar:/home/oliver/.m2/repository/org/lwjgl/lwjgl/3.1.5/lwjgl-3.1.5.jar:/home/oliver/.m2/repository/org/lwjgl/lwjgl-assimp/3.1.5/lwjgl-assimp-3.1.5.jar:/home/oliver/.m2/repository/org/lwjgl/lwjgl-bgfx/3.1.5/lwjgl-bgfx-3.1.5.jar:/home/oliver/.m2/repository/org/lwjgl/lwjgl-glfw/3.1.5/lwjgl-glfw-3.1.5.jar:/home/oliver/.m2/repository/org/lwjgl/lwjgl-nanovg/3.1.5/lwjgl-nanovg-3.1.5.jar:/home/oliver/.m2/repository/org/lwjgl/lwjgl-nuklear/3.1.5/lwjgl-nuklear-3.1.5.jar:/home/oliver/.m2/repository/org/lwjgl/lwjgl-openal/3.1.5/lwjgl-openal-3.1.5.jar:/home/oliver/.m2/repository/org/lwjgl/lwjgl-opengl/3.1.5/lwjgl-opengl-3.1.5.jar:/home/oliver/.m2/repository/org/lwjgl/lwjgl-openvr/3.1.5/lwjgl-openvr-3.1.5.jar:/home/oliver/.m2/repository/org/lwjgl/lwjgl-par/3.1.5/lwjgl-par-3.1.5.jar:/home/oliver/.m2/repository/org/lwjgl/lwjgl-stb/3.1.5/lwjgl-stb-3.1.5.jar:/home/oliver/.m2/repository/org/lwjgl/lwjgl-vulkan/3.1.5/lwjgl-vulkan-3.1.5.jar:/home/oliver/.m2/repository/org/lwjgl/lwjgl/3.1.5/lwjgl-3.1.5-natives-linux.jar:/home/oliver/.m2/repository/org/lwjgl/lwjgl-assimp/3.1.5/lwjgl-assimp-3.1.5-natives-linux.jar:/home/oliver/.m2/repository/org/lwjgl/lwjgl-bgfx/3.1.5/lwjgl-bgfx-3.1.5-natives-linux.jar:/home/oliver/.m2/repository/org/lwjgl/lwjgl-glfw/3.1.5/lwjgl-glfw-3.1.5-natives-linux.jar:/home/oliver/.m2/repository/org/lwjgl/lwjgl-nanovg/3.1.5/lwjgl-nanovg-3.1.5-natives-linux.jar:/home/oliver/.m2/repository/org/lwjgl/lwjgl-nuklear/3.1.5/lwjgl-nuklear-3.1.5-natives-linux.jar:/home/oliver/.m2/repository/org/lwjgl/lwjgl-openal/3.1.5/lwjgl-openal-3.1.5-natives-linux.jar:/home/oliver/.m2/repository/org/lwjgl/lwjgl
Launcher Type: SUN_STANDARD

Logging:
Log output configuration:
#0: stdout all=warning uptime,level,tags
#1: stderr all=off uptime,level,tags

Environment Variables:
JAVA_HOME=/usr/lib/jvm/java-9-oracle
PATH=/home/oliver/bin:/home/oliver/.local/bin:/usr/local/sbin:/usr/local/bin:/usr/sbin:/usr/bin:/sbin:/bin:/usr/games:/usr/local/games:/snap/bin:/usr/lib/jvm/java-9-oracle/bin:/usr/lib/jvm/java-9-oracle/db/bin
SHELL=/bin/bash
DISPLAY=:0

Signal Handlers:
SIGSEGV: [libjvm.so+0xd4d370], sa_mask[0]=11111111011111111101111111111110, sa_flags=SA_RESTART|SA_SIGINFO
SIGBUS: [libjvm.so+0xd4d370], sa_mask[0]=11111111011111111101111111111110, sa_flags=SA_RESTART|SA_SIGINFO
SIGFPE: [libjvm.so+0xd4d370], sa_mask[0]=11111111011111111101111111111110, sa_flags=SA_RESTART|SA_SIGINFO
SIGPIPE: [libjvm.so+0xb64780], sa_mask[0]=11111111011111111101111111111110, sa_flags=SA_RESTART|SA_SIGINFO
SIGXFSZ: [libjvm.so+0xb64780], sa_mask[0]=11111111011111111101111111111110, sa_flags=SA_RESTART|SA_SIGINFO
SIGILL: [libjvm.so+0xd4d370], sa_mask[0]=11111111011111111101111111111110, sa_flags=SA_RESTART|SA_SIGINFO
SIGUSR2: [libjvm.so+0xb64640], sa_mask[0]=00100000000000000000000000000000, sa_flags=SA_RESTART|SA_SIGINFO
SIGHUP: [libjvm.so+0xb64850], sa_mask[0]=11111111011111111101111111111110, sa_flags=SA_RESTART|SA_SIGINFO
SIGINT: [libjvm.so+0xb64850], sa_mask[0]=11111111011111111101111111111110, sa_flags=SA_RESTART|SA_SIGINFO
SIGTERM: [libjvm.so+0xb64850], sa_mask[0]=11111111011111111101111111111110, sa_flags=SA_RESTART|SA_SIGINFO
SIGQUIT: [libjvm.so+0xb64850], sa_mask[0]=11111111011111111101111111111110, sa_flags=SA_RESTART|SA_SIGINFO


---------------  S Y S T E M  ---------------

OS:DISTRIB_ID=Ubuntu
DISTRIB_RELEASE=16.04
DISTRIB_CODENAME=xenial
DISTRIB_DESCRIPTION="Ubuntu 16.04.4 LTS"
uname:Linux 4.13.0-41-generic #46~16.04.1-Ubuntu SMP Thu May 3 10:06:43 UTC 2018 x86_64
libc:glibc 2.23 NPTL 2.23 
rlimit: STACK 8192k, CORE 0k, NPROC 31243, NOFILE 1048576, AS infinity
load average:1,19 0,86 0,95

/proc/meminfo:
MemTotal:        8059524 kB
MemFree:         1275756 kB
MemAvailable:    4177924 kB
Buffers:          549524 kB
Cached:          2506756 kB
SwapCached:            0 kB
Active:          4441460 kB
Inactive:        1715312 kB
Active(anon):    3047176 kB
Inactive(anon):   209920 kB
Active(file):    1394284 kB
Inactive(file):  1505392 kB
Unevictable:          80 kB
Mlocked:              80 kB
SwapTotal:       8278012 kB
SwapFree:        8278012 kB
Dirty:               236 kB
Writeback:             4 kB
AnonPages:       3100760 kB
Mapped:           933304 kB
Shmem:            216240 kB
Slab:             377652 kB
SReclaimable:     307708 kB
SUnreclaim:        69944 kB
KernelStack:       17620 kB
PageTables:        56680 kB
NFS_Unstable:          0 kB
Bounce:                0 kB
WritebackTmp:          0 kB
CommitLimit:    12307772 kB
Committed_AS:   10744132 kB
VmallocTotal:   34359738367 kB
VmallocUsed:           0 kB
VmallocChunk:          0 kB
HardwareCorrupted:     0 kB
AnonHugePages:         0 kB
ShmemHugePages:        0 kB
ShmemPmdMapped:        0 kB
CmaTotal:              0 kB
CmaFree:               0 kB
HugePages_Total:       0
HugePages_Free:        0
HugePages_Rsvd:        0
HugePages_Surp:        0
Hugepagesize:       2048 kB
DirectMap4k:      358972 kB
DirectMap2M:     7921664 kB


CPU:total 8 (initial active 8) (4 cores per cpu, 2 threads per core) family 6 model 42 stepping 7, cmov, cx8, fxsr, mmx, sse, sse2, sse3, ssse3, sse4.1, sse4.2, popcnt, avx, aes, clmul, ht, tsc, tscinvbit
CPU Model and flags from /proc/cpuinfo:
model name	: Intel(R) Core(TM) i7-2630QM CPU @ 2.00GHz
flags		: fpu vme de pse tsc msr pae mce cx8 apic sep mtrr pge mca cmov pat pse36 clflush dts acpi mmx fxsr sse sse2 ss ht tm pbe syscall nx rdtscp lm constant_tsc arch_perfmon pebs bts nopl xtopology nonstop_tsc cpuid aperfmperf pni pclmulqdq dtes64 monitor ds_cpl vmx est tm2 ssse3 cx16 xtpr pdcm pcid sse4_1 sse4_2 x2apic popcnt tsc_deadline_timer aes xsave avx lahf_lm epb pti retpoline spec_ctrl tpr_shadow vnmi flexpriority ept vpid xsaveopt dtherm ida arat pln pts

Memory: 4k page, physical 8059524k(1275756k free), swap 8278012k(8278012k free)

vm_info: Java HotSpot(TM) 64-Bit Server VM (9.0.4+11) for linux-amd64 JRE (9.0.4+11), built on Dec 19 2017 18:12:19 by "mach5one" with gcc 4.9.2

END.
