#
# A fatal error has been detected by the Java Runtime Environment:
#
#  SIGSEGV (0xb) at pc=0x00007fbf3505a527, pid=8610, tid=8615
#
# JRE version: Java(TM) SE Runtime Environment (9.0+11) (build 9.0.4+11)
# Java VM: Java HotSpot(TM) 64-Bit Server VM (9.0.4+11, mixed mode, tiered, compressed oops, g1 gc, linux-amd64)
# Problematic frame:
# C  [liblwjgl_opengl.so+0x49527]  Java_org_lwjgl_opengl_GL11_glClearColor+0x7
#
# Core dump will be written. Default location: Core dumps may be processed with "/usr/share/apport/apport %p %s %c %d %P" (or dumping to /home/oliver/git/Master_thesis_java/Masterthesis_IK/core.8610)
#
# If you would like to submit a bug report, please visit:
#   http://bugreport.java.com/bugreport/crash.jsp
# The crash happened outside the Java Virtual Machine in native code.
# See problematic frame for where to report the bug.
#

---------------  S U M M A R Y ------------

Command Line: -Dorg.lwjgl.util.Debug=true -Djava.library.path=nope -Dfile.encoding=UTF-8 base.IkSolver

Host: Intel(R) Core(TM) i7-2630QM CPU @ 2.00GHz, 8 cores, 7G, Ubuntu 16.04.4 LTS
Time: Sat May 26 11:05:08 2018 CEST elapsed time: 0 seconds (0d 0h 0m 0s)

---------------  T H R E A D  ---------------

Current thread (0x00007fbfa8013000):  JavaThread "main" [_thread_in_native, id=8615, stack(0x00007fbfb2146000,0x00007fbfb2246000)]

Stack: [0x00007fbfb2146000,0x00007fbfb2246000],  sp=0x00007fbfb22448a8,  free space=1018k
Native frames: (J=compiled Java code, A=aot compiled Java code, j=interpreted, Vv=VM code, C=native code)
C  [liblwjgl_opengl.so+0x49527]  Java_org_lwjgl_opengl_GL11_glClearColor+0x7
j  base.IkSolver.loop()V+4
j  base.IkSolver.run()V+5
j  base.IkSolver.main([Ljava/lang/String;)V+7
v  ~StubRoutines::call_stub
V  [libjvm.so+0x83d60a]  JavaCalls::call_helper(JavaValue*, methodHandle const&, JavaCallArguments*, Thread*)+0x47a
V  [libjvm.so+0x89a67f]  jni_invoke_static(JNIEnv_*, JavaValue*, _jobject*, JNICallType, _jmethodID*, JNI_ArgumentPusher*, Thread*) [clone .isra.90]+0x21f
V  [libjvm.so+0x8ab5ce]  jni_CallStaticVoidMethod+0x14e
C  [libjli.so+0x4397]  JavaMain+0xa17
C  [libpthread.so.0+0x76ba]  start_thread+0xca

Java frames: (J=compiled Java code, j=interpreted, Vv=VM code)
j  org.lwjgl.opengl.GL11.glClearColor(FFFF)V+0
j  base.IkSolver.loop()V+4
j  base.IkSolver.run()V+5
j  base.IkSolver.main([Ljava/lang/String;)V+7
v  ~StubRoutines::call_stub

siginfo: si_signo: 11 (SIGSEGV), si_code: 1 (SEGV_MAPERR), si_addr: 0x00000000000003b0

Register to memory mapping:

RAX=0x0000000000000000 is an unknown value
RBX={method} {0x00007fbf8ce7f2d8} 'glClearColor' '(FFFF)V' in 'org/lwjgl/opengl/GL11'
RCX=0x0000000000000001 is an unknown value
RDX=0x00007fbfb13ff4d8: <offset 0x00000000013494d8> in /usr/lib/jvm/java-9-oracle/lib/server/libjvm.so at 0x00007fbfb00b6000
RSP=0x00007fbfb22448a8 is pointing into the stack for thread: 0x00007fbfa8013000
RBP=0x00007fbfb2244918 is pointing into the stack for thread: 0x00007fbfa8013000
RSI=0x00007fbfb2244928 is pointing into the stack for thread: 0x00007fbfa8013000
RDI=0x00007fbfa8013218 is an unknown value
R8 ={method} {0x00007fbf8ce7f2d8} 'glClearColor' '(FFFF)V' in 'org/lwjgl/opengl/GL11'
R9 =0x0000000000000008 is an unknown value
R10=0x00007fbf8db5bd09 is at code_begin+873 in an Interpreter codelet
method entry point (kind = native)  [0x00007fbf8db5b9a0, 0x00007fbf8db5c3e0]  2624 bytes
R11=0x000000008c7bd5a8 is an oop
java.lang.Class 
{0x000000008c7bd5a8} - klass: 'java/lang/Class'
R12=0x0000000000000000 is an unknown value
R13=0x00007fbf8ce7f2d0 is pointing into metadata
R14=0x00007fbfb2244950 is pointing into the stack for thread: 0x00007fbfa8013000
R15=0x00007fbfa8013000 is a thread


Registers:
RAX=0x0000000000000000, RBX=0x00007fbf8ce7f2d8, RCX=0x0000000000000001, RDX=0x00007fbfb13ff4d8
RSP=0x00007fbfb22448a8, RBP=0x00007fbfb2244918, RSI=0x00007fbfb2244928, RDI=0x00007fbfa8013218
R8 =0x00007fbf8ce7f2d8, R9 =0x0000000000000008, R10=0x00007fbf8db5bd09, R11=0x000000008c7bd5a8
R12=0x0000000000000000, R13=0x00007fbf8ce7f2d0, R14=0x00007fbfb2244950, R15=0x00007fbfa8013000
RIP=0x00007fbf3505a527, EFLAGS=0x0000000000010283, CSGSFS=0x002b000000000033, ERR=0x0000000000000004
  TRAPNO=0x000000000000000e

Top of Stack: (sp=0x00007fbfb22448a8)
0x00007fbfb22448a8:   00007fbf8db5bd35 00007fbfb2244918
0x00007fbfb22448b8:   00007fbf8db5ba8a 00007fbf8cc3d208
0x00007fbfb22448c8:   00007fbf8db5ba53 00007fbfb22448d0
0x00007fbfb22448d8:   00007fbf8ce7f2d0 00007fbfb2244950 

Instructions: (pc=0x00007fbf3505a527)
0x00007fbf3505a507:   ff a0 e0 03 00 00 0f 1f 00 48 8b 07 48 8b 40 18
0x00007fbf3505a517:   ff a0 c8 03 00 00 0f 1f 00 48 8b 07 48 8b 40 18
0x00007fbf3505a527:   ff a0 b0 03 00 00 0f 1f 00 48 8b 07 48 8b 40 18
0x00007fbf3505a537:   ff a0 78 03 00 00 0f 1f 00 48 8b 07 89 d7 48 8b 


---------------  P R O C E S S  ---------------

Java Threads: ( => current thread )
  0x00007fbfa8226000 JavaThread "Service Thread" daemon [_thread_blocked, id=8646, stack(0x00007fbf355d2000,0x00007fbf356d3000)]
  0x00007fbfa818e000 JavaThread "Common-Cleaner" daemon [_thread_blocked, id=8645, stack(0x00007fbf356d3000,0x00007fbf357d4000)]
  0x00007fbfa8179800 JavaThread "Sweeper thread" daemon [_thread_blocked, id=8644, stack(0x00007fbf35bfc000,0x00007fbf35cfd000)]
  0x00007fbfa8177800 JavaThread "C1 CompilerThread3" daemon [_thread_blocked, id=8643, stack(0x00007fbf35cfd000,0x00007fbf35dfe000)]
  0x00007fbfa8175800 JavaThread "C2 CompilerThread2" daemon [_thread_blocked, id=8642, stack(0x00007fbf35dfe000,0x00007fbf35eff000)]
  0x00007fbfa8173800 JavaThread "C2 CompilerThread1" daemon [_thread_blocked, id=8641, stack(0x00007fbf35eff000,0x00007fbf36000000)]
  0x00007fbfa8171800 JavaThread "C2 CompilerThread0" daemon [_thread_blocked, id=8640, stack(0x00007fbf4407e000,0x00007fbf4417f000)]
  0x00007fbfa816f800 JavaThread "Signal Dispatcher" daemon [_thread_blocked, id=8639, stack(0x00007fbf4417f000,0x00007fbf44280000)]
  0x00007fbfa8154000 JavaThread "Finalizer" daemon [_thread_blocked, id=8638, stack(0x00007fbf8c4bf000,0x00007fbf8c5c0000)]
  0x00007fbfa814b800 JavaThread "Reference Handler" daemon [_thread_blocked, id=8637, stack(0x00007fbf8c5c0000,0x00007fbf8c6c1000)]
=>0x00007fbfa8013000 JavaThread "main" [_thread_in_native, id=8615, stack(0x00007fbfb2146000,0x00007fbfb2246000)]

Other Threads:
  0x00007fbfa8142000 VMThread "VM Thread" [stack: 0x00007fbf8c6c2000,0x00007fbf8c7c2000] [id=8636]
  0x00007fbfa8228800 WatcherThread [stack: 0x00007fbf354d2000,0x00007fbf355d2000] [id=8647]
  0x00007fbfa802a800 GCTaskThread "GC Thread#0" [stack: 0x00007fbfae821000,0x00007fbfae921000] [id=8616]
  0x00007fbfa802c000 GCTaskThread "GC Thread#1" [stack: 0x00007fbfae720000,0x00007fbfae820000] [id=8617]
  0x00007fbfa802d800 GCTaskThread "GC Thread#2" [stack: 0x00007fbfae61f000,0x00007fbfae71f000] [id=8618]
  0x00007fbfa802f800 GCTaskThread "GC Thread#3" [stack: 0x00007fbfae51e000,0x00007fbfae61e000] [id=8619]
  0x00007fbfa8031000 GCTaskThread "GC Thread#4" [stack: 0x00007fbfae41d000,0x00007fbfae51d000] [id=8620]
  0x00007fbfa8032800 GCTaskThread "GC Thread#5" [stack: 0x00007fbfae31c000,0x00007fbfae41c000] [id=8621]
  0x00007fbfa8034800 GCTaskThread "GC Thread#6" [stack: 0x00007fbfae21b000,0x00007fbfae31b000] [id=8622]
  0x00007fbfa8036000 GCTaskThread "GC Thread#7" [stack: 0x00007fbfae11a000,0x00007fbfae21a000] [id=8623]
  0x00007fbfa806c000 ConcurrentGCThread "G1 Main Marker" [stack: 0x00007fbf8da43000,0x00007fbf8db43000] [id=8633]
  0x00007fbfa806d800 ConcurrentGCThread "G1 Marker#0" [stack: 0x00007fbf8d942000,0x00007fbf8da42000] [id=8634]
  0x00007fbfa806f800 ConcurrentGCThread "G1 Marker#1" [stack: 0x00007fbf8d841000,0x00007fbf8d941000] [id=8635]
  0x00007fbfa8045000 ConcurrentGCThread "G1 Refine#0" [stack: 0x00007fbfad10a000,0x00007fbfad20a000] [id=8631]
  0x00007fbfa8043000 ConcurrentGCThread "G1 Refine#1" [stack: 0x00007fbfad20b000,0x00007fbfad30b000] [id=8630]
  0x00007fbfa8041000 ConcurrentGCThread "G1 Refine#2" [stack: 0x00007fbfad30c000,0x00007fbfad40c000] [id=8629]
  0x00007fbfa803f800 ConcurrentGCThread "G1 Refine#3" [stack: 0x00007fbfad40d000,0x00007fbfad50d000] [id=8628]
  0x00007fbfa803d800 ConcurrentGCThread "G1 Refine#4" [stack: 0x00007fbfad50e000,0x00007fbfad60e000] [id=8627]
  0x00007fbfa803c000 ConcurrentGCThread "G1 Refine#5" [stack: 0x00007fbfad60f000,0x00007fbfad70f000] [id=8626]
  0x00007fbfa803a000 ConcurrentGCThread "G1 Refine#6" [stack: 0x00007fbfad710000,0x00007fbfad810000] [id=8625]
  0x00007fbfa8038800 ConcurrentGCThread "G1 Refine#7" [stack: 0x00007fbfad811000,0x00007fbfad911000] [id=8624]
  0x00007fbfa8046800 ConcurrentGCThread "G1 Young RemSet Sampling" [stack: 0x00007fbfad009000,0x00007fbfad109000] [id=8632]

Threads with active compile tasks:

VM state:not at safepoint (normal execution)

VM Mutex/Monitor currently owned by a thread: None

Heap address: 0x0000000085000000, size: 1968 MB, Compressed Oops mode: 32-bit
Narrow klass base: 0x0000000000000000, Narrow klass shift: 3
Compressed class space size: 1073741824 Address: 0x0000000100000000

Heap:
 garbage-first heap   total 126976K, used 6144K [0x0000000085000000, 0x00000000851003e0, 0x0000000100000000)
  region size 1024K, 7 young (7168K), 0 survivors (0K)
 Metaspace       used 8655K, capacity 8876K, committed 9088K, reserved 1056768K
  class space    used 730K, capacity 799K, committed 896K, reserved 1048576K
Heap Regions: E=young(eden), S=young(survivor), O=old, HS=humongous(starts), HC=humongous(continues), CS=collection set, F=free, A=archive, TS=gc time stamp, AC=allocation context, TAMS=top-at-mark-start (previous, next)
|   0|0x0000000085000000, 0x0000000085000000, 0x0000000085100000|  0%| F|  |TS  0|AC  0|TAMS 0x0000000085000000, 0x0000000085000000|
|   1|0x0000000085100000, 0x0000000085100000, 0x0000000085200000|  0%| F|  |TS  0|AC  0|TAMS 0x0000000085100000, 0x0000000085100000|
|   2|0x0000000085200000, 0x0000000085200000, 0x0000000085300000|  0%| F|  |TS  0|AC  0|TAMS 0x0000000085200000, 0x0000000085200000|
|   3|0x0000000085300000, 0x0000000085300000, 0x0000000085400000|  0%| F|  |TS  0|AC  0|TAMS 0x0000000085300000, 0x0000000085300000|
|   4|0x0000000085400000, 0x0000000085400000, 0x0000000085500000|  0%| F|  |TS  0|AC  0|TAMS 0x0000000085400000, 0x0000000085400000|
|   5|0x0000000085500000, 0x0000000085500000, 0x0000000085600000|  0%| F|  |TS  0|AC  0|TAMS 0x0000000085500000, 0x0000000085500000|
|   6|0x0000000085600000, 0x0000000085600000, 0x0000000085700000|  0%| F|  |TS  0|AC  0|TAMS 0x0000000085600000, 0x0000000085600000|
|   7|0x0000000085700000, 0x0000000085700000, 0x0000000085800000|  0%| F|  |TS  0|AC  0|TAMS 0x0000000085700000, 0x0000000085700000|
|   8|0x0000000085800000, 0x0000000085800000, 0x0000000085900000|  0%| F|  |TS  0|AC  0|TAMS 0x0000000085800000, 0x0000000085800000|
|   9|0x0000000085900000, 0x0000000085900000, 0x0000000085a00000|  0%| F|  |TS  0|AC  0|TAMS 0x0000000085900000, 0x0000000085900000|
|  10|0x0000000085a00000, 0x0000000085a00000, 0x0000000085b00000|  0%| F|  |TS  0|AC  0|TAMS 0x0000000085a00000, 0x0000000085a00000|
|  11|0x0000000085b00000, 0x0000000085b00000, 0x0000000085c00000|  0%| F|  |TS  0|AC  0|TAMS 0x0000000085b00000, 0x0000000085b00000|
|  12|0x0000000085c00000, 0x0000000085c00000, 0x0000000085d00000|  0%| F|  |TS  0|AC  0|TAMS 0x0000000085c00000, 0x0000000085c00000|
|  13|0x0000000085d00000, 0x0000000085d00000, 0x0000000085e00000|  0%| F|  |TS  0|AC  0|TAMS 0x0000000085d00000, 0x0000000085d00000|
|  14|0x0000000085e00000, 0x0000000085e00000, 0x0000000085f00000|  0%| F|  |TS  0|AC  0|TAMS 0x0000000085e00000, 0x0000000085e00000|
|  15|0x0000000085f00000, 0x0000000085f00000, 0x0000000086000000|  0%| F|  |TS  0|AC  0|TAMS 0x0000000085f00000, 0x0000000085f00000|
|  16|0x0000000086000000, 0x0000000086000000, 0x0000000086100000|  0%| F|  |TS  0|AC  0|TAMS 0x0000000086000000, 0x0000000086000000|
|  17|0x0000000086100000, 0x0000000086100000, 0x0000000086200000|  0%| F|  |TS  0|AC  0|TAMS 0x0000000086100000, 0x0000000086100000|
|  18|0x0000000086200000, 0x0000000086200000, 0x0000000086300000|  0%| F|  |TS  0|AC  0|TAMS 0x0000000086200000, 0x0000000086200000|
|  19|0x0000000086300000, 0x0000000086300000, 0x0000000086400000|  0%| F|  |TS  0|AC  0|TAMS 0x0000000086300000, 0x0000000086300000|
|  20|0x0000000086400000, 0x0000000086400000, 0x0000000086500000|  0%| F|  |TS  0|AC  0|TAMS 0x0000000086400000, 0x0000000086400000|
|  21|0x0000000086500000, 0x0000000086500000, 0x0000000086600000|  0%| F|  |TS  0|AC  0|TAMS 0x0000000086500000, 0x0000000086500000|
|  22|0x0000000086600000, 0x0000000086600000, 0x0000000086700000|  0%| F|  |TS  0|AC  0|TAMS 0x0000000086600000, 0x0000000086600000|
|  23|0x0000000086700000, 0x0000000086700000, 0x0000000086800000|  0%| F|  |TS  0|AC  0|TAMS 0x0000000086700000, 0x0000000086700000|
|  24|0x0000000086800000, 0x0000000086800000, 0x0000000086900000|  0%| F|  |TS  0|AC  0|TAMS 0x0000000086800000, 0x0000000086800000|
|  25|0x0000000086900000, 0x0000000086900000, 0x0000000086a00000|  0%| F|  |TS  0|AC  0|TAMS 0x0000000086900000, 0x0000000086900000|
|  26|0x0000000086a00000, 0x0000000086a00000, 0x0000000086b00000|  0%| F|  |TS  0|AC  0|TAMS 0x0000000086a00000, 0x0000000086a00000|
|  27|0x0000000086b00000, 0x0000000086b00000, 0x0000000086c00000|  0%| F|  |TS  0|AC  0|TAMS 0x0000000086b00000, 0x0000000086b00000|
|  28|0x0000000086c00000, 0x0000000086c00000, 0x0000000086d00000|  0%| F|  |TS  0|AC  0|TAMS 0x0000000086c00000, 0x0000000086c00000|
|  29|0x0000000086d00000, 0x0000000086d00000, 0x0000000086e00000|  0%| F|  |TS  0|AC  0|TAMS 0x0000000086d00000, 0x0000000086d00000|
|  30|0x0000000086e00000, 0x0000000086e00000, 0x0000000086f00000|  0%| F|  |TS  0|AC  0|TAMS 0x0000000086e00000, 0x0000000086e00000|
|  31|0x0000000086f00000, 0x0000000086f00000, 0x0000000087000000|  0%| F|  |TS  0|AC  0|TAMS 0x0000000086f00000, 0x0000000086f00000|
|  32|0x0000000087000000, 0x0000000087000000, 0x0000000087100000|  0%| F|  |TS  0|AC  0|TAMS 0x0000000087000000, 0x0000000087000000|
|  33|0x0000000087100000, 0x0000000087100000, 0x0000000087200000|  0%| F|  |TS  0|AC  0|TAMS 0x0000000087100000, 0x0000000087100000|
|  34|0x0000000087200000, 0x0000000087200000, 0x0000000087300000|  0%| F|  |TS  0|AC  0|TAMS 0x0000000087200000, 0x0000000087200000|
|  35|0x0000000087300000, 0x0000000087300000, 0x0000000087400000|  0%| F|  |TS  0|AC  0|TAMS 0x0000000087300000, 0x0000000087300000|
|  36|0x0000000087400000, 0x0000000087400000, 0x0000000087500000|  0%| F|  |TS  0|AC  0|TAMS 0x0000000087400000, 0x0000000087400000|
|  37|0x0000000087500000, 0x0000000087500000, 0x0000000087600000|  0%| F|  |TS  0|AC  0|TAMS 0x0000000087500000, 0x0000000087500000|
|  38|0x0000000087600000, 0x0000000087600000, 0x0000000087700000|  0%| F|  |TS  0|AC  0|TAMS 0x0000000087600000, 0x0000000087600000|
|  39|0x0000000087700000, 0x0000000087700000, 0x0000000087800000|  0%| F|  |TS  0|AC  0|TAMS 0x0000000087700000, 0x0000000087700000|
|  40|0x0000000087800000, 0x0000000087800000, 0x0000000087900000|  0%| F|  |TS  0|AC  0|TAMS 0x0000000087800000, 0x0000000087800000|
|  41|0x0000000087900000, 0x0000000087900000, 0x0000000087a00000|  0%| F|  |TS  0|AC  0|TAMS 0x0000000087900000, 0x0000000087900000|
|  42|0x0000000087a00000, 0x0000000087a00000, 0x0000000087b00000|  0%| F|  |TS  0|AC  0|TAMS 0x0000000087a00000, 0x0000000087a00000|
|  43|0x0000000087b00000, 0x0000000087b00000, 0x0000000087c00000|  0%| F|  |TS  0|AC  0|TAMS 0x0000000087b00000, 0x0000000087b00000|
|  44|0x0000000087c00000, 0x0000000087c00000, 0x0000000087d00000|  0%| F|  |TS  0|AC  0|TAMS 0x0000000087c00000, 0x0000000087c00000|
|  45|0x0000000087d00000, 0x0000000087d00000, 0x0000000087e00000|  0%| F|  |TS  0|AC  0|TAMS 0x0000000087d00000, 0x0000000087d00000|
|  46|0x0000000087e00000, 0x0000000087e00000, 0x0000000087f00000|  0%| F|  |TS  0|AC  0|TAMS 0x0000000087e00000, 0x0000000087e00000|
|  47|0x0000000087f00000, 0x0000000087f00000, 0x0000000088000000|  0%| F|  |TS  0|AC  0|TAMS 0x0000000087f00000, 0x0000000087f00000|
|  48|0x0000000088000000, 0x0000000088000000, 0x0000000088100000|  0%| F|  |TS  0|AC  0|TAMS 0x0000000088000000, 0x0000000088000000|
|  49|0x0000000088100000, 0x0000000088100000, 0x0000000088200000|  0%| F|  |TS  0|AC  0|TAMS 0x0000000088100000, 0x0000000088100000|
|  50|0x0000000088200000, 0x0000000088200000, 0x0000000088300000|  0%| F|  |TS  0|AC  0|TAMS 0x0000000088200000, 0x0000000088200000|
|  51|0x0000000088300000, 0x0000000088300000, 0x0000000088400000|  0%| F|  |TS  0|AC  0|TAMS 0x0000000088300000, 0x0000000088300000|
|  52|0x0000000088400000, 0x0000000088400000, 0x0000000088500000|  0%| F|  |TS  0|AC  0|TAMS 0x0000000088400000, 0x0000000088400000|
|  53|0x0000000088500000, 0x0000000088500000, 0x0000000088600000|  0%| F|  |TS  0|AC  0|TAMS 0x0000000088500000, 0x0000000088500000|
|  54|0x0000000088600000, 0x0000000088600000, 0x0000000088700000|  0%| F|  |TS  0|AC  0|TAMS 0x0000000088600000, 0x0000000088600000|
|  55|0x0000000088700000, 0x0000000088700000, 0x0000000088800000|  0%| F|  |TS  0|AC  0|TAMS 0x0000000088700000, 0x0000000088700000|
|  56|0x0000000088800000, 0x0000000088800000, 0x0000000088900000|  0%| F|  |TS  0|AC  0|TAMS 0x0000000088800000, 0x0000000088800000|
|  57|0x0000000088900000, 0x0000000088900000, 0x0000000088a00000|  0%| F|  |TS  0|AC  0|TAMS 0x0000000088900000, 0x0000000088900000|
|  58|0x0000000088a00000, 0x0000000088a00000, 0x0000000088b00000|  0%| F|  |TS  0|AC  0|TAMS 0x0000000088a00000, 0x0000000088a00000|
|  59|0x0000000088b00000, 0x0000000088b00000, 0x0000000088c00000|  0%| F|  |TS  0|AC  0|TAMS 0x0000000088b00000, 0x0000000088b00000|
|  60|0x0000000088c00000, 0x0000000088c00000, 0x0000000088d00000|  0%| F|  |TS  0|AC  0|TAMS 0x0000000088c00000, 0x0000000088c00000|
|  61|0x0000000088d00000, 0x0000000088d00000, 0x0000000088e00000|  0%| F|  |TS  0|AC  0|TAMS 0x0000000088d00000, 0x0000000088d00000|
|  62|0x0000000088e00000, 0x0000000088e00000, 0x0000000088f00000|  0%| F|  |TS  0|AC  0|TAMS 0x0000000088e00000, 0x0000000088e00000|
|  63|0x0000000088f00000, 0x0000000088f00000, 0x0000000089000000|  0%| F|  |TS  0|AC  0|TAMS 0x0000000088f00000, 0x0000000088f00000|
|  64|0x0000000089000000, 0x0000000089000000, 0x0000000089100000|  0%| F|  |TS  0|AC  0|TAMS 0x0000000089000000, 0x0000000089000000|
|  65|0x0000000089100000, 0x0000000089100000, 0x0000000089200000|  0%| F|  |TS  0|AC  0|TAMS 0x0000000089100000, 0x0000000089100000|
|  66|0x0000000089200000, 0x0000000089200000, 0x0000000089300000|  0%| F|  |TS  0|AC  0|TAMS 0x0000000089200000, 0x0000000089200000|
|  67|0x0000000089300000, 0x0000000089300000, 0x0000000089400000|  0%| F|  |TS  0|AC  0|TAMS 0x0000000089300000, 0x0000000089300000|
|  68|0x0000000089400000, 0x0000000089400000, 0x0000000089500000|  0%| F|  |TS  0|AC  0|TAMS 0x0000000089400000, 0x0000000089400000|
|  69|0x0000000089500000, 0x0000000089500000, 0x0000000089600000|  0%| F|  |TS  0|AC  0|TAMS 0x0000000089500000, 0x0000000089500000|
|  70|0x0000000089600000, 0x0000000089600000, 0x0000000089700000|  0%| F|  |TS  0|AC  0|TAMS 0x0000000089600000, 0x0000000089600000|
|  71|0x0000000089700000, 0x0000000089700000, 0x0000000089800000|  0%| F|  |TS  0|AC  0|TAMS 0x0000000089700000, 0x0000000089700000|
|  72|0x0000000089800000, 0x0000000089800000, 0x0000000089900000|  0%| F|  |TS  0|AC  0|TAMS 0x0000000089800000, 0x0000000089800000|
|  73|0x0000000089900000, 0x0000000089900000, 0x0000000089a00000|  0%| F|  |TS  0|AC  0|TAMS 0x0000000089900000, 0x0000000089900000|
|  74|0x0000000089a00000, 0x0000000089a00000, 0x0000000089b00000|  0%| F|  |TS  0|AC  0|TAMS 0x0000000089a00000, 0x0000000089a00000|
|  75|0x0000000089b00000, 0x0000000089b00000, 0x0000000089c00000|  0%| F|  |TS  0|AC  0|TAMS 0x0000000089b00000, 0x0000000089b00000|
|  76|0x0000000089c00000, 0x0000000089c00000, 0x0000000089d00000|  0%| F|  |TS  0|AC  0|TAMS 0x0000000089c00000, 0x0000000089c00000|
|  77|0x0000000089d00000, 0x0000000089d00000, 0x0000000089e00000|  0%| F|  |TS  0|AC  0|TAMS 0x0000000089d00000, 0x0000000089d00000|
|  78|0x0000000089e00000, 0x0000000089e00000, 0x0000000089f00000|  0%| F|  |TS  0|AC  0|TAMS 0x0000000089e00000, 0x0000000089e00000|
|  79|0x0000000089f00000, 0x0000000089f00000, 0x000000008a000000|  0%| F|  |TS  0|AC  0|TAMS 0x0000000089f00000, 0x0000000089f00000|
|  80|0x000000008a000000, 0x000000008a000000, 0x000000008a100000|  0%| F|  |TS  0|AC  0|TAMS 0x000000008a000000, 0x000000008a000000|
|  81|0x000000008a100000, 0x000000008a100000, 0x000000008a200000|  0%| F|  |TS  0|AC  0|TAMS 0x000000008a100000, 0x000000008a100000|
|  82|0x000000008a200000, 0x000000008a200000, 0x000000008a300000|  0%| F|  |TS  0|AC  0|TAMS 0x000000008a200000, 0x000000008a200000|
|  83|0x000000008a300000, 0x000000008a300000, 0x000000008a400000|  0%| F|  |TS  0|AC  0|TAMS 0x000000008a300000, 0x000000008a300000|
|  84|0x000000008a400000, 0x000000008a400000, 0x000000008a500000|  0%| F|  |TS  0|AC  0|TAMS 0x000000008a400000, 0x000000008a400000|
|  85|0x000000008a500000, 0x000000008a500000, 0x000000008a600000|  0%| F|  |TS  0|AC  0|TAMS 0x000000008a500000, 0x000000008a500000|
|  86|0x000000008a600000, 0x000000008a600000, 0x000000008a700000|  0%| F|  |TS  0|AC  0|TAMS 0x000000008a600000, 0x000000008a600000|
|  87|0x000000008a700000, 0x000000008a700000, 0x000000008a800000|  0%| F|  |TS  0|AC  0|TAMS 0x000000008a700000, 0x000000008a700000|
|  88|0x000000008a800000, 0x000000008a800000, 0x000000008a900000|  0%| F|  |TS  0|AC  0|TAMS 0x000000008a800000, 0x000000008a800000|
|  89|0x000000008a900000, 0x000000008a900000, 0x000000008aa00000|  0%| F|  |TS  0|AC  0|TAMS 0x000000008a900000, 0x000000008a900000|
|  90|0x000000008aa00000, 0x000000008aa00000, 0x000000008ab00000|  0%| F|  |TS  0|AC  0|TAMS 0x000000008aa00000, 0x000000008aa00000|
|  91|0x000000008ab00000, 0x000000008ab00000, 0x000000008ac00000|  0%| F|  |TS  0|AC  0|TAMS 0x000000008ab00000, 0x000000008ab00000|
|  92|0x000000008ac00000, 0x000000008ac00000, 0x000000008ad00000|  0%| F|  |TS  0|AC  0|TAMS 0x000000008ac00000, 0x000000008ac00000|
|  93|0x000000008ad00000, 0x000000008ad00000, 0x000000008ae00000|  0%| F|  |TS  0|AC  0|TAMS 0x000000008ad00000, 0x000000008ad00000|
|  94|0x000000008ae00000, 0x000000008ae00000, 0x000000008af00000|  0%| F|  |TS  0|AC  0|TAMS 0x000000008ae00000, 0x000000008ae00000|
|  95|0x000000008af00000, 0x000000008af00000, 0x000000008b000000|  0%| F|  |TS  0|AC  0|TAMS 0x000000008af00000, 0x000000008af00000|
|  96|0x000000008b000000, 0x000000008b000000, 0x000000008b100000|  0%| F|  |TS  0|AC  0|TAMS 0x000000008b000000, 0x000000008b000000|
|  97|0x000000008b100000, 0x000000008b100000, 0x000000008b200000|  0%| F|  |TS  0|AC  0|TAMS 0x000000008b100000, 0x000000008b100000|
|  98|0x000000008b200000, 0x000000008b200000, 0x000000008b300000|  0%| F|  |TS  0|AC  0|TAMS 0x000000008b200000, 0x000000008b200000|
|  99|0x000000008b300000, 0x000000008b300000, 0x000000008b400000|  0%| F|  |TS  0|AC  0|TAMS 0x000000008b300000, 0x000000008b300000|
| 100|0x000000008b400000, 0x000000008b400000, 0x000000008b500000|  0%| F|  |TS  0|AC  0|TAMS 0x000000008b400000, 0x000000008b400000|
| 101|0x000000008b500000, 0x000000008b500000, 0x000000008b600000|  0%| F|  |TS  0|AC  0|TAMS 0x000000008b500000, 0x000000008b500000|
| 102|0x000000008b600000, 0x000000008b600000, 0x000000008b700000|  0%| F|  |TS  0|AC  0|TAMS 0x000000008b600000, 0x000000008b600000|
| 103|0x000000008b700000, 0x000000008b700000, 0x000000008b800000|  0%| F|  |TS  0|AC  0|TAMS 0x000000008b700000, 0x000000008b700000|
| 104|0x000000008b800000, 0x000000008b800000, 0x000000008b900000|  0%| F|  |TS  0|AC  0|TAMS 0x000000008b800000, 0x000000008b800000|
| 105|0x000000008b900000, 0x000000008b900000, 0x000000008ba00000|  0%| F|  |TS  0|AC  0|TAMS 0x000000008b900000, 0x000000008b900000|
| 106|0x000000008ba00000, 0x000000008ba00000, 0x000000008bb00000|  0%| F|  |TS  0|AC  0|TAMS 0x000000008ba00000, 0x000000008ba00000|
| 107|0x000000008bb00000, 0x000000008bb00000, 0x000000008bc00000|  0%| F|  |TS  0|AC  0|TAMS 0x000000008bb00000, 0x000000008bb00000|
| 108|0x000000008bc00000, 0x000000008bc00000, 0x000000008bd00000|  0%| F|  |TS  0|AC  0|TAMS 0x000000008bc00000, 0x000000008bc00000|
| 109|0x000000008bd00000, 0x000000008bd00000, 0x000000008be00000|  0%| F|  |TS  0|AC  0|TAMS 0x000000008bd00000, 0x000000008bd00000|
| 110|0x000000008be00000, 0x000000008be00000, 0x000000008bf00000|  0%| F|  |TS  0|AC  0|TAMS 0x000000008be00000, 0x000000008be00000|
| 111|0x000000008bf00000, 0x000000008bf00000, 0x000000008c000000|  0%| F|  |TS  0|AC  0|TAMS 0x000000008bf00000, 0x000000008bf00000|
| 112|0x000000008c000000, 0x000000008c000000, 0x000000008c100000|  0%| F|  |TS  0|AC  0|TAMS 0x000000008c000000, 0x000000008c000000|
| 113|0x000000008c100000, 0x000000008c100000, 0x000000008c200000|  0%| F|  |TS  0|AC  0|TAMS 0x000000008c100000, 0x000000008c100000|
| 114|0x000000008c200000, 0x000000008c200000, 0x000000008c300000|  0%| F|  |TS  0|AC  0|TAMS 0x000000008c200000, 0x000000008c200000|
| 115|0x000000008c300000, 0x000000008c300000, 0x000000008c400000|  0%| F|  |TS  0|AC  0|TAMS 0x000000008c300000, 0x000000008c300000|
| 116|0x000000008c400000, 0x000000008c400000, 0x000000008c500000|  0%| F|  |TS  0|AC  0|TAMS 0x000000008c400000, 0x000000008c400000|
| 117|0x000000008c500000, 0x000000008c5f9d18, 0x000000008c600000| 97%| E|  |TS  0|AC  0|TAMS 0x000000008c500000, 0x000000008c500000|
| 118|0x000000008c600000, 0x000000008c700000, 0x000000008c700000|100%| E|CS|TS  0|AC  0|TAMS 0x000000008c600000, 0x000000008c600000|
| 119|0x000000008c700000, 0x000000008c800000, 0x000000008c800000|100%| E|CS|TS  0|AC  0|TAMS 0x000000008c700000, 0x000000008c700000|
| 120|0x000000008c800000, 0x000000008c900000, 0x000000008c900000|100%| E|CS|TS  0|AC  0|TAMS 0x000000008c800000, 0x000000008c800000|
| 121|0x000000008c900000, 0x000000008ca00000, 0x000000008ca00000|100%| E|CS|TS  0|AC  0|TAMS 0x000000008c900000, 0x000000008c900000|
| 122|0x000000008ca00000, 0x000000008cb00000, 0x000000008cb00000|100%| E|CS|TS  0|AC  0|TAMS 0x000000008ca00000, 0x000000008ca00000|
| 123|0x000000008cb00000, 0x000000008cc00000, 0x000000008cc00000|100%| E|CS|TS  0|AC  0|TAMS 0x000000008cb00000, 0x000000008cb00000|

Card table byte_map: [0x00007fbfac480000,0x00007fbfac858000] byte_map_base: 0x00007fbfac058000

Marking Bits (Prev, Next): (CMBitMap*) 0x00007fbfa806b030, (CMBitMap*) 0x00007fbfa806b068
 Prev Bits: [0x00007fbf46140000, 0x00007fbf48000000)
 Next Bits: [0x00007fbf44280000, 0x00007fbf46140000)

Polling page: 0x00007fbfb2273000

CodeHeap 'non-profiled nmethods': size=120032Kb used=146Kb max_used=146Kb free=119885Kb
 bounds [0x00007fbf9560b000, 0x00007fbf9587b000, 0x00007fbf9cb43000]
CodeHeap 'profiled nmethods': size=120028Kb used=845Kb max_used=845Kb free=119182Kb
 bounds [0x00007fbf8e0d4000, 0x00007fbf8e344000, 0x00007fbf9560b000]
CodeHeap 'non-nmethods': size=5700Kb used=1221Kb max_used=1235Kb free=4478Kb
 bounds [0x00007fbf8db43000, 0x00007fbf8ddb3000, 0x00007fbf8e0d4000]
 total_blobs=1054 nmethods=536 adapters=316
 compilation: enabled

Compilation events (10 events):
Event: 0,360 Thread 0x00007fbfa8177800 nmethod 532 0x00007fbf8e1a5490 code [0x00007fbf8e1a5640, 0x00007fbf8e1a5888]
Event: 0,360 Thread 0x00007fbfa8177800  533       3       java.util.WeakHashMap::getTable (9 bytes)
Event: 0,360 Thread 0x00007fbfa8177800 nmethod 533 0x00007fbf8e1a5990 code [0x00007fbf8e1a5b40, 0x00007fbf8e1a5ce8]
Event: 0,360 Thread 0x00007fbfa8177800  534   !   3       java.util.WeakHashMap::expungeStaleEntries (139 bytes)
Event: 0,361 Thread 0x00007fbfa8177800 nmethod 534 0x00007fbf8e1a5d90 code [0x00007fbf8e1a5fc0, 0x00007fbf8e1a6b68]
Event: 0,361 Thread 0x00007fbfa8177800  535       3       java.util.WeakHashMap::indexFor (6 bytes)
Event: 0,362 Thread 0x00007fbfa8177800 nmethod 535 0x00007fbf8e1a7010 code [0x00007fbf8e1a71c0, 0x00007fbf8e1a72f0]
Event: 0,364 Thread 0x00007fbfa8173800 nmethod 501% 0x00007fbf9562eb10 code [0x00007fbf9562ece0, 0x00007fbf9562f7b8]
Event: 0,371 Thread 0x00007fbfa8177800  536       3       java.net.URL::<init> (8 bytes)
Event: 0,372 Thread 0x00007fbfa8177800 nmethod 536 0x00007fbf8e1a7390 code [0x00007fbf8e1a7540, 0x00007fbf8e1a76c8]

GC Heap History (0 events):
No events

Deoptimization events (1 events):
Event: 0,218 Thread 0x00007fbfa8013000 Uncommon trap: reason=unstable_if action=reinterpret pc=0x00007fbf9560df94 method=java.lang.String.charAt(I)C @ 4 c2

Classes redefined (0 events):
No events

Internal exceptions (9 events):
Event: 0,243 Thread 0x00007fbfa8013000 Exception <a 'java/lang/NoSuchMethodError'{0x000000008c7ed9e8}: java.lang.invoke.DirectMethodHandle$Holder.invokeStatic(Ljava/lang/Object;Ljava/lang/Object;)I> (0x000000008c7ed9e8) thrown at [/scratch/opt/mach5/mesos/work_dir/slaves/5af44a71-976a-41b7-81d
Event: 0,246 Thread 0x00007fbfa8013000 Exception <a 'java/lang/NoSuchMethodError'{0x000000008c7fbed0}: method resolution failed> (0x000000008c7fbed0) thrown at [/scratch/opt/mach5/mesos/work_dir/slaves/5af44a71-976a-41b7-81de-5773b84ec572-S39643/frameworks/1735e8a2-a1db-478c-8104-60c8b0af87dd-
Event: 0,246 Thread 0x00007fbfa8013000 Exception <a 'java/lang/NoSuchMethodError'{0x000000008c7ffb88}: method resolution failed> (0x000000008c7ffb88) thrown at [/scratch/opt/mach5/mesos/work_dir/slaves/5af44a71-976a-41b7-81de-5773b84ec572-S39643/frameworks/1735e8a2-a1db-478c-8104-60c8b0af87dd-
Event: 0,247 Thread 0x00007fbfa8013000 Exception <a 'java/lang/NoSuchMethodError'{0x000000008c6035b0}: java.lang.invoke.DelegatingMethodHandle$Holder.delegate(Ljava/lang/Object;Ljava/lang/Object;ILjava/lang/Object;)V> (0x000000008c6035b0) thrown at [/scratch/opt/mach5/mesos/work_dir/slaves/5af
Event: 0,247 Thread 0x00007fbfa8013000 Exception <a 'java/lang/NoSuchMethodError'{0x000000008c6072b8}: java.lang.invoke.DirectMethodHandle$Holder.invokeSpecial(Ljava/lang/Object;Ljava/lang/Object;Ljava/lang/Object;)I> (0x000000008c6072b8) thrown at [/scratch/opt/mach5/mesos/work_dir/slaves/5af
Event: 0,248 Thread 0x00007fbfa8013000 Exception <a 'java/lang/NoSuchMethodError'{0x000000008c60e880}: java.lang.invoke.DirectMethodHandle$Holder.invokeStaticInit(Ljava/lang/Object;Ljava/lang/Object;Ljava/lang/Object;)Ljava/lang/Object;> (0x000000008c60e880) thrown at [/scratch/opt/mach5/mesos
Event: 0,260 Thread 0x00007fbfa8013000 Exception <a 'java/lang/NoSuchMethodError'{0x000000008c659188}: java.lang.Object.lambda$static$0(Ljava/lang/String;)Ljava/lang/Boolean;> (0x000000008c659188) thrown at [/scratch/opt/mach5/mesos/work_dir/slaves/5af44a71-976a-41b7-81de-5773b84ec572-S39643/f
Event: 0,261 Thread 0x00007fbfa8013000 Exception <a 'java/lang/NoSuchMethodError'{0x000000008c663078}: java.lang.Object.lambda$union$2(Ljava/util/regex/Pattern$CharPredicate;I)Z> (0x000000008c663078) thrown at [/scratch/opt/mach5/mesos/work_dir/slaves/5af44a71-976a-41b7-81de-5773b84ec572-S3964
Event: 0,347 Thread 0x00007fbfa8013000 Exception <a 'sun/nio/fs/UnixException'{0x000000008c5136d0}> (0x000000008c5136d0) thrown at [/scratch/opt/mach5/mesos/work_dir/slaves/5af44a71-976a-41b7-81de-5773b84ec572-S39643/frameworks/1735e8a2-a1db-478c-8104-60c8b0af87dd-0196/executors/a3f74ad9-294f-

Events (10 events):
Event: 0,361 loading class org/lwjgl/system/MathUtil
Event: 0,361 loading class org/lwjgl/system/MathUtil done
Event: 0,362 loading class org/lwjgl/system/linux/DynamicLinkLoader
Event: 0,362 loading class org/lwjgl/system/linux/DynamicLinkLoader done
Event: 0,371 loading class org/lwjgl/opengl/GL$2
Event: 0,371 loading class org/lwjgl/opengl/GL$2 done
Event: 0,372 loading class org/lwjgl/opengl/GL$SharedLibraryGL
Event: 0,372 loading class org/lwjgl/opengl/GL$SharedLibraryGL done
Event: 0,372 loading class org/lwjgl/system/SharedLibrary$Delegate
Event: 0,372 loading class org/lwjgl/system/SharedLibrary$Delegate done


Dynamic libraries:
00400000-00401000 r-xp 00000000 08:01 3807052                            /usr/lib/jvm/java-9-oracle/bin/java
00600000-00601000 rw-p 00000000 08:01 3807052                            /usr/lib/jvm/java-9-oracle/bin/java
01568000-01589000 rw-p 00000000 00:00 0                                  [heap]
85000000-8cc00000 rw-p 00000000 00:00 0 
8cc00000-100000000 ---p 00000000 00:00 0 
100000000-1000e0000 rw-p 00000000 00:00 0 
1000e0000-140000000 ---p 00000000 00:00 0 
7fbf00000000-7fbf00021000 rw-p 00000000 00:00 0 
7fbf00021000-7fbf04000000 ---p 00000000 00:00 0 
7fbf05dfa000-7fbf05ff9000 rw-p 00000000 00:00 0 
7fbf05ff9000-7fbf05ffe000 r-xp 00000000 08:01 3415809                    /usr/lib/x86_64-linux-gnu/libXdmcp.so.6.0.0
7fbf05ffe000-7fbf061fd000 ---p 00005000 08:01 3415809                    /usr/lib/x86_64-linux-gnu/libXdmcp.so.6.0.0
7fbf061fd000-7fbf061fe000 r--p 00004000 08:01 3415809                    /usr/lib/x86_64-linux-gnu/libXdmcp.so.6.0.0
7fbf061fe000-7fbf061ff000 rw-p 00005000 08:01 3415809                    /usr/lib/x86_64-linux-gnu/libXdmcp.so.6.0.0
7fbf061ff000-7fbf0761e000 r-xp 00000000 08:01 3427105                    /usr/lib/nvidia-390/libnvidia-glcore.so.390.59
7fbf0761e000-7fbf0763f000 rwxp 0141f000 08:01 3427105                    /usr/lib/nvidia-390/libnvidia-glcore.so.390.59
7fbf0763f000-7fbf07a74000 r-xp 01440000 08:01 3427105                    /usr/lib/nvidia-390/libnvidia-glcore.so.390.59
7fbf07a74000-7fbf07c73000 ---p 01875000 08:01 3427105                    /usr/lib/nvidia-390/libnvidia-glcore.so.390.59
7fbf07c73000-7fbf07fe7000 rw-p 01874000 08:01 3427105                    /usr/lib/nvidia-390/libnvidia-glcore.so.390.59
7fbf07fe7000-7fbf08000000 rw-p 00000000 00:00 0 
7fbf08000000-7fbf08021000 rw-p 00000000 00:00 0 
7fbf08021000-7fbf0c000000 ---p 00000000 00:00 0 
7fbf0c000000-7fbf0c021000 rw-p 00000000 00:00 0 
7fbf0c021000-7fbf10000000 ---p 00000000 00:00 0 
7fbf10000000-7fbf10110000 rw-p 00000000 00:00 0 
7fbf10110000-7fbf14000000 ---p 00000000 00:00 0 
7fbf14000000-7fbf14021000 rw-p 00000000 00:00 0 
7fbf14021000-7fbf18000000 ---p 00000000 00:00 0 
7fbf18000000-7fbf1814e000 rw-p 00000000 00:00 0 
7fbf1814e000-7fbf1c000000 ---p 00000000 00:00 0 
7fbf1c000000-7fbf1c0c7000 rw-p 00000000 00:00 0 
7fbf1c0c7000-7fbf20000000 ---p 00000000 00:00 0 
7fbf20000000-7fbf20021000 rw-p 00000000 00:00 0 
7fbf20021000-7fbf24000000 ---p 00000000 00:00 0 
7fbf24000000-7fbf240e5000 rw-p 00000000 00:00 0 
7fbf240e5000-7fbf28000000 ---p 00000000 00:00 0 
7fbf28000000-7fbf28021000 rw-p 00000000 00:00 0 
7fbf28021000-7fbf2c000000 ---p 00000000 00:00 0 
7fbf2c000000-7fbf2c021000 rw-p 00000000 00:00 0 
7fbf2c021000-7fbf30000000 ---p 00000000 00:00 0 
7fbf30000000-7fbf30021000 rw-p 00000000 00:00 0 
7fbf30021000-7fbf34000000 ---p 00000000 00:00 0 
7fbf3415e000-7fbf34160000 r-xp 00000000 08:01 3415798                    /usr/lib/x86_64-linux-gnu/libXau.so.6.0.0
7fbf34160000-7fbf34360000 ---p 00002000 08:01 3415798                    /usr/lib/x86_64-linux-gnu/libXau.so.6.0.0
7fbf34360000-7fbf34361000 r--p 00002000 08:01 3415798                    /usr/lib/x86_64-linux-gnu/libXau.so.6.0.0
7fbf34361000-7fbf34362000 rw-p 00003000 08:01 3415798                    /usr/lib/x86_64-linux-gnu/libXau.so.6.0.0
7fbf34362000-7fbf34383000 r-xp 00000000 08:01 3417216                    /usr/lib/x86_64-linux-gnu/libxcb.so.1.1.0
7fbf34383000-7fbf34582000 ---p 00021000 08:01 3417216                    /usr/lib/x86_64-linux-gnu/libxcb.so.1.1.0
7fbf34582000-7fbf34583000 r--p 00020000 08:01 3417216                    /usr/lib/x86_64-linux-gnu/libxcb.so.1.1.0
7fbf34583000-7fbf34584000 rw-p 00021000 08:01 3417216                    /usr/lib/x86_64-linux-gnu/libxcb.so.1.1.0
7fbf34584000-7fbf34595000 r-xp 00000000 08:01 3415811                    /usr/lib/x86_64-linux-gnu/libXext.so.6.4.0
7fbf34595000-7fbf34794000 ---p 00011000 08:01 3415811                    /usr/lib/x86_64-linux-gnu/libXext.so.6.4.0
7fbf34794000-7fbf34795000 r--p 00010000 08:01 3415811                    /usr/lib/x86_64-linux-gnu/libXext.so.6.4.0
7fbf34795000-7fbf34796000 rw-p 00011000 08:01 3415811                    /usr/lib/x86_64-linux-gnu/libXext.so.6.4.0
7fbf34796000-7fbf348cb000 r-xp 00000000 08:01 3415794                    /usr/lib/x86_64-linux-gnu/libX11.so.6.3.0
7fbf348cb000-7fbf34acb000 ---p 00135000 08:01 3415794                    /usr/lib/x86_64-linux-gnu/libX11.so.6.3.0
7fbf34acb000-7fbf34acc000 r--p 00135000 08:01 3415794                    /usr/lib/x86_64-linux-gnu/libX11.so.6.3.0
7fbf34acc000-7fbf34ad0000 rw-p 00136000 08:01 3415794                    /usr/lib/x86_64-linux-gnu/libX11.so.6.3.0
7fbf34ad0000-7fbf34ad3000 r-xp 00000000 08:01 3427112                    /usr/lib/nvidia-390/tls/libnvidia-tls.so.390.59
7fbf34ad3000-7fbf34cd3000 ---p 00003000 08:01 3427112                    /usr/lib/nvidia-390/tls/libnvidia-tls.so.390.59
7fbf34cd3000-7fbf34cd4000 rw-p 00003000 08:01 3427112                    /usr/lib/nvidia-390/tls/libnvidia-tls.so.390.59
7fbf34cd4000-7fbf34d9d000 r-xp 00000000 08:01 3427088                    /usr/lib/nvidia-390/libGL.so.390.59
7fbf34d9d000-7fbf34dd1000 rwxp 000c9000 08:01 3427088                    /usr/lib/nvidia-390/libGL.so.390.59
7fbf34dd1000-7fbf34de5000 r-xp 000fd000 08:01 3427088                    /usr/lib/nvidia-390/libGL.so.390.59
7fbf34de5000-7fbf34fe5000 ---p 00111000 08:01 3427088                    /usr/lib/nvidia-390/libGL.so.390.59
7fbf34fe5000-7fbf3500a000 rw-p 00111000 08:01 3427088                    /usr/lib/nvidia-390/libGL.so.390.59
7fbf3500a000-7fbf35011000 rw-p 00000000 00:00 0 
7fbf35011000-7fbf3507c000 r-xp 00000000 08:01 23724402                   /tmp/lwjgloliver/3.1.5-build-1/liblwjgl_opengl.so
7fbf3507c000-7fbf3527b000 ---p 0006b000 08:01 23724402                   /tmp/lwjgloliver/3.1.5-build-1/liblwjgl_opengl.so
7fbf3527b000-7fbf3527c000 r--p 0006a000 08:01 23724402                   /tmp/lwjgloliver/3.1.5-build-1/liblwjgl_opengl.so
7fbf3527c000-7fbf3527d000 rw-p 0006b000 08:01 23724402                   /tmp/lwjgloliver/3.1.5-build-1/liblwjgl_opengl.so
7fbf3527d000-7fbf352d0000 r-xp 00000000 08:01 23724399                   /tmp/lwjgloliver/3.1.5-build-1/liblwjgl.so
7fbf352d0000-7fbf354cf000 ---p 00053000 08:01 23724399                   /tmp/lwjgloliver/3.1.5-build-1/liblwjgl.so
7fbf354cf000-7fbf354d0000 r--p 00052000 08:01 23724399                   /tmp/lwjgloliver/3.1.5-build-1/liblwjgl.so
7fbf354d0000-7fbf354d1000 rw-p 00053000 08:01 23724399                   /tmp/lwjgloliver/3.1.5-build-1/liblwjgl.so
7fbf354d1000-7fbf354d2000 ---p 00000000 00:00 0 
7fbf354d2000-7fbf355d2000 rw-p 00000000 00:00 0 
7fbf355d2000-7fbf355d6000 ---p 00000000 00:00 0 
7fbf355d6000-7fbf356d3000 rw-p 00000000 00:00 0 
7fbf356d3000-7fbf356d7000 ---p 00000000 00:00 0 
7fbf356d7000-7fbf357d4000 rw-p 00000000 00:00 0 
7fbf357d4000-7fbf357ea000 r-xp 00000000 08:01 5641750                    /usr/lib/jvm/java-9-oracle/lib/libnet.so
7fbf357ea000-7fbf359ea000 ---p 00016000 08:01 5641750                    /usr/lib/jvm/java-9-oracle/lib/libnet.so
7fbf359ea000-7fbf359eb000 rw-p 00016000 08:01 5641750                    /usr/lib/jvm/java-9-oracle/lib/libnet.so
7fbf359eb000-7fbf359fb000 r-xp 00000000 08:01 5641814                    /usr/lib/jvm/java-9-oracle/lib/libnio.so
7fbf359fb000-7fbf35bfb000 ---p 00010000 08:01 5641814                    /usr/lib/jvm/java-9-oracle/lib/libnio.so
7fbf35bfb000-7fbf35bfc000 rw-p 00010000 08:01 5641814                    /usr/lib/jvm/java-9-oracle/lib/libnio.so
7fbf35bfc000-7fbf35c00000 ---p 00000000 00:00 0 
7fbf35c00000-7fbf35cfd000 rw-p 00000000 00:00 0 
7fbf35cfd000-7fbf35d01000 ---p 00000000 00:00 0 
7fbf35d01000-7fbf35dfe000 rw-p 00000000 00:00 0 
7fbf35dfe000-7fbf35e02000 ---p 00000000 00:00 0 
7fbf35e02000-7fbf35eff000 rw-p 00000000 00:00 0 
7fbf35eff000-7fbf35f03000 ---p 00000000 00:00 0 
7fbf35f03000-7fbf36000000 rw-p 00000000 00:00 0 
7fbf36000000-7fbf38000000 rwxp 00000000 00:00 0 
7fbf38000000-7fbf38021000 rw-p 00000000 00:00 0 
7fbf38021000-7fbf3c000000 ---p 00000000 00:00 0 
7fbf3c000000-7fbf3c021000 rw-p 00000000 00:00 0 
7fbf3c021000-7fbf40000000 ---p 00000000 00:00 0 
7fbf40000000-7fbf40021000 rw-p 00000000 00:00 0 
7fbf40021000-7fbf44000000 ---p 00000000 00:00 0 
7fbf4407e000-7fbf44082000 ---p 00000000 00:00 0 
7fbf44082000-7fbf4417f000 rw-p 00000000 00:00 0 
7fbf4417f000-7fbf44183000 ---p 00000000 00:00 0 
7fbf44183000-7fbf44470000 rw-p 00000000 00:00 0 
7fbf44470000-7fbf46140000 ---p 00000000 00:00 0 
7fbf46140000-7fbf46330000 rw-p 00000000 00:00 0 
7fbf46330000-7fbf48000000 ---p 00000000 00:00 0 
7fbf48000000-7fbf48021000 rw-p 00000000 00:00 0 
7fbf48021000-7fbf4c000000 ---p 00000000 00:00 0 
7fbf4c000000-7fbf4c021000 rw-p 00000000 00:00 0 
7fbf4c021000-7fbf50000000 ---p 00000000 00:00 0 
7fbf50000000-7fbf50021000 rw-p 00000000 00:00 0 
7fbf50021000-7fbf54000000 ---p 00000000 00:00 0 
7fbf54000000-7fbf54021000 rw-p 00000000 00:00 0 
7fbf54021000-7fbf58000000 ---p 00000000 00:00 0 
7fbf58000000-7fbf58021000 rw-p 00000000 00:00 0 
7fbf58021000-7fbf5c000000 ---p 00000000 00:00 0 
7fbf5c000000-7fbf5c021000 rw-p 00000000 00:00 0 
7fbf5c021000-7fbf60000000 ---p 00000000 00:00 0 
7fbf60000000-7fbf60021000 rw-p 00000000 00:00 0 
7fbf60021000-7fbf64000000 ---p 00000000 00:00 0 
7fbf64000000-7fbf64021000 rw-p 00000000 00:00 0 
7fbf64021000-7fbf68000000 ---p 00000000 00:00 0 
7fbf68000000-7fbf68021000 rw-p 00000000 00:00 0 
7fbf68021000-7fbf6c000000 ---p 00000000 00:00 0 
7fbf6c000000-7fbf6c021000 rw-p 00000000 00:00 0 
7fbf6c021000-7fbf70000000 ---p 00000000 00:00 0 
7fbf70000000-7fbf70021000 rw-p 00000000 00:00 0 
7fbf70021000-7fbf74000000 ---p 00000000 00:00 0 
7fbf74000000-7fbf74021000 rw-p 00000000 00:00 0 
7fbf74021000-7fbf78000000 ---p 00000000 00:00 0 
7fbf78000000-7fbf78021000 rw-p 00000000 00:00 0 
7fbf78021000-7fbf7c000000 ---p 00000000 00:00 0 
7fbf7c000000-7fbf7c021000 rw-p 00000000 00:00 0 
7fbf7c021000-7fbf80000000 ---p 00000000 00:00 0 
7fbf80000000-7fbf80021000 rw-p 00000000 00:00 0 
7fbf80021000-7fbf84000000 ---p 00000000 00:00 0 
7fbf84000000-7fbf84021000 rw-p 00000000 00:00 0 
7fbf84021000-7fbf88000000 ---p 00000000 00:00 0 
7fbf88000000-7fbf88021000 rw-p 00000000 00:00 0 
7fbf88021000-7fbf8c000000 ---p 00000000 00:00 0 
7fbf8c038000-7fbf8c069000 rw-p 00000000 00:00 0 
7fbf8c069000-7fbf8c4bf000 r--p 00000000 08:01 3409364                    /usr/lib/locale/locale-archive
7fbf8c4bf000-7fbf8c4c3000 ---p 00000000 00:00 0 
7fbf8c4c3000-7fbf8c5c0000 rw-p 00000000 00:00 0 
7fbf8c5c0000-7fbf8c5c4000 ---p 00000000 00:00 0 
7fbf8c5c4000-7fbf8c6c1000 rw-p 00000000 00:00 0 
7fbf8c6c1000-7fbf8c6c2000 ---p 00000000 00:00 0 
7fbf8c6c2000-7fbf8d038000 rw-p 00000000 00:00 0 
7fbf8d038000-7fbf8d840000 rw-p 00000000 00:00 0 
7fbf8d840000-7fbf8d841000 ---p 00000000 00:00 0 
7fbf8d841000-7fbf8d941000 rw-p 00000000 00:00 0 
7fbf8d941000-7fbf8d942000 ---p 00000000 00:00 0 
7fbf8d942000-7fbf8da42000 rw-p 00000000 00:00 0 
7fbf8da42000-7fbf8da43000 ---p 00000000 00:00 0 
7fbf8da43000-7fbf8db43000 rw-p 00000000 00:00 0 
7fbf8db43000-7fbf8ddb3000 rwxp 00000000 00:00 0 
7fbf8ddb3000-7fbf8e0d4000 ---p 00000000 00:00 0 
7fbf8e0d4000-7fbf8e344000 rwxp 00000000 00:00 0 
7fbf8e344000-7fbf9560b000 ---p 00000000 00:00 0 
7fbf9560b000-7fbf9587b000 rwxp 00000000 00:00 0 
7fbf9587b000-7fbf9cb43000 ---p 00000000 00:00 0 
7fbf9cb43000-7fbfa8000000 r--s 00000000 08:01 5641785                    /usr/lib/jvm/java-9-oracle/lib/modules
7fbfa8000000-7fbfa8673000 rw-p 00000000 00:00 0 
7fbfa8673000-7fbfac000000 ---p 00000000 00:00 0 
7fbfac025000-7fbfac0e6000 rw-p 00000000 00:00 0 
7fbfac0e6000-7fbfac480000 ---p 00000000 00:00 0 
7fbfac480000-7fbfac4be000 rw-p 00000000 00:00 0 
7fbfac4be000-7fbfacc30000 ---p 00000000 00:00 0 
7fbfacc30000-7fbfacc6e000 rw-p 00000000 00:00 0 
7fbfacc6e000-7fbfad008000 ---p 00000000 00:00 0 
7fbfad008000-7fbfad009000 ---p 00000000 00:00 0 
7fbfad009000-7fbfad109000 rw-p 00000000 00:00 0 
7fbfad109000-7fbfad10a000 ---p 00000000 00:00 0 
7fbfad10a000-7fbfad20a000 rw-p 00000000 00:00 0 
7fbfad20a000-7fbfad20b000 ---p 00000000 00:00 0 
7fbfad20b000-7fbfad30b000 rw-p 00000000 00:00 0 
7fbfad30b000-7fbfad30c000 ---p 00000000 00:00 0 
7fbfad30c000-7fbfad40c000 rw-p 00000000 00:00 0 
7fbfad40c000-7fbfad40d000 ---p 00000000 00:00 0 
7fbfad40d000-7fbfad50d000 rw-p 00000000 00:00 0 
7fbfad50d000-7fbfad50e000 ---p 00000000 00:00 0 
7fbfad50e000-7fbfad60e000 rw-p 00000000 00:00 0 
7fbfad60e000-7fbfad60f000 ---p 00000000 00:00 0 
7fbfad60f000-7fbfad70f000 rw-p 00000000 00:00 0 
7fbfad70f000-7fbfad710000 ---p 00000000 00:00 0 
7fbfad710000-7fbfad810000 rw-p 00000000 00:00 0 
7fbfad810000-7fbfad811000 ---p 00000000 00:00 0 
7fbfad811000-7fbfae119000 rw-p 00000000 00:00 0 
7fbfae119000-7fbfae11a000 ---p 00000000 00:00 0 
7fbfae11a000-7fbfae21a000 rw-p 00000000 00:00 0 
7fbfae21a000-7fbfae21b000 ---p 00000000 00:00 0 
7fbfae21b000-7fbfae31b000 rw-p 00000000 00:00 0 
7fbfae31b000-7fbfae31c000 ---p 00000000 00:00 0 
7fbfae31c000-7fbfae41c000 rw-p 00000000 00:00 0 
7fbfae41c000-7fbfae41d000 ---p 00000000 00:00 0 
7fbfae41d000-7fbfae51d000 rw-p 00000000 00:00 0 
7fbfae51d000-7fbfae51e000 ---p 00000000 00:00 0 
7fbfae51e000-7fbfae61e000 rw-p 00000000 00:00 0 
7fbfae61e000-7fbfae61f000 ---p 00000000 00:00 0 
7fbfae61f000-7fbfae71f000 rw-p 00000000 00:00 0 
7fbfae71f000-7fbfae720000 ---p 00000000 00:00 0 
7fbfae720000-7fbfae820000 rw-p 00000000 00:00 0 
7fbfae820000-7fbfae821000 ---p 00000000 00:00 0 
7fbfae821000-7fbfae926000 rw-p 00000000 00:00 0 
7fbfae926000-7fbfaea0c000 ---p 00000000 00:00 0 
7fbfaea0c000-7fbfaea11000 rw-p 00000000 00:00 0 
7fbfaea11000-7fbfaeaf7000 ---p 00000000 00:00 0 
7fbfaeaf7000-7fbfaeb11000 r-xp 00000000 08:01 5641707                    /usr/lib/jvm/java-9-oracle/lib/libjimage.so
7fbfaeb11000-7fbfaed10000 ---p 0001a000 08:01 5641707                    /usr/lib/jvm/java-9-oracle/lib/libjimage.so
7fbfaed10000-7fbfaed12000 rw-p 00019000 08:01 5641707                    /usr/lib/jvm/java-9-oracle/lib/libjimage.so
7fbfaed12000-7fbfaed24000 rw-p 00000000 00:00 0 
7fbfaed24000-7fbfaed2b000 r-xp 00000000 08:01 5641822                    /usr/lib/jvm/java-9-oracle/lib/libzip.so
7fbfaed2b000-7fbfaef2a000 ---p 00007000 08:01 5641822                    /usr/lib/jvm/java-9-oracle/lib/libzip.so
7fbfaef2a000-7fbfaef2b000 rw-p 00006000 08:01 5641822                    /usr/lib/jvm/java-9-oracle/lib/libzip.so
7fbfaef2b000-7fbfaef36000 r-xp 00000000 08:01 24642406                   /lib/x86_64-linux-gnu/libnss_files-2.23.so
7fbfaef36000-7fbfaf135000 ---p 0000b000 08:01 24642406                   /lib/x86_64-linux-gnu/libnss_files-2.23.so
7fbfaf135000-7fbfaf136000 r--p 0000a000 08:01 24642406                   /lib/x86_64-linux-gnu/libnss_files-2.23.so
7fbfaf136000-7fbfaf137000 rw-p 0000b000 08:01 24642406                   /lib/x86_64-linux-gnu/libnss_files-2.23.so
7fbfaf137000-7fbfaf13d000 rw-p 00000000 00:00 0 
7fbfaf13d000-7fbfaf148000 r-xp 00000000 08:01 24642410                   /lib/x86_64-linux-gnu/libnss_nis-2.23.so
7fbfaf148000-7fbfaf347000 ---p 0000b000 08:01 24642410                   /lib/x86_64-linux-gnu/libnss_nis-2.23.so
7fbfaf347000-7fbfaf348000 r--p 0000a000 08:01 24642410                   /lib/x86_64-linux-gnu/libnss_nis-2.23.so
7fbfaf348000-7fbfaf349000 rw-p 0000b000 08:01 24642410                   /lib/x86_64-linux-gnu/libnss_nis-2.23.so
7fbfaf349000-7fbfaf35f000 r-xp 00000000 08:01 24642390                   /lib/x86_64-linux-gnu/libnsl-2.23.so
7fbfaf35f000-7fbfaf55e000 ---p 00016000 08:01 24642390                   /lib/x86_64-linux-gnu/libnsl-2.23.so
7fbfaf55e000-7fbfaf55f000 r--p 00015000 08:01 24642390                   /lib/x86_64-linux-gnu/libnsl-2.23.so
7fbfaf55f000-7fbfaf560000 rw-p 00016000 08:01 24642390                   /lib/x86_64-linux-gnu/libnsl-2.23.so
7fbfaf560000-7fbfaf562000 rw-p 00000000 00:00 0 
7fbfaf562000-7fbfaf56a000 r-xp 00000000 08:01 24642401                   /lib/x86_64-linux-gnu/libnss_compat-2.23.so
7fbfaf56a000-7fbfaf769000 ---p 00008000 08:01 24642401                   /lib/x86_64-linux-gnu/libnss_compat-2.23.so
7fbfaf769000-7fbfaf76a000 r--p 00007000 08:01 24642401                   /lib/x86_64-linux-gnu/libnss_compat-2.23.so
7fbfaf76a000-7fbfaf76b000 rw-p 00008000 08:01 24642401                   /lib/x86_64-linux-gnu/libnss_compat-2.23.so
7fbfaf76b000-7fbfaf796000 r-xp 00000000 08:01 5641743                    /usr/lib/jvm/java-9-oracle/lib/libjava.so
7fbfaf796000-7fbfaf995000 ---p 0002b000 08:01 5641743                    /usr/lib/jvm/java-9-oracle/lib/libjava.so
7fbfaf995000-7fbfaf997000 rw-p 0002a000 08:01 5641743                    /usr/lib/jvm/java-9-oracle/lib/libjava.so
7fbfaf997000-7fbfaf9a4000 r-xp 00000000 08:01 5641768                    /usr/lib/jvm/java-9-oracle/lib/libverify.so
7fbfaf9a4000-7fbfafba3000 ---p 0000d000 08:01 5641768                    /usr/lib/jvm/java-9-oracle/lib/libverify.so
7fbfafba3000-7fbfafba5000 rw-p 0000c000 08:01 5641768                    /usr/lib/jvm/java-9-oracle/lib/libverify.so
7fbfafba5000-7fbfafbac000 r-xp 00000000 08:01 24642411                   /lib/x86_64-linux-gnu/librt-2.23.so
7fbfafbac000-7fbfafdab000 ---p 00007000 08:01 24642411                   /lib/x86_64-linux-gnu/librt-2.23.so
7fbfafdab000-7fbfafdac000 r--p 00006000 08:01 24642411                   /lib/x86_64-linux-gnu/librt-2.23.so
7fbfafdac000-7fbfafdad000 rw-p 00007000 08:01 24642411                   /lib/x86_64-linux-gnu/librt-2.23.so
7fbfafdad000-7fbfafeb5000 r-xp 00000000 08:01 24642389                   /lib/x86_64-linux-gnu/libm-2.23.so
7fbfafeb5000-7fbfb00b4000 ---p 00108000 08:01 24642389                   /lib/x86_64-linux-gnu/libm-2.23.so
7fbfb00b4000-7fbfb00b5000 r--p 00107000 08:01 24642389                   /lib/x86_64-linux-gnu/libm-2.23.so
7fbfb00b5000-7fbfb00b6000 rw-p 00108000 08:01 24642389                   /lib/x86_64-linux-gnu/libm-2.23.so
7fbfb00b6000-7fbfb10cb000 r-xp 00000000 08:01 6951024                    /usr/lib/jvm/java-9-oracle/lib/server/libjvm.so
7fbfb10cb000-7fbfb12ca000 ---p 01015000 08:01 6951024                    /usr/lib/jvm/java-9-oracle/lib/server/libjvm.so
7fbfb12ca000-7fbfb139b000 r--p 01014000 08:01 6951024                    /usr/lib/jvm/java-9-oracle/lib/server/libjvm.so
7fbfb139b000-7fbfb13d2000 rw-p 010e5000 08:01 6951024                    /usr/lib/jvm/java-9-oracle/lib/server/libjvm.so
7fbfb13d2000-7fbfb143b000 rw-p 00000000 00:00 0 
7fbfb143b000-7fbfb15fb000 r-xp 00000000 08:01 24642393                   /lib/x86_64-linux-gnu/libc-2.23.so
7fbfb15fb000-7fbfb17fb000 ---p 001c0000 08:01 24642393                   /lib/x86_64-linux-gnu/libc-2.23.so
7fbfb17fb000-7fbfb17ff000 r--p 001c0000 08:01 24642393                   /lib/x86_64-linux-gnu/libc-2.23.so
7fbfb17ff000-7fbfb1801000 rw-p 001c4000 08:01 24642393                   /lib/x86_64-linux-gnu/libc-2.23.so
7fbfb1801000-7fbfb1805000 rw-p 00000000 00:00 0 
7fbfb1805000-7fbfb1808000 r-xp 00000000 08:01 24642395                   /lib/x86_64-linux-gnu/libdl-2.23.so
7fbfb1808000-7fbfb1a07000 ---p 00003000 08:01 24642395                   /lib/x86_64-linux-gnu/libdl-2.23.so
7fbfb1a07000-7fbfb1a08000 r--p 00002000 08:01 24642395                   /lib/x86_64-linux-gnu/libdl-2.23.so
7fbfb1a08000-7fbfb1a09000 rw-p 00003000 08:01 24642395                   /lib/x86_64-linux-gnu/libdl-2.23.so
7fbfb1a09000-7fbfb1a17000 r-xp 00000000 08:01 6951026                    /usr/lib/jvm/java-9-oracle/lib/jli/libjli.so
7fbfb1a17000-7fbfb1c17000 ---p 0000e000 08:01 6951026                    /usr/lib/jvm/java-9-oracle/lib/jli/libjli.so
7fbfb1c17000-7fbfb1c18000 rw-p 0000e000 08:01 6951026                    /usr/lib/jvm/java-9-oracle/lib/jli/libjli.so
7fbfb1c18000-7fbfb1c30000 r-xp 00000000 08:01 24642392                   /lib/x86_64-linux-gnu/libpthread-2.23.so
7fbfb1c30000-7fbfb1e2f000 ---p 00018000 08:01 24642392                   /lib/x86_64-linux-gnu/libpthread-2.23.so
7fbfb1e2f000-7fbfb1e30000 r--p 00017000 08:01 24642392                   /lib/x86_64-linux-gnu/libpthread-2.23.so
7fbfb1e30000-7fbfb1e31000 rw-p 00018000 08:01 24642392                   /lib/x86_64-linux-gnu/libpthread-2.23.so
7fbfb1e31000-7fbfb1e35000 rw-p 00000000 00:00 0 
7fbfb1e35000-7fbfb1e4e000 r-xp 00000000 08:01 24646264                   /lib/x86_64-linux-gnu/libz.so.1.2.8
7fbfb1e4e000-7fbfb204d000 ---p 00019000 08:01 24646264                   /lib/x86_64-linux-gnu/libz.so.1.2.8
7fbfb204d000-7fbfb204e000 r--p 00018000 08:01 24646264                   /lib/x86_64-linux-gnu/libz.so.1.2.8
7fbfb204e000-7fbfb204f000 rw-p 00019000 08:01 24646264                   /lib/x86_64-linux-gnu/libz.so.1.2.8
7fbfb204f000-7fbfb2075000 r-xp 00000000 08:01 24642391                   /lib/x86_64-linux-gnu/ld-2.23.so
7fbfb2088000-7fbfb2145000 rw-p 00000000 00:00 0 
7fbfb2145000-7fbfb214a000 ---p 00000000 00:00 0 
7fbfb214a000-7fbfb224b000 rw-p 00000000 00:00 0 
7fbfb225d000-7fbfb2263000 rw-p 00000000 00:00 0 
7fbfb2263000-7fbfb226a000 ---p 00000000 00:00 0 
7fbfb226a000-7fbfb2272000 rw-s 00000000 08:01 23724080                   /tmp/hsperfdata_oliver/8610
7fbfb2272000-7fbfb2273000 rw-p 00000000 00:00 0 
7fbfb2273000-7fbfb2274000 r--p 00000000 00:00 0 
7fbfb2274000-7fbfb2275000 r--p 00025000 08:01 24642391                   /lib/x86_64-linux-gnu/ld-2.23.so
7fbfb2275000-7fbfb2276000 rw-p 00026000 08:01 24642391                   /lib/x86_64-linux-gnu/ld-2.23.so
7fbfb2276000-7fbfb2277000 rw-p 00000000 00:00 0 
7ffe49c26000-7ffe49c48000 rw-p 00000000 00:00 0                          [stack]
7ffe49c4c000-7ffe49c4f000 r--p 00000000 00:00 0                          [vvar]
7ffe49c4f000-7ffe49c51000 r-xp 00000000 00:00 0                          [vdso]
ffffffffff600000-ffffffffff601000 r-xp 00000000 00:00 0                  [vsyscall]

VM Arguments:
jvm_args: -Dorg.lwjgl.util.Debug=true -Djava.library.path=nope -Dfile.encoding=UTF-8 
java_command: base.IkSolver
java_class_path (initial): /home/oliver/git/Master_thesis_java/Masterthesis_IK/target/classes:/home/oliver/git/Master_thesis_java/Masterthesis_IK/libs/Caliko-v1.3.3/jar/caliko-1.3.3.jar:/home/oliver/git/Master_thesis_java/Masterthesis_IK/libs/Caliko-v1.3.3/jar/caliko-demo-1.3.3.jar:/home/oliver/git/Master_thesis_java/Masterthesis_IK/libs/Caliko-v1.3.3/jar/caliko-visualisation-1.3.3.jar:/home/oliver/.m2/repository/org/lwjgl/lwjgl/3.1.5/lwjgl-3.1.5.jar:/home/oliver/.m2/repository/org/lwjgl/lwjgl-assimp/3.1.5/lwjgl-assimp-3.1.5.jar:/home/oliver/.m2/repository/org/lwjgl/lwjgl-bgfx/3.1.5/lwjgl-bgfx-3.1.5.jar:/home/oliver/.m2/repository/org/lwjgl/lwjgl-glfw/3.1.5/lwjgl-glfw-3.1.5.jar:/home/oliver/.m2/repository/org/lwjgl/lwjgl-nanovg/3.1.5/lwjgl-nanovg-3.1.5.jar:/home/oliver/.m2/repository/org/lwjgl/lwjgl-nuklear/3.1.5/lwjgl-nuklear-3.1.5.jar:/home/oliver/.m2/repository/org/lwjgl/lwjgl-openal/3.1.5/lwjgl-openal-3.1.5.jar:/home/oliver/.m2/repository/org/lwjgl/lwjgl-opengl/3.1.5/lwjgl-opengl-3.1.5.jar:/home/oliver/.m2/repository/org/lwjgl/lwjgl-openvr/3.1.5/lwjgl-openvr-3.1.5.jar:/home/oliver/.m2/repository/org/lwjgl/lwjgl-par/3.1.5/lwjgl-par-3.1.5.jar:/home/oliver/.m2/repository/org/lwjgl/lwjgl-stb/3.1.5/lwjgl-stb-3.1.5.jar:/home/oliver/.m2/repository/org/lwjgl/lwjgl-vulkan/3.1.5/lwjgl-vulkan-3.1.5.jar:/home/oliver/.m2/repository/org/lwjgl/lwjgl/3.1.5/lwjgl-3.1.5-natives-linux.jar:/home/oliver/.m2/repository/org/lwjgl/lwjgl-assimp/3.1.5/lwjgl-assimp-3.1.5-natives-linux.jar:/home/oliver/.m2/repository/org/lwjgl/lwjgl-bgfx/3.1.5/lwjgl-bgfx-3.1.5-natives-linux.jar:/home/oliver/.m2/repository/org/lwjgl/lwjgl-glfw/3.1.5/lwjgl-glfw-3.1.5-natives-linux.jar:/home/oliver/.m2/repository/org/lwjgl/lwjgl-nanovg/3.1.5/lwjgl-nanovg-3.1.5-natives-linux.jar:/home/oliver/.m2/repository/org/lwjgl/lwjgl-nuklear/3.1.5/lwjgl-nuklear-3.1.5-natives-linux.jar:/home/oliver/.m2/repository/org/lwjgl/lwjgl-openal/3.1.5/lwjgl-openal-3.1.5-natives-linux.jar:/home/oliver/.m2/repository/org/lwjgl/lwjgl
Launcher Type: SUN_STANDARD

Logging:
Log output configuration:
#0: stdout all=warning uptime,level,tags
#1: stderr all=off uptime,level,tags

Environment Variables:
JAVA_HOME=/usr/lib/jvm/java-9-oracle
PATH=/home/oliver/bin:/home/oliver/.local/bin:/usr/local/sbin:/usr/local/bin:/usr/sbin:/usr/bin:/sbin:/bin:/usr/games:/usr/local/games:/snap/bin:/usr/lib/jvm/java-9-oracle/bin:/usr/lib/jvm/java-9-oracle/db/bin
SHELL=/bin/bash
DISPLAY=:0

Signal Handlers:
SIGSEGV: [libjvm.so+0xd4d370], sa_mask[0]=11111111011111111101111111111110, sa_flags=SA_RESTART|SA_SIGINFO
SIGBUS: [libjvm.so+0xd4d370], sa_mask[0]=11111111011111111101111111111110, sa_flags=SA_RESTART|SA_SIGINFO
SIGFPE: [libjvm.so+0xd4d370], sa_mask[0]=11111111011111111101111111111110, sa_flags=SA_RESTART|SA_SIGINFO
SIGPIPE: [libjvm.so+0xb64780], sa_mask[0]=11111111011111111101111111111110, sa_flags=SA_RESTART|SA_SIGINFO
SIGXFSZ: [libjvm.so+0xb64780], sa_mask[0]=11111111011111111101111111111110, sa_flags=SA_RESTART|SA_SIGINFO
SIGILL: [libjvm.so+0xd4d370], sa_mask[0]=11111111011111111101111111111110, sa_flags=SA_RESTART|SA_SIGINFO
SIGUSR2: [libjvm.so+0xb64640], sa_mask[0]=00100000000000000000000000000000, sa_flags=SA_RESTART|SA_SIGINFO
SIGHUP: [libjvm.so+0xb64850], sa_mask[0]=11111111011111111101111111111110, sa_flags=SA_RESTART|SA_SIGINFO
SIGINT: [libjvm.so+0xb64850], sa_mask[0]=11111111011111111101111111111110, sa_flags=SA_RESTART|SA_SIGINFO
SIGTERM: [libjvm.so+0xb64850], sa_mask[0]=11111111011111111101111111111110, sa_flags=SA_RESTART|SA_SIGINFO
SIGQUIT: [libjvm.so+0xb64850], sa_mask[0]=11111111011111111101111111111110, sa_flags=SA_RESTART|SA_SIGINFO


---------------  S Y S T E M  ---------------

OS:DISTRIB_ID=Ubuntu
DISTRIB_RELEASE=16.04
DISTRIB_CODENAME=xenial
DISTRIB_DESCRIPTION="Ubuntu 16.04.4 LTS"
uname:Linux 4.13.0-43-generic #48~16.04.1-Ubuntu SMP Thu May 17 12:56:46 UTC 2018 x86_64
libc:glibc 2.23 NPTL 2.23 
rlimit: STACK 8192k, CORE 0k, NPROC 31242, NOFILE 1048576, AS infinity
load average:9,60 3,11 2,06

/proc/meminfo:
MemTotal:        8059520 kB
MemFree:         2675848 kB
MemAvailable:    4780432 kB
Buffers:          492404 kB
Cached:          1707836 kB
SwapCached:            0 kB
Active:          3532896 kB
Inactive:        1286612 kB
Active(anon):    2572324 kB
Inactive(anon):   117008 kB
Active(file):     960572 kB
Inactive(file):  1169604 kB
Unevictable:          80 kB
Mlocked:              80 kB
SwapTotal:       8278012 kB
SwapFree:        8278012 kB
Dirty:             11408 kB
Writeback:             0 kB
AnonPages:       2619644 kB
Mapped:           787256 kB
Shmem:            118220 kB
Slab:             345796 kB
SReclaimable:     279652 kB
SUnreclaim:        66144 kB
KernelStack:       15760 kB
PageTables:        50316 kB
NFS_Unstable:          0 kB
Bounce:                0 kB
WritebackTmp:          0 kB
CommitLimit:    12307772 kB
Committed_AS:    9108324 kB
VmallocTotal:   34359738367 kB
VmallocUsed:           0 kB
VmallocChunk:          0 kB
HardwareCorrupted:     0 kB
AnonHugePages:         0 kB
ShmemHugePages:        0 kB
ShmemPmdMapped:        0 kB
CmaTotal:              0 kB
CmaFree:               0 kB
HugePages_Total:       0
HugePages_Free:        0
HugePages_Rsvd:        0
HugePages_Surp:        0
Hugepagesize:       2048 kB
DirectMap4k:      336444 kB
DirectMap2M:     7944192 kB


CPU:total 8 (initial active 8) (4 cores per cpu, 2 threads per core) family 6 model 42 stepping 7, cmov, cx8, fxsr, mmx, sse, sse2, sse3, ssse3, sse4.1, sse4.2, popcnt, avx, aes, clmul, ht, tsc, tscinvbit
CPU Model and flags from /proc/cpuinfo:
model name	: Intel(R) Core(TM) i7-2630QM CPU @ 2.00GHz
flags		: fpu vme de pse tsc msr pae mce cx8 apic sep mtrr pge mca cmov pat pse36 clflush dts acpi mmx fxsr sse sse2 ss ht tm pbe syscall nx rdtscp lm constant_tsc arch_perfmon pebs bts nopl xtopology nonstop_tsc cpuid aperfmperf pni pclmulqdq dtes64 monitor ds_cpl vmx est tm2 ssse3 cx16 xtpr pdcm pcid sse4_1 sse4_2 x2apic popcnt tsc_deadline_timer aes xsave avx lahf_lm epb pti retpoline spec_ctrl tpr_shadow vnmi flexpriority ept vpid xsaveopt dtherm ida arat pln pts

Memory: 4k page, physical 8059520k(2675848k free), swap 8278012k(8278012k free)

vm_info: Java HotSpot(TM) 64-Bit Server VM (9.0.4+11) for linux-amd64 JRE (9.0.4+11), built on Dec 19 2017 18:12:19 by "mach5one" with gcc 4.9.2

END.
