#
# A fatal error has been detected by the Java Runtime Environment:
#
#  SIGSEGV (0xb) at pc=0x00007f3c3e9feef7, pid=19452, tid=19457
#
# JRE version: Java(TM) SE Runtime Environment (9.0+11) (build 9.0.4+11)
# Java VM: Java HotSpot(TM) 64-Bit Server VM (9.0.4+11, mixed mode, tiered, compressed oops, g1 gc, linux-amd64)
# Problematic frame:
# C  [liblwjgl_opengl.so+0x45ef7]  Java_org_lwjgl_opengl_GL20_glCreateProgram+0x7
#
# Core dump will be written. Default location: Core dumps may be processed with "/usr/share/apport/apport %p %s %c %d %P" (or dumping to /home/oliver/git/Master_thesis_java/Masterthesis_IK/core.19452)
#
# If you would like to submit a bug report, please visit:
#   http://bugreport.java.com/bugreport/crash.jsp
# The crash happened outside the Java Virtual Machine in native code.
# See problematic frame for where to report the bug.
#

---------------  S U M M A R Y ------------

Command Line: -Dorg.lwjgl.util.Debug=true -Djava.library.path=nope -Dfile.encoding=UTF-8 base.IkSolver

Host: Intel(R) Core(TM) i7-2630QM CPU @ 2.00GHz, 8 cores, 7G, Ubuntu 16.04.4 LTS
Time: Wed May  9 15:04:01 2018 CEST elapsed time: 0 seconds (0d 0h 0m 0s)

---------------  T H R E A D  ---------------

Current thread (0x00007f3cbc013000):  JavaThread "main" [_thread_in_native, id=19457, stack(0x00007f3cc3b20000,0x00007f3cc3c20000)]

Stack: [0x00007f3cc3b20000,0x00007f3cc3c20000],  sp=0x00007f3cc3c1e278,  free space=1016k
Native frames: (J=compiled Java code, A=aot compiled Java code, j=interpreted, Vv=VM code, C=native code)
C  [liblwjgl_opengl.so+0x45ef7]  Java_org_lwjgl_opengl_GL20_glCreateProgram+0x7
j  au.edu.federation.caliko.visualisation.ShaderProgram.<init>()V+10
j  au.edu.federation.caliko.visualisation.FabrikModel3D.<clinit>()V+174
v  ~StubRoutines::call_stub
V  [libjvm.so+0x83d60a]  JavaCalls::call_helper(JavaValue*, methodHandle const&, JavaCallArguments*, Thread*)+0x47a
V  [libjvm.so+0x815870]  InstanceKlass::call_class_initializer_impl(instanceKlassHandle, Thread*)+0x1d0
V  [libjvm.so+0x816627]  InstanceKlass::initialize(Thread*)+0x487
V  [libjvm.so+0x82b3e1]  InterpreterRuntime::_new(JavaThread*, ConstantPool*, int)+0x281
j  base.IkSolver.init()V+65
j  base.IkSolver.run()V+1364
j  base.IkSolver.main([Ljava/lang/String;)V+7
v  ~StubRoutines::call_stub
V  [libjvm.so+0x83d60a]  JavaCalls::call_helper(JavaValue*, methodHandle const&, JavaCallArguments*, Thread*)+0x47a
V  [libjvm.so+0x89a67f]  jni_invoke_static(JNIEnv_*, JavaValue*, _jobject*, JNICallType, _jmethodID*, JNI_ArgumentPusher*, Thread*) [clone .isra.90]+0x21f
V  [libjvm.so+0x8ab5ce]  jni_CallStaticVoidMethod+0x14e
C  [libjli.so+0x4397]  JavaMain+0xa17
C  [libpthread.so.0+0x76ba]  start_thread+0xca

Java frames: (J=compiled Java code, j=interpreted, Vv=VM code)
j  org.lwjgl.opengl.GL20.glCreateProgram()I+0
j  au.edu.federation.caliko.visualisation.ShaderProgram.<init>()V+10
j  au.edu.federation.caliko.visualisation.FabrikModel3D.<clinit>()V+174
v  ~StubRoutines::call_stub
j  base.IkSolver.init()V+65
j  base.IkSolver.run()V+1364
j  base.IkSolver.main([Ljava/lang/String;)V+7
v  ~StubRoutines::call_stub

siginfo: si_signo: 11 (SIGSEGV), si_code: 1 (SEGV_MAPERR), si_addr: 0x0000000000000878

Register to memory mapping:

RAX=0x0000000000000000 is an unknown value
RBX={method} {0x00007f3c54a2d440} 'glCreateProgram' '()I' in 'org/lwjgl/opengl/GL20'
RCX=0x0000000000000002 is an unknown value
RDX=0x00007f3cc2dd94d8: <offset 0x00000000013494d8> in /usr/lib/jvm/java-9-oracle/lib/server/libjvm.so at 0x00007f3cc1a90000
RSP=0x00007f3cc3c1e278 is pointing into the stack for thread: 0x00007f3cbc013000
RBP=0x00007f3cc3c1e2c8 is pointing into the stack for thread: 0x00007f3cbc013000
RSI=0x00007f3cc3c1e2d8 is pointing into the stack for thread: 0x00007f3cbc013000
RDI=0x00007f3cbc013218 is an unknown value
R8 ={method} {0x00007f3c54a2d440} 'glCreateProgram' '()I' in 'org/lwjgl/opengl/GL20'
R9 =0x0000000000000010 is an unknown value
R10=0x00007f3ca1b5bd09 is at code_begin+873 in an Interpreter codelet
method entry point (kind = native)  [0x00007f3ca1b5b9a0, 0x00007f3ca1b5c3e0]  2624 bytes
R11=0x000000008c7b4110 is an oop
java.lang.Class 
{0x000000008c7b4110} - klass: 'java/lang/Class'
R12=0x0000000000000000 is an unknown value
R13=0x00007f3c54a2d438 is pointing into metadata
R14=0x00007f3cc3c1e2e0 is pointing into the stack for thread: 0x00007f3cbc013000
R15=0x00007f3cbc013000 is a thread


Registers:
RAX=0x0000000000000000, RBX=0x00007f3c54a2d440, RCX=0x0000000000000002, RDX=0x00007f3cc2dd94d8
RSP=0x00007f3cc3c1e278, RBP=0x00007f3cc3c1e2c8, RSI=0x00007f3cc3c1e2d8, RDI=0x00007f3cbc013218
R8 =0x00007f3c54a2d440, R9 =0x0000000000000010, R10=0x00007f3ca1b5bd09, R11=0x000000008c7b4110
R12=0x0000000000000000, R13=0x00007f3c54a2d438, R14=0x00007f3cc3c1e2e0, R15=0x00007f3cbc013000
RIP=0x00007f3c3e9feef7, EFLAGS=0x0000000000010283, CSGSFS=0x002b000000000033, ERR=0x0000000000000004
  TRAPNO=0x000000000000000e

Top of Stack: (sp=0x00007f3cc3c1e278)
0x00007f3cc3c1e278:   00007f3ca1b5bd35 00007f3cc3c1e280
0x00007f3cc3c1e288:   00007f3c54a2d438 00007f3cc3c1e2e0
0x00007f3cc3c1e298:   00007f3c54a40ab0 0000000000000000
0x00007f3cc3c1e2a8:   000000008c7b4110 00007f3c54a2d440 

Instructions: (pc=0x00007f3c3e9feef7)
0x00007f3c3e9feed7:   40 18 48 8b 80 b0 09 00 00 ff e0 66 66 66 66 66
0x00007f3c3e9feee7:   2e 0f 1f 84 00 00 00 00 00 48 8b 07 48 8b 40 18
0x00007f3c3e9feef7:   ff a0 78 08 00 00 0f 1f 00 48 8b 07 41 89 d1 89
0x00007f3c3e9fef07:   ce 4c 89 c2 44 89 cf 48 8b 40 18 48 8b 80 b8 15 


---------------  P R O C E S S  ---------------

Java Threads: ( => current thread )
  0x00007f3cbc22e000 JavaThread "Service Thread" daemon [_thread_blocked, id=19488, stack(0x00007f3c3ef7a000,0x00007f3c3f07b000)]
  0x00007f3cbc18e000 JavaThread "Common-Cleaner" daemon [_thread_blocked, id=19487, stack(0x00007f3c3f07b000,0x00007f3c3f17c000)]
  0x00007f3cbc179800 JavaThread "Sweeper thread" daemon [_thread_blocked, id=19486, stack(0x00007f3c3f5a4000,0x00007f3c3f6a5000)]
  0x00007f3cbc177800 JavaThread "C1 CompilerThread3" daemon [_thread_blocked, id=19485, stack(0x00007f3c3f6a5000,0x00007f3c3f7a6000)]
  0x00007f3cbc175800 JavaThread "C2 CompilerThread2" daemon [_thread_blocked, id=19484, stack(0x00007f3c3f7a6000,0x00007f3c3f8a7000)]
  0x00007f3cbc173800 JavaThread "C2 CompilerThread1" daemon [_thread_blocked, id=19483, stack(0x00007f3c3f8a7000,0x00007f3c3f9a8000)]
  0x00007f3cbc171800 JavaThread "C2 CompilerThread0" daemon [_thread_blocked, id=19482, stack(0x00007f3c3f9a8000,0x00007f3c3faa9000)]
  0x00007f3cbc16f800 JavaThread "Signal Dispatcher" daemon [_thread_blocked, id=19481, stack(0x00007f3c3faa9000,0x00007f3c3fbaa000)]
  0x00007f3cbc154000 JavaThread "Finalizer" daemon [_thread_blocked, id=19480, stack(0x00007f3c540ea000,0x00007f3c541eb000)]
  0x00007f3cbc14b800 JavaThread "Reference Handler" daemon [_thread_blocked, id=19479, stack(0x00007f3c541eb000,0x00007f3c542ec000)]
=>0x00007f3cbc013000 JavaThread "main" [_thread_in_native, id=19457, stack(0x00007f3cc3b20000,0x00007f3cc3c20000)]

Other Threads:
  0x00007f3cbc142000 VMThread "VM Thread" [stack: 0x00007f3c542ed000,0x00007f3c543ed000] [id=19478]
  0x00007f3cbc231000 WatcherThread [stack: 0x00007f3c3ee7a000,0x00007f3c3ef7a000] [id=19489]
  0x00007f3cbc02a800 GCTaskThread "GC Thread#0" [stack: 0x00007f3cc01fb000,0x00007f3cc02fb000] [id=19458]
  0x00007f3cbc02c000 GCTaskThread "GC Thread#1" [stack: 0x00007f3cc00fa000,0x00007f3cc01fa000] [id=19459]
  0x00007f3cbc02d800 GCTaskThread "GC Thread#2" [stack: 0x00007f3ca1a43000,0x00007f3ca1b43000] [id=19460]
  0x00007f3cbc02f800 GCTaskThread "GC Thread#3" [stack: 0x00007f3ca1942000,0x00007f3ca1a42000] [id=19461]
  0x00007f3cbc031000 GCTaskThread "GC Thread#4" [stack: 0x00007f3ca1841000,0x00007f3ca1941000] [id=19462]
  0x00007f3cbc032800 GCTaskThread "GC Thread#5" [stack: 0x00007f3ca1740000,0x00007f3ca1840000] [id=19463]
  0x00007f3cbc034800 GCTaskThread "GC Thread#6" [stack: 0x00007f3ca163f000,0x00007f3ca173f000] [id=19464]
  0x00007f3cbc036000 GCTaskThread "GC Thread#7" [stack: 0x00007f3ca153e000,0x00007f3ca163e000] [id=19465]
  0x00007f3cbc06c000 ConcurrentGCThread "G1 Main Marker" [stack: 0x00007f3c575f8000,0x00007f3c576f8000] [id=19475]
  0x00007f3cbc06d800 ConcurrentGCThread "G1 Marker#0" [stack: 0x00007f3c574f7000,0x00007f3c575f7000] [id=19476]
  0x00007f3cbc06f800 ConcurrentGCThread "G1 Marker#1" [stack: 0x00007f3c573f6000,0x00007f3c574f6000] [id=19477]
  0x00007f3cbc045000 ConcurrentGCThread "G1 Refine#0" [stack: 0x00007f3ca052e000,0x00007f3ca062e000] [id=19473]
  0x00007f3cbc043000 ConcurrentGCThread "G1 Refine#1" [stack: 0x00007f3ca062f000,0x00007f3ca072f000] [id=19472]
  0x00007f3cbc041000 ConcurrentGCThread "G1 Refine#2" [stack: 0x00007f3ca0730000,0x00007f3ca0830000] [id=19471]
  0x00007f3cbc03f800 ConcurrentGCThread "G1 Refine#3" [stack: 0x00007f3ca0831000,0x00007f3ca0931000] [id=19470]
  0x00007f3cbc03d800 ConcurrentGCThread "G1 Refine#4" [stack: 0x00007f3ca0932000,0x00007f3ca0a32000] [id=19469]
  0x00007f3cbc03c000 ConcurrentGCThread "G1 Refine#5" [stack: 0x00007f3ca0a33000,0x00007f3ca0b33000] [id=19468]
  0x00007f3cbc03a000 ConcurrentGCThread "G1 Refine#6" [stack: 0x00007f3ca0b34000,0x00007f3ca0c34000] [id=19467]
  0x00007f3cbc038800 ConcurrentGCThread "G1 Refine#7" [stack: 0x00007f3ca0c35000,0x00007f3ca0d35000] [id=19466]
  0x00007f3cbc046800 ConcurrentGCThread "G1 Young RemSet Sampling" [stack: 0x00007f3ca042d000,0x00007f3ca052d000] [id=19474]

Threads with active compile tasks:

VM state:not at safepoint (normal execution)

VM Mutex/Monitor currently owned by a thread: None

Heap address: 0x0000000085000000, size: 1968 MB, Compressed Oops mode: 32-bit
Narrow klass base: 0x0000000000000000, Narrow klass shift: 3
Compressed class space size: 1073741824 Address: 0x0000000100000000

Heap:
 garbage-first heap   total 126976K, used 6144K [0x0000000085000000, 0x00000000851003e0, 0x0000000100000000)
  region size 1024K, 7 young (7168K), 0 survivors (0K)
 Metaspace       used 8505K, capacity 8680K, committed 8832K, reserved 1056768K
  class space    used 733K, capacity 799K, committed 896K, reserved 1048576K
Heap Regions: E=young(eden), S=young(survivor), O=old, HS=humongous(starts), HC=humongous(continues), CS=collection set, F=free, A=archive, TS=gc time stamp, AC=allocation context, TAMS=top-at-mark-start (previous, next)
|   0|0x0000000085000000, 0x0000000085000000, 0x0000000085100000|  0%| F|  |TS  0|AC  0|TAMS 0x0000000085000000, 0x0000000085000000|
|   1|0x0000000085100000, 0x0000000085100000, 0x0000000085200000|  0%| F|  |TS  0|AC  0|TAMS 0x0000000085100000, 0x0000000085100000|
|   2|0x0000000085200000, 0x0000000085200000, 0x0000000085300000|  0%| F|  |TS  0|AC  0|TAMS 0x0000000085200000, 0x0000000085200000|
|   3|0x0000000085300000, 0x0000000085300000, 0x0000000085400000|  0%| F|  |TS  0|AC  0|TAMS 0x0000000085300000, 0x0000000085300000|
|   4|0x0000000085400000, 0x0000000085400000, 0x0000000085500000|  0%| F|  |TS  0|AC  0|TAMS 0x0000000085400000, 0x0000000085400000|
|   5|0x0000000085500000, 0x0000000085500000, 0x0000000085600000|  0%| F|  |TS  0|AC  0|TAMS 0x0000000085500000, 0x0000000085500000|
|   6|0x0000000085600000, 0x0000000085600000, 0x0000000085700000|  0%| F|  |TS  0|AC  0|TAMS 0x0000000085600000, 0x0000000085600000|
|   7|0x0000000085700000, 0x0000000085700000, 0x0000000085800000|  0%| F|  |TS  0|AC  0|TAMS 0x0000000085700000, 0x0000000085700000|
|   8|0x0000000085800000, 0x0000000085800000, 0x0000000085900000|  0%| F|  |TS  0|AC  0|TAMS 0x0000000085800000, 0x0000000085800000|
|   9|0x0000000085900000, 0x0000000085900000, 0x0000000085a00000|  0%| F|  |TS  0|AC  0|TAMS 0x0000000085900000, 0x0000000085900000|
|  10|0x0000000085a00000, 0x0000000085a00000, 0x0000000085b00000|  0%| F|  |TS  0|AC  0|TAMS 0x0000000085a00000, 0x0000000085a00000|
|  11|0x0000000085b00000, 0x0000000085b00000, 0x0000000085c00000|  0%| F|  |TS  0|AC  0|TAMS 0x0000000085b00000, 0x0000000085b00000|
|  12|0x0000000085c00000, 0x0000000085c00000, 0x0000000085d00000|  0%| F|  |TS  0|AC  0|TAMS 0x0000000085c00000, 0x0000000085c00000|
|  13|0x0000000085d00000, 0x0000000085d00000, 0x0000000085e00000|  0%| F|  |TS  0|AC  0|TAMS 0x0000000085d00000, 0x0000000085d00000|
|  14|0x0000000085e00000, 0x0000000085e00000, 0x0000000085f00000|  0%| F|  |TS  0|AC  0|TAMS 0x0000000085e00000, 0x0000000085e00000|
|  15|0x0000000085f00000, 0x0000000085f00000, 0x0000000086000000|  0%| F|  |TS  0|AC  0|TAMS 0x0000000085f00000, 0x0000000085f00000|
|  16|0x0000000086000000, 0x0000000086000000, 0x0000000086100000|  0%| F|  |TS  0|AC  0|TAMS 0x0000000086000000, 0x0000000086000000|
|  17|0x0000000086100000, 0x0000000086100000, 0x0000000086200000|  0%| F|  |TS  0|AC  0|TAMS 0x0000000086100000, 0x0000000086100000|
|  18|0x0000000086200000, 0x0000000086200000, 0x0000000086300000|  0%| F|  |TS  0|AC  0|TAMS 0x0000000086200000, 0x0000000086200000|
|  19|0x0000000086300000, 0x0000000086300000, 0x0000000086400000|  0%| F|  |TS  0|AC  0|TAMS 0x0000000086300000, 0x0000000086300000|
|  20|0x0000000086400000, 0x0000000086400000, 0x0000000086500000|  0%| F|  |TS  0|AC  0|TAMS 0x0000000086400000, 0x0000000086400000|
|  21|0x0000000086500000, 0x0000000086500000, 0x0000000086600000|  0%| F|  |TS  0|AC  0|TAMS 0x0000000086500000, 0x0000000086500000|
|  22|0x0000000086600000, 0x0000000086600000, 0x0000000086700000|  0%| F|  |TS  0|AC  0|TAMS 0x0000000086600000, 0x0000000086600000|
|  23|0x0000000086700000, 0x0000000086700000, 0x0000000086800000|  0%| F|  |TS  0|AC  0|TAMS 0x0000000086700000, 0x0000000086700000|
|  24|0x0000000086800000, 0x0000000086800000, 0x0000000086900000|  0%| F|  |TS  0|AC  0|TAMS 0x0000000086800000, 0x0000000086800000|
|  25|0x0000000086900000, 0x0000000086900000, 0x0000000086a00000|  0%| F|  |TS  0|AC  0|TAMS 0x0000000086900000, 0x0000000086900000|
|  26|0x0000000086a00000, 0x0000000086a00000, 0x0000000086b00000|  0%| F|  |TS  0|AC  0|TAMS 0x0000000086a00000, 0x0000000086a00000|
|  27|0x0000000086b00000, 0x0000000086b00000, 0x0000000086c00000|  0%| F|  |TS  0|AC  0|TAMS 0x0000000086b00000, 0x0000000086b00000|
|  28|0x0000000086c00000, 0x0000000086c00000, 0x0000000086d00000|  0%| F|  |TS  0|AC  0|TAMS 0x0000000086c00000, 0x0000000086c00000|
|  29|0x0000000086d00000, 0x0000000086d00000, 0x0000000086e00000|  0%| F|  |TS  0|AC  0|TAMS 0x0000000086d00000, 0x0000000086d00000|
|  30|0x0000000086e00000, 0x0000000086e00000, 0x0000000086f00000|  0%| F|  |TS  0|AC  0|TAMS 0x0000000086e00000, 0x0000000086e00000|
|  31|0x0000000086f00000, 0x0000000086f00000, 0x0000000087000000|  0%| F|  |TS  0|AC  0|TAMS 0x0000000086f00000, 0x0000000086f00000|
|  32|0x0000000087000000, 0x0000000087000000, 0x0000000087100000|  0%| F|  |TS  0|AC  0|TAMS 0x0000000087000000, 0x0000000087000000|
|  33|0x0000000087100000, 0x0000000087100000, 0x0000000087200000|  0%| F|  |TS  0|AC  0|TAMS 0x0000000087100000, 0x0000000087100000|
|  34|0x0000000087200000, 0x0000000087200000, 0x0000000087300000|  0%| F|  |TS  0|AC  0|TAMS 0x0000000087200000, 0x0000000087200000|
|  35|0x0000000087300000, 0x0000000087300000, 0x0000000087400000|  0%| F|  |TS  0|AC  0|TAMS 0x0000000087300000, 0x0000000087300000|
|  36|0x0000000087400000, 0x0000000087400000, 0x0000000087500000|  0%| F|  |TS  0|AC  0|TAMS 0x0000000087400000, 0x0000000087400000|
|  37|0x0000000087500000, 0x0000000087500000, 0x0000000087600000|  0%| F|  |TS  0|AC  0|TAMS 0x0000000087500000, 0x0000000087500000|
|  38|0x0000000087600000, 0x0000000087600000, 0x0000000087700000|  0%| F|  |TS  0|AC  0|TAMS 0x0000000087600000, 0x0000000087600000|
|  39|0x0000000087700000, 0x0000000087700000, 0x0000000087800000|  0%| F|  |TS  0|AC  0|TAMS 0x0000000087700000, 0x0000000087700000|
|  40|0x0000000087800000, 0x0000000087800000, 0x0000000087900000|  0%| F|  |TS  0|AC  0|TAMS 0x0000000087800000, 0x0000000087800000|
|  41|0x0000000087900000, 0x0000000087900000, 0x0000000087a00000|  0%| F|  |TS  0|AC  0|TAMS 0x0000000087900000, 0x0000000087900000|
|  42|0x0000000087a00000, 0x0000000087a00000, 0x0000000087b00000|  0%| F|  |TS  0|AC  0|TAMS 0x0000000087a00000, 0x0000000087a00000|
|  43|0x0000000087b00000, 0x0000000087b00000, 0x0000000087c00000|  0%| F|  |TS  0|AC  0|TAMS 0x0000000087b00000, 0x0000000087b00000|
|  44|0x0000000087c00000, 0x0000000087c00000, 0x0000000087d00000|  0%| F|  |TS  0|AC  0|TAMS 0x0000000087c00000, 0x0000000087c00000|
|  45|0x0000000087d00000, 0x0000000087d00000, 0x0000000087e00000|  0%| F|  |TS  0|AC  0|TAMS 0x0000000087d00000, 0x0000000087d00000|
|  46|0x0000000087e00000, 0x0000000087e00000, 0x0000000087f00000|  0%| F|  |TS  0|AC  0|TAMS 0x0000000087e00000, 0x0000000087e00000|
|  47|0x0000000087f00000, 0x0000000087f00000, 0x0000000088000000|  0%| F|  |TS  0|AC  0|TAMS 0x0000000087f00000, 0x0000000087f00000|
|  48|0x0000000088000000, 0x0000000088000000, 0x0000000088100000|  0%| F|  |TS  0|AC  0|TAMS 0x0000000088000000, 0x0000000088000000|
|  49|0x0000000088100000, 0x0000000088100000, 0x0000000088200000|  0%| F|  |TS  0|AC  0|TAMS 0x0000000088100000, 0x0000000088100000|
|  50|0x0000000088200000, 0x0000000088200000, 0x0000000088300000|  0%| F|  |TS  0|AC  0|TAMS 0x0000000088200000, 0x0000000088200000|
|  51|0x0000000088300000, 0x0000000088300000, 0x0000000088400000|  0%| F|  |TS  0|AC  0|TAMS 0x0000000088300000, 0x0000000088300000|
|  52|0x0000000088400000, 0x0000000088400000, 0x0000000088500000|  0%| F|  |TS  0|AC  0|TAMS 0x0000000088400000, 0x0000000088400000|
|  53|0x0000000088500000, 0x0000000088500000, 0x0000000088600000|  0%| F|  |TS  0|AC  0|TAMS 0x0000000088500000, 0x0000000088500000|
|  54|0x0000000088600000, 0x0000000088600000, 0x0000000088700000|  0%| F|  |TS  0|AC  0|TAMS 0x0000000088600000, 0x0000000088600000|
|  55|0x0000000088700000, 0x0000000088700000, 0x0000000088800000|  0%| F|  |TS  0|AC  0|TAMS 0x0000000088700000, 0x0000000088700000|
|  56|0x0000000088800000, 0x0000000088800000, 0x0000000088900000|  0%| F|  |TS  0|AC  0|TAMS 0x0000000088800000, 0x0000000088800000|
|  57|0x0000000088900000, 0x0000000088900000, 0x0000000088a00000|  0%| F|  |TS  0|AC  0|TAMS 0x0000000088900000, 0x0000000088900000|
|  58|0x0000000088a00000, 0x0000000088a00000, 0x0000000088b00000|  0%| F|  |TS  0|AC  0|TAMS 0x0000000088a00000, 0x0000000088a00000|
|  59|0x0000000088b00000, 0x0000000088b00000, 0x0000000088c00000|  0%| F|  |TS  0|AC  0|TAMS 0x0000000088b00000, 0x0000000088b00000|
|  60|0x0000000088c00000, 0x0000000088c00000, 0x0000000088d00000|  0%| F|  |TS  0|AC  0|TAMS 0x0000000088c00000, 0x0000000088c00000|
|  61|0x0000000088d00000, 0x0000000088d00000, 0x0000000088e00000|  0%| F|  |TS  0|AC  0|TAMS 0x0000000088d00000, 0x0000000088d00000|
|  62|0x0000000088e00000, 0x0000000088e00000, 0x0000000088f00000|  0%| F|  |TS  0|AC  0|TAMS 0x0000000088e00000, 0x0000000088e00000|
|  63|0x0000000088f00000, 0x0000000088f00000, 0x0000000089000000|  0%| F|  |TS  0|AC  0|TAMS 0x0000000088f00000, 0x0000000088f00000|
|  64|0x0000000089000000, 0x0000000089000000, 0x0000000089100000|  0%| F|  |TS  0|AC  0|TAMS 0x0000000089000000, 0x0000000089000000|
|  65|0x0000000089100000, 0x0000000089100000, 0x0000000089200000|  0%| F|  |TS  0|AC  0|TAMS 0x0000000089100000, 0x0000000089100000|
|  66|0x0000000089200000, 0x0000000089200000, 0x0000000089300000|  0%| F|  |TS  0|AC  0|TAMS 0x0000000089200000, 0x0000000089200000|
|  67|0x0000000089300000, 0x0000000089300000, 0x0000000089400000|  0%| F|  |TS  0|AC  0|TAMS 0x0000000089300000, 0x0000000089300000|
|  68|0x0000000089400000, 0x0000000089400000, 0x0000000089500000|  0%| F|  |TS  0|AC  0|TAMS 0x0000000089400000, 0x0000000089400000|
|  69|0x0000000089500000, 0x0000000089500000, 0x0000000089600000|  0%| F|  |TS  0|AC  0|TAMS 0x0000000089500000, 0x0000000089500000|
|  70|0x0000000089600000, 0x0000000089600000, 0x0000000089700000|  0%| F|  |TS  0|AC  0|TAMS 0x0000000089600000, 0x0000000089600000|
|  71|0x0000000089700000, 0x0000000089700000, 0x0000000089800000|  0%| F|  |TS  0|AC  0|TAMS 0x0000000089700000, 0x0000000089700000|
|  72|0x0000000089800000, 0x0000000089800000, 0x0000000089900000|  0%| F|  |TS  0|AC  0|TAMS 0x0000000089800000, 0x0000000089800000|
|  73|0x0000000089900000, 0x0000000089900000, 0x0000000089a00000|  0%| F|  |TS  0|AC  0|TAMS 0x0000000089900000, 0x0000000089900000|
|  74|0x0000000089a00000, 0x0000000089a00000, 0x0000000089b00000|  0%| F|  |TS  0|AC  0|TAMS 0x0000000089a00000, 0x0000000089a00000|
|  75|0x0000000089b00000, 0x0000000089b00000, 0x0000000089c00000|  0%| F|  |TS  0|AC  0|TAMS 0x0000000089b00000, 0x0000000089b00000|
|  76|0x0000000089c00000, 0x0000000089c00000, 0x0000000089d00000|  0%| F|  |TS  0|AC  0|TAMS 0x0000000089c00000, 0x0000000089c00000|
|  77|0x0000000089d00000, 0x0000000089d00000, 0x0000000089e00000|  0%| F|  |TS  0|AC  0|TAMS 0x0000000089d00000, 0x0000000089d00000|
|  78|0x0000000089e00000, 0x0000000089e00000, 0x0000000089f00000|  0%| F|  |TS  0|AC  0|TAMS 0x0000000089e00000, 0x0000000089e00000|
|  79|0x0000000089f00000, 0x0000000089f00000, 0x000000008a000000|  0%| F|  |TS  0|AC  0|TAMS 0x0000000089f00000, 0x0000000089f00000|
|  80|0x000000008a000000, 0x000000008a000000, 0x000000008a100000|  0%| F|  |TS  0|AC  0|TAMS 0x000000008a000000, 0x000000008a000000|
|  81|0x000000008a100000, 0x000000008a100000, 0x000000008a200000|  0%| F|  |TS  0|AC  0|TAMS 0x000000008a100000, 0x000000008a100000|
|  82|0x000000008a200000, 0x000000008a200000, 0x000000008a300000|  0%| F|  |TS  0|AC  0|TAMS 0x000000008a200000, 0x000000008a200000|
|  83|0x000000008a300000, 0x000000008a300000, 0x000000008a400000|  0%| F|  |TS  0|AC  0|TAMS 0x000000008a300000, 0x000000008a300000|
|  84|0x000000008a400000, 0x000000008a400000, 0x000000008a500000|  0%| F|  |TS  0|AC  0|TAMS 0x000000008a400000, 0x000000008a400000|
|  85|0x000000008a500000, 0x000000008a500000, 0x000000008a600000|  0%| F|  |TS  0|AC  0|TAMS 0x000000008a500000, 0x000000008a500000|
|  86|0x000000008a600000, 0x000000008a600000, 0x000000008a700000|  0%| F|  |TS  0|AC  0|TAMS 0x000000008a600000, 0x000000008a600000|
|  87|0x000000008a700000, 0x000000008a700000, 0x000000008a800000|  0%| F|  |TS  0|AC  0|TAMS 0x000000008a700000, 0x000000008a700000|
|  88|0x000000008a800000, 0x000000008a800000, 0x000000008a900000|  0%| F|  |TS  0|AC  0|TAMS 0x000000008a800000, 0x000000008a800000|
|  89|0x000000008a900000, 0x000000008a900000, 0x000000008aa00000|  0%| F|  |TS  0|AC  0|TAMS 0x000000008a900000, 0x000000008a900000|
|  90|0x000000008aa00000, 0x000000008aa00000, 0x000000008ab00000|  0%| F|  |TS  0|AC  0|TAMS 0x000000008aa00000, 0x000000008aa00000|
|  91|0x000000008ab00000, 0x000000008ab00000, 0x000000008ac00000|  0%| F|  |TS  0|AC  0|TAMS 0x000000008ab00000, 0x000000008ab00000|
|  92|0x000000008ac00000, 0x000000008ac00000, 0x000000008ad00000|  0%| F|  |TS  0|AC  0|TAMS 0x000000008ac00000, 0x000000008ac00000|
|  93|0x000000008ad00000, 0x000000008ad00000, 0x000000008ae00000|  0%| F|  |TS  0|AC  0|TAMS 0x000000008ad00000, 0x000000008ad00000|
|  94|0x000000008ae00000, 0x000000008ae00000, 0x000000008af00000|  0%| F|  |TS  0|AC  0|TAMS 0x000000008ae00000, 0x000000008ae00000|
|  95|0x000000008af00000, 0x000000008af00000, 0x000000008b000000|  0%| F|  |TS  0|AC  0|TAMS 0x000000008af00000, 0x000000008af00000|
|  96|0x000000008b000000, 0x000000008b000000, 0x000000008b100000|  0%| F|  |TS  0|AC  0|TAMS 0x000000008b000000, 0x000000008b000000|
|  97|0x000000008b100000, 0x000000008b100000, 0x000000008b200000|  0%| F|  |TS  0|AC  0|TAMS 0x000000008b100000, 0x000000008b100000|
|  98|0x000000008b200000, 0x000000008b200000, 0x000000008b300000|  0%| F|  |TS  0|AC  0|TAMS 0x000000008b200000, 0x000000008b200000|
|  99|0x000000008b300000, 0x000000008b300000, 0x000000008b400000|  0%| F|  |TS  0|AC  0|TAMS 0x000000008b300000, 0x000000008b300000|
| 100|0x000000008b400000, 0x000000008b400000, 0x000000008b500000|  0%| F|  |TS  0|AC  0|TAMS 0x000000008b400000, 0x000000008b400000|
| 101|0x000000008b500000, 0x000000008b500000, 0x000000008b600000|  0%| F|  |TS  0|AC  0|TAMS 0x000000008b500000, 0x000000008b500000|
| 102|0x000000008b600000, 0x000000008b600000, 0x000000008b700000|  0%| F|  |TS  0|AC  0|TAMS 0x000000008b600000, 0x000000008b600000|
| 103|0x000000008b700000, 0x000000008b700000, 0x000000008b800000|  0%| F|  |TS  0|AC  0|TAMS 0x000000008b700000, 0x000000008b700000|
| 104|0x000000008b800000, 0x000000008b800000, 0x000000008b900000|  0%| F|  |TS  0|AC  0|TAMS 0x000000008b800000, 0x000000008b800000|
| 105|0x000000008b900000, 0x000000008b900000, 0x000000008ba00000|  0%| F|  |TS  0|AC  0|TAMS 0x000000008b900000, 0x000000008b900000|
| 106|0x000000008ba00000, 0x000000008ba00000, 0x000000008bb00000|  0%| F|  |TS  0|AC  0|TAMS 0x000000008ba00000, 0x000000008ba00000|
| 107|0x000000008bb00000, 0x000000008bb00000, 0x000000008bc00000|  0%| F|  |TS  0|AC  0|TAMS 0x000000008bb00000, 0x000000008bb00000|
| 108|0x000000008bc00000, 0x000000008bc00000, 0x000000008bd00000|  0%| F|  |TS  0|AC  0|TAMS 0x000000008bc00000, 0x000000008bc00000|
| 109|0x000000008bd00000, 0x000000008bd00000, 0x000000008be00000|  0%| F|  |TS  0|AC  0|TAMS 0x000000008bd00000, 0x000000008bd00000|
| 110|0x000000008be00000, 0x000000008be00000, 0x000000008bf00000|  0%| F|  |TS  0|AC  0|TAMS 0x000000008be00000, 0x000000008be00000|
| 111|0x000000008bf00000, 0x000000008bf00000, 0x000000008c000000|  0%| F|  |TS  0|AC  0|TAMS 0x000000008bf00000, 0x000000008bf00000|
| 112|0x000000008c000000, 0x000000008c000000, 0x000000008c100000|  0%| F|  |TS  0|AC  0|TAMS 0x000000008c000000, 0x000000008c000000|
| 113|0x000000008c100000, 0x000000008c100000, 0x000000008c200000|  0%| F|  |TS  0|AC  0|TAMS 0x000000008c100000, 0x000000008c100000|
| 114|0x000000008c200000, 0x000000008c200000, 0x000000008c300000|  0%| F|  |TS  0|AC  0|TAMS 0x000000008c200000, 0x000000008c200000|
| 115|0x000000008c300000, 0x000000008c300000, 0x000000008c400000|  0%| F|  |TS  0|AC  0|TAMS 0x000000008c300000, 0x000000008c300000|
| 116|0x000000008c400000, 0x000000008c400000, 0x000000008c500000|  0%| F|  |TS  0|AC  0|TAMS 0x000000008c400000, 0x000000008c400000|
| 117|0x000000008c500000, 0x000000008c5f6498, 0x000000008c600000| 96%| E|  |TS  0|AC  0|TAMS 0x000000008c500000, 0x000000008c500000|
| 118|0x000000008c600000, 0x000000008c700000, 0x000000008c700000|100%| E|CS|TS  0|AC  0|TAMS 0x000000008c600000, 0x000000008c600000|
| 119|0x000000008c700000, 0x000000008c800000, 0x000000008c800000|100%| E|CS|TS  0|AC  0|TAMS 0x000000008c700000, 0x000000008c700000|
| 120|0x000000008c800000, 0x000000008c900000, 0x000000008c900000|100%| E|CS|TS  0|AC  0|TAMS 0x000000008c800000, 0x000000008c800000|
| 121|0x000000008c900000, 0x000000008ca00000, 0x000000008ca00000|100%| E|CS|TS  0|AC  0|TAMS 0x000000008c900000, 0x000000008c900000|
| 122|0x000000008ca00000, 0x000000008cb00000, 0x000000008cb00000|100%| E|CS|TS  0|AC  0|TAMS 0x000000008ca00000, 0x000000008ca00000|
| 123|0x000000008cb00000, 0x000000008cc00000, 0x000000008cc00000|100%| E|CS|TS  0|AC  0|TAMS 0x000000008cb00000, 0x000000008cb00000|

Card table byte_map: [0x00007f3c5b850000,0x00007f3c5bc28000] byte_map_base: 0x00007f3c5b428000

Marking Bits (Prev, Next): (CMBitMap*) 0x00007f3cbc06b030, (CMBitMap*) 0x00007f3cbc06b068
 Prev Bits: [0x00007f3c595b8000, 0x00007f3c5b478000)
 Next Bits: [0x00007f3c576f8000, 0x00007f3c595b8000)

Polling page: 0x00007f3cc3c4d000

CodeHeap 'non-profiled nmethods': size=120032Kb used=148Kb max_used=148Kb free=119883Kb
 bounds [0x00007f3ca960b000, 0x00007f3ca987b000, 0x00007f3cb0b43000]
CodeHeap 'profiled nmethods': size=120028Kb used=852Kb max_used=852Kb free=119176Kb
 bounds [0x00007f3ca20d4000, 0x00007f3ca2344000, 0x00007f3ca960b000]
CodeHeap 'non-nmethods': size=5700Kb used=1213Kb max_used=1227Kb free=4486Kb
 bounds [0x00007f3ca1b43000, 0x00007f3ca1db3000, 0x00007f3ca20d4000]
 total_blobs=1046 nmethods=538 adapters=302
 compilation: enabled

Compilation events (10 events):
Event: 0,352 Thread 0x00007f3cbc177800 nmethod 533 0x00007f3ca962eb90 code [0x00007f3ca962ed40, 0x00007f3ca962ee50]
Event: 0,352 Thread 0x00007f3cbc177800  527       1       java.lang.invoke.MethodTypeForm::basicType (5 bytes)
Event: 0,352 Thread 0x00007f3cbc177800 nmethod 527 0x00007f3ca962ee90 code [0x00007f3ca962f040, 0x00007f3ca962f150]
Event: 0,355 Thread 0x00007f3cbc177800  536       3       java.lang.invoke.LambdaForm::parameterType (9 bytes)
Event: 0,355 Thread 0x00007f3cbc177800 nmethod 536 0x00007f3ca21a8290 code [0x00007f3ca21a8440, 0x00007f3ca21a85e8]
Event: 0,355 Thread 0x00007f3cbc177800  537       3       sun.invoke.util.Wrapper::forBasicType (16 bytes)
Event: 0,355 Thread 0x00007f3cbc177800 nmethod 537 0x00007f3ca21a8710 code [0x00007f3ca21a88c0, 0x00007f3ca21a8b28]
Event: 0,357 Thread 0x00007f3cbc177800  538       3       java.net.URL::<init> (8 bytes)
Event: 0,357 Thread 0x00007f3cbc177800 nmethod 538 0x00007f3ca21a8c10 code [0x00007f3ca21a8dc0, 0x00007f3ca21a8f48]
Event: 0,361 Thread 0x00007f3cbc171800 nmethod 506% 0x00007f3ca962f390 code [0x00007f3ca962f560, 0x00007f3ca9630038]

GC Heap History (0 events):
No events

Deoptimization events (1 events):
Event: 0,225 Thread 0x00007f3cbc013000 Uncommon trap: reason=unstable_if action=reinterpret pc=0x00007f3ca960df94 method=java.lang.String.charAt(I)C @ 4 c2

Classes redefined (0 events):
No events

Internal exceptions (9 events):
Event: 0,249 Thread 0x00007f3cbc013000 Exception <a 'java/lang/NoSuchMethodError'{0x000000008c7e3cd8}: java.lang.invoke.DirectMethodHandle$Holder.invokeStatic(Ljava/lang/Object;Ljava/lang/Object;)I> (0x000000008c7e3cd8) thrown at [/scratch/opt/mach5/mesos/work_dir/slaves/5af44a71-976a-41b7-81d
Event: 0,252 Thread 0x00007f3cbc013000 Exception <a 'java/lang/NoSuchMethodError'{0x000000008c7f1df0}: method resolution failed> (0x000000008c7f1df0) thrown at [/scratch/opt/mach5/mesos/work_dir/slaves/5af44a71-976a-41b7-81de-5773b84ec572-S39643/frameworks/1735e8a2-a1db-478c-8104-60c8b0af87dd-
Event: 0,252 Thread 0x00007f3cbc013000 Exception <a 'java/lang/NoSuchMethodError'{0x000000008c7f5aa8}: method resolution failed> (0x000000008c7f5aa8) thrown at [/scratch/opt/mach5/mesos/work_dir/slaves/5af44a71-976a-41b7-81de-5773b84ec572-S39643/frameworks/1735e8a2-a1db-478c-8104-60c8b0af87dd-
Event: 0,253 Thread 0x00007f3cbc013000 Exception <a 'java/lang/NoSuchMethodError'{0x000000008c7f9238}: java.lang.invoke.DelegatingMethodHandle$Holder.delegate(Ljava/lang/Object;Ljava/lang/Object;ILjava/lang/Object;)V> (0x000000008c7f9238) thrown at [/scratch/opt/mach5/mesos/work_dir/slaves/5af
Event: 0,253 Thread 0x00007f3cbc013000 Exception <a 'java/lang/NoSuchMethodError'{0x000000008c7fcfb0}: java.lang.invoke.DirectMethodHandle$Holder.invokeSpecial(Ljava/lang/Object;Ljava/lang/Object;Ljava/lang/Object;)I> (0x000000008c7fcfb0) thrown at [/scratch/opt/mach5/mesos/work_dir/slaves/5af
Event: 0,255 Thread 0x00007f3cbc013000 Exception <a 'java/lang/NoSuchMethodError'{0x000000008c604a08}: java.lang.invoke.DirectMethodHandle$Holder.invokeStaticInit(Ljava/lang/Object;Ljava/lang/Object;Ljava/lang/Object;)Ljava/lang/Object;> (0x000000008c604a08) thrown at [/scratch/opt/mach5/mesos
Event: 0,266 Thread 0x00007f3cbc013000 Exception <a 'java/lang/NoSuchMethodError'{0x000000008c64f2f0}: java.lang.Object.lambda$static$0(Ljava/lang/String;)Ljava/lang/Boolean;> (0x000000008c64f2f0) thrown at [/scratch/opt/mach5/mesos/work_dir/slaves/5af44a71-976a-41b7-81de-5773b84ec572-S39643/f
Event: 0,268 Thread 0x00007f3cbc013000 Exception <a 'java/lang/NoSuchMethodError'{0x000000008c6591e0}: java.lang.Object.lambda$union$2(Ljava/util/regex/Pattern$CharPredicate;I)Z> (0x000000008c6591e0) thrown at [/scratch/opt/mach5/mesos/work_dir/slaves/5af44a71-976a-41b7-81de-5773b84ec572-S3964
Event: 0,339 Thread 0x00007f3cbc013000 Exception <a 'sun/nio/fs/UnixException'{0x000000008c509700}> (0x000000008c509700) thrown at [/scratch/opt/mach5/mesos/work_dir/slaves/5af44a71-976a-41b7-81de-5773b84ec572-S39643/frameworks/1735e8a2-a1db-478c-8104-60c8b0af87dd-0196/executors/a3f74ad9-294f-

Events (10 events):
Event: 0,357 loading class org/lwjgl/system/MathUtil
Event: 0,357 loading class org/lwjgl/system/MathUtil done
Event: 0,357 loading class org/lwjgl/system/linux/DynamicLinkLoader
Event: 0,357 loading class org/lwjgl/system/linux/DynamicLinkLoader done
Event: 0,367 loading class org/lwjgl/opengl/GL$2
Event: 0,367 loading class org/lwjgl/opengl/GL$2 done
Event: 0,368 loading class org/lwjgl/opengl/GL$SharedLibraryGL
Event: 0,368 loading class org/lwjgl/opengl/GL$SharedLibraryGL done
Event: 0,368 loading class org/lwjgl/system/SharedLibrary$Delegate
Event: 0,368 loading class org/lwjgl/system/SharedLibrary$Delegate done


Dynamic libraries:
00400000-00401000 r-xp 00000000 08:01 3807052                            /usr/lib/jvm/java-9-oracle/bin/java
00600000-00601000 rw-p 00000000 08:01 3807052                            /usr/lib/jvm/java-9-oracle/bin/java
012c1000-012e2000 rw-p 00000000 00:00 0                                  [heap]
85000000-8cc00000 rw-p 00000000 00:00 0 
8cc00000-100000000 ---p 00000000 00:00 0 
100000000-1000e0000 rw-p 00000000 00:00 0 
1000e0000-140000000 ---p 00000000 00:00 0 
7f3c137d5000-7f3c139d4000 rw-p 00000000 00:00 0 
7f3c139d4000-7f3c139d9000 r-xp 00000000 08:01 3415809                    /usr/lib/x86_64-linux-gnu/libXdmcp.so.6.0.0
7f3c139d9000-7f3c13bd8000 ---p 00005000 08:01 3415809                    /usr/lib/x86_64-linux-gnu/libXdmcp.so.6.0.0
7f3c13bd8000-7f3c13bd9000 r--p 00004000 08:01 3415809                    /usr/lib/x86_64-linux-gnu/libXdmcp.so.6.0.0
7f3c13bd9000-7f3c13bda000 rw-p 00005000 08:01 3415809                    /usr/lib/x86_64-linux-gnu/libXdmcp.so.6.0.0
7f3c13bda000-7f3c13bdc000 r-xp 00000000 08:01 3415798                    /usr/lib/x86_64-linux-gnu/libXau.so.6.0.0
7f3c13bdc000-7f3c13ddc000 ---p 00002000 08:01 3415798                    /usr/lib/x86_64-linux-gnu/libXau.so.6.0.0
7f3c13ddc000-7f3c13ddd000 r--p 00002000 08:01 3415798                    /usr/lib/x86_64-linux-gnu/libXau.so.6.0.0
7f3c13ddd000-7f3c13dde000 rw-p 00003000 08:01 3415798                    /usr/lib/x86_64-linux-gnu/libXau.so.6.0.0
7f3c13dde000-7f3c13dff000 r-xp 00000000 08:01 3417216                    /usr/lib/x86_64-linux-gnu/libxcb.so.1.1.0
7f3c13dff000-7f3c13ffe000 ---p 00021000 08:01 3417216                    /usr/lib/x86_64-linux-gnu/libxcb.so.1.1.0
7f3c13ffe000-7f3c13fff000 r--p 00020000 08:01 3417216                    /usr/lib/x86_64-linux-gnu/libxcb.so.1.1.0
7f3c13fff000-7f3c14000000 rw-p 00021000 08:01 3417216                    /usr/lib/x86_64-linux-gnu/libxcb.so.1.1.0
7f3c14000000-7f3c14021000 rw-p 00000000 00:00 0 
7f3c14021000-7f3c18000000 ---p 00000000 00:00 0 
7f3c18000000-7f3c18021000 rw-p 00000000 00:00 0 
7f3c18021000-7f3c1c000000 ---p 00000000 00:00 0 
7f3c1c000000-7f3c1c021000 rw-p 00000000 00:00 0 
7f3c1c021000-7f3c20000000 ---p 00000000 00:00 0 
7f3c20000000-7f3c20021000 rw-p 00000000 00:00 0 
7f3c20021000-7f3c24000000 ---p 00000000 00:00 0 
7f3c24000000-7f3c24037000 rw-p 00000000 00:00 0 
7f3c24037000-7f3c28000000 ---p 00000000 00:00 0 
7f3c28000000-7f3c281bf000 rw-p 00000000 00:00 0 
7f3c281bf000-7f3c2c000000 ---p 00000000 00:00 0 
7f3c2c000000-7f3c2c27d000 rw-p 00000000 00:00 0 
7f3c2c27d000-7f3c30000000 ---p 00000000 00:00 0 
7f3c30000000-7f3c30104000 rw-p 00000000 00:00 0 
7f3c30104000-7f3c34000000 ---p 00000000 00:00 0 
7f3c34000000-7f3c34021000 rw-p 00000000 00:00 0 
7f3c34021000-7f3c38000000 ---p 00000000 00:00 0 
7f3c38000000-7f3c38021000 rw-p 00000000 00:00 0 
7f3c38021000-7f3c3c000000 ---p 00000000 00:00 0 
7f3c3c12c000-7f3c3c13d000 r-xp 00000000 08:01 3415811                    /usr/lib/x86_64-linux-gnu/libXext.so.6.4.0
7f3c3c13d000-7f3c3c33c000 ---p 00011000 08:01 3415811                    /usr/lib/x86_64-linux-gnu/libXext.so.6.4.0
7f3c3c33c000-7f3c3c33d000 r--p 00010000 08:01 3415811                    /usr/lib/x86_64-linux-gnu/libXext.so.6.4.0
7f3c3c33d000-7f3c3c33e000 rw-p 00011000 08:01 3415811                    /usr/lib/x86_64-linux-gnu/libXext.so.6.4.0
7f3c3c33e000-7f3c3c473000 r-xp 00000000 08:01 3415794                    /usr/lib/x86_64-linux-gnu/libX11.so.6.3.0
7f3c3c473000-7f3c3c673000 ---p 00135000 08:01 3415794                    /usr/lib/x86_64-linux-gnu/libX11.so.6.3.0
7f3c3c673000-7f3c3c674000 r--p 00135000 08:01 3415794                    /usr/lib/x86_64-linux-gnu/libX11.so.6.3.0
7f3c3c674000-7f3c3c678000 rw-p 00136000 08:01 3415794                    /usr/lib/x86_64-linux-gnu/libX11.so.6.3.0
7f3c3c678000-7f3c3da96000 r-xp 00000000 08:01 3411185                    /usr/lib/nvidia-390/libnvidia-glcore.so.390.48
7f3c3da96000-7f3c3dab7000 rwxp 0141e000 08:01 3411185                    /usr/lib/nvidia-390/libnvidia-glcore.so.390.48
7f3c3dab7000-7f3c3deec000 r-xp 0143f000 08:01 3411185                    /usr/lib/nvidia-390/libnvidia-glcore.so.390.48
7f3c3deec000-7f3c3e0ec000 ---p 01874000 08:01 3411185                    /usr/lib/nvidia-390/libnvidia-glcore.so.390.48
7f3c3e0ec000-7f3c3e45f000 rw-p 01874000 08:01 3411185                    /usr/lib/nvidia-390/libnvidia-glcore.so.390.48
7f3c3e45f000-7f3c3e478000 rw-p 00000000 00:00 0 
7f3c3e478000-7f3c3e47b000 r-xp 00000000 08:01 3411189                    /usr/lib/nvidia-390/tls/libnvidia-tls.so.390.48
7f3c3e47b000-7f3c3e67b000 ---p 00003000 08:01 3411189                    /usr/lib/nvidia-390/tls/libnvidia-tls.so.390.48
7f3c3e67b000-7f3c3e67c000 rw-p 00003000 08:01 3411189                    /usr/lib/nvidia-390/tls/libnvidia-tls.so.390.48
7f3c3e67c000-7f3c3e745000 r-xp 00000000 08:01 3411194                    /usr/lib/nvidia-390/libGL.so.390.48
7f3c3e745000-7f3c3e779000 rwxp 000c9000 08:01 3411194                    /usr/lib/nvidia-390/libGL.so.390.48
7f3c3e779000-7f3c3e78d000 r-xp 000fd000 08:01 3411194                    /usr/lib/nvidia-390/libGL.so.390.48
7f3c3e78d000-7f3c3e98d000 ---p 00111000 08:01 3411194                    /usr/lib/nvidia-390/libGL.so.390.48
7f3c3e98d000-7f3c3e9b2000 rw-p 00111000 08:01 3411194                    /usr/lib/nvidia-390/libGL.so.390.48
7f3c3e9b2000-7f3c3e9b9000 rw-p 00000000 00:00 0 
7f3c3e9b9000-7f3c3ea24000 r-xp 00000000 08:01 23724423                   /tmp/lwjgloliver/3.1.5-build-1/liblwjgl_opengl.so
7f3c3ea24000-7f3c3ec23000 ---p 0006b000 08:01 23724423                   /tmp/lwjgloliver/3.1.5-build-1/liblwjgl_opengl.so
7f3c3ec23000-7f3c3ec24000 r--p 0006a000 08:01 23724423                   /tmp/lwjgloliver/3.1.5-build-1/liblwjgl_opengl.so
7f3c3ec24000-7f3c3ec25000 rw-p 0006b000 08:01 23724423                   /tmp/lwjgloliver/3.1.5-build-1/liblwjgl_opengl.so
7f3c3ec25000-7f3c3ec78000 r-xp 00000000 08:01 23724420                   /tmp/lwjgloliver/3.1.5-build-1/liblwjgl.so
7f3c3ec78000-7f3c3ee77000 ---p 00053000 08:01 23724420                   /tmp/lwjgloliver/3.1.5-build-1/liblwjgl.so
7f3c3ee77000-7f3c3ee78000 r--p 00052000 08:01 23724420                   /tmp/lwjgloliver/3.1.5-build-1/liblwjgl.so
7f3c3ee78000-7f3c3ee79000 rw-p 00053000 08:01 23724420                   /tmp/lwjgloliver/3.1.5-build-1/liblwjgl.so
7f3c3ee79000-7f3c3ee7a000 ---p 00000000 00:00 0 
7f3c3ee7a000-7f3c3ef7a000 rw-p 00000000 00:00 0 
7f3c3ef7a000-7f3c3ef7e000 ---p 00000000 00:00 0 
7f3c3ef7e000-7f3c3f07b000 rw-p 00000000 00:00 0 
7f3c3f07b000-7f3c3f07f000 ---p 00000000 00:00 0 
7f3c3f07f000-7f3c3f17c000 rw-p 00000000 00:00 0 
7f3c3f17c000-7f3c3f192000 r-xp 00000000 08:01 5641750                    /usr/lib/jvm/java-9-oracle/lib/libnet.so
7f3c3f192000-7f3c3f392000 ---p 00016000 08:01 5641750                    /usr/lib/jvm/java-9-oracle/lib/libnet.so
7f3c3f392000-7f3c3f393000 rw-p 00016000 08:01 5641750                    /usr/lib/jvm/java-9-oracle/lib/libnet.so
7f3c3f393000-7f3c3f3a3000 r-xp 00000000 08:01 5641814                    /usr/lib/jvm/java-9-oracle/lib/libnio.so
7f3c3f3a3000-7f3c3f5a3000 ---p 00010000 08:01 5641814                    /usr/lib/jvm/java-9-oracle/lib/libnio.so
7f3c3f5a3000-7f3c3f5a4000 rw-p 00010000 08:01 5641814                    /usr/lib/jvm/java-9-oracle/lib/libnio.so
7f3c3f5a4000-7f3c3f5a8000 ---p 00000000 00:00 0 
7f3c3f5a8000-7f3c3f6a5000 rw-p 00000000 00:00 0 
7f3c3f6a5000-7f3c3f6a9000 ---p 00000000 00:00 0 
7f3c3f6a9000-7f3c3f7a6000 rw-p 00000000 00:00 0 
7f3c3f7a6000-7f3c3f7aa000 ---p 00000000 00:00 0 
7f3c3f7aa000-7f3c3f8a7000 rw-p 00000000 00:00 0 
7f3c3f8a7000-7f3c3f8ab000 ---p 00000000 00:00 0 
7f3c3f8ab000-7f3c3f9a8000 rw-p 00000000 00:00 0 
7f3c3f9a8000-7f3c3f9ac000 ---p 00000000 00:00 0 
7f3c3f9ac000-7f3c3faa9000 rw-p 00000000 00:00 0 
7f3c3faa9000-7f3c3faad000 ---p 00000000 00:00 0 
7f3c3faad000-7f3c3fbaa000 rw-p 00000000 00:00 0 
7f3c3fbaa000-7f3c40000000 r--p 00000000 08:01 3409364                    /usr/lib/locale/locale-archive
7f3c40000000-7f3c40021000 rw-p 00000000 00:00 0 
7f3c40021000-7f3c44000000 ---p 00000000 00:00 0 
7f3c44000000-7f3c44021000 rw-p 00000000 00:00 0 
7f3c44021000-7f3c48000000 ---p 00000000 00:00 0 
7f3c48000000-7f3c48021000 rw-p 00000000 00:00 0 
7f3c48021000-7f3c4c000000 ---p 00000000 00:00 0 
7f3c4c000000-7f3c4c021000 rw-p 00000000 00:00 0 
7f3c4c021000-7f3c50000000 ---p 00000000 00:00 0 
7f3c50000000-7f3c50021000 rw-p 00000000 00:00 0 
7f3c50021000-7f3c54000000 ---p 00000000 00:00 0 
7f3c540ea000-7f3c540ee000 ---p 00000000 00:00 0 
7f3c540ee000-7f3c541eb000 rw-p 00000000 00:00 0 
7f3c541eb000-7f3c541ef000 ---p 00000000 00:00 0 
7f3c541ef000-7f3c542ec000 rw-p 00000000 00:00 0 
7f3c542ec000-7f3c542ed000 ---p 00000000 00:00 0 
7f3c542ed000-7f3c54bad000 rw-p 00000000 00:00 0 
7f3c54bad000-7f3c54bed000 ---p 00000000 00:00 0 
7f3c54bed000-7f3c553f5000 rw-p 00000000 00:00 0 
7f3c553f5000-7f3c573f5000 rwxp 00000000 00:00 0 
7f3c573f5000-7f3c573f6000 ---p 00000000 00:00 0 
7f3c573f6000-7f3c574f6000 rw-p 00000000 00:00 0 
7f3c574f6000-7f3c574f7000 ---p 00000000 00:00 0 
7f3c574f7000-7f3c575f7000 rw-p 00000000 00:00 0 
7f3c575f7000-7f3c575f8000 ---p 00000000 00:00 0 
7f3c575f8000-7f3c578e8000 rw-p 00000000 00:00 0 
7f3c578e8000-7f3c595b8000 ---p 00000000 00:00 0 
7f3c595b8000-7f3c597a8000 rw-p 00000000 00:00 0 
7f3c597a8000-7f3c5b478000 ---p 00000000 00:00 0 
7f3c5b478000-7f3c5b4b6000 rw-p 00000000 00:00 0 
7f3c5b4b6000-7f3c5b850000 ---p 00000000 00:00 0 
7f3c5b850000-7f3c5b88e000 rw-p 00000000 00:00 0 
7f3c5b88e000-7f3c5c000000 ---p 00000000 00:00 0 
7f3c5c000000-7f3c5c021000 rw-p 00000000 00:00 0 
7f3c5c021000-7f3c60000000 ---p 00000000 00:00 0 
7f3c60000000-7f3c60021000 rw-p 00000000 00:00 0 
7f3c60021000-7f3c64000000 ---p 00000000 00:00 0 
7f3c64000000-7f3c64021000 rw-p 00000000 00:00 0 
7f3c64021000-7f3c68000000 ---p 00000000 00:00 0 
7f3c68000000-7f3c68021000 rw-p 00000000 00:00 0 
7f3c68021000-7f3c6c000000 ---p 00000000 00:00 0 
7f3c6c000000-7f3c6c021000 rw-p 00000000 00:00 0 
7f3c6c021000-7f3c70000000 ---p 00000000 00:00 0 
7f3c70000000-7f3c70021000 rw-p 00000000 00:00 0 
7f3c70021000-7f3c74000000 ---p 00000000 00:00 0 
7f3c74000000-7f3c74021000 rw-p 00000000 00:00 0 
7f3c74021000-7f3c78000000 ---p 00000000 00:00 0 
7f3c78000000-7f3c78021000 rw-p 00000000 00:00 0 
7f3c78021000-7f3c7c000000 ---p 00000000 00:00 0 
7f3c7c000000-7f3c7c021000 rw-p 00000000 00:00 0 
7f3c7c021000-7f3c80000000 ---p 00000000 00:00 0 
7f3c80000000-7f3c80021000 rw-p 00000000 00:00 0 
7f3c80021000-7f3c84000000 ---p 00000000 00:00 0 
7f3c84000000-7f3c84021000 rw-p 00000000 00:00 0 
7f3c84021000-7f3c88000000 ---p 00000000 00:00 0 
7f3c88000000-7f3c88021000 rw-p 00000000 00:00 0 
7f3c88021000-7f3c8c000000 ---p 00000000 00:00 0 
7f3c8c000000-7f3c8c021000 rw-p 00000000 00:00 0 
7f3c8c021000-7f3c90000000 ---p 00000000 00:00 0 
7f3c90000000-7f3c90021000 rw-p 00000000 00:00 0 
7f3c90021000-7f3c94000000 ---p 00000000 00:00 0 
7f3c94000000-7f3c94021000 rw-p 00000000 00:00 0 
7f3c94021000-7f3c98000000 ---p 00000000 00:00 0 
7f3c98000000-7f3c98021000 rw-p 00000000 00:00 0 
7f3c98021000-7f3c9c000000 ---p 00000000 00:00 0 
7f3c9c000000-7f3c9c021000 rw-p 00000000 00:00 0 
7f3c9c021000-7f3ca0000000 ---p 00000000 00:00 0 
7f3ca0023000-7f3ca0092000 rw-p 00000000 00:00 0 
7f3ca0092000-7f3ca042c000 ---p 00000000 00:00 0 
7f3ca042c000-7f3ca042d000 ---p 00000000 00:00 0 
7f3ca042d000-7f3ca052d000 rw-p 00000000 00:00 0 
7f3ca052d000-7f3ca052e000 ---p 00000000 00:00 0 
7f3ca052e000-7f3ca062e000 rw-p 00000000 00:00 0 
7f3ca062e000-7f3ca062f000 ---p 00000000 00:00 0 
7f3ca062f000-7f3ca072f000 rw-p 00000000 00:00 0 
7f3ca072f000-7f3ca0730000 ---p 00000000 00:00 0 
7f3ca0730000-7f3ca0830000 rw-p 00000000 00:00 0 
7f3ca0830000-7f3ca0831000 ---p 00000000 00:00 0 
7f3ca0831000-7f3ca0931000 rw-p 00000000 00:00 0 
7f3ca0931000-7f3ca0932000 ---p 00000000 00:00 0 
7f3ca0932000-7f3ca0a32000 rw-p 00000000 00:00 0 
7f3ca0a32000-7f3ca0a33000 ---p 00000000 00:00 0 
7f3ca0a33000-7f3ca0b33000 rw-p 00000000 00:00 0 
7f3ca0b33000-7f3ca0b34000 ---p 00000000 00:00 0 
7f3ca0b34000-7f3ca0c34000 rw-p 00000000 00:00 0 
7f3ca0c34000-7f3ca0c35000 ---p 00000000 00:00 0 
7f3ca0c35000-7f3ca153d000 rw-p 00000000 00:00 0 
7f3ca153d000-7f3ca153e000 ---p 00000000 00:00 0 
7f3ca153e000-7f3ca163e000 rw-p 00000000 00:00 0 
7f3ca163e000-7f3ca163f000 ---p 00000000 00:00 0 
7f3ca163f000-7f3ca173f000 rw-p 00000000 00:00 0 
7f3ca173f000-7f3ca1740000 ---p 00000000 00:00 0 
7f3ca1740000-7f3ca1840000 rw-p 00000000 00:00 0 
7f3ca1840000-7f3ca1841000 ---p 00000000 00:00 0 
7f3ca1841000-7f3ca1941000 rw-p 00000000 00:00 0 
7f3ca1941000-7f3ca1942000 ---p 00000000 00:00 0 
7f3ca1942000-7f3ca1a42000 rw-p 00000000 00:00 0 
7f3ca1a42000-7f3ca1a43000 ---p 00000000 00:00 0 
7f3ca1a43000-7f3ca1b43000 rw-p 00000000 00:00 0 
7f3ca1b43000-7f3ca1db3000 rwxp 00000000 00:00 0 
7f3ca1db3000-7f3ca20d4000 ---p 00000000 00:00 0 
7f3ca20d4000-7f3ca2344000 rwxp 00000000 00:00 0 
7f3ca2344000-7f3ca960b000 ---p 00000000 00:00 0 
7f3ca960b000-7f3ca987b000 rwxp 00000000 00:00 0 
7f3ca987b000-7f3cb0b43000 ---p 00000000 00:00 0 
7f3cb0b43000-7f3cbc000000 r--s 00000000 08:01 5641785                    /usr/lib/jvm/java-9-oracle/lib/modules
7f3cbc000000-7f3cbc64e000 rw-p 00000000 00:00 0 
7f3cbc64e000-7f3cc0000000 ---p 00000000 00:00 0 
7f3cc0000000-7f3cc00f9000 rw-p 00000000 00:00 0 
7f3cc00f9000-7f3cc00fa000 ---p 00000000 00:00 0 
7f3cc00fa000-7f3cc01fa000 rw-p 00000000 00:00 0 
7f3cc01fa000-7f3cc01fb000 ---p 00000000 00:00 0 
7f3cc01fb000-7f3cc0300000 rw-p 00000000 00:00 0 
7f3cc0300000-7f3cc03e6000 ---p 00000000 00:00 0 
7f3cc03e6000-7f3cc03eb000 rw-p 00000000 00:00 0 
7f3cc03eb000-7f3cc04d1000 ---p 00000000 00:00 0 
7f3cc04d1000-7f3cc04eb000 r-xp 00000000 08:01 5641707                    /usr/lib/jvm/java-9-oracle/lib/libjimage.so
7f3cc04eb000-7f3cc06ea000 ---p 0001a000 08:01 5641707                    /usr/lib/jvm/java-9-oracle/lib/libjimage.so
7f3cc06ea000-7f3cc06ec000 rw-p 00019000 08:01 5641707                    /usr/lib/jvm/java-9-oracle/lib/libjimage.so
7f3cc06ec000-7f3cc06fe000 rw-p 00000000 00:00 0 
7f3cc06fe000-7f3cc0705000 r-xp 00000000 08:01 5641822                    /usr/lib/jvm/java-9-oracle/lib/libzip.so
7f3cc0705000-7f3cc0904000 ---p 00007000 08:01 5641822                    /usr/lib/jvm/java-9-oracle/lib/libzip.so
7f3cc0904000-7f3cc0905000 rw-p 00006000 08:01 5641822                    /usr/lib/jvm/java-9-oracle/lib/libzip.so
7f3cc0905000-7f3cc0910000 r-xp 00000000 08:01 24642406                   /lib/x86_64-linux-gnu/libnss_files-2.23.so
7f3cc0910000-7f3cc0b0f000 ---p 0000b000 08:01 24642406                   /lib/x86_64-linux-gnu/libnss_files-2.23.so
7f3cc0b0f000-7f3cc0b10000 r--p 0000a000 08:01 24642406                   /lib/x86_64-linux-gnu/libnss_files-2.23.so
7f3cc0b10000-7f3cc0b11000 rw-p 0000b000 08:01 24642406                   /lib/x86_64-linux-gnu/libnss_files-2.23.so
7f3cc0b11000-7f3cc0b17000 rw-p 00000000 00:00 0 
7f3cc0b17000-7f3cc0b22000 r-xp 00000000 08:01 24642410                   /lib/x86_64-linux-gnu/libnss_nis-2.23.so
7f3cc0b22000-7f3cc0d21000 ---p 0000b000 08:01 24642410                   /lib/x86_64-linux-gnu/libnss_nis-2.23.so
7f3cc0d21000-7f3cc0d22000 r--p 0000a000 08:01 24642410                   /lib/x86_64-linux-gnu/libnss_nis-2.23.so
7f3cc0d22000-7f3cc0d23000 rw-p 0000b000 08:01 24642410                   /lib/x86_64-linux-gnu/libnss_nis-2.23.so
7f3cc0d23000-7f3cc0d39000 r-xp 00000000 08:01 24642390                   /lib/x86_64-linux-gnu/libnsl-2.23.so
7f3cc0d39000-7f3cc0f38000 ---p 00016000 08:01 24642390                   /lib/x86_64-linux-gnu/libnsl-2.23.so
7f3cc0f38000-7f3cc0f39000 r--p 00015000 08:01 24642390                   /lib/x86_64-linux-gnu/libnsl-2.23.so
7f3cc0f39000-7f3cc0f3a000 rw-p 00016000 08:01 24642390                   /lib/x86_64-linux-gnu/libnsl-2.23.so
7f3cc0f3a000-7f3cc0f3c000 rw-p 00000000 00:00 0 
7f3cc0f3c000-7f3cc0f44000 r-xp 00000000 08:01 24642401                   /lib/x86_64-linux-gnu/libnss_compat-2.23.so
7f3cc0f44000-7f3cc1143000 ---p 00008000 08:01 24642401                   /lib/x86_64-linux-gnu/libnss_compat-2.23.so
7f3cc1143000-7f3cc1144000 r--p 00007000 08:01 24642401                   /lib/x86_64-linux-gnu/libnss_compat-2.23.so
7f3cc1144000-7f3cc1145000 rw-p 00008000 08:01 24642401                   /lib/x86_64-linux-gnu/libnss_compat-2.23.so
7f3cc1145000-7f3cc1170000 r-xp 00000000 08:01 5641743                    /usr/lib/jvm/java-9-oracle/lib/libjava.so
7f3cc1170000-7f3cc136f000 ---p 0002b000 08:01 5641743                    /usr/lib/jvm/java-9-oracle/lib/libjava.so
7f3cc136f000-7f3cc1371000 rw-p 0002a000 08:01 5641743                    /usr/lib/jvm/java-9-oracle/lib/libjava.so
7f3cc1371000-7f3cc137e000 r-xp 00000000 08:01 5641768                    /usr/lib/jvm/java-9-oracle/lib/libverify.so
7f3cc137e000-7f3cc157d000 ---p 0000d000 08:01 5641768                    /usr/lib/jvm/java-9-oracle/lib/libverify.so
7f3cc157d000-7f3cc157f000 rw-p 0000c000 08:01 5641768                    /usr/lib/jvm/java-9-oracle/lib/libverify.so
7f3cc157f000-7f3cc1586000 r-xp 00000000 08:01 24642411                   /lib/x86_64-linux-gnu/librt-2.23.so
7f3cc1586000-7f3cc1785000 ---p 00007000 08:01 24642411                   /lib/x86_64-linux-gnu/librt-2.23.so
7f3cc1785000-7f3cc1786000 r--p 00006000 08:01 24642411                   /lib/x86_64-linux-gnu/librt-2.23.so
7f3cc1786000-7f3cc1787000 rw-p 00007000 08:01 24642411                   /lib/x86_64-linux-gnu/librt-2.23.so
7f3cc1787000-7f3cc188f000 r-xp 00000000 08:01 24642389                   /lib/x86_64-linux-gnu/libm-2.23.so
7f3cc188f000-7f3cc1a8e000 ---p 00108000 08:01 24642389                   /lib/x86_64-linux-gnu/libm-2.23.so
7f3cc1a8e000-7f3cc1a8f000 r--p 00107000 08:01 24642389                   /lib/x86_64-linux-gnu/libm-2.23.so
7f3cc1a8f000-7f3cc1a90000 rw-p 00108000 08:01 24642389                   /lib/x86_64-linux-gnu/libm-2.23.so
7f3cc1a90000-7f3cc2aa5000 r-xp 00000000 08:01 6951024                    /usr/lib/jvm/java-9-oracle/lib/server/libjvm.so
7f3cc2aa5000-7f3cc2ca4000 ---p 01015000 08:01 6951024                    /usr/lib/jvm/java-9-oracle/lib/server/libjvm.so
7f3cc2ca4000-7f3cc2d75000 r--p 01014000 08:01 6951024                    /usr/lib/jvm/java-9-oracle/lib/server/libjvm.so
7f3cc2d75000-7f3cc2dac000 rw-p 010e5000 08:01 6951024                    /usr/lib/jvm/java-9-oracle/lib/server/libjvm.so
7f3cc2dac000-7f3cc2e15000 rw-p 00000000 00:00 0 
7f3cc2e15000-7f3cc2fd5000 r-xp 00000000 08:01 24642393                   /lib/x86_64-linux-gnu/libc-2.23.so
7f3cc2fd5000-7f3cc31d5000 ---p 001c0000 08:01 24642393                   /lib/x86_64-linux-gnu/libc-2.23.so
7f3cc31d5000-7f3cc31d9000 r--p 001c0000 08:01 24642393                   /lib/x86_64-linux-gnu/libc-2.23.so
7f3cc31d9000-7f3cc31db000 rw-p 001c4000 08:01 24642393                   /lib/x86_64-linux-gnu/libc-2.23.so
7f3cc31db000-7f3cc31df000 rw-p 00000000 00:00 0 
7f3cc31df000-7f3cc31e2000 r-xp 00000000 08:01 24642395                   /lib/x86_64-linux-gnu/libdl-2.23.so
7f3cc31e2000-7f3cc33e1000 ---p 00003000 08:01 24642395                   /lib/x86_64-linux-gnu/libdl-2.23.so
7f3cc33e1000-7f3cc33e2000 r--p 00002000 08:01 24642395                   /lib/x86_64-linux-gnu/libdl-2.23.so
7f3cc33e2000-7f3cc33e3000 rw-p 00003000 08:01 24642395                   /lib/x86_64-linux-gnu/libdl-2.23.so
7f3cc33e3000-7f3cc33f1000 r-xp 00000000 08:01 6951026                    /usr/lib/jvm/java-9-oracle/lib/jli/libjli.so
7f3cc33f1000-7f3cc35f1000 ---p 0000e000 08:01 6951026                    /usr/lib/jvm/java-9-oracle/lib/jli/libjli.so
7f3cc35f1000-7f3cc35f2000 rw-p 0000e000 08:01 6951026                    /usr/lib/jvm/java-9-oracle/lib/jli/libjli.so
7f3cc35f2000-7f3cc360a000 r-xp 00000000 08:01 24642392                   /lib/x86_64-linux-gnu/libpthread-2.23.so
7f3cc360a000-7f3cc3809000 ---p 00018000 08:01 24642392                   /lib/x86_64-linux-gnu/libpthread-2.23.so
7f3cc3809000-7f3cc380a000 r--p 00017000 08:01 24642392                   /lib/x86_64-linux-gnu/libpthread-2.23.so
7f3cc380a000-7f3cc380b000 rw-p 00018000 08:01 24642392                   /lib/x86_64-linux-gnu/libpthread-2.23.so
7f3cc380b000-7f3cc380f000 rw-p 00000000 00:00 0 
7f3cc380f000-7f3cc3828000 r-xp 00000000 08:01 24646264                   /lib/x86_64-linux-gnu/libz.so.1.2.8
7f3cc3828000-7f3cc3a27000 ---p 00019000 08:01 24646264                   /lib/x86_64-linux-gnu/libz.so.1.2.8
7f3cc3a27000-7f3cc3a28000 r--p 00018000 08:01 24646264                   /lib/x86_64-linux-gnu/libz.so.1.2.8
7f3cc3a28000-7f3cc3a29000 rw-p 00019000 08:01 24646264                   /lib/x86_64-linux-gnu/libz.so.1.2.8
7f3cc3a29000-7f3cc3a4f000 r-xp 00000000 08:01 24642391                   /lib/x86_64-linux-gnu/ld-2.23.so
7f3cc3a62000-7f3cc3b1f000 rw-p 00000000 00:00 0 
7f3cc3b1f000-7f3cc3b24000 ---p 00000000 00:00 0 
7f3cc3b24000-7f3cc3c25000 rw-p 00000000 00:00 0 
7f3cc3c37000-7f3cc3c3d000 rw-p 00000000 00:00 0 
7f3cc3c3d000-7f3cc3c44000 ---p 00000000 00:00 0 
7f3cc3c44000-7f3cc3c4c000 rw-s 00000000 08:01 23724407                   /tmp/hsperfdata_oliver/19452
7f3cc3c4c000-7f3cc3c4d000 rw-p 00000000 00:00 0 
7f3cc3c4d000-7f3cc3c4e000 r--p 00000000 00:00 0 
7f3cc3c4e000-7f3cc3c4f000 r--p 00025000 08:01 24642391                   /lib/x86_64-linux-gnu/ld-2.23.so
7f3cc3c4f000-7f3cc3c50000 rw-p 00026000 08:01 24642391                   /lib/x86_64-linux-gnu/ld-2.23.so
7f3cc3c50000-7f3cc3c51000 rw-p 00000000 00:00 0 
7ffe5b7bf000-7ffe5b7e1000 rw-p 00000000 00:00 0                          [stack]
7ffe5b7f6000-7ffe5b7f9000 r--p 00000000 00:00 0                          [vvar]
7ffe5b7f9000-7ffe5b7fb000 r-xp 00000000 00:00 0                          [vdso]
ffffffffff600000-ffffffffff601000 r-xp 00000000 00:00 0                  [vsyscall]

VM Arguments:
jvm_args: -Dorg.lwjgl.util.Debug=true -Djava.library.path=nope -Dfile.encoding=UTF-8 
java_command: base.IkSolver
java_class_path (initial): /home/oliver/git/Master_thesis_java/Masterthesis_IK/target/classes:/home/oliver/git/Master_thesis_java/Masterthesis_IK/libs/Caliko-v1.3.3/jar/caliko-1.3.3.jar:/home/oliver/git/Master_thesis_java/Masterthesis_IK/libs/Caliko-v1.3.3/jar/caliko-demo-1.3.3.jar:/home/oliver/git/Master_thesis_java/Masterthesis_IK/libs/Caliko-v1.3.3/jar/caliko-visualisation-1.3.3.jar:/home/oliver/.m2/repository/org/lwjgl/lwjgl/3.1.5/lwjgl-3.1.5.jar:/home/oliver/.m2/repository/org/lwjgl/lwjgl-assimp/3.1.5/lwjgl-assimp-3.1.5.jar:/home/oliver/.m2/repository/org/lwjgl/lwjgl-bgfx/3.1.5/lwjgl-bgfx-3.1.5.jar:/home/oliver/.m2/repository/org/lwjgl/lwjgl-glfw/3.1.5/lwjgl-glfw-3.1.5.jar:/home/oliver/.m2/repository/org/lwjgl/lwjgl-nanovg/3.1.5/lwjgl-nanovg-3.1.5.jar:/home/oliver/.m2/repository/org/lwjgl/lwjgl-nuklear/3.1.5/lwjgl-nuklear-3.1.5.jar:/home/oliver/.m2/repository/org/lwjgl/lwjgl-openal/3.1.5/lwjgl-openal-3.1.5.jar:/home/oliver/.m2/repository/org/lwjgl/lwjgl-opengl/3.1.5/lwjgl-opengl-3.1.5.jar:/home/oliver/.m2/repository/org/lwjgl/lwjgl-openvr/3.1.5/lwjgl-openvr-3.1.5.jar:/home/oliver/.m2/repository/org/lwjgl/lwjgl-par/3.1.5/lwjgl-par-3.1.5.jar:/home/oliver/.m2/repository/org/lwjgl/lwjgl-stb/3.1.5/lwjgl-stb-3.1.5.jar:/home/oliver/.m2/repository/org/lwjgl/lwjgl-vulkan/3.1.5/lwjgl-vulkan-3.1.5.jar:/home/oliver/.m2/repository/org/lwjgl/lwjgl/3.1.5/lwjgl-3.1.5-natives-linux.jar:/home/oliver/.m2/repository/org/lwjgl/lwjgl-assimp/3.1.5/lwjgl-assimp-3.1.5-natives-linux.jar:/home/oliver/.m2/repository/org/lwjgl/lwjgl-bgfx/3.1.5/lwjgl-bgfx-3.1.5-natives-linux.jar:/home/oliver/.m2/repository/org/lwjgl/lwjgl-glfw/3.1.5/lwjgl-glfw-3.1.5-natives-linux.jar:/home/oliver/.m2/repository/org/lwjgl/lwjgl-nanovg/3.1.5/lwjgl-nanovg-3.1.5-natives-linux.jar:/home/oliver/.m2/repository/org/lwjgl/lwjgl-nuklear/3.1.5/lwjgl-nuklear-3.1.5-natives-linux.jar:/home/oliver/.m2/repository/org/lwjgl/lwjgl-openal/3.1.5/lwjgl-openal-3.1.5-natives-linux.jar:/home/oliver/.m2/repository/org/lwjgl/lwjgl
Launcher Type: SUN_STANDARD

Logging:
Log output configuration:
#0: stdout all=warning uptime,level,tags
#1: stderr all=off uptime,level,tags

Environment Variables:
JAVA_HOME=/usr/lib/jvm/java-9-oracle
PATH=/home/oliver/bin:/home/oliver/.local/bin:/usr/local/sbin:/usr/local/bin:/usr/sbin:/usr/bin:/sbin:/bin:/usr/games:/usr/local/games:/snap/bin:/usr/lib/jvm/java-9-oracle/bin:/usr/lib/jvm/java-9-oracle/db/bin
SHELL=/bin/bash
DISPLAY=:0

Signal Handlers:
SIGSEGV: [libjvm.so+0xd4d370], sa_mask[0]=11111111011111111101111111111110, sa_flags=SA_RESTART|SA_SIGINFO
SIGBUS: [libjvm.so+0xd4d370], sa_mask[0]=11111111011111111101111111111110, sa_flags=SA_RESTART|SA_SIGINFO
SIGFPE: [libjvm.so+0xd4d370], sa_mask[0]=11111111011111111101111111111110, sa_flags=SA_RESTART|SA_SIGINFO
SIGPIPE: [libjvm.so+0xb64780], sa_mask[0]=11111111011111111101111111111110, sa_flags=SA_RESTART|SA_SIGINFO
SIGXFSZ: [libjvm.so+0xb64780], sa_mask[0]=11111111011111111101111111111110, sa_flags=SA_RESTART|SA_SIGINFO
SIGILL: [libjvm.so+0xd4d370], sa_mask[0]=11111111011111111101111111111110, sa_flags=SA_RESTART|SA_SIGINFO
SIGUSR2: [libjvm.so+0xb64640], sa_mask[0]=00100000000000000000000000000000, sa_flags=SA_RESTART|SA_SIGINFO
SIGHUP: [libjvm.so+0xb64850], sa_mask[0]=11111111011111111101111111111110, sa_flags=SA_RESTART|SA_SIGINFO
SIGINT: [libjvm.so+0xb64850], sa_mask[0]=11111111011111111101111111111110, sa_flags=SA_RESTART|SA_SIGINFO
SIGTERM: [libjvm.so+0xb64850], sa_mask[0]=11111111011111111101111111111110, sa_flags=SA_RESTART|SA_SIGINFO
SIGQUIT: [libjvm.so+0xb64850], sa_mask[0]=11111111011111111101111111111110, sa_flags=SA_RESTART|SA_SIGINFO


---------------  S Y S T E M  ---------------

OS:DISTRIB_ID=Ubuntu
DISTRIB_RELEASE=16.04
DISTRIB_CODENAME=xenial
DISTRIB_DESCRIPTION="Ubuntu 16.04.4 LTS"
uname:Linux 4.13.0-41-generic #46~16.04.1-Ubuntu SMP Thu May 3 10:06:43 UTC 2018 x86_64
libc:glibc 2.23 NPTL 2.23 
rlimit: STACK 8192k, CORE 0k, NPROC 31243, NOFILE 1048576, AS infinity
load average:3,47 1,65 0,97

/proc/meminfo:
MemTotal:        8059524 kB
MemFree:         1470240 kB
MemAvailable:    4339648 kB
Buffers:          547944 kB
Cached:          2458812 kB
SwapCached:            0 kB
Active:          4268444 kB
Inactive:        1702016 kB
Active(anon):    2908552 kB
Inactive(anon):   194256 kB
Active(file):    1359892 kB
Inactive(file):  1507760 kB
Unevictable:          80 kB
Mlocked:              80 kB
SwapTotal:       8278012 kB
SwapFree:        8278012 kB
Dirty:               204 kB
Writeback:             0 kB
AnonPages:       2963636 kB
Mapped:           915360 kB
Shmem:            198700 kB
Slab:             375376 kB
SReclaimable:     306972 kB
SUnreclaim:        68404 kB
KernelStack:       16968 kB
PageTables:        55840 kB
NFS_Unstable:          0 kB
Bounce:                0 kB
WritebackTmp:          0 kB
CommitLimit:    12307772 kB
Committed_AS:   10422792 kB
VmallocTotal:   34359738367 kB
VmallocUsed:           0 kB
VmallocChunk:          0 kB
HardwareCorrupted:     0 kB
AnonHugePages:         0 kB
ShmemHugePages:        0 kB
ShmemPmdMapped:        0 kB
CmaTotal:              0 kB
CmaFree:               0 kB
HugePages_Total:       0
HugePages_Free:        0
HugePages_Rsvd:        0
HugePages_Surp:        0
Hugepagesize:       2048 kB
DirectMap4k:      354876 kB
DirectMap2M:     7925760 kB


CPU:total 8 (initial active 8) (4 cores per cpu, 2 threads per core) family 6 model 42 stepping 7, cmov, cx8, fxsr, mmx, sse, sse2, sse3, ssse3, sse4.1, sse4.2, popcnt, avx, aes, clmul, ht, tsc, tscinvbit
CPU Model and flags from /proc/cpuinfo:
model name	: Intel(R) Core(TM) i7-2630QM CPU @ 2.00GHz
flags		: fpu vme de pse tsc msr pae mce cx8 apic sep mtrr pge mca cmov pat pse36 clflush dts acpi mmx fxsr sse sse2 ss ht tm pbe syscall nx rdtscp lm constant_tsc arch_perfmon pebs bts nopl xtopology nonstop_tsc cpuid aperfmperf pni pclmulqdq dtes64 monitor ds_cpl vmx est tm2 ssse3 cx16 xtpr pdcm pcid sse4_1 sse4_2 x2apic popcnt tsc_deadline_timer aes xsave avx lahf_lm epb pti retpoline spec_ctrl tpr_shadow vnmi flexpriority ept vpid xsaveopt dtherm ida arat pln pts

Memory: 4k page, physical 8059524k(1470240k free), swap 8278012k(8278012k free)

vm_info: Java HotSpot(TM) 64-Bit Server VM (9.0.4+11) for linux-amd64 JRE (9.0.4+11), built on Dec 19 2017 18:12:19 by "mach5one" with gcc 4.9.2

END.
