#
# A fatal error has been detected by the Java Runtime Environment:
#
#  SIGSEGV (0xb) at pc=0x00007f2db03f1ef7, pid=14101, tid=14106
#
# JRE version: Java(TM) SE Runtime Environment (9.0+11) (build 9.0.4+11)
# Java VM: Java HotSpot(TM) 64-Bit Server VM (9.0.4+11, mixed mode, tiered, compressed oops, g1 gc, linux-amd64)
# Problematic frame:
# C  [liblwjgl_opengl.so+0x45ef7]  Java_org_lwjgl_opengl_GL20_glCreateProgram+0x7
#
# Core dump will be written. Default location: Core dumps may be processed with "/usr/share/apport/apport %p %s %c %d %P" (or dumping to /home/oliver/git/Master_thesis_java/Masterthesis_IK/core.14101)
#
# If you would like to submit a bug report, please visit:
#   http://bugreport.java.com/bugreport/crash.jsp
# The crash happened outside the Java Virtual Machine in native code.
# See problematic frame for where to report the bug.
#

---------------  S U M M A R Y ------------

Command Line: -Dorg.lwjgl.util.Debug=true -Djava.library.path=nope -Dfile.encoding=UTF-8 base.IkSolver

Host: Intel(R) Core(TM) i7-2630QM CPU @ 2.00GHz, 8 cores, 7G, Ubuntu 16.04.4 LTS
Time: Fri Jun  1 12:17:52 2018 CEST elapsed time: 1 seconds (0d 0h 0m 1s)

---------------  T H R E A D  ---------------

Current thread (0x00007f2e54013000):  JavaThread "main" [_thread_in_native, id=14106, stack(0x00007f2e5da81000,0x00007f2e5db81000)]

Stack: [0x00007f2e5da81000,0x00007f2e5db81000],  sp=0x00007f2e5db7f368,  free space=1016k
Native frames: (J=compiled Java code, A=aot compiled Java code, j=interpreted, Vv=VM code, C=native code)
C  [liblwjgl_opengl.so+0x45ef7]  Java_org_lwjgl_opengl_GL20_glCreateProgram+0x7
j  au.edu.federation.caliko.visualisation.ShaderProgram.<init>()V+10
j  base.OBJModel3D.<clinit>()V+168
v  ~StubRoutines::call_stub
V  [libjvm.so+0x83d60a]  JavaCalls::call_helper(JavaValue*, methodHandle const&, JavaCallArguments*, Thread*)+0x47a
V  [libjvm.so+0x815870]  InstanceKlass::call_class_initializer_impl(instanceKlassHandle, Thread*)+0x1d0
V  [libjvm.so+0x816627]  InstanceKlass::initialize(Thread*)+0x487
V  [libjvm.so+0x82b3e1]  InterpreterRuntime::_new(JavaThread*, ConstantPool*, int)+0x281
j  base.IkSolver.setupTrackedObject()V+23
j  base.IkSolver.init()V+137
j  base.IkSolver.run()V+1
j  base.IkSolver.main([Ljava/lang/String;)V+7
v  ~StubRoutines::call_stub
V  [libjvm.so+0x83d60a]  JavaCalls::call_helper(JavaValue*, methodHandle const&, JavaCallArguments*, Thread*)+0x47a
V  [libjvm.so+0x89a67f]  jni_invoke_static(JNIEnv_*, JavaValue*, _jobject*, JNICallType, _jmethodID*, JNI_ArgumentPusher*, Thread*) [clone .isra.90]+0x21f
V  [libjvm.so+0x8ab5ce]  jni_CallStaticVoidMethod+0x14e
C  [libjli.so+0x4397]  JavaMain+0xa17
C  [libpthread.so.0+0x76ba]  start_thread+0xca

Java frames: (J=compiled Java code, j=interpreted, Vv=VM code)
j  org.lwjgl.opengl.GL20.glCreateProgram()I+0
j  au.edu.federation.caliko.visualisation.ShaderProgram.<init>()V+10
j  base.OBJModel3D.<clinit>()V+168
v  ~StubRoutines::call_stub
j  base.IkSolver.setupTrackedObject()V+23
j  base.IkSolver.init()V+137
j  base.IkSolver.run()V+1
j  base.IkSolver.main([Ljava/lang/String;)V+7
v  ~StubRoutines::call_stub

siginfo: si_signo: 11 (SIGSEGV), si_code: 1 (SEGV_MAPERR), si_addr: 0x0000000000000878

Register to memory mapping:

RAX=0x0000000000000000 is an unknown value
RBX={method} {0x00007f2e3897dff0} 'glCreateProgram' '()I' in 'org/lwjgl/opengl/GL20'
RCX=0x0000000000000002 is an unknown value
RDX=0x00007f2e5cd3b4d8: <offset 0x00000000013494d8> in /usr/lib/jvm/java-9-oracle/lib/server/libjvm.so at 0x00007f2e5b9f2000
RSP=0x00007f2e5db7f368 is pointing into the stack for thread: 0x00007f2e54013000
RBP=0x00007f2e5db7f3b8 is pointing into the stack for thread: 0x00007f2e54013000
RSI=0x00007f2e5db7f3c8 is pointing into the stack for thread: 0x00007f2e54013000
RDI=0x00007f2e54013218 is an unknown value
R8 ={method} {0x00007f2e3897dff0} 'glCreateProgram' '()I' in 'org/lwjgl/opengl/GL20'
R9 =0x0000000000000010 is an unknown value
R10=0x00007f2e39b5bd09 is at code_begin+873 in an Interpreter codelet
method entry point (kind = native)  [0x00007f2e39b5b9a0, 0x00007f2e39b5c3e0]  2624 bytes
R11=0x000000008c455de8 is an oop
java.lang.Class 
{0x000000008c455de8} - klass: 'java/lang/Class'
R12=0x0000000000000000 is an unknown value
R13=0x00007f2e3897dfe8 is pointing into metadata
R14=0x00007f2e5db7f3d0 is pointing into the stack for thread: 0x00007f2e54013000
R15=0x00007f2e54013000 is a thread


Registers:
RAX=0x0000000000000000, RBX=0x00007f2e3897dff0, RCX=0x0000000000000002, RDX=0x00007f2e5cd3b4d8
RSP=0x00007f2e5db7f368, RBP=0x00007f2e5db7f3b8, RSI=0x00007f2e5db7f3c8, RDI=0x00007f2e54013218
R8 =0x00007f2e3897dff0, R9 =0x0000000000000010, R10=0x00007f2e39b5bd09, R11=0x000000008c455de8
R12=0x0000000000000000, R13=0x00007f2e3897dfe8, R14=0x00007f2e5db7f3d0, R15=0x00007f2e54013000
RIP=0x00007f2db03f1ef7, EFLAGS=0x0000000000010283, CSGSFS=0x002b000000000033, ERR=0x0000000000000004
  TRAPNO=0x000000000000000e

Top of Stack: (sp=0x00007f2e5db7f368)
0x00007f2e5db7f368:   00007f2e39b5bd35 00007f2e5db7f370
0x00007f2e5db7f378:   00007f2e3897dfe8 00007f2e5db7f3d0
0x00007f2e5db7f388:   00007f2db0623868 0000000000000000
0x00007f2e5db7f398:   000000008c455de8 00007f2e3897dff0 

Instructions: (pc=0x00007f2db03f1ef7)
0x00007f2db03f1ed7:   40 18 48 8b 80 b0 09 00 00 ff e0 66 66 66 66 66
0x00007f2db03f1ee7:   2e 0f 1f 84 00 00 00 00 00 48 8b 07 48 8b 40 18
0x00007f2db03f1ef7:   ff a0 78 08 00 00 0f 1f 00 48 8b 07 41 89 d1 89
0x00007f2db03f1f07:   ce 4c 89 c2 44 89 cf 48 8b 40 18 48 8b 80 b8 15 


---------------  P R O C E S S  ---------------

Java Threads: ( => current thread )
  0x00007f2e5422d800 JavaThread "Service Thread" daemon [_thread_blocked, id=14138, stack(0x00007f2de0f7a000,0x00007f2de107b000)]
  0x00007f2e54185800 JavaThread "Common-Cleaner" daemon [_thread_blocked, id=14137, stack(0x00007f2de107b000,0x00007f2de117c000)]
  0x00007f2e54179800 JavaThread "Sweeper thread" daemon [_thread_blocked, id=14136, stack(0x00007f2de15a4000,0x00007f2de16a5000)]
  0x00007f2e54177800 JavaThread "C1 CompilerThread3" daemon [_thread_blocked, id=14134, stack(0x00007f2de16a5000,0x00007f2de17a6000)]
  0x00007f2e54175800 JavaThread "C2 CompilerThread2" daemon [_thread_blocked, id=14133, stack(0x00007f2de17a6000,0x00007f2de18a7000)]
  0x00007f2e54173800 JavaThread "C2 CompilerThread1" daemon [_thread_blocked, id=14132, stack(0x00007f2de18a7000,0x00007f2de19a8000)]
  0x00007f2e54171800 JavaThread "C2 CompilerThread0" daemon [_thread_blocked, id=14131, stack(0x00007f2de19a8000,0x00007f2de1aa9000)]
  0x00007f2e5416f800 JavaThread "Signal Dispatcher" daemon [_thread_blocked, id=14130, stack(0x00007f2de1aa9000,0x00007f2de1baa000)]
  0x00007f2e54154000 JavaThread "Finalizer" daemon [_thread_blocked, id=14129, stack(0x00007f2df007e000,0x00007f2df017f000)]
  0x00007f2e5414b800 JavaThread "Reference Handler" daemon [_thread_blocked, id=14128, stack(0x00007f2df017f000,0x00007f2df0280000)]
=>0x00007f2e54013000 JavaThread "main" [_thread_in_native, id=14106, stack(0x00007f2e5da81000,0x00007f2e5db81000)]

Other Threads:
  0x00007f2e54142000 VMThread "VM Thread" [stack: 0x00007f2e38013000,0x00007f2e38113000] [id=14127]
  0x00007f2e54230000 WatcherThread [stack: 0x00007f2de0e7a000,0x00007f2de0f7a000] [id=14139]
  0x00007f2e5402a800 GCTaskThread "GC Thread#0" [stack: 0x00007f2e5a15d000,0x00007f2e5a25d000] [id=14107]
  0x00007f2e5402c000 GCTaskThread "GC Thread#1" [stack: 0x00007f2e5a05c000,0x00007f2e5a15c000] [id=14108]
  0x00007f2e5402d800 GCTaskThread "GC Thread#2" [stack: 0x00007f2e59f5b000,0x00007f2e5a05b000] [id=14109]
  0x00007f2e5402f800 GCTaskThread "GC Thread#3" [stack: 0x00007f2e59e5a000,0x00007f2e59f5a000] [id=14110]
  0x00007f2e54031000 GCTaskThread "GC Thread#4" [stack: 0x00007f2e59d59000,0x00007f2e59e59000] [id=14111]
  0x00007f2e54032800 GCTaskThread "GC Thread#5" [stack: 0x00007f2e59c58000,0x00007f2e59d58000] [id=14112]
  0x00007f2e54034800 GCTaskThread "GC Thread#6" [stack: 0x00007f2e59b57000,0x00007f2e59c57000] [id=14113]
  0x00007f2e54036000 GCTaskThread "GC Thread#7" [stack: 0x00007f2e59a56000,0x00007f2e59b56000] [id=14114]
  0x00007f2e5406c000 ConcurrentGCThread "G1 Main Marker" [stack: 0x00007f2e58094000,0x00007f2e58194000] [id=14124]
  0x00007f2e5406d800 ConcurrentGCThread "G1 Marker#0" [stack: 0x00007f2e39293000,0x00007f2e39393000] [id=14125]
  0x00007f2e5406f800 ConcurrentGCThread "G1 Marker#1" [stack: 0x00007f2e39192000,0x00007f2e39292000] [id=14126]
  0x00007f2e54045000 ConcurrentGCThread "G1 Refine#0" [stack: 0x00007f2e58a46000,0x00007f2e58b46000] [id=14122]
  0x00007f2e54043000 ConcurrentGCThread "G1 Refine#1" [stack: 0x00007f2e58b47000,0x00007f2e58c47000] [id=14121]
  0x00007f2e54041000 ConcurrentGCThread "G1 Refine#2" [stack: 0x00007f2e58c48000,0x00007f2e58d48000] [id=14120]
  0x00007f2e5403f800 ConcurrentGCThread "G1 Refine#3" [stack: 0x00007f2e58d49000,0x00007f2e58e49000] [id=14119]
  0x00007f2e5403d800 ConcurrentGCThread "G1 Refine#4" [stack: 0x00007f2e58e4a000,0x00007f2e58f4a000] [id=14118]
  0x00007f2e5403c000 ConcurrentGCThread "G1 Refine#5" [stack: 0x00007f2e58f4b000,0x00007f2e5904b000] [id=14117]
  0x00007f2e5403a000 ConcurrentGCThread "G1 Refine#6" [stack: 0x00007f2e5904c000,0x00007f2e5914c000] [id=14116]
  0x00007f2e54038800 ConcurrentGCThread "G1 Refine#7" [stack: 0x00007f2e5914d000,0x00007f2e5924d000] [id=14115]
  0x00007f2e54046800 ConcurrentGCThread "G1 Young RemSet Sampling" [stack: 0x00007f2e58945000,0x00007f2e58a45000] [id=14123]

Threads with active compile tasks:

VM state:not at safepoint (normal execution)

VM Mutex/Monitor currently owned by a thread: None

Heap address: 0x0000000085000000, size: 1968 MB, Compressed Oops mode: 32-bit
Narrow klass base: 0x0000000000000000, Narrow klass shift: 3
Compressed class space size: 1073741824 Address: 0x0000000100000000

Heap:
 garbage-first heap   total 126976K, used 7168K [0x0000000085000000, 0x00000000851003e0, 0x0000000100000000)
  region size 1024K, 8 young (8192K), 0 survivors (0K)
 Metaspace       used 8896K, capacity 9108K, committed 9344K, reserved 1058816K
  class space    used 759K, capacity 817K, committed 896K, reserved 1048576K
Heap Regions: E=young(eden), S=young(survivor), O=old, HS=humongous(starts), HC=humongous(continues), CS=collection set, F=free, A=archive, TS=gc time stamp, AC=allocation context, TAMS=top-at-mark-start (previous, next)
|   0|0x0000000085000000, 0x0000000085000000, 0x0000000085100000|  0%| F|  |TS  0|AC  0|TAMS 0x0000000085000000, 0x0000000085000000|
|   1|0x0000000085100000, 0x0000000085100000, 0x0000000085200000|  0%| F|  |TS  0|AC  0|TAMS 0x0000000085100000, 0x0000000085100000|
|   2|0x0000000085200000, 0x0000000085200000, 0x0000000085300000|  0%| F|  |TS  0|AC  0|TAMS 0x0000000085200000, 0x0000000085200000|
|   3|0x0000000085300000, 0x0000000085300000, 0x0000000085400000|  0%| F|  |TS  0|AC  0|TAMS 0x0000000085300000, 0x0000000085300000|
|   4|0x0000000085400000, 0x0000000085400000, 0x0000000085500000|  0%| F|  |TS  0|AC  0|TAMS 0x0000000085400000, 0x0000000085400000|
|   5|0x0000000085500000, 0x0000000085500000, 0x0000000085600000|  0%| F|  |TS  0|AC  0|TAMS 0x0000000085500000, 0x0000000085500000|
|   6|0x0000000085600000, 0x0000000085600000, 0x0000000085700000|  0%| F|  |TS  0|AC  0|TAMS 0x0000000085600000, 0x0000000085600000|
|   7|0x0000000085700000, 0x0000000085700000, 0x0000000085800000|  0%| F|  |TS  0|AC  0|TAMS 0x0000000085700000, 0x0000000085700000|
|   8|0x0000000085800000, 0x0000000085800000, 0x0000000085900000|  0%| F|  |TS  0|AC  0|TAMS 0x0000000085800000, 0x0000000085800000|
|   9|0x0000000085900000, 0x0000000085900000, 0x0000000085a00000|  0%| F|  |TS  0|AC  0|TAMS 0x0000000085900000, 0x0000000085900000|
|  10|0x0000000085a00000, 0x0000000085a00000, 0x0000000085b00000|  0%| F|  |TS  0|AC  0|TAMS 0x0000000085a00000, 0x0000000085a00000|
|  11|0x0000000085b00000, 0x0000000085b00000, 0x0000000085c00000|  0%| F|  |TS  0|AC  0|TAMS 0x0000000085b00000, 0x0000000085b00000|
|  12|0x0000000085c00000, 0x0000000085c00000, 0x0000000085d00000|  0%| F|  |TS  0|AC  0|TAMS 0x0000000085c00000, 0x0000000085c00000|
|  13|0x0000000085d00000, 0x0000000085d00000, 0x0000000085e00000|  0%| F|  |TS  0|AC  0|TAMS 0x0000000085d00000, 0x0000000085d00000|
|  14|0x0000000085e00000, 0x0000000085e00000, 0x0000000085f00000|  0%| F|  |TS  0|AC  0|TAMS 0x0000000085e00000, 0x0000000085e00000|
|  15|0x0000000085f00000, 0x0000000085f00000, 0x0000000086000000|  0%| F|  |TS  0|AC  0|TAMS 0x0000000085f00000, 0x0000000085f00000|
|  16|0x0000000086000000, 0x0000000086000000, 0x0000000086100000|  0%| F|  |TS  0|AC  0|TAMS 0x0000000086000000, 0x0000000086000000|
|  17|0x0000000086100000, 0x0000000086100000, 0x0000000086200000|  0%| F|  |TS  0|AC  0|TAMS 0x0000000086100000, 0x0000000086100000|
|  18|0x0000000086200000, 0x0000000086200000, 0x0000000086300000|  0%| F|  |TS  0|AC  0|TAMS 0x0000000086200000, 0x0000000086200000|
|  19|0x0000000086300000, 0x0000000086300000, 0x0000000086400000|  0%| F|  |TS  0|AC  0|TAMS 0x0000000086300000, 0x0000000086300000|
|  20|0x0000000086400000, 0x0000000086400000, 0x0000000086500000|  0%| F|  |TS  0|AC  0|TAMS 0x0000000086400000, 0x0000000086400000|
|  21|0x0000000086500000, 0x0000000086500000, 0x0000000086600000|  0%| F|  |TS  0|AC  0|TAMS 0x0000000086500000, 0x0000000086500000|
|  22|0x0000000086600000, 0x0000000086600000, 0x0000000086700000|  0%| F|  |TS  0|AC  0|TAMS 0x0000000086600000, 0x0000000086600000|
|  23|0x0000000086700000, 0x0000000086700000, 0x0000000086800000|  0%| F|  |TS  0|AC  0|TAMS 0x0000000086700000, 0x0000000086700000|
|  24|0x0000000086800000, 0x0000000086800000, 0x0000000086900000|  0%| F|  |TS  0|AC  0|TAMS 0x0000000086800000, 0x0000000086800000|
|  25|0x0000000086900000, 0x0000000086900000, 0x0000000086a00000|  0%| F|  |TS  0|AC  0|TAMS 0x0000000086900000, 0x0000000086900000|
|  26|0x0000000086a00000, 0x0000000086a00000, 0x0000000086b00000|  0%| F|  |TS  0|AC  0|TAMS 0x0000000086a00000, 0x0000000086a00000|
|  27|0x0000000086b00000, 0x0000000086b00000, 0x0000000086c00000|  0%| F|  |TS  0|AC  0|TAMS 0x0000000086b00000, 0x0000000086b00000|
|  28|0x0000000086c00000, 0x0000000086c00000, 0x0000000086d00000|  0%| F|  |TS  0|AC  0|TAMS 0x0000000086c00000, 0x0000000086c00000|
|  29|0x0000000086d00000, 0x0000000086d00000, 0x0000000086e00000|  0%| F|  |TS  0|AC  0|TAMS 0x0000000086d00000, 0x0000000086d00000|
|  30|0x0000000086e00000, 0x0000000086e00000, 0x0000000086f00000|  0%| F|  |TS  0|AC  0|TAMS 0x0000000086e00000, 0x0000000086e00000|
|  31|0x0000000086f00000, 0x0000000086f00000, 0x0000000087000000|  0%| F|  |TS  0|AC  0|TAMS 0x0000000086f00000, 0x0000000086f00000|
|  32|0x0000000087000000, 0x0000000087000000, 0x0000000087100000|  0%| F|  |TS  0|AC  0|TAMS 0x0000000087000000, 0x0000000087000000|
|  33|0x0000000087100000, 0x0000000087100000, 0x0000000087200000|  0%| F|  |TS  0|AC  0|TAMS 0x0000000087100000, 0x0000000087100000|
|  34|0x0000000087200000, 0x0000000087200000, 0x0000000087300000|  0%| F|  |TS  0|AC  0|TAMS 0x0000000087200000, 0x0000000087200000|
|  35|0x0000000087300000, 0x0000000087300000, 0x0000000087400000|  0%| F|  |TS  0|AC  0|TAMS 0x0000000087300000, 0x0000000087300000|
|  36|0x0000000087400000, 0x0000000087400000, 0x0000000087500000|  0%| F|  |TS  0|AC  0|TAMS 0x0000000087400000, 0x0000000087400000|
|  37|0x0000000087500000, 0x0000000087500000, 0x0000000087600000|  0%| F|  |TS  0|AC  0|TAMS 0x0000000087500000, 0x0000000087500000|
|  38|0x0000000087600000, 0x0000000087600000, 0x0000000087700000|  0%| F|  |TS  0|AC  0|TAMS 0x0000000087600000, 0x0000000087600000|
|  39|0x0000000087700000, 0x0000000087700000, 0x0000000087800000|  0%| F|  |TS  0|AC  0|TAMS 0x0000000087700000, 0x0000000087700000|
|  40|0x0000000087800000, 0x0000000087800000, 0x0000000087900000|  0%| F|  |TS  0|AC  0|TAMS 0x0000000087800000, 0x0000000087800000|
|  41|0x0000000087900000, 0x0000000087900000, 0x0000000087a00000|  0%| F|  |TS  0|AC  0|TAMS 0x0000000087900000, 0x0000000087900000|
|  42|0x0000000087a00000, 0x0000000087a00000, 0x0000000087b00000|  0%| F|  |TS  0|AC  0|TAMS 0x0000000087a00000, 0x0000000087a00000|
|  43|0x0000000087b00000, 0x0000000087b00000, 0x0000000087c00000|  0%| F|  |TS  0|AC  0|TAMS 0x0000000087b00000, 0x0000000087b00000|
|  44|0x0000000087c00000, 0x0000000087c00000, 0x0000000087d00000|  0%| F|  |TS  0|AC  0|TAMS 0x0000000087c00000, 0x0000000087c00000|
|  45|0x0000000087d00000, 0x0000000087d00000, 0x0000000087e00000|  0%| F|  |TS  0|AC  0|TAMS 0x0000000087d00000, 0x0000000087d00000|
|  46|0x0000000087e00000, 0x0000000087e00000, 0x0000000087f00000|  0%| F|  |TS  0|AC  0|TAMS 0x0000000087e00000, 0x0000000087e00000|
|  47|0x0000000087f00000, 0x0000000087f00000, 0x0000000088000000|  0%| F|  |TS  0|AC  0|TAMS 0x0000000087f00000, 0x0000000087f00000|
|  48|0x0000000088000000, 0x0000000088000000, 0x0000000088100000|  0%| F|  |TS  0|AC  0|TAMS 0x0000000088000000, 0x0000000088000000|
|  49|0x0000000088100000, 0x0000000088100000, 0x0000000088200000|  0%| F|  |TS  0|AC  0|TAMS 0x0000000088100000, 0x0000000088100000|
|  50|0x0000000088200000, 0x0000000088200000, 0x0000000088300000|  0%| F|  |TS  0|AC  0|TAMS 0x0000000088200000, 0x0000000088200000|
|  51|0x0000000088300000, 0x0000000088300000, 0x0000000088400000|  0%| F|  |TS  0|AC  0|TAMS 0x0000000088300000, 0x0000000088300000|
|  52|0x0000000088400000, 0x0000000088400000, 0x0000000088500000|  0%| F|  |TS  0|AC  0|TAMS 0x0000000088400000, 0x0000000088400000|
|  53|0x0000000088500000, 0x0000000088500000, 0x0000000088600000|  0%| F|  |TS  0|AC  0|TAMS 0x0000000088500000, 0x0000000088500000|
|  54|0x0000000088600000, 0x0000000088600000, 0x0000000088700000|  0%| F|  |TS  0|AC  0|TAMS 0x0000000088600000, 0x0000000088600000|
|  55|0x0000000088700000, 0x0000000088700000, 0x0000000088800000|  0%| F|  |TS  0|AC  0|TAMS 0x0000000088700000, 0x0000000088700000|
|  56|0x0000000088800000, 0x0000000088800000, 0x0000000088900000|  0%| F|  |TS  0|AC  0|TAMS 0x0000000088800000, 0x0000000088800000|
|  57|0x0000000088900000, 0x0000000088900000, 0x0000000088a00000|  0%| F|  |TS  0|AC  0|TAMS 0x0000000088900000, 0x0000000088900000|
|  58|0x0000000088a00000, 0x0000000088a00000, 0x0000000088b00000|  0%| F|  |TS  0|AC  0|TAMS 0x0000000088a00000, 0x0000000088a00000|
|  59|0x0000000088b00000, 0x0000000088b00000, 0x0000000088c00000|  0%| F|  |TS  0|AC  0|TAMS 0x0000000088b00000, 0x0000000088b00000|
|  60|0x0000000088c00000, 0x0000000088c00000, 0x0000000088d00000|  0%| F|  |TS  0|AC  0|TAMS 0x0000000088c00000, 0x0000000088c00000|
|  61|0x0000000088d00000, 0x0000000088d00000, 0x0000000088e00000|  0%| F|  |TS  0|AC  0|TAMS 0x0000000088d00000, 0x0000000088d00000|
|  62|0x0000000088e00000, 0x0000000088e00000, 0x0000000088f00000|  0%| F|  |TS  0|AC  0|TAMS 0x0000000088e00000, 0x0000000088e00000|
|  63|0x0000000088f00000, 0x0000000088f00000, 0x0000000089000000|  0%| F|  |TS  0|AC  0|TAMS 0x0000000088f00000, 0x0000000088f00000|
|  64|0x0000000089000000, 0x0000000089000000, 0x0000000089100000|  0%| F|  |TS  0|AC  0|TAMS 0x0000000089000000, 0x0000000089000000|
|  65|0x0000000089100000, 0x0000000089100000, 0x0000000089200000|  0%| F|  |TS  0|AC  0|TAMS 0x0000000089100000, 0x0000000089100000|
|  66|0x0000000089200000, 0x0000000089200000, 0x0000000089300000|  0%| F|  |TS  0|AC  0|TAMS 0x0000000089200000, 0x0000000089200000|
|  67|0x0000000089300000, 0x0000000089300000, 0x0000000089400000|  0%| F|  |TS  0|AC  0|TAMS 0x0000000089300000, 0x0000000089300000|
|  68|0x0000000089400000, 0x0000000089400000, 0x0000000089500000|  0%| F|  |TS  0|AC  0|TAMS 0x0000000089400000, 0x0000000089400000|
|  69|0x0000000089500000, 0x0000000089500000, 0x0000000089600000|  0%| F|  |TS  0|AC  0|TAMS 0x0000000089500000, 0x0000000089500000|
|  70|0x0000000089600000, 0x0000000089600000, 0x0000000089700000|  0%| F|  |TS  0|AC  0|TAMS 0x0000000089600000, 0x0000000089600000|
|  71|0x0000000089700000, 0x0000000089700000, 0x0000000089800000|  0%| F|  |TS  0|AC  0|TAMS 0x0000000089700000, 0x0000000089700000|
|  72|0x0000000089800000, 0x0000000089800000, 0x0000000089900000|  0%| F|  |TS  0|AC  0|TAMS 0x0000000089800000, 0x0000000089800000|
|  73|0x0000000089900000, 0x0000000089900000, 0x0000000089a00000|  0%| F|  |TS  0|AC  0|TAMS 0x0000000089900000, 0x0000000089900000|
|  74|0x0000000089a00000, 0x0000000089a00000, 0x0000000089b00000|  0%| F|  |TS  0|AC  0|TAMS 0x0000000089a00000, 0x0000000089a00000|
|  75|0x0000000089b00000, 0x0000000089b00000, 0x0000000089c00000|  0%| F|  |TS  0|AC  0|TAMS 0x0000000089b00000, 0x0000000089b00000|
|  76|0x0000000089c00000, 0x0000000089c00000, 0x0000000089d00000|  0%| F|  |TS  0|AC  0|TAMS 0x0000000089c00000, 0x0000000089c00000|
|  77|0x0000000089d00000, 0x0000000089d00000, 0x0000000089e00000|  0%| F|  |TS  0|AC  0|TAMS 0x0000000089d00000, 0x0000000089d00000|
|  78|0x0000000089e00000, 0x0000000089e00000, 0x0000000089f00000|  0%| F|  |TS  0|AC  0|TAMS 0x0000000089e00000, 0x0000000089e00000|
|  79|0x0000000089f00000, 0x0000000089f00000, 0x000000008a000000|  0%| F|  |TS  0|AC  0|TAMS 0x0000000089f00000, 0x0000000089f00000|
|  80|0x000000008a000000, 0x000000008a000000, 0x000000008a100000|  0%| F|  |TS  0|AC  0|TAMS 0x000000008a000000, 0x000000008a000000|
|  81|0x000000008a100000, 0x000000008a100000, 0x000000008a200000|  0%| F|  |TS  0|AC  0|TAMS 0x000000008a100000, 0x000000008a100000|
|  82|0x000000008a200000, 0x000000008a200000, 0x000000008a300000|  0%| F|  |TS  0|AC  0|TAMS 0x000000008a200000, 0x000000008a200000|
|  83|0x000000008a300000, 0x000000008a300000, 0x000000008a400000|  0%| F|  |TS  0|AC  0|TAMS 0x000000008a300000, 0x000000008a300000|
|  84|0x000000008a400000, 0x000000008a400000, 0x000000008a500000|  0%| F|  |TS  0|AC  0|TAMS 0x000000008a400000, 0x000000008a400000|
|  85|0x000000008a500000, 0x000000008a500000, 0x000000008a600000|  0%| F|  |TS  0|AC  0|TAMS 0x000000008a500000, 0x000000008a500000|
|  86|0x000000008a600000, 0x000000008a600000, 0x000000008a700000|  0%| F|  |TS  0|AC  0|TAMS 0x000000008a600000, 0x000000008a600000|
|  87|0x000000008a700000, 0x000000008a700000, 0x000000008a800000|  0%| F|  |TS  0|AC  0|TAMS 0x000000008a700000, 0x000000008a700000|
|  88|0x000000008a800000, 0x000000008a800000, 0x000000008a900000|  0%| F|  |TS  0|AC  0|TAMS 0x000000008a800000, 0x000000008a800000|
|  89|0x000000008a900000, 0x000000008a900000, 0x000000008aa00000|  0%| F|  |TS  0|AC  0|TAMS 0x000000008a900000, 0x000000008a900000|
|  90|0x000000008aa00000, 0x000000008aa00000, 0x000000008ab00000|  0%| F|  |TS  0|AC  0|TAMS 0x000000008aa00000, 0x000000008aa00000|
|  91|0x000000008ab00000, 0x000000008ab00000, 0x000000008ac00000|  0%| F|  |TS  0|AC  0|TAMS 0x000000008ab00000, 0x000000008ab00000|
|  92|0x000000008ac00000, 0x000000008ac00000, 0x000000008ad00000|  0%| F|  |TS  0|AC  0|TAMS 0x000000008ac00000, 0x000000008ac00000|
|  93|0x000000008ad00000, 0x000000008ad00000, 0x000000008ae00000|  0%| F|  |TS  0|AC  0|TAMS 0x000000008ad00000, 0x000000008ad00000|
|  94|0x000000008ae00000, 0x000000008ae00000, 0x000000008af00000|  0%| F|  |TS  0|AC  0|TAMS 0x000000008ae00000, 0x000000008ae00000|
|  95|0x000000008af00000, 0x000000008af00000, 0x000000008b000000|  0%| F|  |TS  0|AC  0|TAMS 0x000000008af00000, 0x000000008af00000|
|  96|0x000000008b000000, 0x000000008b000000, 0x000000008b100000|  0%| F|  |TS  0|AC  0|TAMS 0x000000008b000000, 0x000000008b000000|
|  97|0x000000008b100000, 0x000000008b100000, 0x000000008b200000|  0%| F|  |TS  0|AC  0|TAMS 0x000000008b100000, 0x000000008b100000|
|  98|0x000000008b200000, 0x000000008b200000, 0x000000008b300000|  0%| F|  |TS  0|AC  0|TAMS 0x000000008b200000, 0x000000008b200000|
|  99|0x000000008b300000, 0x000000008b300000, 0x000000008b400000|  0%| F|  |TS  0|AC  0|TAMS 0x000000008b300000, 0x000000008b300000|
| 100|0x000000008b400000, 0x000000008b400000, 0x000000008b500000|  0%| F|  |TS  0|AC  0|TAMS 0x000000008b400000, 0x000000008b400000|
| 101|0x000000008b500000, 0x000000008b500000, 0x000000008b600000|  0%| F|  |TS  0|AC  0|TAMS 0x000000008b500000, 0x000000008b500000|
| 102|0x000000008b600000, 0x000000008b600000, 0x000000008b700000|  0%| F|  |TS  0|AC  0|TAMS 0x000000008b600000, 0x000000008b600000|
| 103|0x000000008b700000, 0x000000008b700000, 0x000000008b800000|  0%| F|  |TS  0|AC  0|TAMS 0x000000008b700000, 0x000000008b700000|
| 104|0x000000008b800000, 0x000000008b800000, 0x000000008b900000|  0%| F|  |TS  0|AC  0|TAMS 0x000000008b800000, 0x000000008b800000|
| 105|0x000000008b900000, 0x000000008b900000, 0x000000008ba00000|  0%| F|  |TS  0|AC  0|TAMS 0x000000008b900000, 0x000000008b900000|
| 106|0x000000008ba00000, 0x000000008ba00000, 0x000000008bb00000|  0%| F|  |TS  0|AC  0|TAMS 0x000000008ba00000, 0x000000008ba00000|
| 107|0x000000008bb00000, 0x000000008bb00000, 0x000000008bc00000|  0%| F|  |TS  0|AC  0|TAMS 0x000000008bb00000, 0x000000008bb00000|
| 108|0x000000008bc00000, 0x000000008bc00000, 0x000000008bd00000|  0%| F|  |TS  0|AC  0|TAMS 0x000000008bc00000, 0x000000008bc00000|
| 109|0x000000008bd00000, 0x000000008bd00000, 0x000000008be00000|  0%| F|  |TS  0|AC  0|TAMS 0x000000008bd00000, 0x000000008bd00000|
| 110|0x000000008be00000, 0x000000008be00000, 0x000000008bf00000|  0%| F|  |TS  0|AC  0|TAMS 0x000000008be00000, 0x000000008be00000|
| 111|0x000000008bf00000, 0x000000008bf00000, 0x000000008c000000|  0%| F|  |TS  0|AC  0|TAMS 0x000000008bf00000, 0x000000008bf00000|
| 112|0x000000008c000000, 0x000000008c000000, 0x000000008c100000|  0%| F|  |TS  0|AC  0|TAMS 0x000000008c000000, 0x000000008c000000|
| 113|0x000000008c100000, 0x000000008c100000, 0x000000008c200000|  0%| F|  |TS  0|AC  0|TAMS 0x000000008c100000, 0x000000008c100000|
| 114|0x000000008c200000, 0x000000008c200000, 0x000000008c300000|  0%| F|  |TS  0|AC  0|TAMS 0x000000008c200000, 0x000000008c200000|
| 115|0x000000008c300000, 0x000000008c300000, 0x000000008c400000|  0%| F|  |TS  0|AC  0|TAMS 0x000000008c300000, 0x000000008c300000|
| 116|0x000000008c400000, 0x000000008c4f6458, 0x000000008c500000| 96%| E|  |TS  0|AC  0|TAMS 0x000000008c400000, 0x000000008c400000|
| 117|0x000000008c500000, 0x000000008c600000, 0x000000008c600000|100%| E|CS|TS  0|AC  0|TAMS 0x000000008c500000, 0x000000008c500000|
| 118|0x000000008c600000, 0x000000008c700000, 0x000000008c700000|100%| E|CS|TS  0|AC  0|TAMS 0x000000008c600000, 0x000000008c600000|
| 119|0x000000008c700000, 0x000000008c800000, 0x000000008c800000|100%| E|CS|TS  0|AC  0|TAMS 0x000000008c700000, 0x000000008c700000|
| 120|0x000000008c800000, 0x000000008c900000, 0x000000008c900000|100%| E|CS|TS  0|AC  0|TAMS 0x000000008c800000, 0x000000008c800000|
| 121|0x000000008c900000, 0x000000008ca00000, 0x000000008ca00000|100%| E|CS|TS  0|AC  0|TAMS 0x000000008c900000, 0x000000008c900000|
| 122|0x000000008ca00000, 0x000000008cb00000, 0x000000008cb00000|100%| E|CS|TS  0|AC  0|TAMS 0x000000008ca00000, 0x000000008ca00000|
| 123|0x000000008cb00000, 0x000000008cc00000, 0x000000008cc00000|100%| E|CS|TS  0|AC  0|TAMS 0x000000008cb00000, 0x000000008cb00000|

Card table byte_map: [0x00007f2e3976b000,0x00007f2e39b43000] byte_map_base: 0x00007f2e39343000

Marking Bits (Prev, Next): (CMBitMap*) 0x00007f2e5406b030, (CMBitMap*) 0x00007f2e5406b068
 Prev Bits: [0x00007f2df2140000, 0x00007f2df4000000)
 Next Bits: [0x00007f2df0280000, 0x00007f2df2140000)

Polling page: 0x00007f2e5dbaf000

CodeHeap 'non-profiled nmethods': size=120032Kb used=169Kb max_used=169Kb free=119863Kb
 bounds [0x00007f2e4160b000, 0x00007f2e4187b000, 0x00007f2e48b43000]
CodeHeap 'profiled nmethods': size=120028Kb used=1015Kb max_used=1015Kb free=119012Kb
 bounds [0x00007f2e3a0d4000, 0x00007f2e3a344000, 0x00007f2e4160b000]
CodeHeap 'non-nmethods': size=5700Kb used=1447Kb max_used=1461Kb free=4252Kb
 bounds [0x00007f2e39b43000, 0x00007f2e39db3000, 0x00007f2e3a0d4000]
 total_blobs=1512 nmethods=596 adapters=694
 compilation: enabled

Compilation events (10 events):
Event: 1,162 Thread 0x00007f2e54177800  591       1       java.util.zip.ZipEntry::getSize (5 bytes)
Event: 1,162 Thread 0x00007f2e54177800 nmethod 591 0x00007f2e41633d90 code [0x00007f2e41633f40, 0x00007f2e41634050]
Event: 1,163 Thread 0x00007f2e54177800  592       3       java.util.ArrayList::add (25 bytes)
Event: 1,164 Thread 0x00007f2e54173800  596 %     4       java.lang.StringLatin1::indexOf @ 30 (121 bytes)
Event: 1,164 Thread 0x00007f2e54177800 nmethod 592 0x00007f2e3a1cea90 code [0x00007f2e3a1ceca0, 0x00007f2e3a1cf318]
Event: 1,164 Thread 0x00007f2e54177800  595       3       java.lang.StringCoding::deref (19 bytes)
Event: 1,164 Thread 0x00007f2e54177800 nmethod 595 0x00007f2e3a1cf590 code [0x00007f2e3a1cf760, 0x00007f2e3a1cfb38]
Event: 1,164 Thread 0x00007f2e54177800  593       3       java.util.ArrayList::add (23 bytes)
Event: 1,165 Thread 0x00007f2e54177800 nmethod 593 0x00007f2e3a1cfc90 code [0x00007f2e3a1cfe80, 0x00007f2e3a1d0498]
Event: 1,165 Thread 0x00007f2e54177800  594   !   3       java.net.URL::set (114 bytes)

GC Heap History (0 events):
No events

Deoptimization events (1 events):
Event: 0,276 Thread 0x00007f2e54013000 Uncommon trap: reason=unstable_if action=reinterpret pc=0x00007f2e4160df94 method=java.lang.String.charAt(I)C @ 4 c2

Classes redefined (0 events):
No events

Internal exceptions (9 events):
Event: 0,290 Thread 0x00007f2e54013000 Exception <a 'java/lang/NoSuchMethodError'{0x000000008c79fba0}: java.lang.Object.lambda$static$0(Ljava/lang/String;)Ljava/lang/Boolean;> (0x000000008c79fba0) thrown at [/scratch/opt/mach5/mesos/work_dir/slaves/5af44a71-976a-41b7-81de-5773b84ec572-S39643/f
Event: 0,300 Thread 0x00007f2e54013000 Exception <a 'java/lang/NoSuchMethodError'{0x000000008c7dcbc0}: java.lang.Object.lambda$union$2(Ljava/util/regex/Pattern$CharPredicate;I)Z> (0x000000008c7dcbc0) thrown at [/scratch/opt/mach5/mesos/work_dir/slaves/5af44a71-976a-41b7-81de-5773b84ec572-S3964
Event: 0,312 Thread 0x00007f2e54013000 Exception <a 'java/lang/NoSuchMethodError'{0x000000008c62a8f8}: java.lang.invoke.DirectMethodHandle$Holder.invokeStatic(Ljava/lang/Object;Ljava/lang/Object;)I> (0x000000008c62a8f8) thrown at [/scratch/opt/mach5/mesos/work_dir/slaves/5af44a71-976a-41b7-81d
Event: 0,315 Thread 0x00007f2e54013000 Exception <a 'java/lang/NoSuchMethodError'{0x000000008c638448}: method resolution failed> (0x000000008c638448) thrown at [/scratch/opt/mach5/mesos/work_dir/slaves/5af44a71-976a-41b7-81de-5773b84ec572-S39643/frameworks/1735e8a2-a1db-478c-8104-60c8b0af87dd-
Event: 0,316 Thread 0x00007f2e54013000 Exception <a 'java/lang/NoSuchMethodError'{0x000000008c63c100}: method resolution failed> (0x000000008c63c100) thrown at [/scratch/opt/mach5/mesos/work_dir/slaves/5af44a71-976a-41b7-81de-5773b84ec572-S39643/frameworks/1735e8a2-a1db-478c-8104-60c8b0af87dd-
Event: 0,316 Thread 0x00007f2e54013000 Exception <a 'java/lang/NoSuchMethodError'{0x000000008c63f600}: java.lang.invoke.DelegatingMethodHandle$Holder.delegate(Ljava/lang/Object;Ljava/lang/Object;ILjava/lang/Object;)V> (0x000000008c63f600) thrown at [/scratch/opt/mach5/mesos/work_dir/slaves/5af
Event: 0,317 Thread 0x00007f2e54013000 Exception <a 'java/lang/NoSuchMethodError'{0x000000008c643308}: java.lang.invoke.DirectMethodHandle$Holder.invokeSpecial(Ljava/lang/Object;Ljava/lang/Object;Ljava/lang/Object;)I> (0x000000008c643308) thrown at [/scratch/opt/mach5/mesos/work_dir/slaves/5af
Event: 0,318 Thread 0x00007f2e54013000 Exception <a 'java/lang/NoSuchMethodError'{0x000000008c64a368}: java.lang.invoke.DirectMethodHandle$Holder.invokeStaticInit(Ljava/lang/Object;Ljava/lang/Object;Ljava/lang/Object;)Ljava/lang/Object;> (0x000000008c64a368) thrown at [/scratch/opt/mach5/mesos
Event: 1,163 Thread 0x00007f2e54013000 Exception <a 'sun/nio/fs/UnixException'{0x000000008c497878}> (0x000000008c497878) thrown at [/scratch/opt/mach5/mesos/work_dir/slaves/5af44a71-976a-41b7-81de-5773b84ec572-S39643/frameworks/1735e8a2-a1db-478c-8104-60c8b0af87dd-0196/executors/a3f74ad9-294f-

Events (10 events):
Event: 1,163 loading class java/nio/file/NoSuchFileException
Event: 1,163 loading class java/nio/file/FileSystemException
Event: 1,163 loading class java/nio/file/FileSystemException done
Event: 1,163 loading class java/nio/file/NoSuchFileException done
Event: 1,164 loading class org/lwjgl/opengl/GL$2
Event: 1,164 loading class org/lwjgl/opengl/GL$2 done
Event: 1,164 loading class org/lwjgl/opengl/GL$SharedLibraryGL
Event: 1,164 loading class org/lwjgl/opengl/GL$SharedLibraryGL done
Event: 1,164 loading class org/lwjgl/system/SharedLibrary$Delegate
Event: 1,164 loading class org/lwjgl/system/SharedLibrary$Delegate done


Dynamic libraries:
00400000-00401000 r-xp 00000000 08:01 3807052                            /usr/lib/jvm/java-9-oracle/bin/java
00600000-00601000 rw-p 00000000 08:01 3807052                            /usr/lib/jvm/java-9-oracle/bin/java
016f9000-0171a000 rw-p 00000000 00:00 0                                  [heap]
85000000-8cc00000 rw-p 00000000 00:00 0 
8cc00000-100000000 ---p 00000000 00:00 0 
100000000-1000e0000 rw-p 00000000 00:00 0 
1000e0000-140000000 ---p 00000000 00:00 0 
7f2dac000000-7f2dac021000 rw-p 00000000 00:00 0 
7f2dac021000-7f2db0000000 ---p 00000000 00:00 0 
7f2db01ad000-7f2db03ac000 rw-p 00000000 00:00 0 
7f2db03ac000-7f2db0417000 r-xp 00000000 08:01 23724455                   /tmp/lwjgloliver/3.1.5-build-1/liblwjgl_opengl.so
7f2db0417000-7f2db0616000 ---p 0006b000 08:01 23724455                   /tmp/lwjgloliver/3.1.5-build-1/liblwjgl_opengl.so
7f2db0616000-7f2db0617000 r--p 0006a000 08:01 23724455                   /tmp/lwjgloliver/3.1.5-build-1/liblwjgl_opengl.so
7f2db0617000-7f2db0618000 rw-p 0006b000 08:01 23724455                   /tmp/lwjgloliver/3.1.5-build-1/liblwjgl_opengl.so
7f2db0618000-7f2db0658000 rw-p 00000000 00:00 0 
7f2db0658000-7f2db0818000 ---p 00000000 00:00 0 
7f2db0818000-7f2db0819000 r-xp 00000000 08:01 23724459                   /tmp/lwjgloliver/3.1.5-build-1/liblwjgl_openvr.so
7f2db0819000-7f2db0a18000 ---p 00001000 08:01 23724459                   /tmp/lwjgloliver/3.1.5-build-1/liblwjgl_openvr.so
7f2db0a18000-7f2db0a19000 r--p 00000000 08:01 23724459                   /tmp/lwjgloliver/3.1.5-build-1/liblwjgl_openvr.so
7f2db0a19000-7f2db0a1a000 rw-p 00001000 08:01 23724459                   /tmp/lwjgloliver/3.1.5-build-1/liblwjgl_openvr.so
7f2db0a1a000-7f2db0a4a000 rw-s 00000000 00:18 188                        /dev/shm/u1000-Shm_9265e30a
7f2db0a4a000-7f2db0ab1000 rw-s 00000000 00:18 172                        /dev/shm/u1000-Shm_60f7e89c
7f2db0ab1000-7f2db0ae1000 rw-s 00000000 00:18 188                        /dev/shm/u1000-Shm_9265e30a
7f2db0ae1000-7f2db0b48000 rw-s 00000000 00:18 172                        /dev/shm/u1000-Shm_60f7e89c
7f2db0b48000-7f2db0d48000 rw-s 00000000 00:18 84                         /dev/shm/u1000-ValveIPCSharedObj-SteamVR
7f2db0d48000-7f2db0d4d000 r-xp 00000000 08:01 3415809                    /usr/lib/x86_64-linux-gnu/libXdmcp.so.6.0.0
7f2db0d4d000-7f2db0f4c000 ---p 00005000 08:01 3415809                    /usr/lib/x86_64-linux-gnu/libXdmcp.so.6.0.0
7f2db0f4c000-7f2db0f4d000 r--p 00004000 08:01 3415809                    /usr/lib/x86_64-linux-gnu/libXdmcp.so.6.0.0
7f2db0f4d000-7f2db0f4e000 rw-p 00005000 08:01 3415809                    /usr/lib/x86_64-linux-gnu/libXdmcp.so.6.0.0
7f2db0f4e000-7f2db0f50000 r-xp 00000000 08:01 3415798                    /usr/lib/x86_64-linux-gnu/libXau.so.6.0.0
7f2db0f50000-7f2db1150000 ---p 00002000 08:01 3415798                    /usr/lib/x86_64-linux-gnu/libXau.so.6.0.0
7f2db1150000-7f2db1151000 r--p 00002000 08:01 3415798                    /usr/lib/x86_64-linux-gnu/libXau.so.6.0.0
7f2db1151000-7f2db1152000 rw-p 00003000 08:01 3415798                    /usr/lib/x86_64-linux-gnu/libXau.so.6.0.0
7f2db1152000-7f2db1173000 r-xp 00000000 08:01 3417216                    /usr/lib/x86_64-linux-gnu/libxcb.so.1.1.0
7f2db1173000-7f2db1372000 ---p 00021000 08:01 3417216                    /usr/lib/x86_64-linux-gnu/libxcb.so.1.1.0
7f2db1372000-7f2db1373000 r--p 00020000 08:01 3417216                    /usr/lib/x86_64-linux-gnu/libxcb.so.1.1.0
7f2db1373000-7f2db1374000 rw-p 00021000 08:01 3417216                    /usr/lib/x86_64-linux-gnu/libxcb.so.1.1.0
7f2db1374000-7f2db1385000 r-xp 00000000 08:01 3415811                    /usr/lib/x86_64-linux-gnu/libXext.so.6.4.0
7f2db1385000-7f2db1584000 ---p 00011000 08:01 3415811                    /usr/lib/x86_64-linux-gnu/libXext.so.6.4.0
7f2db1584000-7f2db1585000 r--p 00010000 08:01 3415811                    /usr/lib/x86_64-linux-gnu/libXext.so.6.4.0
7f2db1585000-7f2db1586000 rw-p 00011000 08:01 3415811                    /usr/lib/x86_64-linux-gnu/libXext.so.6.4.0
7f2db1586000-7f2db16bb000 r-xp 00000000 08:01 3415794                    /usr/lib/x86_64-linux-gnu/libX11.so.6.3.0
7f2db16bb000-7f2db18bb000 ---p 00135000 08:01 3415794                    /usr/lib/x86_64-linux-gnu/libX11.so.6.3.0
7f2db18bb000-7f2db18bc000 r--p 00135000 08:01 3415794                    /usr/lib/x86_64-linux-gnu/libX11.so.6.3.0
7f2db18bc000-7f2db18c0000 rw-p 00136000 08:01 3415794                    /usr/lib/x86_64-linux-gnu/libX11.so.6.3.0
7f2db18c0000-7f2db2cdf000 r-xp 00000000 08:01 3427105                    /usr/lib/nvidia-390/libnvidia-glcore.so.390.59
7f2db2cdf000-7f2db2d00000 rwxp 0141f000 08:01 3427105                    /usr/lib/nvidia-390/libnvidia-glcore.so.390.59
7f2db2d00000-7f2db3135000 r-xp 01440000 08:01 3427105                    /usr/lib/nvidia-390/libnvidia-glcore.so.390.59
7f2db3135000-7f2db3334000 ---p 01875000 08:01 3427105                    /usr/lib/nvidia-390/libnvidia-glcore.so.390.59
7f2db3334000-7f2db36a8000 rw-p 01874000 08:01 3427105                    /usr/lib/nvidia-390/libnvidia-glcore.so.390.59
7f2db36a8000-7f2db36c1000 rw-p 00000000 00:00 0 
7f2db36c1000-7f2db378a000 r-xp 00000000 08:01 3427088                    /usr/lib/nvidia-390/libGL.so.390.59
7f2db378a000-7f2db37be000 rwxp 000c9000 08:01 3427088                    /usr/lib/nvidia-390/libGL.so.390.59
7f2db37be000-7f2db37d2000 r-xp 000fd000 08:01 3427088                    /usr/lib/nvidia-390/libGL.so.390.59
7f2db37d2000-7f2db39d2000 ---p 00111000 08:01 3427088                    /usr/lib/nvidia-390/libGL.so.390.59
7f2db39d2000-7f2db39f7000 rw-p 00111000 08:01 3427088                    /usr/lib/nvidia-390/libGL.so.390.59
7f2db39f7000-7f2db39fe000 rw-p 00000000 00:00 0 
7f2db39fe000-7f2db3dd1000 r-xp 00000000 08:01 18220309                   /home/oliver/.local/share/Steam/steamapps/common/SteamVR/bin/linux64/vrclient.so
7f2db3dd1000-7f2db3fd1000 ---p 003d3000 08:01 18220309                   /home/oliver/.local/share/Steam/steamapps/common/SteamVR/bin/linux64/vrclient.so
7f2db3fd1000-7f2db3ff0000 r--p 003d3000 08:01 18220309                   /home/oliver/.local/share/Steam/steamapps/common/SteamVR/bin/linux64/vrclient.so
7f2db3ff0000-7f2db3ff6000 rw-p 003f2000 08:01 18220309                   /home/oliver/.local/share/Steam/steamapps/common/SteamVR/bin/linux64/vrclient.so
7f2db3ff6000-7f2db4000000 rw-p 00000000 00:00 0 
7f2db4000000-7f2db4021000 rw-p 00000000 00:00 0 
7f2db4021000-7f2db8000000 ---p 00000000 00:00 0 
7f2db8000000-7f2db8021000 rw-p 00000000 00:00 0 
7f2db8021000-7f2dbc000000 ---p 00000000 00:00 0 
7f2dbc000000-7f2dbc29d000 rw-p 00000000 00:00 0 
7f2dbc29d000-7f2dc0000000 ---p 00000000 00:00 0 
7f2dc0000000-7f2dc0021000 rw-p 00000000 00:00 0 
7f2dc0021000-7f2dc4000000 ---p 00000000 00:00 0 
7f2dc4000000-7f2dc4120000 rw-p 00000000 00:00 0 
7f2dc4120000-7f2dc8000000 ---p 00000000 00:00 0 
7f2dc8000000-7f2dc82b4000 rw-p 00000000 00:00 0 
7f2dc82b4000-7f2dcc000000 ---p 00000000 00:00 0 
7f2dcc000000-7f2dcc021000 rw-p 00000000 00:00 0 
7f2dcc021000-7f2dd0000000 ---p 00000000 00:00 0 
7f2dd0000000-7f2dd012f000 rw-p 00000000 00:00 0 
7f2dd012f000-7f2dd4000000 ---p 00000000 00:00 0 
7f2dd4000000-7f2dd4021000 rw-p 00000000 00:00 0 
7f2dd4021000-7f2dd8000000 ---p 00000000 00:00 0 
7f2dd8000000-7f2dd8021000 rw-p 00000000 00:00 0 
7f2dd8021000-7f2ddc000000 ---p 00000000 00:00 0 
7f2ddc000000-7f2ddc021000 rw-p 00000000 00:00 0 
7f2ddc021000-7f2de0000000 ---p 00000000 00:00 0 
7f2de0002000-7f2de0005000 r-xp 00000000 08:01 3427112                    /usr/lib/nvidia-390/tls/libnvidia-tls.so.390.59
7f2de0005000-7f2de0205000 ---p 00003000 08:01 3427112                    /usr/lib/nvidia-390/tls/libnvidia-tls.so.390.59
7f2de0205000-7f2de0206000 rw-p 00003000 08:01 3427112                    /usr/lib/nvidia-390/tls/libnvidia-tls.so.390.59
7f2de0206000-7f2de0252000 r-xp 00000000 08:01 3409455                    /usr/lib/x86_64-linux-gnu/libvulkan.so.1.1.73
7f2de0252000-7f2de0451000 ---p 0004c000 08:01 3409455                    /usr/lib/x86_64-linux-gnu/libvulkan.so.1.1.73
7f2de0451000-7f2de0452000 r--p 0004b000 08:01 3409455                    /usr/lib/x86_64-linux-gnu/libvulkan.so.1.1.73
7f2de0452000-7f2de0453000 rw-p 0004c000 08:01 3409455                    /usr/lib/x86_64-linux-gnu/libvulkan.so.1.1.73
7f2de0453000-7f2de0469000 r-xp 00000000 08:01 24646111                   /lib/x86_64-linux-gnu/libgcc_s.so.1
7f2de0469000-7f2de0668000 ---p 00016000 08:01 24646111                   /lib/x86_64-linux-gnu/libgcc_s.so.1
7f2de0668000-7f2de0669000 rw-p 00015000 08:01 24646111                   /lib/x86_64-linux-gnu/libgcc_s.so.1
7f2de0669000-7f2de07db000 r-xp 00000000 08:01 3413405                    /usr/lib/x86_64-linux-gnu/libstdc++.so.6.0.21
7f2de07db000-7f2de09db000 ---p 00172000 08:01 3413405                    /usr/lib/x86_64-linux-gnu/libstdc++.so.6.0.21
7f2de09db000-7f2de09e5000 r--p 00172000 08:01 3413405                    /usr/lib/x86_64-linux-gnu/libstdc++.so.6.0.21
7f2de09e5000-7f2de09e7000 rw-p 0017c000 08:01 3413405                    /usr/lib/x86_64-linux-gnu/libstdc++.so.6.0.21
7f2de09e7000-7f2de09eb000 rw-p 00000000 00:00 0 
7f2de09eb000-7f2de0a23000 r-xp 00000000 08:01 23724452                   /tmp/lwjgloliver/3.1.5-build-1/libopenvr_api.so
7f2de0a23000-7f2de0c23000 ---p 00038000 08:01 23724452                   /tmp/lwjgloliver/3.1.5-build-1/libopenvr_api.so
7f2de0c23000-7f2de0c24000 r--p 00038000 08:01 23724452                   /tmp/lwjgloliver/3.1.5-build-1/libopenvr_api.so
7f2de0c24000-7f2de0c25000 rw-p 00039000 08:01 23724452                   /tmp/lwjgloliver/3.1.5-build-1/libopenvr_api.so
7f2de0c25000-7f2de0c78000 r-xp 00000000 08:01 23724451                   /tmp/lwjgloliver/3.1.5-build-1/liblwjgl.so
7f2de0c78000-7f2de0e77000 ---p 00053000 08:01 23724451                   /tmp/lwjgloliver/3.1.5-build-1/liblwjgl.so
7f2de0e77000-7f2de0e78000 r--p 00052000 08:01 23724451                   /tmp/lwjgloliver/3.1.5-build-1/liblwjgl.so
7f2de0e78000-7f2de0e79000 rw-p 00053000 08:01 23724451                   /tmp/lwjgloliver/3.1.5-build-1/liblwjgl.so
7f2de0e79000-7f2de0e7a000 ---p 00000000 00:00 0 
7f2de0e7a000-7f2de0f7a000 rw-p 00000000 00:00 0 
7f2de0f7a000-7f2de0f7e000 ---p 00000000 00:00 0 
7f2de0f7e000-7f2de107b000 rw-p 00000000 00:00 0 
7f2de107b000-7f2de107f000 ---p 00000000 00:00 0 
7f2de107f000-7f2de117c000 rw-p 00000000 00:00 0 
7f2de117c000-7f2de1192000 r-xp 00000000 08:01 5641750                    /usr/lib/jvm/java-9-oracle/lib/libnet.so
7f2de1192000-7f2de1392000 ---p 00016000 08:01 5641750                    /usr/lib/jvm/java-9-oracle/lib/libnet.so
7f2de1392000-7f2de1393000 rw-p 00016000 08:01 5641750                    /usr/lib/jvm/java-9-oracle/lib/libnet.so
7f2de1393000-7f2de13a3000 r-xp 00000000 08:01 5641814                    /usr/lib/jvm/java-9-oracle/lib/libnio.so
7f2de13a3000-7f2de15a3000 ---p 00010000 08:01 5641814                    /usr/lib/jvm/java-9-oracle/lib/libnio.so
7f2de15a3000-7f2de15a4000 rw-p 00010000 08:01 5641814                    /usr/lib/jvm/java-9-oracle/lib/libnio.so
7f2de15a4000-7f2de15a8000 ---p 00000000 00:00 0 
7f2de15a8000-7f2de16a5000 rw-p 00000000 00:00 0 
7f2de16a5000-7f2de16a9000 ---p 00000000 00:00 0 
7f2de16a9000-7f2de17a6000 rw-p 00000000 00:00 0 
7f2de17a6000-7f2de17aa000 ---p 00000000 00:00 0 
7f2de17aa000-7f2de18a7000 rw-p 00000000 00:00 0 
7f2de18a7000-7f2de18ab000 ---p 00000000 00:00 0 
7f2de18ab000-7f2de19a8000 rw-p 00000000 00:00 0 
7f2de19a8000-7f2de19ac000 ---p 00000000 00:00 0 
7f2de19ac000-7f2de1aa9000 rw-p 00000000 00:00 0 
7f2de1aa9000-7f2de1aad000 ---p 00000000 00:00 0 
7f2de1aad000-7f2de1baa000 rw-p 00000000 00:00 0 
7f2de1baa000-7f2de2000000 r--p 00000000 08:01 3409364                    /usr/lib/locale/locale-archive
7f2de2000000-7f2de4000000 rwxp 00000000 00:00 0 
7f2de4000000-7f2de4021000 rw-p 00000000 00:00 0 
7f2de4021000-7f2de8000000 ---p 00000000 00:00 0 
7f2de8000000-7f2de8021000 rw-p 00000000 00:00 0 
7f2de8021000-7f2dec000000 ---p 00000000 00:00 0 
7f2dec000000-7f2dec021000 rw-p 00000000 00:00 0 
7f2dec021000-7f2df0000000 ---p 00000000 00:00 0 
7f2df0011000-7f2df002a000 rw-s 00000000 00:18 189                        /dev/shm/u1000-Shm_fa31d32a
7f2df002a000-7f2df004d000 rw-s 00000000 00:18 174                        /dev/shm/u1000-Shm_3a4a665e
7f2df004d000-7f2df007e000 rw-p 00000000 00:00 0 
7f2df007e000-7f2df0082000 ---p 00000000 00:00 0 
7f2df0082000-7f2df017f000 rw-p 00000000 00:00 0 
7f2df017f000-7f2df0183000 ---p 00000000 00:00 0 
7f2df0183000-7f2df0470000 rw-p 00000000 00:00 0 
7f2df0470000-7f2df2140000 ---p 00000000 00:00 0 
7f2df2140000-7f2df2330000 rw-p 00000000 00:00 0 
7f2df2330000-7f2df4000000 ---p 00000000 00:00 0 
7f2df4000000-7f2df4021000 rw-p 00000000 00:00 0 
7f2df4021000-7f2df8000000 ---p 00000000 00:00 0 
7f2df8000000-7f2df8021000 rw-p 00000000 00:00 0 
7f2df8021000-7f2dfc000000 ---p 00000000 00:00 0 
7f2dfc000000-7f2dfc021000 rw-p 00000000 00:00 0 
7f2dfc021000-7f2e00000000 ---p 00000000 00:00 0 
7f2e00000000-7f2e00021000 rw-p 00000000 00:00 0 
7f2e00021000-7f2e04000000 ---p 00000000 00:00 0 
7f2e04000000-7f2e04021000 rw-p 00000000 00:00 0 
7f2e04021000-7f2e08000000 ---p 00000000 00:00 0 
7f2e08000000-7f2e08021000 rw-p 00000000 00:00 0 
7f2e08021000-7f2e0c000000 ---p 00000000 00:00 0 
7f2e0c000000-7f2e0c021000 rw-p 00000000 00:00 0 
7f2e0c021000-7f2e10000000 ---p 00000000 00:00 0 
7f2e10000000-7f2e10021000 rw-p 00000000 00:00 0 
7f2e10021000-7f2e14000000 ---p 00000000 00:00 0 
7f2e14000000-7f2e14021000 rw-p 00000000 00:00 0 
7f2e14021000-7f2e18000000 ---p 00000000 00:00 0 
7f2e18000000-7f2e18021000 rw-p 00000000 00:00 0 
7f2e18021000-7f2e1c000000 ---p 00000000 00:00 0 
7f2e1c000000-7f2e1c021000 rw-p 00000000 00:00 0 
7f2e1c021000-7f2e20000000 ---p 00000000 00:00 0 
7f2e20000000-7f2e20021000 rw-p 00000000 00:00 0 
7f2e20021000-7f2e24000000 ---p 00000000 00:00 0 
7f2e24000000-7f2e24021000 rw-p 00000000 00:00 0 
7f2e24021000-7f2e28000000 ---p 00000000 00:00 0 
7f2e28000000-7f2e28021000 rw-p 00000000 00:00 0 
7f2e28021000-7f2e2c000000 ---p 00000000 00:00 0 
7f2e2c000000-7f2e2c021000 rw-p 00000000 00:00 0 
7f2e2c021000-7f2e30000000 ---p 00000000 00:00 0 
7f2e30000000-7f2e30021000 rw-p 00000000 00:00 0 
7f2e30021000-7f2e34000000 ---p 00000000 00:00 0 
7f2e34000000-7f2e34021000 rw-p 00000000 00:00 0 
7f2e34021000-7f2e38000000 ---p 00000000 00:00 0 
7f2e38012000-7f2e38013000 ---p 00000000 00:00 0 
7f2e38013000-7f2e38989000 rw-p 00000000 00:00 0 
7f2e38989000-7f2e39191000 rw-p 00000000 00:00 0 
7f2e39191000-7f2e39192000 ---p 00000000 00:00 0 
7f2e39192000-7f2e39292000 rw-p 00000000 00:00 0 
7f2e39292000-7f2e39293000 ---p 00000000 00:00 0 
7f2e39293000-7f2e393d1000 rw-p 00000000 00:00 0 
7f2e393d1000-7f2e3976b000 ---p 00000000 00:00 0 
7f2e3976b000-7f2e397a9000 rw-p 00000000 00:00 0 
7f2e397a9000-7f2e39b43000 ---p 00000000 00:00 0 
7f2e39b43000-7f2e39db3000 rwxp 00000000 00:00 0 
7f2e39db3000-7f2e3a0d4000 ---p 00000000 00:00 0 
7f2e3a0d4000-7f2e3a344000 rwxp 00000000 00:00 0 
7f2e3a344000-7f2e4160b000 ---p 00000000 00:00 0 
7f2e4160b000-7f2e4187b000 rwxp 00000000 00:00 0 
7f2e4187b000-7f2e48b43000 ---p 00000000 00:00 0 
7f2e48b43000-7f2e54000000 r--s 00000000 08:01 5641785                    /usr/lib/jvm/java-9-oracle/lib/modules
7f2e54000000-7f2e5476a000 rw-p 00000000 00:00 0 
7f2e5476a000-7f2e58000000 ---p 00000000 00:00 0 
7f2e58010000-7f2e58093000 rw-p 00000000 00:00 0 
7f2e58093000-7f2e58094000 ---p 00000000 00:00 0 
7f2e58094000-7f2e58194000 rw-p 00000000 00:00 0 
7f2e58194000-7f2e5856c000 ---p 00000000 00:00 0 
7f2e5856c000-7f2e585aa000 rw-p 00000000 00:00 0 
7f2e585aa000-7f2e58944000 ---p 00000000 00:00 0 
7f2e58944000-7f2e58945000 ---p 00000000 00:00 0 
7f2e58945000-7f2e58a45000 rw-p 00000000 00:00 0 
7f2e58a45000-7f2e58a46000 ---p 00000000 00:00 0 
7f2e58a46000-7f2e58b46000 rw-p 00000000 00:00 0 
7f2e58b46000-7f2e58b47000 ---p 00000000 00:00 0 
7f2e58b47000-7f2e58c47000 rw-p 00000000 00:00 0 
7f2e58c47000-7f2e58c48000 ---p 00000000 00:00 0 
7f2e58c48000-7f2e58d48000 rw-p 00000000 00:00 0 
7f2e58d48000-7f2e58d49000 ---p 00000000 00:00 0 
7f2e58d49000-7f2e58e49000 rw-p 00000000 00:00 0 
7f2e58e49000-7f2e58e4a000 ---p 00000000 00:00 0 
7f2e58e4a000-7f2e58f4a000 rw-p 00000000 00:00 0 
7f2e58f4a000-7f2e58f4b000 ---p 00000000 00:00 0 
7f2e58f4b000-7f2e5904b000 rw-p 00000000 00:00 0 
7f2e5904b000-7f2e5904c000 ---p 00000000 00:00 0 
7f2e5904c000-7f2e5914c000 rw-p 00000000 00:00 0 
7f2e5914c000-7f2e5914d000 ---p 00000000 00:00 0 
7f2e5914d000-7f2e59a55000 rw-p 00000000 00:00 0 
7f2e59a55000-7f2e59a56000 ---p 00000000 00:00 0 
7f2e59a56000-7f2e59b56000 rw-p 00000000 00:00 0 
7f2e59b56000-7f2e59b57000 ---p 00000000 00:00 0 
7f2e59b57000-7f2e59c57000 rw-p 00000000 00:00 0 
7f2e59c57000-7f2e59c58000 ---p 00000000 00:00 0 
7f2e59c58000-7f2e59d58000 rw-p 00000000 00:00 0 
7f2e59d58000-7f2e59d59000 ---p 00000000 00:00 0 
7f2e59d59000-7f2e59e59000 rw-p 00000000 00:00 0 
7f2e59e59000-7f2e59e5a000 ---p 00000000 00:00 0 
7f2e59e5a000-7f2e59f5a000 rw-p 00000000 00:00 0 
7f2e59f5a000-7f2e59f5b000 ---p 00000000 00:00 0 
7f2e59f5b000-7f2e5a05b000 rw-p 00000000 00:00 0 
7f2e5a05b000-7f2e5a05c000 ---p 00000000 00:00 0 
7f2e5a05c000-7f2e5a15c000 rw-p 00000000 00:00 0 
7f2e5a15c000-7f2e5a15d000 ---p 00000000 00:00 0 
7f2e5a15d000-7f2e5a262000 rw-p 00000000 00:00 0 
7f2e5a262000-7f2e5a348000 ---p 00000000 00:00 0 
7f2e5a348000-7f2e5a34d000 rw-p 00000000 00:00 0 
7f2e5a34d000-7f2e5a433000 ---p 00000000 00:00 0 
7f2e5a433000-7f2e5a44d000 r-xp 00000000 08:01 5641707                    /usr/lib/jvm/java-9-oracle/lib/libjimage.so
7f2e5a44d000-7f2e5a64c000 ---p 0001a000 08:01 5641707                    /usr/lib/jvm/java-9-oracle/lib/libjimage.so
7f2e5a64c000-7f2e5a64e000 rw-p 00019000 08:01 5641707                    /usr/lib/jvm/java-9-oracle/lib/libjimage.so
7f2e5a64e000-7f2e5a660000 rw-p 00000000 00:00 0 
7f2e5a660000-7f2e5a667000 r-xp 00000000 08:01 5641822                    /usr/lib/jvm/java-9-oracle/lib/libzip.so
7f2e5a667000-7f2e5a866000 ---p 00007000 08:01 5641822                    /usr/lib/jvm/java-9-oracle/lib/libzip.so
7f2e5a866000-7f2e5a867000 rw-p 00006000 08:01 5641822                    /usr/lib/jvm/java-9-oracle/lib/libzip.so
7f2e5a867000-7f2e5a872000 r-xp 00000000 08:01 24642406                   /lib/x86_64-linux-gnu/libnss_files-2.23.so
7f2e5a872000-7f2e5aa71000 ---p 0000b000 08:01 24642406                   /lib/x86_64-linux-gnu/libnss_files-2.23.so
7f2e5aa71000-7f2e5aa72000 r--p 0000a000 08:01 24642406                   /lib/x86_64-linux-gnu/libnss_files-2.23.so
7f2e5aa72000-7f2e5aa73000 rw-p 0000b000 08:01 24642406                   /lib/x86_64-linux-gnu/libnss_files-2.23.so
7f2e5aa73000-7f2e5aa79000 rw-p 00000000 00:00 0 
7f2e5aa79000-7f2e5aa84000 r-xp 00000000 08:01 24642410                   /lib/x86_64-linux-gnu/libnss_nis-2.23.so
7f2e5aa84000-7f2e5ac83000 ---p 0000b000 08:01 24642410                   /lib/x86_64-linux-gnu/libnss_nis-2.23.so
7f2e5ac83000-7f2e5ac84000 r--p 0000a000 08:01 24642410                   /lib/x86_64-linux-gnu/libnss_nis-2.23.so
7f2e5ac84000-7f2e5ac85000 rw-p 0000b000 08:01 24642410                   /lib/x86_64-linux-gnu/libnss_nis-2.23.so
7f2e5ac85000-7f2e5ac9b000 r-xp 00000000 08:01 24642390                   /lib/x86_64-linux-gnu/libnsl-2.23.so
7f2e5ac9b000-7f2e5ae9a000 ---p 00016000 08:01 24642390                   /lib/x86_64-linux-gnu/libnsl-2.23.so
7f2e5ae9a000-7f2e5ae9b000 r--p 00015000 08:01 24642390                   /lib/x86_64-linux-gnu/libnsl-2.23.so
7f2e5ae9b000-7f2e5ae9c000 rw-p 00016000 08:01 24642390                   /lib/x86_64-linux-gnu/libnsl-2.23.so
7f2e5ae9c000-7f2e5ae9e000 rw-p 00000000 00:00 0 
7f2e5ae9e000-7f2e5aea6000 r-xp 00000000 08:01 24642401                   /lib/x86_64-linux-gnu/libnss_compat-2.23.so
7f2e5aea6000-7f2e5b0a5000 ---p 00008000 08:01 24642401                   /lib/x86_64-linux-gnu/libnss_compat-2.23.so
7f2e5b0a5000-7f2e5b0a6000 r--p 00007000 08:01 24642401                   /lib/x86_64-linux-gnu/libnss_compat-2.23.so
7f2e5b0a6000-7f2e5b0a7000 rw-p 00008000 08:01 24642401                   /lib/x86_64-linux-gnu/libnss_compat-2.23.so
7f2e5b0a7000-7f2e5b0d2000 r-xp 00000000 08:01 5641743                    /usr/lib/jvm/java-9-oracle/lib/libjava.so
7f2e5b0d2000-7f2e5b2d1000 ---p 0002b000 08:01 5641743                    /usr/lib/jvm/java-9-oracle/lib/libjava.so
7f2e5b2d1000-7f2e5b2d3000 rw-p 0002a000 08:01 5641743                    /usr/lib/jvm/java-9-oracle/lib/libjava.so
7f2e5b2d3000-7f2e5b2e0000 r-xp 00000000 08:01 5641768                    /usr/lib/jvm/java-9-oracle/lib/libverify.so
7f2e5b2e0000-7f2e5b4df000 ---p 0000d000 08:01 5641768                    /usr/lib/jvm/java-9-oracle/lib/libverify.so
7f2e5b4df000-7f2e5b4e1000 rw-p 0000c000 08:01 5641768                    /usr/lib/jvm/java-9-oracle/lib/libverify.so
7f2e5b4e1000-7f2e5b4e8000 r-xp 00000000 08:01 24642411                   /lib/x86_64-linux-gnu/librt-2.23.so
7f2e5b4e8000-7f2e5b6e7000 ---p 00007000 08:01 24642411                   /lib/x86_64-linux-gnu/librt-2.23.so
7f2e5b6e7000-7f2e5b6e8000 r--p 00006000 08:01 24642411                   /lib/x86_64-linux-gnu/librt-2.23.so
7f2e5b6e8000-7f2e5b6e9000 rw-p 00007000 08:01 24642411                   /lib/x86_64-linux-gnu/librt-2.23.so
7f2e5b6e9000-7f2e5b7f1000 r-xp 00000000 08:01 24642389                   /lib/x86_64-linux-gnu/libm-2.23.so
7f2e5b7f1000-7f2e5b9f0000 ---p 00108000 08:01 24642389                   /lib/x86_64-linux-gnu/libm-2.23.so
7f2e5b9f0000-7f2e5b9f1000 r--p 00107000 08:01 24642389                   /lib/x86_64-linux-gnu/libm-2.23.so
7f2e5b9f1000-7f2e5b9f2000 rw-p 00108000 08:01 24642389                   /lib/x86_64-linux-gnu/libm-2.23.so
7f2e5b9f2000-7f2e5ca07000 r-xp 00000000 08:01 6951024                    /usr/lib/jvm/java-9-oracle/lib/server/libjvm.so
7f2e5ca07000-7f2e5cc06000 ---p 01015000 08:01 6951024                    /usr/lib/jvm/java-9-oracle/lib/server/libjvm.so
7f2e5cc06000-7f2e5ccd7000 r--p 01014000 08:01 6951024                    /usr/lib/jvm/java-9-oracle/lib/server/libjvm.so
7f2e5ccd7000-7f2e5cd0e000 rw-p 010e5000 08:01 6951024                    /usr/lib/jvm/java-9-oracle/lib/server/libjvm.so
7f2e5cd0e000-7f2e5cd77000 rw-p 00000000 00:00 0 
7f2e5cd77000-7f2e5cf37000 r-xp 00000000 08:01 24642393                   /lib/x86_64-linux-gnu/libc-2.23.so
7f2e5cf37000-7f2e5d137000 ---p 001c0000 08:01 24642393                   /lib/x86_64-linux-gnu/libc-2.23.so
7f2e5d137000-7f2e5d13b000 r--p 001c0000 08:01 24642393                   /lib/x86_64-linux-gnu/libc-2.23.so
7f2e5d13b000-7f2e5d13d000 rw-p 001c4000 08:01 24642393                   /lib/x86_64-linux-gnu/libc-2.23.so
7f2e5d13d000-7f2e5d141000 rw-p 00000000 00:00 0 
7f2e5d141000-7f2e5d144000 r-xp 00000000 08:01 24642395                   /lib/x86_64-linux-gnu/libdl-2.23.so
7f2e5d144000-7f2e5d343000 ---p 00003000 08:01 24642395                   /lib/x86_64-linux-gnu/libdl-2.23.so
7f2e5d343000-7f2e5d344000 r--p 00002000 08:01 24642395                   /lib/x86_64-linux-gnu/libdl-2.23.so
7f2e5d344000-7f2e5d345000 rw-p 00003000 08:01 24642395                   /lib/x86_64-linux-gnu/libdl-2.23.so
7f2e5d345000-7f2e5d353000 r-xp 00000000 08:01 6951026                    /usr/lib/jvm/java-9-oracle/lib/jli/libjli.so
7f2e5d353000-7f2e5d553000 ---p 0000e000 08:01 6951026                    /usr/lib/jvm/java-9-oracle/lib/jli/libjli.so
7f2e5d553000-7f2e5d554000 rw-p 0000e000 08:01 6951026                    /usr/lib/jvm/java-9-oracle/lib/jli/libjli.so
7f2e5d554000-7f2e5d56c000 r-xp 00000000 08:01 24642392                   /lib/x86_64-linux-gnu/libpthread-2.23.so
7f2e5d56c000-7f2e5d76b000 ---p 00018000 08:01 24642392                   /lib/x86_64-linux-gnu/libpthread-2.23.so
7f2e5d76b000-7f2e5d76c000 r--p 00017000 08:01 24642392                   /lib/x86_64-linux-gnu/libpthread-2.23.so
7f2e5d76c000-7f2e5d76d000 rw-p 00018000 08:01 24642392                   /lib/x86_64-linux-gnu/libpthread-2.23.so
7f2e5d76d000-7f2e5d771000 rw-p 00000000 00:00 0 
7f2e5d771000-7f2e5d78a000 r-xp 00000000 08:01 24646264                   /lib/x86_64-linux-gnu/libz.so.1.2.8
7f2e5d78a000-7f2e5d989000 ---p 00019000 08:01 24646264                   /lib/x86_64-linux-gnu/libz.so.1.2.8
7f2e5d989000-7f2e5d98a000 r--p 00018000 08:01 24646264                   /lib/x86_64-linux-gnu/libz.so.1.2.8
7f2e5d98a000-7f2e5d98b000 rw-p 00019000 08:01 24646264                   /lib/x86_64-linux-gnu/libz.so.1.2.8
7f2e5d98b000-7f2e5d9b1000 r-xp 00000000 08:01 24642391                   /lib/x86_64-linux-gnu/ld-2.23.so
7f2e5d9c2000-7f2e5d9c3000 rw-s 00000000 00:18 222                        /dev/shm/u1000-Shm_df80f7da
7f2e5d9c3000-7f2e5da80000 rw-p 00000000 00:00 0 
7f2e5da80000-7f2e5da85000 ---p 00000000 00:00 0 
7f2e5da85000-7f2e5db86000 rw-p 00000000 00:00 0 
7f2e5db86000-7f2e5db87000 rw-s 00000000 00:18 181                        /dev/shm/u1000-Shm_e530596e
7f2e5db87000-7f2e5db88000 rw-s 00000000 00:18 197                        /dev/shm/u1000-Shm_a3e1d201
7f2e5db88000-7f2e5db89000 rw-s 00000000 00:18 194                        /dev/shm/u1000-Shm_99517cb5
7f2e5db89000-7f2e5db8a000 rw-s 00000000 00:18 111                        /dev/shm/u1000-Shm_df247f83
7f2e5db8a000-7f2e5db8b000 rw-s 00000000 00:18 105                        /dev/shm/u1000-Shm_e594d137
7f2e5db8b000-7f2e5db8c000 rw-s 00000000 00:18 113                        /dev/shm/u1000-Shm_1522adb9
7f2e5db8c000-7f2e5db94000 rw-s 00000000 00:18 177                        /dev/shm/u1000-Shm_907df134
7f2e5db94000-7f2e5db95000 rw-s 00000000 00:18 68                         /dev/shm/u1000-Shm_3eee3377
7f2e5db95000-7f2e5db96000 rw-s 00000000 00:18 232                        /dev/shm/u1000-Shm_45e9dc3
7f2e5db96000-7f2e5db97000 rw-s 00000000 00:18 173                        /dev/shm/u1000-Shm_58a5418b
7f2e5db97000-7f2e5db98000 r--s 00000000 00:18 97                         /dev/shm/u1000-Shm_a93285d7
7f2e5db98000-7f2e5db99000 rw-s 00000000 00:18 88                         /dev/shm/u1000-Shm_1e133dae
7f2e5db99000-7f2e5db9f000 rw-p 00000000 00:00 0 
7f2e5db9f000-7f2e5dba6000 ---p 00000000 00:00 0 
7f2e5dba6000-7f2e5dbae000 rw-s 00000000 08:01 23724423                   /tmp/hsperfdata_oliver/14101
7f2e5dbae000-7f2e5dbaf000 rw-p 00000000 00:00 0 
7f2e5dbaf000-7f2e5dbb0000 r--p 00000000 00:00 0 
7f2e5dbb0000-7f2e5dbb1000 r--p 00025000 08:01 24642391                   /lib/x86_64-linux-gnu/ld-2.23.so
7f2e5dbb1000-7f2e5dbb2000 rw-p 00026000 08:01 24642391                   /lib/x86_64-linux-gnu/ld-2.23.so
7f2e5dbb2000-7f2e5dbb3000 rw-p 00000000 00:00 0 
7fffc8c37000-7fffc8c59000 rw-p 00000000 00:00 0                          [stack]
7fffc8db5000-7fffc8db8000 r--p 00000000 00:00 0                          [vvar]
7fffc8db8000-7fffc8dba000 r-xp 00000000 00:00 0                          [vdso]
ffffffffff600000-ffffffffff601000 r-xp 00000000 00:00 0                  [vsyscall]

VM Arguments:
jvm_args: -Dorg.lwjgl.util.Debug=true -Djava.library.path=nope -Dfile.encoding=UTF-8 
java_command: base.IkSolver
java_class_path (initial): /home/oliver/git/Master_thesis_java/Masterthesis_IK/target/classes:/home/oliver/git/Master_thesis_java/Masterthesis_IK/libs/Caliko-v1.3.3/jar/caliko-1.3.3.jar:/home/oliver/git/Master_thesis_java/Masterthesis_IK/libs/Caliko-v1.3.3/jar/caliko-demo-1.3.3.jar:/home/oliver/git/Master_thesis_java/Masterthesis_IK/libs/Caliko-v1.3.3/jar/caliko-visualisation-1.3.3.jar:/home/oliver/.m2/repository/org/lwjgl/lwjgl/3.1.5/lwjgl-3.1.5.jar:/home/oliver/.m2/repository/org/lwjgl/lwjgl-assimp/3.1.5/lwjgl-assimp-3.1.5.jar:/home/oliver/.m2/repository/org/lwjgl/lwjgl-bgfx/3.1.5/lwjgl-bgfx-3.1.5.jar:/home/oliver/.m2/repository/org/lwjgl/lwjgl-glfw/3.1.5/lwjgl-glfw-3.1.5.jar:/home/oliver/.m2/repository/org/lwjgl/lwjgl-nanovg/3.1.5/lwjgl-nanovg-3.1.5.jar:/home/oliver/.m2/repository/org/lwjgl/lwjgl-nuklear/3.1.5/lwjgl-nuklear-3.1.5.jar:/home/oliver/.m2/repository/org/lwjgl/lwjgl-openal/3.1.5/lwjgl-openal-3.1.5.jar:/home/oliver/.m2/repository/org/lwjgl/lwjgl-opengl/3.1.5/lwjgl-opengl-3.1.5.jar:/home/oliver/.m2/repository/org/lwjgl/lwjgl-openvr/3.1.5/lwjgl-openvr-3.1.5.jar:/home/oliver/.m2/repository/org/lwjgl/lwjgl-par/3.1.5/lwjgl-par-3.1.5.jar:/home/oliver/.m2/repository/org/lwjgl/lwjgl-stb/3.1.5/lwjgl-stb-3.1.5.jar:/home/oliver/.m2/repository/org/lwjgl/lwjgl-vulkan/3.1.5/lwjgl-vulkan-3.1.5.jar:/home/oliver/.m2/repository/org/lwjgl/lwjgl/3.1.5/lwjgl-3.1.5-natives-linux.jar:/home/oliver/.m2/repository/org/lwjgl/lwjgl-assimp/3.1.5/lwjgl-assimp-3.1.5-natives-linux.jar:/home/oliver/.m2/repository/org/lwjgl/lwjgl-bgfx/3.1.5/lwjgl-bgfx-3.1.5-natives-linux.jar:/home/oliver/.m2/repository/org/lwjgl/lwjgl-glfw/3.1.5/lwjgl-glfw-3.1.5-natives-linux.jar:/home/oliver/.m2/repository/org/lwjgl/lwjgl-nanovg/3.1.5/lwjgl-nanovg-3.1.5-natives-linux.jar:/home/oliver/.m2/repository/org/lwjgl/lwjgl-nuklear/3.1.5/lwjgl-nuklear-3.1.5-natives-linux.jar:/home/oliver/.m2/repository/org/lwjgl/lwjgl-openal/3.1.5/lwjgl-openal-3.1.5-natives-linux.jar:/home/oliver/.m2/repository/org/lwjgl/lwjgl
Launcher Type: SUN_STANDARD

Logging:
Log output configuration:
#0: stdout all=warning uptime,level,tags
#1: stderr all=off uptime,level,tags

Environment Variables:
JAVA_HOME=/usr/lib/jvm/java-9-oracle
PATH=/home/oliver/bin:/home/oliver/.local/bin:/usr/local/sbin:/usr/local/bin:/usr/sbin:/usr/bin:/sbin:/bin:/usr/games:/usr/local/games:/snap/bin:/usr/lib/jvm/java-9-oracle/bin:/usr/lib/jvm/java-9-oracle/db/bin
SHELL=/bin/bash
DISPLAY=:0

Signal Handlers:
SIGSEGV: [libjvm.so+0xd4d370], sa_mask[0]=11111111011111111101111111111110, sa_flags=SA_RESTART|SA_SIGINFO
SIGBUS: [libjvm.so+0xd4d370], sa_mask[0]=11111111011111111101111111111110, sa_flags=SA_RESTART|SA_SIGINFO
SIGFPE: [libjvm.so+0xd4d370], sa_mask[0]=11111111011111111101111111111110, sa_flags=SA_RESTART|SA_SIGINFO
SIGPIPE: [libjvm.so+0xb64780], sa_mask[0]=11111111011111111101111111111110, sa_flags=SA_RESTART|SA_SIGINFO
SIGXFSZ: [libjvm.so+0xb64780], sa_mask[0]=11111111011111111101111111111110, sa_flags=SA_RESTART|SA_SIGINFO
SIGILL: [libjvm.so+0xd4d370], sa_mask[0]=11111111011111111101111111111110, sa_flags=SA_RESTART|SA_SIGINFO
SIGUSR2: [libjvm.so+0xb64640], sa_mask[0]=00100000000000000000000000000000, sa_flags=SA_RESTART|SA_SIGINFO
SIGHUP: [libjvm.so+0xb64850], sa_mask[0]=11111111011111111101111111111110, sa_flags=SA_RESTART|SA_SIGINFO
SIGINT: [libjvm.so+0xb64850], sa_mask[0]=11111111011111111101111111111110, sa_flags=SA_RESTART|SA_SIGINFO
SIGTERM: [libjvm.so+0xb64850], sa_mask[0]=11111111011111111101111111111110, sa_flags=SA_RESTART|SA_SIGINFO
SIGQUIT: [libjvm.so+0xb64850], sa_mask[0]=11111111011111111101111111111110, sa_flags=SA_RESTART|SA_SIGINFO


---------------  S Y S T E M  ---------------

OS:DISTRIB_ID=Ubuntu
DISTRIB_RELEASE=16.04
DISTRIB_CODENAME=xenial
DISTRIB_DESCRIPTION="Ubuntu 16.04.4 LTS"
uname:Linux 4.13.0-43-generic #48~16.04.1-Ubuntu SMP Thu May 17 12:56:46 UTC 2018 x86_64
libc:glibc 2.23 NPTL 2.23 
rlimit: STACK 8192k, CORE 0k, NPROC 31242, NOFILE 1048576, AS infinity
load average:0,99 1,08 1,09

/proc/meminfo:
MemTotal:        8059520 kB
MemFree:         1297964 kB
MemAvailable:    4068440 kB
Buffers:          120840 kB
Cached:          2891852 kB
SwapCached:            0 kB
Active:          4310040 kB
Inactive:        1922844 kB
Active(anon):    2708464 kB
Inactive(anon):   639968 kB
Active(file):    1601576 kB
Inactive(file):  1282876 kB
Unevictable:          80 kB
Mlocked:              80 kB
SwapTotal:       8278012 kB
SwapFree:        8278012 kB
Dirty:               440 kB
Writeback:             0 kB
AnonPages:       3220508 kB
Mapped:           953420 kB
Shmem:            168044 kB
Slab:             270896 kB
SReclaimable:     191268 kB
SUnreclaim:        79628 kB
KernelStack:       16544 kB
PageTables:        56756 kB
NFS_Unstable:          0 kB
Bounce:                0 kB
WritebackTmp:          0 kB
CommitLimit:    12307772 kB
Committed_AS:   10422908 kB
VmallocTotal:   34359738367 kB
VmallocUsed:           0 kB
VmallocChunk:          0 kB
HardwareCorrupted:     0 kB
AnonHugePages:         0 kB
ShmemHugePages:        0 kB
ShmemPmdMapped:        0 kB
CmaTotal:              0 kB
CmaFree:               0 kB
HugePages_Total:       0
HugePages_Free:        0
HugePages_Rsvd:        0
HugePages_Surp:        0
Hugepagesize:       2048 kB
DirectMap4k:      467516 kB
DirectMap2M:     7813120 kB


CPU:total 8 (initial active 8) (4 cores per cpu, 2 threads per core) family 6 model 42 stepping 7, cmov, cx8, fxsr, mmx, sse, sse2, sse3, ssse3, sse4.1, sse4.2, popcnt, avx, aes, clmul, ht, tsc, tscinvbit
CPU Model and flags from /proc/cpuinfo:
model name	: Intel(R) Core(TM) i7-2630QM CPU @ 2.00GHz
flags		: fpu vme de pse tsc msr pae mce cx8 apic sep mtrr pge mca cmov pat pse36 clflush dts acpi mmx fxsr sse sse2 ss ht tm pbe syscall nx rdtscp lm constant_tsc arch_perfmon pebs bts nopl xtopology nonstop_tsc cpuid aperfmperf pni pclmulqdq dtes64 monitor ds_cpl vmx est tm2 ssse3 cx16 xtpr pdcm pcid sse4_1 sse4_2 x2apic popcnt tsc_deadline_timer aes xsave avx lahf_lm epb pti retpoline spec_ctrl tpr_shadow vnmi flexpriority ept vpid xsaveopt dtherm ida arat pln pts

Memory: 4k page, physical 8059520k(1297964k free), swap 8278012k(8278012k free)

vm_info: Java HotSpot(TM) 64-Bit Server VM (9.0.4+11) for linux-amd64 JRE (9.0.4+11), built on Dec 19 2017 18:12:19 by "mach5one" with gcc 4.9.2

END.
