#
# A fatal error has been detected by the Java Runtime Environment:
#
#  SIGSEGV (0xb) at pc=0x00007f7d340fdef7, pid=20808, tid=20810
#
# JRE version: Java(TM) SE Runtime Environment (9.0+11) (build 9.0.4+11)
# Java VM: Java HotSpot(TM) 64-Bit Server VM (9.0.4+11, mixed mode, tiered, compressed oops, g1 gc, linux-amd64)
# Problematic frame:
# C  [liblwjgl_opengl.so+0x45ef7]  Java_org_lwjgl_opengl_GL20_glCreateProgram+0x7
#
# Core dump will be written. Default location: Core dumps may be processed with "/usr/share/apport/apport %p %s %c %d %P" (or dumping to /home/oliver/git/Master_thesis_java/Masterthesis_IK/core.20808)
#
# If you would like to submit a bug report, please visit:
#   http://bugreport.java.com/bugreport/crash.jsp
# The crash happened outside the Java Virtual Machine in native code.
# See problematic frame for where to report the bug.
#

---------------  S U M M A R Y ------------

Command Line: -Dorg.lwjgl.util.Debug=true -Djava.library.path=nope -Dfile.encoding=UTF-8 base.IkSolver

Host: Intel(R) Core(TM) i7-2630QM CPU @ 2.00GHz, 8 cores, 7G, Ubuntu 16.04.4 LTS
Time: Wed May  9 15:15:24 2018 CEST elapsed time: 0 seconds (0d 0h 0m 0s)

---------------  T H R E A D  ---------------

Current thread (0x00007f7da8013000):  JavaThread "main" [_thread_in_native, id=20810, stack(0x00007f7db11a5000,0x00007f7db12a5000)]

Stack: [0x00007f7db11a5000,0x00007f7db12a5000],  sp=0x00007f7db12a3278,  free space=1016k
Native frames: (J=compiled Java code, A=aot compiled Java code, j=interpreted, Vv=VM code, C=native code)
C  [liblwjgl_opengl.so+0x45ef7]  Java_org_lwjgl_opengl_GL20_glCreateProgram+0x7
j  au.edu.federation.caliko.visualisation.ShaderProgram.<init>()V+10
j  au.edu.federation.caliko.visualisation.FabrikModel3D.<clinit>()V+174
v  ~StubRoutines::call_stub
V  [libjvm.so+0x83d60a]  JavaCalls::call_helper(JavaValue*, methodHandle const&, JavaCallArguments*, Thread*)+0x47a
V  [libjvm.so+0x815870]  InstanceKlass::call_class_initializer_impl(instanceKlassHandle, Thread*)+0x1d0
V  [libjvm.so+0x816627]  InstanceKlass::initialize(Thread*)+0x487
V  [libjvm.so+0x82b3e1]  InterpreterRuntime::_new(JavaThread*, ConstantPool*, int)+0x281
j  base.IkSolver.init()V+75
j  base.IkSolver.run()V+1364
j  base.IkSolver.main([Ljava/lang/String;)V+7
v  ~StubRoutines::call_stub
V  [libjvm.so+0x83d60a]  JavaCalls::call_helper(JavaValue*, methodHandle const&, JavaCallArguments*, Thread*)+0x47a
V  [libjvm.so+0x89a67f]  jni_invoke_static(JNIEnv_*, JavaValue*, _jobject*, JNICallType, _jmethodID*, JNI_ArgumentPusher*, Thread*) [clone .isra.90]+0x21f
V  [libjvm.so+0x8ab5ce]  jni_CallStaticVoidMethod+0x14e
C  [libjli.so+0x4397]  JavaMain+0xa17
C  [libpthread.so.0+0x76ba]  start_thread+0xca

Java frames: (J=compiled Java code, j=interpreted, Vv=VM code)
j  org.lwjgl.opengl.GL20.glCreateProgram()I+0
j  au.edu.federation.caliko.visualisation.ShaderProgram.<init>()V+10
j  au.edu.federation.caliko.visualisation.FabrikModel3D.<clinit>()V+174
v  ~StubRoutines::call_stub
j  base.IkSolver.init()V+75
j  base.IkSolver.run()V+1364
j  base.IkSolver.main([Ljava/lang/String;)V+7
v  ~StubRoutines::call_stub

siginfo: si_signo: 11 (SIGSEGV), si_code: 1 (SEGV_MAPERR), si_addr: 0x0000000000000878

Register to memory mapping:

RAX=0x0000000000000000 is an unknown value
RBX={method} {0x00007f7d35e44f08} 'glCreateProgram' '()I' in 'org/lwjgl/opengl/GL20'
RCX=0x0000000000000002 is an unknown value
RDX=0x00007f7db045e4d8: <offset 0x00000000013494d8> in /usr/lib/jvm/java-9-oracle/lib/server/libjvm.so at 0x00007f7daf115000
RSP=0x00007f7db12a3278 is pointing into the stack for thread: 0x00007f7da8013000
RBP=0x00007f7db12a32c8 is pointing into the stack for thread: 0x00007f7da8013000
RSI=0x00007f7db12a32d8 is pointing into the stack for thread: 0x00007f7da8013000
RDI=0x00007f7da8013218 is an unknown value
R8 ={method} {0x00007f7d35e44f08} 'glCreateProgram' '()I' in 'org/lwjgl/opengl/GL20'
R9 =0x0000000000000010 is an unknown value
R10=0x00007f7d8db5bd09 is at code_begin+873 in an Interpreter codelet
method entry point (kind = native)  [0x00007f7d8db5b9a0, 0x00007f7d8db5c3e0]  2624 bytes
R11=0x000000008c7e3398 is an oop
java.lang.Class 
{0x000000008c7e3398} - klass: 'java/lang/Class'
R12=0x0000000000000000 is an unknown value
R13=0x00007f7d35e44f00 is pointing into metadata
R14=0x00007f7db12a32e0 is pointing into the stack for thread: 0x00007f7da8013000
R15=0x00007f7da8013000 is a thread


Registers:
RAX=0x0000000000000000, RBX=0x00007f7d35e44f08, RCX=0x0000000000000002, RDX=0x00007f7db045e4d8
RSP=0x00007f7db12a3278, RBP=0x00007f7db12a32c8, RSI=0x00007f7db12a32d8, RDI=0x00007f7da8013218
R8 =0x00007f7d35e44f08, R9 =0x0000000000000010, R10=0x00007f7d8db5bd09, R11=0x000000008c7e3398
R12=0x0000000000000000, R13=0x00007f7d35e44f00, R14=0x00007f7db12a32e0, R15=0x00007f7da8013000
RIP=0x00007f7d340fdef7, EFLAGS=0x0000000000010283, CSGSFS=0x002b000000000033, ERR=0x0000000000000004
  TRAPNO=0x000000000000000e

Top of Stack: (sp=0x00007f7db12a3278)
0x00007f7db12a3278:   00007f7d8db5bd35 00007f7db12a3280
0x00007f7db12a3288:   00007f7d35e44f00 00007f7db12a32e0
0x00007f7db12a3298:   00007f7d35e899c0 0000000000000000
0x00007f7db12a32a8:   000000008c7e3398 00007f7d35e44f08 

Instructions: (pc=0x00007f7d340fdef7)
0x00007f7d340fded7:   40 18 48 8b 80 b0 09 00 00 ff e0 66 66 66 66 66
0x00007f7d340fdee7:   2e 0f 1f 84 00 00 00 00 00 48 8b 07 48 8b 40 18
0x00007f7d340fdef7:   ff a0 78 08 00 00 0f 1f 00 48 8b 07 41 89 d1 89
0x00007f7d340fdf07:   ce 4c 89 c2 44 89 cf 48 8b 40 18 48 8b 80 b8 15 


---------------  P R O C E S S  ---------------

Java Threads: ( => current thread )
  0x00007f7da8236000 JavaThread "Service Thread" daemon [_thread_blocked, id=20845, stack(0x00007f7d34679000,0x00007f7d3477a000)]
  0x00007f7da81a6800 JavaThread "Common-Cleaner" daemon [_thread_blocked, id=20844, stack(0x00007f7d3477a000,0x00007f7d3487b000)]
  0x00007f7da8179800 JavaThread "Sweeper thread" daemon [_thread_blocked, id=20843, stack(0x00007f7d34ca3000,0x00007f7d34da4000)]
  0x00007f7da8177800 JavaThread "C1 CompilerThread3" daemon [_thread_blocked, id=20842, stack(0x00007f7d34da4000,0x00007f7d34ea5000)]
  0x00007f7da8175800 JavaThread "C2 CompilerThread2" daemon [_thread_blocked, id=20841, stack(0x00007f7d34ea5000,0x00007f7d34fa6000)]
  0x00007f7da8173800 JavaThread "C2 CompilerThread1" daemon [_thread_blocked, id=20840, stack(0x00007f7d34fa6000,0x00007f7d350a7000)]
  0x00007f7da8171800 JavaThread "C2 CompilerThread0" daemon [_thread_blocked, id=20839, stack(0x00007f7d350a7000,0x00007f7d351a8000)]
  0x00007f7da816f800 JavaThread "Signal Dispatcher" daemon [_thread_blocked, id=20838, stack(0x00007f7d351a8000,0x00007f7d352a9000)]
  0x00007f7da8154000 JavaThread "Finalizer" daemon [_thread_blocked, id=20837, stack(0x00007f7d356ff000,0x00007f7d35800000)]
  0x00007f7da814b800 JavaThread "Reference Handler" daemon [_thread_blocked, id=20836, stack(0x00007f7d4407e000,0x00007f7d4417f000)]
=>0x00007f7da8013000 JavaThread "main" [_thread_in_native, id=20810, stack(0x00007f7db11a5000,0x00007f7db12a5000)]

Other Threads:
  0x00007f7da8142000 VMThread "VM Thread" [stack: 0x00007f7d44180000,0x00007f7d44280000] [id=20835]
  0x00007f7da8239000 WatcherThread [stack: 0x00007f7d34579000,0x00007f7d34679000] [id=20846]
  0x00007f7da802a800 GCTaskThread "GC Thread#0" [stack: 0x00007f7dad880000,0x00007f7dad980000] [id=20815]
  0x00007f7da802c000 GCTaskThread "GC Thread#1" [stack: 0x00007f7dad77f000,0x00007f7dad87f000] [id=20816]
  0x00007f7da802d800 GCTaskThread "GC Thread#2" [stack: 0x00007f7dad67e000,0x00007f7dad77e000] [id=20817]
  0x00007f7da802f800 GCTaskThread "GC Thread#3" [stack: 0x00007f7dad57d000,0x00007f7dad67d000] [id=20818]
  0x00007f7da8031000 GCTaskThread "GC Thread#4" [stack: 0x00007f7dad47c000,0x00007f7dad57c000] [id=20819]
  0x00007f7da8032800 GCTaskThread "GC Thread#5" [stack: 0x00007f7dad37b000,0x00007f7dad47b000] [id=20820]
  0x00007f7da8034800 GCTaskThread "GC Thread#6" [stack: 0x00007f7dad27a000,0x00007f7dad37a000] [id=20821]
  0x00007f7da8036000 GCTaskThread "GC Thread#7" [stack: 0x00007f7dad179000,0x00007f7dad279000] [id=20822]
  0x00007f7da806c000 ConcurrentGCThread "G1 Main Marker" [stack: 0x00007f7d8cae3000,0x00007f7d8cbe3000] [id=20832]
  0x00007f7da806d800 ConcurrentGCThread "G1 Marker#0" [stack: 0x00007f7d8c9e2000,0x00007f7d8cae2000] [id=20833]
  0x00007f7da806f800 ConcurrentGCThread "G1 Marker#1" [stack: 0x00007f7d8c8e1000,0x00007f7d8c9e1000] [id=20834]
  0x00007f7da8045000 ConcurrentGCThread "G1 Refine#0" [stack: 0x00007f7dac169000,0x00007f7dac269000] [id=20830]
  0x00007f7da8043000 ConcurrentGCThread "G1 Refine#1" [stack: 0x00007f7dac26a000,0x00007f7dac36a000] [id=20829]
  0x00007f7da8041000 ConcurrentGCThread "G1 Refine#2" [stack: 0x00007f7dac36b000,0x00007f7dac46b000] [id=20828]
  0x00007f7da803f800 ConcurrentGCThread "G1 Refine#3" [stack: 0x00007f7dac46c000,0x00007f7dac56c000] [id=20827]
  0x00007f7da803d800 ConcurrentGCThread "G1 Refine#4" [stack: 0x00007f7dac56d000,0x00007f7dac66d000] [id=20826]
  0x00007f7da803c000 ConcurrentGCThread "G1 Refine#5" [stack: 0x00007f7dac66e000,0x00007f7dac76e000] [id=20825]
  0x00007f7da803a000 ConcurrentGCThread "G1 Refine#6" [stack: 0x00007f7dac76f000,0x00007f7dac86f000] [id=20824]
  0x00007f7da8038800 ConcurrentGCThread "G1 Refine#7" [stack: 0x00007f7dac870000,0x00007f7dac970000] [id=20823]
  0x00007f7da8046800 ConcurrentGCThread "G1 Young RemSet Sampling" [stack: 0x00007f7dac068000,0x00007f7dac168000] [id=20831]

Threads with active compile tasks:

VM state:not at safepoint (normal execution)

VM Mutex/Monitor currently owned by a thread: None

Heap address: 0x0000000085000000, size: 1968 MB, Compressed Oops mode: 32-bit
Narrow klass base: 0x0000000000000000, Narrow klass shift: 3
Compressed class space size: 1073741824 Address: 0x0000000100000000

Heap:
 garbage-first heap   total 126976K, used 6144K [0x0000000085000000, 0x00000000851003e0, 0x0000000100000000)
  region size 1024K, 7 young (7168K), 0 survivors (0K)
 Metaspace       used 8535K, capacity 8750K, committed 9088K, reserved 1056768K
  class space    used 733K, capacity 800K, committed 896K, reserved 1048576K
Heap Regions: E=young(eden), S=young(survivor), O=old, HS=humongous(starts), HC=humongous(continues), CS=collection set, F=free, A=archive, TS=gc time stamp, AC=allocation context, TAMS=top-at-mark-start (previous, next)
|   0|0x0000000085000000, 0x0000000085000000, 0x0000000085100000|  0%| F|  |TS  0|AC  0|TAMS 0x0000000085000000, 0x0000000085000000|
|   1|0x0000000085100000, 0x0000000085100000, 0x0000000085200000|  0%| F|  |TS  0|AC  0|TAMS 0x0000000085100000, 0x0000000085100000|
|   2|0x0000000085200000, 0x0000000085200000, 0x0000000085300000|  0%| F|  |TS  0|AC  0|TAMS 0x0000000085200000, 0x0000000085200000|
|   3|0x0000000085300000, 0x0000000085300000, 0x0000000085400000|  0%| F|  |TS  0|AC  0|TAMS 0x0000000085300000, 0x0000000085300000|
|   4|0x0000000085400000, 0x0000000085400000, 0x0000000085500000|  0%| F|  |TS  0|AC  0|TAMS 0x0000000085400000, 0x0000000085400000|
|   5|0x0000000085500000, 0x0000000085500000, 0x0000000085600000|  0%| F|  |TS  0|AC  0|TAMS 0x0000000085500000, 0x0000000085500000|
|   6|0x0000000085600000, 0x0000000085600000, 0x0000000085700000|  0%| F|  |TS  0|AC  0|TAMS 0x0000000085600000, 0x0000000085600000|
|   7|0x0000000085700000, 0x0000000085700000, 0x0000000085800000|  0%| F|  |TS  0|AC  0|TAMS 0x0000000085700000, 0x0000000085700000|
|   8|0x0000000085800000, 0x0000000085800000, 0x0000000085900000|  0%| F|  |TS  0|AC  0|TAMS 0x0000000085800000, 0x0000000085800000|
|   9|0x0000000085900000, 0x0000000085900000, 0x0000000085a00000|  0%| F|  |TS  0|AC  0|TAMS 0x0000000085900000, 0x0000000085900000|
|  10|0x0000000085a00000, 0x0000000085a00000, 0x0000000085b00000|  0%| F|  |TS  0|AC  0|TAMS 0x0000000085a00000, 0x0000000085a00000|
|  11|0x0000000085b00000, 0x0000000085b00000, 0x0000000085c00000|  0%| F|  |TS  0|AC  0|TAMS 0x0000000085b00000, 0x0000000085b00000|
|  12|0x0000000085c00000, 0x0000000085c00000, 0x0000000085d00000|  0%| F|  |TS  0|AC  0|TAMS 0x0000000085c00000, 0x0000000085c00000|
|  13|0x0000000085d00000, 0x0000000085d00000, 0x0000000085e00000|  0%| F|  |TS  0|AC  0|TAMS 0x0000000085d00000, 0x0000000085d00000|
|  14|0x0000000085e00000, 0x0000000085e00000, 0x0000000085f00000|  0%| F|  |TS  0|AC  0|TAMS 0x0000000085e00000, 0x0000000085e00000|
|  15|0x0000000085f00000, 0x0000000085f00000, 0x0000000086000000|  0%| F|  |TS  0|AC  0|TAMS 0x0000000085f00000, 0x0000000085f00000|
|  16|0x0000000086000000, 0x0000000086000000, 0x0000000086100000|  0%| F|  |TS  0|AC  0|TAMS 0x0000000086000000, 0x0000000086000000|
|  17|0x0000000086100000, 0x0000000086100000, 0x0000000086200000|  0%| F|  |TS  0|AC  0|TAMS 0x0000000086100000, 0x0000000086100000|
|  18|0x0000000086200000, 0x0000000086200000, 0x0000000086300000|  0%| F|  |TS  0|AC  0|TAMS 0x0000000086200000, 0x0000000086200000|
|  19|0x0000000086300000, 0x0000000086300000, 0x0000000086400000|  0%| F|  |TS  0|AC  0|TAMS 0x0000000086300000, 0x0000000086300000|
|  20|0x0000000086400000, 0x0000000086400000, 0x0000000086500000|  0%| F|  |TS  0|AC  0|TAMS 0x0000000086400000, 0x0000000086400000|
|  21|0x0000000086500000, 0x0000000086500000, 0x0000000086600000|  0%| F|  |TS  0|AC  0|TAMS 0x0000000086500000, 0x0000000086500000|
|  22|0x0000000086600000, 0x0000000086600000, 0x0000000086700000|  0%| F|  |TS  0|AC  0|TAMS 0x0000000086600000, 0x0000000086600000|
|  23|0x0000000086700000, 0x0000000086700000, 0x0000000086800000|  0%| F|  |TS  0|AC  0|TAMS 0x0000000086700000, 0x0000000086700000|
|  24|0x0000000086800000, 0x0000000086800000, 0x0000000086900000|  0%| F|  |TS  0|AC  0|TAMS 0x0000000086800000, 0x0000000086800000|
|  25|0x0000000086900000, 0x0000000086900000, 0x0000000086a00000|  0%| F|  |TS  0|AC  0|TAMS 0x0000000086900000, 0x0000000086900000|
|  26|0x0000000086a00000, 0x0000000086a00000, 0x0000000086b00000|  0%| F|  |TS  0|AC  0|TAMS 0x0000000086a00000, 0x0000000086a00000|
|  27|0x0000000086b00000, 0x0000000086b00000, 0x0000000086c00000|  0%| F|  |TS  0|AC  0|TAMS 0x0000000086b00000, 0x0000000086b00000|
|  28|0x0000000086c00000, 0x0000000086c00000, 0x0000000086d00000|  0%| F|  |TS  0|AC  0|TAMS 0x0000000086c00000, 0x0000000086c00000|
|  29|0x0000000086d00000, 0x0000000086d00000, 0x0000000086e00000|  0%| F|  |TS  0|AC  0|TAMS 0x0000000086d00000, 0x0000000086d00000|
|  30|0x0000000086e00000, 0x0000000086e00000, 0x0000000086f00000|  0%| F|  |TS  0|AC  0|TAMS 0x0000000086e00000, 0x0000000086e00000|
|  31|0x0000000086f00000, 0x0000000086f00000, 0x0000000087000000|  0%| F|  |TS  0|AC  0|TAMS 0x0000000086f00000, 0x0000000086f00000|
|  32|0x0000000087000000, 0x0000000087000000, 0x0000000087100000|  0%| F|  |TS  0|AC  0|TAMS 0x0000000087000000, 0x0000000087000000|
|  33|0x0000000087100000, 0x0000000087100000, 0x0000000087200000|  0%| F|  |TS  0|AC  0|TAMS 0x0000000087100000, 0x0000000087100000|
|  34|0x0000000087200000, 0x0000000087200000, 0x0000000087300000|  0%| F|  |TS  0|AC  0|TAMS 0x0000000087200000, 0x0000000087200000|
|  35|0x0000000087300000, 0x0000000087300000, 0x0000000087400000|  0%| F|  |TS  0|AC  0|TAMS 0x0000000087300000, 0x0000000087300000|
|  36|0x0000000087400000, 0x0000000087400000, 0x0000000087500000|  0%| F|  |TS  0|AC  0|TAMS 0x0000000087400000, 0x0000000087400000|
|  37|0x0000000087500000, 0x0000000087500000, 0x0000000087600000|  0%| F|  |TS  0|AC  0|TAMS 0x0000000087500000, 0x0000000087500000|
|  38|0x0000000087600000, 0x0000000087600000, 0x0000000087700000|  0%| F|  |TS  0|AC  0|TAMS 0x0000000087600000, 0x0000000087600000|
|  39|0x0000000087700000, 0x0000000087700000, 0x0000000087800000|  0%| F|  |TS  0|AC  0|TAMS 0x0000000087700000, 0x0000000087700000|
|  40|0x0000000087800000, 0x0000000087800000, 0x0000000087900000|  0%| F|  |TS  0|AC  0|TAMS 0x0000000087800000, 0x0000000087800000|
|  41|0x0000000087900000, 0x0000000087900000, 0x0000000087a00000|  0%| F|  |TS  0|AC  0|TAMS 0x0000000087900000, 0x0000000087900000|
|  42|0x0000000087a00000, 0x0000000087a00000, 0x0000000087b00000|  0%| F|  |TS  0|AC  0|TAMS 0x0000000087a00000, 0x0000000087a00000|
|  43|0x0000000087b00000, 0x0000000087b00000, 0x0000000087c00000|  0%| F|  |TS  0|AC  0|TAMS 0x0000000087b00000, 0x0000000087b00000|
|  44|0x0000000087c00000, 0x0000000087c00000, 0x0000000087d00000|  0%| F|  |TS  0|AC  0|TAMS 0x0000000087c00000, 0x0000000087c00000|
|  45|0x0000000087d00000, 0x0000000087d00000, 0x0000000087e00000|  0%| F|  |TS  0|AC  0|TAMS 0x0000000087d00000, 0x0000000087d00000|
|  46|0x0000000087e00000, 0x0000000087e00000, 0x0000000087f00000|  0%| F|  |TS  0|AC  0|TAMS 0x0000000087e00000, 0x0000000087e00000|
|  47|0x0000000087f00000, 0x0000000087f00000, 0x0000000088000000|  0%| F|  |TS  0|AC  0|TAMS 0x0000000087f00000, 0x0000000087f00000|
|  48|0x0000000088000000, 0x0000000088000000, 0x0000000088100000|  0%| F|  |TS  0|AC  0|TAMS 0x0000000088000000, 0x0000000088000000|
|  49|0x0000000088100000, 0x0000000088100000, 0x0000000088200000|  0%| F|  |TS  0|AC  0|TAMS 0x0000000088100000, 0x0000000088100000|
|  50|0x0000000088200000, 0x0000000088200000, 0x0000000088300000|  0%| F|  |TS  0|AC  0|TAMS 0x0000000088200000, 0x0000000088200000|
|  51|0x0000000088300000, 0x0000000088300000, 0x0000000088400000|  0%| F|  |TS  0|AC  0|TAMS 0x0000000088300000, 0x0000000088300000|
|  52|0x0000000088400000, 0x0000000088400000, 0x0000000088500000|  0%| F|  |TS  0|AC  0|TAMS 0x0000000088400000, 0x0000000088400000|
|  53|0x0000000088500000, 0x0000000088500000, 0x0000000088600000|  0%| F|  |TS  0|AC  0|TAMS 0x0000000088500000, 0x0000000088500000|
|  54|0x0000000088600000, 0x0000000088600000, 0x0000000088700000|  0%| F|  |TS  0|AC  0|TAMS 0x0000000088600000, 0x0000000088600000|
|  55|0x0000000088700000, 0x0000000088700000, 0x0000000088800000|  0%| F|  |TS  0|AC  0|TAMS 0x0000000088700000, 0x0000000088700000|
|  56|0x0000000088800000, 0x0000000088800000, 0x0000000088900000|  0%| F|  |TS  0|AC  0|TAMS 0x0000000088800000, 0x0000000088800000|
|  57|0x0000000088900000, 0x0000000088900000, 0x0000000088a00000|  0%| F|  |TS  0|AC  0|TAMS 0x0000000088900000, 0x0000000088900000|
|  58|0x0000000088a00000, 0x0000000088a00000, 0x0000000088b00000|  0%| F|  |TS  0|AC  0|TAMS 0x0000000088a00000, 0x0000000088a00000|
|  59|0x0000000088b00000, 0x0000000088b00000, 0x0000000088c00000|  0%| F|  |TS  0|AC  0|TAMS 0x0000000088b00000, 0x0000000088b00000|
|  60|0x0000000088c00000, 0x0000000088c00000, 0x0000000088d00000|  0%| F|  |TS  0|AC  0|TAMS 0x0000000088c00000, 0x0000000088c00000|
|  61|0x0000000088d00000, 0x0000000088d00000, 0x0000000088e00000|  0%| F|  |TS  0|AC  0|TAMS 0x0000000088d00000, 0x0000000088d00000|
|  62|0x0000000088e00000, 0x0000000088e00000, 0x0000000088f00000|  0%| F|  |TS  0|AC  0|TAMS 0x0000000088e00000, 0x0000000088e00000|
|  63|0x0000000088f00000, 0x0000000088f00000, 0x0000000089000000|  0%| F|  |TS  0|AC  0|TAMS 0x0000000088f00000, 0x0000000088f00000|
|  64|0x0000000089000000, 0x0000000089000000, 0x0000000089100000|  0%| F|  |TS  0|AC  0|TAMS 0x0000000089000000, 0x0000000089000000|
|  65|0x0000000089100000, 0x0000000089100000, 0x0000000089200000|  0%| F|  |TS  0|AC  0|TAMS 0x0000000089100000, 0x0000000089100000|
|  66|0x0000000089200000, 0x0000000089200000, 0x0000000089300000|  0%| F|  |TS  0|AC  0|TAMS 0x0000000089200000, 0x0000000089200000|
|  67|0x0000000089300000, 0x0000000089300000, 0x0000000089400000|  0%| F|  |TS  0|AC  0|TAMS 0x0000000089300000, 0x0000000089300000|
|  68|0x0000000089400000, 0x0000000089400000, 0x0000000089500000|  0%| F|  |TS  0|AC  0|TAMS 0x0000000089400000, 0x0000000089400000|
|  69|0x0000000089500000, 0x0000000089500000, 0x0000000089600000|  0%| F|  |TS  0|AC  0|TAMS 0x0000000089500000, 0x0000000089500000|
|  70|0x0000000089600000, 0x0000000089600000, 0x0000000089700000|  0%| F|  |TS  0|AC  0|TAMS 0x0000000089600000, 0x0000000089600000|
|  71|0x0000000089700000, 0x0000000089700000, 0x0000000089800000|  0%| F|  |TS  0|AC  0|TAMS 0x0000000089700000, 0x0000000089700000|
|  72|0x0000000089800000, 0x0000000089800000, 0x0000000089900000|  0%| F|  |TS  0|AC  0|TAMS 0x0000000089800000, 0x0000000089800000|
|  73|0x0000000089900000, 0x0000000089900000, 0x0000000089a00000|  0%| F|  |TS  0|AC  0|TAMS 0x0000000089900000, 0x0000000089900000|
|  74|0x0000000089a00000, 0x0000000089a00000, 0x0000000089b00000|  0%| F|  |TS  0|AC  0|TAMS 0x0000000089a00000, 0x0000000089a00000|
|  75|0x0000000089b00000, 0x0000000089b00000, 0x0000000089c00000|  0%| F|  |TS  0|AC  0|TAMS 0x0000000089b00000, 0x0000000089b00000|
|  76|0x0000000089c00000, 0x0000000089c00000, 0x0000000089d00000|  0%| F|  |TS  0|AC  0|TAMS 0x0000000089c00000, 0x0000000089c00000|
|  77|0x0000000089d00000, 0x0000000089d00000, 0x0000000089e00000|  0%| F|  |TS  0|AC  0|TAMS 0x0000000089d00000, 0x0000000089d00000|
|  78|0x0000000089e00000, 0x0000000089e00000, 0x0000000089f00000|  0%| F|  |TS  0|AC  0|TAMS 0x0000000089e00000, 0x0000000089e00000|
|  79|0x0000000089f00000, 0x0000000089f00000, 0x000000008a000000|  0%| F|  |TS  0|AC  0|TAMS 0x0000000089f00000, 0x0000000089f00000|
|  80|0x000000008a000000, 0x000000008a000000, 0x000000008a100000|  0%| F|  |TS  0|AC  0|TAMS 0x000000008a000000, 0x000000008a000000|
|  81|0x000000008a100000, 0x000000008a100000, 0x000000008a200000|  0%| F|  |TS  0|AC  0|TAMS 0x000000008a100000, 0x000000008a100000|
|  82|0x000000008a200000, 0x000000008a200000, 0x000000008a300000|  0%| F|  |TS  0|AC  0|TAMS 0x000000008a200000, 0x000000008a200000|
|  83|0x000000008a300000, 0x000000008a300000, 0x000000008a400000|  0%| F|  |TS  0|AC  0|TAMS 0x000000008a300000, 0x000000008a300000|
|  84|0x000000008a400000, 0x000000008a400000, 0x000000008a500000|  0%| F|  |TS  0|AC  0|TAMS 0x000000008a400000, 0x000000008a400000|
|  85|0x000000008a500000, 0x000000008a500000, 0x000000008a600000|  0%| F|  |TS  0|AC  0|TAMS 0x000000008a500000, 0x000000008a500000|
|  86|0x000000008a600000, 0x000000008a600000, 0x000000008a700000|  0%| F|  |TS  0|AC  0|TAMS 0x000000008a600000, 0x000000008a600000|
|  87|0x000000008a700000, 0x000000008a700000, 0x000000008a800000|  0%| F|  |TS  0|AC  0|TAMS 0x000000008a700000, 0x000000008a700000|
|  88|0x000000008a800000, 0x000000008a800000, 0x000000008a900000|  0%| F|  |TS  0|AC  0|TAMS 0x000000008a800000, 0x000000008a800000|
|  89|0x000000008a900000, 0x000000008a900000, 0x000000008aa00000|  0%| F|  |TS  0|AC  0|TAMS 0x000000008a900000, 0x000000008a900000|
|  90|0x000000008aa00000, 0x000000008aa00000, 0x000000008ab00000|  0%| F|  |TS  0|AC  0|TAMS 0x000000008aa00000, 0x000000008aa00000|
|  91|0x000000008ab00000, 0x000000008ab00000, 0x000000008ac00000|  0%| F|  |TS  0|AC  0|TAMS 0x000000008ab00000, 0x000000008ab00000|
|  92|0x000000008ac00000, 0x000000008ac00000, 0x000000008ad00000|  0%| F|  |TS  0|AC  0|TAMS 0x000000008ac00000, 0x000000008ac00000|
|  93|0x000000008ad00000, 0x000000008ad00000, 0x000000008ae00000|  0%| F|  |TS  0|AC  0|TAMS 0x000000008ad00000, 0x000000008ad00000|
|  94|0x000000008ae00000, 0x000000008ae00000, 0x000000008af00000|  0%| F|  |TS  0|AC  0|TAMS 0x000000008ae00000, 0x000000008ae00000|
|  95|0x000000008af00000, 0x000000008af00000, 0x000000008b000000|  0%| F|  |TS  0|AC  0|TAMS 0x000000008af00000, 0x000000008af00000|
|  96|0x000000008b000000, 0x000000008b000000, 0x000000008b100000|  0%| F|  |TS  0|AC  0|TAMS 0x000000008b000000, 0x000000008b000000|
|  97|0x000000008b100000, 0x000000008b100000, 0x000000008b200000|  0%| F|  |TS  0|AC  0|TAMS 0x000000008b100000, 0x000000008b100000|
|  98|0x000000008b200000, 0x000000008b200000, 0x000000008b300000|  0%| F|  |TS  0|AC  0|TAMS 0x000000008b200000, 0x000000008b200000|
|  99|0x000000008b300000, 0x000000008b300000, 0x000000008b400000|  0%| F|  |TS  0|AC  0|TAMS 0x000000008b300000, 0x000000008b300000|
| 100|0x000000008b400000, 0x000000008b400000, 0x000000008b500000|  0%| F|  |TS  0|AC  0|TAMS 0x000000008b400000, 0x000000008b400000|
| 101|0x000000008b500000, 0x000000008b500000, 0x000000008b600000|  0%| F|  |TS  0|AC  0|TAMS 0x000000008b500000, 0x000000008b500000|
| 102|0x000000008b600000, 0x000000008b600000, 0x000000008b700000|  0%| F|  |TS  0|AC  0|TAMS 0x000000008b600000, 0x000000008b600000|
| 103|0x000000008b700000, 0x000000008b700000, 0x000000008b800000|  0%| F|  |TS  0|AC  0|TAMS 0x000000008b700000, 0x000000008b700000|
| 104|0x000000008b800000, 0x000000008b800000, 0x000000008b900000|  0%| F|  |TS  0|AC  0|TAMS 0x000000008b800000, 0x000000008b800000|
| 105|0x000000008b900000, 0x000000008b900000, 0x000000008ba00000|  0%| F|  |TS  0|AC  0|TAMS 0x000000008b900000, 0x000000008b900000|
| 106|0x000000008ba00000, 0x000000008ba00000, 0x000000008bb00000|  0%| F|  |TS  0|AC  0|TAMS 0x000000008ba00000, 0x000000008ba00000|
| 107|0x000000008bb00000, 0x000000008bb00000, 0x000000008bc00000|  0%| F|  |TS  0|AC  0|TAMS 0x000000008bb00000, 0x000000008bb00000|
| 108|0x000000008bc00000, 0x000000008bc00000, 0x000000008bd00000|  0%| F|  |TS  0|AC  0|TAMS 0x000000008bc00000, 0x000000008bc00000|
| 109|0x000000008bd00000, 0x000000008bd00000, 0x000000008be00000|  0%| F|  |TS  0|AC  0|TAMS 0x000000008bd00000, 0x000000008bd00000|
| 110|0x000000008be00000, 0x000000008be00000, 0x000000008bf00000|  0%| F|  |TS  0|AC  0|TAMS 0x000000008be00000, 0x000000008be00000|
| 111|0x000000008bf00000, 0x000000008bf00000, 0x000000008c000000|  0%| F|  |TS  0|AC  0|TAMS 0x000000008bf00000, 0x000000008bf00000|
| 112|0x000000008c000000, 0x000000008c000000, 0x000000008c100000|  0%| F|  |TS  0|AC  0|TAMS 0x000000008c000000, 0x000000008c000000|
| 113|0x000000008c100000, 0x000000008c100000, 0x000000008c200000|  0%| F|  |TS  0|AC  0|TAMS 0x000000008c100000, 0x000000008c100000|
| 114|0x000000008c200000, 0x000000008c200000, 0x000000008c300000|  0%| F|  |TS  0|AC  0|TAMS 0x000000008c200000, 0x000000008c200000|
| 115|0x000000008c300000, 0x000000008c300000, 0x000000008c400000|  0%| F|  |TS  0|AC  0|TAMS 0x000000008c300000, 0x000000008c300000|
| 116|0x000000008c400000, 0x000000008c400000, 0x000000008c500000|  0%| F|  |TS  0|AC  0|TAMS 0x000000008c400000, 0x000000008c400000|
| 117|0x000000008c500000, 0x000000008c5f6490, 0x000000008c600000| 96%| E|  |TS  0|AC  0|TAMS 0x000000008c500000, 0x000000008c500000|
| 118|0x000000008c600000, 0x000000008c700000, 0x000000008c700000|100%| E|CS|TS  0|AC  0|TAMS 0x000000008c600000, 0x000000008c600000|
| 119|0x000000008c700000, 0x000000008c800000, 0x000000008c800000|100%| E|CS|TS  0|AC  0|TAMS 0x000000008c700000, 0x000000008c700000|
| 120|0x000000008c800000, 0x000000008c900000, 0x000000008c900000|100%| E|CS|TS  0|AC  0|TAMS 0x000000008c800000, 0x000000008c800000|
| 121|0x000000008c900000, 0x000000008ca00000, 0x000000008ca00000|100%| E|CS|TS  0|AC  0|TAMS 0x000000008c900000, 0x000000008c900000|
| 122|0x000000008ca00000, 0x000000008cb00000, 0x000000008cb00000|100%| E|CS|TS  0|AC  0|TAMS 0x000000008ca00000, 0x000000008ca00000|
| 123|0x000000008cb00000, 0x000000008cc00000, 0x000000008cc00000|100%| E|CS|TS  0|AC  0|TAMS 0x000000008cb00000, 0x000000008cb00000|

Card table byte_map: [0x00007f7d8cfbb000,0x00007f7d8d393000] byte_map_base: 0x00007f7d8cb93000

Marking Bits (Prev, Next): (CMBitMap*) 0x00007f7da806b030, (CMBitMap*) 0x00007f7da806b068
 Prev Bits: [0x00007f7d46140000, 0x00007f7d48000000)
 Next Bits: [0x00007f7d44280000, 0x00007f7d46140000)

Polling page: 0x00007f7db12d2000

CodeHeap 'non-profiled nmethods': size=120032Kb used=148Kb max_used=148Kb free=119884Kb
 bounds [0x00007f7d9560b000, 0x00007f7d9587b000, 0x00007f7d9cb43000]
CodeHeap 'profiled nmethods': size=120028Kb used=865Kb max_used=865Kb free=119162Kb
 bounds [0x00007f7d8e0d4000, 0x00007f7d8e344000, 0x00007f7d9560b000]
CodeHeap 'non-nmethods': size=5700Kb used=1213Kb max_used=1225Kb free=4486Kb
 bounds [0x00007f7d8db43000, 0x00007f7d8ddb3000, 0x00007f7d8e0d4000]
 total_blobs=1059 nmethods=551 adapters=302
 compilation: enabled

Compilation events (10 events):
Event: 0,419 Thread 0x00007f7da8177800 nmethod 543 0x00007f7d8e1a7c90 code [0x00007f7d8e1a7e40, 0x00007f7d8e1a7fc8]
Event: 0,421 Thread 0x00007f7da8177800  545       3       sun.invoke.util.Wrapper::forBasicType (16 bytes)
Event: 0,421 Thread 0x00007f7da8177800 nmethod 545 0x00007f7d8e1a8090 code [0x00007f7d8e1a8240, 0x00007f7d8e1a84a8]
Event: 0,422 Thread 0x00007f7da8177800  546       3       java.util.zip.ZipFile$Source::getEntryPos (206 bytes)
Event: 0,423 Thread 0x00007f7da8177800 nmethod 546 0x00007f7d8e1a8590 code [0x00007f7d8e1a8800, 0x00007f7d8e1a9498]
Event: 0,424 Thread 0x00007f7da8171800  547       4       java.lang.String::<init> (15 bytes)
Event: 0,425 Thread 0x00007f7da8171800 nmethod 547 0x00007f7d9562fc90 code [0x00007f7d9562fe20, 0x00007f7d9562ff78]
Event: 0,434 Thread 0x00007f7da8177800  549   !   3       java.util.jar.JarFile::isMultiRelease (33 bytes)
Event: 0,434 Thread 0x00007f7da8177800 nmethod 549 0x00007f7d8e1a9a90 code [0x00007f7d8e1a9c40, 0x00007f7d8e1a9e88]
Event: 0,434 Thread 0x00007f7da8177800  548       3       java.io.UnixFileSystem::prefixLength (25 bytes)

GC Heap History (0 events):
No events

Deoptimization events (1 events):
Event: 0,280 Thread 0x00007f7da8013000 Uncommon trap: reason=unstable_if action=reinterpret pc=0x00007f7d9560dd14 method=java.lang.String.charAt(I)C @ 4 c2

Classes redefined (0 events):
No events

Internal exceptions (9 events):
Event: 0,316 Thread 0x00007f7da8013000 Exception <a 'java/lang/NoSuchMethodError'{0x000000008c614080}: java.lang.invoke.DirectMethodHandle$Holder.invokeStatic(Ljava/lang/Object;Ljava/lang/Object;)I> (0x000000008c614080) thrown at [/scratch/opt/mach5/mesos/work_dir/slaves/5af44a71-976a-41b7-81d
Event: 0,319 Thread 0x00007f7da8013000 Exception <a 'java/lang/NoSuchMethodError'{0x000000008c622138}: method resolution failed> (0x000000008c622138) thrown at [/scratch/opt/mach5/mesos/work_dir/slaves/5af44a71-976a-41b7-81de-5773b84ec572-S39643/frameworks/1735e8a2-a1db-478c-8104-60c8b0af87dd-
Event: 0,320 Thread 0x00007f7da8013000 Exception <a 'java/lang/NoSuchMethodError'{0x000000008c625df0}: method resolution failed> (0x000000008c625df0) thrown at [/scratch/opt/mach5/mesos/work_dir/slaves/5af44a71-976a-41b7-81de-5773b84ec572-S39643/frameworks/1735e8a2-a1db-478c-8104-60c8b0af87dd-
Event: 0,320 Thread 0x00007f7da8013000 Exception <a 'java/lang/NoSuchMethodError'{0x000000008c6292f0}: java.lang.invoke.DelegatingMethodHandle$Holder.delegate(Ljava/lang/Object;Ljava/lang/Object;ILjava/lang/Object;)V> (0x000000008c6292f0) thrown at [/scratch/opt/mach5/mesos/work_dir/slaves/5af
Event: 0,321 Thread 0x00007f7da8013000 Exception <a 'java/lang/NoSuchMethodError'{0x000000008c62cff8}: java.lang.invoke.DirectMethodHandle$Holder.invokeSpecial(Ljava/lang/Object;Ljava/lang/Object;Ljava/lang/Object;)I> (0x000000008c62cff8) thrown at [/scratch/opt/mach5/mesos/work_dir/slaves/5af
Event: 0,322 Thread 0x00007f7da8013000 Exception <a 'java/lang/NoSuchMethodError'{0x000000008c6345c0}: java.lang.invoke.DirectMethodHandle$Holder.invokeStaticInit(Ljava/lang/Object;Ljava/lang/Object;Ljava/lang/Object;)Ljava/lang/Object;> (0x000000008c6345c0) thrown at [/scratch/opt/mach5/mesos
Event: 0,335 Thread 0x00007f7da8013000 Exception <a 'java/lang/NoSuchMethodError'{0x000000008c67db08}: java.lang.Object.lambda$static$0(Ljava/lang/String;)Ljava/lang/Boolean;> (0x000000008c67db08) thrown at [/scratch/opt/mach5/mesos/work_dir/slaves/5af44a71-976a-41b7-81de-5773b84ec572-S39643/f
Event: 0,337 Thread 0x00007f7da8013000 Exception <a 'java/lang/NoSuchMethodError'{0x000000008c687c50}: java.lang.Object.lambda$union$2(Ljava/util/regex/Pattern$CharPredicate;I)Z> (0x000000008c687c50) thrown at [/scratch/opt/mach5/mesos/work_dir/slaves/5af44a71-976a-41b7-81de-5773b84ec572-S3964
Event: 0,407 Thread 0x00007f7da8013000 Exception <a 'sun/nio/fs/UnixException'{0x000000008c533e70}> (0x000000008c533e70) thrown at [/scratch/opt/mach5/mesos/work_dir/slaves/5af44a71-976a-41b7-81de-5773b84ec572-S39643/frameworks/1735e8a2-a1db-478c-8104-60c8b0af87dd-0196/executors/a3f74ad9-294f-

Events (10 events):
Event: 0,423 loading class org/lwjgl/system/MathUtil
Event: 0,423 loading class org/lwjgl/system/MathUtil done
Event: 0,424 loading class org/lwjgl/system/linux/DynamicLinkLoader
Event: 0,424 loading class org/lwjgl/system/linux/DynamicLinkLoader done
Event: 0,433 loading class org/lwjgl/opengl/GL$2
Event: 0,433 loading class org/lwjgl/opengl/GL$2 done
Event: 0,434 loading class org/lwjgl/opengl/GL$SharedLibraryGL
Event: 0,434 loading class org/lwjgl/opengl/GL$SharedLibraryGL done
Event: 0,434 loading class org/lwjgl/system/SharedLibrary$Delegate
Event: 0,434 loading class org/lwjgl/system/SharedLibrary$Delegate done


Dynamic libraries:
00400000-00401000 r-xp 00000000 08:01 3807052                            /usr/lib/jvm/java-9-oracle/bin/java
00600000-00601000 rw-p 00000000 08:01 3807052                            /usr/lib/jvm/java-9-oracle/bin/java
01a72000-01a93000 rw-p 00000000 00:00 0                                  [heap]
85000000-8cc00000 rw-p 00000000 00:00 0 
8cc00000-100000000 ---p 00000000 00:00 0 
100000000-1000e0000 rw-p 00000000 00:00 0 
1000e0000-140000000 ---p 00000000 00:00 0 
7f7d00000000-7f7d00021000 rw-p 00000000 00:00 0 
7f7d00021000-7f7d04000000 ---p 00000000 00:00 0 
7f7d04f48000-7f7d05147000 rw-p 00000000 00:00 0 
7f7d05147000-7f7d0514c000 r-xp 00000000 08:01 3415809                    /usr/lib/x86_64-linux-gnu/libXdmcp.so.6.0.0
7f7d0514c000-7f7d0534b000 ---p 00005000 08:01 3415809                    /usr/lib/x86_64-linux-gnu/libXdmcp.so.6.0.0
7f7d0534b000-7f7d0534c000 r--p 00004000 08:01 3415809                    /usr/lib/x86_64-linux-gnu/libXdmcp.so.6.0.0
7f7d0534c000-7f7d0534d000 rw-p 00005000 08:01 3415809                    /usr/lib/x86_64-linux-gnu/libXdmcp.so.6.0.0
7f7d0534d000-7f7d0534f000 r-xp 00000000 08:01 3415798                    /usr/lib/x86_64-linux-gnu/libXau.so.6.0.0
7f7d0534f000-7f7d0554f000 ---p 00002000 08:01 3415798                    /usr/lib/x86_64-linux-gnu/libXau.so.6.0.0
7f7d0554f000-7f7d05550000 r--p 00002000 08:01 3415798                    /usr/lib/x86_64-linux-gnu/libXau.so.6.0.0
7f7d05550000-7f7d05551000 rw-p 00003000 08:01 3415798                    /usr/lib/x86_64-linux-gnu/libXau.so.6.0.0
7f7d05551000-7f7d05572000 r-xp 00000000 08:01 3417216                    /usr/lib/x86_64-linux-gnu/libxcb.so.1.1.0
7f7d05572000-7f7d05771000 ---p 00021000 08:01 3417216                    /usr/lib/x86_64-linux-gnu/libxcb.so.1.1.0
7f7d05771000-7f7d05772000 r--p 00020000 08:01 3417216                    /usr/lib/x86_64-linux-gnu/libxcb.so.1.1.0
7f7d05772000-7f7d05773000 rw-p 00021000 08:01 3417216                    /usr/lib/x86_64-linux-gnu/libxcb.so.1.1.0
7f7d05773000-7f7d05784000 r-xp 00000000 08:01 3415811                    /usr/lib/x86_64-linux-gnu/libXext.so.6.4.0
7f7d05784000-7f7d05983000 ---p 00011000 08:01 3415811                    /usr/lib/x86_64-linux-gnu/libXext.so.6.4.0
7f7d05983000-7f7d05984000 r--p 00010000 08:01 3415811                    /usr/lib/x86_64-linux-gnu/libXext.so.6.4.0
7f7d05984000-7f7d05985000 rw-p 00011000 08:01 3415811                    /usr/lib/x86_64-linux-gnu/libXext.so.6.4.0
7f7d05985000-7f7d05aba000 r-xp 00000000 08:01 3415794                    /usr/lib/x86_64-linux-gnu/libX11.so.6.3.0
7f7d05aba000-7f7d05cba000 ---p 00135000 08:01 3415794                    /usr/lib/x86_64-linux-gnu/libX11.so.6.3.0
7f7d05cba000-7f7d05cbb000 r--p 00135000 08:01 3415794                    /usr/lib/x86_64-linux-gnu/libX11.so.6.3.0
7f7d05cbb000-7f7d05cbf000 rw-p 00136000 08:01 3415794                    /usr/lib/x86_64-linux-gnu/libX11.so.6.3.0
7f7d05cbf000-7f7d070dd000 r-xp 00000000 08:01 3411185                    /usr/lib/nvidia-390/libnvidia-glcore.so.390.48
7f7d070dd000-7f7d070fe000 rwxp 0141e000 08:01 3411185                    /usr/lib/nvidia-390/libnvidia-glcore.so.390.48
7f7d070fe000-7f7d07533000 r-xp 0143f000 08:01 3411185                    /usr/lib/nvidia-390/libnvidia-glcore.so.390.48
7f7d07533000-7f7d07733000 ---p 01874000 08:01 3411185                    /usr/lib/nvidia-390/libnvidia-glcore.so.390.48
7f7d07733000-7f7d07aa6000 rw-p 01874000 08:01 3411185                    /usr/lib/nvidia-390/libnvidia-glcore.so.390.48
7f7d07aa6000-7f7d07abf000 rw-p 00000000 00:00 0 
7f7d07abf000-7f7d07ac2000 r-xp 00000000 08:01 3411189                    /usr/lib/nvidia-390/tls/libnvidia-tls.so.390.48
7f7d07ac2000-7f7d07cc2000 ---p 00003000 08:01 3411189                    /usr/lib/nvidia-390/tls/libnvidia-tls.so.390.48
7f7d07cc2000-7f7d07cc3000 rw-p 00003000 08:01 3411189                    /usr/lib/nvidia-390/tls/libnvidia-tls.so.390.48
7f7d07cc3000-7f7d07d8c000 r-xp 00000000 08:01 3411194                    /usr/lib/nvidia-390/libGL.so.390.48
7f7d07d8c000-7f7d07dc0000 rwxp 000c9000 08:01 3411194                    /usr/lib/nvidia-390/libGL.so.390.48
7f7d07dc0000-7f7d07dd4000 r-xp 000fd000 08:01 3411194                    /usr/lib/nvidia-390/libGL.so.390.48
7f7d07dd4000-7f7d07fd4000 ---p 00111000 08:01 3411194                    /usr/lib/nvidia-390/libGL.so.390.48
7f7d07fd4000-7f7d07ff9000 rw-p 00111000 08:01 3411194                    /usr/lib/nvidia-390/libGL.so.390.48
7f7d07ff9000-7f7d08000000 rw-p 00000000 00:00 0 
7f7d08000000-7f7d08021000 rw-p 00000000 00:00 0 
7f7d08021000-7f7d0c000000 ---p 00000000 00:00 0 
7f7d0c000000-7f7d0c021000 rw-p 00000000 00:00 0 
7f7d0c021000-7f7d10000000 ---p 00000000 00:00 0 
7f7d10000000-7f7d101d8000 rw-p 00000000 00:00 0 
7f7d101d8000-7f7d14000000 ---p 00000000 00:00 0 
7f7d14000000-7f7d14021000 rw-p 00000000 00:00 0 
7f7d14021000-7f7d18000000 ---p 00000000 00:00 0 
7f7d18000000-7f7d180ab000 rw-p 00000000 00:00 0 
7f7d180ab000-7f7d1c000000 ---p 00000000 00:00 0 
7f7d1c000000-7f7d1c190000 rw-p 00000000 00:00 0 
7f7d1c190000-7f7d20000000 ---p 00000000 00:00 0 
7f7d20000000-7f7d20021000 rw-p 00000000 00:00 0 
7f7d20021000-7f7d24000000 ---p 00000000 00:00 0 
7f7d24000000-7f7d240ec000 rw-p 00000000 00:00 0 
7f7d240ec000-7f7d28000000 ---p 00000000 00:00 0 
7f7d28000000-7f7d28021000 rw-p 00000000 00:00 0 
7f7d28021000-7f7d2c000000 ---p 00000000 00:00 0 
7f7d2c000000-7f7d2c021000 rw-p 00000000 00:00 0 
7f7d2c021000-7f7d30000000 ---p 00000000 00:00 0 
7f7d30000000-7f7d30021000 rw-p 00000000 00:00 0 
7f7d30021000-7f7d34000000 ---p 00000000 00:00 0 
7f7d340b8000-7f7d34123000 r-xp 00000000 08:01 23724423                   /tmp/lwjgloliver/3.1.5-build-1/liblwjgl_opengl.so
7f7d34123000-7f7d34322000 ---p 0006b000 08:01 23724423                   /tmp/lwjgloliver/3.1.5-build-1/liblwjgl_opengl.so
7f7d34322000-7f7d34323000 r--p 0006a000 08:01 23724423                   /tmp/lwjgloliver/3.1.5-build-1/liblwjgl_opengl.so
7f7d34323000-7f7d34324000 rw-p 0006b000 08:01 23724423                   /tmp/lwjgloliver/3.1.5-build-1/liblwjgl_opengl.so
7f7d34324000-7f7d34377000 r-xp 00000000 08:01 23724420                   /tmp/lwjgloliver/3.1.5-build-1/liblwjgl.so
7f7d34377000-7f7d34576000 ---p 00053000 08:01 23724420                   /tmp/lwjgloliver/3.1.5-build-1/liblwjgl.so
7f7d34576000-7f7d34577000 r--p 00052000 08:01 23724420                   /tmp/lwjgloliver/3.1.5-build-1/liblwjgl.so
7f7d34577000-7f7d34578000 rw-p 00053000 08:01 23724420                   /tmp/lwjgloliver/3.1.5-build-1/liblwjgl.so
7f7d34578000-7f7d34579000 ---p 00000000 00:00 0 
7f7d34579000-7f7d34679000 rw-p 00000000 00:00 0 
7f7d34679000-7f7d3467d000 ---p 00000000 00:00 0 
7f7d3467d000-7f7d3477a000 rw-p 00000000 00:00 0 
7f7d3477a000-7f7d3477e000 ---p 00000000 00:00 0 
7f7d3477e000-7f7d3487b000 rw-p 00000000 00:00 0 
7f7d3487b000-7f7d34891000 r-xp 00000000 08:01 5641750                    /usr/lib/jvm/java-9-oracle/lib/libnet.so
7f7d34891000-7f7d34a91000 ---p 00016000 08:01 5641750                    /usr/lib/jvm/java-9-oracle/lib/libnet.so
7f7d34a91000-7f7d34a92000 rw-p 00016000 08:01 5641750                    /usr/lib/jvm/java-9-oracle/lib/libnet.so
7f7d34a92000-7f7d34aa2000 r-xp 00000000 08:01 5641814                    /usr/lib/jvm/java-9-oracle/lib/libnio.so
7f7d34aa2000-7f7d34ca2000 ---p 00010000 08:01 5641814                    /usr/lib/jvm/java-9-oracle/lib/libnio.so
7f7d34ca2000-7f7d34ca3000 rw-p 00010000 08:01 5641814                    /usr/lib/jvm/java-9-oracle/lib/libnio.so
7f7d34ca3000-7f7d34ca7000 ---p 00000000 00:00 0 
7f7d34ca7000-7f7d34da4000 rw-p 00000000 00:00 0 
7f7d34da4000-7f7d34da8000 ---p 00000000 00:00 0 
7f7d34da8000-7f7d34ea5000 rw-p 00000000 00:00 0 
7f7d34ea5000-7f7d34ea9000 ---p 00000000 00:00 0 
7f7d34ea9000-7f7d34fa6000 rw-p 00000000 00:00 0 
7f7d34fa6000-7f7d34faa000 ---p 00000000 00:00 0 
7f7d34faa000-7f7d350a7000 rw-p 00000000 00:00 0 
7f7d350a7000-7f7d350ab000 ---p 00000000 00:00 0 
7f7d350ab000-7f7d351a8000 rw-p 00000000 00:00 0 
7f7d351a8000-7f7d351ac000 ---p 00000000 00:00 0 
7f7d351ac000-7f7d352a9000 rw-p 00000000 00:00 0 
7f7d352a9000-7f7d356ff000 r--p 00000000 08:01 3409364                    /usr/lib/locale/locale-archive
7f7d356ff000-7f7d35703000 ---p 00000000 00:00 0 
7f7d35703000-7f7d36000000 rw-p 00000000 00:00 0 
7f7d36000000-7f7d38000000 rwxp 00000000 00:00 0 
7f7d38000000-7f7d38021000 rw-p 00000000 00:00 0 
7f7d38021000-7f7d3c000000 ---p 00000000 00:00 0 
7f7d3c000000-7f7d3c021000 rw-p 00000000 00:00 0 
7f7d3c021000-7f7d40000000 ---p 00000000 00:00 0 
7f7d40000000-7f7d40021000 rw-p 00000000 00:00 0 
7f7d40021000-7f7d44000000 ---p 00000000 00:00 0 
7f7d4407e000-7f7d44082000 ---p 00000000 00:00 0 
7f7d44082000-7f7d4417f000 rw-p 00000000 00:00 0 
7f7d4417f000-7f7d44180000 ---p 00000000 00:00 0 
7f7d44180000-7f7d44470000 rw-p 00000000 00:00 0 
7f7d44470000-7f7d46140000 ---p 00000000 00:00 0 
7f7d46140000-7f7d46330000 rw-p 00000000 00:00 0 
7f7d46330000-7f7d48000000 ---p 00000000 00:00 0 
7f7d48000000-7f7d48021000 rw-p 00000000 00:00 0 
7f7d48021000-7f7d4c000000 ---p 00000000 00:00 0 
7f7d4c000000-7f7d4c021000 rw-p 00000000 00:00 0 
7f7d4c021000-7f7d50000000 ---p 00000000 00:00 0 
7f7d50000000-7f7d50021000 rw-p 00000000 00:00 0 
7f7d50021000-7f7d54000000 ---p 00000000 00:00 0 
7f7d54000000-7f7d54021000 rw-p 00000000 00:00 0 
7f7d54021000-7f7d58000000 ---p 00000000 00:00 0 
7f7d58000000-7f7d58021000 rw-p 00000000 00:00 0 
7f7d58021000-7f7d5c000000 ---p 00000000 00:00 0 
7f7d5c000000-7f7d5c021000 rw-p 00000000 00:00 0 
7f7d5c021000-7f7d60000000 ---p 00000000 00:00 0 
7f7d60000000-7f7d60021000 rw-p 00000000 00:00 0 
7f7d60021000-7f7d64000000 ---p 00000000 00:00 0 
7f7d64000000-7f7d64021000 rw-p 00000000 00:00 0 
7f7d64021000-7f7d68000000 ---p 00000000 00:00 0 
7f7d68000000-7f7d68021000 rw-p 00000000 00:00 0 
7f7d68021000-7f7d6c000000 ---p 00000000 00:00 0 
7f7d6c000000-7f7d6c021000 rw-p 00000000 00:00 0 
7f7d6c021000-7f7d70000000 ---p 00000000 00:00 0 
7f7d70000000-7f7d70021000 rw-p 00000000 00:00 0 
7f7d70021000-7f7d74000000 ---p 00000000 00:00 0 
7f7d74000000-7f7d74021000 rw-p 00000000 00:00 0 
7f7d74021000-7f7d78000000 ---p 00000000 00:00 0 
7f7d78000000-7f7d78021000 rw-p 00000000 00:00 0 
7f7d78021000-7f7d7c000000 ---p 00000000 00:00 0 
7f7d7c000000-7f7d7c021000 rw-p 00000000 00:00 0 
7f7d7c021000-7f7d80000000 ---p 00000000 00:00 0 
7f7d80000000-7f7d80021000 rw-p 00000000 00:00 0 
7f7d80021000-7f7d84000000 ---p 00000000 00:00 0 
7f7d84000000-7f7d84021000 rw-p 00000000 00:00 0 
7f7d84021000-7f7d88000000 ---p 00000000 00:00 0 
7f7d88000000-7f7d88021000 rw-p 00000000 00:00 0 
7f7d88021000-7f7d8c000000 ---p 00000000 00:00 0 
7f7d8c007000-7f7d8c8e0000 rw-p 00000000 00:00 0 
7f7d8c8e0000-7f7d8c8e1000 ---p 00000000 00:00 0 
7f7d8c8e1000-7f7d8c9e1000 rw-p 00000000 00:00 0 
7f7d8c9e1000-7f7d8c9e2000 ---p 00000000 00:00 0 
7f7d8c9e2000-7f7d8cae2000 rw-p 00000000 00:00 0 
7f7d8cae2000-7f7d8cae3000 ---p 00000000 00:00 0 
7f7d8cae3000-7f7d8cc21000 rw-p 00000000 00:00 0 
7f7d8cc21000-7f7d8cfbb000 ---p 00000000 00:00 0 
7f7d8cfbb000-7f7d8cff9000 rw-p 00000000 00:00 0 
7f7d8cff9000-7f7d8d76b000 ---p 00000000 00:00 0 
7f7d8d76b000-7f7d8d7a9000 rw-p 00000000 00:00 0 
7f7d8d7a9000-7f7d8db43000 ---p 00000000 00:00 0 
7f7d8db43000-7f7d8ddb3000 rwxp 00000000 00:00 0 
7f7d8ddb3000-7f7d8e0d4000 ---p 00000000 00:00 0 
7f7d8e0d4000-7f7d8e344000 rwxp 00000000 00:00 0 
7f7d8e344000-7f7d9560b000 ---p 00000000 00:00 0 
7f7d9560b000-7f7d9587b000 rwxp 00000000 00:00 0 
7f7d9587b000-7f7d9cb43000 ---p 00000000 00:00 0 
7f7d9cb43000-7f7da8000000 r--s 00000000 08:01 5641785                    /usr/lib/jvm/java-9-oracle/lib/modules
7f7da8000000-7f7da866c000 rw-p 00000000 00:00 0 
7f7da866c000-7f7dac000000 ---p 00000000 00:00 0 
7f7dac00e000-7f7dac067000 rw-p 00000000 00:00 0 
7f7dac067000-7f7dac068000 ---p 00000000 00:00 0 
7f7dac068000-7f7dac168000 rw-p 00000000 00:00 0 
7f7dac168000-7f7dac169000 ---p 00000000 00:00 0 
7f7dac169000-7f7dac269000 rw-p 00000000 00:00 0 
7f7dac269000-7f7dac26a000 ---p 00000000 00:00 0 
7f7dac26a000-7f7dac36a000 rw-p 00000000 00:00 0 
7f7dac36a000-7f7dac36b000 ---p 00000000 00:00 0 
7f7dac36b000-7f7dac46b000 rw-p 00000000 00:00 0 
7f7dac46b000-7f7dac46c000 ---p 00000000 00:00 0 
7f7dac46c000-7f7dac56c000 rw-p 00000000 00:00 0 
7f7dac56c000-7f7dac56d000 ---p 00000000 00:00 0 
7f7dac56d000-7f7dac66d000 rw-p 00000000 00:00 0 
7f7dac66d000-7f7dac66e000 ---p 00000000 00:00 0 
7f7dac66e000-7f7dac76e000 rw-p 00000000 00:00 0 
7f7dac76e000-7f7dac76f000 ---p 00000000 00:00 0 
7f7dac76f000-7f7dac86f000 rw-p 00000000 00:00 0 
7f7dac86f000-7f7dac870000 ---p 00000000 00:00 0 
7f7dac870000-7f7dad178000 rw-p 00000000 00:00 0 
7f7dad178000-7f7dad179000 ---p 00000000 00:00 0 
7f7dad179000-7f7dad279000 rw-p 00000000 00:00 0 
7f7dad279000-7f7dad27a000 ---p 00000000 00:00 0 
7f7dad27a000-7f7dad37a000 rw-p 00000000 00:00 0 
7f7dad37a000-7f7dad37b000 ---p 00000000 00:00 0 
7f7dad37b000-7f7dad47b000 rw-p 00000000 00:00 0 
7f7dad47b000-7f7dad47c000 ---p 00000000 00:00 0 
7f7dad47c000-7f7dad57c000 rw-p 00000000 00:00 0 
7f7dad57c000-7f7dad57d000 ---p 00000000 00:00 0 
7f7dad57d000-7f7dad67d000 rw-p 00000000 00:00 0 
7f7dad67d000-7f7dad67e000 ---p 00000000 00:00 0 
7f7dad67e000-7f7dad77e000 rw-p 00000000 00:00 0 
7f7dad77e000-7f7dad77f000 ---p 00000000 00:00 0 
7f7dad77f000-7f7dad87f000 rw-p 00000000 00:00 0 
7f7dad87f000-7f7dad880000 ---p 00000000 00:00 0 
7f7dad880000-7f7dad985000 rw-p 00000000 00:00 0 
7f7dad985000-7f7dada6b000 ---p 00000000 00:00 0 
7f7dada6b000-7f7dada70000 rw-p 00000000 00:00 0 
7f7dada70000-7f7dadb56000 ---p 00000000 00:00 0 
7f7dadb56000-7f7dadb70000 r-xp 00000000 08:01 5641707                    /usr/lib/jvm/java-9-oracle/lib/libjimage.so
7f7dadb70000-7f7dadd6f000 ---p 0001a000 08:01 5641707                    /usr/lib/jvm/java-9-oracle/lib/libjimage.so
7f7dadd6f000-7f7dadd71000 rw-p 00019000 08:01 5641707                    /usr/lib/jvm/java-9-oracle/lib/libjimage.so
7f7dadd71000-7f7dadd83000 rw-p 00000000 00:00 0 
7f7dadd83000-7f7dadd8a000 r-xp 00000000 08:01 5641822                    /usr/lib/jvm/java-9-oracle/lib/libzip.so
7f7dadd8a000-7f7dadf89000 ---p 00007000 08:01 5641822                    /usr/lib/jvm/java-9-oracle/lib/libzip.so
7f7dadf89000-7f7dadf8a000 rw-p 00006000 08:01 5641822                    /usr/lib/jvm/java-9-oracle/lib/libzip.so
7f7dadf8a000-7f7dadf95000 r-xp 00000000 08:01 24642406                   /lib/x86_64-linux-gnu/libnss_files-2.23.so
7f7dadf95000-7f7dae194000 ---p 0000b000 08:01 24642406                   /lib/x86_64-linux-gnu/libnss_files-2.23.so
7f7dae194000-7f7dae195000 r--p 0000a000 08:01 24642406                   /lib/x86_64-linux-gnu/libnss_files-2.23.so
7f7dae195000-7f7dae196000 rw-p 0000b000 08:01 24642406                   /lib/x86_64-linux-gnu/libnss_files-2.23.so
7f7dae196000-7f7dae19c000 rw-p 00000000 00:00 0 
7f7dae19c000-7f7dae1a7000 r-xp 00000000 08:01 24642410                   /lib/x86_64-linux-gnu/libnss_nis-2.23.so
7f7dae1a7000-7f7dae3a6000 ---p 0000b000 08:01 24642410                   /lib/x86_64-linux-gnu/libnss_nis-2.23.so
7f7dae3a6000-7f7dae3a7000 r--p 0000a000 08:01 24642410                   /lib/x86_64-linux-gnu/libnss_nis-2.23.so
7f7dae3a7000-7f7dae3a8000 rw-p 0000b000 08:01 24642410                   /lib/x86_64-linux-gnu/libnss_nis-2.23.so
7f7dae3a8000-7f7dae3be000 r-xp 00000000 08:01 24642390                   /lib/x86_64-linux-gnu/libnsl-2.23.so
7f7dae3be000-7f7dae5bd000 ---p 00016000 08:01 24642390                   /lib/x86_64-linux-gnu/libnsl-2.23.so
7f7dae5bd000-7f7dae5be000 r--p 00015000 08:01 24642390                   /lib/x86_64-linux-gnu/libnsl-2.23.so
7f7dae5be000-7f7dae5bf000 rw-p 00016000 08:01 24642390                   /lib/x86_64-linux-gnu/libnsl-2.23.so
7f7dae5bf000-7f7dae5c1000 rw-p 00000000 00:00 0 
7f7dae5c1000-7f7dae5c9000 r-xp 00000000 08:01 24642401                   /lib/x86_64-linux-gnu/libnss_compat-2.23.so
7f7dae5c9000-7f7dae7c8000 ---p 00008000 08:01 24642401                   /lib/x86_64-linux-gnu/libnss_compat-2.23.so
7f7dae7c8000-7f7dae7c9000 r--p 00007000 08:01 24642401                   /lib/x86_64-linux-gnu/libnss_compat-2.23.so
7f7dae7c9000-7f7dae7ca000 rw-p 00008000 08:01 24642401                   /lib/x86_64-linux-gnu/libnss_compat-2.23.so
7f7dae7ca000-7f7dae7f5000 r-xp 00000000 08:01 5641743                    /usr/lib/jvm/java-9-oracle/lib/libjava.so
7f7dae7f5000-7f7dae9f4000 ---p 0002b000 08:01 5641743                    /usr/lib/jvm/java-9-oracle/lib/libjava.so
7f7dae9f4000-7f7dae9f6000 rw-p 0002a000 08:01 5641743                    /usr/lib/jvm/java-9-oracle/lib/libjava.so
7f7dae9f6000-7f7daea03000 r-xp 00000000 08:01 5641768                    /usr/lib/jvm/java-9-oracle/lib/libverify.so
7f7daea03000-7f7daec02000 ---p 0000d000 08:01 5641768                    /usr/lib/jvm/java-9-oracle/lib/libverify.so
7f7daec02000-7f7daec04000 rw-p 0000c000 08:01 5641768                    /usr/lib/jvm/java-9-oracle/lib/libverify.so
7f7daec04000-7f7daec0b000 r-xp 00000000 08:01 24642411                   /lib/x86_64-linux-gnu/librt-2.23.so
7f7daec0b000-7f7daee0a000 ---p 00007000 08:01 24642411                   /lib/x86_64-linux-gnu/librt-2.23.so
7f7daee0a000-7f7daee0b000 r--p 00006000 08:01 24642411                   /lib/x86_64-linux-gnu/librt-2.23.so
7f7daee0b000-7f7daee0c000 rw-p 00007000 08:01 24642411                   /lib/x86_64-linux-gnu/librt-2.23.so
7f7daee0c000-7f7daef14000 r-xp 00000000 08:01 24642389                   /lib/x86_64-linux-gnu/libm-2.23.so
7f7daef14000-7f7daf113000 ---p 00108000 08:01 24642389                   /lib/x86_64-linux-gnu/libm-2.23.so
7f7daf113000-7f7daf114000 r--p 00107000 08:01 24642389                   /lib/x86_64-linux-gnu/libm-2.23.so
7f7daf114000-7f7daf115000 rw-p 00108000 08:01 24642389                   /lib/x86_64-linux-gnu/libm-2.23.so
7f7daf115000-7f7db012a000 r-xp 00000000 08:01 6951024                    /usr/lib/jvm/java-9-oracle/lib/server/libjvm.so
7f7db012a000-7f7db0329000 ---p 01015000 08:01 6951024                    /usr/lib/jvm/java-9-oracle/lib/server/libjvm.so
7f7db0329000-7f7db03fa000 r--p 01014000 08:01 6951024                    /usr/lib/jvm/java-9-oracle/lib/server/libjvm.so
7f7db03fa000-7f7db0431000 rw-p 010e5000 08:01 6951024                    /usr/lib/jvm/java-9-oracle/lib/server/libjvm.so
7f7db0431000-7f7db049a000 rw-p 00000000 00:00 0 
7f7db049a000-7f7db065a000 r-xp 00000000 08:01 24642393                   /lib/x86_64-linux-gnu/libc-2.23.so
7f7db065a000-7f7db085a000 ---p 001c0000 08:01 24642393                   /lib/x86_64-linux-gnu/libc-2.23.so
7f7db085a000-7f7db085e000 r--p 001c0000 08:01 24642393                   /lib/x86_64-linux-gnu/libc-2.23.so
7f7db085e000-7f7db0860000 rw-p 001c4000 08:01 24642393                   /lib/x86_64-linux-gnu/libc-2.23.so
7f7db0860000-7f7db0864000 rw-p 00000000 00:00 0 
7f7db0864000-7f7db0867000 r-xp 00000000 08:01 24642395                   /lib/x86_64-linux-gnu/libdl-2.23.so
7f7db0867000-7f7db0a66000 ---p 00003000 08:01 24642395                   /lib/x86_64-linux-gnu/libdl-2.23.so
7f7db0a66000-7f7db0a67000 r--p 00002000 08:01 24642395                   /lib/x86_64-linux-gnu/libdl-2.23.so
7f7db0a67000-7f7db0a68000 rw-p 00003000 08:01 24642395                   /lib/x86_64-linux-gnu/libdl-2.23.so
7f7db0a68000-7f7db0a76000 r-xp 00000000 08:01 6951026                    /usr/lib/jvm/java-9-oracle/lib/jli/libjli.so
7f7db0a76000-7f7db0c76000 ---p 0000e000 08:01 6951026                    /usr/lib/jvm/java-9-oracle/lib/jli/libjli.so
7f7db0c76000-7f7db0c77000 rw-p 0000e000 08:01 6951026                    /usr/lib/jvm/java-9-oracle/lib/jli/libjli.so
7f7db0c77000-7f7db0c8f000 r-xp 00000000 08:01 24642392                   /lib/x86_64-linux-gnu/libpthread-2.23.so
7f7db0c8f000-7f7db0e8e000 ---p 00018000 08:01 24642392                   /lib/x86_64-linux-gnu/libpthread-2.23.so
7f7db0e8e000-7f7db0e8f000 r--p 00017000 08:01 24642392                   /lib/x86_64-linux-gnu/libpthread-2.23.so
7f7db0e8f000-7f7db0e90000 rw-p 00018000 08:01 24642392                   /lib/x86_64-linux-gnu/libpthread-2.23.so
7f7db0e90000-7f7db0e94000 rw-p 00000000 00:00 0 
7f7db0e94000-7f7db0ead000 r-xp 00000000 08:01 24646264                   /lib/x86_64-linux-gnu/libz.so.1.2.8
7f7db0ead000-7f7db10ac000 ---p 00019000 08:01 24646264                   /lib/x86_64-linux-gnu/libz.so.1.2.8
7f7db10ac000-7f7db10ad000 r--p 00018000 08:01 24646264                   /lib/x86_64-linux-gnu/libz.so.1.2.8
7f7db10ad000-7f7db10ae000 rw-p 00019000 08:01 24646264                   /lib/x86_64-linux-gnu/libz.so.1.2.8
7f7db10ae000-7f7db10d4000 r-xp 00000000 08:01 24642391                   /lib/x86_64-linux-gnu/ld-2.23.so
7f7db10e7000-7f7db11a4000 rw-p 00000000 00:00 0 
7f7db11a4000-7f7db11a9000 ---p 00000000 00:00 0 
7f7db11a9000-7f7db12aa000 rw-p 00000000 00:00 0 
7f7db12bc000-7f7db12c2000 rw-p 00000000 00:00 0 
7f7db12c2000-7f7db12c9000 ---p 00000000 00:00 0 
7f7db12c9000-7f7db12d1000 rw-s 00000000 08:01 23724407                   /tmp/hsperfdata_oliver/20808
7f7db12d1000-7f7db12d2000 rw-p 00000000 00:00 0 
7f7db12d2000-7f7db12d3000 r--p 00000000 00:00 0 
7f7db12d3000-7f7db12d4000 r--p 00025000 08:01 24642391                   /lib/x86_64-linux-gnu/ld-2.23.so
7f7db12d4000-7f7db12d5000 rw-p 00026000 08:01 24642391                   /lib/x86_64-linux-gnu/ld-2.23.so
7f7db12d5000-7f7db12d6000 rw-p 00000000 00:00 0 
7ffe3fb51000-7ffe3fb73000 rw-p 00000000 00:00 0                          [stack]
7ffe3fb9c000-7ffe3fb9f000 r--p 00000000 00:00 0                          [vvar]
7ffe3fb9f000-7ffe3fba1000 r-xp 00000000 00:00 0                          [vdso]
ffffffffff600000-ffffffffff601000 r-xp 00000000 00:00 0                  [vsyscall]

VM Arguments:
jvm_args: -Dorg.lwjgl.util.Debug=true -Djava.library.path=nope -Dfile.encoding=UTF-8 
java_command: base.IkSolver
java_class_path (initial): /home/oliver/git/Master_thesis_java/Masterthesis_IK/target/classes:/home/oliver/git/Master_thesis_java/Masterthesis_IK/libs/Caliko-v1.3.3/jar/caliko-1.3.3.jar:/home/oliver/git/Master_thesis_java/Masterthesis_IK/libs/Caliko-v1.3.3/jar/caliko-demo-1.3.3.jar:/home/oliver/git/Master_thesis_java/Masterthesis_IK/libs/Caliko-v1.3.3/jar/caliko-visualisation-1.3.3.jar:/home/oliver/.m2/repository/org/lwjgl/lwjgl/3.1.5/lwjgl-3.1.5.jar:/home/oliver/.m2/repository/org/lwjgl/lwjgl-assimp/3.1.5/lwjgl-assimp-3.1.5.jar:/home/oliver/.m2/repository/org/lwjgl/lwjgl-bgfx/3.1.5/lwjgl-bgfx-3.1.5.jar:/home/oliver/.m2/repository/org/lwjgl/lwjgl-glfw/3.1.5/lwjgl-glfw-3.1.5.jar:/home/oliver/.m2/repository/org/lwjgl/lwjgl-nanovg/3.1.5/lwjgl-nanovg-3.1.5.jar:/home/oliver/.m2/repository/org/lwjgl/lwjgl-nuklear/3.1.5/lwjgl-nuklear-3.1.5.jar:/home/oliver/.m2/repository/org/lwjgl/lwjgl-openal/3.1.5/lwjgl-openal-3.1.5.jar:/home/oliver/.m2/repository/org/lwjgl/lwjgl-opengl/3.1.5/lwjgl-opengl-3.1.5.jar:/home/oliver/.m2/repository/org/lwjgl/lwjgl-openvr/3.1.5/lwjgl-openvr-3.1.5.jar:/home/oliver/.m2/repository/org/lwjgl/lwjgl-par/3.1.5/lwjgl-par-3.1.5.jar:/home/oliver/.m2/repository/org/lwjgl/lwjgl-stb/3.1.5/lwjgl-stb-3.1.5.jar:/home/oliver/.m2/repository/org/lwjgl/lwjgl-vulkan/3.1.5/lwjgl-vulkan-3.1.5.jar:/home/oliver/.m2/repository/org/lwjgl/lwjgl/3.1.5/lwjgl-3.1.5-natives-linux.jar:/home/oliver/.m2/repository/org/lwjgl/lwjgl-assimp/3.1.5/lwjgl-assimp-3.1.5-natives-linux.jar:/home/oliver/.m2/repository/org/lwjgl/lwjgl-bgfx/3.1.5/lwjgl-bgfx-3.1.5-natives-linux.jar:/home/oliver/.m2/repository/org/lwjgl/lwjgl-glfw/3.1.5/lwjgl-glfw-3.1.5-natives-linux.jar:/home/oliver/.m2/repository/org/lwjgl/lwjgl-nanovg/3.1.5/lwjgl-nanovg-3.1.5-natives-linux.jar:/home/oliver/.m2/repository/org/lwjgl/lwjgl-nuklear/3.1.5/lwjgl-nuklear-3.1.5-natives-linux.jar:/home/oliver/.m2/repository/org/lwjgl/lwjgl-openal/3.1.5/lwjgl-openal-3.1.5-natives-linux.jar:/home/oliver/.m2/repository/org/lwjgl/lwjgl
Launcher Type: SUN_STANDARD

Logging:
Log output configuration:
#0: stdout all=warning uptime,level,tags
#1: stderr all=off uptime,level,tags

Environment Variables:
JAVA_HOME=/usr/lib/jvm/java-9-oracle
PATH=/home/oliver/bin:/home/oliver/.local/bin:/usr/local/sbin:/usr/local/bin:/usr/sbin:/usr/bin:/sbin:/bin:/usr/games:/usr/local/games:/snap/bin:/usr/lib/jvm/java-9-oracle/bin:/usr/lib/jvm/java-9-oracle/db/bin
SHELL=/bin/bash
DISPLAY=:0

Signal Handlers:
SIGSEGV: [libjvm.so+0xd4d370], sa_mask[0]=11111111011111111101111111111110, sa_flags=SA_RESTART|SA_SIGINFO
SIGBUS: [libjvm.so+0xd4d370], sa_mask[0]=11111111011111111101111111111110, sa_flags=SA_RESTART|SA_SIGINFO
SIGFPE: [libjvm.so+0xd4d370], sa_mask[0]=11111111011111111101111111111110, sa_flags=SA_RESTART|SA_SIGINFO
SIGPIPE: [libjvm.so+0xb64780], sa_mask[0]=11111111011111111101111111111110, sa_flags=SA_RESTART|SA_SIGINFO
SIGXFSZ: [libjvm.so+0xb64780], sa_mask[0]=11111111011111111101111111111110, sa_flags=SA_RESTART|SA_SIGINFO
SIGILL: [libjvm.so+0xd4d370], sa_mask[0]=11111111011111111101111111111110, sa_flags=SA_RESTART|SA_SIGINFO
SIGUSR2: [libjvm.so+0xb64640], sa_mask[0]=00100000000000000000000000000000, sa_flags=SA_RESTART|SA_SIGINFO
SIGHUP: [libjvm.so+0xb64850], sa_mask[0]=11111111011111111101111111111110, sa_flags=SA_RESTART|SA_SIGINFO
SIGINT: [libjvm.so+0xb64850], sa_mask[0]=11111111011111111101111111111110, sa_flags=SA_RESTART|SA_SIGINFO
SIGTERM: [libjvm.so+0xb64850], sa_mask[0]=11111111011111111101111111111110, sa_flags=SA_RESTART|SA_SIGINFO
SIGQUIT: [libjvm.so+0xb64850], sa_mask[0]=11111111011111111101111111111110, sa_flags=SA_RESTART|SA_SIGINFO


---------------  S Y S T E M  ---------------

OS:DISTRIB_ID=Ubuntu
DISTRIB_RELEASE=16.04
DISTRIB_CODENAME=xenial
DISTRIB_DESCRIPTION="Ubuntu 16.04.4 LTS"
uname:Linux 4.13.0-41-generic #46~16.04.1-Ubuntu SMP Thu May 3 10:06:43 UTC 2018 x86_64
libc:glibc 2.23 NPTL 2.23 
rlimit: STACK 8192k, CORE 0k, NPROC 31243, NOFILE 1048576, AS infinity
load average:1,07 1,01 1,04

/proc/meminfo:
MemTotal:        8059524 kB
MemFree:         1310888 kB
MemAvailable:    4201100 kB
Buffers:          549052 kB
Cached:          2477848 kB
SwapCached:            0 kB
Active:          4421072 kB
Inactive:        1692448 kB
Active(anon):    3033336 kB
Inactive(anon):   192368 kB
Active(file):    1387736 kB
Inactive(file):  1500080 kB
Unevictable:          80 kB
Mlocked:              80 kB
SwapTotal:       8278012 kB
SwapFree:        8278012 kB
Dirty:               456 kB
Writeback:             0 kB
AnonPages:       3086592 kB
Mapped:           921728 kB
Shmem:            198676 kB
Slab:             377332 kB
SReclaimable:     307612 kB
SUnreclaim:        69720 kB
KernelStack:       17664 kB
PageTables:        56448 kB
NFS_Unstable:          0 kB
Bounce:                0 kB
WritebackTmp:          0 kB
CommitLimit:    12307772 kB
Committed_AS:   10640700 kB
VmallocTotal:   34359738367 kB
VmallocUsed:           0 kB
VmallocChunk:          0 kB
HardwareCorrupted:     0 kB
AnonHugePages:         0 kB
ShmemHugePages:        0 kB
ShmemPmdMapped:        0 kB
CmaTotal:              0 kB
CmaFree:               0 kB
HugePages_Total:       0
HugePages_Free:        0
HugePages_Rsvd:        0
HugePages_Surp:        0
Hugepagesize:       2048 kB
DirectMap4k:      358972 kB
DirectMap2M:     7921664 kB


CPU:total 8 (initial active 8) (4 cores per cpu, 2 threads per core) family 6 model 42 stepping 7, cmov, cx8, fxsr, mmx, sse, sse2, sse3, ssse3, sse4.1, sse4.2, popcnt, avx, aes, clmul, ht, tsc, tscinvbit
CPU Model and flags from /proc/cpuinfo:
model name	: Intel(R) Core(TM) i7-2630QM CPU @ 2.00GHz
flags		: fpu vme de pse tsc msr pae mce cx8 apic sep mtrr pge mca cmov pat pse36 clflush dts acpi mmx fxsr sse sse2 ss ht tm pbe syscall nx rdtscp lm constant_tsc arch_perfmon pebs bts nopl xtopology nonstop_tsc cpuid aperfmperf pni pclmulqdq dtes64 monitor ds_cpl vmx est tm2 ssse3 cx16 xtpr pdcm pcid sse4_1 sse4_2 x2apic popcnt tsc_deadline_timer aes xsave avx lahf_lm epb pti retpoline spec_ctrl tpr_shadow vnmi flexpriority ept vpid xsaveopt dtherm ida arat pln pts

Memory: 4k page, physical 8059524k(1311084k free), swap 8278012k(8278012k free)

vm_info: Java HotSpot(TM) 64-Bit Server VM (9.0.4+11) for linux-amd64 JRE (9.0.4+11), built on Dec 19 2017 18:12:19 by "mach5one" with gcc 4.9.2

END.
