#
# A fatal error has been detected by the Java Runtime Environment:
#
#  SIGSEGV (0xb) at pc=0x00007f2973b89527, pid=8968, tid=8974
#
# JRE version: Java(TM) SE Runtime Environment (9.0+11) (build 9.0.4+11)
# Java VM: Java HotSpot(TM) 64-Bit Server VM (9.0.4+11, mixed mode, tiered, compressed oops, g1 gc, linux-amd64)
# Problematic frame:
# C  [liblwjgl_opengl.so+0x49527]  Java_org_lwjgl_opengl_GL11_glClearColor+0x7
#
# Core dump will be written. Default location: Core dumps may be processed with "/usr/share/apport/apport %p %s %c %d %P" (or dumping to /home/oliver/git/Master_thesis_java/Masterthesis_IK/core.8968)
#
# If you would like to submit a bug report, please visit:
#   http://bugreport.java.com/bugreport/crash.jsp
# The crash happened outside the Java Virtual Machine in native code.
# See problematic frame for where to report the bug.
#

---------------  S U M M A R Y ------------

Command Line: -Dorg.lwjgl.util.Debug=true -Djava.library.path=nope -Dfile.encoding=UTF-8 base.IkSolver

Host: Intel(R) Core(TM) i7-2630QM CPU @ 2.00GHz, 8 cores, 7G, Ubuntu 16.04.4 LTS
Time: Sat May 26 11:06:40 2018 CEST elapsed time: 0 seconds (0d 0h 0m 0s)

---------------  T H R E A D  ---------------

Current thread (0x00007f2a14013000):  JavaThread "main" [_thread_in_native, id=8974, stack(0x00007f2a1ccf5000,0x00007f2a1cdf5000)]

Stack: [0x00007f2a1ccf5000,0x00007f2a1cdf5000],  sp=0x00007f2a1cdf3898,  free space=1018k
Native frames: (J=compiled Java code, A=aot compiled Java code, j=interpreted, Vv=VM code, C=native code)
C  [liblwjgl_opengl.so+0x49527]  Java_org_lwjgl_opengl_GL11_glClearColor+0x7
j  base.IkSolver.loop()V+4
j  base.IkSolver.run()V+5
j  base.IkSolver.main([Ljava/lang/String;)V+7
v  ~StubRoutines::call_stub
V  [libjvm.so+0x83d60a]  JavaCalls::call_helper(JavaValue*, methodHandle const&, JavaCallArguments*, Thread*)+0x47a
V  [libjvm.so+0x89a67f]  jni_invoke_static(JNIEnv_*, JavaValue*, _jobject*, JNICallType, _jmethodID*, JNI_ArgumentPusher*, Thread*) [clone .isra.90]+0x21f
V  [libjvm.so+0x8ab5ce]  jni_CallStaticVoidMethod+0x14e
C  [libjli.so+0x4397]  JavaMain+0xa17
C  [libpthread.so.0+0x76ba]  start_thread+0xca

Java frames: (J=compiled Java code, j=interpreted, Vv=VM code)
j  org.lwjgl.opengl.GL11.glClearColor(FFFF)V+0
j  base.IkSolver.loop()V+4
j  base.IkSolver.run()V+5
j  base.IkSolver.main([Ljava/lang/String;)V+7
v  ~StubRoutines::call_stub

siginfo: si_signo: 11 (SIGSEGV), si_code: 1 (SEGV_MAPERR), si_addr: 0x00000000000003b0

Register to memory mapping:

RAX=0x0000000000000000 is an unknown value
RBX={method} {0x00007f29a1b442d8} 'glClearColor' '(FFFF)V' in 'org/lwjgl/opengl/GL11'
RCX=0x0000000000000001 is an unknown value
RDX=0x00007f2a1bfae4d8: <offset 0x00000000013494d8> in /usr/lib/jvm/java-9-oracle/lib/server/libjvm.so at 0x00007f2a1ac65000
RSP=0x00007f2a1cdf3898 is pointing into the stack for thread: 0x00007f2a14013000
RBP=0x00007f2a1cdf3910 is pointing into the stack for thread: 0x00007f2a14013000
RSI=0x00007f2a1cdf3920 is pointing into the stack for thread: 0x00007f2a14013000
RDI=0x00007f2a14013218 is an unknown value
R8 ={method} {0x00007f29a1b442d8} 'glClearColor' '(FFFF)V' in 'org/lwjgl/opengl/GL11'
R9 =0x0000000000000008 is an unknown value
R10=0x00007f29f9b5bd09 is at code_begin+873 in an Interpreter codelet
method entry point (kind = native)  [0x00007f29f9b5b9a0, 0x00007f29f9b5c3e0]  2624 bytes
R11=0x000000008c7bd538 is an oop
java.lang.Class 
{0x000000008c7bd538} - klass: 'java/lang/Class'
R12=0x0000000000000000 is an unknown value
R13=0x00007f29a1b442d0 is pointing into metadata
R14=0x00007f2a1cdf3948 is pointing into the stack for thread: 0x00007f2a14013000
R15=0x00007f2a14013000 is a thread


Registers:
RAX=0x0000000000000000, RBX=0x00007f29a1b442d8, RCX=0x0000000000000001, RDX=0x00007f2a1bfae4d8
RSP=0x00007f2a1cdf3898, RBP=0x00007f2a1cdf3910, RSI=0x00007f2a1cdf3920, RDI=0x00007f2a14013218
R8 =0x00007f29a1b442d8, R9 =0x0000000000000008, R10=0x00007f29f9b5bd09, R11=0x000000008c7bd538
R12=0x0000000000000000, R13=0x00007f29a1b442d0, R14=0x00007f2a1cdf3948, R15=0x00007f2a14013000
RIP=0x00007f2973b89527, EFLAGS=0x0000000000010283, CSGSFS=0x002b000000000033, ERR=0x0000000000000004
  TRAPNO=0x000000000000000e

Top of Stack: (sp=0x00007f2a1cdf3898)
0x00007f2a1cdf3898:   00007f29f9b5bd35 00007f29a1b442d0
0x00007f2a1cdf38a8:   00007f2a1cdf3948 00007f2a1cdf3910
0x00007f2a1cdf38b8:   00007f29f9b5ba98 00007f29f9b5ba53
0x00007f2a1cdf38c8:   00007f2a1cdf38c8 00007f29a1b442d0 

Instructions: (pc=0x00007f2973b89527)
0x00007f2973b89507:   ff a0 e0 03 00 00 0f 1f 00 48 8b 07 48 8b 40 18
0x00007f2973b89517:   ff a0 c8 03 00 00 0f 1f 00 48 8b 07 48 8b 40 18
0x00007f2973b89527:   ff a0 b0 03 00 00 0f 1f 00 48 8b 07 48 8b 40 18
0x00007f2973b89537:   ff a0 78 03 00 00 0f 1f 00 48 8b 07 89 d7 48 8b 


---------------  P R O C E S S  ---------------

Java Threads: ( => current thread )
  0x00007f2a1420e800 JavaThread "Service Thread" daemon [_thread_blocked, id=9005, stack(0x00007f29a0174000,0x00007f29a0275000)]
  0x00007f2a1418e000 JavaThread "Common-Cleaner" daemon [_thread_blocked, id=9004, stack(0x00007f29a0275000,0x00007f29a0376000)]
  0x00007f2a14179800 JavaThread "Sweeper thread" daemon [_thread_blocked, id=9003, stack(0x00007f29a079e000,0x00007f29a089f000)]
  0x00007f2a14177800 JavaThread "C1 CompilerThread3" daemon [_thread_blocked, id=9002, stack(0x00007f29a089f000,0x00007f29a09a0000)]
  0x00007f2a14175800 JavaThread "C2 CompilerThread2" daemon [_thread_blocked, id=9001, stack(0x00007f29a09a0000,0x00007f29a0aa1000)]
  0x00007f2a14173800 JavaThread "C2 CompilerThread1" daemon [_thread_blocked, id=9000, stack(0x00007f29a0aa1000,0x00007f29a0ba2000)]
  0x00007f2a14171800 JavaThread "C2 CompilerThread0" daemon [_thread_blocked, id=8999, stack(0x00007f29a0ba2000,0x00007f29a0ca3000)]
  0x00007f2a1416f800 JavaThread "Signal Dispatcher" daemon [_thread_blocked, id=8998, stack(0x00007f29a0ca3000,0x00007f29a0da4000)]
  0x00007f2a14154000 JavaThread "Finalizer" daemon [_thread_blocked, id=8997, stack(0x00007f29a11fa000,0x00007f29a12fb000)]
  0x00007f2a1414b800 JavaThread "Reference Handler" daemon [_thread_blocked, id=8996, stack(0x00007f29a12fb000,0x00007f29a13fc000)]
=>0x00007f2a14013000 JavaThread "main" [_thread_in_native, id=8974, stack(0x00007f2a1ccf5000,0x00007f2a1cdf5000)]

Other Threads:
  0x00007f2a14142000 VMThread "VM Thread" [stack: 0x00007f29a13fd000,0x00007f29a14fd000] [id=8995]
  0x00007f2a14211800 WatcherThread [stack: 0x00007f29a0074000,0x00007f29a0174000] [id=9006]
  0x00007f2a1402a800 GCTaskThread "GC Thread#0" [stack: 0x00007f2a193d0000,0x00007f2a194d0000] [id=8975]
  0x00007f2a1402c000 GCTaskThread "GC Thread#1" [stack: 0x00007f2a192cf000,0x00007f2a193cf000] [id=8976]
  0x00007f2a1402d800 GCTaskThread "GC Thread#2" [stack: 0x00007f2a191ce000,0x00007f2a192ce000] [id=8977]
  0x00007f2a1402f800 GCTaskThread "GC Thread#3" [stack: 0x00007f2a190cd000,0x00007f2a191cd000] [id=8978]
  0x00007f2a14031000 GCTaskThread "GC Thread#4" [stack: 0x00007f2a18fcc000,0x00007f2a190cc000] [id=8979]
  0x00007f2a14032800 GCTaskThread "GC Thread#5" [stack: 0x00007f2a18ecb000,0x00007f2a18fcb000] [id=8980]
  0x00007f2a14034800 GCTaskThread "GC Thread#6" [stack: 0x00007f2a18dca000,0x00007f2a18eca000] [id=8981]
  0x00007f2a14036000 GCTaskThread "GC Thread#7" [stack: 0x00007f2a18cc9000,0x00007f2a18dc9000] [id=8982]
  0x00007f2a1406c000 ConcurrentGCThread "G1 Main Marker" [stack: 0x00007f29f85de000,0x00007f29f86de000] [id=8992]
  0x00007f2a1406d800 ConcurrentGCThread "G1 Marker#0" [stack: 0x00007f29f84dd000,0x00007f29f85dd000] [id=8993]
  0x00007f2a1406f800 ConcurrentGCThread "G1 Marker#1" [stack: 0x00007f29f83dc000,0x00007f29f84dc000] [id=8994]
  0x00007f2a14045000 ConcurrentGCThread "G1 Refine#0" [stack: 0x00007f29f9740000,0x00007f29f9840000] [id=8990]
  0x00007f2a14043000 ConcurrentGCThread "G1 Refine#1" [stack: 0x00007f29f9841000,0x00007f29f9941000] [id=8989]
  0x00007f2a14041000 ConcurrentGCThread "G1 Refine#2" [stack: 0x00007f29f9942000,0x00007f29f9a42000] [id=8988]
  0x00007f2a1403f800 ConcurrentGCThread "G1 Refine#3" [stack: 0x00007f29f9a43000,0x00007f29f9b43000] [id=8987]
  0x00007f2a1403d800 ConcurrentGCThread "G1 Refine#4" [stack: 0x00007f2a180bd000,0x00007f2a181bd000] [id=8986]
  0x00007f2a1403c000 ConcurrentGCThread "G1 Refine#5" [stack: 0x00007f2a181be000,0x00007f2a182be000] [id=8985]
  0x00007f2a1403a000 ConcurrentGCThread "G1 Refine#6" [stack: 0x00007f2a182bf000,0x00007f2a183bf000] [id=8984]
  0x00007f2a14038800 ConcurrentGCThread "G1 Refine#7" [stack: 0x00007f2a183c0000,0x00007f2a184c0000] [id=8983]
  0x00007f2a14046800 ConcurrentGCThread "G1 Young RemSet Sampling" [stack: 0x00007f29f963f000,0x00007f29f973f000] [id=8991]

Threads with active compile tasks:

VM state:not at safepoint (normal execution)

VM Mutex/Monitor currently owned by a thread: None

Heap address: 0x0000000085000000, size: 1968 MB, Compressed Oops mode: 32-bit
Narrow klass base: 0x0000000000000000, Narrow klass shift: 3
Compressed class space size: 1073741824 Address: 0x0000000100000000

Heap:
 garbage-first heap   total 126976K, used 6144K [0x0000000085000000, 0x00000000851003e0, 0x0000000100000000)
  region size 1024K, 7 young (7168K), 0 survivors (0K)
 Metaspace       used 8664K, capacity 8876K, committed 9088K, reserved 1056768K
  class space    used 730K, capacity 799K, committed 896K, reserved 1048576K
Heap Regions: E=young(eden), S=young(survivor), O=old, HS=humongous(starts), HC=humongous(continues), CS=collection set, F=free, A=archive, TS=gc time stamp, AC=allocation context, TAMS=top-at-mark-start (previous, next)
|   0|0x0000000085000000, 0x0000000085000000, 0x0000000085100000|  0%| F|  |TS  0|AC  0|TAMS 0x0000000085000000, 0x0000000085000000|
|   1|0x0000000085100000, 0x0000000085100000, 0x0000000085200000|  0%| F|  |TS  0|AC  0|TAMS 0x0000000085100000, 0x0000000085100000|
|   2|0x0000000085200000, 0x0000000085200000, 0x0000000085300000|  0%| F|  |TS  0|AC  0|TAMS 0x0000000085200000, 0x0000000085200000|
|   3|0x0000000085300000, 0x0000000085300000, 0x0000000085400000|  0%| F|  |TS  0|AC  0|TAMS 0x0000000085300000, 0x0000000085300000|
|   4|0x0000000085400000, 0x0000000085400000, 0x0000000085500000|  0%| F|  |TS  0|AC  0|TAMS 0x0000000085400000, 0x0000000085400000|
|   5|0x0000000085500000, 0x0000000085500000, 0x0000000085600000|  0%| F|  |TS  0|AC  0|TAMS 0x0000000085500000, 0x0000000085500000|
|   6|0x0000000085600000, 0x0000000085600000, 0x0000000085700000|  0%| F|  |TS  0|AC  0|TAMS 0x0000000085600000, 0x0000000085600000|
|   7|0x0000000085700000, 0x0000000085700000, 0x0000000085800000|  0%| F|  |TS  0|AC  0|TAMS 0x0000000085700000, 0x0000000085700000|
|   8|0x0000000085800000, 0x0000000085800000, 0x0000000085900000|  0%| F|  |TS  0|AC  0|TAMS 0x0000000085800000, 0x0000000085800000|
|   9|0x0000000085900000, 0x0000000085900000, 0x0000000085a00000|  0%| F|  |TS  0|AC  0|TAMS 0x0000000085900000, 0x0000000085900000|
|  10|0x0000000085a00000, 0x0000000085a00000, 0x0000000085b00000|  0%| F|  |TS  0|AC  0|TAMS 0x0000000085a00000, 0x0000000085a00000|
|  11|0x0000000085b00000, 0x0000000085b00000, 0x0000000085c00000|  0%| F|  |TS  0|AC  0|TAMS 0x0000000085b00000, 0x0000000085b00000|
|  12|0x0000000085c00000, 0x0000000085c00000, 0x0000000085d00000|  0%| F|  |TS  0|AC  0|TAMS 0x0000000085c00000, 0x0000000085c00000|
|  13|0x0000000085d00000, 0x0000000085d00000, 0x0000000085e00000|  0%| F|  |TS  0|AC  0|TAMS 0x0000000085d00000, 0x0000000085d00000|
|  14|0x0000000085e00000, 0x0000000085e00000, 0x0000000085f00000|  0%| F|  |TS  0|AC  0|TAMS 0x0000000085e00000, 0x0000000085e00000|
|  15|0x0000000085f00000, 0x0000000085f00000, 0x0000000086000000|  0%| F|  |TS  0|AC  0|TAMS 0x0000000085f00000, 0x0000000085f00000|
|  16|0x0000000086000000, 0x0000000086000000, 0x0000000086100000|  0%| F|  |TS  0|AC  0|TAMS 0x0000000086000000, 0x0000000086000000|
|  17|0x0000000086100000, 0x0000000086100000, 0x0000000086200000|  0%| F|  |TS  0|AC  0|TAMS 0x0000000086100000, 0x0000000086100000|
|  18|0x0000000086200000, 0x0000000086200000, 0x0000000086300000|  0%| F|  |TS  0|AC  0|TAMS 0x0000000086200000, 0x0000000086200000|
|  19|0x0000000086300000, 0x0000000086300000, 0x0000000086400000|  0%| F|  |TS  0|AC  0|TAMS 0x0000000086300000, 0x0000000086300000|
|  20|0x0000000086400000, 0x0000000086400000, 0x0000000086500000|  0%| F|  |TS  0|AC  0|TAMS 0x0000000086400000, 0x0000000086400000|
|  21|0x0000000086500000, 0x0000000086500000, 0x0000000086600000|  0%| F|  |TS  0|AC  0|TAMS 0x0000000086500000, 0x0000000086500000|
|  22|0x0000000086600000, 0x0000000086600000, 0x0000000086700000|  0%| F|  |TS  0|AC  0|TAMS 0x0000000086600000, 0x0000000086600000|
|  23|0x0000000086700000, 0x0000000086700000, 0x0000000086800000|  0%| F|  |TS  0|AC  0|TAMS 0x0000000086700000, 0x0000000086700000|
|  24|0x0000000086800000, 0x0000000086800000, 0x0000000086900000|  0%| F|  |TS  0|AC  0|TAMS 0x0000000086800000, 0x0000000086800000|
|  25|0x0000000086900000, 0x0000000086900000, 0x0000000086a00000|  0%| F|  |TS  0|AC  0|TAMS 0x0000000086900000, 0x0000000086900000|
|  26|0x0000000086a00000, 0x0000000086a00000, 0x0000000086b00000|  0%| F|  |TS  0|AC  0|TAMS 0x0000000086a00000, 0x0000000086a00000|
|  27|0x0000000086b00000, 0x0000000086b00000, 0x0000000086c00000|  0%| F|  |TS  0|AC  0|TAMS 0x0000000086b00000, 0x0000000086b00000|
|  28|0x0000000086c00000, 0x0000000086c00000, 0x0000000086d00000|  0%| F|  |TS  0|AC  0|TAMS 0x0000000086c00000, 0x0000000086c00000|
|  29|0x0000000086d00000, 0x0000000086d00000, 0x0000000086e00000|  0%| F|  |TS  0|AC  0|TAMS 0x0000000086d00000, 0x0000000086d00000|
|  30|0x0000000086e00000, 0x0000000086e00000, 0x0000000086f00000|  0%| F|  |TS  0|AC  0|TAMS 0x0000000086e00000, 0x0000000086e00000|
|  31|0x0000000086f00000, 0x0000000086f00000, 0x0000000087000000|  0%| F|  |TS  0|AC  0|TAMS 0x0000000086f00000, 0x0000000086f00000|
|  32|0x0000000087000000, 0x0000000087000000, 0x0000000087100000|  0%| F|  |TS  0|AC  0|TAMS 0x0000000087000000, 0x0000000087000000|
|  33|0x0000000087100000, 0x0000000087100000, 0x0000000087200000|  0%| F|  |TS  0|AC  0|TAMS 0x0000000087100000, 0x0000000087100000|
|  34|0x0000000087200000, 0x0000000087200000, 0x0000000087300000|  0%| F|  |TS  0|AC  0|TAMS 0x0000000087200000, 0x0000000087200000|
|  35|0x0000000087300000, 0x0000000087300000, 0x0000000087400000|  0%| F|  |TS  0|AC  0|TAMS 0x0000000087300000, 0x0000000087300000|
|  36|0x0000000087400000, 0x0000000087400000, 0x0000000087500000|  0%| F|  |TS  0|AC  0|TAMS 0x0000000087400000, 0x0000000087400000|
|  37|0x0000000087500000, 0x0000000087500000, 0x0000000087600000|  0%| F|  |TS  0|AC  0|TAMS 0x0000000087500000, 0x0000000087500000|
|  38|0x0000000087600000, 0x0000000087600000, 0x0000000087700000|  0%| F|  |TS  0|AC  0|TAMS 0x0000000087600000, 0x0000000087600000|
|  39|0x0000000087700000, 0x0000000087700000, 0x0000000087800000|  0%| F|  |TS  0|AC  0|TAMS 0x0000000087700000, 0x0000000087700000|
|  40|0x0000000087800000, 0x0000000087800000, 0x0000000087900000|  0%| F|  |TS  0|AC  0|TAMS 0x0000000087800000, 0x0000000087800000|
|  41|0x0000000087900000, 0x0000000087900000, 0x0000000087a00000|  0%| F|  |TS  0|AC  0|TAMS 0x0000000087900000, 0x0000000087900000|
|  42|0x0000000087a00000, 0x0000000087a00000, 0x0000000087b00000|  0%| F|  |TS  0|AC  0|TAMS 0x0000000087a00000, 0x0000000087a00000|
|  43|0x0000000087b00000, 0x0000000087b00000, 0x0000000087c00000|  0%| F|  |TS  0|AC  0|TAMS 0x0000000087b00000, 0x0000000087b00000|
|  44|0x0000000087c00000, 0x0000000087c00000, 0x0000000087d00000|  0%| F|  |TS  0|AC  0|TAMS 0x0000000087c00000, 0x0000000087c00000|
|  45|0x0000000087d00000, 0x0000000087d00000, 0x0000000087e00000|  0%| F|  |TS  0|AC  0|TAMS 0x0000000087d00000, 0x0000000087d00000|
|  46|0x0000000087e00000, 0x0000000087e00000, 0x0000000087f00000|  0%| F|  |TS  0|AC  0|TAMS 0x0000000087e00000, 0x0000000087e00000|
|  47|0x0000000087f00000, 0x0000000087f00000, 0x0000000088000000|  0%| F|  |TS  0|AC  0|TAMS 0x0000000087f00000, 0x0000000087f00000|
|  48|0x0000000088000000, 0x0000000088000000, 0x0000000088100000|  0%| F|  |TS  0|AC  0|TAMS 0x0000000088000000, 0x0000000088000000|
|  49|0x0000000088100000, 0x0000000088100000, 0x0000000088200000|  0%| F|  |TS  0|AC  0|TAMS 0x0000000088100000, 0x0000000088100000|
|  50|0x0000000088200000, 0x0000000088200000, 0x0000000088300000|  0%| F|  |TS  0|AC  0|TAMS 0x0000000088200000, 0x0000000088200000|
|  51|0x0000000088300000, 0x0000000088300000, 0x0000000088400000|  0%| F|  |TS  0|AC  0|TAMS 0x0000000088300000, 0x0000000088300000|
|  52|0x0000000088400000, 0x0000000088400000, 0x0000000088500000|  0%| F|  |TS  0|AC  0|TAMS 0x0000000088400000, 0x0000000088400000|
|  53|0x0000000088500000, 0x0000000088500000, 0x0000000088600000|  0%| F|  |TS  0|AC  0|TAMS 0x0000000088500000, 0x0000000088500000|
|  54|0x0000000088600000, 0x0000000088600000, 0x0000000088700000|  0%| F|  |TS  0|AC  0|TAMS 0x0000000088600000, 0x0000000088600000|
|  55|0x0000000088700000, 0x0000000088700000, 0x0000000088800000|  0%| F|  |TS  0|AC  0|TAMS 0x0000000088700000, 0x0000000088700000|
|  56|0x0000000088800000, 0x0000000088800000, 0x0000000088900000|  0%| F|  |TS  0|AC  0|TAMS 0x0000000088800000, 0x0000000088800000|
|  57|0x0000000088900000, 0x0000000088900000, 0x0000000088a00000|  0%| F|  |TS  0|AC  0|TAMS 0x0000000088900000, 0x0000000088900000|
|  58|0x0000000088a00000, 0x0000000088a00000, 0x0000000088b00000|  0%| F|  |TS  0|AC  0|TAMS 0x0000000088a00000, 0x0000000088a00000|
|  59|0x0000000088b00000, 0x0000000088b00000, 0x0000000088c00000|  0%| F|  |TS  0|AC  0|TAMS 0x0000000088b00000, 0x0000000088b00000|
|  60|0x0000000088c00000, 0x0000000088c00000, 0x0000000088d00000|  0%| F|  |TS  0|AC  0|TAMS 0x0000000088c00000, 0x0000000088c00000|
|  61|0x0000000088d00000, 0x0000000088d00000, 0x0000000088e00000|  0%| F|  |TS  0|AC  0|TAMS 0x0000000088d00000, 0x0000000088d00000|
|  62|0x0000000088e00000, 0x0000000088e00000, 0x0000000088f00000|  0%| F|  |TS  0|AC  0|TAMS 0x0000000088e00000, 0x0000000088e00000|
|  63|0x0000000088f00000, 0x0000000088f00000, 0x0000000089000000|  0%| F|  |TS  0|AC  0|TAMS 0x0000000088f00000, 0x0000000088f00000|
|  64|0x0000000089000000, 0x0000000089000000, 0x0000000089100000|  0%| F|  |TS  0|AC  0|TAMS 0x0000000089000000, 0x0000000089000000|
|  65|0x0000000089100000, 0x0000000089100000, 0x0000000089200000|  0%| F|  |TS  0|AC  0|TAMS 0x0000000089100000, 0x0000000089100000|
|  66|0x0000000089200000, 0x0000000089200000, 0x0000000089300000|  0%| F|  |TS  0|AC  0|TAMS 0x0000000089200000, 0x0000000089200000|
|  67|0x0000000089300000, 0x0000000089300000, 0x0000000089400000|  0%| F|  |TS  0|AC  0|TAMS 0x0000000089300000, 0x0000000089300000|
|  68|0x0000000089400000, 0x0000000089400000, 0x0000000089500000|  0%| F|  |TS  0|AC  0|TAMS 0x0000000089400000, 0x0000000089400000|
|  69|0x0000000089500000, 0x0000000089500000, 0x0000000089600000|  0%| F|  |TS  0|AC  0|TAMS 0x0000000089500000, 0x0000000089500000|
|  70|0x0000000089600000, 0x0000000089600000, 0x0000000089700000|  0%| F|  |TS  0|AC  0|TAMS 0x0000000089600000, 0x0000000089600000|
|  71|0x0000000089700000, 0x0000000089700000, 0x0000000089800000|  0%| F|  |TS  0|AC  0|TAMS 0x0000000089700000, 0x0000000089700000|
|  72|0x0000000089800000, 0x0000000089800000, 0x0000000089900000|  0%| F|  |TS  0|AC  0|TAMS 0x0000000089800000, 0x0000000089800000|
|  73|0x0000000089900000, 0x0000000089900000, 0x0000000089a00000|  0%| F|  |TS  0|AC  0|TAMS 0x0000000089900000, 0x0000000089900000|
|  74|0x0000000089a00000, 0x0000000089a00000, 0x0000000089b00000|  0%| F|  |TS  0|AC  0|TAMS 0x0000000089a00000, 0x0000000089a00000|
|  75|0x0000000089b00000, 0x0000000089b00000, 0x0000000089c00000|  0%| F|  |TS  0|AC  0|TAMS 0x0000000089b00000, 0x0000000089b00000|
|  76|0x0000000089c00000, 0x0000000089c00000, 0x0000000089d00000|  0%| F|  |TS  0|AC  0|TAMS 0x0000000089c00000, 0x0000000089c00000|
|  77|0x0000000089d00000, 0x0000000089d00000, 0x0000000089e00000|  0%| F|  |TS  0|AC  0|TAMS 0x0000000089d00000, 0x0000000089d00000|
|  78|0x0000000089e00000, 0x0000000089e00000, 0x0000000089f00000|  0%| F|  |TS  0|AC  0|TAMS 0x0000000089e00000, 0x0000000089e00000|
|  79|0x0000000089f00000, 0x0000000089f00000, 0x000000008a000000|  0%| F|  |TS  0|AC  0|TAMS 0x0000000089f00000, 0x0000000089f00000|
|  80|0x000000008a000000, 0x000000008a000000, 0x000000008a100000|  0%| F|  |TS  0|AC  0|TAMS 0x000000008a000000, 0x000000008a000000|
|  81|0x000000008a100000, 0x000000008a100000, 0x000000008a200000|  0%| F|  |TS  0|AC  0|TAMS 0x000000008a100000, 0x000000008a100000|
|  82|0x000000008a200000, 0x000000008a200000, 0x000000008a300000|  0%| F|  |TS  0|AC  0|TAMS 0x000000008a200000, 0x000000008a200000|
|  83|0x000000008a300000, 0x000000008a300000, 0x000000008a400000|  0%| F|  |TS  0|AC  0|TAMS 0x000000008a300000, 0x000000008a300000|
|  84|0x000000008a400000, 0x000000008a400000, 0x000000008a500000|  0%| F|  |TS  0|AC  0|TAMS 0x000000008a400000, 0x000000008a400000|
|  85|0x000000008a500000, 0x000000008a500000, 0x000000008a600000|  0%| F|  |TS  0|AC  0|TAMS 0x000000008a500000, 0x000000008a500000|
|  86|0x000000008a600000, 0x000000008a600000, 0x000000008a700000|  0%| F|  |TS  0|AC  0|TAMS 0x000000008a600000, 0x000000008a600000|
|  87|0x000000008a700000, 0x000000008a700000, 0x000000008a800000|  0%| F|  |TS  0|AC  0|TAMS 0x000000008a700000, 0x000000008a700000|
|  88|0x000000008a800000, 0x000000008a800000, 0x000000008a900000|  0%| F|  |TS  0|AC  0|TAMS 0x000000008a800000, 0x000000008a800000|
|  89|0x000000008a900000, 0x000000008a900000, 0x000000008aa00000|  0%| F|  |TS  0|AC  0|TAMS 0x000000008a900000, 0x000000008a900000|
|  90|0x000000008aa00000, 0x000000008aa00000, 0x000000008ab00000|  0%| F|  |TS  0|AC  0|TAMS 0x000000008aa00000, 0x000000008aa00000|
|  91|0x000000008ab00000, 0x000000008ab00000, 0x000000008ac00000|  0%| F|  |TS  0|AC  0|TAMS 0x000000008ab00000, 0x000000008ab00000|
|  92|0x000000008ac00000, 0x000000008ac00000, 0x000000008ad00000|  0%| F|  |TS  0|AC  0|TAMS 0x000000008ac00000, 0x000000008ac00000|
|  93|0x000000008ad00000, 0x000000008ad00000, 0x000000008ae00000|  0%| F|  |TS  0|AC  0|TAMS 0x000000008ad00000, 0x000000008ad00000|
|  94|0x000000008ae00000, 0x000000008ae00000, 0x000000008af00000|  0%| F|  |TS  0|AC  0|TAMS 0x000000008ae00000, 0x000000008ae00000|
|  95|0x000000008af00000, 0x000000008af00000, 0x000000008b000000|  0%| F|  |TS  0|AC  0|TAMS 0x000000008af00000, 0x000000008af00000|
|  96|0x000000008b000000, 0x000000008b000000, 0x000000008b100000|  0%| F|  |TS  0|AC  0|TAMS 0x000000008b000000, 0x000000008b000000|
|  97|0x000000008b100000, 0x000000008b100000, 0x000000008b200000|  0%| F|  |TS  0|AC  0|TAMS 0x000000008b100000, 0x000000008b100000|
|  98|0x000000008b200000, 0x000000008b200000, 0x000000008b300000|  0%| F|  |TS  0|AC  0|TAMS 0x000000008b200000, 0x000000008b200000|
|  99|0x000000008b300000, 0x000000008b300000, 0x000000008b400000|  0%| F|  |TS  0|AC  0|TAMS 0x000000008b300000, 0x000000008b300000|
| 100|0x000000008b400000, 0x000000008b400000, 0x000000008b500000|  0%| F|  |TS  0|AC  0|TAMS 0x000000008b400000, 0x000000008b400000|
| 101|0x000000008b500000, 0x000000008b500000, 0x000000008b600000|  0%| F|  |TS  0|AC  0|TAMS 0x000000008b500000, 0x000000008b500000|
| 102|0x000000008b600000, 0x000000008b600000, 0x000000008b700000|  0%| F|  |TS  0|AC  0|TAMS 0x000000008b600000, 0x000000008b600000|
| 103|0x000000008b700000, 0x000000008b700000, 0x000000008b800000|  0%| F|  |TS  0|AC  0|TAMS 0x000000008b700000, 0x000000008b700000|
| 104|0x000000008b800000, 0x000000008b800000, 0x000000008b900000|  0%| F|  |TS  0|AC  0|TAMS 0x000000008b800000, 0x000000008b800000|
| 105|0x000000008b900000, 0x000000008b900000, 0x000000008ba00000|  0%| F|  |TS  0|AC  0|TAMS 0x000000008b900000, 0x000000008b900000|
| 106|0x000000008ba00000, 0x000000008ba00000, 0x000000008bb00000|  0%| F|  |TS  0|AC  0|TAMS 0x000000008ba00000, 0x000000008ba00000|
| 107|0x000000008bb00000, 0x000000008bb00000, 0x000000008bc00000|  0%| F|  |TS  0|AC  0|TAMS 0x000000008bb00000, 0x000000008bb00000|
| 108|0x000000008bc00000, 0x000000008bc00000, 0x000000008bd00000|  0%| F|  |TS  0|AC  0|TAMS 0x000000008bc00000, 0x000000008bc00000|
| 109|0x000000008bd00000, 0x000000008bd00000, 0x000000008be00000|  0%| F|  |TS  0|AC  0|TAMS 0x000000008bd00000, 0x000000008bd00000|
| 110|0x000000008be00000, 0x000000008be00000, 0x000000008bf00000|  0%| F|  |TS  0|AC  0|TAMS 0x000000008be00000, 0x000000008be00000|
| 111|0x000000008bf00000, 0x000000008bf00000, 0x000000008c000000|  0%| F|  |TS  0|AC  0|TAMS 0x000000008bf00000, 0x000000008bf00000|
| 112|0x000000008c000000, 0x000000008c000000, 0x000000008c100000|  0%| F|  |TS  0|AC  0|TAMS 0x000000008c000000, 0x000000008c000000|
| 113|0x000000008c100000, 0x000000008c100000, 0x000000008c200000|  0%| F|  |TS  0|AC  0|TAMS 0x000000008c100000, 0x000000008c100000|
| 114|0x000000008c200000, 0x000000008c200000, 0x000000008c300000|  0%| F|  |TS  0|AC  0|TAMS 0x000000008c200000, 0x000000008c200000|
| 115|0x000000008c300000, 0x000000008c300000, 0x000000008c400000|  0%| F|  |TS  0|AC  0|TAMS 0x000000008c300000, 0x000000008c300000|
| 116|0x000000008c400000, 0x000000008c400000, 0x000000008c500000|  0%| F|  |TS  0|AC  0|TAMS 0x000000008c400000, 0x000000008c400000|
| 117|0x000000008c500000, 0x000000008c5f9ce0, 0x000000008c600000| 97%| E|  |TS  0|AC  0|TAMS 0x000000008c500000, 0x000000008c500000|
| 118|0x000000008c600000, 0x000000008c700000, 0x000000008c700000|100%| E|CS|TS  0|AC  0|TAMS 0x000000008c600000, 0x000000008c600000|
| 119|0x000000008c700000, 0x000000008c800000, 0x000000008c800000|100%| E|CS|TS  0|AC  0|TAMS 0x000000008c700000, 0x000000008c700000|
| 120|0x000000008c800000, 0x000000008c900000, 0x000000008c900000|100%| E|CS|TS  0|AC  0|TAMS 0x000000008c800000, 0x000000008c800000|
| 121|0x000000008c900000, 0x000000008ca00000, 0x000000008ca00000|100%| E|CS|TS  0|AC  0|TAMS 0x000000008c900000, 0x000000008c900000|
| 122|0x000000008ca00000, 0x000000008cb00000, 0x000000008cb00000|100%| E|CS|TS  0|AC  0|TAMS 0x000000008ca00000, 0x000000008ca00000|
| 123|0x000000008cb00000, 0x000000008cc00000, 0x000000008cc00000|100%| E|CS|TS  0|AC  0|TAMS 0x000000008cb00000, 0x000000008cb00000|

Card table byte_map: [0x00007f29f8ab6000,0x00007f29f8e8e000] byte_map_base: 0x00007f29f868e000

Marking Bits (Prev, Next): (CMBitMap*) 0x00007f2a1406b030, (CMBitMap*) 0x00007f2a1406b068
 Prev Bits: [0x00007f29b2140000, 0x00007f29b4000000)
 Next Bits: [0x00007f29b0280000, 0x00007f29b2140000)

Polling page: 0x00007f2a1ce22000

CodeHeap 'non-profiled nmethods': size=120032Kb used=147Kb max_used=147Kb free=119884Kb
 bounds [0x00007f2a0160b000, 0x00007f2a0187b000, 0x00007f2a08b43000]
CodeHeap 'profiled nmethods': size=120028Kb used=853Kb max_used=853Kb free=119174Kb
 bounds [0x00007f29fa0d4000, 0x00007f29fa344000, 0x00007f2a0160b000]
CodeHeap 'non-nmethods': size=5700Kb used=1221Kb max_used=1234Kb free=4478Kb
 bounds [0x00007f29f9b43000, 0x00007f29f9db3000, 0x00007f29fa0d4000]
 total_blobs=1054 nmethods=534 adapters=316
 compilation: enabled

Compilation events (10 events):
Event: 0,431 Thread 0x00007f2a14177800 nmethod 530 0x00007f29fa1a7390 code [0x00007f29fa1a7540, 0x00007f29fa1a77a8]
Event: 0,432 Thread 0x00007f2a14177800  531       3       java.util.WeakHashMap::getTable (9 bytes)
Event: 0,432 Thread 0x00007f2a14177800 nmethod 531 0x00007f29fa1a7890 code [0x00007f29fa1a7a40, 0x00007f29fa1a7be8]
Event: 0,432 Thread 0x00007f2a14177800  532   !   3       java.util.WeakHashMap::expungeStaleEntries (139 bytes)
Event: 0,433 Thread 0x00007f2a14177800 nmethod 532 0x00007f29fa1a7c90 code [0x00007f29fa1a7ec0, 0x00007f29fa1a8a68]
Event: 0,433 Thread 0x00007f2a14177800  533       3       java.util.WeakHashMap::indexFor (6 bytes)
Event: 0,433 Thread 0x00007f2a14177800 nmethod 533 0x00007f29fa1a8f10 code [0x00007f29fa1a90c0, 0x00007f29fa1a91f0]
Event: 0,441 Thread 0x00007f2a14175800 nmethod 499% 0x00007f2a0162ee90 code [0x00007f2a0162f040, 0x00007f2a0162f9f8]
Event: 0,445 Thread 0x00007f2a14177800  534       3       java.net.URL::<init> (8 bytes)
Event: 0,445 Thread 0x00007f2a14177800 nmethod 534 0x00007f29fa1a9290 code [0x00007f29fa1a9440, 0x00007f29fa1a95c8]

GC Heap History (0 events):
No events

Deoptimization events (1 events):
Event: 0,293 Thread 0x00007f2a14013000 Uncommon trap: reason=unstable_if action=reinterpret pc=0x00007f2a0160dd14 method=java.lang.String.charAt(I)C @ 4 c2

Classes redefined (0 events):
No events

Internal exceptions (9 events):
Event: 0,321 Thread 0x00007f2a14013000 Exception <a 'java/lang/NoSuchMethodError'{0x000000008c7ed978}: java.lang.invoke.DirectMethodHandle$Holder.invokeStatic(Ljava/lang/Object;Ljava/lang/Object;)I> (0x000000008c7ed978) thrown at [/scratch/opt/mach5/mesos/work_dir/slaves/5af44a71-976a-41b7-81d
Event: 0,324 Thread 0x00007f2a14013000 Exception <a 'java/lang/NoSuchMethodError'{0x000000008c7fbed0}: method resolution failed> (0x000000008c7fbed0) thrown at [/scratch/opt/mach5/mesos/work_dir/slaves/5af44a71-976a-41b7-81de-5773b84ec572-S39643/frameworks/1735e8a2-a1db-478c-8104-60c8b0af87dd-
Event: 0,325 Thread 0x00007f2a14013000 Exception <a 'java/lang/NoSuchMethodError'{0x000000008c7ffb88}: method resolution failed> (0x000000008c7ffb88) thrown at [/scratch/opt/mach5/mesos/work_dir/slaves/5af44a71-976a-41b7-81de-5773b84ec572-S39643/frameworks/1735e8a2-a1db-478c-8104-60c8b0af87dd-
Event: 0,325 Thread 0x00007f2a14013000 Exception <a 'java/lang/NoSuchMethodError'{0x000000008c6035b0}: java.lang.invoke.DelegatingMethodHandle$Holder.delegate(Ljava/lang/Object;Ljava/lang/Object;ILjava/lang/Object;)V> (0x000000008c6035b0) thrown at [/scratch/opt/mach5/mesos/work_dir/slaves/5af
Event: 0,326 Thread 0x00007f2a14013000 Exception <a 'java/lang/NoSuchMethodError'{0x000000008c6072b8}: java.lang.invoke.DirectMethodHandle$Holder.invokeSpecial(Ljava/lang/Object;Ljava/lang/Object;Ljava/lang/Object;)I> (0x000000008c6072b8) thrown at [/scratch/opt/mach5/mesos/work_dir/slaves/5af
Event: 0,327 Thread 0x00007f2a14013000 Exception <a 'java/lang/NoSuchMethodError'{0x000000008c60e880}: java.lang.invoke.DirectMethodHandle$Holder.invokeStaticInit(Ljava/lang/Object;Ljava/lang/Object;Ljava/lang/Object;)Ljava/lang/Object;> (0x000000008c60e880) thrown at [/scratch/opt/mach5/mesos
Event: 0,340 Thread 0x00007f2a14013000 Exception <a 'java/lang/NoSuchMethodError'{0x000000008c659188}: java.lang.Object.lambda$static$0(Ljava/lang/String;)Ljava/lang/Boolean;> (0x000000008c659188) thrown at [/scratch/opt/mach5/mesos/work_dir/slaves/5af44a71-976a-41b7-81de-5773b84ec572-S39643/f
Event: 0,342 Thread 0x00007f2a14013000 Exception <a 'java/lang/NoSuchMethodError'{0x000000008c663078}: java.lang.Object.lambda$union$2(Ljava/util/regex/Pattern$CharPredicate;I)Z> (0x000000008c663078) thrown at [/scratch/opt/mach5/mesos/work_dir/slaves/5af44a71-976a-41b7-81de-5773b84ec572-S3964
Event: 0,415 Thread 0x00007f2a14013000 Exception <a 'sun/nio/fs/UnixException'{0x000000008c513618}> (0x000000008c513618) thrown at [/scratch/opt/mach5/mesos/work_dir/slaves/5af44a71-976a-41b7-81de-5773b84ec572-S39643/frameworks/1735e8a2-a1db-478c-8104-60c8b0af87dd-0196/executors/a3f74ad9-294f-

Events (10 events):
Event: 0,434 loading class org/lwjgl/system/MathUtil
Event: 0,434 loading class org/lwjgl/system/MathUtil done
Event: 0,434 loading class org/lwjgl/system/linux/DynamicLinkLoader
Event: 0,434 loading class org/lwjgl/system/linux/DynamicLinkLoader done
Event: 0,445 loading class org/lwjgl/opengl/GL$2
Event: 0,445 loading class org/lwjgl/opengl/GL$2 done
Event: 0,445 loading class org/lwjgl/opengl/GL$SharedLibraryGL
Event: 0,445 loading class org/lwjgl/opengl/GL$SharedLibraryGL done
Event: 0,446 loading class org/lwjgl/system/SharedLibrary$Delegate
Event: 0,446 loading class org/lwjgl/system/SharedLibrary$Delegate done


Dynamic libraries:
00400000-00401000 r-xp 00000000 08:01 3807052                            /usr/lib/jvm/java-9-oracle/bin/java
00600000-00601000 rw-p 00000000 08:01 3807052                            /usr/lib/jvm/java-9-oracle/bin/java
017ae000-017cf000 rw-p 00000000 00:00 0                                  [heap]
85000000-8cc00000 rw-p 00000000 00:00 0 
8cc00000-100000000 ---p 00000000 00:00 0 
100000000-1000e0000 rw-p 00000000 00:00 0 
1000e0000-140000000 ---p 00000000 00:00 0 
7f296c000000-7f296c021000 rw-p 00000000 00:00 0 
7f296c021000-7f2970000000 ---p 00000000 00:00 0 
7f2970a87000-7f2970c86000 rw-p 00000000 00:00 0 
7f2970c86000-7f2970c8b000 r-xp 00000000 08:01 3415809                    /usr/lib/x86_64-linux-gnu/libXdmcp.so.6.0.0
7f2970c8b000-7f2970e8a000 ---p 00005000 08:01 3415809                    /usr/lib/x86_64-linux-gnu/libXdmcp.so.6.0.0
7f2970e8a000-7f2970e8b000 r--p 00004000 08:01 3415809                    /usr/lib/x86_64-linux-gnu/libXdmcp.so.6.0.0
7f2970e8b000-7f2970e8c000 rw-p 00005000 08:01 3415809                    /usr/lib/x86_64-linux-gnu/libXdmcp.so.6.0.0
7f2970e8c000-7f2970e8e000 r-xp 00000000 08:01 3415798                    /usr/lib/x86_64-linux-gnu/libXau.so.6.0.0
7f2970e8e000-7f297108e000 ---p 00002000 08:01 3415798                    /usr/lib/x86_64-linux-gnu/libXau.so.6.0.0
7f297108e000-7f297108f000 r--p 00002000 08:01 3415798                    /usr/lib/x86_64-linux-gnu/libXau.so.6.0.0
7f297108f000-7f2971090000 rw-p 00003000 08:01 3415798                    /usr/lib/x86_64-linux-gnu/libXau.so.6.0.0
7f2971090000-7f29710b1000 r-xp 00000000 08:01 3417216                    /usr/lib/x86_64-linux-gnu/libxcb.so.1.1.0
7f29710b1000-7f29712b0000 ---p 00021000 08:01 3417216                    /usr/lib/x86_64-linux-gnu/libxcb.so.1.1.0
7f29712b0000-7f29712b1000 r--p 00020000 08:01 3417216                    /usr/lib/x86_64-linux-gnu/libxcb.so.1.1.0
7f29712b1000-7f29712b2000 rw-p 00021000 08:01 3417216                    /usr/lib/x86_64-linux-gnu/libxcb.so.1.1.0
7f29712b2000-7f29712c3000 r-xp 00000000 08:01 3415811                    /usr/lib/x86_64-linux-gnu/libXext.so.6.4.0
7f29712c3000-7f29714c2000 ---p 00011000 08:01 3415811                    /usr/lib/x86_64-linux-gnu/libXext.so.6.4.0
7f29714c2000-7f29714c3000 r--p 00010000 08:01 3415811                    /usr/lib/x86_64-linux-gnu/libXext.so.6.4.0
7f29714c3000-7f29714c4000 rw-p 00011000 08:01 3415811                    /usr/lib/x86_64-linux-gnu/libXext.so.6.4.0
7f29714c4000-7f29715f9000 r-xp 00000000 08:01 3415794                    /usr/lib/x86_64-linux-gnu/libX11.so.6.3.0
7f29715f9000-7f29717f9000 ---p 00135000 08:01 3415794                    /usr/lib/x86_64-linux-gnu/libX11.so.6.3.0
7f29717f9000-7f29717fa000 r--p 00135000 08:01 3415794                    /usr/lib/x86_64-linux-gnu/libX11.so.6.3.0
7f29717fa000-7f29717fe000 rw-p 00136000 08:01 3415794                    /usr/lib/x86_64-linux-gnu/libX11.so.6.3.0
7f29717fe000-7f2972c1d000 r-xp 00000000 08:01 3427105                    /usr/lib/nvidia-390/libnvidia-glcore.so.390.59
7f2972c1d000-7f2972c3e000 rwxp 0141f000 08:01 3427105                    /usr/lib/nvidia-390/libnvidia-glcore.so.390.59
7f2972c3e000-7f2973073000 r-xp 01440000 08:01 3427105                    /usr/lib/nvidia-390/libnvidia-glcore.so.390.59
7f2973073000-7f2973272000 ---p 01875000 08:01 3427105                    /usr/lib/nvidia-390/libnvidia-glcore.so.390.59
7f2973272000-7f29735e6000 rw-p 01874000 08:01 3427105                    /usr/lib/nvidia-390/libnvidia-glcore.so.390.59
7f29735e6000-7f29735ff000 rw-p 00000000 00:00 0 
7f29735ff000-7f2973602000 r-xp 00000000 08:01 3427112                    /usr/lib/nvidia-390/tls/libnvidia-tls.so.390.59
7f2973602000-7f2973802000 ---p 00003000 08:01 3427112                    /usr/lib/nvidia-390/tls/libnvidia-tls.so.390.59
7f2973802000-7f2973803000 rw-p 00003000 08:01 3427112                    /usr/lib/nvidia-390/tls/libnvidia-tls.so.390.59
7f2973803000-7f29738cc000 r-xp 00000000 08:01 3427088                    /usr/lib/nvidia-390/libGL.so.390.59
7f29738cc000-7f2973900000 rwxp 000c9000 08:01 3427088                    /usr/lib/nvidia-390/libGL.so.390.59
7f2973900000-7f2973914000 r-xp 000fd000 08:01 3427088                    /usr/lib/nvidia-390/libGL.so.390.59
7f2973914000-7f2973b14000 ---p 00111000 08:01 3427088                    /usr/lib/nvidia-390/libGL.so.390.59
7f2973b14000-7f2973b39000 rw-p 00111000 08:01 3427088                    /usr/lib/nvidia-390/libGL.so.390.59
7f2973b39000-7f2973b40000 rw-p 00000000 00:00 0 
7f2973b40000-7f2973bab000 r-xp 00000000 08:01 23724402                   /tmp/lwjgloliver/3.1.5-build-1/liblwjgl_opengl.so
7f2973bab000-7f2973daa000 ---p 0006b000 08:01 23724402                   /tmp/lwjgloliver/3.1.5-build-1/liblwjgl_opengl.so
7f2973daa000-7f2973dab000 r--p 0006a000 08:01 23724402                   /tmp/lwjgloliver/3.1.5-build-1/liblwjgl_opengl.so
7f2973dab000-7f2973dac000 rw-p 0006b000 08:01 23724402                   /tmp/lwjgloliver/3.1.5-build-1/liblwjgl_opengl.so
7f2973dac000-7f2973dff000 r-xp 00000000 08:01 23724399                   /tmp/lwjgloliver/3.1.5-build-1/liblwjgl.so
7f2973dff000-7f2973ffe000 ---p 00053000 08:01 23724399                   /tmp/lwjgloliver/3.1.5-build-1/liblwjgl.so
7f2973ffe000-7f2973fff000 r--p 00052000 08:01 23724399                   /tmp/lwjgloliver/3.1.5-build-1/liblwjgl.so
7f2973fff000-7f2974000000 rw-p 00053000 08:01 23724399                   /tmp/lwjgloliver/3.1.5-build-1/liblwjgl.so
7f2974000000-7f2974021000 rw-p 00000000 00:00 0 
7f2974021000-7f2978000000 ---p 00000000 00:00 0 
7f2978000000-7f2978021000 rw-p 00000000 00:00 0 
7f2978021000-7f297c000000 ---p 00000000 00:00 0 
7f297c000000-7f297c147000 rw-p 00000000 00:00 0 
7f297c147000-7f2980000000 ---p 00000000 00:00 0 
7f2980000000-7f2980021000 rw-p 00000000 00:00 0 
7f2980021000-7f2984000000 ---p 00000000 00:00 0 
7f2984000000-7f2984047000 rw-p 00000000 00:00 0 
7f2984047000-7f2988000000 ---p 00000000 00:00 0 
7f2988000000-7f2988153000 rw-p 00000000 00:00 0 
7f2988153000-7f298c000000 ---p 00000000 00:00 0 
7f298c000000-7f298c021000 rw-p 00000000 00:00 0 
7f298c021000-7f2990000000 ---p 00000000 00:00 0 
7f2990000000-7f29901ce000 rw-p 00000000 00:00 0 
7f29901ce000-7f2994000000 ---p 00000000 00:00 0 
7f2994000000-7f2994021000 rw-p 00000000 00:00 0 
7f2994021000-7f2998000000 ---p 00000000 00:00 0 
7f2998000000-7f2998021000 rw-p 00000000 00:00 0 
7f2998021000-7f299c000000 ---p 00000000 00:00 0 
7f299c000000-7f299c021000 rw-p 00000000 00:00 0 
7f299c021000-7f29a0000000 ---p 00000000 00:00 0 
7f29a0073000-7f29a0074000 ---p 00000000 00:00 0 
7f29a0074000-7f29a0174000 rw-p 00000000 00:00 0 
7f29a0174000-7f29a0178000 ---p 00000000 00:00 0 
7f29a0178000-7f29a0275000 rw-p 00000000 00:00 0 
7f29a0275000-7f29a0279000 ---p 00000000 00:00 0 
7f29a0279000-7f29a0376000 rw-p 00000000 00:00 0 
7f29a0376000-7f29a038c000 r-xp 00000000 08:01 5641750                    /usr/lib/jvm/java-9-oracle/lib/libnet.so
7f29a038c000-7f29a058c000 ---p 00016000 08:01 5641750                    /usr/lib/jvm/java-9-oracle/lib/libnet.so
7f29a058c000-7f29a058d000 rw-p 00016000 08:01 5641750                    /usr/lib/jvm/java-9-oracle/lib/libnet.so
7f29a058d000-7f29a059d000 r-xp 00000000 08:01 5641814                    /usr/lib/jvm/java-9-oracle/lib/libnio.so
7f29a059d000-7f29a079d000 ---p 00010000 08:01 5641814                    /usr/lib/jvm/java-9-oracle/lib/libnio.so
7f29a079d000-7f29a079e000 rw-p 00010000 08:01 5641814                    /usr/lib/jvm/java-9-oracle/lib/libnio.so
7f29a079e000-7f29a07a2000 ---p 00000000 00:00 0 
7f29a07a2000-7f29a089f000 rw-p 00000000 00:00 0 
7f29a089f000-7f29a08a3000 ---p 00000000 00:00 0 
7f29a08a3000-7f29a09a0000 rw-p 00000000 00:00 0 
7f29a09a0000-7f29a09a4000 ---p 00000000 00:00 0 
7f29a09a4000-7f29a0aa1000 rw-p 00000000 00:00 0 
7f29a0aa1000-7f29a0aa5000 ---p 00000000 00:00 0 
7f29a0aa5000-7f29a0ba2000 rw-p 00000000 00:00 0 
7f29a0ba2000-7f29a0ba6000 ---p 00000000 00:00 0 
7f29a0ba6000-7f29a0ca3000 rw-p 00000000 00:00 0 
7f29a0ca3000-7f29a0ca7000 ---p 00000000 00:00 0 
7f29a0ca7000-7f29a0da4000 rw-p 00000000 00:00 0 
7f29a0da4000-7f29a11fa000 r--p 00000000 08:01 3409364                    /usr/lib/locale/locale-archive
7f29a11fa000-7f29a11fe000 ---p 00000000 00:00 0 
7f29a11fe000-7f29a12fb000 rw-p 00000000 00:00 0 
7f29a12fb000-7f29a12ff000 ---p 00000000 00:00 0 
7f29a12ff000-7f29a13fc000 rw-p 00000000 00:00 0 
7f29a13fc000-7f29a13fd000 ---p 00000000 00:00 0 
7f29a13fd000-7f29a1cfd000 rw-p 00000000 00:00 0 
7f29a1cfd000-7f29a2000000 rw-p 00000000 00:00 0 
7f29a2000000-7f29a4000000 rwxp 00000000 00:00 0 
7f29a4000000-7f29a4021000 rw-p 00000000 00:00 0 
7f29a4021000-7f29a8000000 ---p 00000000 00:00 0 
7f29a8000000-7f29a8021000 rw-p 00000000 00:00 0 
7f29a8021000-7f29ac000000 ---p 00000000 00:00 0 
7f29ac000000-7f29ac021000 rw-p 00000000 00:00 0 
7f29ac021000-7f29b0000000 ---p 00000000 00:00 0 
7f29b007e000-7f29b0470000 rw-p 00000000 00:00 0 
7f29b0470000-7f29b2140000 ---p 00000000 00:00 0 
7f29b2140000-7f29b2330000 rw-p 00000000 00:00 0 
7f29b2330000-7f29b4000000 ---p 00000000 00:00 0 
7f29b4000000-7f29b4021000 rw-p 00000000 00:00 0 
7f29b4021000-7f29b8000000 ---p 00000000 00:00 0 
7f29b8000000-7f29b8021000 rw-p 00000000 00:00 0 
7f29b8021000-7f29bc000000 ---p 00000000 00:00 0 
7f29bc000000-7f29bc021000 rw-p 00000000 00:00 0 
7f29bc021000-7f29c0000000 ---p 00000000 00:00 0 
7f29c0000000-7f29c0021000 rw-p 00000000 00:00 0 
7f29c0021000-7f29c4000000 ---p 00000000 00:00 0 
7f29c4000000-7f29c4021000 rw-p 00000000 00:00 0 
7f29c4021000-7f29c8000000 ---p 00000000 00:00 0 
7f29c8000000-7f29c8021000 rw-p 00000000 00:00 0 
7f29c8021000-7f29cc000000 ---p 00000000 00:00 0 
7f29cc000000-7f29cc021000 rw-p 00000000 00:00 0 
7f29cc021000-7f29d0000000 ---p 00000000 00:00 0 
7f29d0000000-7f29d0021000 rw-p 00000000 00:00 0 
7f29d0021000-7f29d4000000 ---p 00000000 00:00 0 
7f29d4000000-7f29d4021000 rw-p 00000000 00:00 0 
7f29d4021000-7f29d8000000 ---p 00000000 00:00 0 
7f29d8000000-7f29d8021000 rw-p 00000000 00:00 0 
7f29d8021000-7f29dc000000 ---p 00000000 00:00 0 
7f29dc000000-7f29dc021000 rw-p 00000000 00:00 0 
7f29dc021000-7f29e0000000 ---p 00000000 00:00 0 
7f29e0000000-7f29e0021000 rw-p 00000000 00:00 0 
7f29e0021000-7f29e4000000 ---p 00000000 00:00 0 
7f29e4000000-7f29e4021000 rw-p 00000000 00:00 0 
7f29e4021000-7f29e8000000 ---p 00000000 00:00 0 
7f29e8000000-7f29e8021000 rw-p 00000000 00:00 0 
7f29e8021000-7f29ec000000 ---p 00000000 00:00 0 
7f29ec000000-7f29ec021000 rw-p 00000000 00:00 0 
7f29ec021000-7f29f0000000 ---p 00000000 00:00 0 
7f29f0000000-7f29f0021000 rw-p 00000000 00:00 0 
7f29f0021000-7f29f4000000 ---p 00000000 00:00 0 
7f29f4000000-7f29f4021000 rw-p 00000000 00:00 0 
7f29f4021000-7f29f8000000 ---p 00000000 00:00 0 
7f29f8062000-7f29f83db000 rw-p 00000000 00:00 0 
7f29f83db000-7f29f83dc000 ---p 00000000 00:00 0 
7f29f83dc000-7f29f84dc000 rw-p 00000000 00:00 0 
7f29f84dc000-7f29f84dd000 ---p 00000000 00:00 0 
7f29f84dd000-7f29f85dd000 rw-p 00000000 00:00 0 
7f29f85dd000-7f29f85de000 ---p 00000000 00:00 0 
7f29f85de000-7f29f871c000 rw-p 00000000 00:00 0 
7f29f871c000-7f29f8ab6000 ---p 00000000 00:00 0 
7f29f8ab6000-7f29f8af4000 rw-p 00000000 00:00 0 
7f29f8af4000-7f29f9266000 ---p 00000000 00:00 0 
7f29f9266000-7f29f92a4000 rw-p 00000000 00:00 0 
7f29f92a4000-7f29f963e000 ---p 00000000 00:00 0 
7f29f963e000-7f29f963f000 ---p 00000000 00:00 0 
7f29f963f000-7f29f973f000 rw-p 00000000 00:00 0 
7f29f973f000-7f29f9740000 ---p 00000000 00:00 0 
7f29f9740000-7f29f9840000 rw-p 00000000 00:00 0 
7f29f9840000-7f29f9841000 ---p 00000000 00:00 0 
7f29f9841000-7f29f9941000 rw-p 00000000 00:00 0 
7f29f9941000-7f29f9942000 ---p 00000000 00:00 0 
7f29f9942000-7f29f9a42000 rw-p 00000000 00:00 0 
7f29f9a42000-7f29f9a43000 ---p 00000000 00:00 0 
7f29f9a43000-7f29f9b43000 rw-p 00000000 00:00 0 
7f29f9b43000-7f29f9db3000 rwxp 00000000 00:00 0 
7f29f9db3000-7f29fa0d4000 ---p 00000000 00:00 0 
7f29fa0d4000-7f29fa344000 rwxp 00000000 00:00 0 
7f29fa344000-7f2a0160b000 ---p 00000000 00:00 0 
7f2a0160b000-7f2a0187b000 rwxp 00000000 00:00 0 
7f2a0187b000-7f2a08b43000 ---p 00000000 00:00 0 
7f2a08b43000-7f2a14000000 r--s 00000000 08:01 5641785                    /usr/lib/jvm/java-9-oracle/lib/modules
7f2a14000000-7f2a146b8000 rw-p 00000000 00:00 0 
7f2a146b8000-7f2a18000000 ---p 00000000 00:00 0 
7f2a18008000-7f2a180bc000 rw-p 00000000 00:00 0 
7f2a180bc000-7f2a180bd000 ---p 00000000 00:00 0 
7f2a180bd000-7f2a181bd000 rw-p 00000000 00:00 0 
7f2a181bd000-7f2a181be000 ---p 00000000 00:00 0 
7f2a181be000-7f2a182be000 rw-p 00000000 00:00 0 
7f2a182be000-7f2a182bf000 ---p 00000000 00:00 0 
7f2a182bf000-7f2a183bf000 rw-p 00000000 00:00 0 
7f2a183bf000-7f2a183c0000 ---p 00000000 00:00 0 
7f2a183c0000-7f2a18cc8000 rw-p 00000000 00:00 0 
7f2a18cc8000-7f2a18cc9000 ---p 00000000 00:00 0 
7f2a18cc9000-7f2a18dc9000 rw-p 00000000 00:00 0 
7f2a18dc9000-7f2a18dca000 ---p 00000000 00:00 0 
7f2a18dca000-7f2a18eca000 rw-p 00000000 00:00 0 
7f2a18eca000-7f2a18ecb000 ---p 00000000 00:00 0 
7f2a18ecb000-7f2a18fcb000 rw-p 00000000 00:00 0 
7f2a18fcb000-7f2a18fcc000 ---p 00000000 00:00 0 
7f2a18fcc000-7f2a190cc000 rw-p 00000000 00:00 0 
7f2a190cc000-7f2a190cd000 ---p 00000000 00:00 0 
7f2a190cd000-7f2a191cd000 rw-p 00000000 00:00 0 
7f2a191cd000-7f2a191ce000 ---p 00000000 00:00 0 
7f2a191ce000-7f2a192ce000 rw-p 00000000 00:00 0 
7f2a192ce000-7f2a192cf000 ---p 00000000 00:00 0 
7f2a192cf000-7f2a193cf000 rw-p 00000000 00:00 0 
7f2a193cf000-7f2a193d0000 ---p 00000000 00:00 0 
7f2a193d0000-7f2a194d5000 rw-p 00000000 00:00 0 
7f2a194d5000-7f2a195bb000 ---p 00000000 00:00 0 
7f2a195bb000-7f2a195c0000 rw-p 00000000 00:00 0 
7f2a195c0000-7f2a196a6000 ---p 00000000 00:00 0 
7f2a196a6000-7f2a196c0000 r-xp 00000000 08:01 5641707                    /usr/lib/jvm/java-9-oracle/lib/libjimage.so
7f2a196c0000-7f2a198bf000 ---p 0001a000 08:01 5641707                    /usr/lib/jvm/java-9-oracle/lib/libjimage.so
7f2a198bf000-7f2a198c1000 rw-p 00019000 08:01 5641707                    /usr/lib/jvm/java-9-oracle/lib/libjimage.so
7f2a198c1000-7f2a198d3000 rw-p 00000000 00:00 0 
7f2a198d3000-7f2a198da000 r-xp 00000000 08:01 5641822                    /usr/lib/jvm/java-9-oracle/lib/libzip.so
7f2a198da000-7f2a19ad9000 ---p 00007000 08:01 5641822                    /usr/lib/jvm/java-9-oracle/lib/libzip.so
7f2a19ad9000-7f2a19ada000 rw-p 00006000 08:01 5641822                    /usr/lib/jvm/java-9-oracle/lib/libzip.so
7f2a19ada000-7f2a19ae5000 r-xp 00000000 08:01 24642406                   /lib/x86_64-linux-gnu/libnss_files-2.23.so
7f2a19ae5000-7f2a19ce4000 ---p 0000b000 08:01 24642406                   /lib/x86_64-linux-gnu/libnss_files-2.23.so
7f2a19ce4000-7f2a19ce5000 r--p 0000a000 08:01 24642406                   /lib/x86_64-linux-gnu/libnss_files-2.23.so
7f2a19ce5000-7f2a19ce6000 rw-p 0000b000 08:01 24642406                   /lib/x86_64-linux-gnu/libnss_files-2.23.so
7f2a19ce6000-7f2a19cec000 rw-p 00000000 00:00 0 
7f2a19cec000-7f2a19cf7000 r-xp 00000000 08:01 24642410                   /lib/x86_64-linux-gnu/libnss_nis-2.23.so
7f2a19cf7000-7f2a19ef6000 ---p 0000b000 08:01 24642410                   /lib/x86_64-linux-gnu/libnss_nis-2.23.so
7f2a19ef6000-7f2a19ef7000 r--p 0000a000 08:01 24642410                   /lib/x86_64-linux-gnu/libnss_nis-2.23.so
7f2a19ef7000-7f2a19ef8000 rw-p 0000b000 08:01 24642410                   /lib/x86_64-linux-gnu/libnss_nis-2.23.so
7f2a19ef8000-7f2a19f0e000 r-xp 00000000 08:01 24642390                   /lib/x86_64-linux-gnu/libnsl-2.23.so
7f2a19f0e000-7f2a1a10d000 ---p 00016000 08:01 24642390                   /lib/x86_64-linux-gnu/libnsl-2.23.so
7f2a1a10d000-7f2a1a10e000 r--p 00015000 08:01 24642390                   /lib/x86_64-linux-gnu/libnsl-2.23.so
7f2a1a10e000-7f2a1a10f000 rw-p 00016000 08:01 24642390                   /lib/x86_64-linux-gnu/libnsl-2.23.so
7f2a1a10f000-7f2a1a111000 rw-p 00000000 00:00 0 
7f2a1a111000-7f2a1a119000 r-xp 00000000 08:01 24642401                   /lib/x86_64-linux-gnu/libnss_compat-2.23.so
7f2a1a119000-7f2a1a318000 ---p 00008000 08:01 24642401                   /lib/x86_64-linux-gnu/libnss_compat-2.23.so
7f2a1a318000-7f2a1a319000 r--p 00007000 08:01 24642401                   /lib/x86_64-linux-gnu/libnss_compat-2.23.so
7f2a1a319000-7f2a1a31a000 rw-p 00008000 08:01 24642401                   /lib/x86_64-linux-gnu/libnss_compat-2.23.so
7f2a1a31a000-7f2a1a345000 r-xp 00000000 08:01 5641743                    /usr/lib/jvm/java-9-oracle/lib/libjava.so
7f2a1a345000-7f2a1a544000 ---p 0002b000 08:01 5641743                    /usr/lib/jvm/java-9-oracle/lib/libjava.so
7f2a1a544000-7f2a1a546000 rw-p 0002a000 08:01 5641743                    /usr/lib/jvm/java-9-oracle/lib/libjava.so
7f2a1a546000-7f2a1a553000 r-xp 00000000 08:01 5641768                    /usr/lib/jvm/java-9-oracle/lib/libverify.so
7f2a1a553000-7f2a1a752000 ---p 0000d000 08:01 5641768                    /usr/lib/jvm/java-9-oracle/lib/libverify.so
7f2a1a752000-7f2a1a754000 rw-p 0000c000 08:01 5641768                    /usr/lib/jvm/java-9-oracle/lib/libverify.so
7f2a1a754000-7f2a1a75b000 r-xp 00000000 08:01 24642411                   /lib/x86_64-linux-gnu/librt-2.23.so
7f2a1a75b000-7f2a1a95a000 ---p 00007000 08:01 24642411                   /lib/x86_64-linux-gnu/librt-2.23.so
7f2a1a95a000-7f2a1a95b000 r--p 00006000 08:01 24642411                   /lib/x86_64-linux-gnu/librt-2.23.so
7f2a1a95b000-7f2a1a95c000 rw-p 00007000 08:01 24642411                   /lib/x86_64-linux-gnu/librt-2.23.so
7f2a1a95c000-7f2a1aa64000 r-xp 00000000 08:01 24642389                   /lib/x86_64-linux-gnu/libm-2.23.so
7f2a1aa64000-7f2a1ac63000 ---p 00108000 08:01 24642389                   /lib/x86_64-linux-gnu/libm-2.23.so
7f2a1ac63000-7f2a1ac64000 r--p 00107000 08:01 24642389                   /lib/x86_64-linux-gnu/libm-2.23.so
7f2a1ac64000-7f2a1ac65000 rw-p 00108000 08:01 24642389                   /lib/x86_64-linux-gnu/libm-2.23.so
7f2a1ac65000-7f2a1bc7a000 r-xp 00000000 08:01 6951024                    /usr/lib/jvm/java-9-oracle/lib/server/libjvm.so
7f2a1bc7a000-7f2a1be79000 ---p 01015000 08:01 6951024                    /usr/lib/jvm/java-9-oracle/lib/server/libjvm.so
7f2a1be79000-7f2a1bf4a000 r--p 01014000 08:01 6951024                    /usr/lib/jvm/java-9-oracle/lib/server/libjvm.so
7f2a1bf4a000-7f2a1bf81000 rw-p 010e5000 08:01 6951024                    /usr/lib/jvm/java-9-oracle/lib/server/libjvm.so
7f2a1bf81000-7f2a1bfea000 rw-p 00000000 00:00 0 
7f2a1bfea000-7f2a1c1aa000 r-xp 00000000 08:01 24642393                   /lib/x86_64-linux-gnu/libc-2.23.so
7f2a1c1aa000-7f2a1c3aa000 ---p 001c0000 08:01 24642393                   /lib/x86_64-linux-gnu/libc-2.23.so
7f2a1c3aa000-7f2a1c3ae000 r--p 001c0000 08:01 24642393                   /lib/x86_64-linux-gnu/libc-2.23.so
7f2a1c3ae000-7f2a1c3b0000 rw-p 001c4000 08:01 24642393                   /lib/x86_64-linux-gnu/libc-2.23.so
7f2a1c3b0000-7f2a1c3b4000 rw-p 00000000 00:00 0 
7f2a1c3b4000-7f2a1c3b7000 r-xp 00000000 08:01 24642395                   /lib/x86_64-linux-gnu/libdl-2.23.so
7f2a1c3b7000-7f2a1c5b6000 ---p 00003000 08:01 24642395                   /lib/x86_64-linux-gnu/libdl-2.23.so
7f2a1c5b6000-7f2a1c5b7000 r--p 00002000 08:01 24642395                   /lib/x86_64-linux-gnu/libdl-2.23.so
7f2a1c5b7000-7f2a1c5b8000 rw-p 00003000 08:01 24642395                   /lib/x86_64-linux-gnu/libdl-2.23.so
7f2a1c5b8000-7f2a1c5c6000 r-xp 00000000 08:01 6951026                    /usr/lib/jvm/java-9-oracle/lib/jli/libjli.so
7f2a1c5c6000-7f2a1c7c6000 ---p 0000e000 08:01 6951026                    /usr/lib/jvm/java-9-oracle/lib/jli/libjli.so
7f2a1c7c6000-7f2a1c7c7000 rw-p 0000e000 08:01 6951026                    /usr/lib/jvm/java-9-oracle/lib/jli/libjli.so
7f2a1c7c7000-7f2a1c7df000 r-xp 00000000 08:01 24642392                   /lib/x86_64-linux-gnu/libpthread-2.23.so
7f2a1c7df000-7f2a1c9de000 ---p 00018000 08:01 24642392                   /lib/x86_64-linux-gnu/libpthread-2.23.so
7f2a1c9de000-7f2a1c9df000 r--p 00017000 08:01 24642392                   /lib/x86_64-linux-gnu/libpthread-2.23.so
7f2a1c9df000-7f2a1c9e0000 rw-p 00018000 08:01 24642392                   /lib/x86_64-linux-gnu/libpthread-2.23.so
7f2a1c9e0000-7f2a1c9e4000 rw-p 00000000 00:00 0 
7f2a1c9e4000-7f2a1c9fd000 r-xp 00000000 08:01 24646264                   /lib/x86_64-linux-gnu/libz.so.1.2.8
7f2a1c9fd000-7f2a1cbfc000 ---p 00019000 08:01 24646264                   /lib/x86_64-linux-gnu/libz.so.1.2.8
7f2a1cbfc000-7f2a1cbfd000 r--p 00018000 08:01 24646264                   /lib/x86_64-linux-gnu/libz.so.1.2.8
7f2a1cbfd000-7f2a1cbfe000 rw-p 00019000 08:01 24646264                   /lib/x86_64-linux-gnu/libz.so.1.2.8
7f2a1cbfe000-7f2a1cc24000 r-xp 00000000 08:01 24642391                   /lib/x86_64-linux-gnu/ld-2.23.so
7f2a1cc37000-7f2a1ccf4000 rw-p 00000000 00:00 0 
7f2a1ccf4000-7f2a1ccf9000 ---p 00000000 00:00 0 
7f2a1ccf9000-7f2a1cdfa000 rw-p 00000000 00:00 0 
7f2a1ce0c000-7f2a1ce12000 rw-p 00000000 00:00 0 
7f2a1ce12000-7f2a1ce19000 ---p 00000000 00:00 0 
7f2a1ce19000-7f2a1ce21000 rw-s 00000000 08:01 23724075                   /tmp/hsperfdata_oliver/8968
7f2a1ce21000-7f2a1ce22000 rw-p 00000000 00:00 0 
7f2a1ce22000-7f2a1ce23000 r--p 00000000 00:00 0 
7f2a1ce23000-7f2a1ce24000 r--p 00025000 08:01 24642391                   /lib/x86_64-linux-gnu/ld-2.23.so
7f2a1ce24000-7f2a1ce25000 rw-p 00026000 08:01 24642391                   /lib/x86_64-linux-gnu/ld-2.23.so
7f2a1ce25000-7f2a1ce26000 rw-p 00000000 00:00 0 
7ffc94654000-7ffc94676000 rw-p 00000000 00:00 0                          [stack]
7ffc947ce000-7ffc947d1000 r--p 00000000 00:00 0                          [vvar]
7ffc947d1000-7ffc947d3000 r-xp 00000000 00:00 0                          [vdso]
ffffffffff600000-ffffffffff601000 r-xp 00000000 00:00 0                  [vsyscall]

VM Arguments:
jvm_args: -Dorg.lwjgl.util.Debug=true -Djava.library.path=nope -Dfile.encoding=UTF-8 
java_command: base.IkSolver
java_class_path (initial): /home/oliver/git/Master_thesis_java/Masterthesis_IK/target/classes:/home/oliver/git/Master_thesis_java/Masterthesis_IK/libs/Caliko-v1.3.3/jar/caliko-1.3.3.jar:/home/oliver/git/Master_thesis_java/Masterthesis_IK/libs/Caliko-v1.3.3/jar/caliko-demo-1.3.3.jar:/home/oliver/git/Master_thesis_java/Masterthesis_IK/libs/Caliko-v1.3.3/jar/caliko-visualisation-1.3.3.jar:/home/oliver/.m2/repository/org/lwjgl/lwjgl/3.1.5/lwjgl-3.1.5.jar:/home/oliver/.m2/repository/org/lwjgl/lwjgl-assimp/3.1.5/lwjgl-assimp-3.1.5.jar:/home/oliver/.m2/repository/org/lwjgl/lwjgl-bgfx/3.1.5/lwjgl-bgfx-3.1.5.jar:/home/oliver/.m2/repository/org/lwjgl/lwjgl-glfw/3.1.5/lwjgl-glfw-3.1.5.jar:/home/oliver/.m2/repository/org/lwjgl/lwjgl-nanovg/3.1.5/lwjgl-nanovg-3.1.5.jar:/home/oliver/.m2/repository/org/lwjgl/lwjgl-nuklear/3.1.5/lwjgl-nuklear-3.1.5.jar:/home/oliver/.m2/repository/org/lwjgl/lwjgl-openal/3.1.5/lwjgl-openal-3.1.5.jar:/home/oliver/.m2/repository/org/lwjgl/lwjgl-opengl/3.1.5/lwjgl-opengl-3.1.5.jar:/home/oliver/.m2/repository/org/lwjgl/lwjgl-openvr/3.1.5/lwjgl-openvr-3.1.5.jar:/home/oliver/.m2/repository/org/lwjgl/lwjgl-par/3.1.5/lwjgl-par-3.1.5.jar:/home/oliver/.m2/repository/org/lwjgl/lwjgl-stb/3.1.5/lwjgl-stb-3.1.5.jar:/home/oliver/.m2/repository/org/lwjgl/lwjgl-vulkan/3.1.5/lwjgl-vulkan-3.1.5.jar:/home/oliver/.m2/repository/org/lwjgl/lwjgl/3.1.5/lwjgl-3.1.5-natives-linux.jar:/home/oliver/.m2/repository/org/lwjgl/lwjgl-assimp/3.1.5/lwjgl-assimp-3.1.5-natives-linux.jar:/home/oliver/.m2/repository/org/lwjgl/lwjgl-bgfx/3.1.5/lwjgl-bgfx-3.1.5-natives-linux.jar:/home/oliver/.m2/repository/org/lwjgl/lwjgl-glfw/3.1.5/lwjgl-glfw-3.1.5-natives-linux.jar:/home/oliver/.m2/repository/org/lwjgl/lwjgl-nanovg/3.1.5/lwjgl-nanovg-3.1.5-natives-linux.jar:/home/oliver/.m2/repository/org/lwjgl/lwjgl-nuklear/3.1.5/lwjgl-nuklear-3.1.5-natives-linux.jar:/home/oliver/.m2/repository/org/lwjgl/lwjgl-openal/3.1.5/lwjgl-openal-3.1.5-natives-linux.jar:/home/oliver/.m2/repository/org/lwjgl/lwjgl
Launcher Type: SUN_STANDARD

Logging:
Log output configuration:
#0: stdout all=warning uptime,level,tags
#1: stderr all=off uptime,level,tags

Environment Variables:
JAVA_HOME=/usr/lib/jvm/java-9-oracle
PATH=/home/oliver/bin:/home/oliver/.local/bin:/usr/local/sbin:/usr/local/bin:/usr/sbin:/usr/bin:/sbin:/bin:/usr/games:/usr/local/games:/snap/bin:/usr/lib/jvm/java-9-oracle/bin:/usr/lib/jvm/java-9-oracle/db/bin
SHELL=/bin/bash
DISPLAY=:0

Signal Handlers:
SIGSEGV: [libjvm.so+0xd4d370], sa_mask[0]=11111111011111111101111111111110, sa_flags=SA_RESTART|SA_SIGINFO
SIGBUS: [libjvm.so+0xd4d370], sa_mask[0]=11111111011111111101111111111110, sa_flags=SA_RESTART|SA_SIGINFO
SIGFPE: [libjvm.so+0xd4d370], sa_mask[0]=11111111011111111101111111111110, sa_flags=SA_RESTART|SA_SIGINFO
SIGPIPE: [libjvm.so+0xb64780], sa_mask[0]=11111111011111111101111111111110, sa_flags=SA_RESTART|SA_SIGINFO
SIGXFSZ: [libjvm.so+0xb64780], sa_mask[0]=11111111011111111101111111111110, sa_flags=SA_RESTART|SA_SIGINFO
SIGILL: [libjvm.so+0xd4d370], sa_mask[0]=11111111011111111101111111111110, sa_flags=SA_RESTART|SA_SIGINFO
SIGUSR2: [libjvm.so+0xb64640], sa_mask[0]=00100000000000000000000000000000, sa_flags=SA_RESTART|SA_SIGINFO
SIGHUP: [libjvm.so+0xb64850], sa_mask[0]=11111111011111111101111111111110, sa_flags=SA_RESTART|SA_SIGINFO
SIGINT: [libjvm.so+0xb64850], sa_mask[0]=11111111011111111101111111111110, sa_flags=SA_RESTART|SA_SIGINFO
SIGTERM: [libjvm.so+0xb64850], sa_mask[0]=11111111011111111101111111111110, sa_flags=SA_RESTART|SA_SIGINFO
SIGQUIT: [libjvm.so+0xb64850], sa_mask[0]=11111111011111111101111111111110, sa_flags=SA_RESTART|SA_SIGINFO


---------------  S Y S T E M  ---------------

OS:DISTRIB_ID=Ubuntu
DISTRIB_RELEASE=16.04
DISTRIB_CODENAME=xenial
DISTRIB_DESCRIPTION="Ubuntu 16.04.4 LTS"
uname:Linux 4.13.0-43-generic #48~16.04.1-Ubuntu SMP Thu May 17 12:56:46 UTC 2018 x86_64
libc:glibc 2.23 NPTL 2.23 
rlimit: STACK 8192k, CORE 0k, NPROC 31242, NOFILE 1048576, AS infinity
load average:3,34 2,69 2,01

/proc/meminfo:
MemTotal:        8059520 kB
MemFree:         2642400 kB
MemAvailable:    4799408 kB
Buffers:          492736 kB
Cached:          1757860 kB
SwapCached:            0 kB
Active:          3578960 kB
Inactive:        1273912 kB
Active(anon):    2556376 kB
Inactive(anon):   115932 kB
Active(file):    1022584 kB
Inactive(file):  1157980 kB
Unevictable:          80 kB
Mlocked:              80 kB
SwapTotal:       8278012 kB
SwapFree:        8278012 kB
Dirty:               388 kB
Writeback:             0 kB
AnonPages:       2602492 kB
Mapped:           781796 kB
Shmem:            118208 kB
Slab:             348040 kB
SReclaimable:     281688 kB
SUnreclaim:        66352 kB
KernelStack:       15824 kB
PageTables:        49608 kB
NFS_Unstable:          0 kB
Bounce:                0 kB
WritebackTmp:          0 kB
CommitLimit:    12307772 kB
Committed_AS:    9095880 kB
VmallocTotal:   34359738367 kB
VmallocUsed:           0 kB
VmallocChunk:          0 kB
HardwareCorrupted:     0 kB
AnonHugePages:         0 kB
ShmemHugePages:        0 kB
ShmemPmdMapped:        0 kB
CmaTotal:              0 kB
CmaFree:               0 kB
HugePages_Total:       0
HugePages_Free:        0
HugePages_Rsvd:        0
HugePages_Surp:        0
Hugepagesize:       2048 kB
DirectMap4k:      336444 kB
DirectMap2M:     7944192 kB


CPU:total 8 (initial active 8) (4 cores per cpu, 2 threads per core) family 6 model 42 stepping 7, cmov, cx8, fxsr, mmx, sse, sse2, sse3, ssse3, sse4.1, sse4.2, popcnt, avx, aes, clmul, ht, tsc, tscinvbit
CPU Model and flags from /proc/cpuinfo:
model name	: Intel(R) Core(TM) i7-2630QM CPU @ 2.00GHz
flags		: fpu vme de pse tsc msr pae mce cx8 apic sep mtrr pge mca cmov pat pse36 clflush dts acpi mmx fxsr sse sse2 ss ht tm pbe syscall nx rdtscp lm constant_tsc arch_perfmon pebs bts nopl xtopology nonstop_tsc cpuid aperfmperf pni pclmulqdq dtes64 monitor ds_cpl vmx est tm2 ssse3 cx16 xtpr pdcm pcid sse4_1 sse4_2 x2apic popcnt tsc_deadline_timer aes xsave avx lahf_lm epb pti retpoline spec_ctrl tpr_shadow vnmi flexpriority ept vpid xsaveopt dtherm ida arat pln pts

Memory: 4k page, physical 8059520k(2642400k free), swap 8278012k(8278012k free)

vm_info: Java HotSpot(TM) 64-Bit Server VM (9.0.4+11) for linux-amd64 JRE (9.0.4+11), built on Dec 19 2017 18:12:19 by "mach5one" with gcc 4.9.2

END.
