#
# A fatal error has been detected by the Java Runtime Environment:
#
#  SIGSEGV (0xb) at pc=0x00007f1cbdf59ef7, pid=16906, tid=16908
#
# JRE version: Java(TM) SE Runtime Environment (9.0+11) (build 9.0.4+11)
# Java VM: Java HotSpot(TM) 64-Bit Server VM (9.0.4+11, mixed mode, tiered, compressed oops, g1 gc, linux-amd64)
# Problematic frame:
# C  [liblwjgl_opengl.so+0x45ef7]  Java_org_lwjgl_opengl_GL20_glCreateProgram+0x7
#
# Core dump will be written. Default location: Core dumps may be processed with "/usr/share/apport/apport %p %s %c %d %P" (or dumping to /home/oliver/git/Master_thesis_java/Masterthesis_IK/core.16906)
#
# If you would like to submit a bug report, please visit:
#   http://bugreport.java.com/bugreport/crash.jsp
# The crash happened outside the Java Virtual Machine in native code.
# See problematic frame for where to report the bug.
#

---------------  S U M M A R Y ------------

Command Line: -Dorg.lwjgl.util.Debug=true -Djava.library.path=nope -Dfile.encoding=UTF-8 base.IkSolver

Host: Intel(R) Core(TM) i7-2630QM CPU @ 2.00GHz, 8 cores, 7G, Ubuntu 16.04.4 LTS
Time: Fri May 11 13:43:50 2018 CEST elapsed time: 0 seconds (0d 0h 0m 0s)

---------------  T H R E A D  ---------------

Current thread (0x00007f1d6c013000):  JavaThread "main" [_thread_in_native, id=16908, stack(0x00007f1d73931000,0x00007f1d73a31000)]

Stack: [0x00007f1d73931000,0x00007f1d73a31000],  sp=0x00007f1d73a2f278,  free space=1016k
Native frames: (J=compiled Java code, A=aot compiled Java code, j=interpreted, Vv=VM code, C=native code)
C  [liblwjgl_opengl.so+0x45ef7]  Java_org_lwjgl_opengl_GL20_glCreateProgram+0x7
j  au.edu.federation.caliko.visualisation.ShaderProgram.<init>()V+10
j  au.edu.federation.caliko.visualisation.Axis.<clinit>()V+207
v  ~StubRoutines::call_stub
V  [libjvm.so+0x83d60a]  JavaCalls::call_helper(JavaValue*, methodHandle const&, JavaCallArguments*, Thread*)+0x47a
V  [libjvm.so+0x815870]  InstanceKlass::call_class_initializer_impl(instanceKlassHandle, Thread*)+0x1d0
V  [libjvm.so+0x816627]  InstanceKlass::initialize(Thread*)+0x487
V  [libjvm.so+0x82b3e1]  InterpreterRuntime::_new(JavaThread*, ConstantPool*, int)+0x281
j  base.IkSolver.init()V+411
j  base.IkSolver.run()V+1364
j  base.IkSolver.main([Ljava/lang/String;)V+7
v  ~StubRoutines::call_stub
V  [libjvm.so+0x83d60a]  JavaCalls::call_helper(JavaValue*, methodHandle const&, JavaCallArguments*, Thread*)+0x47a
V  [libjvm.so+0x89a67f]  jni_invoke_static(JNIEnv_*, JavaValue*, _jobject*, JNICallType, _jmethodID*, JNI_ArgumentPusher*, Thread*) [clone .isra.90]+0x21f
V  [libjvm.so+0x8ab5ce]  jni_CallStaticVoidMethod+0x14e
C  [libjli.so+0x4397]  JavaMain+0xa17
C  [libpthread.so.0+0x76ba]  start_thread+0xca

Java frames: (J=compiled Java code, j=interpreted, Vv=VM code)
j  org.lwjgl.opengl.GL20.glCreateProgram()I+0
j  au.edu.federation.caliko.visualisation.ShaderProgram.<init>()V+10
j  au.edu.federation.caliko.visualisation.Axis.<clinit>()V+207
v  ~StubRoutines::call_stub
j  base.IkSolver.init()V+411
j  base.IkSolver.run()V+1364
j  base.IkSolver.main([Ljava/lang/String;)V+7
v  ~StubRoutines::call_stub

siginfo: si_signo: 11 (SIGSEGV), si_code: 1 (SEGV_MAPERR), si_addr: 0x0000000000000878

Register to memory mapping:

RAX=0x0000000000000000 is an unknown value
RBX={method} {0x00007f1cee7776f0} 'glCreateProgram' '()I' in 'org/lwjgl/opengl/GL20'
RCX=0x0000000000000002 is an unknown value
RDX=0x00007f1d72bea4d8: <offset 0x00000000013494d8> in /usr/lib/jvm/java-9-oracle/lib/server/libjvm.so at 0x00007f1d718a1000
RSP=0x00007f1d73a2f278 is pointing into the stack for thread: 0x00007f1d6c013000
RBP=0x00007f1d73a2f2c8 is pointing into the stack for thread: 0x00007f1d6c013000
RSI=0x00007f1d73a2f2d8 is pointing into the stack for thread: 0x00007f1d6c013000
RDI=0x00007f1d6c013218 is an unknown value
R8 ={method} {0x00007f1cee7776f0} 'glCreateProgram' '()I' in 'org/lwjgl/opengl/GL20'
R9 =0x0000000000000010 is an unknown value
R10=0x00007f1d51b5bd09 is at code_begin+873 in an Interpreter codelet
method entry point (kind = native)  [0x00007f1d51b5b9a0, 0x00007f1d51b5c3e0]  2624 bytes
R11=0x000000008c453a38 is an oop
java.lang.Class 
{0x000000008c453a38} - klass: 'java/lang/Class'
R12=0x0000000000000000 is an unknown value
R13=0x00007f1cee7776e8 is pointing into metadata
R14=0x00007f1d73a2f2e0 is pointing into the stack for thread: 0x00007f1d6c013000
R15=0x00007f1d6c013000 is a thread


Registers:
RAX=0x0000000000000000, RBX=0x00007f1cee7776f0, RCX=0x0000000000000002, RDX=0x00007f1d72bea4d8
RSP=0x00007f1d73a2f278, RBP=0x00007f1d73a2f2c8, RSI=0x00007f1d73a2f2d8, RDI=0x00007f1d6c013218
R8 =0x00007f1cee7776f0, R9 =0x0000000000000010, R10=0x00007f1d51b5bd09, R11=0x000000008c453a38
R12=0x0000000000000000, R13=0x00007f1cee7776e8, R14=0x00007f1d73a2f2e0, R15=0x00007f1d6c013000
RIP=0x00007f1cbdf59ef7, EFLAGS=0x0000000000010283, CSGSFS=0x002b000000000033, ERR=0x0000000000000004
  TRAPNO=0x000000000000000e

Top of Stack: (sp=0x00007f1d73a2f278)
0x00007f1d73a2f278:   00007f1d51b5bd35 00007f1d73a2f280
0x00007f1d73a2f288:   00007f1cee7776e8 00007f1d73a2f2e0
0x00007f1d73a2f298:   00007f1cee784f50 0000000000000000
0x00007f1d73a2f2a8:   000000008c453a38 00007f1cee7776f0 

Instructions: (pc=0x00007f1cbdf59ef7)
0x00007f1cbdf59ed7:   40 18 48 8b 80 b0 09 00 00 ff e0 66 66 66 66 66
0x00007f1cbdf59ee7:   2e 0f 1f 84 00 00 00 00 00 48 8b 07 48 8b 40 18
0x00007f1cbdf59ef7:   ff a0 78 08 00 00 0f 1f 00 48 8b 07 41 89 d1 89
0x00007f1cbdf59f07:   ce 4c 89 c2 44 89 cf 48 8b 40 18 48 8b 80 b8 15 


---------------  P R O C E S S  ---------------

Java Threads: ( => current thread )
  0x00007f1d6c3ea000 JavaThread "Thread-1" [_thread_in_native, id=16946, stack(0x00007f1ceeb76000,0x00007f1ceec77000)]
  0x00007f1d6c3e9000 JavaThread "Thread-0" [_thread_in_native, id=16945, stack(0x00007f1ceec77000,0x00007f1ceed78000)]
  0x00007f1d6c236000 JavaThread "Service Thread" daemon [_thread_blocked, id=16943, stack(0x00007f1ceee79000,0x00007f1ceef7a000)]
  0x00007f1d6c196000 JavaThread "Common-Cleaner" daemon [_thread_blocked, id=16942, stack(0x00007f1ceef7a000,0x00007f1cef07b000)]
  0x00007f1d6c179800 JavaThread "Sweeper thread" daemon [_thread_blocked, id=16941, stack(0x00007f1cef4a3000,0x00007f1cef5a4000)]
  0x00007f1d6c177800 JavaThread "C1 CompilerThread3" daemon [_thread_blocked, id=16940, stack(0x00007f1cef5a4000,0x00007f1cef6a5000)]
  0x00007f1d6c175800 JavaThread "C2 CompilerThread2" daemon [_thread_blocked, id=16939, stack(0x00007f1cef6a5000,0x00007f1cef7a6000)]
  0x00007f1d6c173800 JavaThread "C2 CompilerThread1" daemon [_thread_blocked, id=16938, stack(0x00007f1cef7a6000,0x00007f1cef8a7000)]
  0x00007f1d6c171800 JavaThread "C2 CompilerThread0" daemon [_thread_blocked, id=16937, stack(0x00007f1cef8a7000,0x00007f1cef9a8000)]
  0x00007f1d6c16f800 JavaThread "Signal Dispatcher" daemon [_thread_blocked, id=16936, stack(0x00007f1cef9a8000,0x00007f1cefaa9000)]
  0x00007f1d6c154000 JavaThread "Finalizer" daemon [_thread_blocked, id=16935, stack(0x00007f1cefeff000,0x00007f1cf0000000)]
  0x00007f1d6c14b800 JavaThread "Reference Handler" daemon [_thread_blocked, id=16934, stack(0x00007f1d04045000,0x00007f1d04146000)]
=>0x00007f1d6c013000 JavaThread "main" [_thread_in_native, id=16908, stack(0x00007f1d73931000,0x00007f1d73a31000)]

Other Threads:
  0x00007f1d6c142000 VMThread "VM Thread" [stack: 0x00007f1d04147000,0x00007f1d04247000] [id=16933]
  0x00007f1d6c239000 WatcherThread [stack: 0x00007f1ceed79000,0x00007f1ceee79000] [id=16944]
  0x00007f1d6c02a800 GCTaskThread "GC Thread#0" [stack: 0x00007f1d7000c000,0x00007f1d7010c000] [id=16909]
  0x00007f1d6c02c000 GCTaskThread "GC Thread#1" [stack: 0x00007f1d51a43000,0x00007f1d51b43000] [id=16910]
  0x00007f1d6c02d800 GCTaskThread "GC Thread#2" [stack: 0x00007f1d51942000,0x00007f1d51a42000] [id=16911]
  0x00007f1d6c02f800 GCTaskThread "GC Thread#3" [stack: 0x00007f1d51841000,0x00007f1d51941000] [id=16912]
  0x00007f1d6c031000 GCTaskThread "GC Thread#4" [stack: 0x00007f1d51740000,0x00007f1d51840000] [id=16913]
  0x00007f1d6c032800 GCTaskThread "GC Thread#5" [stack: 0x00007f1d5163f000,0x00007f1d5173f000] [id=16914]
  0x00007f1d6c034800 GCTaskThread "GC Thread#6" [stack: 0x00007f1d5153e000,0x00007f1d5163e000] [id=16915]
  0x00007f1d6c036000 GCTaskThread "GC Thread#7" [stack: 0x00007f1d5143d000,0x00007f1d5153d000] [id=16916]
  0x00007f1d6c06c000 ConcurrentGCThread "G1 Main Marker" [stack: 0x00007f1d5022b000,0x00007f1d5032b000] [id=16926]
  0x00007f1d6c06d800 ConcurrentGCThread "G1 Marker#0" [stack: 0x00007f1d5012a000,0x00007f1d5022a000] [id=16927]
  0x00007f1d6c06f800 ConcurrentGCThread "G1 Marker#1" [stack: 0x00007f1d50029000,0x00007f1d50129000] [id=16928]
  0x00007f1d6c045000 ConcurrentGCThread "G1 Refine#0" [stack: 0x00007f1d5042d000,0x00007f1d5052d000] [id=16924]
  0x00007f1d6c043000 ConcurrentGCThread "G1 Refine#1" [stack: 0x00007f1d5052e000,0x00007f1d5062e000] [id=16923]
  0x00007f1d6c041000 ConcurrentGCThread "G1 Refine#2" [stack: 0x00007f1d5062f000,0x00007f1d5072f000] [id=16922]
  0x00007f1d6c03f800 ConcurrentGCThread "G1 Refine#3" [stack: 0x00007f1d50730000,0x00007f1d50830000] [id=16921]
  0x00007f1d6c03d800 ConcurrentGCThread "G1 Refine#4" [stack: 0x00007f1d50831000,0x00007f1d50931000] [id=16920]
  0x00007f1d6c03c000 ConcurrentGCThread "G1 Refine#5" [stack: 0x00007f1d50932000,0x00007f1d50a32000] [id=16919]
  0x00007f1d6c03a000 ConcurrentGCThread "G1 Refine#6" [stack: 0x00007f1d50a33000,0x00007f1d50b33000] [id=16918]
  0x00007f1d6c038800 ConcurrentGCThread "G1 Refine#7" [stack: 0x00007f1d50b34000,0x00007f1d50c34000] [id=16917]
  0x00007f1d6c046800 ConcurrentGCThread "G1 Young RemSet Sampling" [stack: 0x00007f1d5032c000,0x00007f1d5042c000] [id=16925]

Threads with active compile tasks:

VM state:not at safepoint (normal execution)

VM Mutex/Monitor currently owned by a thread: None

Heap address: 0x0000000085000000, size: 1968 MB, Compressed Oops mode: 32-bit
Narrow klass base: 0x0000000000000000, Narrow klass shift: 3
Compressed class space size: 1073741824 Address: 0x0000000100000000

Heap:
 garbage-first heap   total 126976K, used 7168K [0x0000000085000000, 0x00000000851003e0, 0x0000000100000000)
  region size 1024K, 8 young (8192K), 0 survivors (0K)
 Metaspace       used 9361K, capacity 9578K, committed 9856K, reserved 1058816K
  class space    used 796K, capacity 864K, committed 896K, reserved 1048576K
Heap Regions: E=young(eden), S=young(survivor), O=old, HS=humongous(starts), HC=humongous(continues), CS=collection set, F=free, A=archive, TS=gc time stamp, AC=allocation context, TAMS=top-at-mark-start (previous, next)
|   0|0x0000000085000000, 0x0000000085000000, 0x0000000085100000|  0%| F|  |TS  0|AC  0|TAMS 0x0000000085000000, 0x0000000085000000|
|   1|0x0000000085100000, 0x0000000085100000, 0x0000000085200000|  0%| F|  |TS  0|AC  0|TAMS 0x0000000085100000, 0x0000000085100000|
|   2|0x0000000085200000, 0x0000000085200000, 0x0000000085300000|  0%| F|  |TS  0|AC  0|TAMS 0x0000000085200000, 0x0000000085200000|
|   3|0x0000000085300000, 0x0000000085300000, 0x0000000085400000|  0%| F|  |TS  0|AC  0|TAMS 0x0000000085300000, 0x0000000085300000|
|   4|0x0000000085400000, 0x0000000085400000, 0x0000000085500000|  0%| F|  |TS  0|AC  0|TAMS 0x0000000085400000, 0x0000000085400000|
|   5|0x0000000085500000, 0x0000000085500000, 0x0000000085600000|  0%| F|  |TS  0|AC  0|TAMS 0x0000000085500000, 0x0000000085500000|
|   6|0x0000000085600000, 0x0000000085600000, 0x0000000085700000|  0%| F|  |TS  0|AC  0|TAMS 0x0000000085600000, 0x0000000085600000|
|   7|0x0000000085700000, 0x0000000085700000, 0x0000000085800000|  0%| F|  |TS  0|AC  0|TAMS 0x0000000085700000, 0x0000000085700000|
|   8|0x0000000085800000, 0x0000000085800000, 0x0000000085900000|  0%| F|  |TS  0|AC  0|TAMS 0x0000000085800000, 0x0000000085800000|
|   9|0x0000000085900000, 0x0000000085900000, 0x0000000085a00000|  0%| F|  |TS  0|AC  0|TAMS 0x0000000085900000, 0x0000000085900000|
|  10|0x0000000085a00000, 0x0000000085a00000, 0x0000000085b00000|  0%| F|  |TS  0|AC  0|TAMS 0x0000000085a00000, 0x0000000085a00000|
|  11|0x0000000085b00000, 0x0000000085b00000, 0x0000000085c00000|  0%| F|  |TS  0|AC  0|TAMS 0x0000000085b00000, 0x0000000085b00000|
|  12|0x0000000085c00000, 0x0000000085c00000, 0x0000000085d00000|  0%| F|  |TS  0|AC  0|TAMS 0x0000000085c00000, 0x0000000085c00000|
|  13|0x0000000085d00000, 0x0000000085d00000, 0x0000000085e00000|  0%| F|  |TS  0|AC  0|TAMS 0x0000000085d00000, 0x0000000085d00000|
|  14|0x0000000085e00000, 0x0000000085e00000, 0x0000000085f00000|  0%| F|  |TS  0|AC  0|TAMS 0x0000000085e00000, 0x0000000085e00000|
|  15|0x0000000085f00000, 0x0000000085f00000, 0x0000000086000000|  0%| F|  |TS  0|AC  0|TAMS 0x0000000085f00000, 0x0000000085f00000|
|  16|0x0000000086000000, 0x0000000086000000, 0x0000000086100000|  0%| F|  |TS  0|AC  0|TAMS 0x0000000086000000, 0x0000000086000000|
|  17|0x0000000086100000, 0x0000000086100000, 0x0000000086200000|  0%| F|  |TS  0|AC  0|TAMS 0x0000000086100000, 0x0000000086100000|
|  18|0x0000000086200000, 0x0000000086200000, 0x0000000086300000|  0%| F|  |TS  0|AC  0|TAMS 0x0000000086200000, 0x0000000086200000|
|  19|0x0000000086300000, 0x0000000086300000, 0x0000000086400000|  0%| F|  |TS  0|AC  0|TAMS 0x0000000086300000, 0x0000000086300000|
|  20|0x0000000086400000, 0x0000000086400000, 0x0000000086500000|  0%| F|  |TS  0|AC  0|TAMS 0x0000000086400000, 0x0000000086400000|
|  21|0x0000000086500000, 0x0000000086500000, 0x0000000086600000|  0%| F|  |TS  0|AC  0|TAMS 0x0000000086500000, 0x0000000086500000|
|  22|0x0000000086600000, 0x0000000086600000, 0x0000000086700000|  0%| F|  |TS  0|AC  0|TAMS 0x0000000086600000, 0x0000000086600000|
|  23|0x0000000086700000, 0x0000000086700000, 0x0000000086800000|  0%| F|  |TS  0|AC  0|TAMS 0x0000000086700000, 0x0000000086700000|
|  24|0x0000000086800000, 0x0000000086800000, 0x0000000086900000|  0%| F|  |TS  0|AC  0|TAMS 0x0000000086800000, 0x0000000086800000|
|  25|0x0000000086900000, 0x0000000086900000, 0x0000000086a00000|  0%| F|  |TS  0|AC  0|TAMS 0x0000000086900000, 0x0000000086900000|
|  26|0x0000000086a00000, 0x0000000086a00000, 0x0000000086b00000|  0%| F|  |TS  0|AC  0|TAMS 0x0000000086a00000, 0x0000000086a00000|
|  27|0x0000000086b00000, 0x0000000086b00000, 0x0000000086c00000|  0%| F|  |TS  0|AC  0|TAMS 0x0000000086b00000, 0x0000000086b00000|
|  28|0x0000000086c00000, 0x0000000086c00000, 0x0000000086d00000|  0%| F|  |TS  0|AC  0|TAMS 0x0000000086c00000, 0x0000000086c00000|
|  29|0x0000000086d00000, 0x0000000086d00000, 0x0000000086e00000|  0%| F|  |TS  0|AC  0|TAMS 0x0000000086d00000, 0x0000000086d00000|
|  30|0x0000000086e00000, 0x0000000086e00000, 0x0000000086f00000|  0%| F|  |TS  0|AC  0|TAMS 0x0000000086e00000, 0x0000000086e00000|
|  31|0x0000000086f00000, 0x0000000086f00000, 0x0000000087000000|  0%| F|  |TS  0|AC  0|TAMS 0x0000000086f00000, 0x0000000086f00000|
|  32|0x0000000087000000, 0x0000000087000000, 0x0000000087100000|  0%| F|  |TS  0|AC  0|TAMS 0x0000000087000000, 0x0000000087000000|
|  33|0x0000000087100000, 0x0000000087100000, 0x0000000087200000|  0%| F|  |TS  0|AC  0|TAMS 0x0000000087100000, 0x0000000087100000|
|  34|0x0000000087200000, 0x0000000087200000, 0x0000000087300000|  0%| F|  |TS  0|AC  0|TAMS 0x0000000087200000, 0x0000000087200000|
|  35|0x0000000087300000, 0x0000000087300000, 0x0000000087400000|  0%| F|  |TS  0|AC  0|TAMS 0x0000000087300000, 0x0000000087300000|
|  36|0x0000000087400000, 0x0000000087400000, 0x0000000087500000|  0%| F|  |TS  0|AC  0|TAMS 0x0000000087400000, 0x0000000087400000|
|  37|0x0000000087500000, 0x0000000087500000, 0x0000000087600000|  0%| F|  |TS  0|AC  0|TAMS 0x0000000087500000, 0x0000000087500000|
|  38|0x0000000087600000, 0x0000000087600000, 0x0000000087700000|  0%| F|  |TS  0|AC  0|TAMS 0x0000000087600000, 0x0000000087600000|
|  39|0x0000000087700000, 0x0000000087700000, 0x0000000087800000|  0%| F|  |TS  0|AC  0|TAMS 0x0000000087700000, 0x0000000087700000|
|  40|0x0000000087800000, 0x0000000087800000, 0x0000000087900000|  0%| F|  |TS  0|AC  0|TAMS 0x0000000087800000, 0x0000000087800000|
|  41|0x0000000087900000, 0x0000000087900000, 0x0000000087a00000|  0%| F|  |TS  0|AC  0|TAMS 0x0000000087900000, 0x0000000087900000|
|  42|0x0000000087a00000, 0x0000000087a00000, 0x0000000087b00000|  0%| F|  |TS  0|AC  0|TAMS 0x0000000087a00000, 0x0000000087a00000|
|  43|0x0000000087b00000, 0x0000000087b00000, 0x0000000087c00000|  0%| F|  |TS  0|AC  0|TAMS 0x0000000087b00000, 0x0000000087b00000|
|  44|0x0000000087c00000, 0x0000000087c00000, 0x0000000087d00000|  0%| F|  |TS  0|AC  0|TAMS 0x0000000087c00000, 0x0000000087c00000|
|  45|0x0000000087d00000, 0x0000000087d00000, 0x0000000087e00000|  0%| F|  |TS  0|AC  0|TAMS 0x0000000087d00000, 0x0000000087d00000|
|  46|0x0000000087e00000, 0x0000000087e00000, 0x0000000087f00000|  0%| F|  |TS  0|AC  0|TAMS 0x0000000087e00000, 0x0000000087e00000|
|  47|0x0000000087f00000, 0x0000000087f00000, 0x0000000088000000|  0%| F|  |TS  0|AC  0|TAMS 0x0000000087f00000, 0x0000000087f00000|
|  48|0x0000000088000000, 0x0000000088000000, 0x0000000088100000|  0%| F|  |TS  0|AC  0|TAMS 0x0000000088000000, 0x0000000088000000|
|  49|0x0000000088100000, 0x0000000088100000, 0x0000000088200000|  0%| F|  |TS  0|AC  0|TAMS 0x0000000088100000, 0x0000000088100000|
|  50|0x0000000088200000, 0x0000000088200000, 0x0000000088300000|  0%| F|  |TS  0|AC  0|TAMS 0x0000000088200000, 0x0000000088200000|
|  51|0x0000000088300000, 0x0000000088300000, 0x0000000088400000|  0%| F|  |TS  0|AC  0|TAMS 0x0000000088300000, 0x0000000088300000|
|  52|0x0000000088400000, 0x0000000088400000, 0x0000000088500000|  0%| F|  |TS  0|AC  0|TAMS 0x0000000088400000, 0x0000000088400000|
|  53|0x0000000088500000, 0x0000000088500000, 0x0000000088600000|  0%| F|  |TS  0|AC  0|TAMS 0x0000000088500000, 0x0000000088500000|
|  54|0x0000000088600000, 0x0000000088600000, 0x0000000088700000|  0%| F|  |TS  0|AC  0|TAMS 0x0000000088600000, 0x0000000088600000|
|  55|0x0000000088700000, 0x0000000088700000, 0x0000000088800000|  0%| F|  |TS  0|AC  0|TAMS 0x0000000088700000, 0x0000000088700000|
|  56|0x0000000088800000, 0x0000000088800000, 0x0000000088900000|  0%| F|  |TS  0|AC  0|TAMS 0x0000000088800000, 0x0000000088800000|
|  57|0x0000000088900000, 0x0000000088900000, 0x0000000088a00000|  0%| F|  |TS  0|AC  0|TAMS 0x0000000088900000, 0x0000000088900000|
|  58|0x0000000088a00000, 0x0000000088a00000, 0x0000000088b00000|  0%| F|  |TS  0|AC  0|TAMS 0x0000000088a00000, 0x0000000088a00000|
|  59|0x0000000088b00000, 0x0000000088b00000, 0x0000000088c00000|  0%| F|  |TS  0|AC  0|TAMS 0x0000000088b00000, 0x0000000088b00000|
|  60|0x0000000088c00000, 0x0000000088c00000, 0x0000000088d00000|  0%| F|  |TS  0|AC  0|TAMS 0x0000000088c00000, 0x0000000088c00000|
|  61|0x0000000088d00000, 0x0000000088d00000, 0x0000000088e00000|  0%| F|  |TS  0|AC  0|TAMS 0x0000000088d00000, 0x0000000088d00000|
|  62|0x0000000088e00000, 0x0000000088e00000, 0x0000000088f00000|  0%| F|  |TS  0|AC  0|TAMS 0x0000000088e00000, 0x0000000088e00000|
|  63|0x0000000088f00000, 0x0000000088f00000, 0x0000000089000000|  0%| F|  |TS  0|AC  0|TAMS 0x0000000088f00000, 0x0000000088f00000|
|  64|0x0000000089000000, 0x0000000089000000, 0x0000000089100000|  0%| F|  |TS  0|AC  0|TAMS 0x0000000089000000, 0x0000000089000000|
|  65|0x0000000089100000, 0x0000000089100000, 0x0000000089200000|  0%| F|  |TS  0|AC  0|TAMS 0x0000000089100000, 0x0000000089100000|
|  66|0x0000000089200000, 0x0000000089200000, 0x0000000089300000|  0%| F|  |TS  0|AC  0|TAMS 0x0000000089200000, 0x0000000089200000|
|  67|0x0000000089300000, 0x0000000089300000, 0x0000000089400000|  0%| F|  |TS  0|AC  0|TAMS 0x0000000089300000, 0x0000000089300000|
|  68|0x0000000089400000, 0x0000000089400000, 0x0000000089500000|  0%| F|  |TS  0|AC  0|TAMS 0x0000000089400000, 0x0000000089400000|
|  69|0x0000000089500000, 0x0000000089500000, 0x0000000089600000|  0%| F|  |TS  0|AC  0|TAMS 0x0000000089500000, 0x0000000089500000|
|  70|0x0000000089600000, 0x0000000089600000, 0x0000000089700000|  0%| F|  |TS  0|AC  0|TAMS 0x0000000089600000, 0x0000000089600000|
|  71|0x0000000089700000, 0x0000000089700000, 0x0000000089800000|  0%| F|  |TS  0|AC  0|TAMS 0x0000000089700000, 0x0000000089700000|
|  72|0x0000000089800000, 0x0000000089800000, 0x0000000089900000|  0%| F|  |TS  0|AC  0|TAMS 0x0000000089800000, 0x0000000089800000|
|  73|0x0000000089900000, 0x0000000089900000, 0x0000000089a00000|  0%| F|  |TS  0|AC  0|TAMS 0x0000000089900000, 0x0000000089900000|
|  74|0x0000000089a00000, 0x0000000089a00000, 0x0000000089b00000|  0%| F|  |TS  0|AC  0|TAMS 0x0000000089a00000, 0x0000000089a00000|
|  75|0x0000000089b00000, 0x0000000089b00000, 0x0000000089c00000|  0%| F|  |TS  0|AC  0|TAMS 0x0000000089b00000, 0x0000000089b00000|
|  76|0x0000000089c00000, 0x0000000089c00000, 0x0000000089d00000|  0%| F|  |TS  0|AC  0|TAMS 0x0000000089c00000, 0x0000000089c00000|
|  77|0x0000000089d00000, 0x0000000089d00000, 0x0000000089e00000|  0%| F|  |TS  0|AC  0|TAMS 0x0000000089d00000, 0x0000000089d00000|
|  78|0x0000000089e00000, 0x0000000089e00000, 0x0000000089f00000|  0%| F|  |TS  0|AC  0|TAMS 0x0000000089e00000, 0x0000000089e00000|
|  79|0x0000000089f00000, 0x0000000089f00000, 0x000000008a000000|  0%| F|  |TS  0|AC  0|TAMS 0x0000000089f00000, 0x0000000089f00000|
|  80|0x000000008a000000, 0x000000008a000000, 0x000000008a100000|  0%| F|  |TS  0|AC  0|TAMS 0x000000008a000000, 0x000000008a000000|
|  81|0x000000008a100000, 0x000000008a100000, 0x000000008a200000|  0%| F|  |TS  0|AC  0|TAMS 0x000000008a100000, 0x000000008a100000|
|  82|0x000000008a200000, 0x000000008a200000, 0x000000008a300000|  0%| F|  |TS  0|AC  0|TAMS 0x000000008a200000, 0x000000008a200000|
|  83|0x000000008a300000, 0x000000008a300000, 0x000000008a400000|  0%| F|  |TS  0|AC  0|TAMS 0x000000008a300000, 0x000000008a300000|
|  84|0x000000008a400000, 0x000000008a400000, 0x000000008a500000|  0%| F|  |TS  0|AC  0|TAMS 0x000000008a400000, 0x000000008a400000|
|  85|0x000000008a500000, 0x000000008a500000, 0x000000008a600000|  0%| F|  |TS  0|AC  0|TAMS 0x000000008a500000, 0x000000008a500000|
|  86|0x000000008a600000, 0x000000008a600000, 0x000000008a700000|  0%| F|  |TS  0|AC  0|TAMS 0x000000008a600000, 0x000000008a600000|
|  87|0x000000008a700000, 0x000000008a700000, 0x000000008a800000|  0%| F|  |TS  0|AC  0|TAMS 0x000000008a700000, 0x000000008a700000|
|  88|0x000000008a800000, 0x000000008a800000, 0x000000008a900000|  0%| F|  |TS  0|AC  0|TAMS 0x000000008a800000, 0x000000008a800000|
|  89|0x000000008a900000, 0x000000008a900000, 0x000000008aa00000|  0%| F|  |TS  0|AC  0|TAMS 0x000000008a900000, 0x000000008a900000|
|  90|0x000000008aa00000, 0x000000008aa00000, 0x000000008ab00000|  0%| F|  |TS  0|AC  0|TAMS 0x000000008aa00000, 0x000000008aa00000|
|  91|0x000000008ab00000, 0x000000008ab00000, 0x000000008ac00000|  0%| F|  |TS  0|AC  0|TAMS 0x000000008ab00000, 0x000000008ab00000|
|  92|0x000000008ac00000, 0x000000008ac00000, 0x000000008ad00000|  0%| F|  |TS  0|AC  0|TAMS 0x000000008ac00000, 0x000000008ac00000|
|  93|0x000000008ad00000, 0x000000008ad00000, 0x000000008ae00000|  0%| F|  |TS  0|AC  0|TAMS 0x000000008ad00000, 0x000000008ad00000|
|  94|0x000000008ae00000, 0x000000008ae00000, 0x000000008af00000|  0%| F|  |TS  0|AC  0|TAMS 0x000000008ae00000, 0x000000008ae00000|
|  95|0x000000008af00000, 0x000000008af00000, 0x000000008b000000|  0%| F|  |TS  0|AC  0|TAMS 0x000000008af00000, 0x000000008af00000|
|  96|0x000000008b000000, 0x000000008b000000, 0x000000008b100000|  0%| F|  |TS  0|AC  0|TAMS 0x000000008b000000, 0x000000008b000000|
|  97|0x000000008b100000, 0x000000008b100000, 0x000000008b200000|  0%| F|  |TS  0|AC  0|TAMS 0x000000008b100000, 0x000000008b100000|
|  98|0x000000008b200000, 0x000000008b200000, 0x000000008b300000|  0%| F|  |TS  0|AC  0|TAMS 0x000000008b200000, 0x000000008b200000|
|  99|0x000000008b300000, 0x000000008b300000, 0x000000008b400000|  0%| F|  |TS  0|AC  0|TAMS 0x000000008b300000, 0x000000008b300000|
| 100|0x000000008b400000, 0x000000008b400000, 0x000000008b500000|  0%| F|  |TS  0|AC  0|TAMS 0x000000008b400000, 0x000000008b400000|
| 101|0x000000008b500000, 0x000000008b500000, 0x000000008b600000|  0%| F|  |TS  0|AC  0|TAMS 0x000000008b500000, 0x000000008b500000|
| 102|0x000000008b600000, 0x000000008b600000, 0x000000008b700000|  0%| F|  |TS  0|AC  0|TAMS 0x000000008b600000, 0x000000008b600000|
| 103|0x000000008b700000, 0x000000008b700000, 0x000000008b800000|  0%| F|  |TS  0|AC  0|TAMS 0x000000008b700000, 0x000000008b700000|
| 104|0x000000008b800000, 0x000000008b800000, 0x000000008b900000|  0%| F|  |TS  0|AC  0|TAMS 0x000000008b800000, 0x000000008b800000|
| 105|0x000000008b900000, 0x000000008b900000, 0x000000008ba00000|  0%| F|  |TS  0|AC  0|TAMS 0x000000008b900000, 0x000000008b900000|
| 106|0x000000008ba00000, 0x000000008ba00000, 0x000000008bb00000|  0%| F|  |TS  0|AC  0|TAMS 0x000000008ba00000, 0x000000008ba00000|
| 107|0x000000008bb00000, 0x000000008bb00000, 0x000000008bc00000|  0%| F|  |TS  0|AC  0|TAMS 0x000000008bb00000, 0x000000008bb00000|
| 108|0x000000008bc00000, 0x000000008bc00000, 0x000000008bd00000|  0%| F|  |TS  0|AC  0|TAMS 0x000000008bc00000, 0x000000008bc00000|
| 109|0x000000008bd00000, 0x000000008bd00000, 0x000000008be00000|  0%| F|  |TS  0|AC  0|TAMS 0x000000008bd00000, 0x000000008bd00000|
| 110|0x000000008be00000, 0x000000008be00000, 0x000000008bf00000|  0%| F|  |TS  0|AC  0|TAMS 0x000000008be00000, 0x000000008be00000|
| 111|0x000000008bf00000, 0x000000008bf00000, 0x000000008c000000|  0%| F|  |TS  0|AC  0|TAMS 0x000000008bf00000, 0x000000008bf00000|
| 112|0x000000008c000000, 0x000000008c000000, 0x000000008c100000|  0%| F|  |TS  0|AC  0|TAMS 0x000000008c000000, 0x000000008c000000|
| 113|0x000000008c100000, 0x000000008c100000, 0x000000008c200000|  0%| F|  |TS  0|AC  0|TAMS 0x000000008c100000, 0x000000008c100000|
| 114|0x000000008c200000, 0x000000008c200000, 0x000000008c300000|  0%| F|  |TS  0|AC  0|TAMS 0x000000008c200000, 0x000000008c200000|
| 115|0x000000008c300000, 0x000000008c300000, 0x000000008c400000|  0%| F|  |TS  0|AC  0|TAMS 0x000000008c300000, 0x000000008c300000|
| 116|0x000000008c400000, 0x000000008c500000, 0x000000008c500000|100%| E|  |TS  0|AC  0|TAMS 0x000000008c400000, 0x000000008c400000|
| 117|0x000000008c500000, 0x000000008c600000, 0x000000008c600000|100%| E|CS|TS  0|AC  0|TAMS 0x000000008c500000, 0x000000008c500000|
| 118|0x000000008c600000, 0x000000008c700000, 0x000000008c700000|100%| E|CS|TS  0|AC  0|TAMS 0x000000008c600000, 0x000000008c600000|
| 119|0x000000008c700000, 0x000000008c800000, 0x000000008c800000|100%| E|CS|TS  0|AC  0|TAMS 0x000000008c700000, 0x000000008c700000|
| 120|0x000000008c800000, 0x000000008c900000, 0x000000008c900000|100%| E|CS|TS  0|AC  0|TAMS 0x000000008c800000, 0x000000008c800000|
| 121|0x000000008c900000, 0x000000008ca00000, 0x000000008ca00000|100%| E|CS|TS  0|AC  0|TAMS 0x000000008c900000, 0x000000008c900000|
| 122|0x000000008ca00000, 0x000000008cb00000, 0x000000008cb00000|100%| E|CS|TS  0|AC  0|TAMS 0x000000008ca00000, 0x000000008ca00000|
| 123|0x000000008cb00000, 0x000000008cc00000, 0x000000008cc00000|100%| E|CS|TS  0|AC  0|TAMS 0x000000008cb00000, 0x000000008cb00000|

Card table byte_map: [0x00007f1d0b478000,0x00007f1d0b850000] byte_map_base: 0x00007f1d0b050000

Marking Bits (Prev, Next): (CMBitMap*) 0x00007f1d6c06b030, (CMBitMap*) 0x00007f1d6c06b068
 Prev Bits: [0x00007f1d091e0000, 0x00007f1d0b0a0000)
 Next Bits: [0x00007f1d07320000, 0x00007f1d091e0000)

Polling page: 0x00007f1d73a5e000

CodeHeap 'non-profiled nmethods': size=120032Kb used=163Kb max_used=163Kb free=119868Kb
 bounds [0x00007f1d5960b000, 0x00007f1d5987b000, 0x00007f1d60b43000]
CodeHeap 'profiled nmethods': size=120028Kb used=1028Kb max_used=1028Kb free=118999Kb
 bounds [0x00007f1d520d4000, 0x00007f1d52344000, 0x00007f1d5960b000]
CodeHeap 'non-nmethods': size=5700Kb used=1454Kb max_used=1467Kb free=4245Kb
 bounds [0x00007f1d51b43000, 0x00007f1d51db3000, 0x00007f1d520d4000]
 total_blobs=1504 nmethods=589 adapters=703
 compilation: enabled

Compilation events (10 events):
Event: 0,541 Thread 0x00007f1d6c177800  583       3       java.nio.channels.spi.AbstractInterruptibleChannel::blockedOn (13 bytes)
Event: 0,541 Thread 0x00007f1d6c177800 nmethod 583 0x00007f1d521c9710 code [0x00007f1d521c98e0, 0x00007f1d521c9e30]
Event: 0,541 Thread 0x00007f1d6c177800  574       3       jdk.internal.misc.Unsafe::copyMemoryChecks (21 bytes)
Event: 0,542 Thread 0x00007f1d6c177800 nmethod 574 0x00007f1d521ca010 code [0x00007f1d521ca2e0, 0x00007f1d521cb428]
Event: 0,550 Thread 0x00007f1d6c177800  585       3       sun.security.provider.DigestBase::implCompressMultiBlock0 (23 bytes)
Event: 0,551 Thread 0x00007f1d6c177800 nmethod 585 0x00007f1d521cb990 code [0x00007f1d521cbb60, 0x00007f1d521cbe48]
Event: 0,554 Thread 0x00007f1d6c177800  586   !   3       jdk.internal.loader.URLClassPath$JarLoader::getResource (353 bytes)
Event: 0,557 Thread 0x00007f1d6c171800  589       4       java.lang.AbstractStringBuilder::ensureCapacityInternal (39 bytes)
Event: 0,558 Thread 0x00007f1d6c177800 nmethod 586 0x00007f1d521cbf10 code [0x00007f1d521cc3c0, 0x00007f1d521ce748]
Event: 0,558 Thread 0x00007f1d6c177800  588       3       sun.nio.cs.UTF_8$Encoder::encodeArrayLoop (489 bytes)

GC Heap History (0 events):
No events

Deoptimization events (1 events):
Event: 0,294 Thread 0x00007f1d6c013000 Uncommon trap: reason=unstable_if action=reinterpret pc=0x00007f1d5960db94 method=java.lang.String.charAt(I)C @ 4 c2

Classes redefined (0 events):
No events

Internal exceptions (9 events):
Event: 0,329 Thread 0x00007f1d6c013000 Exception <a 'java/lang/NoSuchMethodError'{0x000000008c7c4390}: java.lang.Object.lambda$static$0(Ljava/lang/String;)Ljava/lang/Boolean;> (0x000000008c7c4390) thrown at [/scratch/opt/mach5/mesos/work_dir/slaves/5af44a71-976a-41b7-81de-5773b84ec572-S39643/f
Event: 0,345 Thread 0x00007f1d6c013000 Exception <a 'java/lang/NoSuchMethodError'{0x000000008c62c680}: java.lang.Object.lambda$union$2(Ljava/util/regex/Pattern$CharPredicate;I)Z> (0x000000008c62c680) thrown at [/scratch/opt/mach5/mesos/work_dir/slaves/5af44a71-976a-41b7-81de-5773b84ec572-S3964
Event: 0,360 Thread 0x00007f1d6c013000 Exception <a 'java/lang/NoSuchMethodError'{0x000000008c668348}: java.lang.invoke.DirectMethodHandle$Holder.invokeStatic(Ljava/lang/Object;Ljava/lang/Object;)I> (0x000000008c668348) thrown at [/scratch/opt/mach5/mesos/work_dir/slaves/5af44a71-976a-41b7-81d
Event: 0,363 Thread 0x00007f1d6c013000 Exception <a 'java/lang/NoSuchMethodError'{0x000000008c676080}: method resolution failed> (0x000000008c676080) thrown at [/scratch/opt/mach5/mesos/work_dir/slaves/5af44a71-976a-41b7-81de-5773b84ec572-S39643/frameworks/1735e8a2-a1db-478c-8104-60c8b0af87dd-
Event: 0,364 Thread 0x00007f1d6c013000 Exception <a 'java/lang/NoSuchMethodError'{0x000000008c679d38}: method resolution failed> (0x000000008c679d38) thrown at [/scratch/opt/mach5/mesos/work_dir/slaves/5af44a71-976a-41b7-81de-5773b84ec572-S39643/frameworks/1735e8a2-a1db-478c-8104-60c8b0af87dd-
Event: 0,364 Thread 0x00007f1d6c013000 Exception <a 'java/lang/NoSuchMethodError'{0x000000008c67d238}: java.lang.invoke.DelegatingMethodHandle$Holder.delegate(Ljava/lang/Object;Ljava/lang/Object;ILjava/lang/Object;)V> (0x000000008c67d238) thrown at [/scratch/opt/mach5/mesos/work_dir/slaves/5af
Event: 0,365 Thread 0x00007f1d6c013000 Exception <a 'java/lang/NoSuchMethodError'{0x000000008c680de0}: java.lang.invoke.DirectMethodHandle$Holder.invokeSpecial(Ljava/lang/Object;Ljava/lang/Object;Ljava/lang/Object;)I> (0x000000008c680de0) thrown at [/scratch/opt/mach5/mesos/work_dir/slaves/5af
Event: 0,366 Thread 0x00007f1d6c013000 Exception <a 'java/lang/NoSuchMethodError'{0x000000008c6882d8}: java.lang.invoke.DirectMethodHandle$Holder.invokeStaticInit(Ljava/lang/Object;Ljava/lang/Object;Ljava/lang/Object;)Ljava/lang/Object;> (0x000000008c6882d8) thrown at [/scratch/opt/mach5/mesos
Event: 0,555 Thread 0x00007f1d6c013000 Exception <a 'sun/nio/fs/UnixException'{0x000000008c496df8}> (0x000000008c496df8) thrown at [/scratch/opt/mach5/mesos/work_dir/slaves/5af44a71-976a-41b7-81de-5773b84ec572-S39643/frameworks/1735e8a2-a1db-478c-8104-60c8b0af87dd-0196/executors/a3f74ad9-294f-

Events (10 events):
Event: 0,555 loading class java/nio/file/NoSuchFileException
Event: 0,556 loading class java/nio/file/FileSystemException
Event: 0,556 loading class java/nio/file/FileSystemException done
Event: 0,556 loading class java/nio/file/NoSuchFileException done
Event: 0,556 loading class org/lwjgl/opengl/GL$2
Event: 0,556 loading class org/lwjgl/opengl/GL$2 done
Event: 0,557 loading class org/lwjgl/opengl/GL$SharedLibraryGL
Event: 0,557 loading class org/lwjgl/opengl/GL$SharedLibraryGL done
Event: 0,557 loading class org/lwjgl/system/SharedLibrary$Delegate
Event: 0,557 loading class org/lwjgl/system/SharedLibrary$Delegate done


Dynamic libraries:
00400000-00401000 r-xp 00000000 08:01 3807052                            /usr/lib/jvm/java-9-oracle/bin/java
00600000-00601000 rw-p 00000000 08:01 3807052                            /usr/lib/jvm/java-9-oracle/bin/java
022af000-022d0000 rw-p 00000000 00:00 0                                  [heap]
411f2000-411f4000 r-xs 00000000 08:01 23724412                           /tmp/.gl7oyE1Q (deleted)
41bf2000-41c93000 rw-p 00000000 00:00 0 
85000000-8cc00000 rw-p 00000000 00:00 0 
8cc00000-100000000 ---p 00000000 00:00 0 
100000000-1000e0000 rw-p 00000000 00:00 0 
1000e0000-140000000 ---p 00000000 00:00 0 
7f1cb8000000-7f1cb8021000 rw-p 00000000 00:00 0 
7f1cb8021000-7f1cbc000000 ---p 00000000 00:00 0 
7f1cbdd15000-7f1cbdf14000 rw-p 00000000 00:00 0 
7f1cbdf14000-7f1cbdf7f000 r-xp 00000000 08:01 23724413                   /tmp/lwjgloliver/3.1.5-build-1/liblwjgl_opengl.so
7f1cbdf7f000-7f1cbe17e000 ---p 0006b000 08:01 23724413                   /tmp/lwjgloliver/3.1.5-build-1/liblwjgl_opengl.so
7f1cbe17e000-7f1cbe17f000 r--p 0006a000 08:01 23724413                   /tmp/lwjgloliver/3.1.5-build-1/liblwjgl_opengl.so
7f1cbe17f000-7f1cbe180000 rw-p 0006b000 08:01 23724413                   /tmp/lwjgloliver/3.1.5-build-1/liblwjgl_opengl.so
7f1cbe180000-7f1cbe200000 rw-s 00000000 00:06 518                        /dev/nvidiactl
7f1cbe200000-7f1cbf61e000 r-xp 00000000 08:01 3411185                    /usr/lib/nvidia-390/libnvidia-glcore.so.390.48
7f1cbf61e000-7f1cbf63f000 rwxp 0141e000 08:01 3411185                    /usr/lib/nvidia-390/libnvidia-glcore.so.390.48
7f1cbf63f000-7f1cbfa74000 r-xp 0143f000 08:01 3411185                    /usr/lib/nvidia-390/libnvidia-glcore.so.390.48
7f1cbfa74000-7f1cbfc74000 ---p 01874000 08:01 3411185                    /usr/lib/nvidia-390/libnvidia-glcore.so.390.48
7f1cbfc74000-7f1cbffe7000 rw-p 01874000 08:01 3411185                    /usr/lib/nvidia-390/libnvidia-glcore.so.390.48
7f1cbffe7000-7f1cc0000000 rw-p 00000000 00:00 0 
7f1cc0000000-7f1cc0021000 rw-p 00000000 00:00 0 
7f1cc0021000-7f1cc4000000 ---p 00000000 00:00 0 
7f1cc4000000-7f1cc4021000 rw-p 00000000 00:00 0 
7f1cc4021000-7f1cc8000000 ---p 00000000 00:00 0 
7f1cc8000000-7f1cc8021000 rw-p 00000000 00:00 0 
7f1cc8021000-7f1ccc000000 ---p 00000000 00:00 0 
7f1ccc000000-7f1ccc021000 rw-p 00000000 00:00 0 
7f1ccc021000-7f1cd0000000 ---p 00000000 00:00 0 
7f1cd0000000-7f1cd0444000 rw-p 00000000 00:00 0 
7f1cd0444000-7f1cd4000000 ---p 00000000 00:00 0 
7f1cd4000000-7f1cd4021000 rw-p 00000000 00:00 0 
7f1cd4021000-7f1cd8000000 ---p 00000000 00:00 0 
7f1cd8000000-7f1cd80ff000 rw-p 00000000 00:00 0 
7f1cd80ff000-7f1cdc000000 ---p 00000000 00:00 0 
7f1cdc000000-7f1cdc18e000 rw-p 00000000 00:00 0 
7f1cdc18e000-7f1ce0000000 ---p 00000000 00:00 0 
7f1ce0000000-7f1ce0021000 rw-p 00000000 00:00 0 
7f1ce0021000-7f1ce4000000 ---p 00000000 00:00 0 
7f1ce4000000-7f1ce40c9000 rw-p 00000000 00:00 0 
7f1ce40c9000-7f1ce8000000 ---p 00000000 00:00 0 
7f1ce8000000-7f1ce8021000 rw-p 00000000 00:00 0 
7f1ce8021000-7f1cec000000 ---p 00000000 00:00 0 
7f1cec04a000-7f1cec0ca000 rw-s 00000000 00:06 518                        /dev/nvidiactl
7f1cec0ca000-7f1cec14a000 rw-s 00000000 00:06 518                        /dev/nvidiactl
7f1cec14a000-7f1cec24a000 rw-s 00000000 00:06 518                        /dev/nvidiactl
7f1cec24a000-7f1cec26a000 rw-s 00000000 00:06 519                        /dev/nvidia0
7f1cec26a000-7f1cec2aa000 rw-s 00000000 00:06 518                        /dev/nvidiactl
7f1cec2aa000-7f1cec3af000 rw-s 00000000 00:06 518                        /dev/nvidiactl
7f1cec3af000-7f1cec3b2000 r-xp 00000000 08:01 3411189                    /usr/lib/nvidia-390/tls/libnvidia-tls.so.390.48
7f1cec3b2000-7f1cec5b2000 ---p 00003000 08:01 3411189                    /usr/lib/nvidia-390/tls/libnvidia-tls.so.390.48
7f1cec5b2000-7f1cec5b3000 rw-p 00003000 08:01 3411189                    /usr/lib/nvidia-390/tls/libnvidia-tls.so.390.48
7f1cec5b3000-7f1cec67c000 r-xp 00000000 08:01 3411194                    /usr/lib/nvidia-390/libGL.so.390.48
7f1cec67c000-7f1cec6b0000 rwxp 000c9000 08:01 3411194                    /usr/lib/nvidia-390/libGL.so.390.48
7f1cec6b0000-7f1cec6c4000 r-xp 000fd000 08:01 3411194                    /usr/lib/nvidia-390/libGL.so.390.48
7f1cec6c4000-7f1cec8c4000 ---p 00111000 08:01 3411194                    /usr/lib/nvidia-390/libGL.so.390.48
7f1cec8c4000-7f1cec8e9000 rw-p 00111000 08:01 3411194                    /usr/lib/nvidia-390/libGL.so.390.48
7f1cec8e9000-7f1cec8f0000 rw-p 00000000 00:00 0 
7f1cec8f0000-7f1cec8f1000 r-xp 00000000 08:01 3415792                    /usr/lib/x86_64-linux-gnu/libX11-xcb.so.1.0.0
7f1cec8f1000-7f1cecaf0000 ---p 00001000 08:01 3415792                    /usr/lib/x86_64-linux-gnu/libX11-xcb.so.1.0.0
7f1cecaf0000-7f1cecaf1000 r--p 00000000 08:01 3415792                    /usr/lib/x86_64-linux-gnu/libX11-xcb.so.1.0.0
7f1cecaf1000-7f1cecaf2000 rw-p 00001000 08:01 3415792                    /usr/lib/x86_64-linux-gnu/libX11-xcb.so.1.0.0
7f1cecaf2000-7f1cecaf4000 r-xp 00000000 08:01 3415823                    /usr/lib/x86_64-linux-gnu/libXinerama.so.1.0.0
7f1cecaf4000-7f1ceccf3000 ---p 00002000 08:01 3415823                    /usr/lib/x86_64-linux-gnu/libXinerama.so.1.0.0
7f1ceccf3000-7f1ceccf4000 r--p 00001000 08:01 3415823                    /usr/lib/x86_64-linux-gnu/libXinerama.so.1.0.0
7f1ceccf4000-7f1ceccf5000 rw-p 00002000 08:01 3415823                    /usr/lib/x86_64-linux-gnu/libXinerama.so.1.0.0
7f1ceccf5000-7f1ceccfa000 r-xp 00000000 08:01 3415813                    /usr/lib/x86_64-linux-gnu/libXfixes.so.3.1.0
7f1ceccfa000-7f1cecef9000 ---p 00005000 08:01 3415813                    /usr/lib/x86_64-linux-gnu/libXfixes.so.3.1.0
7f1cecef9000-7f1cecefa000 r--p 00004000 08:01 3415813                    /usr/lib/x86_64-linux-gnu/libXfixes.so.3.1.0
7f1cecefa000-7f1cecefb000 rw-p 00005000 08:01 3415813                    /usr/lib/x86_64-linux-gnu/libXfixes.so.3.1.0
7f1cecefb000-7f1cecf04000 r-xp 00000000 08:01 3413243                    /usr/lib/x86_64-linux-gnu/libXcursor.so.1.0.2
7f1cecf04000-7f1ced103000 ---p 00009000 08:01 3413243                    /usr/lib/x86_64-linux-gnu/libXcursor.so.1.0.2
7f1ced103000-7f1ced104000 r--p 00008000 08:01 3413243                    /usr/lib/x86_64-linux-gnu/libXcursor.so.1.0.2
7f1ced104000-7f1ced105000 rw-p 00009000 08:01 3413243                    /usr/lib/x86_64-linux-gnu/libXcursor.so.1.0.2
7f1ced105000-7f1ced10e000 r-xp 00000000 08:01 3415833                    /usr/lib/x86_64-linux-gnu/libXrender.so.1.3.0
7f1ced10e000-7f1ced30d000 ---p 00009000 08:01 3415833                    /usr/lib/x86_64-linux-gnu/libXrender.so.1.3.0
7f1ced30d000-7f1ced30e000 r--p 00008000 08:01 3415833                    /usr/lib/x86_64-linux-gnu/libXrender.so.1.3.0
7f1ced30e000-7f1ced30f000 rw-p 00009000 08:01 3415833                    /usr/lib/x86_64-linux-gnu/libXrender.so.1.3.0
7f1ced30f000-7f1ced319000 r-xp 00000000 08:01 3415831                    /usr/lib/x86_64-linux-gnu/libXrandr.so.2.2.0
7f1ced319000-7f1ced518000 ---p 0000a000 08:01 3415831                    /usr/lib/x86_64-linux-gnu/libXrandr.so.2.2.0
7f1ced518000-7f1ced519000 r--p 00009000 08:01 3415831                    /usr/lib/x86_64-linux-gnu/libXrandr.so.2.2.0
7f1ced519000-7f1ced51a000 rw-p 0000a000 08:01 3415831                    /usr/lib/x86_64-linux-gnu/libXrandr.so.2.2.0
7f1ced51a000-7f1ced529000 r-xp 00000000 08:01 3415821                    /usr/lib/x86_64-linux-gnu/libXi.so.6.1.0
7f1ced529000-7f1ced728000 ---p 0000f000 08:01 3415821                    /usr/lib/x86_64-linux-gnu/libXi.so.6.1.0
7f1ced728000-7f1ced729000 r--p 0000e000 08:01 3415821                    /usr/lib/x86_64-linux-gnu/libXi.so.6.1.0
7f1ced729000-7f1ced72a000 rw-p 0000f000 08:01 3415821                    /usr/lib/x86_64-linux-gnu/libXi.so.6.1.0
7f1ced72a000-7f1ced73b000 r-xp 00000000 08:01 3415811                    /usr/lib/x86_64-linux-gnu/libXext.so.6.4.0
7f1ced73b000-7f1ced93a000 ---p 00011000 08:01 3415811                    /usr/lib/x86_64-linux-gnu/libXext.so.6.4.0
7f1ced93a000-7f1ced93b000 r--p 00010000 08:01 3415811                    /usr/lib/x86_64-linux-gnu/libXext.so.6.4.0
7f1ced93b000-7f1ced93c000 rw-p 00011000 08:01 3415811                    /usr/lib/x86_64-linux-gnu/libXext.so.6.4.0
7f1ced93c000-7f1ced941000 r-xp 00000000 08:01 3415849                    /usr/lib/x86_64-linux-gnu/libXxf86vm.so.1.0.0
7f1ced941000-7f1cedb40000 ---p 00005000 08:01 3415849                    /usr/lib/x86_64-linux-gnu/libXxf86vm.so.1.0.0
7f1cedb40000-7f1cedb41000 r--p 00004000 08:01 3415849                    /usr/lib/x86_64-linux-gnu/libXxf86vm.so.1.0.0
7f1cedb41000-7f1cedb42000 rw-p 00005000 08:01 3415849                    /usr/lib/x86_64-linux-gnu/libXxf86vm.so.1.0.0
7f1cedb42000-7f1cedb47000 r-xp 00000000 08:01 3415809                    /usr/lib/x86_64-linux-gnu/libXdmcp.so.6.0.0
7f1cedb47000-7f1cedd46000 ---p 00005000 08:01 3415809                    /usr/lib/x86_64-linux-gnu/libXdmcp.so.6.0.0
7f1cedd46000-7f1cedd47000 r--p 00004000 08:01 3415809                    /usr/lib/x86_64-linux-gnu/libXdmcp.so.6.0.0
7f1cedd47000-7f1cedd48000 rw-p 00005000 08:01 3415809                    /usr/lib/x86_64-linux-gnu/libXdmcp.so.6.0.0
7f1cedd48000-7f1cedd4a000 r-xp 00000000 08:01 3415798                    /usr/lib/x86_64-linux-gnu/libXau.so.6.0.0
7f1cedd4a000-7f1cedf4a000 ---p 00002000 08:01 3415798                    /usr/lib/x86_64-linux-gnu/libXau.so.6.0.0
7f1cedf4a000-7f1cedf4b000 r--p 00002000 08:01 3415798                    /usr/lib/x86_64-linux-gnu/libXau.so.6.0.0
7f1cedf4b000-7f1cedf4c000 rw-p 00003000 08:01 3415798                    /usr/lib/x86_64-linux-gnu/libXau.so.6.0.0
7f1cedf4c000-7f1cedf6d000 r-xp 00000000 08:01 3417216                    /usr/lib/x86_64-linux-gnu/libxcb.so.1.1.0
7f1cedf6d000-7f1cee16c000 ---p 00021000 08:01 3417216                    /usr/lib/x86_64-linux-gnu/libxcb.so.1.1.0
7f1cee16c000-7f1cee16d000 r--p 00020000 08:01 3417216                    /usr/lib/x86_64-linux-gnu/libxcb.so.1.1.0
7f1cee16d000-7f1cee16e000 rw-p 00021000 08:01 3417216                    /usr/lib/x86_64-linux-gnu/libxcb.so.1.1.0
7f1cee16e000-7f1cee2a3000 r-xp 00000000 08:01 3415794                    /usr/lib/x86_64-linux-gnu/libX11.so.6.3.0
7f1cee2a3000-7f1cee4a3000 ---p 00135000 08:01 3415794                    /usr/lib/x86_64-linux-gnu/libX11.so.6.3.0
7f1cee4a3000-7f1cee4a4000 r--p 00135000 08:01 3415794                    /usr/lib/x86_64-linux-gnu/libX11.so.6.3.0
7f1cee4a4000-7f1cee4a8000 rw-p 00136000 08:01 3415794                    /usr/lib/x86_64-linux-gnu/libX11.so.6.3.0
7f1cee4b1000-7f1cee4d1000 rw-s 00000000 00:06 518                        /dev/nvidiactl
7f1cee4d1000-7f1cee500000 r-xp 00000000 08:01 23724410                   /tmp/lwjgloliver/3.1.5-build-1/libglfw.so
7f1cee500000-7f1cee6ff000 ---p 0002f000 08:01 23724410                   /tmp/lwjgloliver/3.1.5-build-1/libglfw.so
7f1cee6ff000-7f1cee700000 r--p 0002e000 08:01 23724410                   /tmp/lwjgloliver/3.1.5-build-1/libglfw.so
7f1cee700000-7f1cee701000 rw-p 0002f000 08:01 23724410                   /tmp/lwjgloliver/3.1.5-build-1/libglfw.so
7f1cee701000-7f1cee7e2000 rw-p 00000000 00:00 0 
7f1cee7e2000-7f1cee922000 ---p 00000000 00:00 0 
7f1cee922000-7f1cee975000 r-xp 00000000 08:01 23724409                   /tmp/lwjgloliver/3.1.5-build-1/liblwjgl.so
7f1cee975000-7f1ceeb74000 ---p 00053000 08:01 23724409                   /tmp/lwjgloliver/3.1.5-build-1/liblwjgl.so
7f1ceeb74000-7f1ceeb75000 r--p 00052000 08:01 23724409                   /tmp/lwjgloliver/3.1.5-build-1/liblwjgl.so
7f1ceeb75000-7f1ceeb76000 rw-p 00053000 08:01 23724409                   /tmp/lwjgloliver/3.1.5-build-1/liblwjgl.so
7f1ceeb76000-7f1ceeb7a000 ---p 00000000 00:00 0 
7f1ceeb7a000-7f1ceec77000 rw-p 00000000 00:00 0 
7f1ceec77000-7f1ceec7b000 ---p 00000000 00:00 0 
7f1ceec7b000-7f1ceed78000 rw-p 00000000 00:00 0 
7f1ceed78000-7f1ceed79000 ---p 00000000 00:00 0 
7f1ceed79000-7f1ceee79000 rw-p 00000000 00:00 0 
7f1ceee79000-7f1ceee7d000 ---p 00000000 00:00 0 
7f1ceee7d000-7f1ceef7a000 rw-p 00000000 00:00 0 
7f1ceef7a000-7f1ceef7e000 ---p 00000000 00:00 0 
7f1ceef7e000-7f1cef07b000 rw-p 00000000 00:00 0 
7f1cef07b000-7f1cef091000 r-xp 00000000 08:01 5641750                    /usr/lib/jvm/java-9-oracle/lib/libnet.so
7f1cef091000-7f1cef291000 ---p 00016000 08:01 5641750                    /usr/lib/jvm/java-9-oracle/lib/libnet.so
7f1cef291000-7f1cef292000 rw-p 00016000 08:01 5641750                    /usr/lib/jvm/java-9-oracle/lib/libnet.so
7f1cef292000-7f1cef2a2000 r-xp 00000000 08:01 5641814                    /usr/lib/jvm/java-9-oracle/lib/libnio.so
7f1cef2a2000-7f1cef4a2000 ---p 00010000 08:01 5641814                    /usr/lib/jvm/java-9-oracle/lib/libnio.so
7f1cef4a2000-7f1cef4a3000 rw-p 00010000 08:01 5641814                    /usr/lib/jvm/java-9-oracle/lib/libnio.so
7f1cef4a3000-7f1cef4a7000 ---p 00000000 00:00 0 
7f1cef4a7000-7f1cef5a4000 rw-p 00000000 00:00 0 
7f1cef5a4000-7f1cef5a8000 ---p 00000000 00:00 0 
7f1cef5a8000-7f1cef6a5000 rw-p 00000000 00:00 0 
7f1cef6a5000-7f1cef6a9000 ---p 00000000 00:00 0 
7f1cef6a9000-7f1cef7a6000 rw-p 00000000 00:00 0 
7f1cef7a6000-7f1cef7aa000 ---p 00000000 00:00 0 
7f1cef7aa000-7f1cef8a7000 rw-p 00000000 00:00 0 
7f1cef8a7000-7f1cef8ab000 ---p 00000000 00:00 0 
7f1cef8ab000-7f1cef9a8000 rw-p 00000000 00:00 0 
7f1cef9a8000-7f1cef9ac000 ---p 00000000 00:00 0 
7f1cef9ac000-7f1cefaa9000 rw-p 00000000 00:00 0 
7f1cefaa9000-7f1cefeff000 r--p 00000000 08:01 3409364                    /usr/lib/locale/locale-archive
7f1cefeff000-7f1ceff03000 ---p 00000000 00:00 0 
7f1ceff03000-7f1cf0000000 rw-p 00000000 00:00 0 
7f1cf0000000-7f1cf0021000 rw-p 00000000 00:00 0 
7f1cf0021000-7f1cf4000000 ---p 00000000 00:00 0 
7f1cf4000000-7f1cf4021000 rw-p 00000000 00:00 0 
7f1cf4021000-7f1cf8000000 ---p 00000000 00:00 0 
7f1cf8000000-7f1cf8021000 rw-p 00000000 00:00 0 
7f1cf8021000-7f1cfc000000 ---p 00000000 00:00 0 
7f1cfc000000-7f1cfc021000 rw-p 00000000 00:00 0 
7f1cfc021000-7f1d00000000 ---p 00000000 00:00 0 
7f1d00000000-7f1d00021000 rw-p 00000000 00:00 0 
7f1d00021000-7f1d04000000 ---p 00000000 00:00 0 
7f1d04014000-7f1d04045000 rw-p 00000000 00:00 0 
7f1d04045000-7f1d04049000 ---p 00000000 00:00 0 
7f1d04049000-7f1d04146000 rw-p 00000000 00:00 0 
7f1d04146000-7f1d04147000 ---p 00000000 00:00 0 
7f1d04147000-7f1d04b18000 rw-p 00000000 00:00 0 
7f1d04b18000-7f1d05320000 rw-p 00000000 00:00 0 
7f1d05320000-7f1d07320000 rwxp 00000000 00:00 0 
7f1d07320000-7f1d07510000 rw-p 00000000 00:00 0 
7f1d07510000-7f1d091e0000 ---p 00000000 00:00 0 
7f1d091e0000-7f1d093d0000 rw-p 00000000 00:00 0 
7f1d093d0000-7f1d0b0a0000 ---p 00000000 00:00 0 
7f1d0b0a0000-7f1d0b0de000 rw-p 00000000 00:00 0 
7f1d0b0de000-7f1d0b478000 ---p 00000000 00:00 0 
7f1d0b478000-7f1d0b4b6000 rw-p 00000000 00:00 0 
7f1d0b4b6000-7f1d0bc28000 ---p 00000000 00:00 0 
7f1d0bc28000-7f1d0bc66000 rw-p 00000000 00:00 0 
7f1d0bc66000-7f1d0c000000 ---p 00000000 00:00 0 
7f1d0c000000-7f1d0c021000 rw-p 00000000 00:00 0 
7f1d0c021000-7f1d10000000 ---p 00000000 00:00 0 
7f1d10000000-7f1d10021000 rw-p 00000000 00:00 0 
7f1d10021000-7f1d14000000 ---p 00000000 00:00 0 
7f1d14000000-7f1d14021000 rw-p 00000000 00:00 0 
7f1d14021000-7f1d18000000 ---p 00000000 00:00 0 
7f1d18000000-7f1d18021000 rw-p 00000000 00:00 0 
7f1d18021000-7f1d1c000000 ---p 00000000 00:00 0 
7f1d1c000000-7f1d1c021000 rw-p 00000000 00:00 0 
7f1d1c021000-7f1d20000000 ---p 00000000 00:00 0 
7f1d20000000-7f1d20021000 rw-p 00000000 00:00 0 
7f1d20021000-7f1d24000000 ---p 00000000 00:00 0 
7f1d24000000-7f1d24021000 rw-p 00000000 00:00 0 
7f1d24021000-7f1d28000000 ---p 00000000 00:00 0 
7f1d28000000-7f1d28021000 rw-p 00000000 00:00 0 
7f1d28021000-7f1d2c000000 ---p 00000000 00:00 0 
7f1d2c000000-7f1d2c021000 rw-p 00000000 00:00 0 
7f1d2c021000-7f1d30000000 ---p 00000000 00:00 0 
7f1d30000000-7f1d30021000 rw-p 00000000 00:00 0 
7f1d30021000-7f1d34000000 ---p 00000000 00:00 0 
7f1d34000000-7f1d34021000 rw-p 00000000 00:00 0 
7f1d34021000-7f1d38000000 ---p 00000000 00:00 0 
7f1d38000000-7f1d38021000 rw-p 00000000 00:00 0 
7f1d38021000-7f1d3c000000 ---p 00000000 00:00 0 
7f1d3c000000-7f1d3c021000 rw-p 00000000 00:00 0 
7f1d3c021000-7f1d40000000 ---p 00000000 00:00 0 
7f1d40000000-7f1d40021000 rw-p 00000000 00:00 0 
7f1d40021000-7f1d44000000 ---p 00000000 00:00 0 
7f1d44000000-7f1d44021000 rw-p 00000000 00:00 0 
7f1d44021000-7f1d48000000 ---p 00000000 00:00 0 
7f1d48000000-7f1d48021000 rw-p 00000000 00:00 0 
7f1d48021000-7f1d4c000000 ---p 00000000 00:00 0 
7f1d4c000000-7f1d4c021000 rw-p 00000000 00:00 0 
7f1d4c021000-7f1d50000000 ---p 00000000 00:00 0 
7f1d50000000-7f1d50028000 rw-p 00000000 00:00 0 
7f1d50028000-7f1d50029000 ---p 00000000 00:00 0 
7f1d50029000-7f1d50129000 rw-p 00000000 00:00 0 
7f1d50129000-7f1d5012a000 ---p 00000000 00:00 0 
7f1d5012a000-7f1d5022a000 rw-p 00000000 00:00 0 
7f1d5022a000-7f1d5022b000 ---p 00000000 00:00 0 
7f1d5022b000-7f1d5032b000 rw-p 00000000 00:00 0 
7f1d5032b000-7f1d5032c000 ---p 00000000 00:00 0 
7f1d5032c000-7f1d5042c000 rw-p 00000000 00:00 0 
7f1d5042c000-7f1d5042d000 ---p 00000000 00:00 0 
7f1d5042d000-7f1d5052d000 rw-p 00000000 00:00 0 
7f1d5052d000-7f1d5052e000 ---p 00000000 00:00 0 
7f1d5052e000-7f1d5062e000 rw-p 00000000 00:00 0 
7f1d5062e000-7f1d5062f000 ---p 00000000 00:00 0 
7f1d5062f000-7f1d5072f000 rw-p 00000000 00:00 0 
7f1d5072f000-7f1d50730000 ---p 00000000 00:00 0 
7f1d50730000-7f1d50830000 rw-p 00000000 00:00 0 
7f1d50830000-7f1d50831000 ---p 00000000 00:00 0 
7f1d50831000-7f1d50931000 rw-p 00000000 00:00 0 
7f1d50931000-7f1d50932000 ---p 00000000 00:00 0 
7f1d50932000-7f1d50a32000 rw-p 00000000 00:00 0 
7f1d50a32000-7f1d50a33000 ---p 00000000 00:00 0 
7f1d50a33000-7f1d50b33000 rw-p 00000000 00:00 0 
7f1d50b33000-7f1d50b34000 ---p 00000000 00:00 0 
7f1d50b34000-7f1d5143c000 rw-p 00000000 00:00 0 
7f1d5143c000-7f1d5143d000 ---p 00000000 00:00 0 
7f1d5143d000-7f1d5153d000 rw-p 00000000 00:00 0 
7f1d5153d000-7f1d5153e000 ---p 00000000 00:00 0 
7f1d5153e000-7f1d5163e000 rw-p 00000000 00:00 0 
7f1d5163e000-7f1d5163f000 ---p 00000000 00:00 0 
7f1d5163f000-7f1d5173f000 rw-p 00000000 00:00 0 
7f1d5173f000-7f1d51740000 ---p 00000000 00:00 0 
7f1d51740000-7f1d51840000 rw-p 00000000 00:00 0 
7f1d51840000-7f1d51841000 ---p 00000000 00:00 0 
7f1d51841000-7f1d51941000 rw-p 00000000 00:00 0 
7f1d51941000-7f1d51942000 ---p 00000000 00:00 0 
7f1d51942000-7f1d51a42000 rw-p 00000000 00:00 0 
7f1d51a42000-7f1d51a43000 ---p 00000000 00:00 0 
7f1d51a43000-7f1d51b43000 rw-p 00000000 00:00 0 
7f1d51b43000-7f1d51db3000 rwxp 00000000 00:00 0 
7f1d51db3000-7f1d520d4000 ---p 00000000 00:00 0 
7f1d520d4000-7f1d52344000 rwxp 00000000 00:00 0 
7f1d52344000-7f1d5960b000 ---p 00000000 00:00 0 
7f1d5960b000-7f1d5987b000 rwxp 00000000 00:00 0 
7f1d5987b000-7f1d60b43000 ---p 00000000 00:00 0 
7f1d60b43000-7f1d6c000000 r--s 00000000 08:01 5641785                    /usr/lib/jvm/java-9-oracle/lib/modules
7f1d6c000000-7f1d6ca43000 rw-p 00000000 00:00 0 
7f1d6ca43000-7f1d70000000 ---p 00000000 00:00 0 
7f1d7000a000-7f1d7000b000 r-xp 00000000 00:00 0 
7f1d7000b000-7f1d7000c000 ---p 00000000 00:00 0 
7f1d7000c000-7f1d70111000 rw-p 00000000 00:00 0 
7f1d70111000-7f1d701f7000 ---p 00000000 00:00 0 
7f1d701f7000-7f1d701fc000 rw-p 00000000 00:00 0 
7f1d701fc000-7f1d702e2000 ---p 00000000 00:00 0 
7f1d702e2000-7f1d702fc000 r-xp 00000000 08:01 5641707                    /usr/lib/jvm/java-9-oracle/lib/libjimage.so
7f1d702fc000-7f1d704fb000 ---p 0001a000 08:01 5641707                    /usr/lib/jvm/java-9-oracle/lib/libjimage.so
7f1d704fb000-7f1d704fd000 rw-p 00019000 08:01 5641707                    /usr/lib/jvm/java-9-oracle/lib/libjimage.so
7f1d704fd000-7f1d7050f000 rw-p 00000000 00:00 0 
7f1d7050f000-7f1d70516000 r-xp 00000000 08:01 5641822                    /usr/lib/jvm/java-9-oracle/lib/libzip.so
7f1d70516000-7f1d70715000 ---p 00007000 08:01 5641822                    /usr/lib/jvm/java-9-oracle/lib/libzip.so
7f1d70715000-7f1d70716000 rw-p 00006000 08:01 5641822                    /usr/lib/jvm/java-9-oracle/lib/libzip.so
7f1d70716000-7f1d70721000 r-xp 00000000 08:01 24642406                   /lib/x86_64-linux-gnu/libnss_files-2.23.so
7f1d70721000-7f1d70920000 ---p 0000b000 08:01 24642406                   /lib/x86_64-linux-gnu/libnss_files-2.23.so
7f1d70920000-7f1d70921000 r--p 0000a000 08:01 24642406                   /lib/x86_64-linux-gnu/libnss_files-2.23.so
7f1d70921000-7f1d70922000 rw-p 0000b000 08:01 24642406                   /lib/x86_64-linux-gnu/libnss_files-2.23.so
7f1d70922000-7f1d70928000 rw-p 00000000 00:00 0 
7f1d70928000-7f1d70933000 r-xp 00000000 08:01 24642410                   /lib/x86_64-linux-gnu/libnss_nis-2.23.so
7f1d70933000-7f1d70b32000 ---p 0000b000 08:01 24642410                   /lib/x86_64-linux-gnu/libnss_nis-2.23.so
7f1d70b32000-7f1d70b33000 r--p 0000a000 08:01 24642410                   /lib/x86_64-linux-gnu/libnss_nis-2.23.so
7f1d70b33000-7f1d70b34000 rw-p 0000b000 08:01 24642410                   /lib/x86_64-linux-gnu/libnss_nis-2.23.so
7f1d70b34000-7f1d70b4a000 r-xp 00000000 08:01 24642390                   /lib/x86_64-linux-gnu/libnsl-2.23.so
7f1d70b4a000-7f1d70d49000 ---p 00016000 08:01 24642390                   /lib/x86_64-linux-gnu/libnsl-2.23.so
7f1d70d49000-7f1d70d4a000 r--p 00015000 08:01 24642390                   /lib/x86_64-linux-gnu/libnsl-2.23.so
7f1d70d4a000-7f1d70d4b000 rw-p 00016000 08:01 24642390                   /lib/x86_64-linux-gnu/libnsl-2.23.so
7f1d70d4b000-7f1d70d4d000 rw-p 00000000 00:00 0 
7f1d70d4d000-7f1d70d55000 r-xp 00000000 08:01 24642401                   /lib/x86_64-linux-gnu/libnss_compat-2.23.so
7f1d70d55000-7f1d70f54000 ---p 00008000 08:01 24642401                   /lib/x86_64-linux-gnu/libnss_compat-2.23.so
7f1d70f54000-7f1d70f55000 r--p 00007000 08:01 24642401                   /lib/x86_64-linux-gnu/libnss_compat-2.23.so
7f1d70f55000-7f1d70f56000 rw-p 00008000 08:01 24642401                   /lib/x86_64-linux-gnu/libnss_compat-2.23.so
7f1d70f56000-7f1d70f81000 r-xp 00000000 08:01 5641743                    /usr/lib/jvm/java-9-oracle/lib/libjava.so
7f1d70f81000-7f1d71180000 ---p 0002b000 08:01 5641743                    /usr/lib/jvm/java-9-oracle/lib/libjava.so
7f1d71180000-7f1d71182000 rw-p 0002a000 08:01 5641743                    /usr/lib/jvm/java-9-oracle/lib/libjava.so
7f1d71182000-7f1d7118f000 r-xp 00000000 08:01 5641768                    /usr/lib/jvm/java-9-oracle/lib/libverify.so
7f1d7118f000-7f1d7138e000 ---p 0000d000 08:01 5641768                    /usr/lib/jvm/java-9-oracle/lib/libverify.so
7f1d7138e000-7f1d71390000 rw-p 0000c000 08:01 5641768                    /usr/lib/jvm/java-9-oracle/lib/libverify.so
7f1d71390000-7f1d71397000 r-xp 00000000 08:01 24642411                   /lib/x86_64-linux-gnu/librt-2.23.so
7f1d71397000-7f1d71596000 ---p 00007000 08:01 24642411                   /lib/x86_64-linux-gnu/librt-2.23.so
7f1d71596000-7f1d71597000 r--p 00006000 08:01 24642411                   /lib/x86_64-linux-gnu/librt-2.23.so
7f1d71597000-7f1d71598000 rw-p 00007000 08:01 24642411                   /lib/x86_64-linux-gnu/librt-2.23.so
7f1d71598000-7f1d716a0000 r-xp 00000000 08:01 24642389                   /lib/x86_64-linux-gnu/libm-2.23.so
7f1d716a0000-7f1d7189f000 ---p 00108000 08:01 24642389                   /lib/x86_64-linux-gnu/libm-2.23.so
7f1d7189f000-7f1d718a0000 r--p 00107000 08:01 24642389                   /lib/x86_64-linux-gnu/libm-2.23.so
7f1d718a0000-7f1d718a1000 rw-p 00108000 08:01 24642389                   /lib/x86_64-linux-gnu/libm-2.23.so
7f1d718a1000-7f1d728b6000 r-xp 00000000 08:01 6951024                    /usr/lib/jvm/java-9-oracle/lib/server/libjvm.so
7f1d728b6000-7f1d72ab5000 ---p 01015000 08:01 6951024                    /usr/lib/jvm/java-9-oracle/lib/server/libjvm.so
7f1d72ab5000-7f1d72b86000 r--p 01014000 08:01 6951024                    /usr/lib/jvm/java-9-oracle/lib/server/libjvm.so
7f1d72b86000-7f1d72bbd000 rw-p 010e5000 08:01 6951024                    /usr/lib/jvm/java-9-oracle/lib/server/libjvm.so
7f1d72bbd000-7f1d72c26000 rw-p 00000000 00:00 0 
7f1d72c26000-7f1d72de6000 r-xp 00000000 08:01 24642393                   /lib/x86_64-linux-gnu/libc-2.23.so
7f1d72de6000-7f1d72fe6000 ---p 001c0000 08:01 24642393                   /lib/x86_64-linux-gnu/libc-2.23.so
7f1d72fe6000-7f1d72fea000 r--p 001c0000 08:01 24642393                   /lib/x86_64-linux-gnu/libc-2.23.so
7f1d72fea000-7f1d72fec000 rw-p 001c4000 08:01 24642393                   /lib/x86_64-linux-gnu/libc-2.23.so
7f1d72fec000-7f1d72ff0000 rw-p 00000000 00:00 0 
7f1d72ff0000-7f1d72ff3000 r-xp 00000000 08:01 24642395                   /lib/x86_64-linux-gnu/libdl-2.23.so
7f1d72ff3000-7f1d731f2000 ---p 00003000 08:01 24642395                   /lib/x86_64-linux-gnu/libdl-2.23.so
7f1d731f2000-7f1d731f3000 r--p 00002000 08:01 24642395                   /lib/x86_64-linux-gnu/libdl-2.23.so
7f1d731f3000-7f1d731f4000 rw-p 00003000 08:01 24642395                   /lib/x86_64-linux-gnu/libdl-2.23.so
7f1d731f4000-7f1d73202000 r-xp 00000000 08:01 6951026                    /usr/lib/jvm/java-9-oracle/lib/jli/libjli.so
7f1d73202000-7f1d73402000 ---p 0000e000 08:01 6951026                    /usr/lib/jvm/java-9-oracle/lib/jli/libjli.so
7f1d73402000-7f1d73403000 rw-p 0000e000 08:01 6951026                    /usr/lib/jvm/java-9-oracle/lib/jli/libjli.so
7f1d73403000-7f1d7341b000 r-xp 00000000 08:01 24642392                   /lib/x86_64-linux-gnu/libpthread-2.23.so
7f1d7341b000-7f1d7361a000 ---p 00018000 08:01 24642392                   /lib/x86_64-linux-gnu/libpthread-2.23.so
7f1d7361a000-7f1d7361b000 r--p 00017000 08:01 24642392                   /lib/x86_64-linux-gnu/libpthread-2.23.so
7f1d7361b000-7f1d7361c000 rw-p 00018000 08:01 24642392                   /lib/x86_64-linux-gnu/libpthread-2.23.so
7f1d7361c000-7f1d73620000 rw-p 00000000 00:00 0 
7f1d73620000-7f1d73639000 r-xp 00000000 08:01 24646264                   /lib/x86_64-linux-gnu/libz.so.1.2.8
7f1d73639000-7f1d73838000 ---p 00019000 08:01 24646264                   /lib/x86_64-linux-gnu/libz.so.1.2.8
7f1d73838000-7f1d73839000 r--p 00018000 08:01 24646264                   /lib/x86_64-linux-gnu/libz.so.1.2.8
7f1d73839000-7f1d7383a000 rw-p 00019000 08:01 24646264                   /lib/x86_64-linux-gnu/libz.so.1.2.8
7f1d7383a000-7f1d73860000 r-xp 00000000 08:01 24642391                   /lib/x86_64-linux-gnu/ld-2.23.so
7f1d73860000-7f1d73873000 rw-s 00000000 00:06 518                        /dev/nvidiactl
7f1d73873000-7f1d73930000 rw-p 00000000 00:00 0 
7f1d73930000-7f1d73935000 ---p 00000000 00:00 0 
7f1d73935000-7f1d73a36000 rw-p 00000000 00:00 0 
7f1d73a36000-7f1d73a38000 rw-s 00000000 08:01 23724412                   /tmp/.gl7oyE1Q (deleted)
7f1d73a38000-7f1d73a39000 rw-s 00000000 00:06 518                        /dev/nvidiactl
7f1d73a39000-7f1d73a3d000 rw-s 00000000 00:06 518                        /dev/nvidiactl
7f1d73a3d000-7f1d73a3e000 rw-s 00000000 00:06 519                        /dev/nvidia0
7f1d73a3e000-7f1d73a3f000 rw-s 00000000 00:06 518                        /dev/nvidiactl
7f1d73a3f000-7f1d73a40000 rw-s 00000000 00:06 518                        /dev/nvidiactl
7f1d73a40000-7f1d73a47000 r--s 00000000 08:01 3676651                    /usr/lib/x86_64-linux-gnu/gconv/gconv-modules.cache
7f1d73a47000-7f1d73a48000 r-xp 00000000 00:00 0 
7f1d73a48000-7f1d73a4e000 rw-p 00000000 00:00 0 
7f1d73a4e000-7f1d73a55000 ---p 00000000 00:00 0 
7f1d73a55000-7f1d73a5d000 rw-s 00000000 08:01 23724080                   /tmp/hsperfdata_oliver/16906
7f1d73a5d000-7f1d73a5e000 rw-p 00000000 00:00 0 
7f1d73a5e000-7f1d73a5f000 r--p 00000000 00:00 0 
7f1d73a5f000-7f1d73a60000 r--p 00025000 08:01 24642391                   /lib/x86_64-linux-gnu/ld-2.23.so
7f1d73a60000-7f1d73a61000 rw-p 00026000 08:01 24642391                   /lib/x86_64-linux-gnu/ld-2.23.so
7f1d73a61000-7f1d73a62000 rw-p 00000000 00:00 0 
7ffe3cebc000-7ffe3cede000 rw-p 00000000 00:00 0                          [stack]
7ffe3cfd3000-7ffe3cfd6000 r--p 00000000 00:00 0                          [vvar]
7ffe3cfd6000-7ffe3cfd8000 r-xp 00000000 00:00 0                          [vdso]
ffffffffff600000-ffffffffff601000 r-xp 00000000 00:00 0                  [vsyscall]

VM Arguments:
jvm_args: -Dorg.lwjgl.util.Debug=true -Djava.library.path=nope -Dfile.encoding=UTF-8 
java_command: base.IkSolver
java_class_path (initial): /home/oliver/git/Master_thesis_java/Masterthesis_IK/target/classes:/home/oliver/git/Master_thesis_java/Masterthesis_IK/libs/Caliko-v1.3.3/jar/caliko-1.3.3.jar:/home/oliver/git/Master_thesis_java/Masterthesis_IK/libs/Caliko-v1.3.3/jar/caliko-demo-1.3.3.jar:/home/oliver/git/Master_thesis_java/Masterthesis_IK/libs/Caliko-v1.3.3/jar/caliko-visualisation-1.3.3.jar:/home/oliver/.m2/repository/org/lwjgl/lwjgl/3.1.5/lwjgl-3.1.5.jar:/home/oliver/.m2/repository/org/lwjgl/lwjgl-assimp/3.1.5/lwjgl-assimp-3.1.5.jar:/home/oliver/.m2/repository/org/lwjgl/lwjgl-bgfx/3.1.5/lwjgl-bgfx-3.1.5.jar:/home/oliver/.m2/repository/org/lwjgl/lwjgl-glfw/3.1.5/lwjgl-glfw-3.1.5.jar:/home/oliver/.m2/repository/org/lwjgl/lwjgl-nanovg/3.1.5/lwjgl-nanovg-3.1.5.jar:/home/oliver/.m2/repository/org/lwjgl/lwjgl-nuklear/3.1.5/lwjgl-nuklear-3.1.5.jar:/home/oliver/.m2/repository/org/lwjgl/lwjgl-openal/3.1.5/lwjgl-openal-3.1.5.jar:/home/oliver/.m2/repository/org/lwjgl/lwjgl-opengl/3.1.5/lwjgl-opengl-3.1.5.jar:/home/oliver/.m2/repository/org/lwjgl/lwjgl-openvr/3.1.5/lwjgl-openvr-3.1.5.jar:/home/oliver/.m2/repository/org/lwjgl/lwjgl-par/3.1.5/lwjgl-par-3.1.5.jar:/home/oliver/.m2/repository/org/lwjgl/lwjgl-stb/3.1.5/lwjgl-stb-3.1.5.jar:/home/oliver/.m2/repository/org/lwjgl/lwjgl-vulkan/3.1.5/lwjgl-vulkan-3.1.5.jar:/home/oliver/.m2/repository/org/lwjgl/lwjgl/3.1.5/lwjgl-3.1.5-natives-linux.jar:/home/oliver/.m2/repository/org/lwjgl/lwjgl-assimp/3.1.5/lwjgl-assimp-3.1.5-natives-linux.jar:/home/oliver/.m2/repository/org/lwjgl/lwjgl-bgfx/3.1.5/lwjgl-bgfx-3.1.5-natives-linux.jar:/home/oliver/.m2/repository/org/lwjgl/lwjgl-glfw/3.1.5/lwjgl-glfw-3.1.5-natives-linux.jar:/home/oliver/.m2/repository/org/lwjgl/lwjgl-nanovg/3.1.5/lwjgl-nanovg-3.1.5-natives-linux.jar:/home/oliver/.m2/repository/org/lwjgl/lwjgl-nuklear/3.1.5/lwjgl-nuklear-3.1.5-natives-linux.jar:/home/oliver/.m2/repository/org/lwjgl/lwjgl-openal/3.1.5/lwjgl-openal-3.1.5-natives-linux.jar:/home/oliver/.m2/repository/org/lwjgl/lwjgl
Launcher Type: SUN_STANDARD

Logging:
Log output configuration:
#0: stdout all=warning uptime,level,tags
#1: stderr all=off uptime,level,tags

Environment Variables:
JAVA_HOME=/usr/lib/jvm/java-9-oracle
PATH=/home/oliver/bin:/home/oliver/.local/bin:/usr/local/sbin:/usr/local/bin:/usr/sbin:/usr/bin:/sbin:/bin:/usr/games:/usr/local/games:/snap/bin:/usr/lib/jvm/java-9-oracle/bin:/usr/lib/jvm/java-9-oracle/db/bin
SHELL=/bin/bash
DISPLAY=:0

Signal Handlers:
SIGSEGV: [libjvm.so+0xd4d370], sa_mask[0]=11111111011111111101111111111110, sa_flags=SA_RESTART|SA_SIGINFO
SIGBUS: [libjvm.so+0xd4d370], sa_mask[0]=11111111011111111101111111111110, sa_flags=SA_RESTART|SA_SIGINFO
SIGFPE: [libjvm.so+0xd4d370], sa_mask[0]=11111111011111111101111111111110, sa_flags=SA_RESTART|SA_SIGINFO
SIGPIPE: [libjvm.so+0xb64780], sa_mask[0]=11111111011111111101111111111110, sa_flags=SA_RESTART|SA_SIGINFO
SIGXFSZ: [libjvm.so+0xb64780], sa_mask[0]=11111111011111111101111111111110, sa_flags=SA_RESTART|SA_SIGINFO
SIGILL: [libjvm.so+0xd4d370], sa_mask[0]=11111111011111111101111111111110, sa_flags=SA_RESTART|SA_SIGINFO
SIGUSR2: [libjvm.so+0xb64640], sa_mask[0]=00100000000000000000000000000000, sa_flags=SA_RESTART|SA_SIGINFO
SIGHUP: [libjvm.so+0xb64850], sa_mask[0]=11111111011111111101111111111110, sa_flags=SA_RESTART|SA_SIGINFO
SIGINT: [libjvm.so+0xb64850], sa_mask[0]=11111111011111111101111111111110, sa_flags=SA_RESTART|SA_SIGINFO
SIGTERM: [libjvm.so+0xb64850], sa_mask[0]=11111111011111111101111111111110, sa_flags=SA_RESTART|SA_SIGINFO
SIGQUIT: [libjvm.so+0xb64850], sa_mask[0]=11111111011111111101111111111110, sa_flags=SA_RESTART|SA_SIGINFO


---------------  S Y S T E M  ---------------

OS:DISTRIB_ID=Ubuntu
DISTRIB_RELEASE=16.04
DISTRIB_CODENAME=xenial
DISTRIB_DESCRIPTION="Ubuntu 16.04.4 LTS"
uname:Linux 4.13.0-41-generic #46~16.04.1-Ubuntu SMP Thu May 3 10:06:43 UTC 2018 x86_64
libc:glibc 2.23 NPTL 2.23 
rlimit: STACK 8192k, CORE 0k, NPROC 31243, NOFILE 1048576, AS infinity
load average:1,10 1,35 0,95

/proc/meminfo:
MemTotal:        8059524 kB
MemFree:         3045616 kB
MemAvailable:    5134080 kB
Buffers:          221020 kB
Cached:          2104348 kB
SwapCached:            0 kB
Active:          3311616 kB
Inactive:        1301016 kB
Active(anon):    2256488 kB
Inactive(anon):   106884 kB
Active(file):    1055128 kB
Inactive(file):  1194132 kB
Unevictable:          80 kB
Mlocked:              80 kB
SwapTotal:       8278012 kB
SwapFree:        8278012 kB
Dirty:               368 kB
Writeback:             0 kB
AnonPages:       2287556 kB
Mapped:           778820 kB
Shmem:            109064 kB
Slab:             186664 kB
SReclaimable:     119912 kB
SUnreclaim:        66752 kB
KernelStack:       15904 kB
PageTables:        47040 kB
NFS_Unstable:          0 kB
Bounce:                0 kB
WritebackTmp:          0 kB
CommitLimit:    12307772 kB
Committed_AS:    8905292 kB
VmallocTotal:   34359738367 kB
VmallocUsed:           0 kB
VmallocChunk:          0 kB
HardwareCorrupted:     0 kB
AnonHugePages:         0 kB
ShmemHugePages:        0 kB
ShmemPmdMapped:        0 kB
CmaTotal:              0 kB
CmaFree:               0 kB
HugePages_Total:       0
HugePages_Free:        0
HugePages_Rsvd:        0
HugePages_Surp:        0
Hugepagesize:       2048 kB
DirectMap4k:      320060 kB
DirectMap2M:     7960576 kB


CPU:total 8 (initial active 8) (4 cores per cpu, 2 threads per core) family 6 model 42 stepping 7, cmov, cx8, fxsr, mmx, sse, sse2, sse3, ssse3, sse4.1, sse4.2, popcnt, avx, aes, clmul, ht, tsc, tscinvbit
CPU Model and flags from /proc/cpuinfo:
model name	: Intel(R) Core(TM) i7-2630QM CPU @ 2.00GHz
flags		: fpu vme de pse tsc msr pae mce cx8 apic sep mtrr pge mca cmov pat pse36 clflush dts acpi mmx fxsr sse sse2 ss ht tm pbe syscall nx rdtscp lm constant_tsc arch_perfmon pebs bts nopl xtopology nonstop_tsc cpuid aperfmperf pni pclmulqdq dtes64 monitor ds_cpl vmx est tm2 ssse3 cx16 xtpr pdcm pcid sse4_1 sse4_2 x2apic popcnt tsc_deadline_timer aes xsave avx lahf_lm epb pti retpoline spec_ctrl tpr_shadow vnmi flexpriority ept vpid xsaveopt dtherm ida arat pln pts

Memory: 4k page, physical 8059524k(3045616k free), swap 8278012k(8278012k free)

vm_info: Java HotSpot(TM) 64-Bit Server VM (9.0.4+11) for linux-amd64 JRE (9.0.4+11), built on Dec 19 2017 18:12:19 by "mach5one" with gcc 4.9.2

END.
