#
# A fatal error has been detected by the Java Runtime Environment:
#
#  SIGSEGV (0xb) at pc=0x00007f1f9745e527, pid=9025, tid=9030
#
# JRE version: Java(TM) SE Runtime Environment (9.0+11) (build 9.0.4+11)
# Java VM: Java HotSpot(TM) 64-Bit Server VM (9.0.4+11, mixed mode, tiered, compressed oops, g1 gc, linux-amd64)
# Problematic frame:
# C  [liblwjgl_opengl.so+0x49527]  Java_org_lwjgl_opengl_GL11_glClearColor+0x7
#
# Core dump will be written. Default location: Core dumps may be processed with "/usr/share/apport/apport %p %s %c %d %P" (or dumping to /home/oliver/git/Master_thesis_java/Masterthesis_IK/core.9025)
#
# If you would like to submit a bug report, please visit:
#   http://bugreport.java.com/bugreport/crash.jsp
# The crash happened outside the Java Virtual Machine in native code.
# See problematic frame for where to report the bug.
#

---------------  S U M M A R Y ------------

Command Line: -Dorg.lwjgl.util.Debug=true -Djava.library.path=nope -Dfile.encoding=UTF-8 base.IkSolver

Host: Intel(R) Core(TM) i7-2630QM CPU @ 2.00GHz, 8 cores, 7G, Ubuntu 16.04.4 LTS
Time: Sat May 26 11:06:49 2018 CEST elapsed time: 0 seconds (0d 0h 0m 0s)

---------------  T H R E A D  ---------------

Current thread (0x00007f202c013000):  JavaThread "main" [_thread_in_native, id=9030, stack(0x00007f2034526000,0x00007f2034626000)]

Stack: [0x00007f2034526000,0x00007f2034626000],  sp=0x00007f20346248a8,  free space=1018k
Native frames: (J=compiled Java code, A=aot compiled Java code, j=interpreted, Vv=VM code, C=native code)
C  [liblwjgl_opengl.so+0x49527]  Java_org_lwjgl_opengl_GL11_glClearColor+0x7
j  base.IkSolver.loop()V+4
j  base.IkSolver.run()V+5
j  base.IkSolver.main([Ljava/lang/String;)V+7
v  ~StubRoutines::call_stub
V  [libjvm.so+0x83d60a]  JavaCalls::call_helper(JavaValue*, methodHandle const&, JavaCallArguments*, Thread*)+0x47a
V  [libjvm.so+0x89a67f]  jni_invoke_static(JNIEnv_*, JavaValue*, _jobject*, JNICallType, _jmethodID*, JNI_ArgumentPusher*, Thread*) [clone .isra.90]+0x21f
V  [libjvm.so+0x8ab5ce]  jni_CallStaticVoidMethod+0x14e
C  [libjli.so+0x4397]  JavaMain+0xa17
C  [libpthread.so.0+0x76ba]  start_thread+0xca

Java frames: (J=compiled Java code, j=interpreted, Vv=VM code)
j  org.lwjgl.opengl.GL11.glClearColor(FFFF)V+0
j  base.IkSolver.loop()V+4
j  base.IkSolver.run()V+5
j  base.IkSolver.main([Ljava/lang/String;)V+7
v  ~StubRoutines::call_stub

siginfo: si_signo: 11 (SIGSEGV), si_code: 1 (SEGV_MAPERR), si_addr: 0x00000000000003b0

Register to memory mapping:

RAX=0x0000000000000000 is an unknown value
RBX={method} {0x00007f1fc53e72d8} 'glClearColor' '(FFFF)V' in 'org/lwjgl/opengl/GL11'
RCX=0x0000000000000001 is an unknown value
RDX=0x00007f20337df4d8: <offset 0x00000000013494d8> in /usr/lib/jvm/java-9-oracle/lib/server/libjvm.so at 0x00007f2032496000
RSP=0x00007f20346248a8 is pointing into the stack for thread: 0x00007f202c013000
RBP=0x00007f2034624918 is pointing into the stack for thread: 0x00007f202c013000
RSI=0x00007f2034624928 is pointing into the stack for thread: 0x00007f202c013000
RDI=0x00007f202c013218 is an unknown value
R8 ={method} {0x00007f1fc53e72d8} 'glClearColor' '(FFFF)V' in 'org/lwjgl/opengl/GL11'
R9 =0x0000000000000008 is an unknown value
R10=0x00007f2011b5bd09 is at code_begin+873 in an Interpreter codelet
method entry point (kind = native)  [0x00007f2011b5b9a0, 0x00007f2011b5c3e0]  2624 bytes
R11=0x000000008c7bd5a8 is an oop
java.lang.Class 
{0x000000008c7bd5a8} - klass: 'java/lang/Class'
R12=0x0000000000000000 is an unknown value
R13=0x00007f1fc53e72d0 is pointing into metadata
R14=0x00007f2034624950 is pointing into the stack for thread: 0x00007f202c013000
R15=0x00007f202c013000 is a thread


Registers:
RAX=0x0000000000000000, RBX=0x00007f1fc53e72d8, RCX=0x0000000000000001, RDX=0x00007f20337df4d8
RSP=0x00007f20346248a8, RBP=0x00007f2034624918, RSI=0x00007f2034624928, RDI=0x00007f202c013218
R8 =0x00007f1fc53e72d8, R9 =0x0000000000000008, R10=0x00007f2011b5bd09, R11=0x000000008c7bd5a8
R12=0x0000000000000000, R13=0x00007f1fc53e72d0, R14=0x00007f2034624950, R15=0x00007f202c013000
RIP=0x00007f1f9745e527, EFLAGS=0x0000000000010283, CSGSFS=0x002b000000000033, ERR=0x0000000000000004
  TRAPNO=0x000000000000000e

Top of Stack: (sp=0x00007f20346248a8)
0x00007f20346248a8:   00007f2011b5bd35 00007f2034624918
0x00007f20346248b8:   00007f2011b5ba8a 00007f1fc51a4208
0x00007f20346248c8:   00007f2011b5ba53 00007f20346248d0
0x00007f20346248d8:   00007f1fc53e72d0 00007f2034624950 

Instructions: (pc=0x00007f1f9745e527)
0x00007f1f9745e507:   ff a0 e0 03 00 00 0f 1f 00 48 8b 07 48 8b 40 18
0x00007f1f9745e517:   ff a0 c8 03 00 00 0f 1f 00 48 8b 07 48 8b 40 18
0x00007f1f9745e527:   ff a0 b0 03 00 00 0f 1f 00 48 8b 07 48 8b 40 18
0x00007f1f9745e537:   ff a0 78 03 00 00 0f 1f 00 48 8b 07 89 d7 48 8b 


---------------  P R O C E S S  ---------------

Java Threads: ( => current thread )
  0x00007f202c21d800 JavaThread "Service Thread" daemon [_thread_blocked, id=9061, stack(0x00007f1f979d6000,0x00007f1f97ad7000)]
  0x00007f202c19e800 JavaThread "Common-Cleaner" daemon [_thread_blocked, id=9060, stack(0x00007f1f97ad7000,0x00007f1f97bd8000)]
  0x00007f202c179800 JavaThread "Sweeper thread" daemon [_thread_blocked, id=9059, stack(0x00007f1fc4040000,0x00007f1fc4141000)]
  0x00007f202c177800 JavaThread "C1 CompilerThread3" daemon [_thread_blocked, id=9058, stack(0x00007f1fc4141000,0x00007f1fc4242000)]
  0x00007f202c175800 JavaThread "C2 CompilerThread2" daemon [_thread_blocked, id=9057, stack(0x00007f1fc4242000,0x00007f1fc4343000)]
  0x00007f202c173800 JavaThread "C2 CompilerThread1" daemon [_thread_blocked, id=9056, stack(0x00007f1fc4343000,0x00007f1fc4444000)]
  0x00007f202c171800 JavaThread "C2 CompilerThread0" daemon [_thread_blocked, id=9055, stack(0x00007f1fc4444000,0x00007f1fc4545000)]
  0x00007f202c16f800 JavaThread "Signal Dispatcher" daemon [_thread_blocked, id=9054, stack(0x00007f1fc4545000,0x00007f1fc4646000)]
  0x00007f202c154000 JavaThread "Finalizer" daemon [_thread_blocked, id=9053, stack(0x00007f1fc4a9c000,0x00007f1fc4b9d000)]
  0x00007f202c14b800 JavaThread "Reference Handler" daemon [_thread_blocked, id=9052, stack(0x00007f1fc4b9d000,0x00007f1fc4c9e000)]
=>0x00007f202c013000 JavaThread "main" [_thread_in_native, id=9030, stack(0x00007f2034526000,0x00007f2034626000)]

Other Threads:
  0x00007f202c142000 VMThread "VM Thread" [stack: 0x00007f1fc4c9f000,0x00007f1fc4d9f000] [id=9051]
  0x00007f202c220800 WatcherThread [stack: 0x00007f1f978d6000,0x00007f1f979d6000] [id=9062]
  0x00007f202c02a800 GCTaskThread "GC Thread#0" [stack: 0x00007f2030c01000,0x00007f2030d01000] [id=9031]
  0x00007f202c02c000 GCTaskThread "GC Thread#1" [stack: 0x00007f2030b00000,0x00007f2030c00000] [id=9032]
  0x00007f202c02d800 GCTaskThread "GC Thread#2" [stack: 0x00007f20309ff000,0x00007f2030aff000] [id=9033]
  0x00007f202c02f800 GCTaskThread "GC Thread#3" [stack: 0x00007f20308fe000,0x00007f20309fe000] [id=9034]
  0x00007f202c031000 GCTaskThread "GC Thread#4" [stack: 0x00007f20307fd000,0x00007f20308fd000] [id=9035]
  0x00007f202c032800 GCTaskThread "GC Thread#5" [stack: 0x00007f20306fc000,0x00007f20307fc000] [id=9036]
  0x00007f202c034800 GCTaskThread "GC Thread#6" [stack: 0x00007f20305fb000,0x00007f20306fb000] [id=9037]
  0x00007f202c036000 GCTaskThread "GC Thread#7" [stack: 0x00007f20304fa000,0x00007f20305fa000] [id=9038]
  0x00007f202c06c000 ConcurrentGCThread "G1 Main Marker" [stack: 0x00007f20101ae000,0x00007f20102ae000] [id=9048]
  0x00007f202c06d800 ConcurrentGCThread "G1 Marker#0" [stack: 0x00007f20100ad000,0x00007f20101ad000] [id=9049]
  0x00007f202c06f800 ConcurrentGCThread "G1 Marker#1" [stack: 0x00007f1fc7da8000,0x00007f1fc7ea8000] [id=9050]
  0x00007f202c045000 ConcurrentGCThread "G1 Refine#0" [stack: 0x00007f2010f38000,0x00007f2011038000] [id=9046]
  0x00007f202c043000 ConcurrentGCThread "G1 Refine#1" [stack: 0x00007f2011039000,0x00007f2011139000] [id=9045]
  0x00007f202c041000 ConcurrentGCThread "G1 Refine#2" [stack: 0x00007f201113a000,0x00007f201123a000] [id=9044]
  0x00007f202c03f800 ConcurrentGCThread "G1 Refine#3" [stack: 0x00007f201123b000,0x00007f201133b000] [id=9043]
  0x00007f202c03d800 ConcurrentGCThread "G1 Refine#4" [stack: 0x00007f201133c000,0x00007f201143c000] [id=9042]
  0x00007f202c03c000 ConcurrentGCThread "G1 Refine#5" [stack: 0x00007f201143d000,0x00007f201153d000] [id=9041]
  0x00007f202c03a000 ConcurrentGCThread "G1 Refine#6" [stack: 0x00007f201153e000,0x00007f201163e000] [id=9040]
  0x00007f202c038800 ConcurrentGCThread "G1 Refine#7" [stack: 0x00007f201163f000,0x00007f201173f000] [id=9039]
  0x00007f202c046800 ConcurrentGCThread "G1 Young RemSet Sampling" [stack: 0x00007f2010e37000,0x00007f2010f37000] [id=9047]

Threads with active compile tasks:

VM state:not at safepoint (normal execution)

VM Mutex/Monitor currently owned by a thread: None

Heap address: 0x0000000085000000, size: 1968 MB, Compressed Oops mode: 32-bit
Narrow klass base: 0x0000000000000000, Narrow klass shift: 3
Compressed class space size: 1073741824 Address: 0x0000000100000000

Heap:
 garbage-first heap   total 126976K, used 6144K [0x0000000085000000, 0x00000000851003e0, 0x0000000100000000)
  region size 1024K, 7 young (7168K), 0 survivors (0K)
 Metaspace       used 8656K, capacity 8880K, committed 9088K, reserved 1056768K
  class space    used 730K, capacity 799K, committed 896K, reserved 1048576K
Heap Regions: E=young(eden), S=young(survivor), O=old, HS=humongous(starts), HC=humongous(continues), CS=collection set, F=free, A=archive, TS=gc time stamp, AC=allocation context, TAMS=top-at-mark-start (previous, next)
|   0|0x0000000085000000, 0x0000000085000000, 0x0000000085100000|  0%| F|  |TS  0|AC  0|TAMS 0x0000000085000000, 0x0000000085000000|
|   1|0x0000000085100000, 0x0000000085100000, 0x0000000085200000|  0%| F|  |TS  0|AC  0|TAMS 0x0000000085100000, 0x0000000085100000|
|   2|0x0000000085200000, 0x0000000085200000, 0x0000000085300000|  0%| F|  |TS  0|AC  0|TAMS 0x0000000085200000, 0x0000000085200000|
|   3|0x0000000085300000, 0x0000000085300000, 0x0000000085400000|  0%| F|  |TS  0|AC  0|TAMS 0x0000000085300000, 0x0000000085300000|
|   4|0x0000000085400000, 0x0000000085400000, 0x0000000085500000|  0%| F|  |TS  0|AC  0|TAMS 0x0000000085400000, 0x0000000085400000|
|   5|0x0000000085500000, 0x0000000085500000, 0x0000000085600000|  0%| F|  |TS  0|AC  0|TAMS 0x0000000085500000, 0x0000000085500000|
|   6|0x0000000085600000, 0x0000000085600000, 0x0000000085700000|  0%| F|  |TS  0|AC  0|TAMS 0x0000000085600000, 0x0000000085600000|
|   7|0x0000000085700000, 0x0000000085700000, 0x0000000085800000|  0%| F|  |TS  0|AC  0|TAMS 0x0000000085700000, 0x0000000085700000|
|   8|0x0000000085800000, 0x0000000085800000, 0x0000000085900000|  0%| F|  |TS  0|AC  0|TAMS 0x0000000085800000, 0x0000000085800000|
|   9|0x0000000085900000, 0x0000000085900000, 0x0000000085a00000|  0%| F|  |TS  0|AC  0|TAMS 0x0000000085900000, 0x0000000085900000|
|  10|0x0000000085a00000, 0x0000000085a00000, 0x0000000085b00000|  0%| F|  |TS  0|AC  0|TAMS 0x0000000085a00000, 0x0000000085a00000|
|  11|0x0000000085b00000, 0x0000000085b00000, 0x0000000085c00000|  0%| F|  |TS  0|AC  0|TAMS 0x0000000085b00000, 0x0000000085b00000|
|  12|0x0000000085c00000, 0x0000000085c00000, 0x0000000085d00000|  0%| F|  |TS  0|AC  0|TAMS 0x0000000085c00000, 0x0000000085c00000|
|  13|0x0000000085d00000, 0x0000000085d00000, 0x0000000085e00000|  0%| F|  |TS  0|AC  0|TAMS 0x0000000085d00000, 0x0000000085d00000|
|  14|0x0000000085e00000, 0x0000000085e00000, 0x0000000085f00000|  0%| F|  |TS  0|AC  0|TAMS 0x0000000085e00000, 0x0000000085e00000|
|  15|0x0000000085f00000, 0x0000000085f00000, 0x0000000086000000|  0%| F|  |TS  0|AC  0|TAMS 0x0000000085f00000, 0x0000000085f00000|
|  16|0x0000000086000000, 0x0000000086000000, 0x0000000086100000|  0%| F|  |TS  0|AC  0|TAMS 0x0000000086000000, 0x0000000086000000|
|  17|0x0000000086100000, 0x0000000086100000, 0x0000000086200000|  0%| F|  |TS  0|AC  0|TAMS 0x0000000086100000, 0x0000000086100000|
|  18|0x0000000086200000, 0x0000000086200000, 0x0000000086300000|  0%| F|  |TS  0|AC  0|TAMS 0x0000000086200000, 0x0000000086200000|
|  19|0x0000000086300000, 0x0000000086300000, 0x0000000086400000|  0%| F|  |TS  0|AC  0|TAMS 0x0000000086300000, 0x0000000086300000|
|  20|0x0000000086400000, 0x0000000086400000, 0x0000000086500000|  0%| F|  |TS  0|AC  0|TAMS 0x0000000086400000, 0x0000000086400000|
|  21|0x0000000086500000, 0x0000000086500000, 0x0000000086600000|  0%| F|  |TS  0|AC  0|TAMS 0x0000000086500000, 0x0000000086500000|
|  22|0x0000000086600000, 0x0000000086600000, 0x0000000086700000|  0%| F|  |TS  0|AC  0|TAMS 0x0000000086600000, 0x0000000086600000|
|  23|0x0000000086700000, 0x0000000086700000, 0x0000000086800000|  0%| F|  |TS  0|AC  0|TAMS 0x0000000086700000, 0x0000000086700000|
|  24|0x0000000086800000, 0x0000000086800000, 0x0000000086900000|  0%| F|  |TS  0|AC  0|TAMS 0x0000000086800000, 0x0000000086800000|
|  25|0x0000000086900000, 0x0000000086900000, 0x0000000086a00000|  0%| F|  |TS  0|AC  0|TAMS 0x0000000086900000, 0x0000000086900000|
|  26|0x0000000086a00000, 0x0000000086a00000, 0x0000000086b00000|  0%| F|  |TS  0|AC  0|TAMS 0x0000000086a00000, 0x0000000086a00000|
|  27|0x0000000086b00000, 0x0000000086b00000, 0x0000000086c00000|  0%| F|  |TS  0|AC  0|TAMS 0x0000000086b00000, 0x0000000086b00000|
|  28|0x0000000086c00000, 0x0000000086c00000, 0x0000000086d00000|  0%| F|  |TS  0|AC  0|TAMS 0x0000000086c00000, 0x0000000086c00000|
|  29|0x0000000086d00000, 0x0000000086d00000, 0x0000000086e00000|  0%| F|  |TS  0|AC  0|TAMS 0x0000000086d00000, 0x0000000086d00000|
|  30|0x0000000086e00000, 0x0000000086e00000, 0x0000000086f00000|  0%| F|  |TS  0|AC  0|TAMS 0x0000000086e00000, 0x0000000086e00000|
|  31|0x0000000086f00000, 0x0000000086f00000, 0x0000000087000000|  0%| F|  |TS  0|AC  0|TAMS 0x0000000086f00000, 0x0000000086f00000|
|  32|0x0000000087000000, 0x0000000087000000, 0x0000000087100000|  0%| F|  |TS  0|AC  0|TAMS 0x0000000087000000, 0x0000000087000000|
|  33|0x0000000087100000, 0x0000000087100000, 0x0000000087200000|  0%| F|  |TS  0|AC  0|TAMS 0x0000000087100000, 0x0000000087100000|
|  34|0x0000000087200000, 0x0000000087200000, 0x0000000087300000|  0%| F|  |TS  0|AC  0|TAMS 0x0000000087200000, 0x0000000087200000|
|  35|0x0000000087300000, 0x0000000087300000, 0x0000000087400000|  0%| F|  |TS  0|AC  0|TAMS 0x0000000087300000, 0x0000000087300000|
|  36|0x0000000087400000, 0x0000000087400000, 0x0000000087500000|  0%| F|  |TS  0|AC  0|TAMS 0x0000000087400000, 0x0000000087400000|
|  37|0x0000000087500000, 0x0000000087500000, 0x0000000087600000|  0%| F|  |TS  0|AC  0|TAMS 0x0000000087500000, 0x0000000087500000|
|  38|0x0000000087600000, 0x0000000087600000, 0x0000000087700000|  0%| F|  |TS  0|AC  0|TAMS 0x0000000087600000, 0x0000000087600000|
|  39|0x0000000087700000, 0x0000000087700000, 0x0000000087800000|  0%| F|  |TS  0|AC  0|TAMS 0x0000000087700000, 0x0000000087700000|
|  40|0x0000000087800000, 0x0000000087800000, 0x0000000087900000|  0%| F|  |TS  0|AC  0|TAMS 0x0000000087800000, 0x0000000087800000|
|  41|0x0000000087900000, 0x0000000087900000, 0x0000000087a00000|  0%| F|  |TS  0|AC  0|TAMS 0x0000000087900000, 0x0000000087900000|
|  42|0x0000000087a00000, 0x0000000087a00000, 0x0000000087b00000|  0%| F|  |TS  0|AC  0|TAMS 0x0000000087a00000, 0x0000000087a00000|
|  43|0x0000000087b00000, 0x0000000087b00000, 0x0000000087c00000|  0%| F|  |TS  0|AC  0|TAMS 0x0000000087b00000, 0x0000000087b00000|
|  44|0x0000000087c00000, 0x0000000087c00000, 0x0000000087d00000|  0%| F|  |TS  0|AC  0|TAMS 0x0000000087c00000, 0x0000000087c00000|
|  45|0x0000000087d00000, 0x0000000087d00000, 0x0000000087e00000|  0%| F|  |TS  0|AC  0|TAMS 0x0000000087d00000, 0x0000000087d00000|
|  46|0x0000000087e00000, 0x0000000087e00000, 0x0000000087f00000|  0%| F|  |TS  0|AC  0|TAMS 0x0000000087e00000, 0x0000000087e00000|
|  47|0x0000000087f00000, 0x0000000087f00000, 0x0000000088000000|  0%| F|  |TS  0|AC  0|TAMS 0x0000000087f00000, 0x0000000087f00000|
|  48|0x0000000088000000, 0x0000000088000000, 0x0000000088100000|  0%| F|  |TS  0|AC  0|TAMS 0x0000000088000000, 0x0000000088000000|
|  49|0x0000000088100000, 0x0000000088100000, 0x0000000088200000|  0%| F|  |TS  0|AC  0|TAMS 0x0000000088100000, 0x0000000088100000|
|  50|0x0000000088200000, 0x0000000088200000, 0x0000000088300000|  0%| F|  |TS  0|AC  0|TAMS 0x0000000088200000, 0x0000000088200000|
|  51|0x0000000088300000, 0x0000000088300000, 0x0000000088400000|  0%| F|  |TS  0|AC  0|TAMS 0x0000000088300000, 0x0000000088300000|
|  52|0x0000000088400000, 0x0000000088400000, 0x0000000088500000|  0%| F|  |TS  0|AC  0|TAMS 0x0000000088400000, 0x0000000088400000|
|  53|0x0000000088500000, 0x0000000088500000, 0x0000000088600000|  0%| F|  |TS  0|AC  0|TAMS 0x0000000088500000, 0x0000000088500000|
|  54|0x0000000088600000, 0x0000000088600000, 0x0000000088700000|  0%| F|  |TS  0|AC  0|TAMS 0x0000000088600000, 0x0000000088600000|
|  55|0x0000000088700000, 0x0000000088700000, 0x0000000088800000|  0%| F|  |TS  0|AC  0|TAMS 0x0000000088700000, 0x0000000088700000|
|  56|0x0000000088800000, 0x0000000088800000, 0x0000000088900000|  0%| F|  |TS  0|AC  0|TAMS 0x0000000088800000, 0x0000000088800000|
|  57|0x0000000088900000, 0x0000000088900000, 0x0000000088a00000|  0%| F|  |TS  0|AC  0|TAMS 0x0000000088900000, 0x0000000088900000|
|  58|0x0000000088a00000, 0x0000000088a00000, 0x0000000088b00000|  0%| F|  |TS  0|AC  0|TAMS 0x0000000088a00000, 0x0000000088a00000|
|  59|0x0000000088b00000, 0x0000000088b00000, 0x0000000088c00000|  0%| F|  |TS  0|AC  0|TAMS 0x0000000088b00000, 0x0000000088b00000|
|  60|0x0000000088c00000, 0x0000000088c00000, 0x0000000088d00000|  0%| F|  |TS  0|AC  0|TAMS 0x0000000088c00000, 0x0000000088c00000|
|  61|0x0000000088d00000, 0x0000000088d00000, 0x0000000088e00000|  0%| F|  |TS  0|AC  0|TAMS 0x0000000088d00000, 0x0000000088d00000|
|  62|0x0000000088e00000, 0x0000000088e00000, 0x0000000088f00000|  0%| F|  |TS  0|AC  0|TAMS 0x0000000088e00000, 0x0000000088e00000|
|  63|0x0000000088f00000, 0x0000000088f00000, 0x0000000089000000|  0%| F|  |TS  0|AC  0|TAMS 0x0000000088f00000, 0x0000000088f00000|
|  64|0x0000000089000000, 0x0000000089000000, 0x0000000089100000|  0%| F|  |TS  0|AC  0|TAMS 0x0000000089000000, 0x0000000089000000|
|  65|0x0000000089100000, 0x0000000089100000, 0x0000000089200000|  0%| F|  |TS  0|AC  0|TAMS 0x0000000089100000, 0x0000000089100000|
|  66|0x0000000089200000, 0x0000000089200000, 0x0000000089300000|  0%| F|  |TS  0|AC  0|TAMS 0x0000000089200000, 0x0000000089200000|
|  67|0x0000000089300000, 0x0000000089300000, 0x0000000089400000|  0%| F|  |TS  0|AC  0|TAMS 0x0000000089300000, 0x0000000089300000|
|  68|0x0000000089400000, 0x0000000089400000, 0x0000000089500000|  0%| F|  |TS  0|AC  0|TAMS 0x0000000089400000, 0x0000000089400000|
|  69|0x0000000089500000, 0x0000000089500000, 0x0000000089600000|  0%| F|  |TS  0|AC  0|TAMS 0x0000000089500000, 0x0000000089500000|
|  70|0x0000000089600000, 0x0000000089600000, 0x0000000089700000|  0%| F|  |TS  0|AC  0|TAMS 0x0000000089600000, 0x0000000089600000|
|  71|0x0000000089700000, 0x0000000089700000, 0x0000000089800000|  0%| F|  |TS  0|AC  0|TAMS 0x0000000089700000, 0x0000000089700000|
|  72|0x0000000089800000, 0x0000000089800000, 0x0000000089900000|  0%| F|  |TS  0|AC  0|TAMS 0x0000000089800000, 0x0000000089800000|
|  73|0x0000000089900000, 0x0000000089900000, 0x0000000089a00000|  0%| F|  |TS  0|AC  0|TAMS 0x0000000089900000, 0x0000000089900000|
|  74|0x0000000089a00000, 0x0000000089a00000, 0x0000000089b00000|  0%| F|  |TS  0|AC  0|TAMS 0x0000000089a00000, 0x0000000089a00000|
|  75|0x0000000089b00000, 0x0000000089b00000, 0x0000000089c00000|  0%| F|  |TS  0|AC  0|TAMS 0x0000000089b00000, 0x0000000089b00000|
|  76|0x0000000089c00000, 0x0000000089c00000, 0x0000000089d00000|  0%| F|  |TS  0|AC  0|TAMS 0x0000000089c00000, 0x0000000089c00000|
|  77|0x0000000089d00000, 0x0000000089d00000, 0x0000000089e00000|  0%| F|  |TS  0|AC  0|TAMS 0x0000000089d00000, 0x0000000089d00000|
|  78|0x0000000089e00000, 0x0000000089e00000, 0x0000000089f00000|  0%| F|  |TS  0|AC  0|TAMS 0x0000000089e00000, 0x0000000089e00000|
|  79|0x0000000089f00000, 0x0000000089f00000, 0x000000008a000000|  0%| F|  |TS  0|AC  0|TAMS 0x0000000089f00000, 0x0000000089f00000|
|  80|0x000000008a000000, 0x000000008a000000, 0x000000008a100000|  0%| F|  |TS  0|AC  0|TAMS 0x000000008a000000, 0x000000008a000000|
|  81|0x000000008a100000, 0x000000008a100000, 0x000000008a200000|  0%| F|  |TS  0|AC  0|TAMS 0x000000008a100000, 0x000000008a100000|
|  82|0x000000008a200000, 0x000000008a200000, 0x000000008a300000|  0%| F|  |TS  0|AC  0|TAMS 0x000000008a200000, 0x000000008a200000|
|  83|0x000000008a300000, 0x000000008a300000, 0x000000008a400000|  0%| F|  |TS  0|AC  0|TAMS 0x000000008a300000, 0x000000008a300000|
|  84|0x000000008a400000, 0x000000008a400000, 0x000000008a500000|  0%| F|  |TS  0|AC  0|TAMS 0x000000008a400000, 0x000000008a400000|
|  85|0x000000008a500000, 0x000000008a500000, 0x000000008a600000|  0%| F|  |TS  0|AC  0|TAMS 0x000000008a500000, 0x000000008a500000|
|  86|0x000000008a600000, 0x000000008a600000, 0x000000008a700000|  0%| F|  |TS  0|AC  0|TAMS 0x000000008a600000, 0x000000008a600000|
|  87|0x000000008a700000, 0x000000008a700000, 0x000000008a800000|  0%| F|  |TS  0|AC  0|TAMS 0x000000008a700000, 0x000000008a700000|
|  88|0x000000008a800000, 0x000000008a800000, 0x000000008a900000|  0%| F|  |TS  0|AC  0|TAMS 0x000000008a800000, 0x000000008a800000|
|  89|0x000000008a900000, 0x000000008a900000, 0x000000008aa00000|  0%| F|  |TS  0|AC  0|TAMS 0x000000008a900000, 0x000000008a900000|
|  90|0x000000008aa00000, 0x000000008aa00000, 0x000000008ab00000|  0%| F|  |TS  0|AC  0|TAMS 0x000000008aa00000, 0x000000008aa00000|
|  91|0x000000008ab00000, 0x000000008ab00000, 0x000000008ac00000|  0%| F|  |TS  0|AC  0|TAMS 0x000000008ab00000, 0x000000008ab00000|
|  92|0x000000008ac00000, 0x000000008ac00000, 0x000000008ad00000|  0%| F|  |TS  0|AC  0|TAMS 0x000000008ac00000, 0x000000008ac00000|
|  93|0x000000008ad00000, 0x000000008ad00000, 0x000000008ae00000|  0%| F|  |TS  0|AC  0|TAMS 0x000000008ad00000, 0x000000008ad00000|
|  94|0x000000008ae00000, 0x000000008ae00000, 0x000000008af00000|  0%| F|  |TS  0|AC  0|TAMS 0x000000008ae00000, 0x000000008ae00000|
|  95|0x000000008af00000, 0x000000008af00000, 0x000000008b000000|  0%| F|  |TS  0|AC  0|TAMS 0x000000008af00000, 0x000000008af00000|
|  96|0x000000008b000000, 0x000000008b000000, 0x000000008b100000|  0%| F|  |TS  0|AC  0|TAMS 0x000000008b000000, 0x000000008b000000|
|  97|0x000000008b100000, 0x000000008b100000, 0x000000008b200000|  0%| F|  |TS  0|AC  0|TAMS 0x000000008b100000, 0x000000008b100000|
|  98|0x000000008b200000, 0x000000008b200000, 0x000000008b300000|  0%| F|  |TS  0|AC  0|TAMS 0x000000008b200000, 0x000000008b200000|
|  99|0x000000008b300000, 0x000000008b300000, 0x000000008b400000|  0%| F|  |TS  0|AC  0|TAMS 0x000000008b300000, 0x000000008b300000|
| 100|0x000000008b400000, 0x000000008b400000, 0x000000008b500000|  0%| F|  |TS  0|AC  0|TAMS 0x000000008b400000, 0x000000008b400000|
| 101|0x000000008b500000, 0x000000008b500000, 0x000000008b600000|  0%| F|  |TS  0|AC  0|TAMS 0x000000008b500000, 0x000000008b500000|
| 102|0x000000008b600000, 0x000000008b600000, 0x000000008b700000|  0%| F|  |TS  0|AC  0|TAMS 0x000000008b600000, 0x000000008b600000|
| 103|0x000000008b700000, 0x000000008b700000, 0x000000008b800000|  0%| F|  |TS  0|AC  0|TAMS 0x000000008b700000, 0x000000008b700000|
| 104|0x000000008b800000, 0x000000008b800000, 0x000000008b900000|  0%| F|  |TS  0|AC  0|TAMS 0x000000008b800000, 0x000000008b800000|
| 105|0x000000008b900000, 0x000000008b900000, 0x000000008ba00000|  0%| F|  |TS  0|AC  0|TAMS 0x000000008b900000, 0x000000008b900000|
| 106|0x000000008ba00000, 0x000000008ba00000, 0x000000008bb00000|  0%| F|  |TS  0|AC  0|TAMS 0x000000008ba00000, 0x000000008ba00000|
| 107|0x000000008bb00000, 0x000000008bb00000, 0x000000008bc00000|  0%| F|  |TS  0|AC  0|TAMS 0x000000008bb00000, 0x000000008bb00000|
| 108|0x000000008bc00000, 0x000000008bc00000, 0x000000008bd00000|  0%| F|  |TS  0|AC  0|TAMS 0x000000008bc00000, 0x000000008bc00000|
| 109|0x000000008bd00000, 0x000000008bd00000, 0x000000008be00000|  0%| F|  |TS  0|AC  0|TAMS 0x000000008bd00000, 0x000000008bd00000|
| 110|0x000000008be00000, 0x000000008be00000, 0x000000008bf00000|  0%| F|  |TS  0|AC  0|TAMS 0x000000008be00000, 0x000000008be00000|
| 111|0x000000008bf00000, 0x000000008bf00000, 0x000000008c000000|  0%| F|  |TS  0|AC  0|TAMS 0x000000008bf00000, 0x000000008bf00000|
| 112|0x000000008c000000, 0x000000008c000000, 0x000000008c100000|  0%| F|  |TS  0|AC  0|TAMS 0x000000008c000000, 0x000000008c000000|
| 113|0x000000008c100000, 0x000000008c100000, 0x000000008c200000|  0%| F|  |TS  0|AC  0|TAMS 0x000000008c100000, 0x000000008c100000|
| 114|0x000000008c200000, 0x000000008c200000, 0x000000008c300000|  0%| F|  |TS  0|AC  0|TAMS 0x000000008c200000, 0x000000008c200000|
| 115|0x000000008c300000, 0x000000008c300000, 0x000000008c400000|  0%| F|  |TS  0|AC  0|TAMS 0x000000008c300000, 0x000000008c300000|
| 116|0x000000008c400000, 0x000000008c400000, 0x000000008c500000|  0%| F|  |TS  0|AC  0|TAMS 0x000000008c400000, 0x000000008c400000|
| 117|0x000000008c500000, 0x000000008c5f9d08, 0x000000008c600000| 97%| E|  |TS  0|AC  0|TAMS 0x000000008c500000, 0x000000008c500000|
| 118|0x000000008c600000, 0x000000008c700000, 0x000000008c700000|100%| E|CS|TS  0|AC  0|TAMS 0x000000008c600000, 0x000000008c600000|
| 119|0x000000008c700000, 0x000000008c800000, 0x000000008c800000|100%| E|CS|TS  0|AC  0|TAMS 0x000000008c700000, 0x000000008c700000|
| 120|0x000000008c800000, 0x000000008c900000, 0x000000008c900000|100%| E|CS|TS  0|AC  0|TAMS 0x000000008c800000, 0x000000008c800000|
| 121|0x000000008c900000, 0x000000008ca00000, 0x000000008ca00000|100%| E|CS|TS  0|AC  0|TAMS 0x000000008c900000, 0x000000008c900000|
| 122|0x000000008ca00000, 0x000000008cb00000, 0x000000008cb00000|100%| E|CS|TS  0|AC  0|TAMS 0x000000008ca00000, 0x000000008ca00000|
| 123|0x000000008cb00000, 0x000000008cc00000, 0x000000008cc00000|100%| E|CS|TS  0|AC  0|TAMS 0x000000008cb00000, 0x000000008cb00000|

Card table byte_map: [0x00007f20102ae000,0x00007f2010686000] byte_map_base: 0x00007f200fe86000

Marking Bits (Prev, Next): (CMBitMap*) 0x00007f202c06b030, (CMBitMap*) 0x00007f202c06b068
 Prev Bits: [0x00007f1fc9d68000, 0x00007f1fcbc28000)
 Next Bits: [0x00007f1fc7ea8000, 0x00007f1fc9d68000)

Polling page: 0x00007f2034653000

CodeHeap 'non-profiled nmethods': size=120032Kb used=147Kb max_used=147Kb free=119884Kb
 bounds [0x00007f201960b000, 0x00007f201987b000, 0x00007f2020b43000]
CodeHeap 'profiled nmethods': size=120028Kb used=843Kb max_used=843Kb free=119184Kb
 bounds [0x00007f20120d4000, 0x00007f2012344000, 0x00007f201960b000]
CodeHeap 'non-nmethods': size=5700Kb used=1222Kb max_used=1236Kb free=4477Kb
 bounds [0x00007f2011b43000, 0x00007f2011db3000, 0x00007f20120d4000]
 total_blobs=1063 nmethods=541 adapters=316
 compilation: enabled

Compilation events (10 events):
Event: 0,409 Thread 0x00007f202c177800 nmethod 537 0x00007f20121a4b90 code [0x00007f20121a4d40, 0x00007f20121a4f88]
Event: 0,409 Thread 0x00007f202c177800  538       3       java.util.WeakHashMap::getTable (9 bytes)
Event: 0,409 Thread 0x00007f202c177800 nmethod 538 0x00007f20121a5090 code [0x00007f20121a5240, 0x00007f20121a53e8]
Event: 0,409 Thread 0x00007f202c177800  539   !   3       java.util.WeakHashMap::expungeStaleEntries (139 bytes)
Event: 0,409 Thread 0x00007f202c171800 nmethod 504% 0x00007f201962ed10 code [0x00007f201962eee0, 0x00007f201962f9b8]
Event: 0,410 Thread 0x00007f202c177800 nmethod 539 0x00007f20121a5490 code [0x00007f20121a56c0, 0x00007f20121a6268]
Event: 0,410 Thread 0x00007f202c177800  540       3       java.util.WeakHashMap::indexFor (6 bytes)
Event: 0,410 Thread 0x00007f202c177800 nmethod 540 0x00007f20121a6710 code [0x00007f20121a68c0, 0x00007f20121a69f0]
Event: 0,420 Thread 0x00007f202c177800  541       3       java.net.URL::<init> (8 bytes)
Event: 0,420 Thread 0x00007f202c177800 nmethod 541 0x00007f20121a6a90 code [0x00007f20121a6c40, 0x00007f20121a6dc8]

GC Heap History (0 events):
No events

Deoptimization events (1 events):
Event: 0,276 Thread 0x00007f202c013000 Uncommon trap: reason=unstable_if action=reinterpret pc=0x00007f201960dd14 method=java.lang.String.charAt(I)C @ 4 c2

Classes redefined (0 events):
No events

Internal exceptions (9 events):
Event: 0,300 Thread 0x00007f202c013000 Exception <a 'java/lang/NoSuchMethodError'{0x000000008c7ed9e8}: java.lang.invoke.DirectMethodHandle$Holder.invokeStatic(Ljava/lang/Object;Ljava/lang/Object;)I> (0x000000008c7ed9e8) thrown at [/scratch/opt/mach5/mesos/work_dir/slaves/5af44a71-976a-41b7-81d
Event: 0,303 Thread 0x00007f202c013000 Exception <a 'java/lang/NoSuchMethodError'{0x000000008c7fbed0}: method resolution failed> (0x000000008c7fbed0) thrown at [/scratch/opt/mach5/mesos/work_dir/slaves/5af44a71-976a-41b7-81de-5773b84ec572-S39643/frameworks/1735e8a2-a1db-478c-8104-60c8b0af87dd-
Event: 0,304 Thread 0x00007f202c013000 Exception <a 'java/lang/NoSuchMethodError'{0x000000008c7ffb88}: method resolution failed> (0x000000008c7ffb88) thrown at [/scratch/opt/mach5/mesos/work_dir/slaves/5af44a71-976a-41b7-81de-5773b84ec572-S39643/frameworks/1735e8a2-a1db-478c-8104-60c8b0af87dd-
Event: 0,304 Thread 0x00007f202c013000 Exception <a 'java/lang/NoSuchMethodError'{0x000000008c6035b0}: java.lang.invoke.DelegatingMethodHandle$Holder.delegate(Ljava/lang/Object;Ljava/lang/Object;ILjava/lang/Object;)V> (0x000000008c6035b0) thrown at [/scratch/opt/mach5/mesos/work_dir/slaves/5af
Event: 0,305 Thread 0x00007f202c013000 Exception <a 'java/lang/NoSuchMethodError'{0x000000008c6072b8}: java.lang.invoke.DirectMethodHandle$Holder.invokeSpecial(Ljava/lang/Object;Ljava/lang/Object;Ljava/lang/Object;)I> (0x000000008c6072b8) thrown at [/scratch/opt/mach5/mesos/work_dir/slaves/5af
Event: 0,306 Thread 0x00007f202c013000 Exception <a 'java/lang/NoSuchMethodError'{0x000000008c60e880}: java.lang.invoke.DirectMethodHandle$Holder.invokeStaticInit(Ljava/lang/Object;Ljava/lang/Object;Ljava/lang/Object;)Ljava/lang/Object;> (0x000000008c60e880) thrown at [/scratch/opt/mach5/mesos
Event: 0,317 Thread 0x00007f202c013000 Exception <a 'java/lang/NoSuchMethodError'{0x000000008c659188}: java.lang.Object.lambda$static$0(Ljava/lang/String;)Ljava/lang/Boolean;> (0x000000008c659188) thrown at [/scratch/opt/mach5/mesos/work_dir/slaves/5af44a71-976a-41b7-81de-5773b84ec572-S39643/f
Event: 0,319 Thread 0x00007f202c013000 Exception <a 'java/lang/NoSuchMethodError'{0x000000008c663078}: java.lang.Object.lambda$union$2(Ljava/util/regex/Pattern$CharPredicate;I)Z> (0x000000008c663078) thrown at [/scratch/opt/mach5/mesos/work_dir/slaves/5af44a71-976a-41b7-81de-5773b84ec572-S3964
Event: 0,396 Thread 0x00007f202c013000 Exception <a 'sun/nio/fs/UnixException'{0x000000008c513708}> (0x000000008c513708) thrown at [/scratch/opt/mach5/mesos/work_dir/slaves/5af44a71-976a-41b7-81de-5773b84ec572-S39643/frameworks/1735e8a2-a1db-478c-8104-60c8b0af87dd-0196/executors/a3f74ad9-294f-

Events (10 events):
Event: 0,410 loading class org/lwjgl/system/MathUtil
Event: 0,410 loading class org/lwjgl/system/MathUtil done
Event: 0,411 loading class org/lwjgl/system/linux/DynamicLinkLoader
Event: 0,411 loading class org/lwjgl/system/linux/DynamicLinkLoader done
Event: 0,420 loading class org/lwjgl/opengl/GL$2
Event: 0,420 loading class org/lwjgl/opengl/GL$2 done
Event: 0,420 loading class org/lwjgl/opengl/GL$SharedLibraryGL
Event: 0,420 loading class org/lwjgl/opengl/GL$SharedLibraryGL done
Event: 0,421 loading class org/lwjgl/system/SharedLibrary$Delegate
Event: 0,421 loading class org/lwjgl/system/SharedLibrary$Delegate done


Dynamic libraries:
00400000-00401000 r-xp 00000000 08:01 3807052                            /usr/lib/jvm/java-9-oracle/bin/java
00600000-00601000 rw-p 00000000 08:01 3807052                            /usr/lib/jvm/java-9-oracle/bin/java
0130a000-0132b000 rw-p 00000000 00:00 0                                  [heap]
85000000-8cc00000 rw-p 00000000 00:00 0 
8cc00000-100000000 ---p 00000000 00:00 0 
100000000-1000e0000 rw-p 00000000 00:00 0 
1000e0000-140000000 ---p 00000000 00:00 0 
7f1f84000000-7f1f84021000 rw-p 00000000 00:00 0 
7f1f84021000-7f1f88000000 ---p 00000000 00:00 0 
7f1f88000000-7f1f88021000 rw-p 00000000 00:00 0 
7f1f88021000-7f1f8c000000 ---p 00000000 00:00 0 
7f1f8c000000-7f1f8c021000 rw-p 00000000 00:00 0 
7f1f8c021000-7f1f90000000 ---p 00000000 00:00 0 
7f1f90000000-7f1f90021000 rw-p 00000000 00:00 0 
7f1f90021000-7f1f94000000 ---p 00000000 00:00 0 
7f1f9435c000-7f1f9455b000 rw-p 00000000 00:00 0 
7f1f9455b000-7f1f94560000 r-xp 00000000 08:01 3415809                    /usr/lib/x86_64-linux-gnu/libXdmcp.so.6.0.0
7f1f94560000-7f1f9475f000 ---p 00005000 08:01 3415809                    /usr/lib/x86_64-linux-gnu/libXdmcp.so.6.0.0
7f1f9475f000-7f1f94760000 r--p 00004000 08:01 3415809                    /usr/lib/x86_64-linux-gnu/libXdmcp.so.6.0.0
7f1f94760000-7f1f94761000 rw-p 00005000 08:01 3415809                    /usr/lib/x86_64-linux-gnu/libXdmcp.so.6.0.0
7f1f94761000-7f1f94763000 r-xp 00000000 08:01 3415798                    /usr/lib/x86_64-linux-gnu/libXau.so.6.0.0
7f1f94763000-7f1f94963000 ---p 00002000 08:01 3415798                    /usr/lib/x86_64-linux-gnu/libXau.so.6.0.0
7f1f94963000-7f1f94964000 r--p 00002000 08:01 3415798                    /usr/lib/x86_64-linux-gnu/libXau.so.6.0.0
7f1f94964000-7f1f94965000 rw-p 00003000 08:01 3415798                    /usr/lib/x86_64-linux-gnu/libXau.so.6.0.0
7f1f94965000-7f1f94986000 r-xp 00000000 08:01 3417216                    /usr/lib/x86_64-linux-gnu/libxcb.so.1.1.0
7f1f94986000-7f1f94b85000 ---p 00021000 08:01 3417216                    /usr/lib/x86_64-linux-gnu/libxcb.so.1.1.0
7f1f94b85000-7f1f94b86000 r--p 00020000 08:01 3417216                    /usr/lib/x86_64-linux-gnu/libxcb.so.1.1.0
7f1f94b86000-7f1f94b87000 rw-p 00021000 08:01 3417216                    /usr/lib/x86_64-linux-gnu/libxcb.so.1.1.0
7f1f94b87000-7f1f94b98000 r-xp 00000000 08:01 3415811                    /usr/lib/x86_64-linux-gnu/libXext.so.6.4.0
7f1f94b98000-7f1f94d97000 ---p 00011000 08:01 3415811                    /usr/lib/x86_64-linux-gnu/libXext.so.6.4.0
7f1f94d97000-7f1f94d98000 r--p 00010000 08:01 3415811                    /usr/lib/x86_64-linux-gnu/libXext.so.6.4.0
7f1f94d98000-7f1f94d99000 rw-p 00011000 08:01 3415811                    /usr/lib/x86_64-linux-gnu/libXext.so.6.4.0
7f1f94d99000-7f1f94ece000 r-xp 00000000 08:01 3415794                    /usr/lib/x86_64-linux-gnu/libX11.so.6.3.0
7f1f94ece000-7f1f950ce000 ---p 00135000 08:01 3415794                    /usr/lib/x86_64-linux-gnu/libX11.so.6.3.0
7f1f950ce000-7f1f950cf000 r--p 00135000 08:01 3415794                    /usr/lib/x86_64-linux-gnu/libX11.so.6.3.0
7f1f950cf000-7f1f950d3000 rw-p 00136000 08:01 3415794                    /usr/lib/x86_64-linux-gnu/libX11.so.6.3.0
7f1f950d3000-7f1f964f2000 r-xp 00000000 08:01 3427105                    /usr/lib/nvidia-390/libnvidia-glcore.so.390.59
7f1f964f2000-7f1f96513000 rwxp 0141f000 08:01 3427105                    /usr/lib/nvidia-390/libnvidia-glcore.so.390.59
7f1f96513000-7f1f96948000 r-xp 01440000 08:01 3427105                    /usr/lib/nvidia-390/libnvidia-glcore.so.390.59
7f1f96948000-7f1f96b47000 ---p 01875000 08:01 3427105                    /usr/lib/nvidia-390/libnvidia-glcore.so.390.59
7f1f96b47000-7f1f96ebb000 rw-p 01874000 08:01 3427105                    /usr/lib/nvidia-390/libnvidia-glcore.so.390.59
7f1f96ebb000-7f1f96ed4000 rw-p 00000000 00:00 0 
7f1f96ed4000-7f1f96ed7000 r-xp 00000000 08:01 3427112                    /usr/lib/nvidia-390/tls/libnvidia-tls.so.390.59
7f1f96ed7000-7f1f970d7000 ---p 00003000 08:01 3427112                    /usr/lib/nvidia-390/tls/libnvidia-tls.so.390.59
7f1f970d7000-7f1f970d8000 rw-p 00003000 08:01 3427112                    /usr/lib/nvidia-390/tls/libnvidia-tls.so.390.59
7f1f970d8000-7f1f971a1000 r-xp 00000000 08:01 3427088                    /usr/lib/nvidia-390/libGL.so.390.59
7f1f971a1000-7f1f971d5000 rwxp 000c9000 08:01 3427088                    /usr/lib/nvidia-390/libGL.so.390.59
7f1f971d5000-7f1f971e9000 r-xp 000fd000 08:01 3427088                    /usr/lib/nvidia-390/libGL.so.390.59
7f1f971e9000-7f1f973e9000 ---p 00111000 08:01 3427088                    /usr/lib/nvidia-390/libGL.so.390.59
7f1f973e9000-7f1f9740e000 rw-p 00111000 08:01 3427088                    /usr/lib/nvidia-390/libGL.so.390.59
7f1f9740e000-7f1f97415000 rw-p 00000000 00:00 0 
7f1f97415000-7f1f97480000 r-xp 00000000 08:01 23724402                   /tmp/lwjgloliver/3.1.5-build-1/liblwjgl_opengl.so
7f1f97480000-7f1f9767f000 ---p 0006b000 08:01 23724402                   /tmp/lwjgloliver/3.1.5-build-1/liblwjgl_opengl.so
7f1f9767f000-7f1f97680000 r--p 0006a000 08:01 23724402                   /tmp/lwjgloliver/3.1.5-build-1/liblwjgl_opengl.so
7f1f97680000-7f1f97681000 rw-p 0006b000 08:01 23724402                   /tmp/lwjgloliver/3.1.5-build-1/liblwjgl_opengl.so
7f1f97681000-7f1f976d4000 r-xp 00000000 08:01 23724399                   /tmp/lwjgloliver/3.1.5-build-1/liblwjgl.so
7f1f976d4000-7f1f978d3000 ---p 00053000 08:01 23724399                   /tmp/lwjgloliver/3.1.5-build-1/liblwjgl.so
7f1f978d3000-7f1f978d4000 r--p 00052000 08:01 23724399                   /tmp/lwjgloliver/3.1.5-build-1/liblwjgl.so
7f1f978d4000-7f1f978d5000 rw-p 00053000 08:01 23724399                   /tmp/lwjgloliver/3.1.5-build-1/liblwjgl.so
7f1f978d5000-7f1f978d6000 ---p 00000000 00:00 0 
7f1f978d6000-7f1f979d6000 rw-p 00000000 00:00 0 
7f1f979d6000-7f1f979da000 ---p 00000000 00:00 0 
7f1f979da000-7f1f97ad7000 rw-p 00000000 00:00 0 
7f1f97ad7000-7f1f97adb000 ---p 00000000 00:00 0 
7f1f97adb000-7f1f97bd8000 rw-p 00000000 00:00 0 
7f1f97bd8000-7f1f97bee000 r-xp 00000000 08:01 5641750                    /usr/lib/jvm/java-9-oracle/lib/libnet.so
7f1f97bee000-7f1f97dee000 ---p 00016000 08:01 5641750                    /usr/lib/jvm/java-9-oracle/lib/libnet.so
7f1f97dee000-7f1f97def000 rw-p 00016000 08:01 5641750                    /usr/lib/jvm/java-9-oracle/lib/libnet.so
7f1f97def000-7f1f97dff000 r-xp 00000000 08:01 5641814                    /usr/lib/jvm/java-9-oracle/lib/libnio.so
7f1f97dff000-7f1f97fff000 ---p 00010000 08:01 5641814                    /usr/lib/jvm/java-9-oracle/lib/libnio.so
7f1f97fff000-7f1f98000000 rw-p 00010000 08:01 5641814                    /usr/lib/jvm/java-9-oracle/lib/libnio.so
7f1f98000000-7f1f98036000 rw-p 00000000 00:00 0 
7f1f98036000-7f1f9c000000 ---p 00000000 00:00 0 
7f1f9c000000-7f1f9c147000 rw-p 00000000 00:00 0 
7f1f9c147000-7f1fa0000000 ---p 00000000 00:00 0 
7f1fa0000000-7f1fa020e000 rw-p 00000000 00:00 0 
7f1fa020e000-7f1fa4000000 ---p 00000000 00:00 0 
7f1fa4000000-7f1fa40cb000 rw-p 00000000 00:00 0 
7f1fa40cb000-7f1fa8000000 ---p 00000000 00:00 0 
7f1fa8000000-7f1fa8021000 rw-p 00000000 00:00 0 
7f1fa8021000-7f1fac000000 ---p 00000000 00:00 0 
7f1fac000000-7f1fac021000 rw-p 00000000 00:00 0 
7f1fac021000-7f1fb0000000 ---p 00000000 00:00 0 
7f1fb0000000-7f1fb0021000 rw-p 00000000 00:00 0 
7f1fb0021000-7f1fb4000000 ---p 00000000 00:00 0 
7f1fb4000000-7f1fb4021000 rw-p 00000000 00:00 0 
7f1fb4021000-7f1fb8000000 ---p 00000000 00:00 0 
7f1fb8000000-7f1fb8021000 rw-p 00000000 00:00 0 
7f1fb8021000-7f1fbc000000 ---p 00000000 00:00 0 
7f1fbc000000-7f1fbc021000 rw-p 00000000 00:00 0 
7f1fbc021000-7f1fc0000000 ---p 00000000 00:00 0 
7f1fc0000000-7f1fc0021000 rw-p 00000000 00:00 0 
7f1fc0021000-7f1fc4000000 ---p 00000000 00:00 0 
7f1fc4040000-7f1fc4044000 ---p 00000000 00:00 0 
7f1fc4044000-7f1fc4141000 rw-p 00000000 00:00 0 
7f1fc4141000-7f1fc4145000 ---p 00000000 00:00 0 
7f1fc4145000-7f1fc4242000 rw-p 00000000 00:00 0 
7f1fc4242000-7f1fc4246000 ---p 00000000 00:00 0 
7f1fc4246000-7f1fc4343000 rw-p 00000000 00:00 0 
7f1fc4343000-7f1fc4347000 ---p 00000000 00:00 0 
7f1fc4347000-7f1fc4444000 rw-p 00000000 00:00 0 
7f1fc4444000-7f1fc4448000 ---p 00000000 00:00 0 
7f1fc4448000-7f1fc4545000 rw-p 00000000 00:00 0 
7f1fc4545000-7f1fc4549000 ---p 00000000 00:00 0 
7f1fc4549000-7f1fc4646000 rw-p 00000000 00:00 0 
7f1fc4646000-7f1fc4a9c000 r--p 00000000 08:01 3409364                    /usr/lib/locale/locale-archive
7f1fc4a9c000-7f1fc4aa0000 ---p 00000000 00:00 0 
7f1fc4aa0000-7f1fc4b9d000 rw-p 00000000 00:00 0 
7f1fc4b9d000-7f1fc4ba1000 ---p 00000000 00:00 0 
7f1fc4ba1000-7f1fc4c9e000 rw-p 00000000 00:00 0 
7f1fc4c9e000-7f1fc4c9f000 ---p 00000000 00:00 0 
7f1fc4c9f000-7f1fc559f000 rw-p 00000000 00:00 0 
7f1fc559f000-7f1fc5da7000 rw-p 00000000 00:00 0 
7f1fc5da7000-7f1fc7da7000 rwxp 00000000 00:00 0 
7f1fc7da7000-7f1fc7da8000 ---p 00000000 00:00 0 
7f1fc7da8000-7f1fc8098000 rw-p 00000000 00:00 0 
7f1fc8098000-7f1fc9d68000 ---p 00000000 00:00 0 
7f1fc9d68000-7f1fc9f58000 rw-p 00000000 00:00 0 
7f1fc9f58000-7f1fcbc28000 ---p 00000000 00:00 0 
7f1fcbc28000-7f1fcbc66000 rw-p 00000000 00:00 0 
7f1fcbc66000-7f1fcc000000 ---p 00000000 00:00 0 
7f1fcc000000-7f1fcc021000 rw-p 00000000 00:00 0 
7f1fcc021000-7f1fd0000000 ---p 00000000 00:00 0 
7f1fd0000000-7f1fd0021000 rw-p 00000000 00:00 0 
7f1fd0021000-7f1fd4000000 ---p 00000000 00:00 0 
7f1fd4000000-7f1fd4021000 rw-p 00000000 00:00 0 
7f1fd4021000-7f1fd8000000 ---p 00000000 00:00 0 
7f1fd8000000-7f1fd8021000 rw-p 00000000 00:00 0 
7f1fd8021000-7f1fdc000000 ---p 00000000 00:00 0 
7f1fdc000000-7f1fdc021000 rw-p 00000000 00:00 0 
7f1fdc021000-7f1fe0000000 ---p 00000000 00:00 0 
7f1fe0000000-7f1fe0021000 rw-p 00000000 00:00 0 
7f1fe0021000-7f1fe4000000 ---p 00000000 00:00 0 
7f1fe4000000-7f1fe4021000 rw-p 00000000 00:00 0 
7f1fe4021000-7f1fe8000000 ---p 00000000 00:00 0 
7f1fe8000000-7f1fe8021000 rw-p 00000000 00:00 0 
7f1fe8021000-7f1fec000000 ---p 00000000 00:00 0 
7f1fec000000-7f1fec021000 rw-p 00000000 00:00 0 
7f1fec021000-7f1ff0000000 ---p 00000000 00:00 0 
7f1ff0000000-7f1ff0021000 rw-p 00000000 00:00 0 
7f1ff0021000-7f1ff4000000 ---p 00000000 00:00 0 
7f1ff4000000-7f1ff4021000 rw-p 00000000 00:00 0 
7f1ff4021000-7f1ff8000000 ---p 00000000 00:00 0 
7f1ff8000000-7f1ff8021000 rw-p 00000000 00:00 0 
7f1ff8021000-7f1ffc000000 ---p 00000000 00:00 0 
7f1ffc000000-7f1ffc021000 rw-p 00000000 00:00 0 
7f1ffc021000-7f2000000000 ---p 00000000 00:00 0 
7f2000000000-7f2000021000 rw-p 00000000 00:00 0 
7f2000021000-7f2004000000 ---p 00000000 00:00 0 
7f2004000000-7f2004021000 rw-p 00000000 00:00 0 
7f2004021000-7f2008000000 ---p 00000000 00:00 0 
7f2008000000-7f2008021000 rw-p 00000000 00:00 0 
7f2008021000-7f200c000000 ---p 00000000 00:00 0 
7f200c000000-7f200c021000 rw-p 00000000 00:00 0 
7f200c021000-7f2010000000 ---p 00000000 00:00 0 
7f2010036000-7f20100ac000 rw-p 00000000 00:00 0 
7f20100ac000-7f20100ad000 ---p 00000000 00:00 0 
7f20100ad000-7f20101ad000 rw-p 00000000 00:00 0 
7f20101ad000-7f20101ae000 ---p 00000000 00:00 0 
7f20101ae000-7f20102ec000 rw-p 00000000 00:00 0 
7f20102ec000-7f2010a5e000 ---p 00000000 00:00 0 
7f2010a5e000-7f2010a9c000 rw-p 00000000 00:00 0 
7f2010a9c000-7f2010e36000 ---p 00000000 00:00 0 
7f2010e36000-7f2010e37000 ---p 00000000 00:00 0 
7f2010e37000-7f2010f37000 rw-p 00000000 00:00 0 
7f2010f37000-7f2010f38000 ---p 00000000 00:00 0 
7f2010f38000-7f2011038000 rw-p 00000000 00:00 0 
7f2011038000-7f2011039000 ---p 00000000 00:00 0 
7f2011039000-7f2011139000 rw-p 00000000 00:00 0 
7f2011139000-7f201113a000 ---p 00000000 00:00 0 
7f201113a000-7f201123a000 rw-p 00000000 00:00 0 
7f201123a000-7f201123b000 ---p 00000000 00:00 0 
7f201123b000-7f201133b000 rw-p 00000000 00:00 0 
7f201133b000-7f201133c000 ---p 00000000 00:00 0 
7f201133c000-7f201143c000 rw-p 00000000 00:00 0 
7f201143c000-7f201143d000 ---p 00000000 00:00 0 
7f201143d000-7f201153d000 rw-p 00000000 00:00 0 
7f201153d000-7f201153e000 ---p 00000000 00:00 0 
7f201153e000-7f201163e000 rw-p 00000000 00:00 0 
7f201163e000-7f201163f000 ---p 00000000 00:00 0 
7f201163f000-7f2011b43000 rw-p 00000000 00:00 0 
7f2011b43000-7f2011db3000 rwxp 00000000 00:00 0 
7f2011db3000-7f20120d4000 ---p 00000000 00:00 0 
7f20120d4000-7f2012344000 rwxp 00000000 00:00 0 
7f2012344000-7f201960b000 ---p 00000000 00:00 0 
7f201960b000-7f201987b000 rwxp 00000000 00:00 0 
7f201987b000-7f2020b43000 ---p 00000000 00:00 0 
7f2020b43000-7f202c000000 r--s 00000000 08:01 5641785                    /usr/lib/jvm/java-9-oracle/lib/modules
7f202c000000-7f202c65f000 rw-p 00000000 00:00 0 
7f202c65f000-7f2030000000 ---p 00000000 00:00 0 
7f2030041000-7f20304f9000 rw-p 00000000 00:00 0 
7f20304f9000-7f20304fa000 ---p 00000000 00:00 0 
7f20304fa000-7f20305fa000 rw-p 00000000 00:00 0 
7f20305fa000-7f20305fb000 ---p 00000000 00:00 0 
7f20305fb000-7f20306fb000 rw-p 00000000 00:00 0 
7f20306fb000-7f20306fc000 ---p 00000000 00:00 0 
7f20306fc000-7f20307fc000 rw-p 00000000 00:00 0 
7f20307fc000-7f20307fd000 ---p 00000000 00:00 0 
7f20307fd000-7f20308fd000 rw-p 00000000 00:00 0 
7f20308fd000-7f20308fe000 ---p 00000000 00:00 0 
7f20308fe000-7f20309fe000 rw-p 00000000 00:00 0 
7f20309fe000-7f20309ff000 ---p 00000000 00:00 0 
7f20309ff000-7f2030aff000 rw-p 00000000 00:00 0 
7f2030aff000-7f2030b00000 ---p 00000000 00:00 0 
7f2030b00000-7f2030c00000 rw-p 00000000 00:00 0 
7f2030c00000-7f2030c01000 ---p 00000000 00:00 0 
7f2030c01000-7f2030d06000 rw-p 00000000 00:00 0 
7f2030d06000-7f2030dec000 ---p 00000000 00:00 0 
7f2030dec000-7f2030df1000 rw-p 00000000 00:00 0 
7f2030df1000-7f2030ed7000 ---p 00000000 00:00 0 
7f2030ed7000-7f2030ef1000 r-xp 00000000 08:01 5641707                    /usr/lib/jvm/java-9-oracle/lib/libjimage.so
7f2030ef1000-7f20310f0000 ---p 0001a000 08:01 5641707                    /usr/lib/jvm/java-9-oracle/lib/libjimage.so
7f20310f0000-7f20310f2000 rw-p 00019000 08:01 5641707                    /usr/lib/jvm/java-9-oracle/lib/libjimage.so
7f20310f2000-7f2031104000 rw-p 00000000 00:00 0 
7f2031104000-7f203110b000 r-xp 00000000 08:01 5641822                    /usr/lib/jvm/java-9-oracle/lib/libzip.so
7f203110b000-7f203130a000 ---p 00007000 08:01 5641822                    /usr/lib/jvm/java-9-oracle/lib/libzip.so
7f203130a000-7f203130b000 rw-p 00006000 08:01 5641822                    /usr/lib/jvm/java-9-oracle/lib/libzip.so
7f203130b000-7f2031316000 r-xp 00000000 08:01 24642406                   /lib/x86_64-linux-gnu/libnss_files-2.23.so
7f2031316000-7f2031515000 ---p 0000b000 08:01 24642406                   /lib/x86_64-linux-gnu/libnss_files-2.23.so
7f2031515000-7f2031516000 r--p 0000a000 08:01 24642406                   /lib/x86_64-linux-gnu/libnss_files-2.23.so
7f2031516000-7f2031517000 rw-p 0000b000 08:01 24642406                   /lib/x86_64-linux-gnu/libnss_files-2.23.so
7f2031517000-7f203151d000 rw-p 00000000 00:00 0 
7f203151d000-7f2031528000 r-xp 00000000 08:01 24642410                   /lib/x86_64-linux-gnu/libnss_nis-2.23.so
7f2031528000-7f2031727000 ---p 0000b000 08:01 24642410                   /lib/x86_64-linux-gnu/libnss_nis-2.23.so
7f2031727000-7f2031728000 r--p 0000a000 08:01 24642410                   /lib/x86_64-linux-gnu/libnss_nis-2.23.so
7f2031728000-7f2031729000 rw-p 0000b000 08:01 24642410                   /lib/x86_64-linux-gnu/libnss_nis-2.23.so
7f2031729000-7f203173f000 r-xp 00000000 08:01 24642390                   /lib/x86_64-linux-gnu/libnsl-2.23.so
7f203173f000-7f203193e000 ---p 00016000 08:01 24642390                   /lib/x86_64-linux-gnu/libnsl-2.23.so
7f203193e000-7f203193f000 r--p 00015000 08:01 24642390                   /lib/x86_64-linux-gnu/libnsl-2.23.so
7f203193f000-7f2031940000 rw-p 00016000 08:01 24642390                   /lib/x86_64-linux-gnu/libnsl-2.23.so
7f2031940000-7f2031942000 rw-p 00000000 00:00 0 
7f2031942000-7f203194a000 r-xp 00000000 08:01 24642401                   /lib/x86_64-linux-gnu/libnss_compat-2.23.so
7f203194a000-7f2031b49000 ---p 00008000 08:01 24642401                   /lib/x86_64-linux-gnu/libnss_compat-2.23.so
7f2031b49000-7f2031b4a000 r--p 00007000 08:01 24642401                   /lib/x86_64-linux-gnu/libnss_compat-2.23.so
7f2031b4a000-7f2031b4b000 rw-p 00008000 08:01 24642401                   /lib/x86_64-linux-gnu/libnss_compat-2.23.so
7f2031b4b000-7f2031b76000 r-xp 00000000 08:01 5641743                    /usr/lib/jvm/java-9-oracle/lib/libjava.so
7f2031b76000-7f2031d75000 ---p 0002b000 08:01 5641743                    /usr/lib/jvm/java-9-oracle/lib/libjava.so
7f2031d75000-7f2031d77000 rw-p 0002a000 08:01 5641743                    /usr/lib/jvm/java-9-oracle/lib/libjava.so
7f2031d77000-7f2031d84000 r-xp 00000000 08:01 5641768                    /usr/lib/jvm/java-9-oracle/lib/libverify.so
7f2031d84000-7f2031f83000 ---p 0000d000 08:01 5641768                    /usr/lib/jvm/java-9-oracle/lib/libverify.so
7f2031f83000-7f2031f85000 rw-p 0000c000 08:01 5641768                    /usr/lib/jvm/java-9-oracle/lib/libverify.so
7f2031f85000-7f2031f8c000 r-xp 00000000 08:01 24642411                   /lib/x86_64-linux-gnu/librt-2.23.so
7f2031f8c000-7f203218b000 ---p 00007000 08:01 24642411                   /lib/x86_64-linux-gnu/librt-2.23.so
7f203218b000-7f203218c000 r--p 00006000 08:01 24642411                   /lib/x86_64-linux-gnu/librt-2.23.so
7f203218c000-7f203218d000 rw-p 00007000 08:01 24642411                   /lib/x86_64-linux-gnu/librt-2.23.so
7f203218d000-7f2032295000 r-xp 00000000 08:01 24642389                   /lib/x86_64-linux-gnu/libm-2.23.so
7f2032295000-7f2032494000 ---p 00108000 08:01 24642389                   /lib/x86_64-linux-gnu/libm-2.23.so
7f2032494000-7f2032495000 r--p 00107000 08:01 24642389                   /lib/x86_64-linux-gnu/libm-2.23.so
7f2032495000-7f2032496000 rw-p 00108000 08:01 24642389                   /lib/x86_64-linux-gnu/libm-2.23.so
7f2032496000-7f20334ab000 r-xp 00000000 08:01 6951024                    /usr/lib/jvm/java-9-oracle/lib/server/libjvm.so
7f20334ab000-7f20336aa000 ---p 01015000 08:01 6951024                    /usr/lib/jvm/java-9-oracle/lib/server/libjvm.so
7f20336aa000-7f203377b000 r--p 01014000 08:01 6951024                    /usr/lib/jvm/java-9-oracle/lib/server/libjvm.so
7f203377b000-7f20337b2000 rw-p 010e5000 08:01 6951024                    /usr/lib/jvm/java-9-oracle/lib/server/libjvm.so
7f20337b2000-7f203381b000 rw-p 00000000 00:00 0 
7f203381b000-7f20339db000 r-xp 00000000 08:01 24642393                   /lib/x86_64-linux-gnu/libc-2.23.so
7f20339db000-7f2033bdb000 ---p 001c0000 08:01 24642393                   /lib/x86_64-linux-gnu/libc-2.23.so
7f2033bdb000-7f2033bdf000 r--p 001c0000 08:01 24642393                   /lib/x86_64-linux-gnu/libc-2.23.so
7f2033bdf000-7f2033be1000 rw-p 001c4000 08:01 24642393                   /lib/x86_64-linux-gnu/libc-2.23.so
7f2033be1000-7f2033be5000 rw-p 00000000 00:00 0 
7f2033be5000-7f2033be8000 r-xp 00000000 08:01 24642395                   /lib/x86_64-linux-gnu/libdl-2.23.so
7f2033be8000-7f2033de7000 ---p 00003000 08:01 24642395                   /lib/x86_64-linux-gnu/libdl-2.23.so
7f2033de7000-7f2033de8000 r--p 00002000 08:01 24642395                   /lib/x86_64-linux-gnu/libdl-2.23.so
7f2033de8000-7f2033de9000 rw-p 00003000 08:01 24642395                   /lib/x86_64-linux-gnu/libdl-2.23.so
7f2033de9000-7f2033df7000 r-xp 00000000 08:01 6951026                    /usr/lib/jvm/java-9-oracle/lib/jli/libjli.so
7f2033df7000-7f2033ff7000 ---p 0000e000 08:01 6951026                    /usr/lib/jvm/java-9-oracle/lib/jli/libjli.so
7f2033ff7000-7f2033ff8000 rw-p 0000e000 08:01 6951026                    /usr/lib/jvm/java-9-oracle/lib/jli/libjli.so
7f2033ff8000-7f2034010000 r-xp 00000000 08:01 24642392                   /lib/x86_64-linux-gnu/libpthread-2.23.so
7f2034010000-7f203420f000 ---p 00018000 08:01 24642392                   /lib/x86_64-linux-gnu/libpthread-2.23.so
7f203420f000-7f2034210000 r--p 00017000 08:01 24642392                   /lib/x86_64-linux-gnu/libpthread-2.23.so
7f2034210000-7f2034211000 rw-p 00018000 08:01 24642392                   /lib/x86_64-linux-gnu/libpthread-2.23.so
7f2034211000-7f2034215000 rw-p 00000000 00:00 0 
7f2034215000-7f203422e000 r-xp 00000000 08:01 24646264                   /lib/x86_64-linux-gnu/libz.so.1.2.8
7f203422e000-7f203442d000 ---p 00019000 08:01 24646264                   /lib/x86_64-linux-gnu/libz.so.1.2.8
7f203442d000-7f203442e000 r--p 00018000 08:01 24646264                   /lib/x86_64-linux-gnu/libz.so.1.2.8
7f203442e000-7f203442f000 rw-p 00019000 08:01 24646264                   /lib/x86_64-linux-gnu/libz.so.1.2.8
7f203442f000-7f2034455000 r-xp 00000000 08:01 24642391                   /lib/x86_64-linux-gnu/ld-2.23.so
7f2034468000-7f2034525000 rw-p 00000000 00:00 0 
7f2034525000-7f203452a000 ---p 00000000 00:00 0 
7f203452a000-7f203462b000 rw-p 00000000 00:00 0 
7f203463d000-7f2034643000 rw-p 00000000 00:00 0 
7f2034643000-7f203464a000 ---p 00000000 00:00 0 
7f203464a000-7f2034652000 rw-s 00000000 08:01 23724075                   /tmp/hsperfdata_oliver/9025
7f2034652000-7f2034653000 rw-p 00000000 00:00 0 
7f2034653000-7f2034654000 r--p 00000000 00:00 0 
7f2034654000-7f2034655000 r--p 00025000 08:01 24642391                   /lib/x86_64-linux-gnu/ld-2.23.so
7f2034655000-7f2034656000 rw-p 00026000 08:01 24642391                   /lib/x86_64-linux-gnu/ld-2.23.so
7f2034656000-7f2034657000 rw-p 00000000 00:00 0 
7ffd92812000-7ffd92834000 rw-p 00000000 00:00 0                          [stack]
7ffd92870000-7ffd92873000 r--p 00000000 00:00 0                          [vvar]
7ffd92873000-7ffd92875000 r-xp 00000000 00:00 0                          [vdso]
ffffffffff600000-ffffffffff601000 r-xp 00000000 00:00 0                  [vsyscall]

VM Arguments:
jvm_args: -Dorg.lwjgl.util.Debug=true -Djava.library.path=nope -Dfile.encoding=UTF-8 
java_command: base.IkSolver
java_class_path (initial): /home/oliver/git/Master_thesis_java/Masterthesis_IK/target/classes:/home/oliver/git/Master_thesis_java/Masterthesis_IK/libs/Caliko-v1.3.3/jar/caliko-1.3.3.jar:/home/oliver/git/Master_thesis_java/Masterthesis_IK/libs/Caliko-v1.3.3/jar/caliko-demo-1.3.3.jar:/home/oliver/git/Master_thesis_java/Masterthesis_IK/libs/Caliko-v1.3.3/jar/caliko-visualisation-1.3.3.jar:/home/oliver/.m2/repository/org/lwjgl/lwjgl/3.1.5/lwjgl-3.1.5.jar:/home/oliver/.m2/repository/org/lwjgl/lwjgl-assimp/3.1.5/lwjgl-assimp-3.1.5.jar:/home/oliver/.m2/repository/org/lwjgl/lwjgl-bgfx/3.1.5/lwjgl-bgfx-3.1.5.jar:/home/oliver/.m2/repository/org/lwjgl/lwjgl-glfw/3.1.5/lwjgl-glfw-3.1.5.jar:/home/oliver/.m2/repository/org/lwjgl/lwjgl-nanovg/3.1.5/lwjgl-nanovg-3.1.5.jar:/home/oliver/.m2/repository/org/lwjgl/lwjgl-nuklear/3.1.5/lwjgl-nuklear-3.1.5.jar:/home/oliver/.m2/repository/org/lwjgl/lwjgl-openal/3.1.5/lwjgl-openal-3.1.5.jar:/home/oliver/.m2/repository/org/lwjgl/lwjgl-opengl/3.1.5/lwjgl-opengl-3.1.5.jar:/home/oliver/.m2/repository/org/lwjgl/lwjgl-openvr/3.1.5/lwjgl-openvr-3.1.5.jar:/home/oliver/.m2/repository/org/lwjgl/lwjgl-par/3.1.5/lwjgl-par-3.1.5.jar:/home/oliver/.m2/repository/org/lwjgl/lwjgl-stb/3.1.5/lwjgl-stb-3.1.5.jar:/home/oliver/.m2/repository/org/lwjgl/lwjgl-vulkan/3.1.5/lwjgl-vulkan-3.1.5.jar:/home/oliver/.m2/repository/org/lwjgl/lwjgl/3.1.5/lwjgl-3.1.5-natives-linux.jar:/home/oliver/.m2/repository/org/lwjgl/lwjgl-assimp/3.1.5/lwjgl-assimp-3.1.5-natives-linux.jar:/home/oliver/.m2/repository/org/lwjgl/lwjgl-bgfx/3.1.5/lwjgl-bgfx-3.1.5-natives-linux.jar:/home/oliver/.m2/repository/org/lwjgl/lwjgl-glfw/3.1.5/lwjgl-glfw-3.1.5-natives-linux.jar:/home/oliver/.m2/repository/org/lwjgl/lwjgl-nanovg/3.1.5/lwjgl-nanovg-3.1.5-natives-linux.jar:/home/oliver/.m2/repository/org/lwjgl/lwjgl-nuklear/3.1.5/lwjgl-nuklear-3.1.5-natives-linux.jar:/home/oliver/.m2/repository/org/lwjgl/lwjgl-openal/3.1.5/lwjgl-openal-3.1.5-natives-linux.jar:/home/oliver/.m2/repository/org/lwjgl/lwjgl
Launcher Type: SUN_STANDARD

Logging:
Log output configuration:
#0: stdout all=warning uptime,level,tags
#1: stderr all=off uptime,level,tags

Environment Variables:
JAVA_HOME=/usr/lib/jvm/java-9-oracle
PATH=/home/oliver/bin:/home/oliver/.local/bin:/usr/local/sbin:/usr/local/bin:/usr/sbin:/usr/bin:/sbin:/bin:/usr/games:/usr/local/games:/snap/bin:/usr/lib/jvm/java-9-oracle/bin:/usr/lib/jvm/java-9-oracle/db/bin
SHELL=/bin/bash
DISPLAY=:0

Signal Handlers:
SIGSEGV: [libjvm.so+0xd4d370], sa_mask[0]=11111111011111111101111111111110, sa_flags=SA_RESTART|SA_SIGINFO
SIGBUS: [libjvm.so+0xd4d370], sa_mask[0]=11111111011111111101111111111110, sa_flags=SA_RESTART|SA_SIGINFO
SIGFPE: [libjvm.so+0xd4d370], sa_mask[0]=11111111011111111101111111111110, sa_flags=SA_RESTART|SA_SIGINFO
SIGPIPE: [libjvm.so+0xb64780], sa_mask[0]=11111111011111111101111111111110, sa_flags=SA_RESTART|SA_SIGINFO
SIGXFSZ: [libjvm.so+0xb64780], sa_mask[0]=11111111011111111101111111111110, sa_flags=SA_RESTART|SA_SIGINFO
SIGILL: [libjvm.so+0xd4d370], sa_mask[0]=11111111011111111101111111111110, sa_flags=SA_RESTART|SA_SIGINFO
SIGUSR2: [libjvm.so+0xb64640], sa_mask[0]=00100000000000000000000000000000, sa_flags=SA_RESTART|SA_SIGINFO
SIGHUP: [libjvm.so+0xb64850], sa_mask[0]=11111111011111111101111111111110, sa_flags=SA_RESTART|SA_SIGINFO
SIGINT: [libjvm.so+0xb64850], sa_mask[0]=11111111011111111101111111111110, sa_flags=SA_RESTART|SA_SIGINFO
SIGTERM: [libjvm.so+0xb64850], sa_mask[0]=11111111011111111101111111111110, sa_flags=SA_RESTART|SA_SIGINFO
SIGQUIT: [libjvm.so+0xb64850], sa_mask[0]=11111111011111111101111111111110, sa_flags=SA_RESTART|SA_SIGINFO


---------------  S Y S T E M  ---------------

OS:DISTRIB_ID=Ubuntu
DISTRIB_RELEASE=16.04
DISTRIB_CODENAME=xenial
DISTRIB_DESCRIPTION="Ubuntu 16.04.4 LTS"
uname:Linux 4.13.0-43-generic #48~16.04.1-Ubuntu SMP Thu May 17 12:56:46 UTC 2018 x86_64
libc:glibc 2.23 NPTL 2.23 
rlimit: STACK 8192k, CORE 0k, NPROC 31242, NOFILE 1048576, AS infinity
load average:2,98 2,64 2,00

/proc/meminfo:
MemTotal:        8059520 kB
MemFree:         2633708 kB
MemAvailable:    4790808 kB
Buffers:          492768 kB
Cached:          1757916 kB
SwapCached:            0 kB
Active:          3587140 kB
Inactive:        1273976 kB
Active(anon):    2564528 kB
Inactive(anon):   115932 kB
Active(file):    1022612 kB
Inactive(file):  1158044 kB
Unevictable:          80 kB
Mlocked:              80 kB
SwapTotal:       8278012 kB
SwapFree:        8278012 kB
Dirty:               500 kB
Writeback:             0 kB
AnonPages:       2610424 kB
Mapped:           781852 kB
Shmem:            118208 kB
Slab:             348032 kB
SReclaimable:     281688 kB
SUnreclaim:        66344 kB
KernelStack:       15772 kB
PageTables:        49432 kB
NFS_Unstable:          0 kB
Bounce:                0 kB
WritebackTmp:          0 kB
CommitLimit:    12307772 kB
Committed_AS:    9095900 kB
VmallocTotal:   34359738367 kB
VmallocUsed:           0 kB
VmallocChunk:          0 kB
HardwareCorrupted:     0 kB
AnonHugePages:         0 kB
ShmemHugePages:        0 kB
ShmemPmdMapped:        0 kB
CmaTotal:              0 kB
CmaFree:               0 kB
HugePages_Total:       0
HugePages_Free:        0
HugePages_Rsvd:        0
HugePages_Surp:        0
Hugepagesize:       2048 kB
DirectMap4k:      336444 kB
DirectMap2M:     7944192 kB


CPU:total 8 (initial active 8) (4 cores per cpu, 2 threads per core) family 6 model 42 stepping 7, cmov, cx8, fxsr, mmx, sse, sse2, sse3, ssse3, sse4.1, sse4.2, popcnt, avx, aes, clmul, ht, tsc, tscinvbit
CPU Model and flags from /proc/cpuinfo:
model name	: Intel(R) Core(TM) i7-2630QM CPU @ 2.00GHz
flags		: fpu vme de pse tsc msr pae mce cx8 apic sep mtrr pge mca cmov pat pse36 clflush dts acpi mmx fxsr sse sse2 ss ht tm pbe syscall nx rdtscp lm constant_tsc arch_perfmon pebs bts nopl xtopology nonstop_tsc cpuid aperfmperf pni pclmulqdq dtes64 monitor ds_cpl vmx est tm2 ssse3 cx16 xtpr pdcm pcid sse4_1 sse4_2 x2apic popcnt tsc_deadline_timer aes xsave avx lahf_lm epb pti retpoline spec_ctrl tpr_shadow vnmi flexpriority ept vpid xsaveopt dtherm ida arat pln pts

Memory: 4k page, physical 8059520k(2633708k free), swap 8278012k(8278012k free)

vm_info: Java HotSpot(TM) 64-Bit Server VM (9.0.4+11) for linux-amd64 JRE (9.0.4+11), built on Dec 19 2017 18:12:19 by "mach5one" with gcc 4.9.2

END.
