#
# A fatal error has been detected by the Java Runtime Environment:
#
#  SIGSEGV (0xb) at pc=0x00007f54d96f3ef7, pid=20595, tid=20602
#
# JRE version: Java(TM) SE Runtime Environment (9.0+11) (build 9.0.4+11)
# Java VM: Java HotSpot(TM) 64-Bit Server VM (9.0.4+11, mixed mode, tiered, compressed oops, g1 gc, linux-amd64)
# Problematic frame:
# C  [liblwjgl_opengl.so+0x45ef7]  Java_org_lwjgl_opengl_GL20_glCreateProgram+0x7
#
# Core dump will be written. Default location: Core dumps may be processed with "/usr/share/apport/apport %p %s %c %d %P" (or dumping to /home/oliver/eclipse-workspace/Masterthesis_IK/core.20595)
#
# If you would like to submit a bug report, please visit:
#   http://bugreport.java.com/bugreport/crash.jsp
# The crash happened outside the Java Virtual Machine in native code.
# See problematic frame for where to report the bug.
#

---------------  S U M M A R Y ------------

Command Line: -Dorg.lwjgl.util.Debug=true -Djava.library.path=nope -Dfile.encoding=UTF-8 base.IkSolver

Host: Intel(R) Core(TM) i7-2630QM CPU @ 2.00GHz, 8 cores, 7G, Ubuntu 16.04.4 LTS
Time: Fri Apr 20 13:16:44 2018 CEST elapsed time: 0 seconds (0d 0h 0m 0s)

---------------  T H R E A D  ---------------

Current thread (0x00007f5550013000):  JavaThread "main" [_thread_in_native, id=20602, stack(0x00007f5556899000,0x00007f5556999000)]

Stack: [0x00007f5556899000,0x00007f5556999000],  sp=0x00007f55569973e8,  free space=1016k
Native frames: (J=compiled Java code, A=aot compiled Java code, j=interpreted, Vv=VM code, C=native code)
C  [liblwjgl_opengl.so+0x45ef7]  Java_org_lwjgl_opengl_GL20_glCreateProgram+0x7
j  au.edu.federation.caliko.visualisation.ShaderProgram.<init>()V+10
j  au.edu.federation.caliko.visualisation.Circle3D.<clinit>()V+200
v  ~StubRoutines::call_stub
V  [libjvm.so+0x83d60a]  JavaCalls::call_helper(JavaValue*, methodHandle const&, JavaCallArguments*, Thread*)+0x47a
V  [libjvm.so+0x815870]  InstanceKlass::call_class_initializer_impl(instanceKlassHandle, Thread*)+0x1d0
V  [libjvm.so+0x816627]  InstanceKlass::initialize(Thread*)+0x487
V  [libjvm.so+0x82b3e1]  InterpreterRuntime::_new(JavaThread*, ConstantPool*, int)+0x281
j  au.edu.federation.caliko.visualisation.FabrikConstraint3D.<init>()V+22
j  base.IkSolver.<init>()V+69
j  base.IkSolver.main([Ljava/lang/String;)V+4
v  ~StubRoutines::call_stub
V  [libjvm.so+0x83d60a]  JavaCalls::call_helper(JavaValue*, methodHandle const&, JavaCallArguments*, Thread*)+0x47a
V  [libjvm.so+0x89a67f]  jni_invoke_static(JNIEnv_*, JavaValue*, _jobject*, JNICallType, _jmethodID*, JNI_ArgumentPusher*, Thread*) [clone .isra.90]+0x21f
V  [libjvm.so+0x8ab5ce]  jni_CallStaticVoidMethod+0x14e
C  [libjli.so+0x4397]  JavaMain+0xa17
C  [libpthread.so.0+0x76ba]  start_thread+0xca

Java frames: (J=compiled Java code, j=interpreted, Vv=VM code)
j  org.lwjgl.opengl.GL20.glCreateProgram()I+0
j  au.edu.federation.caliko.visualisation.ShaderProgram.<init>()V+10
j  au.edu.federation.caliko.visualisation.Circle3D.<clinit>()V+200
v  ~StubRoutines::call_stub
j  au.edu.federation.caliko.visualisation.FabrikConstraint3D.<init>()V+22
j  base.IkSolver.<init>()V+69
j  base.IkSolver.main([Ljava/lang/String;)V+4
v  ~StubRoutines::call_stub

siginfo: si_signo: 11 (SIGSEGV), si_code: 1 (SEGV_MAPERR), si_addr: 0x0000000000000878

Register to memory mapping:

RAX=0x0000000000000000 is an unknown value
RBX={method} {0x00007f54db60f410} 'glCreateProgram' '()I' in 'org/lwjgl/opengl/GL20'
RCX=0x0000000000000002 is an unknown value
RDX=0x00007f5555b524d8: <offset 0x00000000013494d8> in /usr/lib/jvm/java-9-oracle/lib/server/libjvm.so at 0x00007f5554809000
RSP=0x00007f55569973e8 is pointing into the stack for thread: 0x00007f5550013000
RBP=0x00007f5556997438 is pointing into the stack for thread: 0x00007f5550013000
RSI=0x00007f5556997448 is pointing into the stack for thread: 0x00007f5550013000
RDI=0x00007f5550013218 is an unknown value
R8 ={method} {0x00007f54db60f410} 'glCreateProgram' '()I' in 'org/lwjgl/opengl/GL20'
R9 =0x0000000000000010 is an unknown value
R10=0x00007f5534cbbd09 is at code_begin+873 in an Interpreter codelet
method entry point (kind = native)  [0x00007f5534cbb9a0, 0x00007f5534cbc3e0]  2624 bytes
R11=0x000000008c8cd638 is an oop
java.lang.Class 
{0x000000008c8cd638} - klass: 'java/lang/Class'
R12=0x0000000000000000 is an unknown value
R13=0x00007f54db60f408 is pointing into metadata
R14=0x00007f5556997450 is pointing into the stack for thread: 0x00007f5550013000
R15=0x00007f5550013000 is a thread


Registers:
RAX=0x0000000000000000, RBX=0x00007f54db60f410, RCX=0x0000000000000002, RDX=0x00007f5555b524d8
RSP=0x00007f55569973e8, RBP=0x00007f5556997438, RSI=0x00007f5556997448, RDI=0x00007f5550013218
R8 =0x00007f54db60f410, R9 =0x0000000000000010, R10=0x00007f5534cbbd09, R11=0x000000008c8cd638
R12=0x0000000000000000, R13=0x00007f54db60f408, R14=0x00007f5556997450, R15=0x00007f5550013000
RIP=0x00007f54d96f3ef7, EFLAGS=0x0000000000010283, CSGSFS=0x002b000000000033, ERR=0x0000000000000004
  TRAPNO=0x000000000000000e

Top of Stack: (sp=0x00007f55569973e8)
0x00007f55569973e8:   00007f5534cbbd35 00007f55569973f0
0x00007f55569973f8:   00007f54db60f408 00007f5556997450
0x00007f5556997408:   00007f54db633028 0000000000000000
0x00007f5556997418:   000000008c8cd638 00007f54db60f410 

Instructions: (pc=0x00007f54d96f3ef7)
0x00007f54d96f3ed7:   40 18 48 8b 80 b0 09 00 00 ff e0 66 66 66 66 66
0x00007f54d96f3ee7:   2e 0f 1f 84 00 00 00 00 00 48 8b 07 48 8b 40 18
0x00007f54d96f3ef7:   ff a0 78 08 00 00 0f 1f 00 48 8b 07 41 89 d1 89
0x00007f54d96f3f07:   ce 4c 89 c2 44 89 cf 48 8b 40 18 48 8b 80 b8 15 


---------------  P R O C E S S  ---------------

Java Threads: ( => current thread )
  0x00007f555021e000 JavaThread "Service Thread" daemon [_thread_blocked, id=20633, stack(0x00007f54d9c6f000,0x00007f54d9d70000)]
  0x00007f5550196800 JavaThread "Common-Cleaner" daemon [_thread_blocked, id=20632, stack(0x00007f54d9d70000,0x00007f54d9e71000)]
  0x00007f5550179800 JavaThread "Sweeper thread" daemon [_thread_blocked, id=20631, stack(0x00007f54da299000,0x00007f54da39a000)]
  0x00007f5550177800 JavaThread "C1 CompilerThread3" daemon [_thread_blocked, id=20630, stack(0x00007f54da39a000,0x00007f54da49b000)]
  0x00007f5550175800 JavaThread "C2 CompilerThread2" daemon [_thread_blocked, id=20629, stack(0x00007f54da49b000,0x00007f54da59c000)]
  0x00007f5550173800 JavaThread "C2 CompilerThread1" daemon [_thread_blocked, id=20628, stack(0x00007f54da59c000,0x00007f54da69d000)]
  0x00007f5550171800 JavaThread "C2 CompilerThread0" daemon [_thread_blocked, id=20627, stack(0x00007f54da69d000,0x00007f54da79e000)]
  0x00007f555016f800 JavaThread "Signal Dispatcher" daemon [_thread_blocked, id=20626, stack(0x00007f54da79e000,0x00007f54da89f000)]
  0x00007f5550154000 JavaThread "Finalizer" daemon [_thread_blocked, id=20625, stack(0x00007f54dacf5000,0x00007f54dadf6000)]
  0x00007f555014b800 JavaThread "Reference Handler" daemon [_thread_blocked, id=20624, stack(0x00007f54dadf6000,0x00007f54daef7000)]
=>0x00007f5550013000 JavaThread "main" [_thread_in_native, id=20602, stack(0x00007f5556899000,0x00007f5556999000)]

Other Threads:
  0x00007f5550142000 VMThread "VM Thread" [stack: 0x00007f54daef8000,0x00007f54daff8000] [id=20623]
  0x00007f5550220800 WatcherThread [stack: 0x00007f54d9b6f000,0x00007f54d9c6f000] [id=20634]
  0x00007f555002a800 GCTaskThread "GC Thread#0" [stack: 0x00007f55349cd000,0x00007f5534acd000] [id=20603]
  0x00007f555002c000 GCTaskThread "GC Thread#1" [stack: 0x00007f55348cc000,0x00007f55349cc000] [id=20604]
  0x00007f555002d800 GCTaskThread "GC Thread#2" [stack: 0x00007f55347cb000,0x00007f55348cb000] [id=20605]
  0x00007f555002f800 GCTaskThread "GC Thread#3" [stack: 0x00007f55346ca000,0x00007f55347ca000] [id=20606]
  0x00007f5550031000 GCTaskThread "GC Thread#4" [stack: 0x00007f55345c9000,0x00007f55346c9000] [id=20607]
  0x00007f5550032800 GCTaskThread "GC Thread#5" [stack: 0x00007f55344c8000,0x00007f55345c8000] [id=20608]
  0x00007f5550034800 GCTaskThread "GC Thread#6" [stack: 0x00007f55343c7000,0x00007f55344c7000] [id=20609]
  0x00007f5550036000 GCTaskThread "GC Thread#7" [stack: 0x00007f55342c6000,0x00007f55343c6000] [id=20610]
  0x00007f555006c000 ConcurrentGCThread "G1 Main Marker" [stack: 0x00007f55141d1000,0x00007f55142d1000] [id=20620]
  0x00007f555006d800 ConcurrentGCThread "G1 Marker#0" [stack: 0x00007f55140d0000,0x00007f55141d0000] [id=20621]
  0x00007f555006f800 ConcurrentGCThread "G1 Marker#1" [stack: 0x00007f54ea040000,0x00007f54ea140000] [id=20622]
  0x00007f5550045000 ConcurrentGCThread "G1 Refine#0" [stack: 0x00007f55171f3000,0x00007f55172f3000] [id=20618]
  0x00007f5550043000 ConcurrentGCThread "G1 Refine#1" [stack: 0x00007f55172f4000,0x00007f55173f4000] [id=20617]
  0x00007f5550041000 ConcurrentGCThread "G1 Refine#2" [stack: 0x00007f55173f5000,0x00007f55174f5000] [id=20616]
  0x00007f555003f800 ConcurrentGCThread "G1 Refine#3" [stack: 0x00007f55174f6000,0x00007f55175f6000] [id=20615]
  0x00007f555003d800 ConcurrentGCThread "G1 Refine#4" [stack: 0x00007f55175f7000,0x00007f55176f7000] [id=20614]
  0x00007f555003c000 ConcurrentGCThread "G1 Refine#5" [stack: 0x00007f55176f8000,0x00007f55177f8000] [id=20613]
  0x00007f555003a000 ConcurrentGCThread "G1 Refine#6" [stack: 0x00007f55177f9000,0x00007f55178f9000] [id=20612]
  0x00007f5550038800 ConcurrentGCThread "G1 Refine#7" [stack: 0x00007f55178fa000,0x00007f55179fa000] [id=20611]
  0x00007f5550046800 ConcurrentGCThread "G1 Young RemSet Sampling" [stack: 0x00007f55170f2000,0x00007f55171f2000] [id=20619]

Threads with active compile tasks:

VM state:not at safepoint (normal execution)

VM Mutex/Monitor currently owned by a thread: None

Heap address: 0x0000000085000000, size: 1968 MB, Compressed Oops mode: 32-bit
Narrow klass base: 0x0000000000000000, Narrow klass shift: 3
Compressed class space size: 1073741824 Address: 0x0000000100000000

Heap:
 garbage-first heap   total 126976K, used 6144K [0x0000000085000000, 0x00000000851003e0, 0x0000000100000000)
  region size 1024K, 7 young (7168K), 0 survivors (0K)
 Metaspace       used 8370K, capacity 8616K, committed 8832K, reserved 1056768K
  class space    used 720K, capacity 799K, committed 896K, reserved 1048576K
Heap Regions: E=young(eden), S=young(survivor), O=old, HS=humongous(starts), HC=humongous(continues), CS=collection set, F=free, A=archive, TS=gc time stamp, AC=allocation context, TAMS=top-at-mark-start (previous, next)
|   0|0x0000000085000000, 0x0000000085000000, 0x0000000085100000|  0%| F|  |TS  0|AC  0|TAMS 0x0000000085000000, 0x0000000085000000|
|   1|0x0000000085100000, 0x0000000085100000, 0x0000000085200000|  0%| F|  |TS  0|AC  0|TAMS 0x0000000085100000, 0x0000000085100000|
|   2|0x0000000085200000, 0x0000000085200000, 0x0000000085300000|  0%| F|  |TS  0|AC  0|TAMS 0x0000000085200000, 0x0000000085200000|
|   3|0x0000000085300000, 0x0000000085300000, 0x0000000085400000|  0%| F|  |TS  0|AC  0|TAMS 0x0000000085300000, 0x0000000085300000|
|   4|0x0000000085400000, 0x0000000085400000, 0x0000000085500000|  0%| F|  |TS  0|AC  0|TAMS 0x0000000085400000, 0x0000000085400000|
|   5|0x0000000085500000, 0x0000000085500000, 0x0000000085600000|  0%| F|  |TS  0|AC  0|TAMS 0x0000000085500000, 0x0000000085500000|
|   6|0x0000000085600000, 0x0000000085600000, 0x0000000085700000|  0%| F|  |TS  0|AC  0|TAMS 0x0000000085600000, 0x0000000085600000|
|   7|0x0000000085700000, 0x0000000085700000, 0x0000000085800000|  0%| F|  |TS  0|AC  0|TAMS 0x0000000085700000, 0x0000000085700000|
|   8|0x0000000085800000, 0x0000000085800000, 0x0000000085900000|  0%| F|  |TS  0|AC  0|TAMS 0x0000000085800000, 0x0000000085800000|
|   9|0x0000000085900000, 0x0000000085900000, 0x0000000085a00000|  0%| F|  |TS  0|AC  0|TAMS 0x0000000085900000, 0x0000000085900000|
|  10|0x0000000085a00000, 0x0000000085a00000, 0x0000000085b00000|  0%| F|  |TS  0|AC  0|TAMS 0x0000000085a00000, 0x0000000085a00000|
|  11|0x0000000085b00000, 0x0000000085b00000, 0x0000000085c00000|  0%| F|  |TS  0|AC  0|TAMS 0x0000000085b00000, 0x0000000085b00000|
|  12|0x0000000085c00000, 0x0000000085c00000, 0x0000000085d00000|  0%| F|  |TS  0|AC  0|TAMS 0x0000000085c00000, 0x0000000085c00000|
|  13|0x0000000085d00000, 0x0000000085d00000, 0x0000000085e00000|  0%| F|  |TS  0|AC  0|TAMS 0x0000000085d00000, 0x0000000085d00000|
|  14|0x0000000085e00000, 0x0000000085e00000, 0x0000000085f00000|  0%| F|  |TS  0|AC  0|TAMS 0x0000000085e00000, 0x0000000085e00000|
|  15|0x0000000085f00000, 0x0000000085f00000, 0x0000000086000000|  0%| F|  |TS  0|AC  0|TAMS 0x0000000085f00000, 0x0000000085f00000|
|  16|0x0000000086000000, 0x0000000086000000, 0x0000000086100000|  0%| F|  |TS  0|AC  0|TAMS 0x0000000086000000, 0x0000000086000000|
|  17|0x0000000086100000, 0x0000000086100000, 0x0000000086200000|  0%| F|  |TS  0|AC  0|TAMS 0x0000000086100000, 0x0000000086100000|
|  18|0x0000000086200000, 0x0000000086200000, 0x0000000086300000|  0%| F|  |TS  0|AC  0|TAMS 0x0000000086200000, 0x0000000086200000|
|  19|0x0000000086300000, 0x0000000086300000, 0x0000000086400000|  0%| F|  |TS  0|AC  0|TAMS 0x0000000086300000, 0x0000000086300000|
|  20|0x0000000086400000, 0x0000000086400000, 0x0000000086500000|  0%| F|  |TS  0|AC  0|TAMS 0x0000000086400000, 0x0000000086400000|
|  21|0x0000000086500000, 0x0000000086500000, 0x0000000086600000|  0%| F|  |TS  0|AC  0|TAMS 0x0000000086500000, 0x0000000086500000|
|  22|0x0000000086600000, 0x0000000086600000, 0x0000000086700000|  0%| F|  |TS  0|AC  0|TAMS 0x0000000086600000, 0x0000000086600000|
|  23|0x0000000086700000, 0x0000000086700000, 0x0000000086800000|  0%| F|  |TS  0|AC  0|TAMS 0x0000000086700000, 0x0000000086700000|
|  24|0x0000000086800000, 0x0000000086800000, 0x0000000086900000|  0%| F|  |TS  0|AC  0|TAMS 0x0000000086800000, 0x0000000086800000|
|  25|0x0000000086900000, 0x0000000086900000, 0x0000000086a00000|  0%| F|  |TS  0|AC  0|TAMS 0x0000000086900000, 0x0000000086900000|
|  26|0x0000000086a00000, 0x0000000086a00000, 0x0000000086b00000|  0%| F|  |TS  0|AC  0|TAMS 0x0000000086a00000, 0x0000000086a00000|
|  27|0x0000000086b00000, 0x0000000086b00000, 0x0000000086c00000|  0%| F|  |TS  0|AC  0|TAMS 0x0000000086b00000, 0x0000000086b00000|
|  28|0x0000000086c00000, 0x0000000086c00000, 0x0000000086d00000|  0%| F|  |TS  0|AC  0|TAMS 0x0000000086c00000, 0x0000000086c00000|
|  29|0x0000000086d00000, 0x0000000086d00000, 0x0000000086e00000|  0%| F|  |TS  0|AC  0|TAMS 0x0000000086d00000, 0x0000000086d00000|
|  30|0x0000000086e00000, 0x0000000086e00000, 0x0000000086f00000|  0%| F|  |TS  0|AC  0|TAMS 0x0000000086e00000, 0x0000000086e00000|
|  31|0x0000000086f00000, 0x0000000086f00000, 0x0000000087000000|  0%| F|  |TS  0|AC  0|TAMS 0x0000000086f00000, 0x0000000086f00000|
|  32|0x0000000087000000, 0x0000000087000000, 0x0000000087100000|  0%| F|  |TS  0|AC  0|TAMS 0x0000000087000000, 0x0000000087000000|
|  33|0x0000000087100000, 0x0000000087100000, 0x0000000087200000|  0%| F|  |TS  0|AC  0|TAMS 0x0000000087100000, 0x0000000087100000|
|  34|0x0000000087200000, 0x0000000087200000, 0x0000000087300000|  0%| F|  |TS  0|AC  0|TAMS 0x0000000087200000, 0x0000000087200000|
|  35|0x0000000087300000, 0x0000000087300000, 0x0000000087400000|  0%| F|  |TS  0|AC  0|TAMS 0x0000000087300000, 0x0000000087300000|
|  36|0x0000000087400000, 0x0000000087400000, 0x0000000087500000|  0%| F|  |TS  0|AC  0|TAMS 0x0000000087400000, 0x0000000087400000|
|  37|0x0000000087500000, 0x0000000087500000, 0x0000000087600000|  0%| F|  |TS  0|AC  0|TAMS 0x0000000087500000, 0x0000000087500000|
|  38|0x0000000087600000, 0x0000000087600000, 0x0000000087700000|  0%| F|  |TS  0|AC  0|TAMS 0x0000000087600000, 0x0000000087600000|
|  39|0x0000000087700000, 0x0000000087700000, 0x0000000087800000|  0%| F|  |TS  0|AC  0|TAMS 0x0000000087700000, 0x0000000087700000|
|  40|0x0000000087800000, 0x0000000087800000, 0x0000000087900000|  0%| F|  |TS  0|AC  0|TAMS 0x0000000087800000, 0x0000000087800000|
|  41|0x0000000087900000, 0x0000000087900000, 0x0000000087a00000|  0%| F|  |TS  0|AC  0|TAMS 0x0000000087900000, 0x0000000087900000|
|  42|0x0000000087a00000, 0x0000000087a00000, 0x0000000087b00000|  0%| F|  |TS  0|AC  0|TAMS 0x0000000087a00000, 0x0000000087a00000|
|  43|0x0000000087b00000, 0x0000000087b00000, 0x0000000087c00000|  0%| F|  |TS  0|AC  0|TAMS 0x0000000087b00000, 0x0000000087b00000|
|  44|0x0000000087c00000, 0x0000000087c00000, 0x0000000087d00000|  0%| F|  |TS  0|AC  0|TAMS 0x0000000087c00000, 0x0000000087c00000|
|  45|0x0000000087d00000, 0x0000000087d00000, 0x0000000087e00000|  0%| F|  |TS  0|AC  0|TAMS 0x0000000087d00000, 0x0000000087d00000|
|  46|0x0000000087e00000, 0x0000000087e00000, 0x0000000087f00000|  0%| F|  |TS  0|AC  0|TAMS 0x0000000087e00000, 0x0000000087e00000|
|  47|0x0000000087f00000, 0x0000000087f00000, 0x0000000088000000|  0%| F|  |TS  0|AC  0|TAMS 0x0000000087f00000, 0x0000000087f00000|
|  48|0x0000000088000000, 0x0000000088000000, 0x0000000088100000|  0%| F|  |TS  0|AC  0|TAMS 0x0000000088000000, 0x0000000088000000|
|  49|0x0000000088100000, 0x0000000088100000, 0x0000000088200000|  0%| F|  |TS  0|AC  0|TAMS 0x0000000088100000, 0x0000000088100000|
|  50|0x0000000088200000, 0x0000000088200000, 0x0000000088300000|  0%| F|  |TS  0|AC  0|TAMS 0x0000000088200000, 0x0000000088200000|
|  51|0x0000000088300000, 0x0000000088300000, 0x0000000088400000|  0%| F|  |TS  0|AC  0|TAMS 0x0000000088300000, 0x0000000088300000|
|  52|0x0000000088400000, 0x0000000088400000, 0x0000000088500000|  0%| F|  |TS  0|AC  0|TAMS 0x0000000088400000, 0x0000000088400000|
|  53|0x0000000088500000, 0x0000000088500000, 0x0000000088600000|  0%| F|  |TS  0|AC  0|TAMS 0x0000000088500000, 0x0000000088500000|
|  54|0x0000000088600000, 0x0000000088600000, 0x0000000088700000|  0%| F|  |TS  0|AC  0|TAMS 0x0000000088600000, 0x0000000088600000|
|  55|0x0000000088700000, 0x0000000088700000, 0x0000000088800000|  0%| F|  |TS  0|AC  0|TAMS 0x0000000088700000, 0x0000000088700000|
|  56|0x0000000088800000, 0x0000000088800000, 0x0000000088900000|  0%| F|  |TS  0|AC  0|TAMS 0x0000000088800000, 0x0000000088800000|
|  57|0x0000000088900000, 0x0000000088900000, 0x0000000088a00000|  0%| F|  |TS  0|AC  0|TAMS 0x0000000088900000, 0x0000000088900000|
|  58|0x0000000088a00000, 0x0000000088a00000, 0x0000000088b00000|  0%| F|  |TS  0|AC  0|TAMS 0x0000000088a00000, 0x0000000088a00000|
|  59|0x0000000088b00000, 0x0000000088b00000, 0x0000000088c00000|  0%| F|  |TS  0|AC  0|TAMS 0x0000000088b00000, 0x0000000088b00000|
|  60|0x0000000088c00000, 0x0000000088c00000, 0x0000000088d00000|  0%| F|  |TS  0|AC  0|TAMS 0x0000000088c00000, 0x0000000088c00000|
|  61|0x0000000088d00000, 0x0000000088d00000, 0x0000000088e00000|  0%| F|  |TS  0|AC  0|TAMS 0x0000000088d00000, 0x0000000088d00000|
|  62|0x0000000088e00000, 0x0000000088e00000, 0x0000000088f00000|  0%| F|  |TS  0|AC  0|TAMS 0x0000000088e00000, 0x0000000088e00000|
|  63|0x0000000088f00000, 0x0000000088f00000, 0x0000000089000000|  0%| F|  |TS  0|AC  0|TAMS 0x0000000088f00000, 0x0000000088f00000|
|  64|0x0000000089000000, 0x0000000089000000, 0x0000000089100000|  0%| F|  |TS  0|AC  0|TAMS 0x0000000089000000, 0x0000000089000000|
|  65|0x0000000089100000, 0x0000000089100000, 0x0000000089200000|  0%| F|  |TS  0|AC  0|TAMS 0x0000000089100000, 0x0000000089100000|
|  66|0x0000000089200000, 0x0000000089200000, 0x0000000089300000|  0%| F|  |TS  0|AC  0|TAMS 0x0000000089200000, 0x0000000089200000|
|  67|0x0000000089300000, 0x0000000089300000, 0x0000000089400000|  0%| F|  |TS  0|AC  0|TAMS 0x0000000089300000, 0x0000000089300000|
|  68|0x0000000089400000, 0x0000000089400000, 0x0000000089500000|  0%| F|  |TS  0|AC  0|TAMS 0x0000000089400000, 0x0000000089400000|
|  69|0x0000000089500000, 0x0000000089500000, 0x0000000089600000|  0%| F|  |TS  0|AC  0|TAMS 0x0000000089500000, 0x0000000089500000|
|  70|0x0000000089600000, 0x0000000089600000, 0x0000000089700000|  0%| F|  |TS  0|AC  0|TAMS 0x0000000089600000, 0x0000000089600000|
|  71|0x0000000089700000, 0x0000000089700000, 0x0000000089800000|  0%| F|  |TS  0|AC  0|TAMS 0x0000000089700000, 0x0000000089700000|
|  72|0x0000000089800000, 0x0000000089800000, 0x0000000089900000|  0%| F|  |TS  0|AC  0|TAMS 0x0000000089800000, 0x0000000089800000|
|  73|0x0000000089900000, 0x0000000089900000, 0x0000000089a00000|  0%| F|  |TS  0|AC  0|TAMS 0x0000000089900000, 0x0000000089900000|
|  74|0x0000000089a00000, 0x0000000089a00000, 0x0000000089b00000|  0%| F|  |TS  0|AC  0|TAMS 0x0000000089a00000, 0x0000000089a00000|
|  75|0x0000000089b00000, 0x0000000089b00000, 0x0000000089c00000|  0%| F|  |TS  0|AC  0|TAMS 0x0000000089b00000, 0x0000000089b00000|
|  76|0x0000000089c00000, 0x0000000089c00000, 0x0000000089d00000|  0%| F|  |TS  0|AC  0|TAMS 0x0000000089c00000, 0x0000000089c00000|
|  77|0x0000000089d00000, 0x0000000089d00000, 0x0000000089e00000|  0%| F|  |TS  0|AC  0|TAMS 0x0000000089d00000, 0x0000000089d00000|
|  78|0x0000000089e00000, 0x0000000089e00000, 0x0000000089f00000|  0%| F|  |TS  0|AC  0|TAMS 0x0000000089e00000, 0x0000000089e00000|
|  79|0x0000000089f00000, 0x0000000089f00000, 0x000000008a000000|  0%| F|  |TS  0|AC  0|TAMS 0x0000000089f00000, 0x0000000089f00000|
|  80|0x000000008a000000, 0x000000008a000000, 0x000000008a100000|  0%| F|  |TS  0|AC  0|TAMS 0x000000008a000000, 0x000000008a000000|
|  81|0x000000008a100000, 0x000000008a100000, 0x000000008a200000|  0%| F|  |TS  0|AC  0|TAMS 0x000000008a100000, 0x000000008a100000|
|  82|0x000000008a200000, 0x000000008a200000, 0x000000008a300000|  0%| F|  |TS  0|AC  0|TAMS 0x000000008a200000, 0x000000008a200000|
|  83|0x000000008a300000, 0x000000008a300000, 0x000000008a400000|  0%| F|  |TS  0|AC  0|TAMS 0x000000008a300000, 0x000000008a300000|
|  84|0x000000008a400000, 0x000000008a400000, 0x000000008a500000|  0%| F|  |TS  0|AC  0|TAMS 0x000000008a400000, 0x000000008a400000|
|  85|0x000000008a500000, 0x000000008a500000, 0x000000008a600000|  0%| F|  |TS  0|AC  0|TAMS 0x000000008a500000, 0x000000008a500000|
|  86|0x000000008a600000, 0x000000008a600000, 0x000000008a700000|  0%| F|  |TS  0|AC  0|TAMS 0x000000008a600000, 0x000000008a600000|
|  87|0x000000008a700000, 0x000000008a700000, 0x000000008a800000|  0%| F|  |TS  0|AC  0|TAMS 0x000000008a700000, 0x000000008a700000|
|  88|0x000000008a800000, 0x000000008a800000, 0x000000008a900000|  0%| F|  |TS  0|AC  0|TAMS 0x000000008a800000, 0x000000008a800000|
|  89|0x000000008a900000, 0x000000008a900000, 0x000000008aa00000|  0%| F|  |TS  0|AC  0|TAMS 0x000000008a900000, 0x000000008a900000|
|  90|0x000000008aa00000, 0x000000008aa00000, 0x000000008ab00000|  0%| F|  |TS  0|AC  0|TAMS 0x000000008aa00000, 0x000000008aa00000|
|  91|0x000000008ab00000, 0x000000008ab00000, 0x000000008ac00000|  0%| F|  |TS  0|AC  0|TAMS 0x000000008ab00000, 0x000000008ab00000|
|  92|0x000000008ac00000, 0x000000008ac00000, 0x000000008ad00000|  0%| F|  |TS  0|AC  0|TAMS 0x000000008ac00000, 0x000000008ac00000|
|  93|0x000000008ad00000, 0x000000008ad00000, 0x000000008ae00000|  0%| F|  |TS  0|AC  0|TAMS 0x000000008ad00000, 0x000000008ad00000|
|  94|0x000000008ae00000, 0x000000008ae00000, 0x000000008af00000|  0%| F|  |TS  0|AC  0|TAMS 0x000000008ae00000, 0x000000008ae00000|
|  95|0x000000008af00000, 0x000000008af00000, 0x000000008b000000|  0%| F|  |TS  0|AC  0|TAMS 0x000000008af00000, 0x000000008af00000|
|  96|0x000000008b000000, 0x000000008b000000, 0x000000008b100000|  0%| F|  |TS  0|AC  0|TAMS 0x000000008b000000, 0x000000008b000000|
|  97|0x000000008b100000, 0x000000008b100000, 0x000000008b200000|  0%| F|  |TS  0|AC  0|TAMS 0x000000008b100000, 0x000000008b100000|
|  98|0x000000008b200000, 0x000000008b200000, 0x000000008b300000|  0%| F|  |TS  0|AC  0|TAMS 0x000000008b200000, 0x000000008b200000|
|  99|0x000000008b300000, 0x000000008b300000, 0x000000008b400000|  0%| F|  |TS  0|AC  0|TAMS 0x000000008b300000, 0x000000008b300000|
| 100|0x000000008b400000, 0x000000008b400000, 0x000000008b500000|  0%| F|  |TS  0|AC  0|TAMS 0x000000008b400000, 0x000000008b400000|
| 101|0x000000008b500000, 0x000000008b500000, 0x000000008b600000|  0%| F|  |TS  0|AC  0|TAMS 0x000000008b500000, 0x000000008b500000|
| 102|0x000000008b600000, 0x000000008b600000, 0x000000008b700000|  0%| F|  |TS  0|AC  0|TAMS 0x000000008b600000, 0x000000008b600000|
| 103|0x000000008b700000, 0x000000008b700000, 0x000000008b800000|  0%| F|  |TS  0|AC  0|TAMS 0x000000008b700000, 0x000000008b700000|
| 104|0x000000008b800000, 0x000000008b800000, 0x000000008b900000|  0%| F|  |TS  0|AC  0|TAMS 0x000000008b800000, 0x000000008b800000|
| 105|0x000000008b900000, 0x000000008b900000, 0x000000008ba00000|  0%| F|  |TS  0|AC  0|TAMS 0x000000008b900000, 0x000000008b900000|
| 106|0x000000008ba00000, 0x000000008ba00000, 0x000000008bb00000|  0%| F|  |TS  0|AC  0|TAMS 0x000000008ba00000, 0x000000008ba00000|
| 107|0x000000008bb00000, 0x000000008bb00000, 0x000000008bc00000|  0%| F|  |TS  0|AC  0|TAMS 0x000000008bb00000, 0x000000008bb00000|
| 108|0x000000008bc00000, 0x000000008bc00000, 0x000000008bd00000|  0%| F|  |TS  0|AC  0|TAMS 0x000000008bc00000, 0x000000008bc00000|
| 109|0x000000008bd00000, 0x000000008bd00000, 0x000000008be00000|  0%| F|  |TS  0|AC  0|TAMS 0x000000008bd00000, 0x000000008bd00000|
| 110|0x000000008be00000, 0x000000008be00000, 0x000000008bf00000|  0%| F|  |TS  0|AC  0|TAMS 0x000000008be00000, 0x000000008be00000|
| 111|0x000000008bf00000, 0x000000008bf00000, 0x000000008c000000|  0%| F|  |TS  0|AC  0|TAMS 0x000000008bf00000, 0x000000008bf00000|
| 112|0x000000008c000000, 0x000000008c000000, 0x000000008c100000|  0%| F|  |TS  0|AC  0|TAMS 0x000000008c000000, 0x000000008c000000|
| 113|0x000000008c100000, 0x000000008c100000, 0x000000008c200000|  0%| F|  |TS  0|AC  0|TAMS 0x000000008c100000, 0x000000008c100000|
| 114|0x000000008c200000, 0x000000008c200000, 0x000000008c300000|  0%| F|  |TS  0|AC  0|TAMS 0x000000008c200000, 0x000000008c200000|
| 115|0x000000008c300000, 0x000000008c300000, 0x000000008c400000|  0%| F|  |TS  0|AC  0|TAMS 0x000000008c300000, 0x000000008c300000|
| 116|0x000000008c400000, 0x000000008c400000, 0x000000008c500000|  0%| F|  |TS  0|AC  0|TAMS 0x000000008c400000, 0x000000008c400000|
| 117|0x000000008c500000, 0x000000008c581e20, 0x000000008c600000| 50%| E|  |TS  0|AC  0|TAMS 0x000000008c500000, 0x000000008c500000|
| 118|0x000000008c600000, 0x000000008c700000, 0x000000008c700000|100%| E|CS|TS  0|AC  0|TAMS 0x000000008c600000, 0x000000008c600000|
| 119|0x000000008c700000, 0x000000008c800000, 0x000000008c800000|100%| E|CS|TS  0|AC  0|TAMS 0x000000008c700000, 0x000000008c700000|
| 120|0x000000008c800000, 0x000000008c900000, 0x000000008c900000|100%| E|CS|TS  0|AC  0|TAMS 0x000000008c800000, 0x000000008c800000|
| 121|0x000000008c900000, 0x000000008ca00000, 0x000000008ca00000|100%| E|CS|TS  0|AC  0|TAMS 0x000000008c900000, 0x000000008c900000|
| 122|0x000000008ca00000, 0x000000008cb00000, 0x000000008cb00000|100%| E|CS|TS  0|AC  0|TAMS 0x000000008ca00000, 0x000000008ca00000|
| 123|0x000000008cb00000, 0x000000008cc00000, 0x000000008cc00000|100%| E|CS|TS  0|AC  0|TAMS 0x000000008cb00000, 0x000000008cb00000|

Card table byte_map: [0x00007f5516569000,0x00007f5516941000] byte_map_base: 0x00007f5516141000

Marking Bits (Prev, Next): (CMBitMap*) 0x00007f555006b020, (CMBitMap*) 0x00007f555006b058
 Prev Bits: [0x00007f55142d1000, 0x00007f5516191000)
 Next Bits: [0x00007f54ea140000, 0x00007f54ec000000)

Polling page: 0x00007f55569c6000

CodeHeap 'non-profiled nmethods': size=120032Kb used=142Kb max_used=142Kb free=119889Kb
 bounds [0x00007f553c76b000, 0x00007f553c9db000, 0x00007f5543ca3000]
CodeHeap 'profiled nmethods': size=120028Kb used=825Kb max_used=825Kb free=119202Kb
 bounds [0x00007f5535234000, 0x00007f55354a4000, 0x00007f553c76b000]
CodeHeap 'non-nmethods': size=5700Kb used=1208Kb max_used=1223Kb free=4491Kb
 bounds [0x00007f5534ca3000, 0x00007f5534f13000, 0x00007f5535234000]
 total_blobs=1012 nmethods=516 adapters=294
 compilation: enabled

Compilation events (10 events):
Event: 0,364 Thread 0x00007f5550177800 nmethod 511 0x00007f55352ff690 code [0x00007f55352ff900, 0x00007f5535300448]
Event: 0,364 Thread 0x00007f5550177800  512       3       java.lang.StringLatin1::indexOf (25 bytes)
Event: 0,364 Thread 0x00007f5550177800 nmethod 512 0x00007f5535300790 code [0x00007f5535300940, 0x00007f5535300b68]
Event: 0,364 Thread 0x00007f5550177800  514   !   3       jdk.internal.loader.URLClassPath$JarLoader::getResource (65 bytes)
Event: 0,364 Thread 0x00007f5550177800 nmethod 514 0x00007f5535300c90 code [0x00007f5535300f00, 0x00007f5535301928]
Event: 0,364 Thread 0x00007f5550177800  515       3       java.lang.String::toLowerCase (8 bytes)
Event: 0,365 Thread 0x00007f5550177800 nmethod 515 0x00007f5535301c90 code [0x00007f5535301e80, 0x00007f55353022b8]
Event: 0,365 Thread 0x00007f5550177800  516       3       java.util.Locale::getDefault (4 bytes)
Event: 0,365 Thread 0x00007f5550177800 nmethod 516 0x00007f5535302410 code [0x00007f55353025c0, 0x00007f5535302710]
Event: 0,367 Thread 0x00007f5550175800 nmethod 513% 0x00007f553c78e510 code [0x00007f553c78e6a0, 0x00007f553c78e878]

GC Heap History (0 events):
No events

Deoptimization events (1 events):
Event: 0,200 Thread 0x00007f5550013000 Uncommon trap: reason=unstable_if action=reinterpret pc=0x00007f553c76e214 method=java.lang.String.charAt(I)C @ 4 c2

Classes redefined (0 events):
No events

Internal exceptions (9 events):
Event: 0,222 Thread 0x00007f5550013000 Exception <a 'java/lang/NoSuchMethodError'{0x000000008c8fd748}: java.lang.invoke.DirectMethodHandle$Holder.invokeStatic(Ljava/lang/Object;Ljava/lang/Object;)I> (0x000000008c8fd748) thrown at [/scratch/opt/mach5/mesos/work_dir/slaves/5af44a71-976a-41b7-81d
Event: 0,226 Thread 0x00007f5550013000 Exception <a 'java/lang/NoSuchMethodError'{0x000000008c70bd70}: method resolution failed> (0x000000008c70bd70) thrown at [/scratch/opt/mach5/mesos/work_dir/slaves/5af44a71-976a-41b7-81de-5773b84ec572-S39643/frameworks/1735e8a2-a1db-478c-8104-60c8b0af87dd-
Event: 0,227 Thread 0x00007f5550013000 Exception <a 'java/lang/NoSuchMethodError'{0x000000008c70fa28}: method resolution failed> (0x000000008c70fa28) thrown at [/scratch/opt/mach5/mesos/work_dir/slaves/5af44a71-976a-41b7-81de-5773b84ec572-S39643/frameworks/1735e8a2-a1db-478c-8104-60c8b0af87dd-
Event: 0,227 Thread 0x00007f5550013000 Exception <a 'java/lang/NoSuchMethodError'{0x000000008c712f28}: java.lang.invoke.DelegatingMethodHandle$Holder.delegate(Ljava/lang/Object;Ljava/lang/Object;ILjava/lang/Object;)V> (0x000000008c712f28) thrown at [/scratch/opt/mach5/mesos/work_dir/slaves/5af
Event: 0,228 Thread 0x00007f5550013000 Exception <a 'java/lang/NoSuchMethodError'{0x000000008c716c30}: java.lang.invoke.DirectMethodHandle$Holder.invokeSpecial(Ljava/lang/Object;Ljava/lang/Object;Ljava/lang/Object;)I> (0x000000008c716c30) thrown at [/scratch/opt/mach5/mesos/work_dir/slaves/5af
Event: 0,230 Thread 0x00007f5550013000 Exception <a 'java/lang/NoSuchMethodError'{0x000000008c71e1f8}: java.lang.invoke.DirectMethodHandle$Holder.invokeStaticInit(Ljava/lang/Object;Ljava/lang/Object;Ljava/lang/Object;)Ljava/lang/Object;> (0x000000008c71e1f8) thrown at [/scratch/opt/mach5/mesos
Event: 0,243 Thread 0x00007f5550013000 Exception <a 'java/lang/NoSuchMethodError'{0x000000008c7684b0}: java.lang.Object.lambda$static$0(Ljava/lang/String;)Ljava/lang/Boolean;> (0x000000008c7684b0) thrown at [/scratch/opt/mach5/mesos/work_dir/slaves/5af44a71-976a-41b7-81de-5773b84ec572-S39643/f
Event: 0,246 Thread 0x00007f5550013000 Exception <a 'java/lang/NoSuchMethodError'{0x000000008c7723a0}: java.lang.Object.lambda$union$2(Ljava/util/regex/Pattern$CharPredicate;I)Z> (0x000000008c7723a0) thrown at [/scratch/opt/mach5/mesos/work_dir/slaves/5af44a71-976a-41b7-81de-5773b84ec572-S3964
Event: 0,334 Thread 0x00007f5550013000 Exception <a 'sun/nio/fs/UnixException'{0x000000008c6c4168}> (0x000000008c6c4168) thrown at [/scratch/opt/mach5/mesos/work_dir/slaves/5af44a71-976a-41b7-81de-5773b84ec572-S39643/frameworks/1735e8a2-a1db-478c-8104-60c8b0af87dd-0196/executors/a3f74ad9-294f-

Events (10 events):
Event: 0,350 loading class org/lwjgl/system/MathUtil
Event: 0,350 loading class org/lwjgl/system/MathUtil done
Event: 0,350 loading class org/lwjgl/system/linux/DynamicLinkLoader
Event: 0,350 loading class org/lwjgl/system/linux/DynamicLinkLoader done
Event: 0,362 loading class org/lwjgl/opengl/GL$2
Event: 0,362 loading class org/lwjgl/opengl/GL$2 done
Event: 0,363 loading class org/lwjgl/opengl/GL$SharedLibraryGL
Event: 0,363 loading class org/lwjgl/opengl/GL$SharedLibraryGL done
Event: 0,363 loading class org/lwjgl/system/SharedLibrary$Delegate
Event: 0,363 loading class org/lwjgl/system/SharedLibrary$Delegate done


Dynamic libraries:
00400000-00401000 r-xp 00000000 08:01 3807052                            /usr/lib/jvm/java-9-oracle/bin/java
00600000-00601000 rw-p 00000000 08:01 3807052                            /usr/lib/jvm/java-9-oracle/bin/java
023e0000-02401000 rw-p 00000000 00:00 0                                  [heap]
85000000-8cc00000 rw-p 00000000 00:00 0 
8cc00000-100000000 ---p 00000000 00:00 0 
100000000-1000e0000 rw-p 00000000 00:00 0 
1000e0000-140000000 ---p 00000000 00:00 0 
7f54a4000000-7f54a4021000 rw-p 00000000 00:00 0 
7f54a4021000-7f54a8000000 ---p 00000000 00:00 0 
7f54aa200000-7f54ab61e000 r-xp 00000000 08:01 3411185                    /usr/lib/nvidia-390/libnvidia-glcore.so.390.48
7f54ab61e000-7f54ab63f000 rwxp 0141e000 08:01 3411185                    /usr/lib/nvidia-390/libnvidia-glcore.so.390.48
7f54ab63f000-7f54aba74000 r-xp 0143f000 08:01 3411185                    /usr/lib/nvidia-390/libnvidia-glcore.so.390.48
7f54aba74000-7f54abc74000 ---p 01874000 08:01 3411185                    /usr/lib/nvidia-390/libnvidia-glcore.so.390.48
7f54abc74000-7f54abfe7000 rw-p 01874000 08:01 3411185                    /usr/lib/nvidia-390/libnvidia-glcore.so.390.48
7f54abfe7000-7f54ac000000 rw-p 00000000 00:00 0 
7f54ac000000-7f54ac021000 rw-p 00000000 00:00 0 
7f54ac021000-7f54b0000000 ---p 00000000 00:00 0 
7f54b0000000-7f54b0021000 rw-p 00000000 00:00 0 
7f54b0021000-7f54b4000000 ---p 00000000 00:00 0 
7f54b4000000-7f54b41ef000 rw-p 00000000 00:00 0 
7f54b41ef000-7f54b8000000 ---p 00000000 00:00 0 
7f54b8000000-7f54b8021000 rw-p 00000000 00:00 0 
7f54b8021000-7f54bc000000 ---p 00000000 00:00 0 
7f54bc000000-7f54bc090000 rw-p 00000000 00:00 0 
7f54bc090000-7f54c0000000 ---p 00000000 00:00 0 
7f54c0000000-7f54c0132000 rw-p 00000000 00:00 0 
7f54c0132000-7f54c4000000 ---p 00000000 00:00 0 
7f54c4000000-7f54c4021000 rw-p 00000000 00:00 0 
7f54c4021000-7f54c8000000 ---p 00000000 00:00 0 
7f54c8000000-7f54c80ce000 rw-p 00000000 00:00 0 
7f54c80ce000-7f54cc000000 ---p 00000000 00:00 0 
7f54cc000000-7f54cc021000 rw-p 00000000 00:00 0 
7f54cc021000-7f54d0000000 ---p 00000000 00:00 0 
7f54d0000000-7f54d0021000 rw-p 00000000 00:00 0 
7f54d0021000-7f54d4000000 ---p 00000000 00:00 0 
7f54d4000000-7f54d4021000 rw-p 00000000 00:00 0 
7f54d4021000-7f54d8000000 ---p 00000000 00:00 0 
7f54d83f6000-7f54d85f5000 rw-p 00000000 00:00 0 
7f54d85f5000-7f54d85fa000 r-xp 00000000 08:01 3415809                    /usr/lib/x86_64-linux-gnu/libXdmcp.so.6.0.0
7f54d85fa000-7f54d87f9000 ---p 00005000 08:01 3415809                    /usr/lib/x86_64-linux-gnu/libXdmcp.so.6.0.0
7f54d87f9000-7f54d87fa000 r--p 00004000 08:01 3415809                    /usr/lib/x86_64-linux-gnu/libXdmcp.so.6.0.0
7f54d87fa000-7f54d87fb000 rw-p 00005000 08:01 3415809                    /usr/lib/x86_64-linux-gnu/libXdmcp.so.6.0.0
7f54d87fb000-7f54d87fd000 r-xp 00000000 08:01 3415798                    /usr/lib/x86_64-linux-gnu/libXau.so.6.0.0
7f54d87fd000-7f54d89fd000 ---p 00002000 08:01 3415798                    /usr/lib/x86_64-linux-gnu/libXau.so.6.0.0
7f54d89fd000-7f54d89fe000 r--p 00002000 08:01 3415798                    /usr/lib/x86_64-linux-gnu/libXau.so.6.0.0
7f54d89fe000-7f54d89ff000 rw-p 00003000 08:01 3415798                    /usr/lib/x86_64-linux-gnu/libXau.so.6.0.0
7f54d89ff000-7f54d8a20000 r-xp 00000000 08:01 3417216                    /usr/lib/x86_64-linux-gnu/libxcb.so.1.1.0
7f54d8a20000-7f54d8c1f000 ---p 00021000 08:01 3417216                    /usr/lib/x86_64-linux-gnu/libxcb.so.1.1.0
7f54d8c1f000-7f54d8c20000 r--p 00020000 08:01 3417216                    /usr/lib/x86_64-linux-gnu/libxcb.so.1.1.0
7f54d8c20000-7f54d8c21000 rw-p 00021000 08:01 3417216                    /usr/lib/x86_64-linux-gnu/libxcb.so.1.1.0
7f54d8c21000-7f54d8c32000 r-xp 00000000 08:01 3415811                    /usr/lib/x86_64-linux-gnu/libXext.so.6.4.0
7f54d8c32000-7f54d8e31000 ---p 00011000 08:01 3415811                    /usr/lib/x86_64-linux-gnu/libXext.so.6.4.0
7f54d8e31000-7f54d8e32000 r--p 00010000 08:01 3415811                    /usr/lib/x86_64-linux-gnu/libXext.so.6.4.0
7f54d8e32000-7f54d8e33000 rw-p 00011000 08:01 3415811                    /usr/lib/x86_64-linux-gnu/libXext.so.6.4.0
7f54d8e33000-7f54d8f68000 r-xp 00000000 08:01 3415794                    /usr/lib/x86_64-linux-gnu/libX11.so.6.3.0
7f54d8f68000-7f54d9168000 ---p 00135000 08:01 3415794                    /usr/lib/x86_64-linux-gnu/libX11.so.6.3.0
7f54d9168000-7f54d9169000 r--p 00135000 08:01 3415794                    /usr/lib/x86_64-linux-gnu/libX11.so.6.3.0
7f54d9169000-7f54d916d000 rw-p 00136000 08:01 3415794                    /usr/lib/x86_64-linux-gnu/libX11.so.6.3.0
7f54d916d000-7f54d9170000 r-xp 00000000 08:01 3411189                    /usr/lib/nvidia-390/tls/libnvidia-tls.so.390.48
7f54d9170000-7f54d9370000 ---p 00003000 08:01 3411189                    /usr/lib/nvidia-390/tls/libnvidia-tls.so.390.48
7f54d9370000-7f54d9371000 rw-p 00003000 08:01 3411189                    /usr/lib/nvidia-390/tls/libnvidia-tls.so.390.48
7f54d9371000-7f54d943a000 r-xp 00000000 08:01 3411194                    /usr/lib/nvidia-390/libGL.so.390.48
7f54d943a000-7f54d946e000 rwxp 000c9000 08:01 3411194                    /usr/lib/nvidia-390/libGL.so.390.48
7f54d946e000-7f54d9482000 r-xp 000fd000 08:01 3411194                    /usr/lib/nvidia-390/libGL.so.390.48
7f54d9482000-7f54d9682000 ---p 00111000 08:01 3411194                    /usr/lib/nvidia-390/libGL.so.390.48
7f54d9682000-7f54d96a7000 rw-p 00111000 08:01 3411194                    /usr/lib/nvidia-390/libGL.so.390.48
7f54d96a7000-7f54d96ae000 rw-p 00000000 00:00 0 
7f54d96ae000-7f54d9719000 r-xp 00000000 08:01 23724400                   /tmp/lwjgloliver/3.1.5-build-1/liblwjgl_opengl.so
7f54d9719000-7f54d9918000 ---p 0006b000 08:01 23724400                   /tmp/lwjgloliver/3.1.5-build-1/liblwjgl_opengl.so
7f54d9918000-7f54d9919000 r--p 0006a000 08:01 23724400                   /tmp/lwjgloliver/3.1.5-build-1/liblwjgl_opengl.so
7f54d9919000-7f54d991a000 rw-p 0006b000 08:01 23724400                   /tmp/lwjgloliver/3.1.5-build-1/liblwjgl_opengl.so
7f54d991a000-7f54d996d000 r-xp 00000000 08:01 23724080                   /tmp/lwjgloliver/3.1.5-build-1/liblwjgl.so
7f54d996d000-7f54d9b6c000 ---p 00053000 08:01 23724080                   /tmp/lwjgloliver/3.1.5-build-1/liblwjgl.so
7f54d9b6c000-7f54d9b6d000 r--p 00052000 08:01 23724080                   /tmp/lwjgloliver/3.1.5-build-1/liblwjgl.so
7f54d9b6d000-7f54d9b6e000 rw-p 00053000 08:01 23724080                   /tmp/lwjgloliver/3.1.5-build-1/liblwjgl.so
7f54d9b6e000-7f54d9b6f000 ---p 00000000 00:00 0 
7f54d9b6f000-7f54d9c6f000 rw-p 00000000 00:00 0 
7f54d9c6f000-7f54d9c73000 ---p 00000000 00:00 0 
7f54d9c73000-7f54d9d70000 rw-p 00000000 00:00 0 
7f54d9d70000-7f54d9d74000 ---p 00000000 00:00 0 
7f54d9d74000-7f54d9e71000 rw-p 00000000 00:00 0 
7f54d9e71000-7f54d9e87000 r-xp 00000000 08:01 5641750                    /usr/lib/jvm/java-9-oracle/lib/libnet.so
7f54d9e87000-7f54da087000 ---p 00016000 08:01 5641750                    /usr/lib/jvm/java-9-oracle/lib/libnet.so
7f54da087000-7f54da088000 rw-p 00016000 08:01 5641750                    /usr/lib/jvm/java-9-oracle/lib/libnet.so
7f54da088000-7f54da098000 r-xp 00000000 08:01 5641814                    /usr/lib/jvm/java-9-oracle/lib/libnio.so
7f54da098000-7f54da298000 ---p 00010000 08:01 5641814                    /usr/lib/jvm/java-9-oracle/lib/libnio.so
7f54da298000-7f54da299000 rw-p 00010000 08:01 5641814                    /usr/lib/jvm/java-9-oracle/lib/libnio.so
7f54da299000-7f54da29d000 ---p 00000000 00:00 0 
7f54da29d000-7f54da39a000 rw-p 00000000 00:00 0 
7f54da39a000-7f54da39e000 ---p 00000000 00:00 0 
7f54da39e000-7f54da49b000 rw-p 00000000 00:00 0 
7f54da49b000-7f54da49f000 ---p 00000000 00:00 0 
7f54da49f000-7f54da59c000 rw-p 00000000 00:00 0 
7f54da59c000-7f54da5a0000 ---p 00000000 00:00 0 
7f54da5a0000-7f54da69d000 rw-p 00000000 00:00 0 
7f54da69d000-7f54da6a1000 ---p 00000000 00:00 0 
7f54da6a1000-7f54da79e000 rw-p 00000000 00:00 0 
7f54da79e000-7f54da7a2000 ---p 00000000 00:00 0 
7f54da7a2000-7f54da89f000 rw-p 00000000 00:00 0 
7f54da89f000-7f54dacf5000 r--p 00000000 08:01 3409364                    /usr/lib/locale/locale-archive
7f54dacf5000-7f54dacf9000 ---p 00000000 00:00 0 
7f54dacf9000-7f54dadf6000 rw-p 00000000 00:00 0 
7f54dadf6000-7f54dadfa000 ---p 00000000 00:00 0 
7f54dadfa000-7f54daef7000 rw-p 00000000 00:00 0 
7f54daef7000-7f54daef8000 ---p 00000000 00:00 0 
7f54daef8000-7f54db7b8000 rw-p 00000000 00:00 0 
7f54db7b8000-7f54db7f8000 ---p 00000000 00:00 0 
7f54db7f8000-7f54dc000000 rw-p 00000000 00:00 0 
7f54dc000000-7f54dc021000 rw-p 00000000 00:00 0 
7f54dc021000-7f54e0000000 ---p 00000000 00:00 0 
7f54e0000000-7f54e0021000 rw-p 00000000 00:00 0 
7f54e0021000-7f54e4000000 ---p 00000000 00:00 0 
7f54e4000000-7f54e4021000 rw-p 00000000 00:00 0 
7f54e4021000-7f54e8000000 ---p 00000000 00:00 0 
7f54e803f000-7f54ea03f000 rwxp 00000000 00:00 0 
7f54ea03f000-7f54ea040000 ---p 00000000 00:00 0 
7f54ea040000-7f54ea330000 rw-p 00000000 00:00 0 
7f54ea330000-7f54ec000000 ---p 00000000 00:00 0 
7f54ec000000-7f54ec021000 rw-p 00000000 00:00 0 
7f54ec021000-7f54f0000000 ---p 00000000 00:00 0 
7f54f0000000-7f54f0021000 rw-p 00000000 00:00 0 
7f54f0021000-7f54f4000000 ---p 00000000 00:00 0 
7f54f4000000-7f54f4021000 rw-p 00000000 00:00 0 
7f54f4021000-7f54f8000000 ---p 00000000 00:00 0 
7f54f8000000-7f54f8021000 rw-p 00000000 00:00 0 
7f54f8021000-7f54fc000000 ---p 00000000 00:00 0 
7f54fc000000-7f54fc021000 rw-p 00000000 00:00 0 
7f54fc021000-7f5500000000 ---p 00000000 00:00 0 
7f5500000000-7f5500021000 rw-p 00000000 00:00 0 
7f5500021000-7f5504000000 ---p 00000000 00:00 0 
7f5504000000-7f5504021000 rw-p 00000000 00:00 0 
7f5504021000-7f5508000000 ---p 00000000 00:00 0 
7f5508000000-7f5508021000 rw-p 00000000 00:00 0 
7f5508021000-7f550c000000 ---p 00000000 00:00 0 
7f550c000000-7f550c021000 rw-p 00000000 00:00 0 
7f550c021000-7f5510000000 ---p 00000000 00:00 0 
7f5510000000-7f5510021000 rw-p 00000000 00:00 0 
7f5510021000-7f5514000000 ---p 00000000 00:00 0 
7f55140cf000-7f55140d0000 ---p 00000000 00:00 0 
7f55140d0000-7f55141d0000 rw-p 00000000 00:00 0 
7f55141d0000-7f55141d1000 ---p 00000000 00:00 0 
7f55141d1000-7f55144c1000 rw-p 00000000 00:00 0 
7f55144c1000-7f5516191000 ---p 00000000 00:00 0 
7f5516191000-7f55161cf000 rw-p 00000000 00:00 0 
7f55161cf000-7f5516569000 ---p 00000000 00:00 0 
7f5516569000-7f55165a7000 rw-p 00000000 00:00 0 
7f55165a7000-7f5516d19000 ---p 00000000 00:00 0 
7f5516d19000-7f5516d57000 rw-p 00000000 00:00 0 
7f5516d57000-7f55170f1000 ---p 00000000 00:00 0 
7f55170f1000-7f55170f2000 ---p 00000000 00:00 0 
7f55170f2000-7f55171f2000 rw-p 00000000 00:00 0 
7f55171f2000-7f55171f3000 ---p 00000000 00:00 0 
7f55171f3000-7f55172f3000 rw-p 00000000 00:00 0 
7f55172f3000-7f55172f4000 ---p 00000000 00:00 0 
7f55172f4000-7f55173f4000 rw-p 00000000 00:00 0 
7f55173f4000-7f55173f5000 ---p 00000000 00:00 0 
7f55173f5000-7f55174f5000 rw-p 00000000 00:00 0 
7f55174f5000-7f55174f6000 ---p 00000000 00:00 0 
7f55174f6000-7f55175f6000 rw-p 00000000 00:00 0 
7f55175f6000-7f55175f7000 ---p 00000000 00:00 0 
7f55175f7000-7f55176f7000 rw-p 00000000 00:00 0 
7f55176f7000-7f55176f8000 ---p 00000000 00:00 0 
7f55176f8000-7f55177f8000 rw-p 00000000 00:00 0 
7f55177f8000-7f55177f9000 ---p 00000000 00:00 0 
7f55177f9000-7f55178f9000 rw-p 00000000 00:00 0 
7f55178f9000-7f55178fa000 ---p 00000000 00:00 0 
7f55178fa000-7f5518000000 rw-p 00000000 00:00 0 
7f5518000000-7f5518021000 rw-p 00000000 00:00 0 
7f5518021000-7f551c000000 ---p 00000000 00:00 0 
7f551c000000-7f551c021000 rw-p 00000000 00:00 0 
7f551c021000-7f5520000000 ---p 00000000 00:00 0 
7f5520000000-7f5520021000 rw-p 00000000 00:00 0 
7f5520021000-7f5524000000 ---p 00000000 00:00 0 
7f5524000000-7f5524021000 rw-p 00000000 00:00 0 
7f5524021000-7f5528000000 ---p 00000000 00:00 0 
7f5528000000-7f5528021000 rw-p 00000000 00:00 0 
7f5528021000-7f552c000000 ---p 00000000 00:00 0 
7f552c000000-7f552c021000 rw-p 00000000 00:00 0 
7f552c021000-7f5530000000 ---p 00000000 00:00 0 
7f5530000000-7f5530021000 rw-p 00000000 00:00 0 
7f5530021000-7f5534000000 ---p 00000000 00:00 0 
7f553404d000-7f55342c5000 rw-p 00000000 00:00 0 
7f55342c5000-7f55342c6000 ---p 00000000 00:00 0 
7f55342c6000-7f55343c6000 rw-p 00000000 00:00 0 
7f55343c6000-7f55343c7000 ---p 00000000 00:00 0 
7f55343c7000-7f55344c7000 rw-p 00000000 00:00 0 
7f55344c7000-7f55344c8000 ---p 00000000 00:00 0 
7f55344c8000-7f55345c8000 rw-p 00000000 00:00 0 
7f55345c8000-7f55345c9000 ---p 00000000 00:00 0 
7f55345c9000-7f55346c9000 rw-p 00000000 00:00 0 
7f55346c9000-7f55346ca000 ---p 00000000 00:00 0 
7f55346ca000-7f55347ca000 rw-p 00000000 00:00 0 
7f55347ca000-7f55347cb000 ---p 00000000 00:00 0 
7f55347cb000-7f55348cb000 rw-p 00000000 00:00 0 
7f55348cb000-7f55348cc000 ---p 00000000 00:00 0 
7f55348cc000-7f55349cc000 rw-p 00000000 00:00 0 
7f55349cc000-7f55349cd000 ---p 00000000 00:00 0 
7f55349cd000-7f5534ad2000 rw-p 00000000 00:00 0 
7f5534ad2000-7f5534bb8000 ---p 00000000 00:00 0 
7f5534bb8000-7f5534bbd000 rw-p 00000000 00:00 0 
7f5534bbd000-7f5534ca3000 ---p 00000000 00:00 0 
7f5534ca3000-7f5534f13000 rwxp 00000000 00:00 0 
7f5534f13000-7f5535234000 ---p 00000000 00:00 0 
7f5535234000-7f55354a4000 rwxp 00000000 00:00 0 
7f55354a4000-7f553c76b000 ---p 00000000 00:00 0 
7f553c76b000-7f553c9db000 rwxp 00000000 00:00 0 
7f553c9db000-7f5543ca3000 ---p 00000000 00:00 0 
7f5543ca3000-7f554f160000 r--s 00000000 08:01 5641785                    /usr/lib/jvm/java-9-oracle/lib/modules
7f554f160000-7f554f17a000 r-xp 00000000 08:01 5641707                    /usr/lib/jvm/java-9-oracle/lib/libjimage.so
7f554f17a000-7f554f379000 ---p 0001a000 08:01 5641707                    /usr/lib/jvm/java-9-oracle/lib/libjimage.so
7f554f379000-7f554f37b000 rw-p 00019000 08:01 5641707                    /usr/lib/jvm/java-9-oracle/lib/libjimage.so
7f554f37b000-7f554f38d000 rw-p 00000000 00:00 0 
7f554f38d000-7f554f394000 r-xp 00000000 08:01 5641822                    /usr/lib/jvm/java-9-oracle/lib/libzip.so
7f554f394000-7f554f593000 ---p 00007000 08:01 5641822                    /usr/lib/jvm/java-9-oracle/lib/libzip.so
7f554f593000-7f554f594000 rw-p 00006000 08:01 5641822                    /usr/lib/jvm/java-9-oracle/lib/libzip.so
7f554f594000-7f554f59f000 r-xp 00000000 08:01 24642406                   /lib/x86_64-linux-gnu/libnss_files-2.23.so
7f554f59f000-7f554f79e000 ---p 0000b000 08:01 24642406                   /lib/x86_64-linux-gnu/libnss_files-2.23.so
7f554f79e000-7f554f79f000 r--p 0000a000 08:01 24642406                   /lib/x86_64-linux-gnu/libnss_files-2.23.so
7f554f79f000-7f554f7a0000 rw-p 0000b000 08:01 24642406                   /lib/x86_64-linux-gnu/libnss_files-2.23.so
7f554f7a0000-7f554f7a6000 rw-p 00000000 00:00 0 
7f554f7a6000-7f554f7b1000 r-xp 00000000 08:01 24642410                   /lib/x86_64-linux-gnu/libnss_nis-2.23.so
7f554f7b1000-7f554f9b0000 ---p 0000b000 08:01 24642410                   /lib/x86_64-linux-gnu/libnss_nis-2.23.so
7f554f9b0000-7f554f9b1000 r--p 0000a000 08:01 24642410                   /lib/x86_64-linux-gnu/libnss_nis-2.23.so
7f554f9b1000-7f554f9b2000 rw-p 0000b000 08:01 24642410                   /lib/x86_64-linux-gnu/libnss_nis-2.23.so
7f554f9b2000-7f554f9c8000 r-xp 00000000 08:01 24642390                   /lib/x86_64-linux-gnu/libnsl-2.23.so
7f554f9c8000-7f554fbc7000 ---p 00016000 08:01 24642390                   /lib/x86_64-linux-gnu/libnsl-2.23.so
7f554fbc7000-7f554fbc8000 r--p 00015000 08:01 24642390                   /lib/x86_64-linux-gnu/libnsl-2.23.so
7f554fbc8000-7f554fbc9000 rw-p 00016000 08:01 24642390                   /lib/x86_64-linux-gnu/libnsl-2.23.so
7f554fbc9000-7f554fbcb000 rw-p 00000000 00:00 0 
7f554fbcb000-7f554fbd3000 r-xp 00000000 08:01 24642401                   /lib/x86_64-linux-gnu/libnss_compat-2.23.so
7f554fbd3000-7f554fdd2000 ---p 00008000 08:01 24642401                   /lib/x86_64-linux-gnu/libnss_compat-2.23.so
7f554fdd2000-7f554fdd3000 r--p 00007000 08:01 24642401                   /lib/x86_64-linux-gnu/libnss_compat-2.23.so
7f554fdd3000-7f554fdd4000 rw-p 00008000 08:01 24642401                   /lib/x86_64-linux-gnu/libnss_compat-2.23.so
7f554fdd4000-7f554fdff000 r-xp 00000000 08:01 5641743                    /usr/lib/jvm/java-9-oracle/lib/libjava.so
7f554fdff000-7f554fffe000 ---p 0002b000 08:01 5641743                    /usr/lib/jvm/java-9-oracle/lib/libjava.so
7f554fffe000-7f5550000000 rw-p 0002a000 08:01 5641743                    /usr/lib/jvm/java-9-oracle/lib/libjava.so
7f5550000000-7f55506ac000 rw-p 00000000 00:00 0 
7f55506ac000-7f5554000000 ---p 00000000 00:00 0 
7f5554036000-7f55540ea000 rw-p 00000000 00:00 0 
7f55540ea000-7f55540f7000 r-xp 00000000 08:01 5641768                    /usr/lib/jvm/java-9-oracle/lib/libverify.so
7f55540f7000-7f55542f6000 ---p 0000d000 08:01 5641768                    /usr/lib/jvm/java-9-oracle/lib/libverify.so
7f55542f6000-7f55542f8000 rw-p 0000c000 08:01 5641768                    /usr/lib/jvm/java-9-oracle/lib/libverify.so
7f55542f8000-7f55542ff000 r-xp 00000000 08:01 24642411                   /lib/x86_64-linux-gnu/librt-2.23.so
7f55542ff000-7f55544fe000 ---p 00007000 08:01 24642411                   /lib/x86_64-linux-gnu/librt-2.23.so
7f55544fe000-7f55544ff000 r--p 00006000 08:01 24642411                   /lib/x86_64-linux-gnu/librt-2.23.so
7f55544ff000-7f5554500000 rw-p 00007000 08:01 24642411                   /lib/x86_64-linux-gnu/librt-2.23.so
7f5554500000-7f5554608000 r-xp 00000000 08:01 24642389                   /lib/x86_64-linux-gnu/libm-2.23.so
7f5554608000-7f5554807000 ---p 00108000 08:01 24642389                   /lib/x86_64-linux-gnu/libm-2.23.so
7f5554807000-7f5554808000 r--p 00107000 08:01 24642389                   /lib/x86_64-linux-gnu/libm-2.23.so
7f5554808000-7f5554809000 rw-p 00108000 08:01 24642389                   /lib/x86_64-linux-gnu/libm-2.23.so
7f5554809000-7f555581e000 r-xp 00000000 08:01 6951024                    /usr/lib/jvm/java-9-oracle/lib/server/libjvm.so
7f555581e000-7f5555a1d000 ---p 01015000 08:01 6951024                    /usr/lib/jvm/java-9-oracle/lib/server/libjvm.so
7f5555a1d000-7f5555aee000 r--p 01014000 08:01 6951024                    /usr/lib/jvm/java-9-oracle/lib/server/libjvm.so
7f5555aee000-7f5555b25000 rw-p 010e5000 08:01 6951024                    /usr/lib/jvm/java-9-oracle/lib/server/libjvm.so
7f5555b25000-7f5555b8e000 rw-p 00000000 00:00 0 
7f5555b8e000-7f5555d4e000 r-xp 00000000 08:01 24642393                   /lib/x86_64-linux-gnu/libc-2.23.so
7f5555d4e000-7f5555f4e000 ---p 001c0000 08:01 24642393                   /lib/x86_64-linux-gnu/libc-2.23.so
7f5555f4e000-7f5555f52000 r--p 001c0000 08:01 24642393                   /lib/x86_64-linux-gnu/libc-2.23.so
7f5555f52000-7f5555f54000 rw-p 001c4000 08:01 24642393                   /lib/x86_64-linux-gnu/libc-2.23.so
7f5555f54000-7f5555f58000 rw-p 00000000 00:00 0 
7f5555f58000-7f5555f5b000 r-xp 00000000 08:01 24642395                   /lib/x86_64-linux-gnu/libdl-2.23.so
7f5555f5b000-7f555615a000 ---p 00003000 08:01 24642395                   /lib/x86_64-linux-gnu/libdl-2.23.so
7f555615a000-7f555615b000 r--p 00002000 08:01 24642395                   /lib/x86_64-linux-gnu/libdl-2.23.so
7f555615b000-7f555615c000 rw-p 00003000 08:01 24642395                   /lib/x86_64-linux-gnu/libdl-2.23.so
7f555615c000-7f555616a000 r-xp 00000000 08:01 6951026                    /usr/lib/jvm/java-9-oracle/lib/jli/libjli.so
7f555616a000-7f555636a000 ---p 0000e000 08:01 6951026                    /usr/lib/jvm/java-9-oracle/lib/jli/libjli.so
7f555636a000-7f555636b000 rw-p 0000e000 08:01 6951026                    /usr/lib/jvm/java-9-oracle/lib/jli/libjli.so
7f555636b000-7f5556383000 r-xp 00000000 08:01 24642392                   /lib/x86_64-linux-gnu/libpthread-2.23.so
7f5556383000-7f5556582000 ---p 00018000 08:01 24642392                   /lib/x86_64-linux-gnu/libpthread-2.23.so
7f5556582000-7f5556583000 r--p 00017000 08:01 24642392                   /lib/x86_64-linux-gnu/libpthread-2.23.so
7f5556583000-7f5556584000 rw-p 00018000 08:01 24642392                   /lib/x86_64-linux-gnu/libpthread-2.23.so
7f5556584000-7f5556588000 rw-p 00000000 00:00 0 
7f5556588000-7f55565a1000 r-xp 00000000 08:01 24646264                   /lib/x86_64-linux-gnu/libz.so.1.2.8
7f55565a1000-7f55567a0000 ---p 00019000 08:01 24646264                   /lib/x86_64-linux-gnu/libz.so.1.2.8
7f55567a0000-7f55567a1000 r--p 00018000 08:01 24646264                   /lib/x86_64-linux-gnu/libz.so.1.2.8
7f55567a1000-7f55567a2000 rw-p 00019000 08:01 24646264                   /lib/x86_64-linux-gnu/libz.so.1.2.8
7f55567a2000-7f55567c8000 r-xp 00000000 08:01 24642391                   /lib/x86_64-linux-gnu/ld-2.23.so
7f55567db000-7f5556898000 rw-p 00000000 00:00 0 
7f5556898000-7f555689d000 ---p 00000000 00:00 0 
7f555689d000-7f555699e000 rw-p 00000000 00:00 0 
7f55569b0000-7f55569b6000 rw-p 00000000 00:00 0 
7f55569b6000-7f55569bd000 ---p 00000000 00:00 0 
7f55569bd000-7f55569c5000 rw-s 00000000 08:01 23724407                   /tmp/hsperfdata_oliver/20595
7f55569c5000-7f55569c6000 rw-p 00000000 00:00 0 
7f55569c6000-7f55569c7000 r--p 00000000 00:00 0 
7f55569c7000-7f55569c8000 r--p 00025000 08:01 24642391                   /lib/x86_64-linux-gnu/ld-2.23.so
7f55569c8000-7f55569c9000 rw-p 00026000 08:01 24642391                   /lib/x86_64-linux-gnu/ld-2.23.so
7f55569c9000-7f55569ca000 rw-p 00000000 00:00 0 
7ffd678ef000-7ffd67911000 rw-p 00000000 00:00 0                          [stack]
7ffd679b4000-7ffd679b7000 r--p 00000000 00:00 0                          [vvar]
7ffd679b7000-7ffd679b9000 r-xp 00000000 00:00 0                          [vdso]
ffffffffff600000-ffffffffff601000 r-xp 00000000 00:00 0                  [vsyscall]

VM Arguments:
jvm_args: -Dorg.lwjgl.util.Debug=true -Djava.library.path=nope -Dfile.encoding=UTF-8 
java_command: base.IkSolver
java_class_path (initial): /home/oliver/eclipse-workspace/Masterthesis_IK/target/classes:/home/oliver/eclipse-workspace/Masterthesis_IK/libs/Caliko-v1.3.3/jar/caliko-1.3.3.jar:/home/oliver/eclipse-workspace/Masterthesis_IK/libs/Caliko-v1.3.3/jar/caliko-demo-1.3.3.jar:/home/oliver/eclipse-workspace/Masterthesis_IK/libs/Caliko-v1.3.3/jar/caliko-visualisation-1.3.3.jar:/home/oliver/.m2/repository/org/lwjgl/lwjgl/3.1.5/lwjgl-3.1.5.jar:/home/oliver/.m2/repository/org/lwjgl/lwjgl-assimp/3.1.5/lwjgl-assimp-3.1.5.jar:/home/oliver/.m2/repository/org/lwjgl/lwjgl-bgfx/3.1.5/lwjgl-bgfx-3.1.5.jar:/home/oliver/.m2/repository/org/lwjgl/lwjgl-glfw/3.1.5/lwjgl-glfw-3.1.5.jar:/home/oliver/.m2/repository/org/lwjgl/lwjgl-nanovg/3.1.5/lwjgl-nanovg-3.1.5.jar:/home/oliver/.m2/repository/org/lwjgl/lwjgl-nuklear/3.1.5/lwjgl-nuklear-3.1.5.jar:/home/oliver/.m2/repository/org/lwjgl/lwjgl-openal/3.1.5/lwjgl-openal-3.1.5.jar:/home/oliver/.m2/repository/org/lwjgl/lwjgl-opengl/3.1.5/lwjgl-opengl-3.1.5.jar:/home/oliver/.m2/repository/org/lwjgl/lwjgl-openvr/3.1.5/lwjgl-openvr-3.1.5.jar:/home/oliver/.m2/repository/org/lwjgl/lwjgl-par/3.1.5/lwjgl-par-3.1.5.jar:/home/oliver/.m2/repository/org/lwjgl/lwjgl-stb/3.1.5/lwjgl-stb-3.1.5.jar:/home/oliver/.m2/repository/org/lwjgl/lwjgl-vulkan/3.1.5/lwjgl-vulkan-3.1.5.jar:/home/oliver/.m2/repository/org/lwjgl/lwjgl/3.1.5/lwjgl-3.1.5-natives-linux.jar:/home/oliver/.m2/repository/org/lwjgl/lwjgl-assimp/3.1.5/lwjgl-assimp-3.1.5-natives-linux.jar:/home/oliver/.m2/repository/org/lwjgl/lwjgl-bgfx/3.1.5/lwjgl-bgfx-3.1.5-natives-linux.jar:/home/oliver/.m2/repository/org/lwjgl/lwjgl-glfw/3.1.5/lwjgl-glfw-3.1.5-natives-linux.jar:/home/oliver/.m2/repository/org/lwjgl/lwjgl-nanovg/3.1.5/lwjgl-nanovg-3.1.5-natives-linux.jar:/home/oliver/.m2/repository/org/lwjgl/lwjgl-nuklear/3.1.5/lwjgl-nuklear-3.1.5-natives-linux.jar:/home/oliver/.m2/repository/org/lwjgl/lwjgl-openal/3.1.5/lwjgl-openal-3.1.5-natives-linux.jar:/home/oliver/.m2/repository/org/lwjgl/lwjgl-opengl/3.1.5/lwjgl-
Launcher Type: SUN_STANDARD

Logging:
Log output configuration:
#0: stdout all=warning uptime,level,tags
#1: stderr all=off uptime,level,tags

Environment Variables:
JAVA_HOME=/usr/lib/jvm/java-9-oracle
PATH=/home/oliver/bin:/home/oliver/.local/bin:/usr/local/sbin:/usr/local/bin:/usr/sbin:/usr/bin:/sbin:/bin:/usr/games:/usr/local/games:/snap/bin:/usr/lib/jvm/java-9-oracle/bin:/usr/lib/jvm/java-9-oracle/db/bin
SHELL=/bin/bash
DISPLAY=:0

Signal Handlers:
SIGSEGV: [libjvm.so+0xd4d370], sa_mask[0]=11111111011111111101111111111110, sa_flags=SA_RESTART|SA_SIGINFO
SIGBUS: [libjvm.so+0xd4d370], sa_mask[0]=11111111011111111101111111111110, sa_flags=SA_RESTART|SA_SIGINFO
SIGFPE: [libjvm.so+0xd4d370], sa_mask[0]=11111111011111111101111111111110, sa_flags=SA_RESTART|SA_SIGINFO
SIGPIPE: [libjvm.so+0xb64780], sa_mask[0]=11111111011111111101111111111110, sa_flags=SA_RESTART|SA_SIGINFO
SIGXFSZ: [libjvm.so+0xb64780], sa_mask[0]=11111111011111111101111111111110, sa_flags=SA_RESTART|SA_SIGINFO
SIGILL: [libjvm.so+0xd4d370], sa_mask[0]=11111111011111111101111111111110, sa_flags=SA_RESTART|SA_SIGINFO
SIGUSR2: [libjvm.so+0xb64640], sa_mask[0]=00100000000000000000000000000000, sa_flags=SA_RESTART|SA_SIGINFO
SIGHUP: [libjvm.so+0xb64850], sa_mask[0]=11111111011111111101111111111110, sa_flags=SA_RESTART|SA_SIGINFO
SIGINT: [libjvm.so+0xb64850], sa_mask[0]=11111111011111111101111111111110, sa_flags=SA_RESTART|SA_SIGINFO
SIGTERM: [libjvm.so+0xb64850], sa_mask[0]=11111111011111111101111111111110, sa_flags=SA_RESTART|SA_SIGINFO
SIGQUIT: [libjvm.so+0xb64850], sa_mask[0]=11111111011111111101111111111110, sa_flags=SA_RESTART|SA_SIGINFO


---------------  S Y S T E M  ---------------

OS:DISTRIB_ID=Ubuntu
DISTRIB_RELEASE=16.04
DISTRIB_CODENAME=xenial
DISTRIB_DESCRIPTION="Ubuntu 16.04.4 LTS"
uname:Linux 4.13.0-38-generic #43~16.04.1-Ubuntu SMP Wed Mar 14 17:48:43 UTC 2018 x86_64
libc:glibc 2.23 NPTL 2.23 
rlimit: STACK 8192k, CORE 0k, NPROC 31243, NOFILE 1048576, AS infinity
load average:0,50 0,59 0,68

/proc/meminfo:
MemTotal:        8059524 kB
MemFree:          347028 kB
MemAvailable:    2587956 kB
Buffers:          260768 kB
Cached:          2290896 kB
SwapCached:            0 kB
Active:          5750772 kB
Inactive:        1505600 kB
Active(anon):    4600968 kB
Inactive(anon):   250788 kB
Active(file):    1149804 kB
Inactive(file):  1254812 kB
Unevictable:          80 kB
Mlocked:              80 kB
SwapTotal:       8278012 kB
SwapFree:        8278012 kB
Dirty:               204 kB
Writeback:             0 kB
AnonPages:       4704760 kB
Mapped:          1235116 kB
Shmem:            190376 kB
Slab:             186760 kB
SReclaimable:     114128 kB
SUnreclaim:        72632 kB
KernelStack:       18368 kB
PageTables:        64376 kB
NFS_Unstable:          0 kB
Bounce:                0 kB
WritebackTmp:          0 kB
CommitLimit:    12307772 kB
Committed_AS:   12425820 kB
VmallocTotal:   34359738367 kB
VmallocUsed:           0 kB
VmallocChunk:          0 kB
HardwareCorrupted:     0 kB
AnonHugePages:         0 kB
ShmemHugePages:        0 kB
ShmemPmdMapped:        0 kB
CmaTotal:              0 kB
CmaFree:               0 kB
HugePages_Total:       0
HugePages_Free:        0
HugePages_Rsvd:        0
HugePages_Surp:        0
Hugepagesize:       2048 kB
DirectMap4k:      383548 kB
DirectMap2M:     7897088 kB


CPU:total 8 (initial active 8) (4 cores per cpu, 2 threads per core) family 6 model 42 stepping 7, cmov, cx8, fxsr, mmx, sse, sse2, sse3, ssse3, sse4.1, sse4.2, popcnt, avx, aes, clmul, ht, tsc, tscinvbit
CPU Model and flags from /proc/cpuinfo:
model name	: Intel(R) Core(TM) i7-2630QM CPU @ 2.00GHz
flags		: fpu vme de pse tsc msr pae mce cx8 apic sep mtrr pge mca cmov pat pse36 clflush dts acpi mmx fxsr sse sse2 ss ht tm pbe syscall nx rdtscp lm constant_tsc arch_perfmon pebs bts nopl xtopology nonstop_tsc cpuid aperfmperf pni pclmulqdq dtes64 monitor ds_cpl vmx est tm2 ssse3 cx16 xtpr pdcm pcid sse4_1 sse4_2 x2apic popcnt tsc_deadline_timer aes xsave avx lahf_lm epb pti retpoline spec_ctrl tpr_shadow vnmi flexpriority ept vpid xsaveopt dtherm ida arat pln pts

Memory: 4k page, physical 8059524k(347028k free), swap 8278012k(8278012k free)

vm_info: Java HotSpot(TM) 64-Bit Server VM (9.0.4+11) for linux-amd64 JRE (9.0.4+11), built on Dec 19 2017 18:12:19 by "mach5one" with gcc 4.9.2

END.
