#
# A fatal error has been detected by the Java Runtime Environment:
#
#  SIGSEGV (0xb) at pc=0x00007fd45fb85ef7, pid=20494, tid=20499
#
# JRE version: Java(TM) SE Runtime Environment (9.0+11) (build 9.0.4+11)
# Java VM: Java HotSpot(TM) 64-Bit Server VM (9.0.4+11, mixed mode, tiered, compressed oops, g1 gc, linux-amd64)
# Problematic frame:
# C  [liblwjgl_opengl.so+0x45ef7]  Java_org_lwjgl_opengl_GL20_glCreateProgram+0x7
#
# Core dump will be written. Default location: Core dumps may be processed with "/usr/share/apport/apport %p %s %c %d %P" (or dumping to /home/oliver/git/Master_thesis_java/Masterthesis_IK/core.20494)
#
# If you would like to submit a bug report, please visit:
#   http://bugreport.java.com/bugreport/crash.jsp
# The crash happened outside the Java Virtual Machine in native code.
# See problematic frame for where to report the bug.
#

---------------  S U M M A R Y ------------

Command Line: -Dorg.lwjgl.util.Debug=true -Djava.library.path=nope -Dfile.encoding=UTF-8 base.IkSolver

Host: Intel(R) Core(TM) i7-2630QM CPU @ 2.00GHz, 8 cores, 7G, Ubuntu 16.04.4 LTS
Time: Wed May  9 15:12:25 2018 CEST elapsed time: 0 seconds (0d 0h 0m 0s)

---------------  T H R E A D  ---------------

Current thread (0x00007fd500013000):  JavaThread "main" [_thread_in_native, id=20499, stack(0x00007fd508d92000,0x00007fd508e92000)]

Stack: [0x00007fd508d92000,0x00007fd508e92000],  sp=0x00007fd508e90278,  free space=1016k
Native frames: (J=compiled Java code, A=aot compiled Java code, j=interpreted, Vv=VM code, C=native code)
C  [liblwjgl_opengl.so+0x45ef7]  Java_org_lwjgl_opengl_GL20_glCreateProgram+0x7
j  au.edu.federation.caliko.visualisation.ShaderProgram.<init>()V+10
j  au.edu.federation.caliko.visualisation.FabrikModel3D.<clinit>()V+174
v  ~StubRoutines::call_stub
V  [libjvm.so+0x83d60a]  JavaCalls::call_helper(JavaValue*, methodHandle const&, JavaCallArguments*, Thread*)+0x47a
V  [libjvm.so+0x815870]  InstanceKlass::call_class_initializer_impl(instanceKlassHandle, Thread*)+0x1d0
V  [libjvm.so+0x816627]  InstanceKlass::initialize(Thread*)+0x487
V  [libjvm.so+0x82b3e1]  InterpreterRuntime::_new(JavaThread*, ConstantPool*, int)+0x281
j  base.IkSolver.init()V+76
j  base.IkSolver.run()V+1364
j  base.IkSolver.main([Ljava/lang/String;)V+7
v  ~StubRoutines::call_stub
V  [libjvm.so+0x83d60a]  JavaCalls::call_helper(JavaValue*, methodHandle const&, JavaCallArguments*, Thread*)+0x47a
V  [libjvm.so+0x89a67f]  jni_invoke_static(JNIEnv_*, JavaValue*, _jobject*, JNICallType, _jmethodID*, JNI_ArgumentPusher*, Thread*) [clone .isra.90]+0x21f
V  [libjvm.so+0x8ab5ce]  jni_CallStaticVoidMethod+0x14e
C  [libjli.so+0x4397]  JavaMain+0xa17
C  [libpthread.so.0+0x76ba]  start_thread+0xca

Java frames: (J=compiled Java code, j=interpreted, Vv=VM code)
j  org.lwjgl.opengl.GL20.glCreateProgram()I+0
j  au.edu.federation.caliko.visualisation.ShaderProgram.<init>()V+10
j  au.edu.federation.caliko.visualisation.FabrikModel3D.<clinit>()V+174
v  ~StubRoutines::call_stub
j  base.IkSolver.init()V+76
j  base.IkSolver.run()V+1364
j  base.IkSolver.main([Ljava/lang/String;)V+7
v  ~StubRoutines::call_stub

siginfo: si_signo: 11 (SIGSEGV), si_code: 1 (SEGV_MAPERR), si_addr: 0x0000000000000878

Register to memory mapping:

RAX=0x0000000000000000 is an unknown value
RBX={method} {0x00007fd48dc43f08} 'glCreateProgram' '()I' in 'org/lwjgl/opengl/GL20'
RCX=0x0000000000000002 is an unknown value
RDX=0x00007fd50804b4d8: <offset 0x00000000013494d8> in /usr/lib/jvm/java-9-oracle/lib/server/libjvm.so at 0x00007fd506d02000
RSP=0x00007fd508e90278 is pointing into the stack for thread: 0x00007fd500013000
RBP=0x00007fd508e902c8 is pointing into the stack for thread: 0x00007fd500013000
RSI=0x00007fd508e902d8 is pointing into the stack for thread: 0x00007fd500013000
RDI=0x00007fd500013218 is an unknown value
R8 ={method} {0x00007fd48dc43f08} 'glCreateProgram' '()I' in 'org/lwjgl/opengl/GL20'
R9 =0x0000000000000010 is an unknown value
R10=0x00007fd4e5b5bd09 is at code_begin+873 in an Interpreter codelet
method entry point (kind = native)  [0x00007fd4e5b5b9a0, 0x00007fd4e5b5c3e0]  2624 bytes
R11=0x000000008c7e3398 is an oop
java.lang.Class 
{0x000000008c7e3398} - klass: 'java/lang/Class'
R12=0x0000000000000000 is an unknown value
R13=0x00007fd48dc43f00 is pointing into metadata
R14=0x00007fd508e902e0 is pointing into the stack for thread: 0x00007fd500013000
R15=0x00007fd500013000 is a thread


Registers:
RAX=0x0000000000000000, RBX=0x00007fd48dc43f08, RCX=0x0000000000000002, RDX=0x00007fd50804b4d8
RSP=0x00007fd508e90278, RBP=0x00007fd508e902c8, RSI=0x00007fd508e902d8, RDI=0x00007fd500013218
R8 =0x00007fd48dc43f08, R9 =0x0000000000000010, R10=0x00007fd4e5b5bd09, R11=0x000000008c7e3398
R12=0x0000000000000000, R13=0x00007fd48dc43f00, R14=0x00007fd508e902e0, R15=0x00007fd500013000
RIP=0x00007fd45fb85ef7, EFLAGS=0x0000000000010283, CSGSFS=0x002b000000000033, ERR=0x0000000000000004
  TRAPNO=0x000000000000000e

Top of Stack: (sp=0x00007fd508e90278)
0x00007fd508e90278:   00007fd4e5b5bd35 00007fd508e90280
0x00007fd508e90288:   00007fd48dc43f00 00007fd508e902e0
0x00007fd508e90298:   00007fd48dc889c0 0000000000000000
0x00007fd508e902a8:   000000008c7e3398 00007fd48dc43f08 

Instructions: (pc=0x00007fd45fb85ef7)
0x00007fd45fb85ed7:   40 18 48 8b 80 b0 09 00 00 ff e0 66 66 66 66 66
0x00007fd45fb85ee7:   2e 0f 1f 84 00 00 00 00 00 48 8b 07 48 8b 40 18
0x00007fd45fb85ef7:   ff a0 78 08 00 00 0f 1f 00 48 8b 07 41 89 d1 89
0x00007fd45fb85f07:   ce 4c 89 c2 44 89 cf 48 8b 40 18 48 8b 80 b8 15 


---------------  P R O C E S S  ---------------

Java Threads: ( => current thread )
  0x00007fd500276000 JavaThread "Service Thread" daemon [_thread_blocked, id=20530, stack(0x00007fd48c275000,0x00007fd48c376000)]
  0x00007fd5001c6000 JavaThread "Common-Cleaner" daemon [_thread_blocked, id=20529, stack(0x00007fd48c376000,0x00007fd48c477000)]
  0x00007fd500179800 JavaThread "Sweeper thread" daemon [_thread_blocked, id=20528, stack(0x00007fd48c89f000,0x00007fd48c9a0000)]
  0x00007fd500177800 JavaThread "C1 CompilerThread3" daemon [_thread_blocked, id=20527, stack(0x00007fd48c9a0000,0x00007fd48caa1000)]
  0x00007fd500175800 JavaThread "C2 CompilerThread2" daemon [_thread_blocked, id=20526, stack(0x00007fd48caa1000,0x00007fd48cba2000)]
  0x00007fd500173800 JavaThread "C2 CompilerThread1" daemon [_thread_blocked, id=20525, stack(0x00007fd48cba2000,0x00007fd48cca3000)]
  0x00007fd500171800 JavaThread "C2 CompilerThread0" daemon [_thread_blocked, id=20524, stack(0x00007fd48cca3000,0x00007fd48cda4000)]
  0x00007fd50016f800 JavaThread "Signal Dispatcher" daemon [_thread_blocked, id=20523, stack(0x00007fd48cda4000,0x00007fd48cea5000)]
  0x00007fd500154000 JavaThread "Finalizer" daemon [_thread_blocked, id=20522, stack(0x00007fd48d2fb000,0x00007fd48d3fc000)]
  0x00007fd50014b800 JavaThread "Reference Handler" daemon [_thread_blocked, id=20521, stack(0x00007fd48d3fc000,0x00007fd48d4fd000)]
=>0x00007fd500013000 JavaThread "main" [_thread_in_native, id=20499, stack(0x00007fd508d92000,0x00007fd508e92000)]

Other Threads:
  0x00007fd500142000 VMThread "VM Thread" [stack: 0x00007fd48d4fe000,0x00007fd48d5fe000] [id=20520]
  0x00007fd500278800 WatcherThread [stack: 0x00007fd48c175000,0x00007fd48c275000] [id=20531]
  0x00007fd50002a800 GCTaskThread "GC Thread#0" [stack: 0x00007fd50546d000,0x00007fd50556d000] [id=20500]
  0x00007fd50002c000 GCTaskThread "GC Thread#1" [stack: 0x00007fd50536c000,0x00007fd50546c000] [id=20501]
  0x00007fd50002d800 GCTaskThread "GC Thread#2" [stack: 0x00007fd50526b000,0x00007fd50536b000] [id=20502]
  0x00007fd50002f800 GCTaskThread "GC Thread#3" [stack: 0x00007fd50516a000,0x00007fd50526a000] [id=20503]
  0x00007fd500031000 GCTaskThread "GC Thread#4" [stack: 0x00007fd505069000,0x00007fd505169000] [id=20504]
  0x00007fd500032800 GCTaskThread "GC Thread#5" [stack: 0x00007fd504f68000,0x00007fd505068000] [id=20505]
  0x00007fd500034800 GCTaskThread "GC Thread#6" [stack: 0x00007fd504e67000,0x00007fd504f67000] [id=20506]
  0x00007fd500036000 GCTaskThread "GC Thread#7" [stack: 0x00007fd504d66000,0x00007fd504e66000] [id=20507]
  0x00007fd50006c000 ConcurrentGCThread "G1 Main Marker" [stack: 0x00007fd4e46df000,0x00007fd4e47df000] [id=20517]
  0x00007fd50006d800 ConcurrentGCThread "G1 Marker#0" [stack: 0x00007fd4e45de000,0x00007fd4e46de000] [id=20518]
  0x00007fd50006f800 ConcurrentGCThread "G1 Marker#1" [stack: 0x00007fd4e44dd000,0x00007fd4e45dd000] [id=20519]
  0x00007fd500045000 ConcurrentGCThread "G1 Refine#0" [stack: 0x00007fd4e5841000,0x00007fd4e5941000] [id=20515]
  0x00007fd500043000 ConcurrentGCThread "G1 Refine#1" [stack: 0x00007fd4e5942000,0x00007fd4e5a42000] [id=20514]
  0x00007fd500041000 ConcurrentGCThread "G1 Refine#2" [stack: 0x00007fd4e5a43000,0x00007fd4e5b43000] [id=20513]
  0x00007fd50003f800 ConcurrentGCThread "G1 Refine#3" [stack: 0x00007fd504059000,0x00007fd504159000] [id=20512]
  0x00007fd50003d800 ConcurrentGCThread "G1 Refine#4" [stack: 0x00007fd50415a000,0x00007fd50425a000] [id=20511]
  0x00007fd50003c000 ConcurrentGCThread "G1 Refine#5" [stack: 0x00007fd50425b000,0x00007fd50435b000] [id=20510]
  0x00007fd50003a000 ConcurrentGCThread "G1 Refine#6" [stack: 0x00007fd50435c000,0x00007fd50445c000] [id=20509]
  0x00007fd500038800 ConcurrentGCThread "G1 Refine#7" [stack: 0x00007fd50445d000,0x00007fd50455d000] [id=20508]
  0x00007fd500046800 ConcurrentGCThread "G1 Young RemSet Sampling" [stack: 0x00007fd4e5740000,0x00007fd4e5840000] [id=20516]

Threads with active compile tasks:

VM state:not at safepoint (normal execution)

VM Mutex/Monitor currently owned by a thread: None

Heap address: 0x0000000085000000, size: 1968 MB, Compressed Oops mode: 32-bit
Narrow klass base: 0x0000000000000000, Narrow klass shift: 3
Compressed class space size: 1073741824 Address: 0x0000000100000000

Heap:
 garbage-first heap   total 126976K, used 6144K [0x0000000085000000, 0x00000000851003e0, 0x0000000100000000)
  region size 1024K, 7 young (7168K), 0 survivors (0K)
 Metaspace       used 8548K, capacity 8754K, committed 9088K, reserved 1056768K
  class space    used 733K, capacity 800K, committed 896K, reserved 1048576K
Heap Regions: E=young(eden), S=young(survivor), O=old, HS=humongous(starts), HC=humongous(continues), CS=collection set, F=free, A=archive, TS=gc time stamp, AC=allocation context, TAMS=top-at-mark-start (previous, next)
|   0|0x0000000085000000, 0x0000000085000000, 0x0000000085100000|  0%| F|  |TS  0|AC  0|TAMS 0x0000000085000000, 0x0000000085000000|
|   1|0x0000000085100000, 0x0000000085100000, 0x0000000085200000|  0%| F|  |TS  0|AC  0|TAMS 0x0000000085100000, 0x0000000085100000|
|   2|0x0000000085200000, 0x0000000085200000, 0x0000000085300000|  0%| F|  |TS  0|AC  0|TAMS 0x0000000085200000, 0x0000000085200000|
|   3|0x0000000085300000, 0x0000000085300000, 0x0000000085400000|  0%| F|  |TS  0|AC  0|TAMS 0x0000000085300000, 0x0000000085300000|
|   4|0x0000000085400000, 0x0000000085400000, 0x0000000085500000|  0%| F|  |TS  0|AC  0|TAMS 0x0000000085400000, 0x0000000085400000|
|   5|0x0000000085500000, 0x0000000085500000, 0x0000000085600000|  0%| F|  |TS  0|AC  0|TAMS 0x0000000085500000, 0x0000000085500000|
|   6|0x0000000085600000, 0x0000000085600000, 0x0000000085700000|  0%| F|  |TS  0|AC  0|TAMS 0x0000000085600000, 0x0000000085600000|
|   7|0x0000000085700000, 0x0000000085700000, 0x0000000085800000|  0%| F|  |TS  0|AC  0|TAMS 0x0000000085700000, 0x0000000085700000|
|   8|0x0000000085800000, 0x0000000085800000, 0x0000000085900000|  0%| F|  |TS  0|AC  0|TAMS 0x0000000085800000, 0x0000000085800000|
|   9|0x0000000085900000, 0x0000000085900000, 0x0000000085a00000|  0%| F|  |TS  0|AC  0|TAMS 0x0000000085900000, 0x0000000085900000|
|  10|0x0000000085a00000, 0x0000000085a00000, 0x0000000085b00000|  0%| F|  |TS  0|AC  0|TAMS 0x0000000085a00000, 0x0000000085a00000|
|  11|0x0000000085b00000, 0x0000000085b00000, 0x0000000085c00000|  0%| F|  |TS  0|AC  0|TAMS 0x0000000085b00000, 0x0000000085b00000|
|  12|0x0000000085c00000, 0x0000000085c00000, 0x0000000085d00000|  0%| F|  |TS  0|AC  0|TAMS 0x0000000085c00000, 0x0000000085c00000|
|  13|0x0000000085d00000, 0x0000000085d00000, 0x0000000085e00000|  0%| F|  |TS  0|AC  0|TAMS 0x0000000085d00000, 0x0000000085d00000|
|  14|0x0000000085e00000, 0x0000000085e00000, 0x0000000085f00000|  0%| F|  |TS  0|AC  0|TAMS 0x0000000085e00000, 0x0000000085e00000|
|  15|0x0000000085f00000, 0x0000000085f00000, 0x0000000086000000|  0%| F|  |TS  0|AC  0|TAMS 0x0000000085f00000, 0x0000000085f00000|
|  16|0x0000000086000000, 0x0000000086000000, 0x0000000086100000|  0%| F|  |TS  0|AC  0|TAMS 0x0000000086000000, 0x0000000086000000|
|  17|0x0000000086100000, 0x0000000086100000, 0x0000000086200000|  0%| F|  |TS  0|AC  0|TAMS 0x0000000086100000, 0x0000000086100000|
|  18|0x0000000086200000, 0x0000000086200000, 0x0000000086300000|  0%| F|  |TS  0|AC  0|TAMS 0x0000000086200000, 0x0000000086200000|
|  19|0x0000000086300000, 0x0000000086300000, 0x0000000086400000|  0%| F|  |TS  0|AC  0|TAMS 0x0000000086300000, 0x0000000086300000|
|  20|0x0000000086400000, 0x0000000086400000, 0x0000000086500000|  0%| F|  |TS  0|AC  0|TAMS 0x0000000086400000, 0x0000000086400000|
|  21|0x0000000086500000, 0x0000000086500000, 0x0000000086600000|  0%| F|  |TS  0|AC  0|TAMS 0x0000000086500000, 0x0000000086500000|
|  22|0x0000000086600000, 0x0000000086600000, 0x0000000086700000|  0%| F|  |TS  0|AC  0|TAMS 0x0000000086600000, 0x0000000086600000|
|  23|0x0000000086700000, 0x0000000086700000, 0x0000000086800000|  0%| F|  |TS  0|AC  0|TAMS 0x0000000086700000, 0x0000000086700000|
|  24|0x0000000086800000, 0x0000000086800000, 0x0000000086900000|  0%| F|  |TS  0|AC  0|TAMS 0x0000000086800000, 0x0000000086800000|
|  25|0x0000000086900000, 0x0000000086900000, 0x0000000086a00000|  0%| F|  |TS  0|AC  0|TAMS 0x0000000086900000, 0x0000000086900000|
|  26|0x0000000086a00000, 0x0000000086a00000, 0x0000000086b00000|  0%| F|  |TS  0|AC  0|TAMS 0x0000000086a00000, 0x0000000086a00000|
|  27|0x0000000086b00000, 0x0000000086b00000, 0x0000000086c00000|  0%| F|  |TS  0|AC  0|TAMS 0x0000000086b00000, 0x0000000086b00000|
|  28|0x0000000086c00000, 0x0000000086c00000, 0x0000000086d00000|  0%| F|  |TS  0|AC  0|TAMS 0x0000000086c00000, 0x0000000086c00000|
|  29|0x0000000086d00000, 0x0000000086d00000, 0x0000000086e00000|  0%| F|  |TS  0|AC  0|TAMS 0x0000000086d00000, 0x0000000086d00000|
|  30|0x0000000086e00000, 0x0000000086e00000, 0x0000000086f00000|  0%| F|  |TS  0|AC  0|TAMS 0x0000000086e00000, 0x0000000086e00000|
|  31|0x0000000086f00000, 0x0000000086f00000, 0x0000000087000000|  0%| F|  |TS  0|AC  0|TAMS 0x0000000086f00000, 0x0000000086f00000|
|  32|0x0000000087000000, 0x0000000087000000, 0x0000000087100000|  0%| F|  |TS  0|AC  0|TAMS 0x0000000087000000, 0x0000000087000000|
|  33|0x0000000087100000, 0x0000000087100000, 0x0000000087200000|  0%| F|  |TS  0|AC  0|TAMS 0x0000000087100000, 0x0000000087100000|
|  34|0x0000000087200000, 0x0000000087200000, 0x0000000087300000|  0%| F|  |TS  0|AC  0|TAMS 0x0000000087200000, 0x0000000087200000|
|  35|0x0000000087300000, 0x0000000087300000, 0x0000000087400000|  0%| F|  |TS  0|AC  0|TAMS 0x0000000087300000, 0x0000000087300000|
|  36|0x0000000087400000, 0x0000000087400000, 0x0000000087500000|  0%| F|  |TS  0|AC  0|TAMS 0x0000000087400000, 0x0000000087400000|
|  37|0x0000000087500000, 0x0000000087500000, 0x0000000087600000|  0%| F|  |TS  0|AC  0|TAMS 0x0000000087500000, 0x0000000087500000|
|  38|0x0000000087600000, 0x0000000087600000, 0x0000000087700000|  0%| F|  |TS  0|AC  0|TAMS 0x0000000087600000, 0x0000000087600000|
|  39|0x0000000087700000, 0x0000000087700000, 0x0000000087800000|  0%| F|  |TS  0|AC  0|TAMS 0x0000000087700000, 0x0000000087700000|
|  40|0x0000000087800000, 0x0000000087800000, 0x0000000087900000|  0%| F|  |TS  0|AC  0|TAMS 0x0000000087800000, 0x0000000087800000|
|  41|0x0000000087900000, 0x0000000087900000, 0x0000000087a00000|  0%| F|  |TS  0|AC  0|TAMS 0x0000000087900000, 0x0000000087900000|
|  42|0x0000000087a00000, 0x0000000087a00000, 0x0000000087b00000|  0%| F|  |TS  0|AC  0|TAMS 0x0000000087a00000, 0x0000000087a00000|
|  43|0x0000000087b00000, 0x0000000087b00000, 0x0000000087c00000|  0%| F|  |TS  0|AC  0|TAMS 0x0000000087b00000, 0x0000000087b00000|
|  44|0x0000000087c00000, 0x0000000087c00000, 0x0000000087d00000|  0%| F|  |TS  0|AC  0|TAMS 0x0000000087c00000, 0x0000000087c00000|
|  45|0x0000000087d00000, 0x0000000087d00000, 0x0000000087e00000|  0%| F|  |TS  0|AC  0|TAMS 0x0000000087d00000, 0x0000000087d00000|
|  46|0x0000000087e00000, 0x0000000087e00000, 0x0000000087f00000|  0%| F|  |TS  0|AC  0|TAMS 0x0000000087e00000, 0x0000000087e00000|
|  47|0x0000000087f00000, 0x0000000087f00000, 0x0000000088000000|  0%| F|  |TS  0|AC  0|TAMS 0x0000000087f00000, 0x0000000087f00000|
|  48|0x0000000088000000, 0x0000000088000000, 0x0000000088100000|  0%| F|  |TS  0|AC  0|TAMS 0x0000000088000000, 0x0000000088000000|
|  49|0x0000000088100000, 0x0000000088100000, 0x0000000088200000|  0%| F|  |TS  0|AC  0|TAMS 0x0000000088100000, 0x0000000088100000|
|  50|0x0000000088200000, 0x0000000088200000, 0x0000000088300000|  0%| F|  |TS  0|AC  0|TAMS 0x0000000088200000, 0x0000000088200000|
|  51|0x0000000088300000, 0x0000000088300000, 0x0000000088400000|  0%| F|  |TS  0|AC  0|TAMS 0x0000000088300000, 0x0000000088300000|
|  52|0x0000000088400000, 0x0000000088400000, 0x0000000088500000|  0%| F|  |TS  0|AC  0|TAMS 0x0000000088400000, 0x0000000088400000|
|  53|0x0000000088500000, 0x0000000088500000, 0x0000000088600000|  0%| F|  |TS  0|AC  0|TAMS 0x0000000088500000, 0x0000000088500000|
|  54|0x0000000088600000, 0x0000000088600000, 0x0000000088700000|  0%| F|  |TS  0|AC  0|TAMS 0x0000000088600000, 0x0000000088600000|
|  55|0x0000000088700000, 0x0000000088700000, 0x0000000088800000|  0%| F|  |TS  0|AC  0|TAMS 0x0000000088700000, 0x0000000088700000|
|  56|0x0000000088800000, 0x0000000088800000, 0x0000000088900000|  0%| F|  |TS  0|AC  0|TAMS 0x0000000088800000, 0x0000000088800000|
|  57|0x0000000088900000, 0x0000000088900000, 0x0000000088a00000|  0%| F|  |TS  0|AC  0|TAMS 0x0000000088900000, 0x0000000088900000|
|  58|0x0000000088a00000, 0x0000000088a00000, 0x0000000088b00000|  0%| F|  |TS  0|AC  0|TAMS 0x0000000088a00000, 0x0000000088a00000|
|  59|0x0000000088b00000, 0x0000000088b00000, 0x0000000088c00000|  0%| F|  |TS  0|AC  0|TAMS 0x0000000088b00000, 0x0000000088b00000|
|  60|0x0000000088c00000, 0x0000000088c00000, 0x0000000088d00000|  0%| F|  |TS  0|AC  0|TAMS 0x0000000088c00000, 0x0000000088c00000|
|  61|0x0000000088d00000, 0x0000000088d00000, 0x0000000088e00000|  0%| F|  |TS  0|AC  0|TAMS 0x0000000088d00000, 0x0000000088d00000|
|  62|0x0000000088e00000, 0x0000000088e00000, 0x0000000088f00000|  0%| F|  |TS  0|AC  0|TAMS 0x0000000088e00000, 0x0000000088e00000|
|  63|0x0000000088f00000, 0x0000000088f00000, 0x0000000089000000|  0%| F|  |TS  0|AC  0|TAMS 0x0000000088f00000, 0x0000000088f00000|
|  64|0x0000000089000000, 0x0000000089000000, 0x0000000089100000|  0%| F|  |TS  0|AC  0|TAMS 0x0000000089000000, 0x0000000089000000|
|  65|0x0000000089100000, 0x0000000089100000, 0x0000000089200000|  0%| F|  |TS  0|AC  0|TAMS 0x0000000089100000, 0x0000000089100000|
|  66|0x0000000089200000, 0x0000000089200000, 0x0000000089300000|  0%| F|  |TS  0|AC  0|TAMS 0x0000000089200000, 0x0000000089200000|
|  67|0x0000000089300000, 0x0000000089300000, 0x0000000089400000|  0%| F|  |TS  0|AC  0|TAMS 0x0000000089300000, 0x0000000089300000|
|  68|0x0000000089400000, 0x0000000089400000, 0x0000000089500000|  0%| F|  |TS  0|AC  0|TAMS 0x0000000089400000, 0x0000000089400000|
|  69|0x0000000089500000, 0x0000000089500000, 0x0000000089600000|  0%| F|  |TS  0|AC  0|TAMS 0x0000000089500000, 0x0000000089500000|
|  70|0x0000000089600000, 0x0000000089600000, 0x0000000089700000|  0%| F|  |TS  0|AC  0|TAMS 0x0000000089600000, 0x0000000089600000|
|  71|0x0000000089700000, 0x0000000089700000, 0x0000000089800000|  0%| F|  |TS  0|AC  0|TAMS 0x0000000089700000, 0x0000000089700000|
|  72|0x0000000089800000, 0x0000000089800000, 0x0000000089900000|  0%| F|  |TS  0|AC  0|TAMS 0x0000000089800000, 0x0000000089800000|
|  73|0x0000000089900000, 0x0000000089900000, 0x0000000089a00000|  0%| F|  |TS  0|AC  0|TAMS 0x0000000089900000, 0x0000000089900000|
|  74|0x0000000089a00000, 0x0000000089a00000, 0x0000000089b00000|  0%| F|  |TS  0|AC  0|TAMS 0x0000000089a00000, 0x0000000089a00000|
|  75|0x0000000089b00000, 0x0000000089b00000, 0x0000000089c00000|  0%| F|  |TS  0|AC  0|TAMS 0x0000000089b00000, 0x0000000089b00000|
|  76|0x0000000089c00000, 0x0000000089c00000, 0x0000000089d00000|  0%| F|  |TS  0|AC  0|TAMS 0x0000000089c00000, 0x0000000089c00000|
|  77|0x0000000089d00000, 0x0000000089d00000, 0x0000000089e00000|  0%| F|  |TS  0|AC  0|TAMS 0x0000000089d00000, 0x0000000089d00000|
|  78|0x0000000089e00000, 0x0000000089e00000, 0x0000000089f00000|  0%| F|  |TS  0|AC  0|TAMS 0x0000000089e00000, 0x0000000089e00000|
|  79|0x0000000089f00000, 0x0000000089f00000, 0x000000008a000000|  0%| F|  |TS  0|AC  0|TAMS 0x0000000089f00000, 0x0000000089f00000|
|  80|0x000000008a000000, 0x000000008a000000, 0x000000008a100000|  0%| F|  |TS  0|AC  0|TAMS 0x000000008a000000, 0x000000008a000000|
|  81|0x000000008a100000, 0x000000008a100000, 0x000000008a200000|  0%| F|  |TS  0|AC  0|TAMS 0x000000008a100000, 0x000000008a100000|
|  82|0x000000008a200000, 0x000000008a200000, 0x000000008a300000|  0%| F|  |TS  0|AC  0|TAMS 0x000000008a200000, 0x000000008a200000|
|  83|0x000000008a300000, 0x000000008a300000, 0x000000008a400000|  0%| F|  |TS  0|AC  0|TAMS 0x000000008a300000, 0x000000008a300000|
|  84|0x000000008a400000, 0x000000008a400000, 0x000000008a500000|  0%| F|  |TS  0|AC  0|TAMS 0x000000008a400000, 0x000000008a400000|
|  85|0x000000008a500000, 0x000000008a500000, 0x000000008a600000|  0%| F|  |TS  0|AC  0|TAMS 0x000000008a500000, 0x000000008a500000|
|  86|0x000000008a600000, 0x000000008a600000, 0x000000008a700000|  0%| F|  |TS  0|AC  0|TAMS 0x000000008a600000, 0x000000008a600000|
|  87|0x000000008a700000, 0x000000008a700000, 0x000000008a800000|  0%| F|  |TS  0|AC  0|TAMS 0x000000008a700000, 0x000000008a700000|
|  88|0x000000008a800000, 0x000000008a800000, 0x000000008a900000|  0%| F|  |TS  0|AC  0|TAMS 0x000000008a800000, 0x000000008a800000|
|  89|0x000000008a900000, 0x000000008a900000, 0x000000008aa00000|  0%| F|  |TS  0|AC  0|TAMS 0x000000008a900000, 0x000000008a900000|
|  90|0x000000008aa00000, 0x000000008aa00000, 0x000000008ab00000|  0%| F|  |TS  0|AC  0|TAMS 0x000000008aa00000, 0x000000008aa00000|
|  91|0x000000008ab00000, 0x000000008ab00000, 0x000000008ac00000|  0%| F|  |TS  0|AC  0|TAMS 0x000000008ab00000, 0x000000008ab00000|
|  92|0x000000008ac00000, 0x000000008ac00000, 0x000000008ad00000|  0%| F|  |TS  0|AC  0|TAMS 0x000000008ac00000, 0x000000008ac00000|
|  93|0x000000008ad00000, 0x000000008ad00000, 0x000000008ae00000|  0%| F|  |TS  0|AC  0|TAMS 0x000000008ad00000, 0x000000008ad00000|
|  94|0x000000008ae00000, 0x000000008ae00000, 0x000000008af00000|  0%| F|  |TS  0|AC  0|TAMS 0x000000008ae00000, 0x000000008ae00000|
|  95|0x000000008af00000, 0x000000008af00000, 0x000000008b000000|  0%| F|  |TS  0|AC  0|TAMS 0x000000008af00000, 0x000000008af00000|
|  96|0x000000008b000000, 0x000000008b000000, 0x000000008b100000|  0%| F|  |TS  0|AC  0|TAMS 0x000000008b000000, 0x000000008b000000|
|  97|0x000000008b100000, 0x000000008b100000, 0x000000008b200000|  0%| F|  |TS  0|AC  0|TAMS 0x000000008b100000, 0x000000008b100000|
|  98|0x000000008b200000, 0x000000008b200000, 0x000000008b300000|  0%| F|  |TS  0|AC  0|TAMS 0x000000008b200000, 0x000000008b200000|
|  99|0x000000008b300000, 0x000000008b300000, 0x000000008b400000|  0%| F|  |TS  0|AC  0|TAMS 0x000000008b300000, 0x000000008b300000|
| 100|0x000000008b400000, 0x000000008b400000, 0x000000008b500000|  0%| F|  |TS  0|AC  0|TAMS 0x000000008b400000, 0x000000008b400000|
| 101|0x000000008b500000, 0x000000008b500000, 0x000000008b600000|  0%| F|  |TS  0|AC  0|TAMS 0x000000008b500000, 0x000000008b500000|
| 102|0x000000008b600000, 0x000000008b600000, 0x000000008b700000|  0%| F|  |TS  0|AC  0|TAMS 0x000000008b600000, 0x000000008b600000|
| 103|0x000000008b700000, 0x000000008b700000, 0x000000008b800000|  0%| F|  |TS  0|AC  0|TAMS 0x000000008b700000, 0x000000008b700000|
| 104|0x000000008b800000, 0x000000008b800000, 0x000000008b900000|  0%| F|  |TS  0|AC  0|TAMS 0x000000008b800000, 0x000000008b800000|
| 105|0x000000008b900000, 0x000000008b900000, 0x000000008ba00000|  0%| F|  |TS  0|AC  0|TAMS 0x000000008b900000, 0x000000008b900000|
| 106|0x000000008ba00000, 0x000000008ba00000, 0x000000008bb00000|  0%| F|  |TS  0|AC  0|TAMS 0x000000008ba00000, 0x000000008ba00000|
| 107|0x000000008bb00000, 0x000000008bb00000, 0x000000008bc00000|  0%| F|  |TS  0|AC  0|TAMS 0x000000008bb00000, 0x000000008bb00000|
| 108|0x000000008bc00000, 0x000000008bc00000, 0x000000008bd00000|  0%| F|  |TS  0|AC  0|TAMS 0x000000008bc00000, 0x000000008bc00000|
| 109|0x000000008bd00000, 0x000000008bd00000, 0x000000008be00000|  0%| F|  |TS  0|AC  0|TAMS 0x000000008bd00000, 0x000000008bd00000|
| 110|0x000000008be00000, 0x000000008be00000, 0x000000008bf00000|  0%| F|  |TS  0|AC  0|TAMS 0x000000008be00000, 0x000000008be00000|
| 111|0x000000008bf00000, 0x000000008bf00000, 0x000000008c000000|  0%| F|  |TS  0|AC  0|TAMS 0x000000008bf00000, 0x000000008bf00000|
| 112|0x000000008c000000, 0x000000008c000000, 0x000000008c100000|  0%| F|  |TS  0|AC  0|TAMS 0x000000008c000000, 0x000000008c000000|
| 113|0x000000008c100000, 0x000000008c100000, 0x000000008c200000|  0%| F|  |TS  0|AC  0|TAMS 0x000000008c100000, 0x000000008c100000|
| 114|0x000000008c200000, 0x000000008c200000, 0x000000008c300000|  0%| F|  |TS  0|AC  0|TAMS 0x000000008c200000, 0x000000008c200000|
| 115|0x000000008c300000, 0x000000008c300000, 0x000000008c400000|  0%| F|  |TS  0|AC  0|TAMS 0x000000008c300000, 0x000000008c300000|
| 116|0x000000008c400000, 0x000000008c400000, 0x000000008c500000|  0%| F|  |TS  0|AC  0|TAMS 0x000000008c400000, 0x000000008c400000|
| 117|0x000000008c500000, 0x000000008c5f64a0, 0x000000008c600000| 96%| E|  |TS  0|AC  0|TAMS 0x000000008c500000, 0x000000008c500000|
| 118|0x000000008c600000, 0x000000008c700000, 0x000000008c700000|100%| E|CS|TS  0|AC  0|TAMS 0x000000008c600000, 0x000000008c600000|
| 119|0x000000008c700000, 0x000000008c800000, 0x000000008c800000|100%| E|CS|TS  0|AC  0|TAMS 0x000000008c700000, 0x000000008c700000|
| 120|0x000000008c800000, 0x000000008c900000, 0x000000008c900000|100%| E|CS|TS  0|AC  0|TAMS 0x000000008c800000, 0x000000008c800000|
| 121|0x000000008c900000, 0x000000008ca00000, 0x000000008ca00000|100%| E|CS|TS  0|AC  0|TAMS 0x000000008c900000, 0x000000008c900000|
| 122|0x000000008ca00000, 0x000000008cb00000, 0x000000008cb00000|100%| E|CS|TS  0|AC  0|TAMS 0x000000008ca00000, 0x000000008ca00000|
| 123|0x000000008cb00000, 0x000000008cc00000, 0x000000008cc00000|100%| E|CS|TS  0|AC  0|TAMS 0x000000008cb00000, 0x000000008cb00000|

Card table byte_map: [0x00007fd4e4bb7000,0x00007fd4e4f8f000] byte_map_base: 0x00007fd4e478f000

Marking Bits (Prev, Next): (CMBitMap*) 0x00007fd50006b030, (CMBitMap*) 0x00007fd50006b068
 Prev Bits: [0x00007fd49e140000, 0x00007fd4a0000000)
 Next Bits: [0x00007fd49c280000, 0x00007fd49e140000)

Polling page: 0x00007fd508ebf000

CodeHeap 'non-profiled nmethods': size=120032Kb used=148Kb max_used=148Kb free=119883Kb
 bounds [0x00007fd4ed60b000, 0x00007fd4ed87b000, 0x00007fd4f4b43000]
CodeHeap 'profiled nmethods': size=120028Kb used=910Kb max_used=910Kb free=119118Kb
 bounds [0x00007fd4e60d4000, 0x00007fd4e6344000, 0x00007fd4ed60b000]
CodeHeap 'non-nmethods': size=5700Kb used=1213Kb max_used=1226Kb free=4487Kb
 bounds [0x00007fd4e5b43000, 0x00007fd4e5db3000, 0x00007fd4e60d4000]
 total_blobs=1071 nmethods=561 adapters=302
 compilation: enabled

Compilation events (10 events):
Event: 0,400 Thread 0x00007fd500177800  554       3       sun.net.www.ParseUtil::firstEncodeIndex (95 bytes)
Event: 0,401 Thread 0x00007fd500177800 nmethod 554 0x00007fd4e61b2110 code [0x00007fd4e61b2360, 0x00007fd4e61b2f28]
Event: 0,401 Thread 0x00007fd500177800  555       3       java.net.URL::<init> (8 bytes)
Event: 0,401 Thread 0x00007fd500177800 nmethod 555 0x00007fd4e61b3310 code [0x00007fd4e61b34c0, 0x00007fd4e61b3648]
Event: 0,403 Thread 0x00007fd500177800  557       3       sun.invoke.util.Wrapper::forBasicType (16 bytes)
Event: 0,403 Thread 0x00007fd500177800 nmethod 557 0x00007fd4e61b3710 code [0x00007fd4e61b38c0, 0x00007fd4e61b3b28]
Event: 0,405 Thread 0x00007fd500177800  558       3       java.util.zip.ZipFile$Source::getEntryPos (206 bytes)
Event: 0,406 Thread 0x00007fd500177800 nmethod 558 0x00007fd4e61b3c10 code [0x00007fd4e61b3e80, 0x00007fd4e61b4b18]
Event: 0,414 Thread 0x00007fd500177800  559       3       java.io.UnixFileSystem::prefixLength (25 bytes)
Event: 0,415 Thread 0x00007fd500177800 nmethod 559 0x00007fd4e61b5110 code [0x00007fd4e61b5340, 0x00007fd4e61b5bd8]

GC Heap History (0 events):
No events

Deoptimization events (1 events):
Event: 0,266 Thread 0x00007fd500013000 Uncommon trap: reason=unstable_if action=reinterpret pc=0x00007fd4ed60df94 method=java.lang.String.charAt(I)C @ 4 c2

Classes redefined (0 events):
No events

Internal exceptions (9 events):
Event: 0,300 Thread 0x00007fd500013000 Exception <a 'java/lang/NoSuchMethodError'{0x000000008c614080}: java.lang.invoke.DirectMethodHandle$Holder.invokeStatic(Ljava/lang/Object;Ljava/lang/Object;)I> (0x000000008c614080) thrown at [/scratch/opt/mach5/mesos/work_dir/slaves/5af44a71-976a-41b7-81d
Event: 0,303 Thread 0x00007fd500013000 Exception <a 'java/lang/NoSuchMethodError'{0x000000008c622138}: method resolution failed> (0x000000008c622138) thrown at [/scratch/opt/mach5/mesos/work_dir/slaves/5af44a71-976a-41b7-81de-5773b84ec572-S39643/frameworks/1735e8a2-a1db-478c-8104-60c8b0af87dd-
Event: 0,304 Thread 0x00007fd500013000 Exception <a 'java/lang/NoSuchMethodError'{0x000000008c625df0}: method resolution failed> (0x000000008c625df0) thrown at [/scratch/opt/mach5/mesos/work_dir/slaves/5af44a71-976a-41b7-81de-5773b84ec572-S39643/frameworks/1735e8a2-a1db-478c-8104-60c8b0af87dd-
Event: 0,304 Thread 0x00007fd500013000 Exception <a 'java/lang/NoSuchMethodError'{0x000000008c6292f0}: java.lang.invoke.DelegatingMethodHandle$Holder.delegate(Ljava/lang/Object;Ljava/lang/Object;ILjava/lang/Object;)V> (0x000000008c6292f0) thrown at [/scratch/opt/mach5/mesos/work_dir/slaves/5af
Event: 0,305 Thread 0x00007fd500013000 Exception <a 'java/lang/NoSuchMethodError'{0x000000008c62cff8}: java.lang.invoke.DirectMethodHandle$Holder.invokeSpecial(Ljava/lang/Object;Ljava/lang/Object;Ljava/lang/Object;)I> (0x000000008c62cff8) thrown at [/scratch/opt/mach5/mesos/work_dir/slaves/5af
Event: 0,306 Thread 0x00007fd500013000 Exception <a 'java/lang/NoSuchMethodError'{0x000000008c6345c0}: java.lang.invoke.DirectMethodHandle$Holder.invokeStaticInit(Ljava/lang/Object;Ljava/lang/Object;Ljava/lang/Object;)Ljava/lang/Object;> (0x000000008c6345c0) thrown at [/scratch/opt/mach5/mesos
Event: 0,317 Thread 0x00007fd500013000 Exception <a 'java/lang/NoSuchMethodError'{0x000000008c67db90}: java.lang.Object.lambda$static$0(Ljava/lang/String;)Ljava/lang/Boolean;> (0x000000008c67db90) thrown at [/scratch/opt/mach5/mesos/work_dir/slaves/5af44a71-976a-41b7-81de-5773b84ec572-S39643/f
Event: 0,318 Thread 0x00007fd500013000 Exception <a 'java/lang/NoSuchMethodError'{0x000000008c687cc8}: java.lang.Object.lambda$union$2(Ljava/util/regex/Pattern$CharPredicate;I)Z> (0x000000008c687cc8) thrown at [/scratch/opt/mach5/mesos/work_dir/slaves/5af44a71-976a-41b7-81de-5773b84ec572-S3964
Event: 0,391 Thread 0x00007fd500013000 Exception <a 'sun/nio/fs/UnixException'{0x000000008c533df0}> (0x000000008c533df0) thrown at [/scratch/opt/mach5/mesos/work_dir/slaves/5af44a71-976a-41b7-81de-5773b84ec572-S39643/frameworks/1735e8a2-a1db-478c-8104-60c8b0af87dd-0196/executors/a3f74ad9-294f-

Events (10 events):
Event: 0,405 Thread 0x00007fd500013000 DEOPT PACKING pc=0x00007fd4e6121e06 sp=0x00007fd508e8def0
Event: 0,405 Thread 0x00007fd500013000 DEOPT UNPACKING pc=0x00007fd4e5b90aab sp=0x00007fd508e8d368 mode 0
Event: 0,405 loading class org/lwjgl/system/linux/DynamicLinkLoader
Event: 0,405 loading class org/lwjgl/system/linux/DynamicLinkLoader done
Event: 0,414 loading class org/lwjgl/opengl/GL$2
Event: 0,414 loading class org/lwjgl/opengl/GL$2 done
Event: 0,414 loading class org/lwjgl/opengl/GL$SharedLibraryGL
Event: 0,414 loading class org/lwjgl/opengl/GL$SharedLibraryGL done
Event: 0,415 loading class org/lwjgl/system/SharedLibrary$Delegate
Event: 0,415 loading class org/lwjgl/system/SharedLibrary$Delegate done


Dynamic libraries:
00400000-00401000 r-xp 00000000 08:01 3807052                            /usr/lib/jvm/java-9-oracle/bin/java
00600000-00601000 rw-p 00000000 08:01 3807052                            /usr/lib/jvm/java-9-oracle/bin/java
0144f000-01470000 rw-p 00000000 00:00 0                                  [heap]
85000000-8cc00000 rw-p 00000000 00:00 0 
8cc00000-100000000 ---p 00000000 00:00 0 
100000000-1000e0000 rw-p 00000000 00:00 0 
1000e0000-140000000 ---p 00000000 00:00 0 
7fd458000000-7fd458021000 rw-p 00000000 00:00 0 
7fd458021000-7fd45c000000 ---p 00000000 00:00 0 
7fd45ca88000-7fd45cc87000 rw-p 00000000 00:00 0 
7fd45cc87000-7fd45cc8c000 r-xp 00000000 08:01 3415809                    /usr/lib/x86_64-linux-gnu/libXdmcp.so.6.0.0
7fd45cc8c000-7fd45ce8b000 ---p 00005000 08:01 3415809                    /usr/lib/x86_64-linux-gnu/libXdmcp.so.6.0.0
7fd45ce8b000-7fd45ce8c000 r--p 00004000 08:01 3415809                    /usr/lib/x86_64-linux-gnu/libXdmcp.so.6.0.0
7fd45ce8c000-7fd45ce8d000 rw-p 00005000 08:01 3415809                    /usr/lib/x86_64-linux-gnu/libXdmcp.so.6.0.0
7fd45ce8d000-7fd45ce8f000 r-xp 00000000 08:01 3415798                    /usr/lib/x86_64-linux-gnu/libXau.so.6.0.0
7fd45ce8f000-7fd45d08f000 ---p 00002000 08:01 3415798                    /usr/lib/x86_64-linux-gnu/libXau.so.6.0.0
7fd45d08f000-7fd45d090000 r--p 00002000 08:01 3415798                    /usr/lib/x86_64-linux-gnu/libXau.so.6.0.0
7fd45d090000-7fd45d091000 rw-p 00003000 08:01 3415798                    /usr/lib/x86_64-linux-gnu/libXau.so.6.0.0
7fd45d091000-7fd45d0b2000 r-xp 00000000 08:01 3417216                    /usr/lib/x86_64-linux-gnu/libxcb.so.1.1.0
7fd45d0b2000-7fd45d2b1000 ---p 00021000 08:01 3417216                    /usr/lib/x86_64-linux-gnu/libxcb.so.1.1.0
7fd45d2b1000-7fd45d2b2000 r--p 00020000 08:01 3417216                    /usr/lib/x86_64-linux-gnu/libxcb.so.1.1.0
7fd45d2b2000-7fd45d2b3000 rw-p 00021000 08:01 3417216                    /usr/lib/x86_64-linux-gnu/libxcb.so.1.1.0
7fd45d2b3000-7fd45d2c4000 r-xp 00000000 08:01 3415811                    /usr/lib/x86_64-linux-gnu/libXext.so.6.4.0
7fd45d2c4000-7fd45d4c3000 ---p 00011000 08:01 3415811                    /usr/lib/x86_64-linux-gnu/libXext.so.6.4.0
7fd45d4c3000-7fd45d4c4000 r--p 00010000 08:01 3415811                    /usr/lib/x86_64-linux-gnu/libXext.so.6.4.0
7fd45d4c4000-7fd45d4c5000 rw-p 00011000 08:01 3415811                    /usr/lib/x86_64-linux-gnu/libXext.so.6.4.0
7fd45d4c5000-7fd45d5fa000 r-xp 00000000 08:01 3415794                    /usr/lib/x86_64-linux-gnu/libX11.so.6.3.0
7fd45d5fa000-7fd45d7fa000 ---p 00135000 08:01 3415794                    /usr/lib/x86_64-linux-gnu/libX11.so.6.3.0
7fd45d7fa000-7fd45d7fb000 r--p 00135000 08:01 3415794                    /usr/lib/x86_64-linux-gnu/libX11.so.6.3.0
7fd45d7fb000-7fd45d7ff000 rw-p 00136000 08:01 3415794                    /usr/lib/x86_64-linux-gnu/libX11.so.6.3.0
7fd45d7ff000-7fd45ec1d000 r-xp 00000000 08:01 3411185                    /usr/lib/nvidia-390/libnvidia-glcore.so.390.48
7fd45ec1d000-7fd45ec3e000 rwxp 0141e000 08:01 3411185                    /usr/lib/nvidia-390/libnvidia-glcore.so.390.48
7fd45ec3e000-7fd45f073000 r-xp 0143f000 08:01 3411185                    /usr/lib/nvidia-390/libnvidia-glcore.so.390.48
7fd45f073000-7fd45f273000 ---p 01874000 08:01 3411185                    /usr/lib/nvidia-390/libnvidia-glcore.so.390.48
7fd45f273000-7fd45f5e6000 rw-p 01874000 08:01 3411185                    /usr/lib/nvidia-390/libnvidia-glcore.so.390.48
7fd45f5e6000-7fd45f5ff000 rw-p 00000000 00:00 0 
7fd45f5ff000-7fd45f602000 r-xp 00000000 08:01 3411189                    /usr/lib/nvidia-390/tls/libnvidia-tls.so.390.48
7fd45f602000-7fd45f802000 ---p 00003000 08:01 3411189                    /usr/lib/nvidia-390/tls/libnvidia-tls.so.390.48
7fd45f802000-7fd45f803000 rw-p 00003000 08:01 3411189                    /usr/lib/nvidia-390/tls/libnvidia-tls.so.390.48
7fd45f803000-7fd45f8cc000 r-xp 00000000 08:01 3411194                    /usr/lib/nvidia-390/libGL.so.390.48
7fd45f8cc000-7fd45f900000 rwxp 000c9000 08:01 3411194                    /usr/lib/nvidia-390/libGL.so.390.48
7fd45f900000-7fd45f914000 r-xp 000fd000 08:01 3411194                    /usr/lib/nvidia-390/libGL.so.390.48
7fd45f914000-7fd45fb14000 ---p 00111000 08:01 3411194                    /usr/lib/nvidia-390/libGL.so.390.48
7fd45fb14000-7fd45fb39000 rw-p 00111000 08:01 3411194                    /usr/lib/nvidia-390/libGL.so.390.48
7fd45fb39000-7fd45fb40000 rw-p 00000000 00:00 0 
7fd45fb40000-7fd45fbab000 r-xp 00000000 08:01 23724423                   /tmp/lwjgloliver/3.1.5-build-1/liblwjgl_opengl.so
7fd45fbab000-7fd45fdaa000 ---p 0006b000 08:01 23724423                   /tmp/lwjgloliver/3.1.5-build-1/liblwjgl_opengl.so
7fd45fdaa000-7fd45fdab000 r--p 0006a000 08:01 23724423                   /tmp/lwjgloliver/3.1.5-build-1/liblwjgl_opengl.so
7fd45fdab000-7fd45fdac000 rw-p 0006b000 08:01 23724423                   /tmp/lwjgloliver/3.1.5-build-1/liblwjgl_opengl.so
7fd45fdac000-7fd45fdff000 r-xp 00000000 08:01 23724420                   /tmp/lwjgloliver/3.1.5-build-1/liblwjgl.so
7fd45fdff000-7fd45fffe000 ---p 00053000 08:01 23724420                   /tmp/lwjgloliver/3.1.5-build-1/liblwjgl.so
7fd45fffe000-7fd45ffff000 r--p 00052000 08:01 23724420                   /tmp/lwjgloliver/3.1.5-build-1/liblwjgl.so
7fd45ffff000-7fd460000000 rw-p 00053000 08:01 23724420                   /tmp/lwjgloliver/3.1.5-build-1/liblwjgl.so
7fd460000000-7fd460021000 rw-p 00000000 00:00 0 
7fd460021000-7fd464000000 ---p 00000000 00:00 0 
7fd464000000-7fd464021000 rw-p 00000000 00:00 0 
7fd464021000-7fd468000000 ---p 00000000 00:00 0 
7fd468000000-7fd468199000 rw-p 00000000 00:00 0 
7fd468199000-7fd46c000000 ---p 00000000 00:00 0 
7fd46c000000-7fd46c021000 rw-p 00000000 00:00 0 
7fd46c021000-7fd470000000 ---p 00000000 00:00 0 
7fd470000000-7fd4700e7000 rw-p 00000000 00:00 0 
7fd4700e7000-7fd474000000 ---p 00000000 00:00 0 
7fd474000000-7fd4740a7000 rw-p 00000000 00:00 0 
7fd4740a7000-7fd478000000 ---p 00000000 00:00 0 
7fd478000000-7fd478021000 rw-p 00000000 00:00 0 
7fd478021000-7fd47c000000 ---p 00000000 00:00 0 
7fd47c000000-7fd47c1b7000 rw-p 00000000 00:00 0 
7fd47c1b7000-7fd480000000 ---p 00000000 00:00 0 
7fd480000000-7fd480021000 rw-p 00000000 00:00 0 
7fd480021000-7fd484000000 ---p 00000000 00:00 0 
7fd484000000-7fd484021000 rw-p 00000000 00:00 0 
7fd484021000-7fd488000000 ---p 00000000 00:00 0 
7fd488000000-7fd488021000 rw-p 00000000 00:00 0 
7fd488021000-7fd48c000000 ---p 00000000 00:00 0 
7fd48c174000-7fd48c175000 ---p 00000000 00:00 0 
7fd48c175000-7fd48c275000 rw-p 00000000 00:00 0 
7fd48c275000-7fd48c279000 ---p 00000000 00:00 0 
7fd48c279000-7fd48c376000 rw-p 00000000 00:00 0 
7fd48c376000-7fd48c37a000 ---p 00000000 00:00 0 
7fd48c37a000-7fd48c477000 rw-p 00000000 00:00 0 
7fd48c477000-7fd48c48d000 r-xp 00000000 08:01 5641750                    /usr/lib/jvm/java-9-oracle/lib/libnet.so
7fd48c48d000-7fd48c68d000 ---p 00016000 08:01 5641750                    /usr/lib/jvm/java-9-oracle/lib/libnet.so
7fd48c68d000-7fd48c68e000 rw-p 00016000 08:01 5641750                    /usr/lib/jvm/java-9-oracle/lib/libnet.so
7fd48c68e000-7fd48c69e000 r-xp 00000000 08:01 5641814                    /usr/lib/jvm/java-9-oracle/lib/libnio.so
7fd48c69e000-7fd48c89e000 ---p 00010000 08:01 5641814                    /usr/lib/jvm/java-9-oracle/lib/libnio.so
7fd48c89e000-7fd48c89f000 rw-p 00010000 08:01 5641814                    /usr/lib/jvm/java-9-oracle/lib/libnio.so
7fd48c89f000-7fd48c8a3000 ---p 00000000 00:00 0 
7fd48c8a3000-7fd48c9a0000 rw-p 00000000 00:00 0 
7fd48c9a0000-7fd48c9a4000 ---p 00000000 00:00 0 
7fd48c9a4000-7fd48caa1000 rw-p 00000000 00:00 0 
7fd48caa1000-7fd48caa5000 ---p 00000000 00:00 0 
7fd48caa5000-7fd48cba2000 rw-p 00000000 00:00 0 
7fd48cba2000-7fd48cba6000 ---p 00000000 00:00 0 
7fd48cba6000-7fd48cca3000 rw-p 00000000 00:00 0 
7fd48cca3000-7fd48cca7000 ---p 00000000 00:00 0 
7fd48cca7000-7fd48cda4000 rw-p 00000000 00:00 0 
7fd48cda4000-7fd48cda8000 ---p 00000000 00:00 0 
7fd48cda8000-7fd48cea5000 rw-p 00000000 00:00 0 
7fd48cea5000-7fd48d2fb000 r--p 00000000 08:01 3409364                    /usr/lib/locale/locale-archive
7fd48d2fb000-7fd48d2ff000 ---p 00000000 00:00 0 
7fd48d2ff000-7fd48d3fc000 rw-p 00000000 00:00 0 
7fd48d3fc000-7fd48d400000 ---p 00000000 00:00 0 
7fd48d400000-7fd48d4fd000 rw-p 00000000 00:00 0 
7fd48d4fd000-7fd48d4fe000 ---p 00000000 00:00 0 
7fd48d4fe000-7fd48ddfe000 rw-p 00000000 00:00 0 
7fd48ddfe000-7fd48e000000 rw-p 00000000 00:00 0 
7fd48e000000-7fd490000000 rwxp 00000000 00:00 0 
7fd490000000-7fd490021000 rw-p 00000000 00:00 0 
7fd490021000-7fd494000000 ---p 00000000 00:00 0 
7fd494000000-7fd494021000 rw-p 00000000 00:00 0 
7fd494021000-7fd498000000 ---p 00000000 00:00 0 
7fd498000000-7fd498021000 rw-p 00000000 00:00 0 
7fd498021000-7fd49c000000 ---p 00000000 00:00 0 
7fd49c04d000-7fd49c470000 rw-p 00000000 00:00 0 
7fd49c470000-7fd49e140000 ---p 00000000 00:00 0 
7fd49e140000-7fd49e330000 rw-p 00000000 00:00 0 
7fd49e330000-7fd4a0000000 ---p 00000000 00:00 0 
7fd4a0000000-7fd4a0021000 rw-p 00000000 00:00 0 
7fd4a0021000-7fd4a4000000 ---p 00000000 00:00 0 
7fd4a4000000-7fd4a4021000 rw-p 00000000 00:00 0 
7fd4a4021000-7fd4a8000000 ---p 00000000 00:00 0 
7fd4a8000000-7fd4a8021000 rw-p 00000000 00:00 0 
7fd4a8021000-7fd4ac000000 ---p 00000000 00:00 0 
7fd4ac000000-7fd4ac021000 rw-p 00000000 00:00 0 
7fd4ac021000-7fd4b0000000 ---p 00000000 00:00 0 
7fd4b0000000-7fd4b0021000 rw-p 00000000 00:00 0 
7fd4b0021000-7fd4b4000000 ---p 00000000 00:00 0 
7fd4b4000000-7fd4b4021000 rw-p 00000000 00:00 0 
7fd4b4021000-7fd4b8000000 ---p 00000000 00:00 0 
7fd4b8000000-7fd4b8021000 rw-p 00000000 00:00 0 
7fd4b8021000-7fd4bc000000 ---p 00000000 00:00 0 
7fd4bc000000-7fd4bc021000 rw-p 00000000 00:00 0 
7fd4bc021000-7fd4c0000000 ---p 00000000 00:00 0 
7fd4c0000000-7fd4c0021000 rw-p 00000000 00:00 0 
7fd4c0021000-7fd4c4000000 ---p 00000000 00:00 0 
7fd4c4000000-7fd4c4021000 rw-p 00000000 00:00 0 
7fd4c4021000-7fd4c8000000 ---p 00000000 00:00 0 
7fd4c8000000-7fd4c8021000 rw-p 00000000 00:00 0 
7fd4c8021000-7fd4cc000000 ---p 00000000 00:00 0 
7fd4cc000000-7fd4cc021000 rw-p 00000000 00:00 0 
7fd4cc021000-7fd4d0000000 ---p 00000000 00:00 0 
7fd4d0000000-7fd4d0021000 rw-p 00000000 00:00 0 
7fd4d0021000-7fd4d4000000 ---p 00000000 00:00 0 
7fd4d4000000-7fd4d4021000 rw-p 00000000 00:00 0 
7fd4d4021000-7fd4d8000000 ---p 00000000 00:00 0 
7fd4d8000000-7fd4d8021000 rw-p 00000000 00:00 0 
7fd4d8021000-7fd4dc000000 ---p 00000000 00:00 0 
7fd4dc000000-7fd4dc021000 rw-p 00000000 00:00 0 
7fd4dc021000-7fd4e0000000 ---p 00000000 00:00 0 
7fd4e0000000-7fd4e0021000 rw-p 00000000 00:00 0 
7fd4e0021000-7fd4e4000000 ---p 00000000 00:00 0 
7fd4e4007000-7fd4e44dc000 rw-p 00000000 00:00 0 
7fd4e44dc000-7fd4e44dd000 ---p 00000000 00:00 0 
7fd4e44dd000-7fd4e45dd000 rw-p 00000000 00:00 0 
7fd4e45dd000-7fd4e45de000 ---p 00000000 00:00 0 
7fd4e45de000-7fd4e46de000 rw-p 00000000 00:00 0 
7fd4e46de000-7fd4e46df000 ---p 00000000 00:00 0 
7fd4e46df000-7fd4e481d000 rw-p 00000000 00:00 0 
7fd4e481d000-7fd4e4bb7000 ---p 00000000 00:00 0 
7fd4e4bb7000-7fd4e4bf5000 rw-p 00000000 00:00 0 
7fd4e4bf5000-7fd4e5367000 ---p 00000000 00:00 0 
7fd4e5367000-7fd4e53a5000 rw-p 00000000 00:00 0 
7fd4e53a5000-7fd4e573f000 ---p 00000000 00:00 0 
7fd4e573f000-7fd4e5740000 ---p 00000000 00:00 0 
7fd4e5740000-7fd4e5840000 rw-p 00000000 00:00 0 
7fd4e5840000-7fd4e5841000 ---p 00000000 00:00 0 
7fd4e5841000-7fd4e5941000 rw-p 00000000 00:00 0 
7fd4e5941000-7fd4e5942000 ---p 00000000 00:00 0 
7fd4e5942000-7fd4e5a42000 rw-p 00000000 00:00 0 
7fd4e5a42000-7fd4e5a43000 ---p 00000000 00:00 0 
7fd4e5a43000-7fd4e5b43000 rw-p 00000000 00:00 0 
7fd4e5b43000-7fd4e5db3000 rwxp 00000000 00:00 0 
7fd4e5db3000-7fd4e60d4000 ---p 00000000 00:00 0 
7fd4e60d4000-7fd4e6344000 rwxp 00000000 00:00 0 
7fd4e6344000-7fd4ed60b000 ---p 00000000 00:00 0 
7fd4ed60b000-7fd4ed87b000 rwxp 00000000 00:00 0 
7fd4ed87b000-7fd4f4b43000 ---p 00000000 00:00 0 
7fd4f4b43000-7fd500000000 r--s 00000000 08:01 5641785                    /usr/lib/jvm/java-9-oracle/lib/modules
7fd500000000-7fd500684000 rw-p 00000000 00:00 0 
7fd500684000-7fd504000000 ---p 00000000 00:00 0 
7fd504030000-7fd504058000 rw-p 00000000 00:00 0 
7fd504058000-7fd504059000 ---p 00000000 00:00 0 
7fd504059000-7fd504159000 rw-p 00000000 00:00 0 
7fd504159000-7fd50415a000 ---p 00000000 00:00 0 
7fd50415a000-7fd50425a000 rw-p 00000000 00:00 0 
7fd50425a000-7fd50425b000 ---p 00000000 00:00 0 
7fd50425b000-7fd50435b000 rw-p 00000000 00:00 0 
7fd50435b000-7fd50435c000 ---p 00000000 00:00 0 
7fd50435c000-7fd50445c000 rw-p 00000000 00:00 0 
7fd50445c000-7fd50445d000 ---p 00000000 00:00 0 
7fd50445d000-7fd504d65000 rw-p 00000000 00:00 0 
7fd504d65000-7fd504d66000 ---p 00000000 00:00 0 
7fd504d66000-7fd504e66000 rw-p 00000000 00:00 0 
7fd504e66000-7fd504e67000 ---p 00000000 00:00 0 
7fd504e67000-7fd504f67000 rw-p 00000000 00:00 0 
7fd504f67000-7fd504f68000 ---p 00000000 00:00 0 
7fd504f68000-7fd505068000 rw-p 00000000 00:00 0 
7fd505068000-7fd505069000 ---p 00000000 00:00 0 
7fd505069000-7fd505169000 rw-p 00000000 00:00 0 
7fd505169000-7fd50516a000 ---p 00000000 00:00 0 
7fd50516a000-7fd50526a000 rw-p 00000000 00:00 0 
7fd50526a000-7fd50526b000 ---p 00000000 00:00 0 
7fd50526b000-7fd50536b000 rw-p 00000000 00:00 0 
7fd50536b000-7fd50536c000 ---p 00000000 00:00 0 
7fd50536c000-7fd50546c000 rw-p 00000000 00:00 0 
7fd50546c000-7fd50546d000 ---p 00000000 00:00 0 
7fd50546d000-7fd505572000 rw-p 00000000 00:00 0 
7fd505572000-7fd505658000 ---p 00000000 00:00 0 
7fd505658000-7fd50565d000 rw-p 00000000 00:00 0 
7fd50565d000-7fd505743000 ---p 00000000 00:00 0 
7fd505743000-7fd50575d000 r-xp 00000000 08:01 5641707                    /usr/lib/jvm/java-9-oracle/lib/libjimage.so
7fd50575d000-7fd50595c000 ---p 0001a000 08:01 5641707                    /usr/lib/jvm/java-9-oracle/lib/libjimage.so
7fd50595c000-7fd50595e000 rw-p 00019000 08:01 5641707                    /usr/lib/jvm/java-9-oracle/lib/libjimage.so
7fd50595e000-7fd505970000 rw-p 00000000 00:00 0 
7fd505970000-7fd505977000 r-xp 00000000 08:01 5641822                    /usr/lib/jvm/java-9-oracle/lib/libzip.so
7fd505977000-7fd505b76000 ---p 00007000 08:01 5641822                    /usr/lib/jvm/java-9-oracle/lib/libzip.so
7fd505b76000-7fd505b77000 rw-p 00006000 08:01 5641822                    /usr/lib/jvm/java-9-oracle/lib/libzip.so
7fd505b77000-7fd505b82000 r-xp 00000000 08:01 24642406                   /lib/x86_64-linux-gnu/libnss_files-2.23.so
7fd505b82000-7fd505d81000 ---p 0000b000 08:01 24642406                   /lib/x86_64-linux-gnu/libnss_files-2.23.so
7fd505d81000-7fd505d82000 r--p 0000a000 08:01 24642406                   /lib/x86_64-linux-gnu/libnss_files-2.23.so
7fd505d82000-7fd505d83000 rw-p 0000b000 08:01 24642406                   /lib/x86_64-linux-gnu/libnss_files-2.23.so
7fd505d83000-7fd505d89000 rw-p 00000000 00:00 0 
7fd505d89000-7fd505d94000 r-xp 00000000 08:01 24642410                   /lib/x86_64-linux-gnu/libnss_nis-2.23.so
7fd505d94000-7fd505f93000 ---p 0000b000 08:01 24642410                   /lib/x86_64-linux-gnu/libnss_nis-2.23.so
7fd505f93000-7fd505f94000 r--p 0000a000 08:01 24642410                   /lib/x86_64-linux-gnu/libnss_nis-2.23.so
7fd505f94000-7fd505f95000 rw-p 0000b000 08:01 24642410                   /lib/x86_64-linux-gnu/libnss_nis-2.23.so
7fd505f95000-7fd505fab000 r-xp 00000000 08:01 24642390                   /lib/x86_64-linux-gnu/libnsl-2.23.so
7fd505fab000-7fd5061aa000 ---p 00016000 08:01 24642390                   /lib/x86_64-linux-gnu/libnsl-2.23.so
7fd5061aa000-7fd5061ab000 r--p 00015000 08:01 24642390                   /lib/x86_64-linux-gnu/libnsl-2.23.so
7fd5061ab000-7fd5061ac000 rw-p 00016000 08:01 24642390                   /lib/x86_64-linux-gnu/libnsl-2.23.so
7fd5061ac000-7fd5061ae000 rw-p 00000000 00:00 0 
7fd5061ae000-7fd5061b6000 r-xp 00000000 08:01 24642401                   /lib/x86_64-linux-gnu/libnss_compat-2.23.so
7fd5061b6000-7fd5063b5000 ---p 00008000 08:01 24642401                   /lib/x86_64-linux-gnu/libnss_compat-2.23.so
7fd5063b5000-7fd5063b6000 r--p 00007000 08:01 24642401                   /lib/x86_64-linux-gnu/libnss_compat-2.23.so
7fd5063b6000-7fd5063b7000 rw-p 00008000 08:01 24642401                   /lib/x86_64-linux-gnu/libnss_compat-2.23.so
7fd5063b7000-7fd5063e2000 r-xp 00000000 08:01 5641743                    /usr/lib/jvm/java-9-oracle/lib/libjava.so
7fd5063e2000-7fd5065e1000 ---p 0002b000 08:01 5641743                    /usr/lib/jvm/java-9-oracle/lib/libjava.so
7fd5065e1000-7fd5065e3000 rw-p 0002a000 08:01 5641743                    /usr/lib/jvm/java-9-oracle/lib/libjava.so
7fd5065e3000-7fd5065f0000 r-xp 00000000 08:01 5641768                    /usr/lib/jvm/java-9-oracle/lib/libverify.so
7fd5065f0000-7fd5067ef000 ---p 0000d000 08:01 5641768                    /usr/lib/jvm/java-9-oracle/lib/libverify.so
7fd5067ef000-7fd5067f1000 rw-p 0000c000 08:01 5641768                    /usr/lib/jvm/java-9-oracle/lib/libverify.so
7fd5067f1000-7fd5067f8000 r-xp 00000000 08:01 24642411                   /lib/x86_64-linux-gnu/librt-2.23.so
7fd5067f8000-7fd5069f7000 ---p 00007000 08:01 24642411                   /lib/x86_64-linux-gnu/librt-2.23.so
7fd5069f7000-7fd5069f8000 r--p 00006000 08:01 24642411                   /lib/x86_64-linux-gnu/librt-2.23.so
7fd5069f8000-7fd5069f9000 rw-p 00007000 08:01 24642411                   /lib/x86_64-linux-gnu/librt-2.23.so
7fd5069f9000-7fd506b01000 r-xp 00000000 08:01 24642389                   /lib/x86_64-linux-gnu/libm-2.23.so
7fd506b01000-7fd506d00000 ---p 00108000 08:01 24642389                   /lib/x86_64-linux-gnu/libm-2.23.so
7fd506d00000-7fd506d01000 r--p 00107000 08:01 24642389                   /lib/x86_64-linux-gnu/libm-2.23.so
7fd506d01000-7fd506d02000 rw-p 00108000 08:01 24642389                   /lib/x86_64-linux-gnu/libm-2.23.so
7fd506d02000-7fd507d17000 r-xp 00000000 08:01 6951024                    /usr/lib/jvm/java-9-oracle/lib/server/libjvm.so
7fd507d17000-7fd507f16000 ---p 01015000 08:01 6951024                    /usr/lib/jvm/java-9-oracle/lib/server/libjvm.so
7fd507f16000-7fd507fe7000 r--p 01014000 08:01 6951024                    /usr/lib/jvm/java-9-oracle/lib/server/libjvm.so
7fd507fe7000-7fd50801e000 rw-p 010e5000 08:01 6951024                    /usr/lib/jvm/java-9-oracle/lib/server/libjvm.so
7fd50801e000-7fd508087000 rw-p 00000000 00:00 0 
7fd508087000-7fd508247000 r-xp 00000000 08:01 24642393                   /lib/x86_64-linux-gnu/libc-2.23.so
7fd508247000-7fd508447000 ---p 001c0000 08:01 24642393                   /lib/x86_64-linux-gnu/libc-2.23.so
7fd508447000-7fd50844b000 r--p 001c0000 08:01 24642393                   /lib/x86_64-linux-gnu/libc-2.23.so
7fd50844b000-7fd50844d000 rw-p 001c4000 08:01 24642393                   /lib/x86_64-linux-gnu/libc-2.23.so
7fd50844d000-7fd508451000 rw-p 00000000 00:00 0 
7fd508451000-7fd508454000 r-xp 00000000 08:01 24642395                   /lib/x86_64-linux-gnu/libdl-2.23.so
7fd508454000-7fd508653000 ---p 00003000 08:01 24642395                   /lib/x86_64-linux-gnu/libdl-2.23.so
7fd508653000-7fd508654000 r--p 00002000 08:01 24642395                   /lib/x86_64-linux-gnu/libdl-2.23.so
7fd508654000-7fd508655000 rw-p 00003000 08:01 24642395                   /lib/x86_64-linux-gnu/libdl-2.23.so
7fd508655000-7fd508663000 r-xp 00000000 08:01 6951026                    /usr/lib/jvm/java-9-oracle/lib/jli/libjli.so
7fd508663000-7fd508863000 ---p 0000e000 08:01 6951026                    /usr/lib/jvm/java-9-oracle/lib/jli/libjli.so
7fd508863000-7fd508864000 rw-p 0000e000 08:01 6951026                    /usr/lib/jvm/java-9-oracle/lib/jli/libjli.so
7fd508864000-7fd50887c000 r-xp 00000000 08:01 24642392                   /lib/x86_64-linux-gnu/libpthread-2.23.so
7fd50887c000-7fd508a7b000 ---p 00018000 08:01 24642392                   /lib/x86_64-linux-gnu/libpthread-2.23.so
7fd508a7b000-7fd508a7c000 r--p 00017000 08:01 24642392                   /lib/x86_64-linux-gnu/libpthread-2.23.so
7fd508a7c000-7fd508a7d000 rw-p 00018000 08:01 24642392                   /lib/x86_64-linux-gnu/libpthread-2.23.so
7fd508a7d000-7fd508a81000 rw-p 00000000 00:00 0 
7fd508a81000-7fd508a9a000 r-xp 00000000 08:01 24646264                   /lib/x86_64-linux-gnu/libz.so.1.2.8
7fd508a9a000-7fd508c99000 ---p 00019000 08:01 24646264                   /lib/x86_64-linux-gnu/libz.so.1.2.8
7fd508c99000-7fd508c9a000 r--p 00018000 08:01 24646264                   /lib/x86_64-linux-gnu/libz.so.1.2.8
7fd508c9a000-7fd508c9b000 rw-p 00019000 08:01 24646264                   /lib/x86_64-linux-gnu/libz.so.1.2.8
7fd508c9b000-7fd508cc1000 r-xp 00000000 08:01 24642391                   /lib/x86_64-linux-gnu/ld-2.23.so
7fd508cd4000-7fd508d91000 rw-p 00000000 00:00 0 
7fd508d91000-7fd508d96000 ---p 00000000 00:00 0 
7fd508d96000-7fd508e97000 rw-p 00000000 00:00 0 
7fd508ea9000-7fd508eaf000 rw-p 00000000 00:00 0 
7fd508eaf000-7fd508eb6000 ---p 00000000 00:00 0 
7fd508eb6000-7fd508ebe000 rw-s 00000000 08:01 23724406                   /tmp/hsperfdata_oliver/20494
7fd508ebe000-7fd508ebf000 rw-p 00000000 00:00 0 
7fd508ebf000-7fd508ec0000 r--p 00000000 00:00 0 
7fd508ec0000-7fd508ec1000 r--p 00025000 08:01 24642391                   /lib/x86_64-linux-gnu/ld-2.23.so
7fd508ec1000-7fd508ec2000 rw-p 00026000 08:01 24642391                   /lib/x86_64-linux-gnu/ld-2.23.so
7fd508ec2000-7fd508ec3000 rw-p 00000000 00:00 0 
7ffcec809000-7ffcec82b000 rw-p 00000000 00:00 0                          [stack]
7ffcec987000-7ffcec98a000 r--p 00000000 00:00 0                          [vvar]
7ffcec98a000-7ffcec98c000 r-xp 00000000 00:00 0                          [vdso]
ffffffffff600000-ffffffffff601000 r-xp 00000000 00:00 0                  [vsyscall]

VM Arguments:
jvm_args: -Dorg.lwjgl.util.Debug=true -Djava.library.path=nope -Dfile.encoding=UTF-8 
java_command: base.IkSolver
java_class_path (initial): /home/oliver/git/Master_thesis_java/Masterthesis_IK/target/classes:/home/oliver/git/Master_thesis_java/Masterthesis_IK/libs/Caliko-v1.3.3/jar/caliko-1.3.3.jar:/home/oliver/git/Master_thesis_java/Masterthesis_IK/libs/Caliko-v1.3.3/jar/caliko-demo-1.3.3.jar:/home/oliver/git/Master_thesis_java/Masterthesis_IK/libs/Caliko-v1.3.3/jar/caliko-visualisation-1.3.3.jar:/home/oliver/.m2/repository/org/lwjgl/lwjgl/3.1.5/lwjgl-3.1.5.jar:/home/oliver/.m2/repository/org/lwjgl/lwjgl-assimp/3.1.5/lwjgl-assimp-3.1.5.jar:/home/oliver/.m2/repository/org/lwjgl/lwjgl-bgfx/3.1.5/lwjgl-bgfx-3.1.5.jar:/home/oliver/.m2/repository/org/lwjgl/lwjgl-glfw/3.1.5/lwjgl-glfw-3.1.5.jar:/home/oliver/.m2/repository/org/lwjgl/lwjgl-nanovg/3.1.5/lwjgl-nanovg-3.1.5.jar:/home/oliver/.m2/repository/org/lwjgl/lwjgl-nuklear/3.1.5/lwjgl-nuklear-3.1.5.jar:/home/oliver/.m2/repository/org/lwjgl/lwjgl-openal/3.1.5/lwjgl-openal-3.1.5.jar:/home/oliver/.m2/repository/org/lwjgl/lwjgl-opengl/3.1.5/lwjgl-opengl-3.1.5.jar:/home/oliver/.m2/repository/org/lwjgl/lwjgl-openvr/3.1.5/lwjgl-openvr-3.1.5.jar:/home/oliver/.m2/repository/org/lwjgl/lwjgl-par/3.1.5/lwjgl-par-3.1.5.jar:/home/oliver/.m2/repository/org/lwjgl/lwjgl-stb/3.1.5/lwjgl-stb-3.1.5.jar:/home/oliver/.m2/repository/org/lwjgl/lwjgl-vulkan/3.1.5/lwjgl-vulkan-3.1.5.jar:/home/oliver/.m2/repository/org/lwjgl/lwjgl/3.1.5/lwjgl-3.1.5-natives-linux.jar:/home/oliver/.m2/repository/org/lwjgl/lwjgl-assimp/3.1.5/lwjgl-assimp-3.1.5-natives-linux.jar:/home/oliver/.m2/repository/org/lwjgl/lwjgl-bgfx/3.1.5/lwjgl-bgfx-3.1.5-natives-linux.jar:/home/oliver/.m2/repository/org/lwjgl/lwjgl-glfw/3.1.5/lwjgl-glfw-3.1.5-natives-linux.jar:/home/oliver/.m2/repository/org/lwjgl/lwjgl-nanovg/3.1.5/lwjgl-nanovg-3.1.5-natives-linux.jar:/home/oliver/.m2/repository/org/lwjgl/lwjgl-nuklear/3.1.5/lwjgl-nuklear-3.1.5-natives-linux.jar:/home/oliver/.m2/repository/org/lwjgl/lwjgl-openal/3.1.5/lwjgl-openal-3.1.5-natives-linux.jar:/home/oliver/.m2/repository/org/lwjgl/lwjgl
Launcher Type: SUN_STANDARD

Logging:
Log output configuration:
#0: stdout all=warning uptime,level,tags
#1: stderr all=off uptime,level,tags

Environment Variables:
JAVA_HOME=/usr/lib/jvm/java-9-oracle
PATH=/home/oliver/bin:/home/oliver/.local/bin:/usr/local/sbin:/usr/local/bin:/usr/sbin:/usr/bin:/sbin:/bin:/usr/games:/usr/local/games:/snap/bin:/usr/lib/jvm/java-9-oracle/bin:/usr/lib/jvm/java-9-oracle/db/bin
SHELL=/bin/bash
DISPLAY=:0

Signal Handlers:
SIGSEGV: [libjvm.so+0xd4d370], sa_mask[0]=11111111011111111101111111111110, sa_flags=SA_RESTART|SA_SIGINFO
SIGBUS: [libjvm.so+0xd4d370], sa_mask[0]=11111111011111111101111111111110, sa_flags=SA_RESTART|SA_SIGINFO
SIGFPE: [libjvm.so+0xd4d370], sa_mask[0]=11111111011111111101111111111110, sa_flags=SA_RESTART|SA_SIGINFO
SIGPIPE: [libjvm.so+0xb64780], sa_mask[0]=11111111011111111101111111111110, sa_flags=SA_RESTART|SA_SIGINFO
SIGXFSZ: [libjvm.so+0xb64780], sa_mask[0]=11111111011111111101111111111110, sa_flags=SA_RESTART|SA_SIGINFO
SIGILL: [libjvm.so+0xd4d370], sa_mask[0]=11111111011111111101111111111110, sa_flags=SA_RESTART|SA_SIGINFO
SIGUSR2: [libjvm.so+0xb64640], sa_mask[0]=00100000000000000000000000000000, sa_flags=SA_RESTART|SA_SIGINFO
SIGHUP: [libjvm.so+0xb64850], sa_mask[0]=11111111011111111101111111111110, sa_flags=SA_RESTART|SA_SIGINFO
SIGINT: [libjvm.so+0xb64850], sa_mask[0]=11111111011111111101111111111110, sa_flags=SA_RESTART|SA_SIGINFO
SIGTERM: [libjvm.so+0xb64850], sa_mask[0]=11111111011111111101111111111110, sa_flags=SA_RESTART|SA_SIGINFO
SIGQUIT: [libjvm.so+0xb64850], sa_mask[0]=11111111011111111101111111111110, sa_flags=SA_RESTART|SA_SIGINFO


---------------  S Y S T E M  ---------------

OS:DISTRIB_ID=Ubuntu
DISTRIB_RELEASE=16.04
DISTRIB_CODENAME=xenial
DISTRIB_DESCRIPTION="Ubuntu 16.04.4 LTS"
uname:Linux 4.13.0-41-generic #46~16.04.1-Ubuntu SMP Thu May 3 10:06:43 UTC 2018 x86_64
libc:glibc 2.23 NPTL 2.23 
rlimit: STACK 8192k, CORE 0k, NPROC 31243, NOFILE 1048576, AS infinity
load average:0,60 1,11 1,09

/proc/meminfo:
MemTotal:        8059524 kB
MemFree:         1451056 kB
MemAvailable:    4335104 kB
Buffers:          548888 kB
Cached:          2472132 kB
SwapCached:            0 kB
Active:          4302056 kB
Inactive:        1686820 kB
Active(anon):    2914572 kB
Inactive(anon):   192368 kB
Active(file):    1387484 kB
Inactive(file):  1494452 kB
Unevictable:          80 kB
Mlocked:              80 kB
SwapTotal:       8278012 kB
SwapFree:        8278012 kB
Dirty:               352 kB
Writeback:             0 kB
AnonPages:       2967908 kB
Mapped:           910984 kB
Shmem:            198680 kB
Slab:             375608 kB
SReclaimable:     307328 kB
SUnreclaim:        68280 kB
KernelStack:       16912 kB
PageTables:        55268 kB
NFS_Unstable:          0 kB
Bounce:                0 kB
WritebackTmp:          0 kB
CommitLimit:    12307772 kB
Committed_AS:   10375156 kB
VmallocTotal:   34359738367 kB
VmallocUsed:           0 kB
VmallocChunk:          0 kB
HardwareCorrupted:     0 kB
AnonHugePages:         0 kB
ShmemHugePages:        0 kB
ShmemPmdMapped:        0 kB
CmaTotal:              0 kB
CmaFree:               0 kB
HugePages_Total:       0
HugePages_Free:        0
HugePages_Rsvd:        0
HugePages_Surp:        0
Hugepagesize:       2048 kB
DirectMap4k:      358972 kB
DirectMap2M:     7921664 kB


CPU:total 8 (initial active 8) (4 cores per cpu, 2 threads per core) family 6 model 42 stepping 7, cmov, cx8, fxsr, mmx, sse, sse2, sse3, ssse3, sse4.1, sse4.2, popcnt, avx, aes, clmul, ht, tsc, tscinvbit
CPU Model and flags from /proc/cpuinfo:
model name	: Intel(R) Core(TM) i7-2630QM CPU @ 2.00GHz
flags		: fpu vme de pse tsc msr pae mce cx8 apic sep mtrr pge mca cmov pat pse36 clflush dts acpi mmx fxsr sse sse2 ss ht tm pbe syscall nx rdtscp lm constant_tsc arch_perfmon pebs bts nopl xtopology nonstop_tsc cpuid aperfmperf pni pclmulqdq dtes64 monitor ds_cpl vmx est tm2 ssse3 cx16 xtpr pdcm pcid sse4_1 sse4_2 x2apic popcnt tsc_deadline_timer aes xsave avx lahf_lm epb pti retpoline spec_ctrl tpr_shadow vnmi flexpriority ept vpid xsaveopt dtherm ida arat pln pts

Memory: 4k page, physical 8059524k(1451056k free), swap 8278012k(8278012k free)

vm_info: Java HotSpot(TM) 64-Bit Server VM (9.0.4+11) for linux-amd64 JRE (9.0.4+11), built on Dec 19 2017 18:12:19 by "mach5one" with gcc 4.9.2

END.
