#
# A fatal error has been detected by the Java Runtime Environment:
#
#  SIGSEGV (0xb) at pc=0x00007fe544400ef7, pid=20037, tid=20042
#
# JRE version: Java(TM) SE Runtime Environment (9.0+11) (build 9.0.4+11)
# Java VM: Java HotSpot(TM) 64-Bit Server VM (9.0.4+11, mixed mode, tiered, compressed oops, g1 gc, linux-amd64)
# Problematic frame:
# C  [liblwjgl_opengl.so+0x45ef7]  Java_org_lwjgl_opengl_GL20_glCreateProgram+0x7
#
# Core dump will be written. Default location: Core dumps may be processed with "/usr/share/apport/apport %p %s %c %d %P" (or dumping to /home/oliver/git/Master_thesis_java/Masterthesis_IK/core.20037)
#
# If you would like to submit a bug report, please visit:
#   http://bugreport.java.com/bugreport/crash.jsp
# The crash happened outside the Java Virtual Machine in native code.
# See problematic frame for where to report the bug.
#

---------------  S U M M A R Y ------------

Command Line: -Dorg.lwjgl.util.Debug=true -Djava.library.path=nope -Dfile.encoding=UTF-8 base.IkSolver

Host: Intel(R) Core(TM) i7-2630QM CPU @ 2.00GHz, 8 cores, 7G, Ubuntu 16.04.4 LTS
Time: Wed May  9 15:08:41 2018 CEST elapsed time: 0 seconds (0d 0h 0m 0s)

---------------  T H R E A D  ---------------

Current thread (0x00007fe5b8013000):  JavaThread "main" [_thread_in_native, id=20042, stack(0x00007fe5c1576000,0x00007fe5c1676000)]

Stack: [0x00007fe5c1576000,0x00007fe5c1676000],  sp=0x00007fe5c1674278,  free space=1016k
Native frames: (J=compiled Java code, A=aot compiled Java code, j=interpreted, Vv=VM code, C=native code)
C  [liblwjgl_opengl.so+0x45ef7]  Java_org_lwjgl_opengl_GL20_glCreateProgram+0x7
j  au.edu.federation.caliko.visualisation.ShaderProgram.<init>()V+10
j  au.edu.federation.caliko.visualisation.FabrikModel3D.<clinit>()V+174
v  ~StubRoutines::call_stub
V  [libjvm.so+0x83d60a]  JavaCalls::call_helper(JavaValue*, methodHandle const&, JavaCallArguments*, Thread*)+0x47a
V  [libjvm.so+0x815870]  InstanceKlass::call_class_initializer_impl(instanceKlassHandle, Thread*)+0x1d0
V  [libjvm.so+0x816627]  InstanceKlass::initialize(Thread*)+0x487
V  [libjvm.so+0x82b3e1]  InterpreterRuntime::_new(JavaThread*, ConstantPool*, int)+0x281
j  base.IkSolver.init()V+65
j  base.IkSolver.run()V+1364
j  base.IkSolver.main([Ljava/lang/String;)V+7
v  ~StubRoutines::call_stub
V  [libjvm.so+0x83d60a]  JavaCalls::call_helper(JavaValue*, methodHandle const&, JavaCallArguments*, Thread*)+0x47a
V  [libjvm.so+0x89a67f]  jni_invoke_static(JNIEnv_*, JavaValue*, _jobject*, JNICallType, _jmethodID*, JNI_ArgumentPusher*, Thread*) [clone .isra.90]+0x21f
V  [libjvm.so+0x8ab5ce]  jni_CallStaticVoidMethod+0x14e
C  [libjli.so+0x4397]  JavaMain+0xa17
C  [libpthread.so.0+0x76ba]  start_thread+0xca

Java frames: (J=compiled Java code, j=interpreted, Vv=VM code)
j  org.lwjgl.opengl.GL20.glCreateProgram()I+0
j  au.edu.federation.caliko.visualisation.ShaderProgram.<init>()V+10
j  au.edu.federation.caliko.visualisation.FabrikModel3D.<clinit>()V+174
v  ~StubRoutines::call_stub
j  base.IkSolver.init()V+65
j  base.IkSolver.run()V+1364
j  base.IkSolver.main([Ljava/lang/String;)V+7
v  ~StubRoutines::call_stub

siginfo: si_signo: 11 (SIGSEGV), si_code: 1 (SEGV_MAPERR), si_addr: 0x0000000000000878

Register to memory mapping:

RAX=0x0000000000000000 is an unknown value
RBX={method} {0x00007fe545e41440} 'glCreateProgram' '()I' in 'org/lwjgl/opengl/GL20'
RCX=0x0000000000000002 is an unknown value
RDX=0x00007fe5c082f4d8: <offset 0x00000000013494d8> in /usr/lib/jvm/java-9-oracle/lib/server/libjvm.so at 0x00007fe5bf4e6000
RSP=0x00007fe5c1674278 is pointing into the stack for thread: 0x00007fe5b8013000
RBP=0x00007fe5c16742c8 is pointing into the stack for thread: 0x00007fe5b8013000
RSI=0x00007fe5c16742d8 is pointing into the stack for thread: 0x00007fe5b8013000
RDI=0x00007fe5b8013218 is an unknown value
R8 ={method} {0x00007fe545e41440} 'glCreateProgram' '()I' in 'org/lwjgl/opengl/GL20'
R9 =0x0000000000000010 is an unknown value
R10=0x00007fe59db5bd09 is at code_begin+873 in an Interpreter codelet
method entry point (kind = native)  [0x00007fe59db5b9a0, 0x00007fe59db5c3e0]  2624 bytes
R11=0x000000008c7b5848 is an oop
java.lang.Class 
{0x000000008c7b5848} - klass: 'java/lang/Class'
R12=0x0000000000000000 is an unknown value
R13=0x00007fe545e41438 is pointing into metadata
R14=0x00007fe5c16742e0 is pointing into the stack for thread: 0x00007fe5b8013000
R15=0x00007fe5b8013000 is a thread


Registers:
RAX=0x0000000000000000, RBX=0x00007fe545e41440, RCX=0x0000000000000002, RDX=0x00007fe5c082f4d8
RSP=0x00007fe5c1674278, RBP=0x00007fe5c16742c8, RSI=0x00007fe5c16742d8, RDI=0x00007fe5b8013218
R8 =0x00007fe545e41440, R9 =0x0000000000000010, R10=0x00007fe59db5bd09, R11=0x000000008c7b5848
R12=0x0000000000000000, R13=0x00007fe545e41438, R14=0x00007fe5c16742e0, R15=0x00007fe5b8013000
RIP=0x00007fe544400ef7, EFLAGS=0x0000000000010283, CSGSFS=0x002b000000000033, ERR=0x0000000000000004
  TRAPNO=0x000000000000000e

Top of Stack: (sp=0x00007fe5c1674278)
0x00007fe5c1674278:   00007fe59db5bd35 00007fe5c1674280
0x00007fe5c1674288:   00007fe545e41438 00007fe5c16742e0
0x00007fe5c1674298:   00007fe545e54ab0 0000000000000000
0x00007fe5c16742a8:   000000008c7b5848 00007fe545e41440 

Instructions: (pc=0x00007fe544400ef7)
0x00007fe544400ed7:   40 18 48 8b 80 b0 09 00 00 ff e0 66 66 66 66 66
0x00007fe544400ee7:   2e 0f 1f 84 00 00 00 00 00 48 8b 07 48 8b 40 18
0x00007fe544400ef7:   ff a0 78 08 00 00 0f 1f 00 48 8b 07 41 89 d1 89
0x00007fe544400f07:   ce 4c 89 c2 44 89 cf 48 8b 40 18 48 8b 80 b8 15 


---------------  P R O C E S S  ---------------

Java Threads: ( => current thread )
  0x00007fe5b825e000 JavaThread "Service Thread" daemon [_thread_blocked, id=20073, stack(0x00007fe54497c000,0x00007fe544a7d000)]
  0x00007fe5b81b6000 JavaThread "Common-Cleaner" daemon [_thread_blocked, id=20072, stack(0x00007fe544a7d000,0x00007fe544b7e000)]
  0x00007fe5b8179800 JavaThread "Sweeper thread" daemon [_thread_blocked, id=20071, stack(0x00007fe544fa6000,0x00007fe5450a7000)]
  0x00007fe5b8177800 JavaThread "C1 CompilerThread3" daemon [_thread_blocked, id=20070, stack(0x00007fe5450a7000,0x00007fe5451a8000)]
  0x00007fe5b8175800 JavaThread "C2 CompilerThread2" daemon [_thread_blocked, id=20069, stack(0x00007fe5451a8000,0x00007fe5452a9000)]
  0x00007fe5b8173800 JavaThread "C2 CompilerThread1" daemon [_thread_blocked, id=20068, stack(0x00007fe5452a9000,0x00007fe5453aa000)]
  0x00007fe5b8171800 JavaThread "C2 CompilerThread0" daemon [_thread_blocked, id=20067, stack(0x00007fe55407e000,0x00007fe55417f000)]
  0x00007fe5b816f800 JavaThread "Signal Dispatcher" daemon [_thread_blocked, id=20066, stack(0x00007fe55417f000,0x00007fe554280000)]
  0x00007fe5b8154000 JavaThread "Finalizer" daemon [_thread_blocked, id=20065, stack(0x00007fe59c0dc000,0x00007fe59c1dd000)]
  0x00007fe5b814b800 JavaThread "Reference Handler" daemon [_thread_blocked, id=20064, stack(0x00007fe59c1dd000,0x00007fe59c2de000)]
=>0x00007fe5b8013000 JavaThread "main" [_thread_in_native, id=20042, stack(0x00007fe5c1576000,0x00007fe5c1676000)]

Other Threads:
  0x00007fe5b8142000 VMThread "VM Thread" [stack: 0x00007fe59c2df000,0x00007fe59c3df000] [id=20063]
  0x00007fe5b8260800 WatcherThread [stack: 0x00007fe54487c000,0x00007fe54497c000] [id=20074]
  0x00007fe5b802a800 GCTaskThread "GC Thread#0" [stack: 0x00007fe5bdc51000,0x00007fe5bdd51000] [id=20043]
  0x00007fe5b802c000 GCTaskThread "GC Thread#1" [stack: 0x00007fe5bdb50000,0x00007fe5bdc50000] [id=20044]
  0x00007fe5b802d800 GCTaskThread "GC Thread#2" [stack: 0x00007fe5bda4f000,0x00007fe5bdb4f000] [id=20045]
  0x00007fe5b802f800 GCTaskThread "GC Thread#3" [stack: 0x00007fe5bd94e000,0x00007fe5bda4e000] [id=20046]
  0x00007fe5b8031000 GCTaskThread "GC Thread#4" [stack: 0x00007fe5bd84d000,0x00007fe5bd94d000] [id=20047]
  0x00007fe5b8032800 GCTaskThread "GC Thread#5" [stack: 0x00007fe5bd74c000,0x00007fe5bd84c000] [id=20048]
  0x00007fe5b8034800 GCTaskThread "GC Thread#6" [stack: 0x00007fe5bd64b000,0x00007fe5bd74b000] [id=20049]
  0x00007fe5b8036000 GCTaskThread "GC Thread#7" [stack: 0x00007fe5bd54a000,0x00007fe5bd64a000] [id=20050]
  0x00007fe5b806c000 ConcurrentGCThread "G1 Main Marker" [stack: 0x00007fe59cebb000,0x00007fe59cfbb000] [id=20060]
  0x00007fe5b806d800 ConcurrentGCThread "G1 Marker#0" [stack: 0x00007fe59cdba000,0x00007fe59ceba000] [id=20061]
  0x00007fe5b806f800 ConcurrentGCThread "G1 Marker#1" [stack: 0x00007fe59ccb9000,0x00007fe59cdb9000] [id=20062]
  0x00007fe5b8045000 ConcurrentGCThread "G1 Refine#0" [stack: 0x00007fe5bc53a000,0x00007fe5bc63a000] [id=20058]
  0x00007fe5b8043000 ConcurrentGCThread "G1 Refine#1" [stack: 0x00007fe5bc63b000,0x00007fe5bc73b000] [id=20057]
  0x00007fe5b8041000 ConcurrentGCThread "G1 Refine#2" [stack: 0x00007fe5bc73c000,0x00007fe5bc83c000] [id=20056]
  0x00007fe5b803f800 ConcurrentGCThread "G1 Refine#3" [stack: 0x00007fe5bc83d000,0x00007fe5bc93d000] [id=20055]
  0x00007fe5b803d800 ConcurrentGCThread "G1 Refine#4" [stack: 0x00007fe5bc93e000,0x00007fe5bca3e000] [id=20054]
  0x00007fe5b803c000 ConcurrentGCThread "G1 Refine#5" [stack: 0x00007fe5bca3f000,0x00007fe5bcb3f000] [id=20053]
  0x00007fe5b803a000 ConcurrentGCThread "G1 Refine#6" [stack: 0x00007fe5bcb40000,0x00007fe5bcc40000] [id=20052]
  0x00007fe5b8038800 ConcurrentGCThread "G1 Refine#7" [stack: 0x00007fe5bcc41000,0x00007fe5bcd41000] [id=20051]
  0x00007fe5b8046800 ConcurrentGCThread "G1 Young RemSet Sampling" [stack: 0x00007fe5bc439000,0x00007fe5bc539000] [id=20059]

Threads with active compile tasks:

VM state:not at safepoint (normal execution)

VM Mutex/Monitor currently owned by a thread: None

Heap address: 0x0000000085000000, size: 1968 MB, Compressed Oops mode: 32-bit
Narrow klass base: 0x0000000000000000, Narrow klass shift: 3
Compressed class space size: 1073741824 Address: 0x0000000100000000

Heap:
 garbage-first heap   total 126976K, used 6144K [0x0000000085000000, 0x00000000851003e0, 0x0000000100000000)
  region size 1024K, 7 young (7168K), 0 survivors (0K)
 Metaspace       used 8491K, capacity 8684K, committed 8832K, reserved 1056768K
  class space    used 731K, capacity 799K, committed 896K, reserved 1048576K
Heap Regions: E=young(eden), S=young(survivor), O=old, HS=humongous(starts), HC=humongous(continues), CS=collection set, F=free, A=archive, TS=gc time stamp, AC=allocation context, TAMS=top-at-mark-start (previous, next)
|   0|0x0000000085000000, 0x0000000085000000, 0x0000000085100000|  0%| F|  |TS  0|AC  0|TAMS 0x0000000085000000, 0x0000000085000000|
|   1|0x0000000085100000, 0x0000000085100000, 0x0000000085200000|  0%| F|  |TS  0|AC  0|TAMS 0x0000000085100000, 0x0000000085100000|
|   2|0x0000000085200000, 0x0000000085200000, 0x0000000085300000|  0%| F|  |TS  0|AC  0|TAMS 0x0000000085200000, 0x0000000085200000|
|   3|0x0000000085300000, 0x0000000085300000, 0x0000000085400000|  0%| F|  |TS  0|AC  0|TAMS 0x0000000085300000, 0x0000000085300000|
|   4|0x0000000085400000, 0x0000000085400000, 0x0000000085500000|  0%| F|  |TS  0|AC  0|TAMS 0x0000000085400000, 0x0000000085400000|
|   5|0x0000000085500000, 0x0000000085500000, 0x0000000085600000|  0%| F|  |TS  0|AC  0|TAMS 0x0000000085500000, 0x0000000085500000|
|   6|0x0000000085600000, 0x0000000085600000, 0x0000000085700000|  0%| F|  |TS  0|AC  0|TAMS 0x0000000085600000, 0x0000000085600000|
|   7|0x0000000085700000, 0x0000000085700000, 0x0000000085800000|  0%| F|  |TS  0|AC  0|TAMS 0x0000000085700000, 0x0000000085700000|
|   8|0x0000000085800000, 0x0000000085800000, 0x0000000085900000|  0%| F|  |TS  0|AC  0|TAMS 0x0000000085800000, 0x0000000085800000|
|   9|0x0000000085900000, 0x0000000085900000, 0x0000000085a00000|  0%| F|  |TS  0|AC  0|TAMS 0x0000000085900000, 0x0000000085900000|
|  10|0x0000000085a00000, 0x0000000085a00000, 0x0000000085b00000|  0%| F|  |TS  0|AC  0|TAMS 0x0000000085a00000, 0x0000000085a00000|
|  11|0x0000000085b00000, 0x0000000085b00000, 0x0000000085c00000|  0%| F|  |TS  0|AC  0|TAMS 0x0000000085b00000, 0x0000000085b00000|
|  12|0x0000000085c00000, 0x0000000085c00000, 0x0000000085d00000|  0%| F|  |TS  0|AC  0|TAMS 0x0000000085c00000, 0x0000000085c00000|
|  13|0x0000000085d00000, 0x0000000085d00000, 0x0000000085e00000|  0%| F|  |TS  0|AC  0|TAMS 0x0000000085d00000, 0x0000000085d00000|
|  14|0x0000000085e00000, 0x0000000085e00000, 0x0000000085f00000|  0%| F|  |TS  0|AC  0|TAMS 0x0000000085e00000, 0x0000000085e00000|
|  15|0x0000000085f00000, 0x0000000085f00000, 0x0000000086000000|  0%| F|  |TS  0|AC  0|TAMS 0x0000000085f00000, 0x0000000085f00000|
|  16|0x0000000086000000, 0x0000000086000000, 0x0000000086100000|  0%| F|  |TS  0|AC  0|TAMS 0x0000000086000000, 0x0000000086000000|
|  17|0x0000000086100000, 0x0000000086100000, 0x0000000086200000|  0%| F|  |TS  0|AC  0|TAMS 0x0000000086100000, 0x0000000086100000|
|  18|0x0000000086200000, 0x0000000086200000, 0x0000000086300000|  0%| F|  |TS  0|AC  0|TAMS 0x0000000086200000, 0x0000000086200000|
|  19|0x0000000086300000, 0x0000000086300000, 0x0000000086400000|  0%| F|  |TS  0|AC  0|TAMS 0x0000000086300000, 0x0000000086300000|
|  20|0x0000000086400000, 0x0000000086400000, 0x0000000086500000|  0%| F|  |TS  0|AC  0|TAMS 0x0000000086400000, 0x0000000086400000|
|  21|0x0000000086500000, 0x0000000086500000, 0x0000000086600000|  0%| F|  |TS  0|AC  0|TAMS 0x0000000086500000, 0x0000000086500000|
|  22|0x0000000086600000, 0x0000000086600000, 0x0000000086700000|  0%| F|  |TS  0|AC  0|TAMS 0x0000000086600000, 0x0000000086600000|
|  23|0x0000000086700000, 0x0000000086700000, 0x0000000086800000|  0%| F|  |TS  0|AC  0|TAMS 0x0000000086700000, 0x0000000086700000|
|  24|0x0000000086800000, 0x0000000086800000, 0x0000000086900000|  0%| F|  |TS  0|AC  0|TAMS 0x0000000086800000, 0x0000000086800000|
|  25|0x0000000086900000, 0x0000000086900000, 0x0000000086a00000|  0%| F|  |TS  0|AC  0|TAMS 0x0000000086900000, 0x0000000086900000|
|  26|0x0000000086a00000, 0x0000000086a00000, 0x0000000086b00000|  0%| F|  |TS  0|AC  0|TAMS 0x0000000086a00000, 0x0000000086a00000|
|  27|0x0000000086b00000, 0x0000000086b00000, 0x0000000086c00000|  0%| F|  |TS  0|AC  0|TAMS 0x0000000086b00000, 0x0000000086b00000|
|  28|0x0000000086c00000, 0x0000000086c00000, 0x0000000086d00000|  0%| F|  |TS  0|AC  0|TAMS 0x0000000086c00000, 0x0000000086c00000|
|  29|0x0000000086d00000, 0x0000000086d00000, 0x0000000086e00000|  0%| F|  |TS  0|AC  0|TAMS 0x0000000086d00000, 0x0000000086d00000|
|  30|0x0000000086e00000, 0x0000000086e00000, 0x0000000086f00000|  0%| F|  |TS  0|AC  0|TAMS 0x0000000086e00000, 0x0000000086e00000|
|  31|0x0000000086f00000, 0x0000000086f00000, 0x0000000087000000|  0%| F|  |TS  0|AC  0|TAMS 0x0000000086f00000, 0x0000000086f00000|
|  32|0x0000000087000000, 0x0000000087000000, 0x0000000087100000|  0%| F|  |TS  0|AC  0|TAMS 0x0000000087000000, 0x0000000087000000|
|  33|0x0000000087100000, 0x0000000087100000, 0x0000000087200000|  0%| F|  |TS  0|AC  0|TAMS 0x0000000087100000, 0x0000000087100000|
|  34|0x0000000087200000, 0x0000000087200000, 0x0000000087300000|  0%| F|  |TS  0|AC  0|TAMS 0x0000000087200000, 0x0000000087200000|
|  35|0x0000000087300000, 0x0000000087300000, 0x0000000087400000|  0%| F|  |TS  0|AC  0|TAMS 0x0000000087300000, 0x0000000087300000|
|  36|0x0000000087400000, 0x0000000087400000, 0x0000000087500000|  0%| F|  |TS  0|AC  0|TAMS 0x0000000087400000, 0x0000000087400000|
|  37|0x0000000087500000, 0x0000000087500000, 0x0000000087600000|  0%| F|  |TS  0|AC  0|TAMS 0x0000000087500000, 0x0000000087500000|
|  38|0x0000000087600000, 0x0000000087600000, 0x0000000087700000|  0%| F|  |TS  0|AC  0|TAMS 0x0000000087600000, 0x0000000087600000|
|  39|0x0000000087700000, 0x0000000087700000, 0x0000000087800000|  0%| F|  |TS  0|AC  0|TAMS 0x0000000087700000, 0x0000000087700000|
|  40|0x0000000087800000, 0x0000000087800000, 0x0000000087900000|  0%| F|  |TS  0|AC  0|TAMS 0x0000000087800000, 0x0000000087800000|
|  41|0x0000000087900000, 0x0000000087900000, 0x0000000087a00000|  0%| F|  |TS  0|AC  0|TAMS 0x0000000087900000, 0x0000000087900000|
|  42|0x0000000087a00000, 0x0000000087a00000, 0x0000000087b00000|  0%| F|  |TS  0|AC  0|TAMS 0x0000000087a00000, 0x0000000087a00000|
|  43|0x0000000087b00000, 0x0000000087b00000, 0x0000000087c00000|  0%| F|  |TS  0|AC  0|TAMS 0x0000000087b00000, 0x0000000087b00000|
|  44|0x0000000087c00000, 0x0000000087c00000, 0x0000000087d00000|  0%| F|  |TS  0|AC  0|TAMS 0x0000000087c00000, 0x0000000087c00000|
|  45|0x0000000087d00000, 0x0000000087d00000, 0x0000000087e00000|  0%| F|  |TS  0|AC  0|TAMS 0x0000000087d00000, 0x0000000087d00000|
|  46|0x0000000087e00000, 0x0000000087e00000, 0x0000000087f00000|  0%| F|  |TS  0|AC  0|TAMS 0x0000000087e00000, 0x0000000087e00000|
|  47|0x0000000087f00000, 0x0000000087f00000, 0x0000000088000000|  0%| F|  |TS  0|AC  0|TAMS 0x0000000087f00000, 0x0000000087f00000|
|  48|0x0000000088000000, 0x0000000088000000, 0x0000000088100000|  0%| F|  |TS  0|AC  0|TAMS 0x0000000088000000, 0x0000000088000000|
|  49|0x0000000088100000, 0x0000000088100000, 0x0000000088200000|  0%| F|  |TS  0|AC  0|TAMS 0x0000000088100000, 0x0000000088100000|
|  50|0x0000000088200000, 0x0000000088200000, 0x0000000088300000|  0%| F|  |TS  0|AC  0|TAMS 0x0000000088200000, 0x0000000088200000|
|  51|0x0000000088300000, 0x0000000088300000, 0x0000000088400000|  0%| F|  |TS  0|AC  0|TAMS 0x0000000088300000, 0x0000000088300000|
|  52|0x0000000088400000, 0x0000000088400000, 0x0000000088500000|  0%| F|  |TS  0|AC  0|TAMS 0x0000000088400000, 0x0000000088400000|
|  53|0x0000000088500000, 0x0000000088500000, 0x0000000088600000|  0%| F|  |TS  0|AC  0|TAMS 0x0000000088500000, 0x0000000088500000|
|  54|0x0000000088600000, 0x0000000088600000, 0x0000000088700000|  0%| F|  |TS  0|AC  0|TAMS 0x0000000088600000, 0x0000000088600000|
|  55|0x0000000088700000, 0x0000000088700000, 0x0000000088800000|  0%| F|  |TS  0|AC  0|TAMS 0x0000000088700000, 0x0000000088700000|
|  56|0x0000000088800000, 0x0000000088800000, 0x0000000088900000|  0%| F|  |TS  0|AC  0|TAMS 0x0000000088800000, 0x0000000088800000|
|  57|0x0000000088900000, 0x0000000088900000, 0x0000000088a00000|  0%| F|  |TS  0|AC  0|TAMS 0x0000000088900000, 0x0000000088900000|
|  58|0x0000000088a00000, 0x0000000088a00000, 0x0000000088b00000|  0%| F|  |TS  0|AC  0|TAMS 0x0000000088a00000, 0x0000000088a00000|
|  59|0x0000000088b00000, 0x0000000088b00000, 0x0000000088c00000|  0%| F|  |TS  0|AC  0|TAMS 0x0000000088b00000, 0x0000000088b00000|
|  60|0x0000000088c00000, 0x0000000088c00000, 0x0000000088d00000|  0%| F|  |TS  0|AC  0|TAMS 0x0000000088c00000, 0x0000000088c00000|
|  61|0x0000000088d00000, 0x0000000088d00000, 0x0000000088e00000|  0%| F|  |TS  0|AC  0|TAMS 0x0000000088d00000, 0x0000000088d00000|
|  62|0x0000000088e00000, 0x0000000088e00000, 0x0000000088f00000|  0%| F|  |TS  0|AC  0|TAMS 0x0000000088e00000, 0x0000000088e00000|
|  63|0x0000000088f00000, 0x0000000088f00000, 0x0000000089000000|  0%| F|  |TS  0|AC  0|TAMS 0x0000000088f00000, 0x0000000088f00000|
|  64|0x0000000089000000, 0x0000000089000000, 0x0000000089100000|  0%| F|  |TS  0|AC  0|TAMS 0x0000000089000000, 0x0000000089000000|
|  65|0x0000000089100000, 0x0000000089100000, 0x0000000089200000|  0%| F|  |TS  0|AC  0|TAMS 0x0000000089100000, 0x0000000089100000|
|  66|0x0000000089200000, 0x0000000089200000, 0x0000000089300000|  0%| F|  |TS  0|AC  0|TAMS 0x0000000089200000, 0x0000000089200000|
|  67|0x0000000089300000, 0x0000000089300000, 0x0000000089400000|  0%| F|  |TS  0|AC  0|TAMS 0x0000000089300000, 0x0000000089300000|
|  68|0x0000000089400000, 0x0000000089400000, 0x0000000089500000|  0%| F|  |TS  0|AC  0|TAMS 0x0000000089400000, 0x0000000089400000|
|  69|0x0000000089500000, 0x0000000089500000, 0x0000000089600000|  0%| F|  |TS  0|AC  0|TAMS 0x0000000089500000, 0x0000000089500000|
|  70|0x0000000089600000, 0x0000000089600000, 0x0000000089700000|  0%| F|  |TS  0|AC  0|TAMS 0x0000000089600000, 0x0000000089600000|
|  71|0x0000000089700000, 0x0000000089700000, 0x0000000089800000|  0%| F|  |TS  0|AC  0|TAMS 0x0000000089700000, 0x0000000089700000|
|  72|0x0000000089800000, 0x0000000089800000, 0x0000000089900000|  0%| F|  |TS  0|AC  0|TAMS 0x0000000089800000, 0x0000000089800000|
|  73|0x0000000089900000, 0x0000000089900000, 0x0000000089a00000|  0%| F|  |TS  0|AC  0|TAMS 0x0000000089900000, 0x0000000089900000|
|  74|0x0000000089a00000, 0x0000000089a00000, 0x0000000089b00000|  0%| F|  |TS  0|AC  0|TAMS 0x0000000089a00000, 0x0000000089a00000|
|  75|0x0000000089b00000, 0x0000000089b00000, 0x0000000089c00000|  0%| F|  |TS  0|AC  0|TAMS 0x0000000089b00000, 0x0000000089b00000|
|  76|0x0000000089c00000, 0x0000000089c00000, 0x0000000089d00000|  0%| F|  |TS  0|AC  0|TAMS 0x0000000089c00000, 0x0000000089c00000|
|  77|0x0000000089d00000, 0x0000000089d00000, 0x0000000089e00000|  0%| F|  |TS  0|AC  0|TAMS 0x0000000089d00000, 0x0000000089d00000|
|  78|0x0000000089e00000, 0x0000000089e00000, 0x0000000089f00000|  0%| F|  |TS  0|AC  0|TAMS 0x0000000089e00000, 0x0000000089e00000|
|  79|0x0000000089f00000, 0x0000000089f00000, 0x000000008a000000|  0%| F|  |TS  0|AC  0|TAMS 0x0000000089f00000, 0x0000000089f00000|
|  80|0x000000008a000000, 0x000000008a000000, 0x000000008a100000|  0%| F|  |TS  0|AC  0|TAMS 0x000000008a000000, 0x000000008a000000|
|  81|0x000000008a100000, 0x000000008a100000, 0x000000008a200000|  0%| F|  |TS  0|AC  0|TAMS 0x000000008a100000, 0x000000008a100000|
|  82|0x000000008a200000, 0x000000008a200000, 0x000000008a300000|  0%| F|  |TS  0|AC  0|TAMS 0x000000008a200000, 0x000000008a200000|
|  83|0x000000008a300000, 0x000000008a300000, 0x000000008a400000|  0%| F|  |TS  0|AC  0|TAMS 0x000000008a300000, 0x000000008a300000|
|  84|0x000000008a400000, 0x000000008a400000, 0x000000008a500000|  0%| F|  |TS  0|AC  0|TAMS 0x000000008a400000, 0x000000008a400000|
|  85|0x000000008a500000, 0x000000008a500000, 0x000000008a600000|  0%| F|  |TS  0|AC  0|TAMS 0x000000008a500000, 0x000000008a500000|
|  86|0x000000008a600000, 0x000000008a600000, 0x000000008a700000|  0%| F|  |TS  0|AC  0|TAMS 0x000000008a600000, 0x000000008a600000|
|  87|0x000000008a700000, 0x000000008a700000, 0x000000008a800000|  0%| F|  |TS  0|AC  0|TAMS 0x000000008a700000, 0x000000008a700000|
|  88|0x000000008a800000, 0x000000008a800000, 0x000000008a900000|  0%| F|  |TS  0|AC  0|TAMS 0x000000008a800000, 0x000000008a800000|
|  89|0x000000008a900000, 0x000000008a900000, 0x000000008aa00000|  0%| F|  |TS  0|AC  0|TAMS 0x000000008a900000, 0x000000008a900000|
|  90|0x000000008aa00000, 0x000000008aa00000, 0x000000008ab00000|  0%| F|  |TS  0|AC  0|TAMS 0x000000008aa00000, 0x000000008aa00000|
|  91|0x000000008ab00000, 0x000000008ab00000, 0x000000008ac00000|  0%| F|  |TS  0|AC  0|TAMS 0x000000008ab00000, 0x000000008ab00000|
|  92|0x000000008ac00000, 0x000000008ac00000, 0x000000008ad00000|  0%| F|  |TS  0|AC  0|TAMS 0x000000008ac00000, 0x000000008ac00000|
|  93|0x000000008ad00000, 0x000000008ad00000, 0x000000008ae00000|  0%| F|  |TS  0|AC  0|TAMS 0x000000008ad00000, 0x000000008ad00000|
|  94|0x000000008ae00000, 0x000000008ae00000, 0x000000008af00000|  0%| F|  |TS  0|AC  0|TAMS 0x000000008ae00000, 0x000000008ae00000|
|  95|0x000000008af00000, 0x000000008af00000, 0x000000008b000000|  0%| F|  |TS  0|AC  0|TAMS 0x000000008af00000, 0x000000008af00000|
|  96|0x000000008b000000, 0x000000008b000000, 0x000000008b100000|  0%| F|  |TS  0|AC  0|TAMS 0x000000008b000000, 0x000000008b000000|
|  97|0x000000008b100000, 0x000000008b100000, 0x000000008b200000|  0%| F|  |TS  0|AC  0|TAMS 0x000000008b100000, 0x000000008b100000|
|  98|0x000000008b200000, 0x000000008b200000, 0x000000008b300000|  0%| F|  |TS  0|AC  0|TAMS 0x000000008b200000, 0x000000008b200000|
|  99|0x000000008b300000, 0x000000008b300000, 0x000000008b400000|  0%| F|  |TS  0|AC  0|TAMS 0x000000008b300000, 0x000000008b300000|
| 100|0x000000008b400000, 0x000000008b400000, 0x000000008b500000|  0%| F|  |TS  0|AC  0|TAMS 0x000000008b400000, 0x000000008b400000|
| 101|0x000000008b500000, 0x000000008b500000, 0x000000008b600000|  0%| F|  |TS  0|AC  0|TAMS 0x000000008b500000, 0x000000008b500000|
| 102|0x000000008b600000, 0x000000008b600000, 0x000000008b700000|  0%| F|  |TS  0|AC  0|TAMS 0x000000008b600000, 0x000000008b600000|
| 103|0x000000008b700000, 0x000000008b700000, 0x000000008b800000|  0%| F|  |TS  0|AC  0|TAMS 0x000000008b700000, 0x000000008b700000|
| 104|0x000000008b800000, 0x000000008b800000, 0x000000008b900000|  0%| F|  |TS  0|AC  0|TAMS 0x000000008b800000, 0x000000008b800000|
| 105|0x000000008b900000, 0x000000008b900000, 0x000000008ba00000|  0%| F|  |TS  0|AC  0|TAMS 0x000000008b900000, 0x000000008b900000|
| 106|0x000000008ba00000, 0x000000008ba00000, 0x000000008bb00000|  0%| F|  |TS  0|AC  0|TAMS 0x000000008ba00000, 0x000000008ba00000|
| 107|0x000000008bb00000, 0x000000008bb00000, 0x000000008bc00000|  0%| F|  |TS  0|AC  0|TAMS 0x000000008bb00000, 0x000000008bb00000|
| 108|0x000000008bc00000, 0x000000008bc00000, 0x000000008bd00000|  0%| F|  |TS  0|AC  0|TAMS 0x000000008bc00000, 0x000000008bc00000|
| 109|0x000000008bd00000, 0x000000008bd00000, 0x000000008be00000|  0%| F|  |TS  0|AC  0|TAMS 0x000000008bd00000, 0x000000008bd00000|
| 110|0x000000008be00000, 0x000000008be00000, 0x000000008bf00000|  0%| F|  |TS  0|AC  0|TAMS 0x000000008be00000, 0x000000008be00000|
| 111|0x000000008bf00000, 0x000000008bf00000, 0x000000008c000000|  0%| F|  |TS  0|AC  0|TAMS 0x000000008bf00000, 0x000000008bf00000|
| 112|0x000000008c000000, 0x000000008c000000, 0x000000008c100000|  0%| F|  |TS  0|AC  0|TAMS 0x000000008c000000, 0x000000008c000000|
| 113|0x000000008c100000, 0x000000008c100000, 0x000000008c200000|  0%| F|  |TS  0|AC  0|TAMS 0x000000008c100000, 0x000000008c100000|
| 114|0x000000008c200000, 0x000000008c200000, 0x000000008c300000|  0%| F|  |TS  0|AC  0|TAMS 0x000000008c200000, 0x000000008c200000|
| 115|0x000000008c300000, 0x000000008c300000, 0x000000008c400000|  0%| F|  |TS  0|AC  0|TAMS 0x000000008c300000, 0x000000008c300000|
| 116|0x000000008c400000, 0x000000008c400000, 0x000000008c500000|  0%| F|  |TS  0|AC  0|TAMS 0x000000008c400000, 0x000000008c400000|
| 117|0x000000008c500000, 0x000000008c5f8488, 0x000000008c600000| 96%| E|  |TS  0|AC  0|TAMS 0x000000008c500000, 0x000000008c500000|
| 118|0x000000008c600000, 0x000000008c700000, 0x000000008c700000|100%| E|CS|TS  0|AC  0|TAMS 0x000000008c600000, 0x000000008c600000|
| 119|0x000000008c700000, 0x000000008c800000, 0x000000008c800000|100%| E|CS|TS  0|AC  0|TAMS 0x000000008c700000, 0x000000008c700000|
| 120|0x000000008c800000, 0x000000008c900000, 0x000000008c900000|100%| E|CS|TS  0|AC  0|TAMS 0x000000008c800000, 0x000000008c800000|
| 121|0x000000008c900000, 0x000000008ca00000, 0x000000008ca00000|100%| E|CS|TS  0|AC  0|TAMS 0x000000008c900000, 0x000000008c900000|
| 122|0x000000008ca00000, 0x000000008cb00000, 0x000000008cb00000|100%| E|CS|TS  0|AC  0|TAMS 0x000000008ca00000, 0x000000008ca00000|
| 123|0x000000008cb00000, 0x000000008cc00000, 0x000000008cc00000|100%| E|CS|TS  0|AC  0|TAMS 0x000000008cb00000, 0x000000008cb00000|

Card table byte_map: [0x00007fe59d393000,0x00007fe59d76b000] byte_map_base: 0x00007fe59cf6b000

Marking Bits (Prev, Next): (CMBitMap*) 0x00007fe5b806b030, (CMBitMap*) 0x00007fe5b806b068
 Prev Bits: [0x00007fe556140000, 0x00007fe558000000)
 Next Bits: [0x00007fe554280000, 0x00007fe556140000)

Polling page: 0x00007fe5c16a3000

CodeHeap 'non-profiled nmethods': size=120032Kb used=149Kb max_used=149Kb free=119883Kb
 bounds [0x00007fe5a560b000, 0x00007fe5a587b000, 0x00007fe5acb43000]
CodeHeap 'profiled nmethods': size=120028Kb used=805Kb max_used=805Kb free=119222Kb
 bounds [0x00007fe59e0d4000, 0x00007fe59e344000, 0x00007fe5a560b000]
CodeHeap 'non-nmethods': size=5700Kb used=1213Kb max_used=1227Kb free=4486Kb
 bounds [0x00007fe59db43000, 0x00007fe59ddb3000, 0x00007fe59e0d4000]
 total_blobs=1051 nmethods=543 adapters=302
 compilation: enabled

Compilation events (10 events):
Event: 0,349 Thread 0x00007fe5b8177800 nmethod 538 0x00007fe5a562f110 code [0x00007fe5a562f2c0, 0x00007fe5a562f3d0]
Event: 0,351 Thread 0x00007fe5b8177800  540       3       java.lang.invoke.LambdaForm::parameterType (9 bytes)
Event: 0,352 Thread 0x00007fe5b8177800 nmethod 540 0x00007fe59e19b490 code [0x00007fe59e19b640, 0x00007fe59e19b7e8]
Event: 0,352 Thread 0x00007fe5b8177800  541       3       sun.invoke.util.Wrapper::forBasicType (16 bytes)
Event: 0,352 Thread 0x00007fe5b8177800 nmethod 541 0x00007fe59e19b910 code [0x00007fe59e19bac0, 0x00007fe59e19bd28]
Event: 0,353 Thread 0x00007fe5b8177800  542       3       java.net.URL::<init> (8 bytes)
Event: 0,354 Thread 0x00007fe5b8177800 nmethod 542 0x00007fe59e19be10 code [0x00007fe59e19bfc0, 0x00007fe59e19c148]
Event: 0,354 Thread 0x00007fe5b8177800  543       3       java.util.zip.ZipFile$Source::getEntryPos (206 bytes)
Event: 0,355 Thread 0x00007fe5b8177800 nmethod 543 0x00007fe59e19c210 code [0x00007fe59e19c480, 0x00007fe59e19d118]
Event: 0,356 Thread 0x00007fe5b8173800 nmethod 512% 0x00007fe5a562f610 code [0x00007fe5a562f7c0, 0x00007fe5a5630178]

GC Heap History (0 events):
No events

Deoptimization events (1 events):
Event: 0,228 Thread 0x00007fe5b8013000 Uncommon trap: reason=unstable_if action=reinterpret pc=0x00007fe5a560df94 method=java.lang.String.charAt(I)C @ 4 c2

Classes redefined (0 events):
No events

Internal exceptions (9 events):
Event: 0,252 Thread 0x00007fe5b8013000 Exception <a 'java/lang/NoSuchMethodError'{0x000000008c7e5410}: java.lang.invoke.DirectMethodHandle$Holder.invokeStatic(Ljava/lang/Object;Ljava/lang/Object;)I> (0x000000008c7e5410) thrown at [/scratch/opt/mach5/mesos/work_dir/slaves/5af44a71-976a-41b7-81d
Event: 0,255 Thread 0x00007fe5b8013000 Exception <a 'java/lang/NoSuchMethodError'{0x000000008c7f3528}: method resolution failed> (0x000000008c7f3528) thrown at [/scratch/opt/mach5/mesos/work_dir/slaves/5af44a71-976a-41b7-81de-5773b84ec572-S39643/frameworks/1735e8a2-a1db-478c-8104-60c8b0af87dd-
Event: 0,255 Thread 0x00007fe5b8013000 Exception <a 'java/lang/NoSuchMethodError'{0x000000008c7f76f0}: method resolution failed> (0x000000008c7f76f0) thrown at [/scratch/opt/mach5/mesos/work_dir/slaves/5af44a71-976a-41b7-81de-5773b84ec572-S39643/frameworks/1735e8a2-a1db-478c-8104-60c8b0af87dd-
Event: 0,256 Thread 0x00007fe5b8013000 Exception <a 'java/lang/NoSuchMethodError'{0x000000008c7fabf0}: java.lang.invoke.DelegatingMethodHandle$Holder.delegate(Ljava/lang/Object;Ljava/lang/Object;ILjava/lang/Object;)V> (0x000000008c7fabf0) thrown at [/scratch/opt/mach5/mesos/work_dir/slaves/5af
Event: 0,257 Thread 0x00007fe5b8013000 Exception <a 'java/lang/NoSuchMethodError'{0x000000008c7fe968}: java.lang.invoke.DirectMethodHandle$Holder.invokeSpecial(Ljava/lang/Object;Ljava/lang/Object;Ljava/lang/Object;)I> (0x000000008c7fe968) thrown at [/scratch/opt/mach5/mesos/work_dir/slaves/5af
Event: 0,258 Thread 0x00007fe5b8013000 Exception <a 'java/lang/NoSuchMethodError'{0x000000008c606400}: java.lang.invoke.DirectMethodHandle$Holder.invokeStaticInit(Ljava/lang/Object;Ljava/lang/Object;Ljava/lang/Object;)Ljava/lang/Object;> (0x000000008c606400) thrown at [/scratch/opt/mach5/mesos
Event: 0,271 Thread 0x00007fe5b8013000 Exception <a 'java/lang/NoSuchMethodError'{0x000000008c650ce8}: java.lang.Object.lambda$static$0(Ljava/lang/String;)Ljava/lang/Boolean;> (0x000000008c650ce8) thrown at [/scratch/opt/mach5/mesos/work_dir/slaves/5af44a71-976a-41b7-81de-5773b84ec572-S39643/f
Event: 0,273 Thread 0x00007fe5b8013000 Exception <a 'java/lang/NoSuchMethodError'{0x000000008c65abd8}: java.lang.Object.lambda$union$2(Ljava/util/regex/Pattern$CharPredicate;I)Z> (0x000000008c65abd8) thrown at [/scratch/opt/mach5/mesos/work_dir/slaves/5af44a71-976a-41b7-81de-5773b84ec572-S3964
Event: 0,341 Thread 0x00007fe5b8013000 Exception <a 'sun/nio/fs/UnixException'{0x000000008c50be58}> (0x000000008c50be58) thrown at [/scratch/opt/mach5/mesos/work_dir/slaves/5af44a71-976a-41b7-81de-5773b84ec572-S39643/frameworks/1735e8a2-a1db-478c-8104-60c8b0af87dd-0196/executors/a3f74ad9-294f-

Events (10 events):
Event: 0,354 loading class org/lwjgl/system/linux/DynamicLinkLoader
Event: 0,354 loading class org/lwjgl/system/linux/DynamicLinkLoader done
Event: 0,354 Thread 0x00007fe5b8013000 DEOPT PACKING pc=0x00007fe59e121e06 sp=0x00007fe5c16721d0
Event: 0,354 Thread 0x00007fe5b8013000 DEOPT UNPACKING pc=0x00007fe59db90aab sp=0x00007fe5c1671648 mode 0
Event: 0,363 loading class org/lwjgl/opengl/GL$2
Event: 0,363 loading class org/lwjgl/opengl/GL$2 done
Event: 0,363 loading class org/lwjgl/opengl/GL$SharedLibraryGL
Event: 0,363 loading class org/lwjgl/opengl/GL$SharedLibraryGL done
Event: 0,363 loading class org/lwjgl/system/SharedLibrary$Delegate
Event: 0,363 loading class org/lwjgl/system/SharedLibrary$Delegate done


Dynamic libraries:
00400000-00401000 r-xp 00000000 08:01 3807052                            /usr/lib/jvm/java-9-oracle/bin/java
00600000-00601000 rw-p 00000000 08:01 3807052                            /usr/lib/jvm/java-9-oracle/bin/java
00db7000-00dd8000 rw-p 00000000 00:00 0                                  [heap]
85000000-8cc00000 rw-p 00000000 00:00 0 
8cc00000-100000000 ---p 00000000 00:00 0 
100000000-1000e0000 rw-p 00000000 00:00 0 
1000e0000-140000000 ---p 00000000 00:00 0 
7fe510000000-7fe510021000 rw-p 00000000 00:00 0 
7fe510021000-7fe514000000 ---p 00000000 00:00 0 
7fe515285000-7fe515484000 rw-p 00000000 00:00 0 
7fe515484000-7fe515489000 r-xp 00000000 08:01 3415809                    /usr/lib/x86_64-linux-gnu/libXdmcp.so.6.0.0
7fe515489000-7fe515688000 ---p 00005000 08:01 3415809                    /usr/lib/x86_64-linux-gnu/libXdmcp.so.6.0.0
7fe515688000-7fe515689000 r--p 00004000 08:01 3415809                    /usr/lib/x86_64-linux-gnu/libXdmcp.so.6.0.0
7fe515689000-7fe51568a000 rw-p 00005000 08:01 3415809                    /usr/lib/x86_64-linux-gnu/libXdmcp.so.6.0.0
7fe51568a000-7fe51568c000 r-xp 00000000 08:01 3415798                    /usr/lib/x86_64-linux-gnu/libXau.so.6.0.0
7fe51568c000-7fe51588c000 ---p 00002000 08:01 3415798                    /usr/lib/x86_64-linux-gnu/libXau.so.6.0.0
7fe51588c000-7fe51588d000 r--p 00002000 08:01 3415798                    /usr/lib/x86_64-linux-gnu/libXau.so.6.0.0
7fe51588d000-7fe51588e000 rw-p 00003000 08:01 3415798                    /usr/lib/x86_64-linux-gnu/libXau.so.6.0.0
7fe51588e000-7fe5158af000 r-xp 00000000 08:01 3417216                    /usr/lib/x86_64-linux-gnu/libxcb.so.1.1.0
7fe5158af000-7fe515aae000 ---p 00021000 08:01 3417216                    /usr/lib/x86_64-linux-gnu/libxcb.so.1.1.0
7fe515aae000-7fe515aaf000 r--p 00020000 08:01 3417216                    /usr/lib/x86_64-linux-gnu/libxcb.so.1.1.0
7fe515aaf000-7fe515ab0000 rw-p 00021000 08:01 3417216                    /usr/lib/x86_64-linux-gnu/libxcb.so.1.1.0
7fe515ab0000-7fe515ac1000 r-xp 00000000 08:01 3415811                    /usr/lib/x86_64-linux-gnu/libXext.so.6.4.0
7fe515ac1000-7fe515cc0000 ---p 00011000 08:01 3415811                    /usr/lib/x86_64-linux-gnu/libXext.so.6.4.0
7fe515cc0000-7fe515cc1000 r--p 00010000 08:01 3415811                    /usr/lib/x86_64-linux-gnu/libXext.so.6.4.0
7fe515cc1000-7fe515cc2000 rw-p 00011000 08:01 3415811                    /usr/lib/x86_64-linux-gnu/libXext.so.6.4.0
7fe515cc2000-7fe515df7000 r-xp 00000000 08:01 3415794                    /usr/lib/x86_64-linux-gnu/libX11.so.6.3.0
7fe515df7000-7fe515ff7000 ---p 00135000 08:01 3415794                    /usr/lib/x86_64-linux-gnu/libX11.so.6.3.0
7fe515ff7000-7fe515ff8000 r--p 00135000 08:01 3415794                    /usr/lib/x86_64-linux-gnu/libX11.so.6.3.0
7fe515ff8000-7fe515ffc000 rw-p 00136000 08:01 3415794                    /usr/lib/x86_64-linux-gnu/libX11.so.6.3.0
7fe515ffc000-7fe51741a000 r-xp 00000000 08:01 3411185                    /usr/lib/nvidia-390/libnvidia-glcore.so.390.48
7fe51741a000-7fe51743b000 rwxp 0141e000 08:01 3411185                    /usr/lib/nvidia-390/libnvidia-glcore.so.390.48
7fe51743b000-7fe517870000 r-xp 0143f000 08:01 3411185                    /usr/lib/nvidia-390/libnvidia-glcore.so.390.48
7fe517870000-7fe517a70000 ---p 01874000 08:01 3411185                    /usr/lib/nvidia-390/libnvidia-glcore.so.390.48
7fe517a70000-7fe517de3000 rw-p 01874000 08:01 3411185                    /usr/lib/nvidia-390/libnvidia-glcore.so.390.48
7fe517de3000-7fe517dfc000 rw-p 00000000 00:00 0 
7fe517dfc000-7fe517dff000 r-xp 00000000 08:01 3411189                    /usr/lib/nvidia-390/tls/libnvidia-tls.so.390.48
7fe517dff000-7fe517fff000 ---p 00003000 08:01 3411189                    /usr/lib/nvidia-390/tls/libnvidia-tls.so.390.48
7fe517fff000-7fe518000000 rw-p 00003000 08:01 3411189                    /usr/lib/nvidia-390/tls/libnvidia-tls.so.390.48
7fe518000000-7fe518021000 rw-p 00000000 00:00 0 
7fe518021000-7fe51c000000 ---p 00000000 00:00 0 
7fe51c000000-7fe51c021000 rw-p 00000000 00:00 0 
7fe51c021000-7fe520000000 ---p 00000000 00:00 0 
7fe520000000-7fe52019e000 rw-p 00000000 00:00 0 
7fe52019e000-7fe524000000 ---p 00000000 00:00 0 
7fe524000000-7fe524021000 rw-p 00000000 00:00 0 
7fe524021000-7fe528000000 ---p 00000000 00:00 0 
7fe528000000-7fe528093000 rw-p 00000000 00:00 0 
7fe528093000-7fe52c000000 ---p 00000000 00:00 0 
7fe52c000000-7fe52c1e5000 rw-p 00000000 00:00 0 
7fe52c1e5000-7fe530000000 ---p 00000000 00:00 0 
7fe530000000-7fe530021000 rw-p 00000000 00:00 0 
7fe530021000-7fe534000000 ---p 00000000 00:00 0 
7fe534000000-7fe53407f000 rw-p 00000000 00:00 0 
7fe53407f000-7fe538000000 ---p 00000000 00:00 0 
7fe538000000-7fe538021000 rw-p 00000000 00:00 0 
7fe538021000-7fe53c000000 ---p 00000000 00:00 0 
7fe53c000000-7fe53c021000 rw-p 00000000 00:00 0 
7fe53c021000-7fe540000000 ---p 00000000 00:00 0 
7fe540000000-7fe540021000 rw-p 00000000 00:00 0 
7fe540021000-7fe544000000 ---p 00000000 00:00 0 
7fe54407e000-7fe544147000 r-xp 00000000 08:01 3411194                    /usr/lib/nvidia-390/libGL.so.390.48
7fe544147000-7fe54417b000 rwxp 000c9000 08:01 3411194                    /usr/lib/nvidia-390/libGL.so.390.48
7fe54417b000-7fe54418f000 r-xp 000fd000 08:01 3411194                    /usr/lib/nvidia-390/libGL.so.390.48
7fe54418f000-7fe54438f000 ---p 00111000 08:01 3411194                    /usr/lib/nvidia-390/libGL.so.390.48
7fe54438f000-7fe5443b4000 rw-p 00111000 08:01 3411194                    /usr/lib/nvidia-390/libGL.so.390.48
7fe5443b4000-7fe5443bb000 rw-p 00000000 00:00 0 
7fe5443bb000-7fe544426000 r-xp 00000000 08:01 23724423                   /tmp/lwjgloliver/3.1.5-build-1/liblwjgl_opengl.so
7fe544426000-7fe544625000 ---p 0006b000 08:01 23724423                   /tmp/lwjgloliver/3.1.5-build-1/liblwjgl_opengl.so
7fe544625000-7fe544626000 r--p 0006a000 08:01 23724423                   /tmp/lwjgloliver/3.1.5-build-1/liblwjgl_opengl.so
7fe544626000-7fe544627000 rw-p 0006b000 08:01 23724423                   /tmp/lwjgloliver/3.1.5-build-1/liblwjgl_opengl.so
7fe544627000-7fe54467a000 r-xp 00000000 08:01 23724420                   /tmp/lwjgloliver/3.1.5-build-1/liblwjgl.so
7fe54467a000-7fe544879000 ---p 00053000 08:01 23724420                   /tmp/lwjgloliver/3.1.5-build-1/liblwjgl.so
7fe544879000-7fe54487a000 r--p 00052000 08:01 23724420                   /tmp/lwjgloliver/3.1.5-build-1/liblwjgl.so
7fe54487a000-7fe54487b000 rw-p 00053000 08:01 23724420                   /tmp/lwjgloliver/3.1.5-build-1/liblwjgl.so
7fe54487b000-7fe54487c000 ---p 00000000 00:00 0 
7fe54487c000-7fe54497c000 rw-p 00000000 00:00 0 
7fe54497c000-7fe544980000 ---p 00000000 00:00 0 
7fe544980000-7fe544a7d000 rw-p 00000000 00:00 0 
7fe544a7d000-7fe544a81000 ---p 00000000 00:00 0 
7fe544a81000-7fe544b7e000 rw-p 00000000 00:00 0 
7fe544b7e000-7fe544b94000 r-xp 00000000 08:01 5641750                    /usr/lib/jvm/java-9-oracle/lib/libnet.so
7fe544b94000-7fe544d94000 ---p 00016000 08:01 5641750                    /usr/lib/jvm/java-9-oracle/lib/libnet.so
7fe544d94000-7fe544d95000 rw-p 00016000 08:01 5641750                    /usr/lib/jvm/java-9-oracle/lib/libnet.so
7fe544d95000-7fe544da5000 r-xp 00000000 08:01 5641814                    /usr/lib/jvm/java-9-oracle/lib/libnio.so
7fe544da5000-7fe544fa5000 ---p 00010000 08:01 5641814                    /usr/lib/jvm/java-9-oracle/lib/libnio.so
7fe544fa5000-7fe544fa6000 rw-p 00010000 08:01 5641814                    /usr/lib/jvm/java-9-oracle/lib/libnio.so
7fe544fa6000-7fe544faa000 ---p 00000000 00:00 0 
7fe544faa000-7fe5450a7000 rw-p 00000000 00:00 0 
7fe5450a7000-7fe5450ab000 ---p 00000000 00:00 0 
7fe5450ab000-7fe5451a8000 rw-p 00000000 00:00 0 
7fe5451a8000-7fe5451ac000 ---p 00000000 00:00 0 
7fe5451ac000-7fe5452a9000 rw-p 00000000 00:00 0 
7fe5452a9000-7fe5452ad000 ---p 00000000 00:00 0 
7fe5452ad000-7fe5453aa000 rw-p 00000000 00:00 0 
7fe5453aa000-7fe545800000 r--p 00000000 08:01 3409364                    /usr/lib/locale/locale-archive
7fe545800000-7fe545fc0000 rw-p 00000000 00:00 0 
7fe545fc0000-7fe546000000 ---p 00000000 00:00 0 
7fe546000000-7fe548000000 rwxp 00000000 00:00 0 
7fe548000000-7fe548021000 rw-p 00000000 00:00 0 
7fe548021000-7fe54c000000 ---p 00000000 00:00 0 
7fe54c000000-7fe54c021000 rw-p 00000000 00:00 0 
7fe54c021000-7fe550000000 ---p 00000000 00:00 0 
7fe550000000-7fe550021000 rw-p 00000000 00:00 0 
7fe550021000-7fe554000000 ---p 00000000 00:00 0 
7fe55407e000-7fe554082000 ---p 00000000 00:00 0 
7fe554082000-7fe55417f000 rw-p 00000000 00:00 0 
7fe55417f000-7fe554183000 ---p 00000000 00:00 0 
7fe554183000-7fe554470000 rw-p 00000000 00:00 0 
7fe554470000-7fe556140000 ---p 00000000 00:00 0 
7fe556140000-7fe556330000 rw-p 00000000 00:00 0 
7fe556330000-7fe558000000 ---p 00000000 00:00 0 
7fe558000000-7fe558021000 rw-p 00000000 00:00 0 
7fe558021000-7fe55c000000 ---p 00000000 00:00 0 
7fe55c000000-7fe55c021000 rw-p 00000000 00:00 0 
7fe55c021000-7fe560000000 ---p 00000000 00:00 0 
7fe560000000-7fe560021000 rw-p 00000000 00:00 0 
7fe560021000-7fe564000000 ---p 00000000 00:00 0 
7fe564000000-7fe564021000 rw-p 00000000 00:00 0 
7fe564021000-7fe568000000 ---p 00000000 00:00 0 
7fe568000000-7fe568021000 rw-p 00000000 00:00 0 
7fe568021000-7fe56c000000 ---p 00000000 00:00 0 
7fe56c000000-7fe56c021000 rw-p 00000000 00:00 0 
7fe56c021000-7fe570000000 ---p 00000000 00:00 0 
7fe570000000-7fe570021000 rw-p 00000000 00:00 0 
7fe570021000-7fe574000000 ---p 00000000 00:00 0 
7fe574000000-7fe574021000 rw-p 00000000 00:00 0 
7fe574021000-7fe578000000 ---p 00000000 00:00 0 
7fe578000000-7fe578021000 rw-p 00000000 00:00 0 
7fe578021000-7fe57c000000 ---p 00000000 00:00 0 
7fe57c000000-7fe57c021000 rw-p 00000000 00:00 0 
7fe57c021000-7fe580000000 ---p 00000000 00:00 0 
7fe580000000-7fe580021000 rw-p 00000000 00:00 0 
7fe580021000-7fe584000000 ---p 00000000 00:00 0 
7fe584000000-7fe584021000 rw-p 00000000 00:00 0 
7fe584021000-7fe588000000 ---p 00000000 00:00 0 
7fe588000000-7fe588021000 rw-p 00000000 00:00 0 
7fe588021000-7fe58c000000 ---p 00000000 00:00 0 
7fe58c000000-7fe58c021000 rw-p 00000000 00:00 0 
7fe58c021000-7fe590000000 ---p 00000000 00:00 0 
7fe590000000-7fe590021000 rw-p 00000000 00:00 0 
7fe590021000-7fe594000000 ---p 00000000 00:00 0 
7fe594000000-7fe594021000 rw-p 00000000 00:00 0 
7fe594021000-7fe598000000 ---p 00000000 00:00 0 
7fe598000000-7fe598021000 rw-p 00000000 00:00 0 
7fe598021000-7fe59c000000 ---p 00000000 00:00 0 
7fe59c0dc000-7fe59c0e0000 ---p 00000000 00:00 0 
7fe59c0e0000-7fe59c1dd000 rw-p 00000000 00:00 0 
7fe59c1dd000-7fe59c1e1000 ---p 00000000 00:00 0 
7fe59c1e1000-7fe59c2de000 rw-p 00000000 00:00 0 
7fe59c2de000-7fe59c2df000 ---p 00000000 00:00 0 
7fe59c2df000-7fe59ccb8000 rw-p 00000000 00:00 0 
7fe59ccb8000-7fe59ccb9000 ---p 00000000 00:00 0 
7fe59ccb9000-7fe59cdb9000 rw-p 00000000 00:00 0 
7fe59cdb9000-7fe59cdba000 ---p 00000000 00:00 0 
7fe59cdba000-7fe59ceba000 rw-p 00000000 00:00 0 
7fe59ceba000-7fe59cebb000 ---p 00000000 00:00 0 
7fe59cebb000-7fe59cff9000 rw-p 00000000 00:00 0 
7fe59cff9000-7fe59d393000 ---p 00000000 00:00 0 
7fe59d393000-7fe59d3d1000 rw-p 00000000 00:00 0 
7fe59d3d1000-7fe59db43000 ---p 00000000 00:00 0 
7fe59db43000-7fe59ddb3000 rwxp 00000000 00:00 0 
7fe59ddb3000-7fe59e0d4000 ---p 00000000 00:00 0 
7fe59e0d4000-7fe59e344000 rwxp 00000000 00:00 0 
7fe59e344000-7fe5a560b000 ---p 00000000 00:00 0 
7fe5a560b000-7fe5a587b000 rwxp 00000000 00:00 0 
7fe5a587b000-7fe5acb43000 ---p 00000000 00:00 0 
7fe5acb43000-7fe5b8000000 r--s 00000000 08:01 5641785                    /usr/lib/jvm/java-9-oracle/lib/modules
7fe5b8000000-7fe5b86b8000 rw-p 00000000 00:00 0 
7fe5b86b8000-7fe5bc000000 ---p 00000000 00:00 0 
7fe5bc007000-7fe5bc09e000 rw-p 00000000 00:00 0 
7fe5bc09e000-7fe5bc438000 ---p 00000000 00:00 0 
7fe5bc438000-7fe5bc439000 ---p 00000000 00:00 0 
7fe5bc439000-7fe5bc539000 rw-p 00000000 00:00 0 
7fe5bc539000-7fe5bc53a000 ---p 00000000 00:00 0 
7fe5bc53a000-7fe5bc63a000 rw-p 00000000 00:00 0 
7fe5bc63a000-7fe5bc63b000 ---p 00000000 00:00 0 
7fe5bc63b000-7fe5bc73b000 rw-p 00000000 00:00 0 
7fe5bc73b000-7fe5bc73c000 ---p 00000000 00:00 0 
7fe5bc73c000-7fe5bc83c000 rw-p 00000000 00:00 0 
7fe5bc83c000-7fe5bc83d000 ---p 00000000 00:00 0 
7fe5bc83d000-7fe5bc93d000 rw-p 00000000 00:00 0 
7fe5bc93d000-7fe5bc93e000 ---p 00000000 00:00 0 
7fe5bc93e000-7fe5bca3e000 rw-p 00000000 00:00 0 
7fe5bca3e000-7fe5bca3f000 ---p 00000000 00:00 0 
7fe5bca3f000-7fe5bcb3f000 rw-p 00000000 00:00 0 
7fe5bcb3f000-7fe5bcb40000 ---p 00000000 00:00 0 
7fe5bcb40000-7fe5bcc40000 rw-p 00000000 00:00 0 
7fe5bcc40000-7fe5bcc41000 ---p 00000000 00:00 0 
7fe5bcc41000-7fe5bd549000 rw-p 00000000 00:00 0 
7fe5bd549000-7fe5bd54a000 ---p 00000000 00:00 0 
7fe5bd54a000-7fe5bd64a000 rw-p 00000000 00:00 0 
7fe5bd64a000-7fe5bd64b000 ---p 00000000 00:00 0 
7fe5bd64b000-7fe5bd74b000 rw-p 00000000 00:00 0 
7fe5bd74b000-7fe5bd74c000 ---p 00000000 00:00 0 
7fe5bd74c000-7fe5bd84c000 rw-p 00000000 00:00 0 
7fe5bd84c000-7fe5bd84d000 ---p 00000000 00:00 0 
7fe5bd84d000-7fe5bd94d000 rw-p 00000000 00:00 0 
7fe5bd94d000-7fe5bd94e000 ---p 00000000 00:00 0 
7fe5bd94e000-7fe5bda4e000 rw-p 00000000 00:00 0 
7fe5bda4e000-7fe5bda4f000 ---p 00000000 00:00 0 
7fe5bda4f000-7fe5bdb4f000 rw-p 00000000 00:00 0 
7fe5bdb4f000-7fe5bdb50000 ---p 00000000 00:00 0 
7fe5bdb50000-7fe5bdc50000 rw-p 00000000 00:00 0 
7fe5bdc50000-7fe5bdc51000 ---p 00000000 00:00 0 
7fe5bdc51000-7fe5bdd56000 rw-p 00000000 00:00 0 
7fe5bdd56000-7fe5bde3c000 ---p 00000000 00:00 0 
7fe5bde3c000-7fe5bde41000 rw-p 00000000 00:00 0 
7fe5bde41000-7fe5bdf27000 ---p 00000000 00:00 0 
7fe5bdf27000-7fe5bdf41000 r-xp 00000000 08:01 5641707                    /usr/lib/jvm/java-9-oracle/lib/libjimage.so
7fe5bdf41000-7fe5be140000 ---p 0001a000 08:01 5641707                    /usr/lib/jvm/java-9-oracle/lib/libjimage.so
7fe5be140000-7fe5be142000 rw-p 00019000 08:01 5641707                    /usr/lib/jvm/java-9-oracle/lib/libjimage.so
7fe5be142000-7fe5be154000 rw-p 00000000 00:00 0 
7fe5be154000-7fe5be15b000 r-xp 00000000 08:01 5641822                    /usr/lib/jvm/java-9-oracle/lib/libzip.so
7fe5be15b000-7fe5be35a000 ---p 00007000 08:01 5641822                    /usr/lib/jvm/java-9-oracle/lib/libzip.so
7fe5be35a000-7fe5be35b000 rw-p 00006000 08:01 5641822                    /usr/lib/jvm/java-9-oracle/lib/libzip.so
7fe5be35b000-7fe5be366000 r-xp 00000000 08:01 24642406                   /lib/x86_64-linux-gnu/libnss_files-2.23.so
7fe5be366000-7fe5be565000 ---p 0000b000 08:01 24642406                   /lib/x86_64-linux-gnu/libnss_files-2.23.so
7fe5be565000-7fe5be566000 r--p 0000a000 08:01 24642406                   /lib/x86_64-linux-gnu/libnss_files-2.23.so
7fe5be566000-7fe5be567000 rw-p 0000b000 08:01 24642406                   /lib/x86_64-linux-gnu/libnss_files-2.23.so
7fe5be567000-7fe5be56d000 rw-p 00000000 00:00 0 
7fe5be56d000-7fe5be578000 r-xp 00000000 08:01 24642410                   /lib/x86_64-linux-gnu/libnss_nis-2.23.so
7fe5be578000-7fe5be777000 ---p 0000b000 08:01 24642410                   /lib/x86_64-linux-gnu/libnss_nis-2.23.so
7fe5be777000-7fe5be778000 r--p 0000a000 08:01 24642410                   /lib/x86_64-linux-gnu/libnss_nis-2.23.so
7fe5be778000-7fe5be779000 rw-p 0000b000 08:01 24642410                   /lib/x86_64-linux-gnu/libnss_nis-2.23.so
7fe5be779000-7fe5be78f000 r-xp 00000000 08:01 24642390                   /lib/x86_64-linux-gnu/libnsl-2.23.so
7fe5be78f000-7fe5be98e000 ---p 00016000 08:01 24642390                   /lib/x86_64-linux-gnu/libnsl-2.23.so
7fe5be98e000-7fe5be98f000 r--p 00015000 08:01 24642390                   /lib/x86_64-linux-gnu/libnsl-2.23.so
7fe5be98f000-7fe5be990000 rw-p 00016000 08:01 24642390                   /lib/x86_64-linux-gnu/libnsl-2.23.so
7fe5be990000-7fe5be992000 rw-p 00000000 00:00 0 
7fe5be992000-7fe5be99a000 r-xp 00000000 08:01 24642401                   /lib/x86_64-linux-gnu/libnss_compat-2.23.so
7fe5be99a000-7fe5beb99000 ---p 00008000 08:01 24642401                   /lib/x86_64-linux-gnu/libnss_compat-2.23.so
7fe5beb99000-7fe5beb9a000 r--p 00007000 08:01 24642401                   /lib/x86_64-linux-gnu/libnss_compat-2.23.so
7fe5beb9a000-7fe5beb9b000 rw-p 00008000 08:01 24642401                   /lib/x86_64-linux-gnu/libnss_compat-2.23.so
7fe5beb9b000-7fe5bebc6000 r-xp 00000000 08:01 5641743                    /usr/lib/jvm/java-9-oracle/lib/libjava.so
7fe5bebc6000-7fe5bedc5000 ---p 0002b000 08:01 5641743                    /usr/lib/jvm/java-9-oracle/lib/libjava.so
7fe5bedc5000-7fe5bedc7000 rw-p 0002a000 08:01 5641743                    /usr/lib/jvm/java-9-oracle/lib/libjava.so
7fe5bedc7000-7fe5bedd4000 r-xp 00000000 08:01 5641768                    /usr/lib/jvm/java-9-oracle/lib/libverify.so
7fe5bedd4000-7fe5befd3000 ---p 0000d000 08:01 5641768                    /usr/lib/jvm/java-9-oracle/lib/libverify.so
7fe5befd3000-7fe5befd5000 rw-p 0000c000 08:01 5641768                    /usr/lib/jvm/java-9-oracle/lib/libverify.so
7fe5befd5000-7fe5befdc000 r-xp 00000000 08:01 24642411                   /lib/x86_64-linux-gnu/librt-2.23.so
7fe5befdc000-7fe5bf1db000 ---p 00007000 08:01 24642411                   /lib/x86_64-linux-gnu/librt-2.23.so
7fe5bf1db000-7fe5bf1dc000 r--p 00006000 08:01 24642411                   /lib/x86_64-linux-gnu/librt-2.23.so
7fe5bf1dc000-7fe5bf1dd000 rw-p 00007000 08:01 24642411                   /lib/x86_64-linux-gnu/librt-2.23.so
7fe5bf1dd000-7fe5bf2e5000 r-xp 00000000 08:01 24642389                   /lib/x86_64-linux-gnu/libm-2.23.so
7fe5bf2e5000-7fe5bf4e4000 ---p 00108000 08:01 24642389                   /lib/x86_64-linux-gnu/libm-2.23.so
7fe5bf4e4000-7fe5bf4e5000 r--p 00107000 08:01 24642389                   /lib/x86_64-linux-gnu/libm-2.23.so
7fe5bf4e5000-7fe5bf4e6000 rw-p 00108000 08:01 24642389                   /lib/x86_64-linux-gnu/libm-2.23.so
7fe5bf4e6000-7fe5c04fb000 r-xp 00000000 08:01 6951024                    /usr/lib/jvm/java-9-oracle/lib/server/libjvm.so
7fe5c04fb000-7fe5c06fa000 ---p 01015000 08:01 6951024                    /usr/lib/jvm/java-9-oracle/lib/server/libjvm.so
7fe5c06fa000-7fe5c07cb000 r--p 01014000 08:01 6951024                    /usr/lib/jvm/java-9-oracle/lib/server/libjvm.so
7fe5c07cb000-7fe5c0802000 rw-p 010e5000 08:01 6951024                    /usr/lib/jvm/java-9-oracle/lib/server/libjvm.so
7fe5c0802000-7fe5c086b000 rw-p 00000000 00:00 0 
7fe5c086b000-7fe5c0a2b000 r-xp 00000000 08:01 24642393                   /lib/x86_64-linux-gnu/libc-2.23.so
7fe5c0a2b000-7fe5c0c2b000 ---p 001c0000 08:01 24642393                   /lib/x86_64-linux-gnu/libc-2.23.so
7fe5c0c2b000-7fe5c0c2f000 r--p 001c0000 08:01 24642393                   /lib/x86_64-linux-gnu/libc-2.23.so
7fe5c0c2f000-7fe5c0c31000 rw-p 001c4000 08:01 24642393                   /lib/x86_64-linux-gnu/libc-2.23.so
7fe5c0c31000-7fe5c0c35000 rw-p 00000000 00:00 0 
7fe5c0c35000-7fe5c0c38000 r-xp 00000000 08:01 24642395                   /lib/x86_64-linux-gnu/libdl-2.23.so
7fe5c0c38000-7fe5c0e37000 ---p 00003000 08:01 24642395                   /lib/x86_64-linux-gnu/libdl-2.23.so
7fe5c0e37000-7fe5c0e38000 r--p 00002000 08:01 24642395                   /lib/x86_64-linux-gnu/libdl-2.23.so
7fe5c0e38000-7fe5c0e39000 rw-p 00003000 08:01 24642395                   /lib/x86_64-linux-gnu/libdl-2.23.so
7fe5c0e39000-7fe5c0e47000 r-xp 00000000 08:01 6951026                    /usr/lib/jvm/java-9-oracle/lib/jli/libjli.so
7fe5c0e47000-7fe5c1047000 ---p 0000e000 08:01 6951026                    /usr/lib/jvm/java-9-oracle/lib/jli/libjli.so
7fe5c1047000-7fe5c1048000 rw-p 0000e000 08:01 6951026                    /usr/lib/jvm/java-9-oracle/lib/jli/libjli.so
7fe5c1048000-7fe5c1060000 r-xp 00000000 08:01 24642392                   /lib/x86_64-linux-gnu/libpthread-2.23.so
7fe5c1060000-7fe5c125f000 ---p 00018000 08:01 24642392                   /lib/x86_64-linux-gnu/libpthread-2.23.so
7fe5c125f000-7fe5c1260000 r--p 00017000 08:01 24642392                   /lib/x86_64-linux-gnu/libpthread-2.23.so
7fe5c1260000-7fe5c1261000 rw-p 00018000 08:01 24642392                   /lib/x86_64-linux-gnu/libpthread-2.23.so
7fe5c1261000-7fe5c1265000 rw-p 00000000 00:00 0 
7fe5c1265000-7fe5c127e000 r-xp 00000000 08:01 24646264                   /lib/x86_64-linux-gnu/libz.so.1.2.8
7fe5c127e000-7fe5c147d000 ---p 00019000 08:01 24646264                   /lib/x86_64-linux-gnu/libz.so.1.2.8
7fe5c147d000-7fe5c147e000 r--p 00018000 08:01 24646264                   /lib/x86_64-linux-gnu/libz.so.1.2.8
7fe5c147e000-7fe5c147f000 rw-p 00019000 08:01 24646264                   /lib/x86_64-linux-gnu/libz.so.1.2.8
7fe5c147f000-7fe5c14a5000 r-xp 00000000 08:01 24642391                   /lib/x86_64-linux-gnu/ld-2.23.so
7fe5c14b8000-7fe5c1575000 rw-p 00000000 00:00 0 
7fe5c1575000-7fe5c157a000 ---p 00000000 00:00 0 
7fe5c157a000-7fe5c167b000 rw-p 00000000 00:00 0 
7fe5c168d000-7fe5c1693000 rw-p 00000000 00:00 0 
7fe5c1693000-7fe5c169a000 ---p 00000000 00:00 0 
7fe5c169a000-7fe5c16a2000 rw-s 00000000 08:01 23724406                   /tmp/hsperfdata_oliver/20037
7fe5c16a2000-7fe5c16a3000 rw-p 00000000 00:00 0 
7fe5c16a3000-7fe5c16a4000 r--p 00000000 00:00 0 
7fe5c16a4000-7fe5c16a5000 r--p 00025000 08:01 24642391                   /lib/x86_64-linux-gnu/ld-2.23.so
7fe5c16a5000-7fe5c16a6000 rw-p 00026000 08:01 24642391                   /lib/x86_64-linux-gnu/ld-2.23.so
7fe5c16a6000-7fe5c16a7000 rw-p 00000000 00:00 0 
7fff0ee33000-7fff0ee55000 rw-p 00000000 00:00 0                          [stack]
7fff0efa8000-7fff0efab000 r--p 00000000 00:00 0                          [vvar]
7fff0efab000-7fff0efad000 r-xp 00000000 00:00 0                          [vdso]
ffffffffff600000-ffffffffff601000 r-xp 00000000 00:00 0                  [vsyscall]

VM Arguments:
jvm_args: -Dorg.lwjgl.util.Debug=true -Djava.library.path=nope -Dfile.encoding=UTF-8 
java_command: base.IkSolver
java_class_path (initial): /home/oliver/git/Master_thesis_java/Masterthesis_IK/target/classes:/home/oliver/git/Master_thesis_java/Masterthesis_IK/libs/Caliko-v1.3.3/jar/caliko-1.3.3.jar:/home/oliver/git/Master_thesis_java/Masterthesis_IK/libs/Caliko-v1.3.3/jar/caliko-demo-1.3.3.jar:/home/oliver/git/Master_thesis_java/Masterthesis_IK/libs/Caliko-v1.3.3/jar/caliko-visualisation-1.3.3.jar:/home/oliver/.m2/repository/org/lwjgl/lwjgl/3.1.5/lwjgl-3.1.5.jar:/home/oliver/.m2/repository/org/lwjgl/lwjgl-assimp/3.1.5/lwjgl-assimp-3.1.5.jar:/home/oliver/.m2/repository/org/lwjgl/lwjgl-bgfx/3.1.5/lwjgl-bgfx-3.1.5.jar:/home/oliver/.m2/repository/org/lwjgl/lwjgl-glfw/3.1.5/lwjgl-glfw-3.1.5.jar:/home/oliver/.m2/repository/org/lwjgl/lwjgl-nanovg/3.1.5/lwjgl-nanovg-3.1.5.jar:/home/oliver/.m2/repository/org/lwjgl/lwjgl-nuklear/3.1.5/lwjgl-nuklear-3.1.5.jar:/home/oliver/.m2/repository/org/lwjgl/lwjgl-openal/3.1.5/lwjgl-openal-3.1.5.jar:/home/oliver/.m2/repository/org/lwjgl/lwjgl-opengl/3.1.5/lwjgl-opengl-3.1.5.jar:/home/oliver/.m2/repository/org/lwjgl/lwjgl-openvr/3.1.5/lwjgl-openvr-3.1.5.jar:/home/oliver/.m2/repository/org/lwjgl/lwjgl-par/3.1.5/lwjgl-par-3.1.5.jar:/home/oliver/.m2/repository/org/lwjgl/lwjgl-stb/3.1.5/lwjgl-stb-3.1.5.jar:/home/oliver/.m2/repository/org/lwjgl/lwjgl-vulkan/3.1.5/lwjgl-vulkan-3.1.5.jar:/home/oliver/.m2/repository/org/lwjgl/lwjgl/3.1.5/lwjgl-3.1.5-natives-linux.jar:/home/oliver/.m2/repository/org/lwjgl/lwjgl-assimp/3.1.5/lwjgl-assimp-3.1.5-natives-linux.jar:/home/oliver/.m2/repository/org/lwjgl/lwjgl-bgfx/3.1.5/lwjgl-bgfx-3.1.5-natives-linux.jar:/home/oliver/.m2/repository/org/lwjgl/lwjgl-glfw/3.1.5/lwjgl-glfw-3.1.5-natives-linux.jar:/home/oliver/.m2/repository/org/lwjgl/lwjgl-nanovg/3.1.5/lwjgl-nanovg-3.1.5-natives-linux.jar:/home/oliver/.m2/repository/org/lwjgl/lwjgl-nuklear/3.1.5/lwjgl-nuklear-3.1.5-natives-linux.jar:/home/oliver/.m2/repository/org/lwjgl/lwjgl-openal/3.1.5/lwjgl-openal-3.1.5-natives-linux.jar:/home/oliver/.m2/repository/org/lwjgl/lwjgl
Launcher Type: SUN_STANDARD

Logging:
Log output configuration:
#0: stdout all=warning uptime,level,tags
#1: stderr all=off uptime,level,tags

Environment Variables:
JAVA_HOME=/usr/lib/jvm/java-9-oracle
PATH=/home/oliver/bin:/home/oliver/.local/bin:/usr/local/sbin:/usr/local/bin:/usr/sbin:/usr/bin:/sbin:/bin:/usr/games:/usr/local/games:/snap/bin:/usr/lib/jvm/java-9-oracle/bin:/usr/lib/jvm/java-9-oracle/db/bin
SHELL=/bin/bash
DISPLAY=:0

Signal Handlers:
SIGSEGV: [libjvm.so+0xd4d370], sa_mask[0]=11111111011111111101111111111110, sa_flags=SA_RESTART|SA_SIGINFO
SIGBUS: [libjvm.so+0xd4d370], sa_mask[0]=11111111011111111101111111111110, sa_flags=SA_RESTART|SA_SIGINFO
SIGFPE: [libjvm.so+0xd4d370], sa_mask[0]=11111111011111111101111111111110, sa_flags=SA_RESTART|SA_SIGINFO
SIGPIPE: [libjvm.so+0xb64780], sa_mask[0]=11111111011111111101111111111110, sa_flags=SA_RESTART|SA_SIGINFO
SIGXFSZ: [libjvm.so+0xb64780], sa_mask[0]=11111111011111111101111111111110, sa_flags=SA_RESTART|SA_SIGINFO
SIGILL: [libjvm.so+0xd4d370], sa_mask[0]=11111111011111111101111111111110, sa_flags=SA_RESTART|SA_SIGINFO
SIGUSR2: [libjvm.so+0xb64640], sa_mask[0]=00100000000000000000000000000000, sa_flags=SA_RESTART|SA_SIGINFO
SIGHUP: [libjvm.so+0xb64850], sa_mask[0]=11111111011111111101111111111110, sa_flags=SA_RESTART|SA_SIGINFO
SIGINT: [libjvm.so+0xb64850], sa_mask[0]=11111111011111111101111111111110, sa_flags=SA_RESTART|SA_SIGINFO
SIGTERM: [libjvm.so+0xb64850], sa_mask[0]=11111111011111111101111111111110, sa_flags=SA_RESTART|SA_SIGINFO
SIGQUIT: [libjvm.so+0xb64850], sa_mask[0]=11111111011111111101111111111110, sa_flags=SA_RESTART|SA_SIGINFO


---------------  S Y S T E M  ---------------

OS:DISTRIB_ID=Ubuntu
DISTRIB_RELEASE=16.04
DISTRIB_CODENAME=xenial
DISTRIB_DESCRIPTION="Ubuntu 16.04.4 LTS"
uname:Linux 4.13.0-41-generic #46~16.04.1-Ubuntu SMP Thu May 3 10:06:43 UTC 2018 x86_64
libc:glibc 2.23 NPTL 2.23 
rlimit: STACK 8192k, CORE 0k, NPROC 31243, NOFILE 1048576, AS infinity
load average:1,59 1,74 1,25

/proc/meminfo:
MemTotal:        8059524 kB
MemFree:         1451848 kB
MemAvailable:    4333008 kB
Buffers:          548672 kB
Cached:          2469560 kB
SwapCached:            0 kB
Active:          4301476 kB
Inactive:        1685084 kB
Active(anon):    2915060 kB
Inactive(anon):   192360 kB
Active(file):    1386416 kB
Inactive(file):  1492724 kB
Unevictable:          80 kB
Mlocked:              80 kB
SwapTotal:       8278012 kB
SwapFree:        8278012 kB
Dirty:               320 kB
Writeback:             0 kB
AnonPages:       2968604 kB
Mapped:           910992 kB
Shmem:            198680 kB
Slab:             375496 kB
SReclaimable:     307236 kB
SUnreclaim:        68260 kB
KernelStack:       16948 kB
PageTables:        55380 kB
NFS_Unstable:          0 kB
Bounce:                0 kB
WritebackTmp:          0 kB
CommitLimit:    12307772 kB
Committed_AS:   10347008 kB
VmallocTotal:   34359738367 kB
VmallocUsed:           0 kB
VmallocChunk:          0 kB
HardwareCorrupted:     0 kB
AnonHugePages:         0 kB
ShmemHugePages:        0 kB
ShmemPmdMapped:        0 kB
CmaTotal:              0 kB
CmaFree:               0 kB
HugePages_Total:       0
HugePages_Free:        0
HugePages_Rsvd:        0
HugePages_Surp:        0
Hugepagesize:       2048 kB
DirectMap4k:      354876 kB
DirectMap2M:     7925760 kB


CPU:total 8 (initial active 8) (4 cores per cpu, 2 threads per core) family 6 model 42 stepping 7, cmov, cx8, fxsr, mmx, sse, sse2, sse3, ssse3, sse4.1, sse4.2, popcnt, avx, aes, clmul, ht, tsc, tscinvbit
CPU Model and flags from /proc/cpuinfo:
model name	: Intel(R) Core(TM) i7-2630QM CPU @ 2.00GHz
flags		: fpu vme de pse tsc msr pae mce cx8 apic sep mtrr pge mca cmov pat pse36 clflush dts acpi mmx fxsr sse sse2 ss ht tm pbe syscall nx rdtscp lm constant_tsc arch_perfmon pebs bts nopl xtopology nonstop_tsc cpuid aperfmperf pni pclmulqdq dtes64 monitor ds_cpl vmx est tm2 ssse3 cx16 xtpr pdcm pcid sse4_1 sse4_2 x2apic popcnt tsc_deadline_timer aes xsave avx lahf_lm epb pti retpoline spec_ctrl tpr_shadow vnmi flexpriority ept vpid xsaveopt dtherm ida arat pln pts

Memory: 4k page, physical 8059524k(1451848k free), swap 8278012k(8278012k free)

vm_info: Java HotSpot(TM) 64-Bit Server VM (9.0.4+11) for linux-amd64 JRE (9.0.4+11), built on Dec 19 2017 18:12:19 by "mach5one" with gcc 4.9.2

END.
