#
# A fatal error has been detected by the Java Runtime Environment:
#
#  SIGSEGV (0xb) at pc=0x00007f4346d05527, pid=8460, tid=8466
#
# JRE version: Java(TM) SE Runtime Environment (9.0+11) (build 9.0.4+11)
# Java VM: Java HotSpot(TM) 64-Bit Server VM (9.0.4+11, mixed mode, tiered, compressed oops, g1 gc, linux-amd64)
# Problematic frame:
# C  [liblwjgl_opengl.so+0x49527]  Java_org_lwjgl_opengl_GL11_glClearColor+0x7
#
# Core dump will be written. Default location: Core dumps may be processed with "/usr/share/apport/apport %p %s %c %d %P" (or dumping to /home/oliver/git/Master_thesis_java/Masterthesis_IK/core.8460)
#
# If you would like to submit a bug report, please visit:
#   http://bugreport.java.com/bugreport/crash.jsp
# The crash happened outside the Java Virtual Machine in native code.
# See problematic frame for where to report the bug.
#

---------------  S U M M A R Y ------------

Command Line: -Dorg.lwjgl.util.Debug=true -Djava.library.path=nope -Dfile.encoding=UTF-8 base.IkSolver

Host: Intel(R) Core(TM) i7-2630QM CPU @ 2.00GHz, 8 cores, 7G, Ubuntu 16.04.4 LTS
Time: Sat May 26 11:04:41 2018 CEST elapsed time: 0 seconds (0d 0h 0m 0s)

---------------  T H R E A D  ---------------

Current thread (0x00007f43c4013000):  JavaThread "main" [_thread_in_native, id=8466, stack(0x00007f43cbe2f000,0x00007f43cbf2f000)]

Stack: [0x00007f43cbe2f000,0x00007f43cbf2f000],  sp=0x00007f43cbf2d8a8,  free space=1018k
Native frames: (J=compiled Java code, A=aot compiled Java code, j=interpreted, Vv=VM code, C=native code)
C  [liblwjgl_opengl.so+0x49527]  Java_org_lwjgl_opengl_GL11_glClearColor+0x7
j  base.IkSolver.loop()V+4
j  base.IkSolver.run()V+5
j  base.IkSolver.main([Ljava/lang/String;)V+7
v  ~StubRoutines::call_stub
V  [libjvm.so+0x83d60a]  JavaCalls::call_helper(JavaValue*, methodHandle const&, JavaCallArguments*, Thread*)+0x47a
V  [libjvm.so+0x89a67f]  jni_invoke_static(JNIEnv_*, JavaValue*, _jobject*, JNICallType, _jmethodID*, JNI_ArgumentPusher*, Thread*) [clone .isra.90]+0x21f
V  [libjvm.so+0x8ab5ce]  jni_CallStaticVoidMethod+0x14e
C  [libjli.so+0x4397]  JavaMain+0xa17
C  [libpthread.so.0+0x76ba]  start_thread+0xca

Java frames: (J=compiled Java code, j=interpreted, Vv=VM code)
j  org.lwjgl.opengl.GL11.glClearColor(FFFF)V+0
j  base.IkSolver.loop()V+4
j  base.IkSolver.run()V+5
j  base.IkSolver.main([Ljava/lang/String;)V+7
v  ~StubRoutines::call_stub

siginfo: si_signo: 11 (SIGSEGV), si_code: 1 (SEGV_MAPERR), si_addr: 0x00000000000003b0

Register to memory mapping:

RAX=0x0000000000000000 is an unknown value
RBX={method} {0x00007f435ce0c2d8} 'glClearColor' '(FFFF)V' in 'org/lwjgl/opengl/GL11'
RCX=0x0000000000000001 is an unknown value
RDX=0x00007f43cb0e84d8: <offset 0x00000000013494d8> in /usr/lib/jvm/java-9-oracle/lib/server/libjvm.so at 0x00007f43c9d9f000
RSP=0x00007f43cbf2d8a8 is pointing into the stack for thread: 0x00007f43c4013000
RBP=0x00007f43cbf2d918 is pointing into the stack for thread: 0x00007f43c4013000
RSI=0x00007f43cbf2d928 is pointing into the stack for thread: 0x00007f43c4013000
RDI=0x00007f43c4013218 is an unknown value
R8 ={method} {0x00007f435ce0c2d8} 'glClearColor' '(FFFF)V' in 'org/lwjgl/opengl/GL11'
R9 =0x0000000000000008 is an unknown value
R10=0x00007f43a9b5bd09 is at code_begin+873 in an Interpreter codelet
method entry point (kind = native)  [0x00007f43a9b5b9a0, 0x00007f43a9b5c3e0]  2624 bytes
R11=0x000000008c7bce90 is an oop
java.lang.Class 
{0x000000008c7bce90} - klass: 'java/lang/Class'
R12=0x0000000000000000 is an unknown value
R13=0x00007f435ce0c2d0 is pointing into metadata
R14=0x00007f43cbf2d950 is pointing into the stack for thread: 0x00007f43c4013000
R15=0x00007f43c4013000 is a thread


Registers:
RAX=0x0000000000000000, RBX=0x00007f435ce0c2d8, RCX=0x0000000000000001, RDX=0x00007f43cb0e84d8
RSP=0x00007f43cbf2d8a8, RBP=0x00007f43cbf2d918, RSI=0x00007f43cbf2d928, RDI=0x00007f43c4013218
R8 =0x00007f435ce0c2d8, R9 =0x0000000000000008, R10=0x00007f43a9b5bd09, R11=0x000000008c7bce90
R12=0x0000000000000000, R13=0x00007f435ce0c2d0, R14=0x00007f43cbf2d950, R15=0x00007f43c4013000
RIP=0x00007f4346d05527, EFLAGS=0x0000000000010283, CSGSFS=0x002b000000000033, ERR=0x0000000000000004
  TRAPNO=0x000000000000000e

Top of Stack: (sp=0x00007f43cbf2d8a8)
0x00007f43cbf2d8a8:   00007f43a9b5bd35 00007f43cbf2d918
0x00007f43cbf2d8b8:   00007f43a9b5ba8a 00007f435cbca258
0x00007f43cbf2d8c8:   00007f43a9b5ba53 00007f43cbf2d8d0
0x00007f43cbf2d8d8:   00007f435ce0c2d0 00007f43cbf2d950 

Instructions: (pc=0x00007f4346d05527)
0x00007f4346d05507:   ff a0 e0 03 00 00 0f 1f 00 48 8b 07 48 8b 40 18
0x00007f4346d05517:   ff a0 c8 03 00 00 0f 1f 00 48 8b 07 48 8b 40 18
0x00007f4346d05527:   ff a0 b0 03 00 00 0f 1f 00 48 8b 07 48 8b 40 18
0x00007f4346d05537:   ff a0 78 03 00 00 0f 1f 00 48 8b 07 89 d7 48 8b 


---------------  P R O C E S S  ---------------

Java Threads: ( => current thread )
  0x00007f43c421d800 JavaThread "Service Thread" daemon [_thread_blocked, id=8497, stack(0x00007f434727d000,0x00007f434737e000)]
  0x00007f43c4185800 JavaThread "Common-Cleaner" daemon [_thread_blocked, id=8496, stack(0x00007f434737e000,0x00007f434747f000)]
  0x00007f43c4179000 JavaThread "Sweeper thread" daemon [_thread_blocked, id=8495, stack(0x00007f43478a7000,0x00007f43479a8000)]
  0x00007f43c4177800 JavaThread "C1 CompilerThread3" daemon [_thread_blocked, id=8494, stack(0x00007f43479a8000,0x00007f4347aa9000)]
  0x00007f43c4175800 JavaThread "C2 CompilerThread2" daemon [_thread_blocked, id=8493, stack(0x00007f4347aa9000,0x00007f4347baa000)]
  0x00007f43c4173800 JavaThread "C2 CompilerThread1" daemon [_thread_blocked, id=8492, stack(0x00007f435c0ee000,0x00007f435c1ef000)]
  0x00007f43c4171800 JavaThread "C2 CompilerThread0" daemon [_thread_blocked, id=8491, stack(0x00007f435c1ef000,0x00007f435c2f0000)]
  0x00007f43c416f800 JavaThread "Signal Dispatcher" daemon [_thread_blocked, id=8490, stack(0x00007f435c2f0000,0x00007f435c3f1000)]
  0x00007f43c4154000 JavaThread "Finalizer" daemon [_thread_blocked, id=8489, stack(0x00007f435c3f1000,0x00007f435c4f2000)]
  0x00007f43c414b800 JavaThread "Reference Handler" daemon [_thread_blocked, id=8488, stack(0x00007f435c4f2000,0x00007f435c5f3000)]
=>0x00007f43c4013000 JavaThread "main" [_thread_in_native, id=8466, stack(0x00007f43cbe2f000,0x00007f43cbf2f000)]

Other Threads:
  0x00007f43c4142000 VMThread "VM Thread" [stack: 0x00007f435c5f4000,0x00007f435c6f4000] [id=8487]
  0x00007f43c4220000 WatcherThread [stack: 0x00007f434717d000,0x00007f434727d000] [id=8498]
  0x00007f43c402a800 GCTaskThread "GC Thread#0" [stack: 0x00007f43c850a000,0x00007f43c860a000] [id=8467]
  0x00007f43c402c000 GCTaskThread "GC Thread#1" [stack: 0x00007f43c8409000,0x00007f43c8509000] [id=8468]
  0x00007f43c402d800 GCTaskThread "GC Thread#2" [stack: 0x00007f43c8308000,0x00007f43c8408000] [id=8469]
  0x00007f43c402f800 GCTaskThread "GC Thread#3" [stack: 0x00007f43c8207000,0x00007f43c8307000] [id=8470]
  0x00007f43c4031000 GCTaskThread "GC Thread#4" [stack: 0x00007f43c8106000,0x00007f43c8206000] [id=8471]
  0x00007f43c4032800 GCTaskThread "GC Thread#5" [stack: 0x00007f43c8005000,0x00007f43c8105000] [id=8472]
  0x00007f43c4034800 GCTaskThread "GC Thread#6" [stack: 0x00007f43a9a43000,0x00007f43a9b43000] [id=8473]
  0x00007f43c4036000 GCTaskThread "GC Thread#7" [stack: 0x00007f43a9942000,0x00007f43a9a42000] [id=8474]
  0x00007f43c406c000 ConcurrentGCThread "G1 Main Marker" [stack: 0x00007f435f9d0000,0x00007f435fad0000] [id=8484]
  0x00007f43c406d800 ConcurrentGCThread "G1 Marker#0" [stack: 0x00007f435f8cf000,0x00007f435f9cf000] [id=8485]
  0x00007f43c406f800 ConcurrentGCThread "G1 Marker#1" [stack: 0x00007f435f7ce000,0x00007f435f8ce000] [id=8486]
  0x00007f43c4045000 ConcurrentGCThread "G1 Refine#0" [stack: 0x00007f43a8932000,0x00007f43a8a32000] [id=8482]
  0x00007f43c4043000 ConcurrentGCThread "G1 Refine#1" [stack: 0x00007f43a8a33000,0x00007f43a8b33000] [id=8481]
  0x00007f43c4041000 ConcurrentGCThread "G1 Refine#2" [stack: 0x00007f43a8b34000,0x00007f43a8c34000] [id=8480]
  0x00007f43c403f800 ConcurrentGCThread "G1 Refine#3" [stack: 0x00007f43a8c35000,0x00007f43a8d35000] [id=8479]
  0x00007f43c403d800 ConcurrentGCThread "G1 Refine#4" [stack: 0x00007f43a8d36000,0x00007f43a8e36000] [id=8478]
  0x00007f43c403c000 ConcurrentGCThread "G1 Refine#5" [stack: 0x00007f43a8e37000,0x00007f43a8f37000] [id=8477]
  0x00007f43c403a000 ConcurrentGCThread "G1 Refine#6" [stack: 0x00007f43a8f38000,0x00007f43a9038000] [id=8476]
  0x00007f43c4038800 ConcurrentGCThread "G1 Refine#7" [stack: 0x00007f43a9039000,0x00007f43a9139000] [id=8475]
  0x00007f43c4046800 ConcurrentGCThread "G1 Young RemSet Sampling" [stack: 0x00007f43a8831000,0x00007f43a8931000] [id=8483]

Threads with active compile tasks:

VM state:not at safepoint (normal execution)

VM Mutex/Monitor currently owned by a thread: None

Heap address: 0x0000000085000000, size: 1968 MB, Compressed Oops mode: 32-bit
Narrow klass base: 0x0000000000000000, Narrow klass shift: 3
Compressed class space size: 1073741824 Address: 0x0000000100000000

Heap:
 garbage-first heap   total 126976K, used 6144K [0x0000000085000000, 0x00000000851003e0, 0x0000000100000000)
  region size 1024K, 7 young (7168K), 0 survivors (0K)
 Metaspace       used 8664K, capacity 8876K, committed 9088K, reserved 1056768K
  class space    used 730K, capacity 799K, committed 896K, reserved 1048576K
Heap Regions: E=young(eden), S=young(survivor), O=old, HS=humongous(starts), HC=humongous(continues), CS=collection set, F=free, A=archive, TS=gc time stamp, AC=allocation context, TAMS=top-at-mark-start (previous, next)
|   0|0x0000000085000000, 0x0000000085000000, 0x0000000085100000|  0%| F|  |TS  0|AC  0|TAMS 0x0000000085000000, 0x0000000085000000|
|   1|0x0000000085100000, 0x0000000085100000, 0x0000000085200000|  0%| F|  |TS  0|AC  0|TAMS 0x0000000085100000, 0x0000000085100000|
|   2|0x0000000085200000, 0x0000000085200000, 0x0000000085300000|  0%| F|  |TS  0|AC  0|TAMS 0x0000000085200000, 0x0000000085200000|
|   3|0x0000000085300000, 0x0000000085300000, 0x0000000085400000|  0%| F|  |TS  0|AC  0|TAMS 0x0000000085300000, 0x0000000085300000|
|   4|0x0000000085400000, 0x0000000085400000, 0x0000000085500000|  0%| F|  |TS  0|AC  0|TAMS 0x0000000085400000, 0x0000000085400000|
|   5|0x0000000085500000, 0x0000000085500000, 0x0000000085600000|  0%| F|  |TS  0|AC  0|TAMS 0x0000000085500000, 0x0000000085500000|
|   6|0x0000000085600000, 0x0000000085600000, 0x0000000085700000|  0%| F|  |TS  0|AC  0|TAMS 0x0000000085600000, 0x0000000085600000|
|   7|0x0000000085700000, 0x0000000085700000, 0x0000000085800000|  0%| F|  |TS  0|AC  0|TAMS 0x0000000085700000, 0x0000000085700000|
|   8|0x0000000085800000, 0x0000000085800000, 0x0000000085900000|  0%| F|  |TS  0|AC  0|TAMS 0x0000000085800000, 0x0000000085800000|
|   9|0x0000000085900000, 0x0000000085900000, 0x0000000085a00000|  0%| F|  |TS  0|AC  0|TAMS 0x0000000085900000, 0x0000000085900000|
|  10|0x0000000085a00000, 0x0000000085a00000, 0x0000000085b00000|  0%| F|  |TS  0|AC  0|TAMS 0x0000000085a00000, 0x0000000085a00000|
|  11|0x0000000085b00000, 0x0000000085b00000, 0x0000000085c00000|  0%| F|  |TS  0|AC  0|TAMS 0x0000000085b00000, 0x0000000085b00000|
|  12|0x0000000085c00000, 0x0000000085c00000, 0x0000000085d00000|  0%| F|  |TS  0|AC  0|TAMS 0x0000000085c00000, 0x0000000085c00000|
|  13|0x0000000085d00000, 0x0000000085d00000, 0x0000000085e00000|  0%| F|  |TS  0|AC  0|TAMS 0x0000000085d00000, 0x0000000085d00000|
|  14|0x0000000085e00000, 0x0000000085e00000, 0x0000000085f00000|  0%| F|  |TS  0|AC  0|TAMS 0x0000000085e00000, 0x0000000085e00000|
|  15|0x0000000085f00000, 0x0000000085f00000, 0x0000000086000000|  0%| F|  |TS  0|AC  0|TAMS 0x0000000085f00000, 0x0000000085f00000|
|  16|0x0000000086000000, 0x0000000086000000, 0x0000000086100000|  0%| F|  |TS  0|AC  0|TAMS 0x0000000086000000, 0x0000000086000000|
|  17|0x0000000086100000, 0x0000000086100000, 0x0000000086200000|  0%| F|  |TS  0|AC  0|TAMS 0x0000000086100000, 0x0000000086100000|
|  18|0x0000000086200000, 0x0000000086200000, 0x0000000086300000|  0%| F|  |TS  0|AC  0|TAMS 0x0000000086200000, 0x0000000086200000|
|  19|0x0000000086300000, 0x0000000086300000, 0x0000000086400000|  0%| F|  |TS  0|AC  0|TAMS 0x0000000086300000, 0x0000000086300000|
|  20|0x0000000086400000, 0x0000000086400000, 0x0000000086500000|  0%| F|  |TS  0|AC  0|TAMS 0x0000000086400000, 0x0000000086400000|
|  21|0x0000000086500000, 0x0000000086500000, 0x0000000086600000|  0%| F|  |TS  0|AC  0|TAMS 0x0000000086500000, 0x0000000086500000|
|  22|0x0000000086600000, 0x0000000086600000, 0x0000000086700000|  0%| F|  |TS  0|AC  0|TAMS 0x0000000086600000, 0x0000000086600000|
|  23|0x0000000086700000, 0x0000000086700000, 0x0000000086800000|  0%| F|  |TS  0|AC  0|TAMS 0x0000000086700000, 0x0000000086700000|
|  24|0x0000000086800000, 0x0000000086800000, 0x0000000086900000|  0%| F|  |TS  0|AC  0|TAMS 0x0000000086800000, 0x0000000086800000|
|  25|0x0000000086900000, 0x0000000086900000, 0x0000000086a00000|  0%| F|  |TS  0|AC  0|TAMS 0x0000000086900000, 0x0000000086900000|
|  26|0x0000000086a00000, 0x0000000086a00000, 0x0000000086b00000|  0%| F|  |TS  0|AC  0|TAMS 0x0000000086a00000, 0x0000000086a00000|
|  27|0x0000000086b00000, 0x0000000086b00000, 0x0000000086c00000|  0%| F|  |TS  0|AC  0|TAMS 0x0000000086b00000, 0x0000000086b00000|
|  28|0x0000000086c00000, 0x0000000086c00000, 0x0000000086d00000|  0%| F|  |TS  0|AC  0|TAMS 0x0000000086c00000, 0x0000000086c00000|
|  29|0x0000000086d00000, 0x0000000086d00000, 0x0000000086e00000|  0%| F|  |TS  0|AC  0|TAMS 0x0000000086d00000, 0x0000000086d00000|
|  30|0x0000000086e00000, 0x0000000086e00000, 0x0000000086f00000|  0%| F|  |TS  0|AC  0|TAMS 0x0000000086e00000, 0x0000000086e00000|
|  31|0x0000000086f00000, 0x0000000086f00000, 0x0000000087000000|  0%| F|  |TS  0|AC  0|TAMS 0x0000000086f00000, 0x0000000086f00000|
|  32|0x0000000087000000, 0x0000000087000000, 0x0000000087100000|  0%| F|  |TS  0|AC  0|TAMS 0x0000000087000000, 0x0000000087000000|
|  33|0x0000000087100000, 0x0000000087100000, 0x0000000087200000|  0%| F|  |TS  0|AC  0|TAMS 0x0000000087100000, 0x0000000087100000|
|  34|0x0000000087200000, 0x0000000087200000, 0x0000000087300000|  0%| F|  |TS  0|AC  0|TAMS 0x0000000087200000, 0x0000000087200000|
|  35|0x0000000087300000, 0x0000000087300000, 0x0000000087400000|  0%| F|  |TS  0|AC  0|TAMS 0x0000000087300000, 0x0000000087300000|
|  36|0x0000000087400000, 0x0000000087400000, 0x0000000087500000|  0%| F|  |TS  0|AC  0|TAMS 0x0000000087400000, 0x0000000087400000|
|  37|0x0000000087500000, 0x0000000087500000, 0x0000000087600000|  0%| F|  |TS  0|AC  0|TAMS 0x0000000087500000, 0x0000000087500000|
|  38|0x0000000087600000, 0x0000000087600000, 0x0000000087700000|  0%| F|  |TS  0|AC  0|TAMS 0x0000000087600000, 0x0000000087600000|
|  39|0x0000000087700000, 0x0000000087700000, 0x0000000087800000|  0%| F|  |TS  0|AC  0|TAMS 0x0000000087700000, 0x0000000087700000|
|  40|0x0000000087800000, 0x0000000087800000, 0x0000000087900000|  0%| F|  |TS  0|AC  0|TAMS 0x0000000087800000, 0x0000000087800000|
|  41|0x0000000087900000, 0x0000000087900000, 0x0000000087a00000|  0%| F|  |TS  0|AC  0|TAMS 0x0000000087900000, 0x0000000087900000|
|  42|0x0000000087a00000, 0x0000000087a00000, 0x0000000087b00000|  0%| F|  |TS  0|AC  0|TAMS 0x0000000087a00000, 0x0000000087a00000|
|  43|0x0000000087b00000, 0x0000000087b00000, 0x0000000087c00000|  0%| F|  |TS  0|AC  0|TAMS 0x0000000087b00000, 0x0000000087b00000|
|  44|0x0000000087c00000, 0x0000000087c00000, 0x0000000087d00000|  0%| F|  |TS  0|AC  0|TAMS 0x0000000087c00000, 0x0000000087c00000|
|  45|0x0000000087d00000, 0x0000000087d00000, 0x0000000087e00000|  0%| F|  |TS  0|AC  0|TAMS 0x0000000087d00000, 0x0000000087d00000|
|  46|0x0000000087e00000, 0x0000000087e00000, 0x0000000087f00000|  0%| F|  |TS  0|AC  0|TAMS 0x0000000087e00000, 0x0000000087e00000|
|  47|0x0000000087f00000, 0x0000000087f00000, 0x0000000088000000|  0%| F|  |TS  0|AC  0|TAMS 0x0000000087f00000, 0x0000000087f00000|
|  48|0x0000000088000000, 0x0000000088000000, 0x0000000088100000|  0%| F|  |TS  0|AC  0|TAMS 0x0000000088000000, 0x0000000088000000|
|  49|0x0000000088100000, 0x0000000088100000, 0x0000000088200000|  0%| F|  |TS  0|AC  0|TAMS 0x0000000088100000, 0x0000000088100000|
|  50|0x0000000088200000, 0x0000000088200000, 0x0000000088300000|  0%| F|  |TS  0|AC  0|TAMS 0x0000000088200000, 0x0000000088200000|
|  51|0x0000000088300000, 0x0000000088300000, 0x0000000088400000|  0%| F|  |TS  0|AC  0|TAMS 0x0000000088300000, 0x0000000088300000|
|  52|0x0000000088400000, 0x0000000088400000, 0x0000000088500000|  0%| F|  |TS  0|AC  0|TAMS 0x0000000088400000, 0x0000000088400000|
|  53|0x0000000088500000, 0x0000000088500000, 0x0000000088600000|  0%| F|  |TS  0|AC  0|TAMS 0x0000000088500000, 0x0000000088500000|
|  54|0x0000000088600000, 0x0000000088600000, 0x0000000088700000|  0%| F|  |TS  0|AC  0|TAMS 0x0000000088600000, 0x0000000088600000|
|  55|0x0000000088700000, 0x0000000088700000, 0x0000000088800000|  0%| F|  |TS  0|AC  0|TAMS 0x0000000088700000, 0x0000000088700000|
|  56|0x0000000088800000, 0x0000000088800000, 0x0000000088900000|  0%| F|  |TS  0|AC  0|TAMS 0x0000000088800000, 0x0000000088800000|
|  57|0x0000000088900000, 0x0000000088900000, 0x0000000088a00000|  0%| F|  |TS  0|AC  0|TAMS 0x0000000088900000, 0x0000000088900000|
|  58|0x0000000088a00000, 0x0000000088a00000, 0x0000000088b00000|  0%| F|  |TS  0|AC  0|TAMS 0x0000000088a00000, 0x0000000088a00000|
|  59|0x0000000088b00000, 0x0000000088b00000, 0x0000000088c00000|  0%| F|  |TS  0|AC  0|TAMS 0x0000000088b00000, 0x0000000088b00000|
|  60|0x0000000088c00000, 0x0000000088c00000, 0x0000000088d00000|  0%| F|  |TS  0|AC  0|TAMS 0x0000000088c00000, 0x0000000088c00000|
|  61|0x0000000088d00000, 0x0000000088d00000, 0x0000000088e00000|  0%| F|  |TS  0|AC  0|TAMS 0x0000000088d00000, 0x0000000088d00000|
|  62|0x0000000088e00000, 0x0000000088e00000, 0x0000000088f00000|  0%| F|  |TS  0|AC  0|TAMS 0x0000000088e00000, 0x0000000088e00000|
|  63|0x0000000088f00000, 0x0000000088f00000, 0x0000000089000000|  0%| F|  |TS  0|AC  0|TAMS 0x0000000088f00000, 0x0000000088f00000|
|  64|0x0000000089000000, 0x0000000089000000, 0x0000000089100000|  0%| F|  |TS  0|AC  0|TAMS 0x0000000089000000, 0x0000000089000000|
|  65|0x0000000089100000, 0x0000000089100000, 0x0000000089200000|  0%| F|  |TS  0|AC  0|TAMS 0x0000000089100000, 0x0000000089100000|
|  66|0x0000000089200000, 0x0000000089200000, 0x0000000089300000|  0%| F|  |TS  0|AC  0|TAMS 0x0000000089200000, 0x0000000089200000|
|  67|0x0000000089300000, 0x0000000089300000, 0x0000000089400000|  0%| F|  |TS  0|AC  0|TAMS 0x0000000089300000, 0x0000000089300000|
|  68|0x0000000089400000, 0x0000000089400000, 0x0000000089500000|  0%| F|  |TS  0|AC  0|TAMS 0x0000000089400000, 0x0000000089400000|
|  69|0x0000000089500000, 0x0000000089500000, 0x0000000089600000|  0%| F|  |TS  0|AC  0|TAMS 0x0000000089500000, 0x0000000089500000|
|  70|0x0000000089600000, 0x0000000089600000, 0x0000000089700000|  0%| F|  |TS  0|AC  0|TAMS 0x0000000089600000, 0x0000000089600000|
|  71|0x0000000089700000, 0x0000000089700000, 0x0000000089800000|  0%| F|  |TS  0|AC  0|TAMS 0x0000000089700000, 0x0000000089700000|
|  72|0x0000000089800000, 0x0000000089800000, 0x0000000089900000|  0%| F|  |TS  0|AC  0|TAMS 0x0000000089800000, 0x0000000089800000|
|  73|0x0000000089900000, 0x0000000089900000, 0x0000000089a00000|  0%| F|  |TS  0|AC  0|TAMS 0x0000000089900000, 0x0000000089900000|
|  74|0x0000000089a00000, 0x0000000089a00000, 0x0000000089b00000|  0%| F|  |TS  0|AC  0|TAMS 0x0000000089a00000, 0x0000000089a00000|
|  75|0x0000000089b00000, 0x0000000089b00000, 0x0000000089c00000|  0%| F|  |TS  0|AC  0|TAMS 0x0000000089b00000, 0x0000000089b00000|
|  76|0x0000000089c00000, 0x0000000089c00000, 0x0000000089d00000|  0%| F|  |TS  0|AC  0|TAMS 0x0000000089c00000, 0x0000000089c00000|
|  77|0x0000000089d00000, 0x0000000089d00000, 0x0000000089e00000|  0%| F|  |TS  0|AC  0|TAMS 0x0000000089d00000, 0x0000000089d00000|
|  78|0x0000000089e00000, 0x0000000089e00000, 0x0000000089f00000|  0%| F|  |TS  0|AC  0|TAMS 0x0000000089e00000, 0x0000000089e00000|
|  79|0x0000000089f00000, 0x0000000089f00000, 0x000000008a000000|  0%| F|  |TS  0|AC  0|TAMS 0x0000000089f00000, 0x0000000089f00000|
|  80|0x000000008a000000, 0x000000008a000000, 0x000000008a100000|  0%| F|  |TS  0|AC  0|TAMS 0x000000008a000000, 0x000000008a000000|
|  81|0x000000008a100000, 0x000000008a100000, 0x000000008a200000|  0%| F|  |TS  0|AC  0|TAMS 0x000000008a100000, 0x000000008a100000|
|  82|0x000000008a200000, 0x000000008a200000, 0x000000008a300000|  0%| F|  |TS  0|AC  0|TAMS 0x000000008a200000, 0x000000008a200000|
|  83|0x000000008a300000, 0x000000008a300000, 0x000000008a400000|  0%| F|  |TS  0|AC  0|TAMS 0x000000008a300000, 0x000000008a300000|
|  84|0x000000008a400000, 0x000000008a400000, 0x000000008a500000|  0%| F|  |TS  0|AC  0|TAMS 0x000000008a400000, 0x000000008a400000|
|  85|0x000000008a500000, 0x000000008a500000, 0x000000008a600000|  0%| F|  |TS  0|AC  0|TAMS 0x000000008a500000, 0x000000008a500000|
|  86|0x000000008a600000, 0x000000008a600000, 0x000000008a700000|  0%| F|  |TS  0|AC  0|TAMS 0x000000008a600000, 0x000000008a600000|
|  87|0x000000008a700000, 0x000000008a700000, 0x000000008a800000|  0%| F|  |TS  0|AC  0|TAMS 0x000000008a700000, 0x000000008a700000|
|  88|0x000000008a800000, 0x000000008a800000, 0x000000008a900000|  0%| F|  |TS  0|AC  0|TAMS 0x000000008a800000, 0x000000008a800000|
|  89|0x000000008a900000, 0x000000008a900000, 0x000000008aa00000|  0%| F|  |TS  0|AC  0|TAMS 0x000000008a900000, 0x000000008a900000|
|  90|0x000000008aa00000, 0x000000008aa00000, 0x000000008ab00000|  0%| F|  |TS  0|AC  0|TAMS 0x000000008aa00000, 0x000000008aa00000|
|  91|0x000000008ab00000, 0x000000008ab00000, 0x000000008ac00000|  0%| F|  |TS  0|AC  0|TAMS 0x000000008ab00000, 0x000000008ab00000|
|  92|0x000000008ac00000, 0x000000008ac00000, 0x000000008ad00000|  0%| F|  |TS  0|AC  0|TAMS 0x000000008ac00000, 0x000000008ac00000|
|  93|0x000000008ad00000, 0x000000008ad00000, 0x000000008ae00000|  0%| F|  |TS  0|AC  0|TAMS 0x000000008ad00000, 0x000000008ad00000|
|  94|0x000000008ae00000, 0x000000008ae00000, 0x000000008af00000|  0%| F|  |TS  0|AC  0|TAMS 0x000000008ae00000, 0x000000008ae00000|
|  95|0x000000008af00000, 0x000000008af00000, 0x000000008b000000|  0%| F|  |TS  0|AC  0|TAMS 0x000000008af00000, 0x000000008af00000|
|  96|0x000000008b000000, 0x000000008b000000, 0x000000008b100000|  0%| F|  |TS  0|AC  0|TAMS 0x000000008b000000, 0x000000008b000000|
|  97|0x000000008b100000, 0x000000008b100000, 0x000000008b200000|  0%| F|  |TS  0|AC  0|TAMS 0x000000008b100000, 0x000000008b100000|
|  98|0x000000008b200000, 0x000000008b200000, 0x000000008b300000|  0%| F|  |TS  0|AC  0|TAMS 0x000000008b200000, 0x000000008b200000|
|  99|0x000000008b300000, 0x000000008b300000, 0x000000008b400000|  0%| F|  |TS  0|AC  0|TAMS 0x000000008b300000, 0x000000008b300000|
| 100|0x000000008b400000, 0x000000008b400000, 0x000000008b500000|  0%| F|  |TS  0|AC  0|TAMS 0x000000008b400000, 0x000000008b400000|
| 101|0x000000008b500000, 0x000000008b500000, 0x000000008b600000|  0%| F|  |TS  0|AC  0|TAMS 0x000000008b500000, 0x000000008b500000|
| 102|0x000000008b600000, 0x000000008b600000, 0x000000008b700000|  0%| F|  |TS  0|AC  0|TAMS 0x000000008b600000, 0x000000008b600000|
| 103|0x000000008b700000, 0x000000008b700000, 0x000000008b800000|  0%| F|  |TS  0|AC  0|TAMS 0x000000008b700000, 0x000000008b700000|
| 104|0x000000008b800000, 0x000000008b800000, 0x000000008b900000|  0%| F|  |TS  0|AC  0|TAMS 0x000000008b800000, 0x000000008b800000|
| 105|0x000000008b900000, 0x000000008b900000, 0x000000008ba00000|  0%| F|  |TS  0|AC  0|TAMS 0x000000008b900000, 0x000000008b900000|
| 106|0x000000008ba00000, 0x000000008ba00000, 0x000000008bb00000|  0%| F|  |TS  0|AC  0|TAMS 0x000000008ba00000, 0x000000008ba00000|
| 107|0x000000008bb00000, 0x000000008bb00000, 0x000000008bc00000|  0%| F|  |TS  0|AC  0|TAMS 0x000000008bb00000, 0x000000008bb00000|
| 108|0x000000008bc00000, 0x000000008bc00000, 0x000000008bd00000|  0%| F|  |TS  0|AC  0|TAMS 0x000000008bc00000, 0x000000008bc00000|
| 109|0x000000008bd00000, 0x000000008bd00000, 0x000000008be00000|  0%| F|  |TS  0|AC  0|TAMS 0x000000008bd00000, 0x000000008bd00000|
| 110|0x000000008be00000, 0x000000008be00000, 0x000000008bf00000|  0%| F|  |TS  0|AC  0|TAMS 0x000000008be00000, 0x000000008be00000|
| 111|0x000000008bf00000, 0x000000008bf00000, 0x000000008c000000|  0%| F|  |TS  0|AC  0|TAMS 0x000000008bf00000, 0x000000008bf00000|
| 112|0x000000008c000000, 0x000000008c000000, 0x000000008c100000|  0%| F|  |TS  0|AC  0|TAMS 0x000000008c000000, 0x000000008c000000|
| 113|0x000000008c100000, 0x000000008c100000, 0x000000008c200000|  0%| F|  |TS  0|AC  0|TAMS 0x000000008c100000, 0x000000008c100000|
| 114|0x000000008c200000, 0x000000008c200000, 0x000000008c300000|  0%| F|  |TS  0|AC  0|TAMS 0x000000008c200000, 0x000000008c200000|
| 115|0x000000008c300000, 0x000000008c300000, 0x000000008c400000|  0%| F|  |TS  0|AC  0|TAMS 0x000000008c300000, 0x000000008c300000|
| 116|0x000000008c400000, 0x000000008c400000, 0x000000008c500000|  0%| F|  |TS  0|AC  0|TAMS 0x000000008c400000, 0x000000008c400000|
| 117|0x000000008c500000, 0x000000008c5f9d08, 0x000000008c600000| 97%| E|  |TS  0|AC  0|TAMS 0x000000008c500000, 0x000000008c500000|
| 118|0x000000008c600000, 0x000000008c700000, 0x000000008c700000|100%| E|CS|TS  0|AC  0|TAMS 0x000000008c600000, 0x000000008c600000|
| 119|0x000000008c700000, 0x000000008c800000, 0x000000008c800000|100%| E|CS|TS  0|AC  0|TAMS 0x000000008c700000, 0x000000008c700000|
| 120|0x000000008c800000, 0x000000008c900000, 0x000000008c900000|100%| E|CS|TS  0|AC  0|TAMS 0x000000008c800000, 0x000000008c800000|
| 121|0x000000008c900000, 0x000000008ca00000, 0x000000008ca00000|100%| E|CS|TS  0|AC  0|TAMS 0x000000008c900000, 0x000000008c900000|
| 122|0x000000008ca00000, 0x000000008cb00000, 0x000000008cb00000|100%| E|CS|TS  0|AC  0|TAMS 0x000000008ca00000, 0x000000008ca00000|
| 123|0x000000008cb00000, 0x000000008cc00000, 0x000000008cc00000|100%| E|CS|TS  0|AC  0|TAMS 0x000000008cb00000, 0x000000008cb00000|

Card table byte_map: [0x00007f4363c28000,0x00007f4364000000] byte_map_base: 0x00007f4363800000

Marking Bits (Prev, Next): (CMBitMap*) 0x00007f43c406b030, (CMBitMap*) 0x00007f43c406b068
 Prev Bits: [0x00007f4361990000, 0x00007f4363850000)
 Next Bits: [0x00007f435fad0000, 0x00007f4361990000)

Polling page: 0x00007f43cbf5c000

CodeHeap 'non-profiled nmethods': size=120032Kb used=144Kb max_used=144Kb free=119887Kb
 bounds [0x00007f43b160b000, 0x00007f43b187b000, 0x00007f43b8b43000]
CodeHeap 'profiled nmethods': size=120028Kb used=850Kb max_used=850Kb free=119177Kb
 bounds [0x00007f43aa0d4000, 0x00007f43aa344000, 0x00007f43b160b000]
CodeHeap 'non-nmethods': size=5700Kb used=1222Kb max_used=1235Kb free=4478Kb
 bounds [0x00007f43a9b43000, 0x00007f43a9db3000, 0x00007f43aa0d4000]
 total_blobs=1051 nmethods=533 adapters=316
 compilation: enabled

Compilation events (10 events):
Event: 0,367 Thread 0x00007f43c4177800  529       3       java.lang.invoke.MemberName::isResolved (13 bytes)
Event: 0,367 Thread 0x00007f43c4177800 nmethod 529 0x00007f43aa1a6910 code [0x00007f43aa1a6ac0, 0x00007f43aa1a6c70]
Event: 0,367 Thread 0x00007f43c4177800  530       3       java.util.WeakHashMap::getTable (9 bytes)
Event: 0,367 Thread 0x00007f43c4177800 nmethod 530 0x00007f43aa1a6d10 code [0x00007f43aa1a6ec0, 0x00007f43aa1a7068]
Event: 0,367 Thread 0x00007f43c4177800  531   !   3       java.util.WeakHashMap::expungeStaleEntries (139 bytes)
Event: 0,368 Thread 0x00007f43c4177800 nmethod 531 0x00007f43aa1a7110 code [0x00007f43aa1a7340, 0x00007f43aa1a7ee8]
Event: 0,368 Thread 0x00007f43c4177800  532       3       java.util.WeakHashMap::indexFor (6 bytes)
Event: 0,368 Thread 0x00007f43c4177800 nmethod 532 0x00007f43aa1a8390 code [0x00007f43aa1a8540, 0x00007f43aa1a8670]
Event: 0,379 Thread 0x00007f43c4177800  533       3       java.net.URL::<init> (8 bytes)
Event: 0,379 Thread 0x00007f43c4177800 nmethod 533 0x00007f43aa1a8710 code [0x00007f43aa1a88c0, 0x00007f43aa1a8a48]

GC Heap History (0 events):
No events

Deoptimization events (1 events):
Event: 0,235 Thread 0x00007f43c4013000 Uncommon trap: reason=unstable_if action=reinterpret pc=0x00007f43b160df94 method=java.lang.String.charAt(I)C @ 4 c2

Classes redefined (0 events):
No events

Internal exceptions (9 events):
Event: 0,260 Thread 0x00007f43c4013000 Exception <a 'java/lang/NoSuchMethodError'{0x000000008c7ed2d0}: java.lang.invoke.DirectMethodHandle$Holder.invokeStatic(Ljava/lang/Object;Ljava/lang/Object;)I> (0x000000008c7ed2d0) thrown at [/scratch/opt/mach5/mesos/work_dir/slaves/5af44a71-976a-41b7-81d
Event: 0,263 Thread 0x00007f43c4013000 Exception <a 'java/lang/NoSuchMethodError'{0x000000008c7fb6b8}: method resolution failed> (0x000000008c7fb6b8) thrown at [/scratch/opt/mach5/mesos/work_dir/slaves/5af44a71-976a-41b7-81de-5773b84ec572-S39643/frameworks/1735e8a2-a1db-478c-8104-60c8b0af87dd-
Event: 0,264 Thread 0x00007f43c4013000 Exception <a 'java/lang/NoSuchMethodError'{0x000000008c7ff370}: method resolution failed> (0x000000008c7ff370) thrown at [/scratch/opt/mach5/mesos/work_dir/slaves/5af44a71-976a-41b7-81de-5773b84ec572-S39643/frameworks/1735e8a2-a1db-478c-8104-60c8b0af87dd-
Event: 0,264 Thread 0x00007f43c4013000 Exception <a 'java/lang/NoSuchMethodError'{0x000000008c603018}: java.lang.invoke.DelegatingMethodHandle$Holder.delegate(Ljava/lang/Object;Ljava/lang/Object;ILjava/lang/Object;)V> (0x000000008c603018) thrown at [/scratch/opt/mach5/mesos/work_dir/slaves/5af
Event: 0,265 Thread 0x00007f43c4013000 Exception <a 'java/lang/NoSuchMethodError'{0x000000008c606d20}: java.lang.invoke.DirectMethodHandle$Holder.invokeSpecial(Ljava/lang/Object;Ljava/lang/Object;Ljava/lang/Object;)I> (0x000000008c606d20) thrown at [/scratch/opt/mach5/mesos/work_dir/slaves/5af
Event: 0,266 Thread 0x00007f43c4013000 Exception <a 'java/lang/NoSuchMethodError'{0x000000008c60e2e8}: java.lang.invoke.DirectMethodHandle$Holder.invokeStaticInit(Ljava/lang/Object;Ljava/lang/Object;Ljava/lang/Object;)Ljava/lang/Object;> (0x000000008c60e2e8) thrown at [/scratch/opt/mach5/mesos
Event: 0,278 Thread 0x00007f43c4013000 Exception <a 'java/lang/NoSuchMethodError'{0x000000008c658bf0}: java.lang.Object.lambda$static$0(Ljava/lang/String;)Ljava/lang/Boolean;> (0x000000008c658bf0) thrown at [/scratch/opt/mach5/mesos/work_dir/slaves/5af44a71-976a-41b7-81de-5773b84ec572-S39643/f
Event: 0,281 Thread 0x00007f43c4013000 Exception <a 'java/lang/NoSuchMethodError'{0x000000008c662ae0}: java.lang.Object.lambda$union$2(Ljava/util/regex/Pattern$CharPredicate;I)Z> (0x000000008c662ae0) thrown at [/scratch/opt/mach5/mesos/work_dir/slaves/5af44a71-976a-41b7-81de-5773b84ec572-S3964
Event: 0,352 Thread 0x00007f43c4013000 Exception <a 'sun/nio/fs/UnixException'{0x000000008c512d68}> (0x000000008c512d68) thrown at [/scratch/opt/mach5/mesos/work_dir/slaves/5af44a71-976a-41b7-81de-5773b84ec572-S39643/frameworks/1735e8a2-a1db-478c-8104-60c8b0af87dd-0196/executors/a3f74ad9-294f-

Events (10 events):
Event: 0,367 loading class org/lwjgl/system/MathUtil
Event: 0,367 loading class org/lwjgl/system/MathUtil done
Event: 0,368 loading class org/lwjgl/system/linux/DynamicLinkLoader
Event: 0,368 loading class org/lwjgl/system/linux/DynamicLinkLoader done
Event: 0,378 loading class org/lwjgl/opengl/GL$2
Event: 0,378 loading class org/lwjgl/opengl/GL$2 done
Event: 0,379 loading class org/lwjgl/opengl/GL$SharedLibraryGL
Event: 0,379 loading class org/lwjgl/opengl/GL$SharedLibraryGL done
Event: 0,379 loading class org/lwjgl/system/SharedLibrary$Delegate
Event: 0,379 loading class org/lwjgl/system/SharedLibrary$Delegate done


Dynamic libraries:
00400000-00401000 r-xp 00000000 08:01 3807052                            /usr/lib/jvm/java-9-oracle/bin/java
00600000-00601000 rw-p 00000000 08:01 3807052                            /usr/lib/jvm/java-9-oracle/bin/java
009fb000-00a1c000 rw-p 00000000 00:00 0                                  [heap]
85000000-8cc00000 rw-p 00000000 00:00 0 
8cc00000-100000000 ---p 00000000 00:00 0 
100000000-1000e0000 rw-p 00000000 00:00 0 
1000e0000-140000000 ---p 00000000 00:00 0 
7f431bbfb000-7f431bdfa000 rw-p 00000000 00:00 0 
7f431bdfa000-7f431bdff000 r-xp 00000000 08:01 3415809                    /usr/lib/x86_64-linux-gnu/libXdmcp.so.6.0.0
7f431bdff000-7f431bffe000 ---p 00005000 08:01 3415809                    /usr/lib/x86_64-linux-gnu/libXdmcp.so.6.0.0
7f431bffe000-7f431bfff000 r--p 00004000 08:01 3415809                    /usr/lib/x86_64-linux-gnu/libXdmcp.so.6.0.0
7f431bfff000-7f431c000000 rw-p 00005000 08:01 3415809                    /usr/lib/x86_64-linux-gnu/libXdmcp.so.6.0.0
7f431c000000-7f431c021000 rw-p 00000000 00:00 0 
7f431c021000-7f4320000000 ---p 00000000 00:00 0 
7f4320000000-7f4320021000 rw-p 00000000 00:00 0 
7f4320021000-7f4324000000 ---p 00000000 00:00 0 
7f4324000000-7f4324021000 rw-p 00000000 00:00 0 
7f4324021000-7f4328000000 ---p 00000000 00:00 0 
7f4328000000-7f4328021000 rw-p 00000000 00:00 0 
7f4328021000-7f432c000000 ---p 00000000 00:00 0 
7f432c000000-7f432c19f000 rw-p 00000000 00:00 0 
7f432c19f000-7f4330000000 ---p 00000000 00:00 0 
7f4330000000-7f433014f000 rw-p 00000000 00:00 0 
7f433014f000-7f4334000000 ---p 00000000 00:00 0 
7f4334000000-7f4334099000 rw-p 00000000 00:00 0 
7f4334099000-7f4338000000 ---p 00000000 00:00 0 
7f4338000000-7f4338165000 rw-p 00000000 00:00 0 
7f4338165000-7f433c000000 ---p 00000000 00:00 0 
7f433c000000-7f433c021000 rw-p 00000000 00:00 0 
7f433c021000-7f4340000000 ---p 00000000 00:00 0 
7f4340000000-7f4340021000 rw-p 00000000 00:00 0 
7f4340021000-7f4344000000 ---p 00000000 00:00 0 
7f4344008000-7f434400a000 r-xp 00000000 08:01 3415798                    /usr/lib/x86_64-linux-gnu/libXau.so.6.0.0
7f434400a000-7f434420a000 ---p 00002000 08:01 3415798                    /usr/lib/x86_64-linux-gnu/libXau.so.6.0.0
7f434420a000-7f434420b000 r--p 00002000 08:01 3415798                    /usr/lib/x86_64-linux-gnu/libXau.so.6.0.0
7f434420b000-7f434420c000 rw-p 00003000 08:01 3415798                    /usr/lib/x86_64-linux-gnu/libXau.so.6.0.0
7f434420c000-7f434422d000 r-xp 00000000 08:01 3417216                    /usr/lib/x86_64-linux-gnu/libxcb.so.1.1.0
7f434422d000-7f434442c000 ---p 00021000 08:01 3417216                    /usr/lib/x86_64-linux-gnu/libxcb.so.1.1.0
7f434442c000-7f434442d000 r--p 00020000 08:01 3417216                    /usr/lib/x86_64-linux-gnu/libxcb.so.1.1.0
7f434442d000-7f434442e000 rw-p 00021000 08:01 3417216                    /usr/lib/x86_64-linux-gnu/libxcb.so.1.1.0
7f434442e000-7f434443f000 r-xp 00000000 08:01 3415811                    /usr/lib/x86_64-linux-gnu/libXext.so.6.4.0
7f434443f000-7f434463e000 ---p 00011000 08:01 3415811                    /usr/lib/x86_64-linux-gnu/libXext.so.6.4.0
7f434463e000-7f434463f000 r--p 00010000 08:01 3415811                    /usr/lib/x86_64-linux-gnu/libXext.so.6.4.0
7f434463f000-7f4344640000 rw-p 00011000 08:01 3415811                    /usr/lib/x86_64-linux-gnu/libXext.so.6.4.0
7f4344640000-7f4344775000 r-xp 00000000 08:01 3415794                    /usr/lib/x86_64-linux-gnu/libX11.so.6.3.0
7f4344775000-7f4344975000 ---p 00135000 08:01 3415794                    /usr/lib/x86_64-linux-gnu/libX11.so.6.3.0
7f4344975000-7f4344976000 r--p 00135000 08:01 3415794                    /usr/lib/x86_64-linux-gnu/libX11.so.6.3.0
7f4344976000-7f434497a000 rw-p 00136000 08:01 3415794                    /usr/lib/x86_64-linux-gnu/libX11.so.6.3.0
7f434497a000-7f4345d99000 r-xp 00000000 08:01 3427105                    /usr/lib/nvidia-390/libnvidia-glcore.so.390.59
7f4345d99000-7f4345dba000 rwxp 0141f000 08:01 3427105                    /usr/lib/nvidia-390/libnvidia-glcore.so.390.59
7f4345dba000-7f43461ef000 r-xp 01440000 08:01 3427105                    /usr/lib/nvidia-390/libnvidia-glcore.so.390.59
7f43461ef000-7f43463ee000 ---p 01875000 08:01 3427105                    /usr/lib/nvidia-390/libnvidia-glcore.so.390.59
7f43463ee000-7f4346762000 rw-p 01874000 08:01 3427105                    /usr/lib/nvidia-390/libnvidia-glcore.so.390.59
7f4346762000-7f434677b000 rw-p 00000000 00:00 0 
7f434677b000-7f434677e000 r-xp 00000000 08:01 3427112                    /usr/lib/nvidia-390/tls/libnvidia-tls.so.390.59
7f434677e000-7f434697e000 ---p 00003000 08:01 3427112                    /usr/lib/nvidia-390/tls/libnvidia-tls.so.390.59
7f434697e000-7f434697f000 rw-p 00003000 08:01 3427112                    /usr/lib/nvidia-390/tls/libnvidia-tls.so.390.59
7f434697f000-7f4346a48000 r-xp 00000000 08:01 3427088                    /usr/lib/nvidia-390/libGL.so.390.59
7f4346a48000-7f4346a7c000 rwxp 000c9000 08:01 3427088                    /usr/lib/nvidia-390/libGL.so.390.59
7f4346a7c000-7f4346a90000 r-xp 000fd000 08:01 3427088                    /usr/lib/nvidia-390/libGL.so.390.59
7f4346a90000-7f4346c90000 ---p 00111000 08:01 3427088                    /usr/lib/nvidia-390/libGL.so.390.59
7f4346c90000-7f4346cb5000 rw-p 00111000 08:01 3427088                    /usr/lib/nvidia-390/libGL.so.390.59
7f4346cb5000-7f4346cbc000 rw-p 00000000 00:00 0 
7f4346cbc000-7f4346d27000 r-xp 00000000 08:01 23724402                   /tmp/lwjgloliver/3.1.5-build-1/liblwjgl_opengl.so
7f4346d27000-7f4346f26000 ---p 0006b000 08:01 23724402                   /tmp/lwjgloliver/3.1.5-build-1/liblwjgl_opengl.so
7f4346f26000-7f4346f27000 r--p 0006a000 08:01 23724402                   /tmp/lwjgloliver/3.1.5-build-1/liblwjgl_opengl.so
7f4346f27000-7f4346f28000 rw-p 0006b000 08:01 23724402                   /tmp/lwjgloliver/3.1.5-build-1/liblwjgl_opengl.so
7f4346f28000-7f4346f7b000 r-xp 00000000 08:01 23724399                   /tmp/lwjgloliver/3.1.5-build-1/liblwjgl.so
7f4346f7b000-7f434717a000 ---p 00053000 08:01 23724399                   /tmp/lwjgloliver/3.1.5-build-1/liblwjgl.so
7f434717a000-7f434717b000 r--p 00052000 08:01 23724399                   /tmp/lwjgloliver/3.1.5-build-1/liblwjgl.so
7f434717b000-7f434717c000 rw-p 00053000 08:01 23724399                   /tmp/lwjgloliver/3.1.5-build-1/liblwjgl.so
7f434717c000-7f434717d000 ---p 00000000 00:00 0 
7f434717d000-7f434727d000 rw-p 00000000 00:00 0 
7f434727d000-7f4347281000 ---p 00000000 00:00 0 
7f4347281000-7f434737e000 rw-p 00000000 00:00 0 
7f434737e000-7f4347382000 ---p 00000000 00:00 0 
7f4347382000-7f434747f000 rw-p 00000000 00:00 0 
7f434747f000-7f4347495000 r-xp 00000000 08:01 5641750                    /usr/lib/jvm/java-9-oracle/lib/libnet.so
7f4347495000-7f4347695000 ---p 00016000 08:01 5641750                    /usr/lib/jvm/java-9-oracle/lib/libnet.so
7f4347695000-7f4347696000 rw-p 00016000 08:01 5641750                    /usr/lib/jvm/java-9-oracle/lib/libnet.so
7f4347696000-7f43476a6000 r-xp 00000000 08:01 5641814                    /usr/lib/jvm/java-9-oracle/lib/libnio.so
7f43476a6000-7f43478a6000 ---p 00010000 08:01 5641814                    /usr/lib/jvm/java-9-oracle/lib/libnio.so
7f43478a6000-7f43478a7000 rw-p 00010000 08:01 5641814                    /usr/lib/jvm/java-9-oracle/lib/libnio.so
7f43478a7000-7f43478ab000 ---p 00000000 00:00 0 
7f43478ab000-7f43479a8000 rw-p 00000000 00:00 0 
7f43479a8000-7f43479ac000 ---p 00000000 00:00 0 
7f43479ac000-7f4347aa9000 rw-p 00000000 00:00 0 
7f4347aa9000-7f4347aad000 ---p 00000000 00:00 0 
7f4347aad000-7f4347baa000 rw-p 00000000 00:00 0 
7f4347baa000-7f4348000000 r--p 00000000 08:01 3409364                    /usr/lib/locale/locale-archive
7f4348000000-7f4348021000 rw-p 00000000 00:00 0 
7f4348021000-7f434c000000 ---p 00000000 00:00 0 
7f434c000000-7f434c021000 rw-p 00000000 00:00 0 
7f434c021000-7f4350000000 ---p 00000000 00:00 0 
7f4350000000-7f4350021000 rw-p 00000000 00:00 0 
7f4350021000-7f4354000000 ---p 00000000 00:00 0 
7f4354000000-7f4354021000 rw-p 00000000 00:00 0 
7f4354021000-7f4358000000 ---p 00000000 00:00 0 
7f4358000000-7f4358021000 rw-p 00000000 00:00 0 
7f4358021000-7f435c000000 ---p 00000000 00:00 0 
7f435c0ee000-7f435c0f2000 ---p 00000000 00:00 0 
7f435c0f2000-7f435c1ef000 rw-p 00000000 00:00 0 
7f435c1ef000-7f435c1f3000 ---p 00000000 00:00 0 
7f435c1f3000-7f435c2f0000 rw-p 00000000 00:00 0 
7f435c2f0000-7f435c2f4000 ---p 00000000 00:00 0 
7f435c2f4000-7f435c3f1000 rw-p 00000000 00:00 0 
7f435c3f1000-7f435c3f5000 ---p 00000000 00:00 0 
7f435c3f5000-7f435c4f2000 rw-p 00000000 00:00 0 
7f435c4f2000-7f435c4f6000 ---p 00000000 00:00 0 
7f435c4f6000-7f435c5f3000 rw-p 00000000 00:00 0 
7f435c5f3000-7f435c5f4000 ---p 00000000 00:00 0 
7f435c5f4000-7f435cfc5000 rw-p 00000000 00:00 0 
7f435cfc5000-7f435d7cd000 rw-p 00000000 00:00 0 
7f435d7cd000-7f435f7cd000 rwxp 00000000 00:00 0 
7f435f7cd000-7f435f7ce000 ---p 00000000 00:00 0 
7f435f7ce000-7f435f8ce000 rw-p 00000000 00:00 0 
7f435f8ce000-7f435f8cf000 ---p 00000000 00:00 0 
7f435f8cf000-7f435f9cf000 rw-p 00000000 00:00 0 
7f435f9cf000-7f435f9d0000 ---p 00000000 00:00 0 
7f435f9d0000-7f435fcc0000 rw-p 00000000 00:00 0 
7f435fcc0000-7f4361990000 ---p 00000000 00:00 0 
7f4361990000-7f4361b80000 rw-p 00000000 00:00 0 
7f4361b80000-7f4363850000 ---p 00000000 00:00 0 
7f4363850000-7f436388e000 rw-p 00000000 00:00 0 
7f436388e000-7f4363c28000 ---p 00000000 00:00 0 
7f4363c28000-7f4363c66000 rw-p 00000000 00:00 0 
7f4363c66000-7f4364000000 ---p 00000000 00:00 0 
7f4364000000-7f4364021000 rw-p 00000000 00:00 0 
7f4364021000-7f4368000000 ---p 00000000 00:00 0 
7f4368000000-7f4368021000 rw-p 00000000 00:00 0 
7f4368021000-7f436c000000 ---p 00000000 00:00 0 
7f436c000000-7f436c021000 rw-p 00000000 00:00 0 
7f436c021000-7f4370000000 ---p 00000000 00:00 0 
7f4370000000-7f4370021000 rw-p 00000000 00:00 0 
7f4370021000-7f4374000000 ---p 00000000 00:00 0 
7f4374000000-7f4374021000 rw-p 00000000 00:00 0 
7f4374021000-7f4378000000 ---p 00000000 00:00 0 
7f4378000000-7f4378021000 rw-p 00000000 00:00 0 
7f4378021000-7f437c000000 ---p 00000000 00:00 0 
7f437c000000-7f437c021000 rw-p 00000000 00:00 0 
7f437c021000-7f4380000000 ---p 00000000 00:00 0 
7f4380000000-7f4380021000 rw-p 00000000 00:00 0 
7f4380021000-7f4384000000 ---p 00000000 00:00 0 
7f4384000000-7f4384021000 rw-p 00000000 00:00 0 
7f4384021000-7f4388000000 ---p 00000000 00:00 0 
7f4388000000-7f4388021000 rw-p 00000000 00:00 0 
7f4388021000-7f438c000000 ---p 00000000 00:00 0 
7f438c000000-7f438c021000 rw-p 00000000 00:00 0 
7f438c021000-7f4390000000 ---p 00000000 00:00 0 
7f4390000000-7f4390021000 rw-p 00000000 00:00 0 
7f4390021000-7f4394000000 ---p 00000000 00:00 0 
7f4394000000-7f4394021000 rw-p 00000000 00:00 0 
7f4394021000-7f4398000000 ---p 00000000 00:00 0 
7f4398000000-7f4398021000 rw-p 00000000 00:00 0 
7f4398021000-7f439c000000 ---p 00000000 00:00 0 
7f439c000000-7f439c021000 rw-p 00000000 00:00 0 
7f439c021000-7f43a0000000 ---p 00000000 00:00 0 
7f43a0000000-7f43a0021000 rw-p 00000000 00:00 0 
7f43a0021000-7f43a4000000 ---p 00000000 00:00 0 
7f43a4000000-7f43a4021000 rw-p 00000000 00:00 0 
7f43a4021000-7f43a8000000 ---p 00000000 00:00 0 
7f43a8027000-7f43a8080000 rw-p 00000000 00:00 0 
7f43a8080000-7f43a8458000 ---p 00000000 00:00 0 
7f43a8458000-7f43a8496000 rw-p 00000000 00:00 0 
7f43a8496000-7f43a8830000 ---p 00000000 00:00 0 
7f43a8830000-7f43a8831000 ---p 00000000 00:00 0 
7f43a8831000-7f43a8931000 rw-p 00000000 00:00 0 
7f43a8931000-7f43a8932000 ---p 00000000 00:00 0 
7f43a8932000-7f43a8a32000 rw-p 00000000 00:00 0 
7f43a8a32000-7f43a8a33000 ---p 00000000 00:00 0 
7f43a8a33000-7f43a8b33000 rw-p 00000000 00:00 0 
7f43a8b33000-7f43a8b34000 ---p 00000000 00:00 0 
7f43a8b34000-7f43a8c34000 rw-p 00000000 00:00 0 
7f43a8c34000-7f43a8c35000 ---p 00000000 00:00 0 
7f43a8c35000-7f43a8d35000 rw-p 00000000 00:00 0 
7f43a8d35000-7f43a8d36000 ---p 00000000 00:00 0 
7f43a8d36000-7f43a8e36000 rw-p 00000000 00:00 0 
7f43a8e36000-7f43a8e37000 ---p 00000000 00:00 0 
7f43a8e37000-7f43a8f37000 rw-p 00000000 00:00 0 
7f43a8f37000-7f43a8f38000 ---p 00000000 00:00 0 
7f43a8f38000-7f43a9038000 rw-p 00000000 00:00 0 
7f43a9038000-7f43a9039000 ---p 00000000 00:00 0 
7f43a9039000-7f43a9941000 rw-p 00000000 00:00 0 
7f43a9941000-7f43a9942000 ---p 00000000 00:00 0 
7f43a9942000-7f43a9a42000 rw-p 00000000 00:00 0 
7f43a9a42000-7f43a9a43000 ---p 00000000 00:00 0 
7f43a9a43000-7f43a9b43000 rw-p 00000000 00:00 0 
7f43a9b43000-7f43a9db3000 rwxp 00000000 00:00 0 
7f43a9db3000-7f43aa0d4000 ---p 00000000 00:00 0 
7f43aa0d4000-7f43aa344000 rwxp 00000000 00:00 0 
7f43aa344000-7f43b160b000 ---p 00000000 00:00 0 
7f43b160b000-7f43b187b000 rwxp 00000000 00:00 0 
7f43b187b000-7f43b8b43000 ---p 00000000 00:00 0 
7f43b8b43000-7f43c4000000 r--s 00000000 08:01 5641785                    /usr/lib/jvm/java-9-oracle/lib/modules
7f43c4000000-7f43c4653000 rw-p 00000000 00:00 0 
7f43c4653000-7f43c8000000 ---p 00000000 00:00 0 
7f43c8004000-7f43c8005000 ---p 00000000 00:00 0 
7f43c8005000-7f43c8105000 rw-p 00000000 00:00 0 
7f43c8105000-7f43c8106000 ---p 00000000 00:00 0 
7f43c8106000-7f43c8206000 rw-p 00000000 00:00 0 
7f43c8206000-7f43c8207000 ---p 00000000 00:00 0 
7f43c8207000-7f43c8307000 rw-p 00000000 00:00 0 
7f43c8307000-7f43c8308000 ---p 00000000 00:00 0 
7f43c8308000-7f43c8408000 rw-p 00000000 00:00 0 
7f43c8408000-7f43c8409000 ---p 00000000 00:00 0 
7f43c8409000-7f43c8509000 rw-p 00000000 00:00 0 
7f43c8509000-7f43c850a000 ---p 00000000 00:00 0 
7f43c850a000-7f43c860f000 rw-p 00000000 00:00 0 
7f43c860f000-7f43c86f5000 ---p 00000000 00:00 0 
7f43c86f5000-7f43c86fa000 rw-p 00000000 00:00 0 
7f43c86fa000-7f43c87e0000 ---p 00000000 00:00 0 
7f43c87e0000-7f43c87fa000 r-xp 00000000 08:01 5641707                    /usr/lib/jvm/java-9-oracle/lib/libjimage.so
7f43c87fa000-7f43c89f9000 ---p 0001a000 08:01 5641707                    /usr/lib/jvm/java-9-oracle/lib/libjimage.so
7f43c89f9000-7f43c89fb000 rw-p 00019000 08:01 5641707                    /usr/lib/jvm/java-9-oracle/lib/libjimage.so
7f43c89fb000-7f43c8a0d000 rw-p 00000000 00:00 0 
7f43c8a0d000-7f43c8a14000 r-xp 00000000 08:01 5641822                    /usr/lib/jvm/java-9-oracle/lib/libzip.so
7f43c8a14000-7f43c8c13000 ---p 00007000 08:01 5641822                    /usr/lib/jvm/java-9-oracle/lib/libzip.so
7f43c8c13000-7f43c8c14000 rw-p 00006000 08:01 5641822                    /usr/lib/jvm/java-9-oracle/lib/libzip.so
7f43c8c14000-7f43c8c1f000 r-xp 00000000 08:01 24642406                   /lib/x86_64-linux-gnu/libnss_files-2.23.so
7f43c8c1f000-7f43c8e1e000 ---p 0000b000 08:01 24642406                   /lib/x86_64-linux-gnu/libnss_files-2.23.so
7f43c8e1e000-7f43c8e1f000 r--p 0000a000 08:01 24642406                   /lib/x86_64-linux-gnu/libnss_files-2.23.so
7f43c8e1f000-7f43c8e20000 rw-p 0000b000 08:01 24642406                   /lib/x86_64-linux-gnu/libnss_files-2.23.so
7f43c8e20000-7f43c8e26000 rw-p 00000000 00:00 0 
7f43c8e26000-7f43c8e31000 r-xp 00000000 08:01 24642410                   /lib/x86_64-linux-gnu/libnss_nis-2.23.so
7f43c8e31000-7f43c9030000 ---p 0000b000 08:01 24642410                   /lib/x86_64-linux-gnu/libnss_nis-2.23.so
7f43c9030000-7f43c9031000 r--p 0000a000 08:01 24642410                   /lib/x86_64-linux-gnu/libnss_nis-2.23.so
7f43c9031000-7f43c9032000 rw-p 0000b000 08:01 24642410                   /lib/x86_64-linux-gnu/libnss_nis-2.23.so
7f43c9032000-7f43c9048000 r-xp 00000000 08:01 24642390                   /lib/x86_64-linux-gnu/libnsl-2.23.so
7f43c9048000-7f43c9247000 ---p 00016000 08:01 24642390                   /lib/x86_64-linux-gnu/libnsl-2.23.so
7f43c9247000-7f43c9248000 r--p 00015000 08:01 24642390                   /lib/x86_64-linux-gnu/libnsl-2.23.so
7f43c9248000-7f43c9249000 rw-p 00016000 08:01 24642390                   /lib/x86_64-linux-gnu/libnsl-2.23.so
7f43c9249000-7f43c924b000 rw-p 00000000 00:00 0 
7f43c924b000-7f43c9253000 r-xp 00000000 08:01 24642401                   /lib/x86_64-linux-gnu/libnss_compat-2.23.so
7f43c9253000-7f43c9452000 ---p 00008000 08:01 24642401                   /lib/x86_64-linux-gnu/libnss_compat-2.23.so
7f43c9452000-7f43c9453000 r--p 00007000 08:01 24642401                   /lib/x86_64-linux-gnu/libnss_compat-2.23.so
7f43c9453000-7f43c9454000 rw-p 00008000 08:01 24642401                   /lib/x86_64-linux-gnu/libnss_compat-2.23.so
7f43c9454000-7f43c947f000 r-xp 00000000 08:01 5641743                    /usr/lib/jvm/java-9-oracle/lib/libjava.so
7f43c947f000-7f43c967e000 ---p 0002b000 08:01 5641743                    /usr/lib/jvm/java-9-oracle/lib/libjava.so
7f43c967e000-7f43c9680000 rw-p 0002a000 08:01 5641743                    /usr/lib/jvm/java-9-oracle/lib/libjava.so
7f43c9680000-7f43c968d000 r-xp 00000000 08:01 5641768                    /usr/lib/jvm/java-9-oracle/lib/libverify.so
7f43c968d000-7f43c988c000 ---p 0000d000 08:01 5641768                    /usr/lib/jvm/java-9-oracle/lib/libverify.so
7f43c988c000-7f43c988e000 rw-p 0000c000 08:01 5641768                    /usr/lib/jvm/java-9-oracle/lib/libverify.so
7f43c988e000-7f43c9895000 r-xp 00000000 08:01 24642411                   /lib/x86_64-linux-gnu/librt-2.23.so
7f43c9895000-7f43c9a94000 ---p 00007000 08:01 24642411                   /lib/x86_64-linux-gnu/librt-2.23.so
7f43c9a94000-7f43c9a95000 r--p 00006000 08:01 24642411                   /lib/x86_64-linux-gnu/librt-2.23.so
7f43c9a95000-7f43c9a96000 rw-p 00007000 08:01 24642411                   /lib/x86_64-linux-gnu/librt-2.23.so
7f43c9a96000-7f43c9b9e000 r-xp 00000000 08:01 24642389                   /lib/x86_64-linux-gnu/libm-2.23.so
7f43c9b9e000-7f43c9d9d000 ---p 00108000 08:01 24642389                   /lib/x86_64-linux-gnu/libm-2.23.so
7f43c9d9d000-7f43c9d9e000 r--p 00107000 08:01 24642389                   /lib/x86_64-linux-gnu/libm-2.23.so
7f43c9d9e000-7f43c9d9f000 rw-p 00108000 08:01 24642389                   /lib/x86_64-linux-gnu/libm-2.23.so
7f43c9d9f000-7f43cadb4000 r-xp 00000000 08:01 6951024                    /usr/lib/jvm/java-9-oracle/lib/server/libjvm.so
7f43cadb4000-7f43cafb3000 ---p 01015000 08:01 6951024                    /usr/lib/jvm/java-9-oracle/lib/server/libjvm.so
7f43cafb3000-7f43cb084000 r--p 01014000 08:01 6951024                    /usr/lib/jvm/java-9-oracle/lib/server/libjvm.so
7f43cb084000-7f43cb0bb000 rw-p 010e5000 08:01 6951024                    /usr/lib/jvm/java-9-oracle/lib/server/libjvm.so
7f43cb0bb000-7f43cb124000 rw-p 00000000 00:00 0 
7f43cb124000-7f43cb2e4000 r-xp 00000000 08:01 24642393                   /lib/x86_64-linux-gnu/libc-2.23.so
7f43cb2e4000-7f43cb4e4000 ---p 001c0000 08:01 24642393                   /lib/x86_64-linux-gnu/libc-2.23.so
7f43cb4e4000-7f43cb4e8000 r--p 001c0000 08:01 24642393                   /lib/x86_64-linux-gnu/libc-2.23.so
7f43cb4e8000-7f43cb4ea000 rw-p 001c4000 08:01 24642393                   /lib/x86_64-linux-gnu/libc-2.23.so
7f43cb4ea000-7f43cb4ee000 rw-p 00000000 00:00 0 
7f43cb4ee000-7f43cb4f1000 r-xp 00000000 08:01 24642395                   /lib/x86_64-linux-gnu/libdl-2.23.so
7f43cb4f1000-7f43cb6f0000 ---p 00003000 08:01 24642395                   /lib/x86_64-linux-gnu/libdl-2.23.so
7f43cb6f0000-7f43cb6f1000 r--p 00002000 08:01 24642395                   /lib/x86_64-linux-gnu/libdl-2.23.so
7f43cb6f1000-7f43cb6f2000 rw-p 00003000 08:01 24642395                   /lib/x86_64-linux-gnu/libdl-2.23.so
7f43cb6f2000-7f43cb700000 r-xp 00000000 08:01 6951026                    /usr/lib/jvm/java-9-oracle/lib/jli/libjli.so
7f43cb700000-7f43cb900000 ---p 0000e000 08:01 6951026                    /usr/lib/jvm/java-9-oracle/lib/jli/libjli.so
7f43cb900000-7f43cb901000 rw-p 0000e000 08:01 6951026                    /usr/lib/jvm/java-9-oracle/lib/jli/libjli.so
7f43cb901000-7f43cb919000 r-xp 00000000 08:01 24642392                   /lib/x86_64-linux-gnu/libpthread-2.23.so
7f43cb919000-7f43cbb18000 ---p 00018000 08:01 24642392                   /lib/x86_64-linux-gnu/libpthread-2.23.so
7f43cbb18000-7f43cbb19000 r--p 00017000 08:01 24642392                   /lib/x86_64-linux-gnu/libpthread-2.23.so
7f43cbb19000-7f43cbb1a000 rw-p 00018000 08:01 24642392                   /lib/x86_64-linux-gnu/libpthread-2.23.so
7f43cbb1a000-7f43cbb1e000 rw-p 00000000 00:00 0 
7f43cbb1e000-7f43cbb37000 r-xp 00000000 08:01 24646264                   /lib/x86_64-linux-gnu/libz.so.1.2.8
7f43cbb37000-7f43cbd36000 ---p 00019000 08:01 24646264                   /lib/x86_64-linux-gnu/libz.so.1.2.8
7f43cbd36000-7f43cbd37000 r--p 00018000 08:01 24646264                   /lib/x86_64-linux-gnu/libz.so.1.2.8
7f43cbd37000-7f43cbd38000 rw-p 00019000 08:01 24646264                   /lib/x86_64-linux-gnu/libz.so.1.2.8
7f43cbd38000-7f43cbd5e000 r-xp 00000000 08:01 24642391                   /lib/x86_64-linux-gnu/ld-2.23.so
7f43cbd71000-7f43cbe2e000 rw-p 00000000 00:00 0 
7f43cbe2e000-7f43cbe33000 ---p 00000000 00:00 0 
7f43cbe33000-7f43cbf34000 rw-p 00000000 00:00 0 
7f43cbf46000-7f43cbf4c000 rw-p 00000000 00:00 0 
7f43cbf4c000-7f43cbf53000 ---p 00000000 00:00 0 
7f43cbf53000-7f43cbf5b000 rw-s 00000000 08:01 23724075                   /tmp/hsperfdata_oliver/8460
7f43cbf5b000-7f43cbf5c000 rw-p 00000000 00:00 0 
7f43cbf5c000-7f43cbf5d000 r--p 00000000 00:00 0 
7f43cbf5d000-7f43cbf5e000 r--p 00025000 08:01 24642391                   /lib/x86_64-linux-gnu/ld-2.23.so
7f43cbf5e000-7f43cbf5f000 rw-p 00026000 08:01 24642391                   /lib/x86_64-linux-gnu/ld-2.23.so
7f43cbf5f000-7f43cbf60000 rw-p 00000000 00:00 0 
7fff7f904000-7fff7f926000 rw-p 00000000 00:00 0                          [stack]
7fff7f996000-7fff7f999000 r--p 00000000 00:00 0                          [vvar]
7fff7f999000-7fff7f99b000 r-xp 00000000 00:00 0                          [vdso]
ffffffffff600000-ffffffffff601000 r-xp 00000000 00:00 0                  [vsyscall]

VM Arguments:
jvm_args: -Dorg.lwjgl.util.Debug=true -Djava.library.path=nope -Dfile.encoding=UTF-8 
java_command: base.IkSolver
java_class_path (initial): /home/oliver/git/Master_thesis_java/Masterthesis_IK/target/classes:/home/oliver/git/Master_thesis_java/Masterthesis_IK/libs/Caliko-v1.3.3/jar/caliko-1.3.3.jar:/home/oliver/git/Master_thesis_java/Masterthesis_IK/libs/Caliko-v1.3.3/jar/caliko-demo-1.3.3.jar:/home/oliver/git/Master_thesis_java/Masterthesis_IK/libs/Caliko-v1.3.3/jar/caliko-visualisation-1.3.3.jar:/home/oliver/.m2/repository/org/lwjgl/lwjgl/3.1.5/lwjgl-3.1.5.jar:/home/oliver/.m2/repository/org/lwjgl/lwjgl-assimp/3.1.5/lwjgl-assimp-3.1.5.jar:/home/oliver/.m2/repository/org/lwjgl/lwjgl-bgfx/3.1.5/lwjgl-bgfx-3.1.5.jar:/home/oliver/.m2/repository/org/lwjgl/lwjgl-glfw/3.1.5/lwjgl-glfw-3.1.5.jar:/home/oliver/.m2/repository/org/lwjgl/lwjgl-nanovg/3.1.5/lwjgl-nanovg-3.1.5.jar:/home/oliver/.m2/repository/org/lwjgl/lwjgl-nuklear/3.1.5/lwjgl-nuklear-3.1.5.jar:/home/oliver/.m2/repository/org/lwjgl/lwjgl-openal/3.1.5/lwjgl-openal-3.1.5.jar:/home/oliver/.m2/repository/org/lwjgl/lwjgl-opengl/3.1.5/lwjgl-opengl-3.1.5.jar:/home/oliver/.m2/repository/org/lwjgl/lwjgl-openvr/3.1.5/lwjgl-openvr-3.1.5.jar:/home/oliver/.m2/repository/org/lwjgl/lwjgl-par/3.1.5/lwjgl-par-3.1.5.jar:/home/oliver/.m2/repository/org/lwjgl/lwjgl-stb/3.1.5/lwjgl-stb-3.1.5.jar:/home/oliver/.m2/repository/org/lwjgl/lwjgl-vulkan/3.1.5/lwjgl-vulkan-3.1.5.jar:/home/oliver/.m2/repository/org/lwjgl/lwjgl/3.1.5/lwjgl-3.1.5-natives-linux.jar:/home/oliver/.m2/repository/org/lwjgl/lwjgl-assimp/3.1.5/lwjgl-assimp-3.1.5-natives-linux.jar:/home/oliver/.m2/repository/org/lwjgl/lwjgl-bgfx/3.1.5/lwjgl-bgfx-3.1.5-natives-linux.jar:/home/oliver/.m2/repository/org/lwjgl/lwjgl-glfw/3.1.5/lwjgl-glfw-3.1.5-natives-linux.jar:/home/oliver/.m2/repository/org/lwjgl/lwjgl-nanovg/3.1.5/lwjgl-nanovg-3.1.5-natives-linux.jar:/home/oliver/.m2/repository/org/lwjgl/lwjgl-nuklear/3.1.5/lwjgl-nuklear-3.1.5-natives-linux.jar:/home/oliver/.m2/repository/org/lwjgl/lwjgl-openal/3.1.5/lwjgl-openal-3.1.5-natives-linux.jar:/home/oliver/.m2/repository/org/lwjgl/lwjgl
Launcher Type: SUN_STANDARD

Logging:
Log output configuration:
#0: stdout all=warning uptime,level,tags
#1: stderr all=off uptime,level,tags

Environment Variables:
JAVA_HOME=/usr/lib/jvm/java-9-oracle
PATH=/home/oliver/bin:/home/oliver/.local/bin:/usr/local/sbin:/usr/local/bin:/usr/sbin:/usr/bin:/sbin:/bin:/usr/games:/usr/local/games:/snap/bin:/usr/lib/jvm/java-9-oracle/bin:/usr/lib/jvm/java-9-oracle/db/bin
SHELL=/bin/bash
DISPLAY=:0

Signal Handlers:
SIGSEGV: [libjvm.so+0xd4d370], sa_mask[0]=11111111011111111101111111111110, sa_flags=SA_RESTART|SA_SIGINFO
SIGBUS: [libjvm.so+0xd4d370], sa_mask[0]=11111111011111111101111111111110, sa_flags=SA_RESTART|SA_SIGINFO
SIGFPE: [libjvm.so+0xd4d370], sa_mask[0]=11111111011111111101111111111110, sa_flags=SA_RESTART|SA_SIGINFO
SIGPIPE: [libjvm.so+0xb64780], sa_mask[0]=11111111011111111101111111111110, sa_flags=SA_RESTART|SA_SIGINFO
SIGXFSZ: [libjvm.so+0xb64780], sa_mask[0]=11111111011111111101111111111110, sa_flags=SA_RESTART|SA_SIGINFO
SIGILL: [libjvm.so+0xd4d370], sa_mask[0]=11111111011111111101111111111110, sa_flags=SA_RESTART|SA_SIGINFO
SIGUSR2: [libjvm.so+0xb64640], sa_mask[0]=00100000000000000000000000000000, sa_flags=SA_RESTART|SA_SIGINFO
SIGHUP: [libjvm.so+0xb64850], sa_mask[0]=11111111011111111101111111111110, sa_flags=SA_RESTART|SA_SIGINFO
SIGINT: [libjvm.so+0xb64850], sa_mask[0]=11111111011111111101111111111110, sa_flags=SA_RESTART|SA_SIGINFO
SIGTERM: [libjvm.so+0xb64850], sa_mask[0]=11111111011111111101111111111110, sa_flags=SA_RESTART|SA_SIGINFO
SIGQUIT: [libjvm.so+0xb64850], sa_mask[0]=11111111011111111101111111111110, sa_flags=SA_RESTART|SA_SIGINFO


---------------  S Y S T E M  ---------------

OS:DISTRIB_ID=Ubuntu
DISTRIB_RELEASE=16.04
DISTRIB_CODENAME=xenial
DISTRIB_DESCRIPTION="Ubuntu 16.04.4 LTS"
uname:Linux 4.13.0-43-generic #48~16.04.1-Ubuntu SMP Thu May 17 12:56:46 UTC 2018 x86_64
libc:glibc 2.23 NPTL 2.23 
rlimit: STACK 8192k, CORE 0k, NPROC 31242, NOFILE 1048576, AS infinity
load average:0,86 0,93 1,34

/proc/meminfo:
MemTotal:        8059520 kB
MemFree:         2737852 kB
MemAvailable:    4798520 kB
Buffers:          492340 kB
Cached:          1666592 kB
SwapCached:            0 kB
Active:          3514224 kB
Inactive:        1247536 kB
Active(anon):    2555860 kB
Inactive(anon):   116996 kB
Active(file):     958364 kB
Inactive(file):  1130540 kB
Unevictable:          80 kB
Mlocked:              80 kB
SwapTotal:       8278012 kB
SwapFree:        8278012 kB
Dirty:              1996 kB
Writeback:             0 kB
AnonPages:       2602716 kB
Mapped:           781316 kB
Shmem:            118208 kB
Slab:             343048 kB
SReclaimable:     277008 kB
SUnreclaim:        66040 kB
KernelStack:       15660 kB
PageTables:        49328 kB
NFS_Unstable:          0 kB
Bounce:                0 kB
WritebackTmp:          0 kB
CommitLimit:    12307772 kB
Committed_AS:    9056424 kB
VmallocTotal:   34359738367 kB
VmallocUsed:           0 kB
VmallocChunk:          0 kB
HardwareCorrupted:     0 kB
AnonHugePages:         0 kB
ShmemHugePages:        0 kB
ShmemPmdMapped:        0 kB
CmaTotal:              0 kB
CmaFree:               0 kB
HugePages_Total:       0
HugePages_Free:        0
HugePages_Rsvd:        0
HugePages_Surp:        0
Hugepagesize:       2048 kB
DirectMap4k:      336444 kB
DirectMap2M:     7944192 kB


CPU:total 8 (initial active 8) (4 cores per cpu, 2 threads per core) family 6 model 42 stepping 7, cmov, cx8, fxsr, mmx, sse, sse2, sse3, ssse3, sse4.1, sse4.2, popcnt, avx, aes, clmul, ht, tsc, tscinvbit
CPU Model and flags from /proc/cpuinfo:
model name	: Intel(R) Core(TM) i7-2630QM CPU @ 2.00GHz
flags		: fpu vme de pse tsc msr pae mce cx8 apic sep mtrr pge mca cmov pat pse36 clflush dts acpi mmx fxsr sse sse2 ss ht tm pbe syscall nx rdtscp lm constant_tsc arch_perfmon pebs bts nopl xtopology nonstop_tsc cpuid aperfmperf pni pclmulqdq dtes64 monitor ds_cpl vmx est tm2 ssse3 cx16 xtpr pdcm pcid sse4_1 sse4_2 x2apic popcnt tsc_deadline_timer aes xsave avx lahf_lm epb pti retpoline spec_ctrl tpr_shadow vnmi flexpriority ept vpid xsaveopt dtherm ida arat pln pts

Memory: 4k page, physical 8059520k(2737852k free), swap 8278012k(8278012k free)

vm_info: Java HotSpot(TM) 64-Bit Server VM (9.0.4+11) for linux-amd64 JRE (9.0.4+11), built on Dec 19 2017 18:12:19 by "mach5one" with gcc 4.9.2

END.
